0.631886 0
1.27188 0
1.91187 0
2.55186 0
3.19185 0
3.83184 0
4.47183 0
5.11182 0
5.75181 0
6.3918 0
7.03179 0
7.67178 0
8.31177 0
8.95176 0
9.59175 0
10.2317 0
10.8717 0
11.5117 0
12.1517 0
12.7917 0
13.4317 0
14.0717 0
14.7117 0
15.3517 0
15.9917 0
16.6316 0
17.2716 0
17.9116 0
18.5516 0
19.1916 0
19.8316 0
20.4716 0
21.1116 0
21.7516 0
22.3916 0
23.0315 0
23.6715 0
24.3115 0
24.9515 0
25.5915 0
26.2315 0
26.8715 0
27.5115 0
28.1515 0
28.7915 0
29.4314 0
30.0714 0
30.7114 0
31.3514 0
31.9914 0
32.6314 0
33.2714 0
33.9114 0
34.5514 0
35.1914 0
35.8313 0
36.4713 0
37.1113 0
37.7513 0
38.3913 0
39.0313 0
39.6713 0
40.3113 0
40.9513 0
41.5913 0
42.2312 0
42.8712 0
43.5112 0
44.1512 0
44.7912 0
45.4312 0
46.0712 0
46.7112 763.387
47.3512 510.762
47.9912 204.61
48.6312 53.7935
49.2711 16.0636
49.9111 6.92409
50.5511 0
51.1911 0
51.8311 0
52.4711 0
53.1111 0
53.7511 0
54.3911 0
55.0311 0
55.671 0
56.311 0
56.951 0
57.591 0
58.231 0
58.871 0
59.511 0
60.151 0
60.791 0
61.431 0
62.0709 0
62.7109 0
63.3509 0
63.9909 0
64.6309 0
65.2709 0
65.9109 0
66.5509 0
67.1909 0
67.8309 0
68.4708 0
69.1108 0
69.7508 0
70.3908 5.69107
71.0308 5.66134
71.6708 5.63408
72.3108 5.62926
72.9508 5.73571
73.5908 6.11666
74.2308 6.71314
74.8707 7.00686
75.5107 6.75184
76.1507 6.48533
76.7907 6.49363
77.4307 6.35443
78.0707 5.91213
78.7107 5.50746
79.3507 5.3159
79.9907 5.2481
80.6307 5.21313
81.2707 5.18284
81.9106 5.15292
82.5506 5.12303
83.1906 5.09333
83.8306 5.06607
84.4706 5.0562
85.1106 5.1083
85.7506 5.23505
86.3906 5.25312
87.0306 4.9675
87.6706 4.63305
88.3105 4.58421
88.9505 4.69925
89.5905 4.76339
90.2305 4.75996
90.8705 4.73402
91.5105 4.70445
92.1505 4.67457
92.7905 0
93.4305 0
94.0705 0
94.7104 0
95.3504 0
95.9904 0
96.6304 0
97.2704 0
97.9104 0
98.5504 0
99.1904 0
99.8304 0
100.47 0
101.11 0
101.75 0
102.39 0
103.03 0
103.67 0
104.31 0
104.95 0
105.59 0
106.23 0
106.87 0
107.51 0
108.15 0
108.79 0
109.43 0
110.07 0
110.71 0
111.35 0
111.99 0
112.63 0
113.27 0
113.91 0
114.55 0
115.19 0
115.83 0
116.47 0
117.11 0
117.75 0
118.39 0
119.03 0
119.67 0
120.31 0
120.95 0
121.59 0
122.23 0
122.87 0
123.51 0
124.15 0
124.79 0
125.43 0
126.07 0
126.71 0
127.35 0
127.99 0
128.63 0
129.27 0
129.91 0
130.55 0
131.19 0
131.83 0
132.47 0
133.11 0
133.75 0
134.39 0
135.03 0
135.67 0
136.31 0
136.95 0
137.59 0
138.23 0
138.87 0
139.51 0
140.15 0
140.79 0
141.43 0
142.07 0
142.71 0
143.35 0
143.99 0
144.63 0
145.27 0
145.91 0
146.55 0
147.19 0
147.83 0
148.47 0
149.11 0
149.75 0
150.39 0
151.03 0
151.67 0
152.31 0
152.95 0
153.59 0
154.23 0
154.87 0
155.51 0
156.15 0
156.789 0
157.429 0
158.069 0
158.709 0
159.349 0
159.989 0
160.629 0
161.269 0
161.909 0
162.549 0
163.189 0
163.829 0
164.469 0
165.109 0
165.749 0
166.389 0
167.029 0
167.669 0
168.309 0
168.949 0
169.589 0
170.229 0
170.869 0
171.509 0
172.149 0
172.789 0
173.429 0
174.069 0
174.709 0
175.349 0
175.989 0
176.629 0
177.269 0
177.909 0
178.549 0
179.189 0
179.829 0
180.469 0
181.109 0
181.749 0
182.389 0
183.029 0
183.669 0
184.309 0
184.949 0
185.589 0
186.229 0
186.869 0
187.509 0
188.149 0
188.789 0
189.429 0
190.069 0
190.709 0
191.349 0
191.989 0
192.629 0
193.269 0
193.909 0
194.549 0
195.189 0
195.829 0
196.469 0
197.109 0
197.749 0
198.389 0
199.029 0
199.669 0
200.309 0
200.949 0
201.589 0
202.229 0
202.869 0
203.509 0
204.149 0
204.789 0
205.429 0
206.069 0
206.709 0
207.349 0
207.989 0
208.629 0
209.269 0
209.909 0
210.549 0
211.189 0
211.829 0
212.469 0
213.109 0
213.749 0
214.389 0
215.029 0
215.669 0
216.309 0
216.949 0
217.589 0
218.229 0
218.869 0
219.509 0
220.149 0
220.789 0
221.429 0
222.068 0
222.708 0
223.348 0
223.988 0
224.628 0
225.268 0
225.908 0
226.548 0
227.188 0
227.828 0
228.468 0
229.108 0
229.748 0
230.388 0
231.028 0
231.668 0
232.308 0
232.948 0
233.588 0
234.228 0
234.868 0
235.508 0
236.148 0
236.788 0
237.428 3.7056
238.068 3.60783
238.708 3.51222
239.348 3.43342
239.988 3.4309
240.628 3.61342
241.268 3.9664
241.908 4.15882
242.548 3.88391
243.188 3.3356
243.828 2.89752
244.468 2.66442
245.108 2.53512
245.748 2.43276
246.388 2.33444
247.028 0
247.668 0
248.308 0
248.948 0
249.588 0
250.228 0
250.868 0
251.508 0
252.148 0
252.788 0
253.428 0
254.068 0
254.708 0
255.348 0
255.988 0
256.628 0
257.268 0
257.908 0
258.548 0
259.188 0
259.828 0
260.468 0
261.108 0
261.748 0
262.388 0
263.028 0
263.668 0
264.308 0
264.948 0
265.588 0
266.228 0
266.868 0
267.508 0
268.148 0
268.788 0
269.428 0
270.068 0
270.708 0
271.348 0
271.988 0
272.628 1.40116
273.268 1.46273
273.908 1.525
274.548 1.5932
275.188 1.69138
275.828 1.87416
276.468 2.16372
277.108 2.42637
277.748 2.46443
278.388 2.30371
279.028 2.15197
279.668 2.11144
280.308 2.14469
280.948 2.20146
281.588 2.26248
282.228 2.32397
282.868 0
283.508 0
284.148 0
284.788 0
285.428 0
286.068 0
286.708 0
287.347 0
287.987 0
288.627 0
289.267 0
289.907 0
290.547 1.71231
291.187 1.68589
291.827 1.66348
292.467 1.67258
293.107 1.82899
293.747 2.36602
294.387 3.32091
295.027 4.06269
295.667 3.82367
296.307 2.83354
296.947 1.95497
297.587 1.54034
298.227 1.41009
298.867 1.36643
299.507 1.33796
300.147 1.3111
300.787 0
301.427 0
302.067 0
302.707 0
303.347 0
303.987 0
304.627 0
305.267 0
305.907 0
306.547 0
307.187 0
307.827 0
308.467 0
309.107 0
309.747 0
310.387 0
311.027 0
311.667 0
312.307 0
312.947 0
313.587 0
314.227 0
314.867 0
315.507 0
316.147 0
316.787 0
317.427 0
318.067 0
318.707 0
319.347 0
319.987 0
320.627 0
321.267 0
321.907 0
322.547 0
323.187 0
323.827 0
324.467 0
325.107 0
325.747 0
326.387 0
327.027 0
327.667 0
328.307 0
328.947 0
329.587 0
330.227 0
330.867 0
331.507 0
332.147 0
332.787 0
333.427 0
334.067 0
334.707 0
335.347 0
335.987 0
336.627 0
337.267 0
337.907 0
338.547 0
339.187 0
339.827 0
340.467 0
341.107 0
341.747 0
342.387 0
343.027 0
343.667 0
344.307 0
344.947 0
345.587 0
346.227 0
346.867 0
347.507 1.38962
348.147 1.43168
348.787 1.48839
349.427 1.6329
350.067 2.08781
350.707 3.11957
351.347 4.45184
351.987 5.04667
352.626 4.33217
353.266 3.07306
353.906 2.22571
354.546 1.92626
355.186 1.88766
355.826 1.91658
356.466 1.95597
357.106 0
357.746 0
358.386 0
359.026 0
359.666 0
360.306 0
360.946 0
361.586 0
362.226 0
362.866 0
363.506 0
364.146 0
364.786 0
365.426 0
366.066 0
366.706 0
367.346 0
367.986 0
368.626 0
369.266 0
369.906 0
370.546 0
371.186 0
371.826 0
372.466 0
373.106 0
373.746 0
374.386 0
375.026 0
375.666 0
376.306 0
376.946 0
377.586 0
378.226 0
378.866 0
379.506 0
380.146 0
380.786 0
381.426 0
382.066 0
382.706 0
383.346 0
383.986 0
384.626 0
385.266 0
385.906 0
386.546 0
387.186 0
387.826 0
388.466 0
389.106 0
389.746 0
390.386 0
391.026 0
391.666 0
392.306 0
392.946 0
393.586 0
394.226 0
394.866 0
395.506 0
396.146 0
396.786 0
397.426 0
398.066 0
398.706 0
399.346 0
399.986 0
400.626 0
401.266 0
401.906 0
402.546 0
403.186 0
403.826 0
404.466 0
405.106 0
405.746 0
406.386 0
407.026 0
407.666 0
408.306 0
408.946 0
409.586 0
410.226 0
410.866 0
411.506 0
412.146 0
412.786 0
413.426 0
414.066 0
414.706 0
415.346 0
415.986 0
416.626 0
417.266 0
417.905 0
418.545 0
419.185 0
419.825 0
420.465 0
421.105 0
421.745 0
422.385 0
423.025 0
423.665 0
424.305 0
424.945 0
425.585 0
426.225 0
426.865 0
427.505 0
428.145 0
428.785 0
429.425 0
430.065 0
430.705 0
431.345 0
431.985 0
432.625 0
433.265 0
433.905 0
434.545 0
435.185 0
435.825 0
436.465 0
437.105 0
437.745 0
438.385 0
439.025 0
439.665 0
440.305 0
440.945 0
441.585 0
442.225 0
442.865 0
443.505 0
444.145 0
444.785 0
445.425 0
446.065 0
446.705 0
447.345 0
447.985 0
448.625 0
449.265 0
449.905 0
450.545 0
451.185 0
451.825 0
452.465 0
453.105 0
453.745 0
454.385 0
455.025 0
455.665 0
456.305 0
456.945 0
457.585 0
458.225 0
458.865 0
459.505 0
460.145 0
460.785 0
461.425 0
462.065 0
462.705 0
463.345 0
463.985 0
464.625 0
465.265 0
465.905 0
466.545 0
467.185 0
467.825 0
468.465 0
469.105 0
469.745 0
470.385 0
471.025 0
471.665 0
472.305 0
472.945 0
473.585 0
474.225 0
474.865 0
475.505 0
476.145 0
476.785 0
477.425 0
478.065 0
478.705 0
479.345 0
479.985 0
480.625 0
481.265 0
481.905 0
482.545 0
483.184 0
483.824 0
484.464 0
485.104 0
485.744 0
486.384 0
487.024 0
487.664 0
488.304 0
488.944 0
489.584 0
490.224 0
490.864 0
491.504 0
492.144 0
492.784 0
493.424 0
494.064 0
494.704 0
495.344 0
495.984 0
496.624 0
497.264 0
497.904 0
498.544 0
499.184 0
499.824 0
500.464 0
501.104 0
501.744 0
502.384 0
503.024 0
503.664 0
504.304 0
504.944 0
505.584 0
506.224 0
506.864 0
507.504 0
508.144 0
508.784 0
509.424 0
510.064 0
510.704 0
511.344 0
511.984 0
512.624 0
513.264 0
513.904 0
514.544 0
515.184 0
515.824 0
516.464 0
517.104 0
517.744 0
518.384 0
519.024 0
519.664 0
520.304 0
520.944 0
521.584 0
522.224 0
522.864 0
523.504 0
524.144 0
524.784 0
525.424 0
526.064 0
526.704 0
527.344 0
527.984 0
528.624 0
529.264 0
529.904 0
530.544 0
531.184 0
531.824 0
532.464 0
533.104 0
533.744 0
534.384 0
535.024 0
535.664 0
536.304 0
536.944 0
537.584 0
538.224 0
538.864 0
539.504 0
540.144 0
540.784 0
541.424 0
542.064 0
542.704 0
543.344 0
543.984 0
544.624 0
545.264 0
545.904 0
546.544 0
547.184 0
547.823 0
548.463 0
549.103 0
549.743 0
550.383 0
551.023 0
551.663 0
552.303 0
552.943 0
553.583 0
554.223 0
554.863 0
555.503 0
556.143 0
556.783 0
557.423 0
558.063 0
558.703 0
559.343 0
559.983 0
560.623 0
561.263 0
561.903 0
562.543 0
563.183 0
563.823 0
564.463 0
565.103 0
565.743 0
566.383 0
567.023 0
567.663 0
568.303 0
568.943 0
569.583 0
570.223 0
570.863 0
571.503 0
572.143 0
572.783 0
573.423 0
574.063 0
574.703 0
575.343 0
575.983 0
576.623 0
577.263 0
577.903 0
578.543 0.627095
579.183 0.627366
579.823 0.629707
580.463 0.64323
581.103 0.694698
581.743 0.82031
582.383 1.00419
583.023 1.1299
583.663 1.08531
584.303 0.912611
584.943 0.748776
585.583 0.662568
586.223 0.634159
586.863 0.628042
587.503 0.627164
588.143 0.627079
588.783 0
589.423 0
590.063 0
590.703 0
591.343 0
591.983 0
592.623 0
593.263 0
593.903 0
594.543 0
595.183 0
595.823 0
596.463 0
597.103 0
597.743 0
598.383 0
599.023 0
599.663 0
600.303 0
600.943 0
601.583 0
602.223 0
602.863 0
603.503 0
604.143 0
604.783 0.512018
605.423 0.516193
606.063 0.548973
606.703 0.721475
607.343 1.3207
607.983 2.65247
608.623 4.40072
609.263 5.36383
609.903 4.67091
610.543 2.96209
611.183 1.50427
611.823 0.788203
612.463 0.564657
613.102 0.518633
613.742 0.512273
614.382 0
615.022 0
615.662 0
616.302 0
616.942 0
617.582 0
618.222 0
618.862 0
619.502 0
620.142 0
620.782 0
621.422 0
622.062 0
622.702 0
623.342 0
623.982 0
624.622 0
625.262 0
625.902 0
626.542 0
627.182 0
627.822 0
628.462 0
629.102 0
629.742 0
630.382 0
631.022 0
631.662 0
632.302 0
632.942 0
633.582 0
634.222 0
634.862 0
635.502 0
636.142 0
636.782 0
637.422 0
638.062 0
638.702 0
639.342 0
639.982 0
640.622 0
641.262 0
641.902 0
642.542 0
643.182 0
643.822 0
644.462 0
645.102 0
645.742 0
646.382 0
647.022 0
647.662 0
648.302 0
648.942 0
649.582 0
650.222 0
650.862 0
651.502 0
652.142 0
652.782 0
653.422 0
654.062 0
654.702 0
655.342 0
655.982 0
656.622 0
657.262 0.370264
657.902 0.376647
658.542 0.420083
659.182 0.619555
659.822 1.22695
660.462 2.40797
661.102 3.73014
661.742 4.21261
662.382 3.4181
663.022 2.0429
663.662 0.989557
664.302 0.487892
664.942 0.317105
665.582 0.28027
666.222 0.297899
666.862 0.330983
667.502 0.355194
668.142 0.365854
668.782 0.368908
669.422 0.369495
670.062 0.369572
670.702 0
671.342 0
671.982 0
672.622 0
673.262 0
673.902 0
674.542 0
675.182 0
675.822 0
676.462 0
677.102 0
677.742 0
678.381 0
679.021 0
679.661 0
680.301 0
680.941 0
681.581 0
682.221 0
682.861 0
683.501 0
684.141 0
684.781 0
685.421 0
686.061 0
686.701 0
687.341 0
687.981 0
688.621 0
689.261 0
689.901 0
690.541 0
691.181 0
691.821 0
692.461 0
693.101 0
693.741 0
694.381 0
695.021 0
695.661 0
696.301 0
696.941 0
697.581 0
698.221 0
698.861 0
699.501 0
700.141 0
700.781 0
701.421 0
702.061 0
702.701 0
703.341 0
703.981 0
704.621 0
705.261 0
705.901 0
706.541 0
707.181 0
707.821 0
708.461 0
709.101 0
709.741 0
710.381 0
711.021 0
711.661 0
712.301 0
712.941 0
713.581 0
714.221 0
714.861 0
715.501 0
716.141 0
716.781 0
717.421 0
718.061 0
718.701 0
719.341 0
719.981 0
720.621 0
721.261 0
721.901 0
722.541 0
723.181 0
723.821 0
724.461 0
725.101 0
725.741 0
726.381 0
727.021 0
727.661 0
728.301 0
728.941 0
729.581 0
730.221 0
730.861 0
731.501 0
732.141 0
732.781 0
733.421 0
734.061 0
734.701 0
735.341 0
735.981 0
736.621 0
737.261 0
737.901 0
738.541 0
739.181 0
739.821 0
740.461 0
741.101 0
741.741 0
742.381 0
743.021 0
743.66 0
744.3 0
744.94 0
745.58 0
746.22 0
746.86 0
747.5 0
748.14 0
748.78 0
749.42 0
750.06 0
750.7 0
751.34 0
751.98 0
752.62 0
753.26 0
753.9 0
754.54 0
755.18 0
755.82 0
756.46 0
757.1 0
757.74 0
758.38 0
759.02 0
759.66 0
760.3 0
760.94 0
761.58 0
762.22 0
762.86 0
763.5 0
764.14 0
764.78 0
765.42 0
766.06 0
766.7 0
767.34 0
767.98 0
768.62 0
769.26 0
769.9 0
770.54 0
771.18 0
771.82 0
772.46 0
773.1 0
773.74 0
774.38 0
775.02 0
775.66 0
776.3 0
776.94 0
777.58 0
778.22 0
778.86 0
779.5 0
780.14 0
780.78 0
781.42 0
782.06 0
782.7 0
783.34 0
783.98 0
784.62 0
785.26 0
785.9 0
786.54 0
787.18 0
787.82 0
788.46 0
789.1 0
789.74 0
790.38 0
791.02 0
791.66 0
792.3 0
792.94 0
793.58 0
794.22 0
794.86 0
795.5 0
796.14 0
796.78 0
797.42 0
798.06 0
798.7 0
799.34 0
799.98 0
800.62 0
801.26 0
801.9 0
802.54 0
803.18 0
803.82 0
804.46 0
805.1 0
805.74 0
806.38 0
807.02 0
807.66 0
808.3 0
808.939 0
809.579 0
810.219 0
810.859 0
811.499 0
812.139 0
812.779 0
813.419 0
814.059 0
814.699 0
815.339 0
815.979 0
816.619 0
817.259 0
817.899 0
818.539 0
819.179 0
819.819 0
820.459 0
821.099 0
821.739 0
822.379 0
823.019 0
823.659 0
824.299 0
824.939 0
825.579 0
826.219 0
826.859 0
827.499 0
828.139 0
828.779 0
829.419 0
830.059 0
830.699 0
831.339 0
831.979 0
832.619 0
833.259 0
833.899 0
834.539 0
835.179 0
835.819 0
836.459 0
837.099 0
837.739 0
838.379 0
839.019 0
839.659 0
840.299 0
840.939 0
841.579 0
842.219 0
842.859 0
843.499 0
844.139 0
844.779 0
845.419 0
846.059 0
846.699 0
847.339 0
847.979 0
848.619 0
849.259 0
849.899 0
850.539 0
851.179 0
851.819 0
852.459 0
853.099 0
853.739 0
854.379 0
855.019 0
855.659 0
856.299 0
856.939 0
857.579 0
858.219 0
858.859 0
859.499 0
860.139 0
860.779 0
861.419 0
862.059 0
862.699 0
863.339 0
863.979 0
864.619 0
865.259 0
865.899 0
866.539 0
867.179 0
867.819 0
868.459 0
869.099 0
869.739 0
870.379 0
871.019 0
871.659 0
872.299 0
872.939 0
873.579 0
874.218 0
874.858 0
875.498 0
876.138 0
876.778 0
877.418 0
878.058 0
878.698 0
879.338 0
879.978 0
880.618 0
881.258 0
881.898 0
882.538 0
883.178 0
883.818 0
884.458 0
885.098 0
885.738 0
886.378 0
887.018 0
887.658 0
888.298 0
888.938 0
889.578 0
890.218 0
890.858 0
891.498 0
892.138 0
892.778 0
893.418 0
894.058 0
894.698 0
895.338 0
895.978 0
896.618 0
897.258 0
897.898 0
898.538 0
899.178 0
899.818 0
900.458 0
901.098 0
901.738 0
902.378 0
903.018 0
903.658 0
904.298 0
904.938 0
905.578 0
906.218 0
906.858 0
907.498 0
908.138 0
908.778 0
909.418 0
910.058 0
910.698 0
911.338 0
911.978 0
912.618 0
913.258 0
913.898 0
914.538 0
915.178 0
915.818 0
916.458 0
917.098 0
917.738 0
918.378 0
919.018 0
919.658 0
920.298 0
920.938 0
921.578 0
922.218 0
922.858 0
923.498 0
924.138 0
924.778 0
925.418 0
926.058 0
926.698 0
927.338 0
927.978 0
928.618 0
929.258 0
929.898 0
930.538 0
931.178 0
931.818 0
932.458 0
933.098 0
933.738 0
934.378 0
935.018 0
935.658 0
936.298 0
936.938 0
937.578 0
938.218 0
938.858 0
939.497 0
940.137 0
940.777 0
941.417 0
942.057 0
942.697 0
943.337 0
943.977 0
944.617 0
945.257 0
945.897 0
946.537 0
947.177 0
947.817 0
948.457 0
949.097 0
949.737 0
950.377 0
951.017 0
951.657 0
952.297 0
952.937 0
953.577 0
954.217 0
954.857 0
955.497 0
956.137 0
956.777 0
957.417 0
958.057 0
958.697 0
959.337 0
959.977 0
960.617 0
961.257 0
961.897 0
962.537 0
963.177 0
963.817 0
964.457 0
965.097 0
965.737 0
966.377 0
967.017 0
967.657 0
968.297 0
968.937 0
969.577 0
970.217 0
970.857 0
971.497 0
972.137 0
972.777 0
973.417 0
974.057 0
974.697 0
975.337 0
975.977 0
976.617 0
977.257 0
977.897 0
978.537 0
979.177 0
979.817 0
980.457 0
981.097 0
981.737 0
982.377 0
983.017 0
983.657 0
984.297 0
984.937 0
985.577 0
986.217 0
986.857 0
987.497 0
988.137 0
988.777 0
989.417 0
990.057 0
990.697 0
991.337 0
991.977 0
992.617 0
993.257 0
993.897 0
994.537 0
995.177 0
995.817 0
996.457 0
997.097 0
997.737 0
998.377 0
999.017 0
999.657 0
1000.3 0
1000.94 0
1001.58 0
1002.22 0
1002.86 0
1003.5 0
1004.14 0
1004.78 0
1005.42 0
1006.06 0
1006.7 0
1007.34 0
1007.98 0
1008.62 0
1009.26 0
1009.9 0
1010.54 0
1011.18 0
1011.82 0
1012.46 0
1013.1 0
1013.74 0
1014.38 0
1015.02 0
1015.66 0
1016.3 0
1016.94 0
1017.58 0
1018.22 0
1018.86 0
1019.5 0
1020.14 0
1020.78 0
1021.42 0
1022.06 0
1022.7 0
1023.34 0
1023.98 0
1024.62 0
1025.26 0
1025.9 0
1026.54 0
1027.18 0
1027.82 0
1028.46 0
1029.1 0
1029.74 0
1030.38 0
1031.02 0
1031.66 0
1032.3 0
1032.94 0
1033.58 0
1034.22 0
1034.86 0
1035.5 0
1036.14 0
1036.78 0
1037.42 0
1038.06 0
1038.7 0
1039.34 0
1039.98 0
1040.62 0
1041.26 0
1041.9 0
1042.54 0
1043.18 0
1043.82 0
1044.46 0
1045.1 0
1045.74 0
1046.38 0
1047.02 0
1047.66 0
1048.3 0
1048.94 0
1049.58 0
1050.22 0
1050.86 0
1051.5 0
1052.14 0
1052.78 0
1053.42 0
1054.06 0
1054.7 0
1055.34 0
1055.98 0
1056.62 0
1057.26 0
1057.9 0
1058.54 0
1059.18 0
1059.82 0
1060.46 0
1061.1 0
1061.74 0
1062.38 0
1063.02 0
1063.66 0
1064.3 0
1064.94 0
1065.58 0
1066.22 0
1066.86 0
1067.5 0
1068.14 0
1068.78 0
1069.42 0
1070.06 0
1070.7 0
1071.34 0
1071.98 0
1072.62 0
1073.26 0
1073.9 0
1074.54 0
1075.18 0
1075.82 0
1076.46 0
1077.1 0
1077.74 0
1078.38 0
1079.02 0
1079.66 0
1080.3 0
1080.94 0
1081.58 0
1082.22 0
1082.86 0
1083.5 0
1084.14 0
1084.78 0
1085.42 0
1086.06 0
1086.7 0
1087.34 0
1087.98 0
1088.62 0
1089.26 0
1089.9 0
1090.54 0
1091.18 0
1091.82 0
1092.46 0
1093.1 0
1093.74 0
1094.38 0
1095.02 0
1095.66 0
1096.3 0
1096.94 0
1097.58 0
1098.22 0
1098.86 0
1099.5 0
1100.14 0
1100.78 0
1101.42 0
1102.06 0
1102.69 0
1103.33 0
1103.97 0
1104.61 0
1105.25 0
1105.89 0
1106.53 0
1107.17 0
1107.81 0
1108.45 0
1109.09 0
1109.73 0
1110.37 0
1111.01 0
1111.65 0
1112.29 0
1112.93 0
1113.57 0
1114.21 0
1114.85 0
1115.49 0.367693
1116.13 0.370867
1116.77 0.388858
1117.41 0.462897
1118.05 0.681449
1118.69 1.13353
1119.33 1.75511
1119.97 2.23436
1120.61 2.23351
1121.25 1.75352
1121.89 1.13267
1122.53 0.681466
1123.17 0.463171
1123.81 0.389026
1124.45 0.370923
1125.09 0.367705
1125.73 0
1126.37 0
1127.01 0
1127.65 0
1128.29 0
1128.93 0
1129.57 0
1130.21 0
1130.85 0
1131.49 0
1132.13 0
1132.77 0
1133.41 0
1134.05 0
1134.69 0
1135.33 0
1135.97 0
1136.61 0
1137.25 0
1137.89 0
1138.53 0
1139.17 0
1139.81 0
1140.45 0
1141.09 0
1141.73 0
1142.37 0
1143.01 0
1143.65 0
1144.29 0
1144.93 0
1145.57 0
1146.21 0
1146.85 0
1147.49 0
1148.13 0
1148.77 0
1149.41 0
1150.05 0
1150.69 0.327826
1151.33 0.327723
1151.97 0.327227
1152.61 0.325499
1153.25 0.321194
1153.89 0.313781
1154.53 0.305662
1155.17 0.301743
1155.81 0.304927
1156.45 0.312827
1157.09 0.320498
1157.73 0.325161
1158.37 0.327112
1159.01 0.327694
1159.65 0.327821
1160.29 0
1160.93 0
1161.57 0
1162.21 0
1162.85 0
1163.49 0
1164.13 0
1164.77 0
1165.41 0
1166.05 0
1166.69 0
1167.33 0
1167.97 0
1168.61 0.273613
1169.25 0.276414
1169.89 0.290365
1170.53 0.340983
1171.17 0.47284
1171.81 0.712407
1172.45 0.995294
1173.09 1.16065
1173.73 1.08869
1174.37 0.833629
1175.01 0.561288
1175.65 0.383984
1176.29 0.305056
1176.93 0.280026
1177.57 0.274261
1178.21 0.273286
1178.85 0
1179.49 0
1180.13 0
1180.77 0
1181.41 0
1182.05 0
1182.69 0
1183.33 0
1183.97 0
1184.61 0
1185.25 0
1185.89 0
1186.53 0
1187.17 0
1187.81 0
1188.45 0
1189.09 0
1189.73 0
1190.37 0
1191.01 0
1191.65 0
1192.29 0
1192.93 0
1193.57 0
1194.21 0
1194.85 0
1195.49 0
1196.13 0
1196.77 0
1197.41 0
1198.05 0
1198.69 0
1199.33 0
1199.97 0
1200.61 0
1201.25 0
1201.89 0
1202.53 0
1203.17 0
1203.81 0
1204.45 0
1205.09 0
1205.73 0
1206.37 0
1207.01 0
1207.65 0
1208.29 0
1208.93 0
1209.57 0
1210.21 0
1210.85 0
1211.49 0
1212.13 0
1212.77 0
1213.41 0
1214.05 0
1214.69 0
1215.33 0
1215.97 0
1216.61 0
1217.25 0
1217.89 0
1218.53 0
1219.17 0
1219.81 0
1220.45 0
1221.09 0
1221.73 0
1222.37 0
1223.01 0
1223.65 0
1224.29 0
1224.93 0
1225.57 0
1226.21 0
1226.85 0
1227.49 0
1228.13 0
1228.77 0
1229.41 0
1230.05 0
1230.69 0
1231.33 0
1231.97 0
1232.61 0
1233.25 0
1233.89 0
1234.53 0
1235.17 0
1235.81 0
1236.45 0
1237.09 0
1237.73 0
1238.37 0
1239.01 0
1239.65 0
1240.29 0
1240.93 0
1241.57 0
1242.21 0
1242.85 0
1243.49 0
1244.13 0
1244.77 0
1245.41 0
1246.05 0
1246.69 0
1247.33 0
1247.97 0
1248.61 0
1249.25 0
1249.89 0
1250.53 0
1251.17 0
1251.81 0
1252.45 0
1253.09 0
1253.73 0
1254.37 0
1255.01 0
1255.65 0
1256.29 0
1256.93 0
1257.57 0
1258.21 0
1258.85 0
1259.49 0
1260.13 0
1260.77 0
1261.41 0
1262.05 0
1262.69 0
1263.33 0
1263.97 0
1264.61 0
1265.25 0
1265.89 0
1266.53 0
1267.17 0
1267.81 0
1268.45 0
1269.09 0
1269.73 0
1270.37 0
1271.01 0
1271.65 0
1272.29 0
1272.93 0
1273.57 0
1274.21 0
1274.85 0
1275.49 0
1276.13 0.194372
1276.77 0.194137
1277.41 0.192921
1278.05 0.18828
1278.69 0.17533
1279.33 0.149503
1279.97 0.114466
1280.61 0.0867412
1281.25 0.0846835
1281.89 0.109777
1282.53 0.144994
1283.17 0.172564
1283.81 0.187096
1284.45 0.192555
1285.09 0.194054
1285.73 0.194358
1286.37 0
1287.01 0
1287.65 0
1288.29 0
1288.93 0
1289.57 0
1290.21 0
1290.85 0
1291.49 0
1292.13 0
1292.77 0
1293.41 0
1294.05 0
1294.69 0
1295.33 0
1295.97 0
1296.61 0
1297.25 0
1297.89 0
1298.53 0
1299.17 0
1299.81 0
1300.45 0
1301.09 0
1301.73 0
1302.37 0
1303.01 0
1303.65 0
1304.29 0
1304.93 0
1305.57 0
1306.21 0
1306.85 0
1307.49 0
1308.13 0
1308.77 0
1309.41 0
1310.05 0
1310.69 0
1311.33 0
1311.97 0
1312.61 0
1313.25 0
1313.89 0
1314.53 0
1315.17 0
1315.81 0
1316.45 0
1317.09 0
1317.73 0
1318.37 0
1319.01 0
1319.65 0
1320.29 0
1320.93 0
1321.57 0
1322.21 0
1322.85 0
1323.49 0
1324.13 0
1324.77 0
1325.41 0
1326.05 0
1326.69 0
1327.33 0
1327.97 0.223783
1328.61 0.23011
1329.25 0.257319
1329.89 0.343847
1330.53 0.544151
1331.17 0.870883
1331.81 1.21659
1332.45 1.38194
1333.09 1.25142
1333.73 0.917383
1334.37 0.579717
1335.01 0.362314
1335.65 0.264183
1336.29 0.231981
1336.93 0.224161
1337.57 0
1338.21 0
1338.85 0
1339.49 0
1340.13 0
1340.77 0
1341.41 0
1342.05 0
1342.69 0
1343.33 0
1343.97 0
1344.61 0
1345.25 0
1345.89 0
1346.53 0
1347.17 0
1347.81 0
1348.45 0
1349.09 0
1349.73 0
1350.37 0
1351.01 0
1351.65 0
1352.29 0
1352.93 0
1353.57 0
1354.21 0
1354.85 0
1355.49 0
1356.13 0
1356.77 0
1357.41 0
1358.05 0
1358.69 0
1359.33 0
1359.97 0
1360.61 0
1361.25 0
1361.89 0
1362.53 0
1363.17 0
1363.81 0
1364.45 0
1365.09 0
1365.73 0
1366.37 0
1367.01 0
1367.65 0
1368.29 0
1368.93 0
1369.57 0
1370.21 0
1370.85 0
1371.49 0
1372.13 0
1372.77 0
1373.41 0
1374.05 0
1374.69 0
1375.33 0
1375.97 0
1376.61 0
1377.25 0
1377.89 0
1378.53 0
1379.17 0
1379.81 0
1380.45 0
1381.09 0
1381.73 0
1382.37 0
1383.01 0
1383.65 0
1384.29 0
1384.93 0
1385.57 0
1386.21 0
1386.85 0
1387.49 0
1388.13 0
1388.77 0
1389.41 0
1390.05 0
1390.69 0
1391.33 0
1391.97 0
1392.61 0
1393.25 0
1393.89 0
1394.53 0
1395.17 0
1395.81 0
1396.45 0
1397.09 0
1397.73 0
1398.37 0
1399.01 0
1399.65 0
1400.29 0
1400.93 0
1401.57 0
1402.21 0
1402.85 0
1403.49 0
1404.13 0
1404.77 0
1405.41 0
1406.05 0
1406.69 0
1407.33 0
1407.97 0
1408.61 0
1409.25 0
1409.89 0
1410.53 0
1411.17 0
1411.81 0
1412.45 0
1413.09 0
1413.73 0
1414.37 0
1415.01 0
1415.65 0
1416.29 0
1416.93 0
1417.57 0
1418.21 0
1418.85 0
1419.49 0
1420.13 0
1420.77 0
1421.41 0
1422.05 0
1422.69 0
1423.33 0
1423.97 0
1424.61 0
1425.25 0
1425.89 0
1426.53 0
1427.17 0
1427.81 0
1428.45 0
1429.09 0
1429.73 0
1430.37 0
1431.01 0
1431.65 0
1432.29 0
1432.93 0
1433.57 0
1434.21 0
1434.85 0
1435.49 0
1436.13 0
1436.77 0
1437.41 0
1438.05 0
1438.69 0
1439.33 0
1439.97 0
1440.61 0
1441.25 0
1441.89 0
1442.53 0
1443.17 0
1443.81 0
1444.45 0
1445.09 0
1445.73 0
1446.37 0
1447.01 0
1447.65 0
1448.29 0
1448.93 0
1449.57 0
1450.21 0
1450.85 0
1451.49 0
1452.13 0
1452.77 0
1453.41 0
1454.05 0
1454.69 0
1455.33 0
1455.97 0.00435553
1456.61 0.0171221
1457.25 0.076113
1457.89 0.281269
1458.53 0.811995
1459.17 1.81092
1459.81 3.11318
1460.45 4.12375
1461.09 4.20895
1461.73 3.31073
1462.37 2.00759
1463.01 0.939088
1463.65 0.339557
1464.29 0.0957487
1464.93 0.022064
1465.57 0.00529369
1466.21 0
1466.85 0
1467.49 0
1468.13 0
1468.77 0
1469.41 0
1470.05 0
1470.69 0
1471.33 0
1471.97 0
1472.61 0
1473.25 0
1473.89 0
1474.53 0
1475.17 0
1475.81 0
1476.45 0
1477.09 0
1477.73 0
1478.37 0
1479.01 0
1479.65 0
1480.29 0
1480.93 0
1481.57 0
1482.21 0
1482.85 0
1483.49 0
1484.13 0
1484.77 0
1485.41 0
1486.05 0
1486.69 0
1487.33 0
1487.97 0
1488.61 0
1489.25 0
1489.89 0
1490.53 0
1491.17 0
1491.81 0
1492.45 0
1493.09 0
1493.73 0
1494.37 0
1495.01 0
1495.65 0
1496.29 0
1496.93 0
1497.57 0
1498.21 0
1498.85 0
1499.49 0
1500.13 0
1500.77 0
1501.41 0
1502.05 0
1502.69 0
1503.33 0
1503.97 0
1504.61 0
1505.25 0
1505.89 0
1506.53 0
1507.17 0
1507.81 0
1508.45 0
1509.09 0
1509.73 0
1510.37 0
1511.01 0
1511.65 0
1512.29 0
1512.93 0
1513.57 0
1514.21 0
1514.85 0
1515.49 0
1516.13 0
1516.77 0
1517.41 0
1518.05 0
1518.69 0
1519.33 0
1519.97 0
1520.61 0
1521.25 0
1521.89 0
1522.53 0
1523.17 0
1523.81 0
1524.45 0
1525.09 0
1525.73 0
1526.37 0
1527.01 0
1527.65 0
1528.29 0
1528.93 0
1529.57 0
1530.21 0
1530.85 0
1531.49 0
1532.13 0
1532.77 0
1533.41 0
1534.05 0
1534.69 0
1535.33 0
1535.97 0
1536.61 0
1537.25 0
1537.89 0
1538.53 0
1539.17 0
1539.81 0
1540.45 0
1541.09 0
1541.73 0
1542.37 0
1543.01 0
1543.65 0
1544.29 0
1544.93 0
1545.57 0
1546.21 0
1546.85 0
1547.49 0
1548.13 0
1548.77 0
1549.41 0
1550.05 0
1550.69 0
1551.33 0
1551.97 0
1552.61 0
1553.25 0
1553.89 0
1554.53 0
1555.17 0
1555.81 0
1556.45 0
1557.09 0
1557.73 0
1558.37 0
1559.01 0
1559.65 0
1560.29 0
1560.93 0
1561.57 0
1562.21 0
1562.85 0
1563.49 0
1564.13 0
1564.77 0
1565.41 0
1566.05 0
1566.69 0
1567.33 0
1567.97 0
1568.61 0
1569.25 0
1569.89 0
1570.53 0
1571.17 0
1571.81 0
1572.45 0
1573.09 0
1573.73 0
1574.37 0
1575.01 0
1575.65 0
1576.29 0
1576.93 0
1577.57 0
1578.21 0
1578.85 0
1579.49 0
1580.13 0
1580.77 0
1581.41 0
1582.05 0
1582.69 0
1583.33 0
1583.97 0
1584.61 0
1585.25 0
1585.89 0
1586.53 0
1587.17 0
1587.81 0
1588.45 0
1589.09 0
1589.73 0
1590.37 0
1591.01 0
1591.65 0
1592.29 0
1592.93 0
1593.57 0
1594.21 0
1594.85 0
1595.49 0
1596.13 0
1596.77 0
1597.41 0
1598.05 0
1598.69 0
1599.33 0
1599.97 0
1600.61 0
1601.25 0
1601.89 0
1602.53 0
1603.17 0
1603.81 0
1604.45 0
1605.09 0
1605.73 0
1606.37 0
1607.01 0
1607.65 0
1608.29 0
1608.93 0
1609.57 0
1610.21 0
1610.85 0
1611.49 0
1612.13 0
1612.77 0
1613.41 0
1614.05 0
1614.69 0
1615.33 0
1615.97 0
1616.61 0
1617.25 0
1617.89 0
1618.53 0
1619.17 0
1619.81 0
1620.45 0
1621.09 0
1621.73 0
1622.37 0
1623.01 0
1623.65 0
1624.29 0
1624.93 0
1625.57 0
1626.21 0
1626.85 0
1627.49 0
1628.13 0
1628.77 0
1629.41 0
1630.05 0
1630.69 0
1631.33 0
1631.97 0
1632.61 0
1633.25 0
1633.89 0
1634.53 0
1635.17 0
1635.81 0
1636.45 0
1637.09 0
1637.73 0
1638.37 0
1639.01 0
1639.65 0
1640.29 0
1640.93 0
1641.57 0
1642.21 0
1642.85 0
1643.49 0
1644.13 0
1644.77 0
1645.41 0
1646.05 0
1646.69 0
1647.33 0
1647.97 0
1648.61 0
1649.25 0
1649.89 0
1650.53 0
1651.17 0
1651.81 0
1652.45 0
1653.09 0
1653.73 0
1654.37 0
1655.01 0
1655.65 0
1656.29 0
1656.93 0
1657.57 0
1658.21 0
1658.85 0
1659.49 0
1660.13 0
1660.77 0
1661.41 0
1662.05 0
1662.69 0
1663.33 0
1663.97 0
1664.61 0
1665.25 0
1665.89 0
1666.53 0
1667.17 0
1667.81 0
1668.45 0
1669.09 0
1669.73 0
1670.37 0
1671.01 0
1671.65 0
1672.29 0
1672.93 0
1673.57 0
1674.21 0
1674.85 0
1675.49 0
1676.13 0
1676.77 0
1677.41 0
1678.05 0
1678.69 0
1679.33 0
1679.97 0
1680.61 0
1681.25 0
1681.89 0
1682.53 0
1683.17 0
1683.81 0
1684.45 0
1685.09 0
1685.73 0
1686.37 0
1687.01 0
1687.65 0
1688.29 0
1688.93 0
1689.57 0
1690.21 0
1690.85 0
1691.49 0
1692.13 0
1692.77 0
1693.41 0
1694.05 0
1694.69 0
1695.33 0
1695.97 0
1696.61 0
1697.25 0
1697.89 0
1698.53 0
1699.17 0
1699.81 0
1700.45 0
1701.09 0
1701.73 0
1702.37 0
1703.01 0
1703.65 0
1704.29 0
1704.93 0
1705.57 0
1706.21 0
1706.85 0
1707.49 0
1708.13 0
1708.77 0
1709.41 0
1710.05 0
1710.69 0
1711.33 0
1711.97 0
1712.61 0
1713.25 0
1713.89 0
1714.53 0
1715.17 0
1715.81 0
1716.45 0
1717.09 0
1717.73 0
1718.37 0
1719.01 0
1719.65 0
1720.29 0
1720.93 0
1721.57 0
1722.21 0
1722.85 0
1723.49 0
1724.13 0
1724.77 0
1725.41 0
1726.05 0
1726.69 0
1727.33 0
1727.97 0
1728.61 0
1729.25 0
1729.89 0
1730.53 0
1731.17 0
1731.81 0
1732.45 0
1733.09 0
1733.73 0
1734.37 0
1735.01 0
1735.65 0
1736.29 0
1736.93 0
1737.57 0
1738.21 0
1738.85 0
1739.49 0
1740.13 0
1740.77 0
1741.41 0
1742.05 0
1742.69 0
1743.33 0
1743.97 0
1744.61 0
1745.25 0
1745.89 0
1746.53 0
1747.17 0
1747.81 0
1748.45 0
1749.09 0
1749.73 0
1750.37 0
1751.01 0
1751.65 0
1752.29 0
1752.93 0
1753.57 0
1754.21 0
1754.85 0
1755.48 0
1756.12 0
1756.76 0
1757.4 0
1758.04 0
1758.68 0
1759.32 0
1759.96 0.0244826
1760.6 0.0386746
1761.24 0.0875997
1761.88 0.217078
1762.52 0.475947
1763.16 0.854498
1763.8 1.22747
1764.44 1.40111
1765.08 1.26889
1765.72 0.91298
1766.36 0.525044
1767 0.246123
1767.64 0.100369
1768.28 0.0429466
1768.92 0.0255838
1769.56 0
1770.2 0
1770.84 0
1771.48 0
1772.12 0
1772.76 0
1773.4 0
1774.04 0
1774.68 0
1775.32 0
1775.96 0
1776.6 0
1777.24 0
1777.88 0
1778.52 0
1779.16 0
1779.8 0
1780.44 0
1781.08 0
1781.72 0
1782.36 0
1783 0
1783.64 0
1784.28 0
1784.92 0
1785.56 0
1786.2 0
1786.84 0
1787.48 0
1788.12 0
1788.76 0
1789.4 0
1790.04 0
1790.68 0
1791.32 0
1791.96 0
1792.6 0
1793.24 0
1793.88 0
1794.52 0
1795.16 0
1795.8 0
1796.44 0
1797.08 0
1797.72 0
1798.36 0
1799 0
1799.64 0
1800.28 0
1800.92 0
1801.56 0
1802.2 0
1802.84 0
1803.48 0
1804.12 0
1804.76 0
1805.4 0
1806.04 0
1806.68 0
1807.32 0
1807.96 0
1808.6 0
1809.24 0
1809.88 0
1810.52 0
1811.16 0
1811.8 0
1812.44 0
1813.08 0
1813.72 0
1814.36 0
1815 0
1815.64 0
1816.28 0
1816.92 0
1817.56 0
1818.2 0
1818.84 0
1819.48 0
1820.12 0
1820.76 0
1821.4 0
1822.04 0
1822.68 0
1823.32 0
1823.96 0
1824.6 0
1825.24 0
1825.88 0
1826.52 0
1827.16 0
1827.8 0
1828.44 0
1829.08 0
1829.72 0
1830.36 0
1831 0
1831.64 0
1832.28 0
1832.92 0
1833.56 0
1834.2 0
1834.84 0
1835.48 0
1836.12 0
1836.76 0
1837.4 0
1838.04 0
1838.68 0
1839.32 0
1839.96 0
1840.6 0
1841.24 0
1841.88 0
1842.52 0
1843.16 0
1843.8 0
1844.44 0
1845.08 0
1845.72 0
1846.36 0
1847 0
1847.64 0
1848.28 0
1848.92 0
1849.56 0
1850.2 0
1850.84 0
1851.48 0
1852.12 0
1852.76 0
1853.4 0
1854.04 0
1854.68 0
1855.32 0
1855.96 0
1856.6 0
1857.24 0
1857.88 0
1858.52 0
1859.16 0
1859.8 0
1860.44 0
1861.08 0
1861.72 0
1862.36 0
1863 0
1863.64 0
1864.28 0
1864.92 0
1865.56 0
1866.2 0
1866.84 0
1867.48 0
1868.12 0
1868.76 0
1869.4 0
1870.04 0
1870.68 0
1871.32 0
1871.96 0
1872.6 0
1873.24 0
1873.88 0
1874.52 0
1875.16 0
1875.8 0
1876.44 0
1877.08 0
1877.72 0
1878.36 0
1879 0
1879.64 0
1880.28 0
1880.92 0
1881.56 0
1882.2 0
1882.84 0
1883.48 0
1884.12 0
1884.76 0
1885.4 0
1886.04 0
1886.68 0
1887.32 0
1887.96 0
1888.6 0
1889.24 0
1889.88 0
1890.52 0
1891.16 0
1891.8 0
1892.44 0
1893.08 0
1893.72 0
1894.36 0
1895 0
1895.64 0
1896.28 0
1896.92 0
1897.56 0
1898.2 0
1898.84 0
1899.48 0
1900.12 0
1900.76 0
1901.4 0
1902.04 0
1902.68 0
1903.32 0
1903.96 0
1904.6 0
1905.24 0
1905.88 0
1906.52 0
1907.16 0
1907.8 0
1908.44 0
1909.08 0
1909.72 0
1910.36 0
1911 0
1911.64 0
1912.28 0
1912.92 0
1913.56 0
1914.2 0
1914.84 0
1915.48 0
1916.12 0
1916.76 0
1917.4 0
1918.04 0
1918.68 0
1919.32 0
1919.96 0
1920.6 0
1921.24 0
1921.88 0
1922.52 0
1923.16 0
1923.8 0
1924.44 0
1925.08 0
1925.72 0
1926.36 0
1927 0
1927.64 0
1928.28 0
1928.92 0
1929.56 0
1930.2 0
1930.84 0
1931.48 0
1932.12 0
1932.76 0
1933.4 0
1934.04 0
1934.68 0
1935.32 0
1935.96 0
1936.6 0
1937.24 0
1937.88 0
1938.52 0
1939.16 0
1939.8 0
1940.44 0
1941.08 0
1941.72 0
1942.36 0
1943 0
1943.64 0
1944.28 0
1944.92 0
1945.56 0
1946.2 0
1946.84 0
1947.48 0
1948.12 0
1948.76 0
1949.4 0
1950.04 0
1950.68 0
1951.32 0
1951.96 0
1952.6 0
1953.24 0
1953.88 0
1954.52 0
1955.16 0
1955.8 0
1956.44 0
1957.08 0
1957.72 0
1958.36 0
1959 0
1959.64 0
1960.28 0
1960.92 0
1961.56 0
1962.2 0
1962.84 0
1963.48 0
1964.12 0
1964.76 0
1965.4 0
1966.04 0
1966.68 0
1967.32 0
1967.96 0
1968.6 0
1969.24 0
1969.88 0
1970.52 0
1971.16 0
1971.8 0
1972.44 0
1973.08 0
1973.72 0
1974.36 0
1975 0
1975.64 0
1976.28 0
1976.92 0
1977.56 0
1978.2 0
1978.84 0
1979.48 0
1980.12 0
1980.76 0
1981.4 0
1982.04 0
1982.68 0
1983.32 0
1983.96 0
1984.6 0
1985.24 0
1985.88 0
1986.52 0
1987.16 0
1987.8 0
1988.44 0
1989.08 0
1989.72 0
1990.36 0
1991 0
1991.64 0
1992.28 0
1992.92 0
1993.56 0
1994.2 0
1994.84 0
1995.48 0
1996.12 0
1996.76 0
1997.4 0
1998.04 0
1998.68 0
1999.32 0
1999.96 0
2000.6 0
2001.24 0
2001.88 0
2002.52 0
2003.16 0
2003.8 0
2004.44 0
2005.08 0
2005.72 0
2006.36 0
2007 0
2007.64 0
2008.28 0
2008.92 0
2009.56 0
2010.2 0
2010.84 0
2011.48 0
2012.12 0
2012.76 0
2013.4 0
2014.04 0
2014.68 0
2015.32 0
2015.96 0
2016.6 0
2017.24 0
2017.88 0
2018.52 0
2019.16 0
2019.8 0
2020.44 0
2021.08 0
2021.72 0
2022.36 0
2023 0
2023.64 0
2024.28 0
2024.92 0
2025.56 0
2026.2 0
2026.84 0
2027.48 0
2028.12 0
2028.76 0
2029.4 0
2030.04 0
2030.68 0
2031.32 0
2031.96 0
2032.6 0
2033.24 0
2033.88 0
2034.52 0
2035.16 0
2035.8 0
2036.44 0
2037.08 0
2037.72 0
2038.36 0
2039 0
2039.64 0
2040.28 0
2040.92 0
2041.56 0
2042.2 0
2042.84 0
2043.48 0
2044.12 0
2044.76 0
2045.4 0
2046.04 0
2046.68 0
2047.32 0
2047.96 0
2048.6 0
2049.24 0
2049.88 0
2050.52 0
2051.16 0
2051.8 0
2052.44 0
2053.08 0
2053.72 0
2054.36 0
2055 0
2055.64 0
2056.28 0
2056.92 0
2057.56 0
2058.2 0
2058.84 0
2059.48 0
2060.12 0
2060.76 0
2061.4 0
2062.04 0
2062.68 0
2063.32 0
2063.96 0
2064.6 0
2065.24 0
2065.88 0
2066.52 0
2067.16 0
2067.8 0
2068.44 0
2069.08 0
2069.72 0
2070.36 0
2071 0
2071.64 0
2072.28 0
2072.92 0
2073.56 0
2074.2 0
2074.84 0
2075.48 0
2076.12 0
2076.76 0
2077.4 0
2078.04 0
2078.68 0
2079.32 0
2079.96 0
2080.6 0
2081.24 0
2081.88 0
2082.52 0
2083.16 0
2083.8 0
2084.44 0
2085.08 0
2085.72 0
2086.36 0
2087 0
2087.64 0
2088.28 0
2088.92 0
2089.56 0
2090.2 0
2090.84 0
2091.48 0
2092.12 0
2092.76 0
2093.4 0
2094.04 0
2094.68 0
2095.32 0
2095.96 0
2096.6 0
2097.24 0
2097.88 0
2098.52 0
2099.16 0
2099.8 0
2100.44 0
2101.08 0
2101.72 0
2102.36 0
2103 0
2103.64 0
2104.28 0
2104.92 0
2105.56 0
2106.2 0
2106.84 0
2107.48 0
2108.12 0
2108.76 0
2109.4 0
2110.04 0
2110.68 0
2111.32 0
2111.96 0
2112.6 0
2113.24 0
2113.88 0
2114.52 0
2115.16 0
2115.8 0
2116.44 0
2117.08 0
2117.72 0
2118.36 0
2119 0
2119.64 0
2120.28 0
2120.92 0
2121.56 0
2122.2 0
2122.84 0
2123.48 0
2124.12 0
2124.76 0
2125.4 0
2126.04 0
2126.68 0
2127.32 0
2127.96 0
2128.6 0
2129.24 0
2129.88 0
2130.52 0
2131.16 0
2131.8 0
2132.44 0
2133.08 0
2133.72 0
2134.36 0
2135 0
2135.64 0
2136.28 0
2136.92 0
2137.56 0
2138.2 0
2138.84 0
2139.48 0
2140.12 0
2140.76 0
2141.4 0
2142.04 0
2142.68 0
2143.32 0
2143.96 0
2144.6 0
2145.24 0
2145.88 0
2146.52 0
2147.16 0
2147.8 0
2148.44 0
2149.08 0
2149.72 0
2150.36 0
2151 0
2151.64 0
2152.28 0
2152.92 0
2153.56 0
2154.2 0
2154.84 0
2155.48 0
2156.12 0
2156.76 0
2157.4 0
2158.04 0
2158.68 0
2159.32 0
2159.96 0
2160.6 0
2161.24 0
2161.88 0
2162.52 0
2163.16 0
2163.8 0
2164.44 0
2165.08 0
2165.72 0
2166.36 0
2167 0
2167.64 0
2168.28 0
2168.92 0
2169.56 0
2170.2 0
2170.84 0
2171.48 0
2172.12 0
2172.76 0
2173.4 0
2174.04 0
2174.68 0
2175.32 0
2175.96 0
2176.6 0
2177.24 0
2177.88 0
2178.52 0
2179.16 0
2179.8 0
2180.44 0
2181.08 0
2181.72 0
2182.36 0
2183 0
2183.64 0
2184.28 0
2184.92 0
2185.56 0
2186.2 0
2186.84 0
2187.48 0
2188.12 0
2188.76 0
2189.4 0
2190.04 0
2190.68 0
2191.32 0
2191.96 0
2192.6 0
2193.24 0
2193.88 0
2194.52 0
2195.16 0
2195.8 0
2196.44 0
2197.08 0
2197.72 0
2198.36 0
2199 0
2199.64 0
2200.28 0
2200.92 0
2201.56 0
2202.2 0
2202.84 0
2203.48 0
2204.12 0
2204.76 0
2205.4 0
2206.04 0
2206.68 0
2207.32 0
2207.96 0
2208.6 0
2209.24 0
2209.88 0
2210.52 0
2211.16 0
2211.8 0
2212.44 0
2213.08 0
2213.72 0
2214.36 0
2215 0
2215.64 0
2216.28 0
2216.92 0
2217.56 0
2218.2 0
2218.84 0
2219.48 0
2220.12 0
2220.76 0
2221.4 0
2222.04 0
2222.68 0
2223.32 0
2223.96 0
2224.6 0
2225.24 0
2225.88 0
2226.52 0
2227.16 0
2227.8 0
2228.44 0
2229.08 0
2229.72 0
2230.36 0
2231 0
2231.64 0
2232.28 0
2232.92 0
2233.56 0
2234.2 0
2234.84 0
2235.48 0
2236.12 0
2236.76 0
2237.4 0
2238.04 0
2238.68 0
2239.32 0
2239.96 0
2240.6 0
2241.24 0
2241.88 0
2242.52 0
2243.16 0
2243.8 0
2244.44 0
2245.08 0
2245.72 0
2246.36 0
2247 0
2247.64 0
2248.28 0
2248.92 0
2249.56 0
2250.2 0
2250.84 0
2251.48 0
2252.12 0
2252.76 0
2253.4 0
2254.04 0
2254.68 0
2255.32 0
2255.96 0
2256.6 0
2257.24 0
2257.88 0
2258.52 0
2259.16 0
2259.8 0
2260.44 0
2261.08 0
2261.72 0
2262.36 0
2263 0
2263.64 0
2264.28 0
2264.92 0
2265.56 0
2266.2 0
2266.84 0
2267.48 0
2268.12 0
2268.76 0
2269.4 0
2270.04 0
2270.68 0
2271.32 0
2271.96 0
2272.6 0
2273.24 0
2273.88 0
2274.52 0
2275.16 0
2275.8 0
2276.44 0
2277.08 0
2277.72 0
2278.36 0
2279 0
2279.64 0
2280.28 0
2280.92 0
2281.56 0
2282.2 0
2282.84 0
2283.48 0
2284.12 0
2284.76 0
2285.4 0
2286.04 0
2286.68 0
2287.32 0
2287.96 0
2288.6 0
2289.24 0
2289.88 0
2290.52 0
2291.16 0
2291.8 0
2292.44 0
2293.08 0
2293.72 0
2294.36 0
2295 0
2295.64 0
2296.28 0
2296.92 0
2297.56 0
2298.2 0
2298.84 0
2299.48 0
2300.12 0
2300.76 0
2301.4 0
2302.04 0
2302.68 0
2303.32 0
2303.96 0
2304.6 0
2305.24 0
2305.88 0
2306.52 0
2307.16 0
2307.8 0
2308.44 0
2309.08 0
2309.72 0
2310.36 0
2311 0
2311.64 0
2312.28 0
2312.92 0
2313.56 0
2314.2 0
2314.84 0
2315.48 0
2316.12 0
2316.76 0
2317.4 0
2318.04 0
2318.68 0
2319.32 0
2319.96 0
2320.6 0
2321.24 0
2321.88 0
2322.52 0
2323.16 0
2323.8 0
2324.44 0
2325.08 0
2325.72 0
2326.36 0
2327 0
2327.64 0
2328.28 0
2328.92 0
2329.56 0
2330.2 0
2330.84 0
2331.48 0
2332.12 0
2332.76 0
2333.4 0
2334.04 0
2334.68 0
2335.32 0
2335.96 0
2336.6 0
2337.24 0
2337.88 0
2338.52 0
2339.16 0
2339.8 0
2340.44 0
2341.08 0
2341.72 0
2342.36 0
2343 0
2343.64 0
2344.28 0
2344.92 0
2345.56 0
2346.2 0
2346.84 0
2347.48 0
2348.12 0
2348.76 0
2349.4 0
2350.04 0
2350.68 0
2351.32 0
2351.96 0
2352.6 0
2353.24 0
2353.88 0
2354.52 0
2355.16 0
2355.8 0
2356.44 0
2357.08 0
2357.72 0
2358.36 0
2359 0
2359.64 0
2360.28 0
2360.92 0
2361.56 0
2362.2 0
2362.84 0
2363.48 0
2364.12 0
2364.76 0
2365.4 0
2366.04 0
2366.68 0
2367.32 0
2367.96 0
2368.6 0
2369.24 0
2369.88 0
2370.52 0
2371.16 0
2371.8 0
2372.44 0
2373.08 0
2373.72 0
2374.36 0
2375 0
2375.64 0
2376.28 0
2376.92 0
2377.56 0
2378.2 0
2378.84 0
2379.48 0
2380.12 0
2380.76 0
2381.4 0
2382.04 0
2382.68 0
2383.32 0
2383.96 0
2384.6 0
2385.24 0
2385.88 0
2386.52 0
2387.16 0
2387.8 0
2388.44 0
2389.08 0
2389.72 0
2390.36 0
2391 0
2391.64 0
2392.28 0
2392.92 0
2393.56 0
2394.2 0
2394.84 0
2395.48 0
2396.12 0
2396.76 0
2397.4 0
2398.04 0
2398.68 0
2399.32 0
2399.96 0
2400.6 0
2401.24 0
2401.88 0
2402.52 0
2403.16 0
2403.8 0
2404.44 0
2405.08 0
2405.72 0
2406.36 0
2407 0
2407.63 0
2408.27 0
2408.91 0
2409.55 0
2410.19 0
2410.83 0
2411.47 0
2412.11 0
2412.75 0
2413.39 0
2414.03 0
2414.67 0
2415.31 0
2415.95 0
2416.59 0
2417.23 0
2417.87 0
2418.51 0
2419.15 0
2419.79 0
2420.43 0
2421.07 0
2421.71 0
2422.35 0
2422.99 0
2423.63 0
2424.27 0
2424.91 0
2425.55 0
2426.19 0
2426.83 0
2427.47 0
2428.11 0
2428.75 0
2429.39 0
2430.03 0
2430.67 0
2431.31 0
2431.95 0
2432.59 0
2433.23 0
2433.87 0
2434.51 0
2435.15 0
2435.79 0
2436.43 0
2437.07 0
2437.71 0
2438.35 0
2438.99 0
2439.63 0
2440.27 0
2440.91 0
2441.55 0
2442.19 0
2442.83 0
2443.47 0
2444.11 0
2444.75 0
2445.39 0
2446.03 0
2446.67 0
2447.31 0
2447.95 0
2448.59 0
2449.23 0
2449.87 0
2450.51 0
2451.15 0
2451.79 0
2452.43 0
2453.07 0
2453.71 0
2454.35 0
2454.99 0
2455.63 0
2456.27 0
2456.91 0
2457.55 0
2458.19 0
2458.83 0
2459.47 0
2460.11 0
2460.75 0
2461.39 0
2462.03 0
2462.67 0
2463.31 0
2463.95 0
2464.59 0
2465.23 0
2465.87 0
2466.51 0
2467.15 0
2467.79 0
2468.43 0
2469.07 0
2469.71 0
2470.35 0
2470.99 0
2471.63 0
2472.27 0
2472.91 0
2473.55 0
2474.19 0
2474.83 0
2475.47 0
2476.11 0
2476.75 0
2477.39 0
2478.03 0
2478.67 0
2479.31 0
2479.95 0
2480.59 0
2481.23 0
2481.87 0
2482.51 0
2483.15 0
2483.79 0
2484.43 0
2485.07 0
2485.71 0
2486.35 0
2486.99 0
2487.63 0
2488.27 0
2488.91 0
2489.55 0
2490.19 0
2490.83 0
2491.47 0
2492.11 0
2492.75 0
2493.39 0
2494.03 0
2494.67 0
2495.31 0
2495.95 0
2496.59 0
2497.23 0
2497.87 0
2498.51 0
2499.15 0
2499.79 0
2500.43 0
2501.07 0
2501.71 0
2502.35 0
2502.99 0
2503.63 0
2504.27 0
2504.91 0
2505.55 0
2506.19 0
2506.83 0
2507.47 0
2508.11 0
2508.75 0
2509.39 0
2510.03 0
2510.67 0
2511.31 0
2511.95 0
2512.59 0
2513.23 0
2513.87 0
2514.51 0
2515.15 0
2515.79 0
2516.43 0
2517.07 0
2517.71 0
2518.35 0
2518.99 0
2519.63 0
2520.27 0
2520.91 0
2521.55 0
2522.19 0
2522.83 0
2523.47 0
2524.11 0
2524.75 0
2525.39 0
2526.03 0
2526.67 0
2527.31 0
2527.95 0
2528.59 0
2529.23 0
2529.87 0
2530.51 0
2531.15 0
2531.79 0
2532.43 0
2533.07 0
2533.71 0
2534.35 0
2534.99 0
2535.63 0
2536.27 0
2536.91 0
2537.55 0
2538.19 0
2538.83 0
2539.47 0
2540.11 0
2540.75 0
2541.39 0
2542.03 0
2542.67 0
2543.31 0
2543.95 0
2544.59 0
2545.23 0
2545.87 0
2546.51 0
2547.15 0
2547.79 0
2548.43 0
2549.07 0
2549.71 0
2550.35 0
2550.99 0
2551.63 0
2552.27 0
2552.91 0
2553.55 0
2554.19 0
2554.83 0
2555.47 0
2556.11 0
2556.75 0
2557.39 0
2558.03 0
2558.67 0
2559.31 0
2559.95 0
2560.59 0
2561.23 0
2561.87 0
2562.51 0
2563.15 0
2563.79 0
2564.43 0
2565.07 0
2565.71 0
2566.35 0
2566.99 0
2567.63 0
2568.27 0
2568.91 0
2569.55 0
2570.19 0
2570.83 0
2571.47 0
2572.11 0
2572.75 0
2573.39 0
2574.03 0
2574.67 0
2575.31 0
2575.95 0
2576.59 0
2577.23 0
2577.87 0
2578.51 0
2579.15 0
2579.79 0
2580.43 0
2581.07 0
2581.71 0
2582.35 0
2582.99 0
2583.63 0
2584.27 0
2584.91 0
2585.55 0
2586.19 0
2586.83 0
2587.47 0
2588.11 0
2588.75 0
2589.39 0
2590.03 0
2590.67 0
2591.31 0
2591.95 0
2592.59 0
2593.23 0
2593.87 0
2594.51 0
2595.15 0
2595.79 0
2596.43 0
2597.07 0
2597.71 0
2598.35 0
2598.99 0
2599.63 0
2600.27 0
2600.91 0
2601.55 0
2602.19 0
2602.83 0
2603.47 0
2604.11 0
2604.75 0
2605.39 0
2606.03 0
2606.67 0
2607.31 0
2607.95 0
2608.59 0
2609.23 0
2609.87 0.00694371
2610.51 0.0224519
2611.15 0.0636073
2611.79 0.151876
2612.43 0.302677
2613.07 0.502161
2613.71 0.693039
2614.35 0.795505
2614.99 0.759456
2615.63 0.603096
2616.27 0.398476
2616.91 0.219177
2617.55 0.100518
2618.19 0.0386353
2618.83 0.0126884
2619.47 0.00384459
2620.11 0
2620.75 0
2621.39 0
2622.03 0
2622.67 0
2623.31 0
2623.95 0
2624.59 0
2625.23 0
2625.87 0
2626.51 0
2627.15 0
2627.79 0
2628.43 0
2629.07 0
2629.71 0
2630.35 0
2630.99 0
2631.63 0
2632.27 0
2632.91 0
2633.55 0
2634.19 0
2634.83 0
2635.47 0
2636.11 0
2636.75 0
2637.39 0
2638.03 0
2638.67 0
2639.31 0
2639.95 0
2640.59 0
2641.23 0
2641.87 0
2642.51 0
2643.15 0
2643.79 0
2644.43 0
2645.07 0
2645.71 0
2646.35 0
2646.99 0
2647.63 0
2648.27 0
2648.91 0
2649.55 0
2650.19 0
2650.83 0
2651.47 0
2652.11 0
2652.75 0
2653.39 0
2654.03 0
2654.67 0
2655.31 0
2655.95 0
2656.59 0
2657.23 0
2657.87 0
2658.51 0
2659.15 0
2659.79 0
2660.43 0
2661.07 0
2661.71 0
2662.35 0
2662.99 0
2663.63 0
2664.27 0
2664.91 0
2665.55 0
2666.19 0
2666.83 0
2667.47 0
2668.11 0
2668.75 0
2669.39 0
2670.03 0
2670.67 0
2671.31 0
2671.95 0
2672.59 0
2673.23 0
2673.87 0
2674.51 0
2675.15 0
2675.79 0
2676.43 0
2677.07 0
2677.71 0
2678.35 0
2678.99 0
2679.63 0
2680.27 0
2680.91 0
2681.55 0
2682.19 0
2682.83 0
2683.47 0
2684.11 0
2684.75 0
2685.39 0
2686.03 0
2686.67 0
2687.31 0
2687.95 0
2688.59 0
2689.23 0
2689.87 0
2690.51 0
2691.15 0
2691.79 0
2692.43 0
2693.07 0
2693.71 0
2694.35 0
2694.99 0
2695.63 0
2696.27 0
2696.91 0
2697.55 0
2698.19 0
2698.83 0
2699.47 0
2700.11 0
2700.75 0
2701.39 0
2702.03 0
2702.67 0
2703.31 0
2703.95 0
2704.59 0
2705.23 0
2705.87 0
2706.51 0
2707.15 0
2707.79 0
2708.43 0
2709.07 0
2709.71 0
2710.35 0
2710.99 0
2711.63 0
2712.27 0
2712.91 0
2713.55 0
2714.19 0
2714.83 0
2715.47 0
2716.11 0
2716.75 0
2717.39 0
2718.03 0
2718.67 0
2719.31 0
2719.95 0
2720.59 0
2721.23 0
2721.87 0
2722.51 0
2723.15 0
2723.79 0
2724.43 0
2725.07 0
2725.71 0
2726.35 0
2726.99 0
2727.63 0
2728.27 0
2728.91 0
2729.55 0
2730.19 0
2730.83 0
2731.47 0
2732.11 0
2732.75 0
2733.39 0
2734.03 0
2734.67 0
2735.31 0
2735.95 0
2736.59 0
2737.23 0
2737.87 0
2738.51 0
2739.15 0
2739.79 0
2740.43 0
2741.07 0
2741.71 0
2742.35 0
2742.99 0
2743.63 0
2744.27 0
2744.91 0
2745.55 0
2746.19 0
2746.83 0
2747.47 0
2748.11 0
2748.75 0
2749.39 0
2750.03 0
2750.67 0
2751.31 0
2751.95 0
2752.59 0
2753.23 0
2753.87 0
2754.51 0
2755.15 0
2755.79 0
2756.43 0
2757.07 0
2757.71 0
2758.35 0
2758.99 0
2759.63 0
2760.27 0
2760.91 0
2761.55 0
2762.19 0
2762.83 0
2763.47 0
2764.11 0
2764.75 0
2765.39 0
2766.03 0
2766.67 0
2767.31 0
2767.95 0
2768.59 0
2769.23 0
2769.87 0
2770.51 0
2771.15 0
2771.79 0
2772.43 0
2773.07 0
2773.71 0
2774.35 0
2774.99 0
2775.63 0
2776.27 0
2776.91 0
2777.55 0
2778.19 0
2778.83 0
2779.47 0
2780.11 0
2780.75 0
2781.39 0
2782.03 0
2782.67 0
2783.31 0
2783.95 0
2784.59 0
2785.23 0
2785.87 0
2786.51 0
2787.15 0
2787.79 0
2788.43 0
2789.07 0
2789.71 0
2790.35 0
2790.99 0
2791.63 0
2792.27 0
2792.91 0
2793.55 0
2794.19 0
2794.83 0
2795.47 0
2796.11 0
2796.75 0
2797.39 0
2798.03 0
2798.67 0
2799.31 0
2799.95 0
2800.59 0
2801.23 0
2801.87 0
2802.51 0
2803.15 0
2803.79 0
2804.43 0
2805.07 0
2805.71 0
2806.35 0
2806.99 0
2807.63 0
2808.27 0
2808.91 0
2809.55 0
2810.19 0
2810.83 0
2811.47 0
2812.11 0
2812.75 0
2813.39 0
2814.03 0
2814.67 0
2815.31 0
2815.95 0
2816.59 0
2817.23 0
2817.87 0
2818.51 0
2819.15 0
2819.79 0
2820.43 0
2821.07 0
2821.71 0
2822.35 0
2822.99 0
2823.63 0
2824.27 0
2824.91 0
2825.55 0
2826.19 0
2826.83 0
2827.47 0
2828.11 0
2828.75 0
2829.39 0
2830.03 0
2830.67 0
2831.31 0
2831.95 0
2832.59 0
2833.23 0
2833.87 0
2834.51 0
2835.15 0
2835.79 0
2836.43 0
2837.07 0
2837.71 0
2838.35 0
2838.99 0
2839.63 0
2840.27 0
2840.91 0
2841.55 0
2842.19 0
2842.83 0
2843.47 0
2844.11 0
2844.75 0
2845.39 0
2846.03 0
2846.67 0
2847.31 0
2847.95 0
2848.59 0
2849.23 0
2849.87 0
2850.51 0
2851.15 0
2851.79 0
2852.43 0
2853.07 0
2853.71 0
2854.35 0
2854.99 0
2855.63 0
2856.27 0
2856.91 0
2857.55 0
2858.19 0
2858.83 0
2859.47 0
2860.11 0
2860.75 0
2861.39 0
2862.03 0
2862.67 0
2863.31 0
2863.95 0
2864.59 0
2865.23 0
2865.87 0
2866.51 0
2867.15 0
2867.79 0
2868.43 0
2869.07 0
2869.71 0
2870.35 0
2870.99 0
2871.63 0
2872.27 0
2872.91 0
2873.55 0
2874.19 0
2874.83 0
2875.47 0
2876.11 0
2876.75 0
2877.39 0
2878.03 0
2878.67 0
2879.31 0
2879.95 0
2880.59 0
2881.23 0
2881.87 0
2882.51 0
2883.15 0
2883.79 0
2884.43 0
2885.07 0
2885.71 0
2886.35 0
2886.99 0
2887.63 0
2888.27 0
2888.91 0
2889.55 0
2890.19 0
2890.83 0
2891.47 0
2892.11 0
2892.75 0
2893.39 0
2894.03 0
2894.67 0
2895.31 0
2895.95 0
2896.59 0
2897.23 0
2897.87 0
2898.51 0
2899.15 0
2899.79 0
2900.43 0
2901.07 0
2901.71 0
2902.35 0
2902.99 0
2903.63 0
2904.27 0
2904.91 0
2905.55 0
2906.19 0
2906.83 0
2907.47 0
2908.11 0
2908.75 0
2909.39 0
2910.03 0
2910.67 0
2911.31 0
2911.95 0
2912.59 0
2913.23 0
2913.87 0
2914.51 0
2915.15 0
2915.79 0
2916.43 0
2917.07 0
2917.71 0
2918.35 0
2918.99 0
2919.63 0
2920.27 0
2920.91 0
2921.55 0
2922.19 0
2922.83 0
2923.47 0
2924.11 0
2924.75 0
2925.39 0
2926.03 0
2926.67 0
2927.31 0
2927.95 0
2928.59 0
2929.23 0
2929.87 0
2930.51 0
2931.15 0
2931.79 0
2932.43 0
2933.07 0
2933.71 0
2934.35 0
2934.99 0
2935.63 0
2936.27 0
2936.91 0
2937.55 0
2938.19 0
2938.83 0
2939.47 0
2940.11 0
2940.75 0
2941.39 0
2942.03 0
2942.67 0
2943.31 0
2943.95 0
2944.59 0
2945.23 0
2945.87 0
2946.51 0
2947.15 0
2947.79 0
2948.43 0
2949.07 0
2949.71 0
2950.35 0
2950.99 0
2951.63 0
2952.27 0
2952.91 0
2953.55 0
2954.19 0
2954.83 0
2955.47 0
2956.11 0
2956.75 0
2957.39 0
2958.03 0
2958.67 0
2959.31 0
2959.95 0
2960.59 0
2961.23 0
2961.87 0
2962.51 0
2963.15 0
2963.79 0
2964.43 0
2965.07 0
2965.71 0
2966.35 0
2966.99 0
2967.63 0
2968.27 0
2968.91 0
2969.55 0
2970.19 0
2970.83 0
2971.47 0
2972.11 0
2972.75 0
2973.39 0
2974.03 0
2974.67 0
2975.31 0
2975.95 0
2976.59 0
2977.23 0
2977.87 0
2978.51 0
2979.15 0
2979.79 0
2980.43 0
2981.07 0
2981.71 0
2982.35 0
2982.99 0
2983.63 0
2984.27 0
2984.91 0
2985.55 0
2986.19 0
2986.83 0
2987.47 0
2988.11 0
2988.75 0
2989.39 0
2990.03 0
2990.67 0
2991.31 0
2991.95 0
2992.59 0
2993.23 0
2993.87 0
2994.51 0
2995.15 0
2995.79 0
2996.43 0
2997.07 0
2997.71 0
2998.35 0
2998.99 0
2999.63 0
3000.27 0
3000.91 0
3001.55 0
3002.19 0
3002.83 0
3003.47 0
3004.11 0
3004.75 0
3005.39 0
3006.03 0
3006.67 0
3007.31 0
3007.95 0
3008.59 0
3009.23 0
3009.87 0
3010.51 0
3011.15 0
3011.79 0
3012.43 0
3013.07 0
3013.71 0
3014.35 0
3014.99 0
3015.63 0
3016.27 0
3016.91 0
3017.55 0
3018.19 0
3018.83 0
3019.47 0
3020.11 0
3020.75 0
3021.39 0
3022.03 0
3022.67 0
3023.31 0
3023.95 0
3024.59 0
3025.23 0
3025.87 0
3026.51 0
3027.15 0
3027.79 0
3028.43 0
3029.07 0
3029.71 0
3030.35 0
3030.99 0
3031.63 0
3032.27 0
3032.91 0
3033.55 0
3034.19 0
3034.83 0
3035.47 0
3036.11 0
3036.75 0
3037.39 0
3038.03 0
3038.67 0
3039.31 0
3039.95 0
3040.59 0
3041.23 0
3041.87 0
3042.51 0
3043.15 0
3043.79 0
3044.43 0
3045.07 0
3045.71 0
3046.35 0
3046.99 0
3047.63 0
3048.27 0
3048.91 0
3049.55 0
3050.19 0
3050.83 0
3051.47 0
3052.11 0
3052.75 0
3053.39 0
3054.03 0
3054.67 0
3055.31 0
3055.95 0
3056.59 0
3057.23 0
3057.87 0
3058.51 0
3059.15 0
3059.79 0
3060.42 0
3061.06 0
3061.7 0
3062.34 0
3062.98 0
3063.62 0
3064.26 0
3064.9 0
3065.54 0
3066.18 0
3066.82 0
3067.46 0
3068.1 0
3068.74 0
3069.38 0
3070.02 0
3070.66 0
3071.3 0
3071.94 0
3072.58 0
3073.22 0
3073.86 0
3074.5 0
3075.14 0
3075.78 0
3076.42 0
3077.06 0
3077.7 0
3078.34 0
3078.98 0
3079.62 0
3080.26 0
3080.9 0
3081.54 0
3082.18 0
3082.82 0
3083.46 0
3084.1 0
3084.74 0
3085.38 0
3086.02 0
3086.66 0
3087.3 0
3087.94 0
3088.58 0
3089.22 0
3089.86 0
3090.5 0
3091.14 0
3091.78 0
3092.42 0
3093.06 0
3093.7 0
3094.34 0
3094.98 0
3095.62 0
3096.26 0
3096.9 0
3097.54 0
3098.18 0
3098.82 0
3099.46 0
3100.1 0
3100.74 0
3101.38 0
3102.02 0
3102.66 0
3103.3 0
3103.94 0
3104.58 0
3105.22 0
3105.86 0
3106.5 0
3107.14 0
3107.78 0
3108.42 0
3109.06 0
3109.7 0
3110.34 0
3110.98 0
3111.62 0
3112.26 0
3112.9 0
3113.54 0
3114.18 0
3114.82 0
3115.46 0
3116.1 0
3116.74 0
3117.38 0
3118.02 0
3118.66 0
3119.3 0
3119.94 0
3120.58 0
3121.22 0
3121.86 0
3122.5 0
3123.14 0
3123.78 0
3124.42 0
3125.06 0
3125.7 0
3126.34 0
3126.98 0
3127.62 0
3128.26 0
3128.9 0
3129.54 0
3130.18 0
3130.82 0
3131.46 0
3132.1 0
3132.74 0
3133.38 0
3134.02 0
3134.66 0
3135.3 0
3135.94 0
3136.58 0
3137.22 0
3137.86 0
3138.5 0
3139.14 0
3139.78 0
3140.42 0
3141.06 0
3141.7 0
3142.34 0
3142.98 0
3143.62 0
3144.26 0
3144.9 0
3145.54 0
3146.18 0
3146.82 0
3147.46 0
3148.1 0
3148.74 0
3149.38 0
3150.02 0
3150.66 0
3151.3 0
3151.94 0
3152.58 0
3153.22 0
3153.86 0
3154.5 0
3155.14 0
3155.78 0
3156.42 0
3157.06 0
3157.7 0
3158.34 0
3158.98 0
3159.62 0
3160.26 0
3160.9 0
3161.54 0
3162.18 0
3162.82 0
3163.46 0
3164.1 0
3164.74 0
3165.38 0
3166.02 0
3166.66 0
3167.3 0
3167.94 0
3168.58 0
3169.22 0
3169.86 0
3170.5 0
3171.14 0
3171.78 0
3172.42 0
3173.06 0
3173.7 0
3174.34 0
3174.98 0
3175.62 0
3176.26 0
3176.9 0
3177.54 0
3178.18 0
3178.82 0
3179.46 0
3180.1 0
3180.74 0
3181.38 0
3182.02 0
3182.66 0
3183.3 0
3183.94 0
3184.58 0
3185.22 0
3185.86 0
3186.5 0
3187.14 0
3187.78 0
3188.42 0
3189.06 0
3189.7 0
3190.34 0
3190.98 0
3191.62 0
3192.26 0
3192.9 0
3193.54 0
3194.18 0
3194.82 0
3195.46 0
3196.1 0
3196.74 0
3197.38 0
3198.02 0
3198.66 0
3199.3 0
3199.94 0
