29.9113 0
30.5448 0
31.1782 0
31.8117 0
32.4451 0
33.0785 0
33.712 0
34.3454 0
34.9789 0
35.6123 0
36.2458 0
36.8792 0
37.5127 0
38.1461 0
38.7796 0
39.413 0
40.0465 0
40.6799 0
41.3134 0
41.9468 440.239
42.5803 438.689
43.2137 440.528
43.8472 463.616
44.4806 568.351
45.1141 850.045
45.7475 1287.84
46.381 1594.54
47.0144 1478.57
47.6479 1054.43
48.2814 672.499
48.9148 485.716
49.5483 429.247
50.1817 419.422
50.8152 429.514
51.4486 473.446
52.0821 568.733
52.7156 679.3
53.349 713.916
53.9825 636.329
54.6159 518.609
55.2494 438.969
55.8828 406.728
56.5163 397.419
57.1498 394.343
57.7832 392.307
58.4167 0
59.0501 0
59.6836 0
60.3171 0
60.9505 0
61.584 0
62.2175 0
62.8509 0
63.4844 0
64.1179 0
64.7513 0
65.3848 0
66.0182 0
66.6517 0
67.2852 0
67.9186 0
68.5521 0
69.1856 0
69.819 0
70.4525 0
71.086 0
71.7194 0
72.3529 0
72.9864 0
73.6199 0
74.2533 0
74.8868 0
75.5203 0
76.1537 0
76.7872 0
77.4207 0
78.0542 0
78.6876 0
79.3211 0
79.9546 0
80.588 0
81.2215 0
81.855 0
82.4885 0
83.1219 0
83.7554 0
84.3889 0
85.0224 0
85.6559 0
86.2893 0
86.9228 0
87.5563 0
88.1898 0
88.8232 0
89.4567 0
90.0902 0
90.7237 0
91.3572 0
91.9906 0
92.6241 0
93.2576 0
93.8911 0
94.5246 0
95.158 0
95.7915 0
96.425 0
97.0585 0
97.692 0
98.3255 0
98.9589 0
99.5924 0
100.226 0
100.859 0
101.493 0
102.126 0
102.76 0
103.393 0
104.027 0
104.66 0
105.294 0
105.927 0
106.561 0
107.194 0
107.828 0
108.461 0
109.095 0
109.728 0
110.362 0
110.995 0
111.629 0
112.262 0
112.896 0
113.529 0
114.163 0
114.796 0
115.43 0
116.063 0
116.697 0
117.33 0
117.964 0
118.597 0
119.231 0
119.864 0
120.498 0
121.131 0
121.765 0
122.398 0
123.032 0
123.665 0
124.299 0
124.932 0
125.566 0
126.199 0
126.833 0
127.466 0
128.1 0
128.733 0
129.367 0
130 0
130.634 0
131.267 0
131.901 0
132.534 0
133.168 0
133.801 0
134.435 0
135.068 0
135.702 0
136.335 0
136.969 0
137.602 0
138.236 0
138.869 0
139.503 0
140.136 0
140.77 0
141.403 0
142.037 0
142.67 0
143.304 0
143.937 0
144.571 0
145.204 0
145.838 0
146.471 0
147.105 0
147.738 0
148.372 0
149.005 0
149.639 0
150.272 0
150.906 0
151.539 0
152.173 0
152.806 0
153.44 0
154.073 0
154.707 0
155.34 0
155.974 0
156.608 0
157.241 0
157.875 0
158.508 0
159.142 0
159.775 0
160.409 0
161.042 0
161.676 0
162.309 0
162.943 0
163.576 0
164.21 0
164.843 0
165.477 0
166.11 0
166.744 0
167.377 0
168.011 0
168.644 0
169.278 0
169.911 0
170.545 0
171.179 0
171.812 0
172.446 0
173.079 0
173.713 0
174.346 0
174.98 0
175.613 0
176.247 0
176.88 0
177.514 0
178.147 0
178.781 0
179.414 0
180.048 0
180.681 0
181.315 964.116
181.948 958.638
182.582 954.655
183.216 960.505
183.849 1007.83
184.483 1161.44
185.116 1455.19
185.75 1760.58
186.383 1830.27
187.017 1593.62
187.65 1255.58
188.284 1023.99
188.917 925.722
189.551 895.618
190.184 885.697
190.818 879.554
191.451 0
192.085 0
192.719 0
193.352 0
193.986 0
194.619 0
195.253 0
195.886 0
196.52 0
197.153 0
197.787 0
198.42 0
199.054 0
199.687 0
200.321 0
200.955 0
201.588 0
202.222 0
202.855 0
203.489 0
204.122 0
204.756 0
205.389 0
206.023 0
206.656 0
207.29 0
207.924 0
208.557 0
209.191 0
209.824 0
210.458 0
211.091 0
211.725 0
212.358 0
212.992 0
213.625 0
214.259 0
214.893 0
215.526 0
216.16 0
216.793 0
217.427 0
218.06 0
218.694 0
219.327 0
219.961 0
220.594 0
221.228 0
221.862 0
222.495 0
223.129 0
223.762 0
224.396 0
225.029 0
225.663 0
226.296 0
226.93 0
227.564 0
228.197 0
228.831 0
229.464 0
230.098 0
230.731 0
231.365 0
231.998 0
232.632 0
233.266 0
233.899 0
234.533 0
235.166 0
235.8 0
236.433 0
237.067 574.395
237.7 570.148
238.334 568.549
238.968 583.628
239.601 666.955
240.235 922.115
240.868 1404.04
241.502 1913.96
242.135 2057.01
242.769 1698.36
243.403 1147.66
244.036 752.072
244.67 577.892
245.303 525.528
245.937 511.966
246.57 506.265
247.204 0
247.838 0
248.471 0
249.105 0
249.738 0
250.372 0
251.005 0
251.639 0
252.272 0
252.906 0
253.54 0
254.173 459.49
254.807 456.328
255.44 453.48
256.074 452.291
256.707 456.712
257.341 472.387
257.975 498.051
258.608 517.212
259.242 511.055
259.875 482.301
260.509 451.455
261.142 431.991
261.776 422.766
262.41 418.087
263.043 414.638
263.677 411.405
264.31 0
264.944 0
265.577 0
266.211 0
266.845 0
267.478 0
268.112 0
268.745 0
269.379 0
270.013 379.254
270.646 377.789
271.28 376.571
271.913 376.718
272.547 381.769
273.18 397.478
273.814 424.325
274.448 447.661
275.081 446.412
275.715 417.845
276.348 381.076
276.982 355.124
277.615 345.419
278.249 346.942
278.883 351.632
279.516 354.432
280.15 354.717
280.783 353.704
281.417 352.296
282.051 350.81
282.684 0
283.318 0
283.951 0
284.585 0
285.218 0
285.852 0
286.486 0
287.119 0
287.753 0
288.386 0
289.02 0
289.654 0
290.287 319.873
290.921 318.682
291.554 324.246
292.188 370.194
292.821 574.381
293.455 1163.36
294.089 2245.94
294.722 3381.07
295.356 3714.85
295.989 2947.53
296.623 1735.29
297.257 842.763
297.89 440.54
298.524 320.611
299.157 295.149
299.791 289.942
300.425 0
301.058 0
301.692 0
302.325 0
302.959 0
303.593 0
304.226 0
304.86 0
305.493 0
306.127 0
306.761 0
307.394 0
308.028 0
308.661 0
309.295 0
309.928 0
310.562 0
311.196 0
311.829 0
312.463 0
313.096 0
313.73 0
314.364 0
314.997 0
315.631 0
316.264 0
316.898 0
317.532 0
318.165 0
318.799 0
319.432 0
320.066 0
320.7 0
321.333 0
321.967 0
322.6 0
323.234 0
323.868 0
324.501 0
325.135 0
325.769 0
326.402 0
327.036 0
327.669 0
328.303 0
328.937 0
329.57 0
330.204 0
330.837 0
331.471 0
332.105 0
332.738 0
333.372 0
334.005 0
334.639 0
335.273 0
335.906 0
336.54 0
337.173 0
337.807 0
338.441 0
339.074 0
339.708 0
340.341 0
340.975 0
341.609 0
342.242 0
342.876 0
343.51 0
344.143 0
344.777 0
345.41 0
346.044 0
346.678 0
347.311 189.714
347.945 193.388
348.578 230.42
349.212 421.33
349.846 1071.5
350.479 2531.5
351.113 4565.62
351.747 5956.17
352.38 5552.07
353.014 3707.65
353.647 1813.54
354.281 709.426
354.915 293.93
355.548 187.651
356.182 167.789
356.816 163.9
357.449 0
358.083 0
358.716 0
359.35 0
359.984 0
360.617 0
361.251 0
361.884 0
362.518 0
363.152 0
363.785 0
364.419 0
365.053 0
365.686 0
366.32 0
366.953 0
367.587 0
368.221 0
368.854 0
369.488 0
370.122 0
370.755 0
371.389 0
372.022 0
372.656 0
373.29 0
373.923 0
374.557 0
375.191 0
375.824 0
376.458 0
377.091 0
377.725 0
378.359 0
378.992 0
379.626 0
380.26 0
380.893 0
381.527 0
382.161 141.086
382.794 141.027
383.428 141.265
384.061 142.83
384.695 148.267
385.329 160.517
385.962 178.313
386.596 194.153
387.23 202.514
387.863 206.479
388.497 208.091
389.131 201.073
389.764 182.771
390.398 161.917
391.031 147.847
391.665 141.659
392.299 139.765
392.932 139.295
393.566 139.136
394.2 0
394.833 0
395.467 0
396.101 0
396.734 0
397.368 0
398.001 0
398.635 0
399.269 0
399.902 0
400.536 0
401.17 0
401.803 0
402.437 0
403.071 0
403.704 0
404.338 0
404.971 0
405.605 0
406.239 0
406.872 0
407.506 0
408.14 0
408.773 0
409.407 0
410.041 0
410.674 0
411.308 0
411.942 0
412.575 0
413.209 0
413.842 0
414.476 0
415.11 0
415.743 0
416.377 0
417.011 0
417.644 0
418.278 0
418.912 0
419.545 0
420.179 0
420.813 0
421.446 0
422.08 0
422.714 0
423.347 0
423.981 0
424.615 0
425.248 0
425.882 0
426.515 0
427.149 0
427.783 0
428.416 0
429.05 0
429.684 0
430.317 0
430.951 0
431.585 0
432.218 0
432.852 0
433.486 0
434.119 0
434.753 0
435.387 0
436.02 0
436.654 0
437.288 0
437.921 0
438.555 0
439.189 0
439.822 0
440.456 0
441.09 0
441.723 0
442.357 0
442.991 0
443.624 0
444.258 0
444.891 0
445.525 0
446.159 0
446.792 0
447.426 0
448.06 0
448.693 0
449.327 0
449.961 91.7469
450.594 91.1212
451.228 90.6611
451.862 90.996
452.495 93.8712
453.129 101.802
453.763 114.715
454.396 126.14
455.03 127.075
455.664 116.19
456.297 101.509
456.931 90.8609
457.565 85.6747
458.198 83.6966
458.832 83.1669
459.466 84.2096
460.099 88.5048
460.733 97.2455
461.367 107.492
462 112.096
462.634 106.748
463.268 95.3305
463.901 85.0589
464.535 79.1907
465.169 76.656
465.802 75.5354
466.436 74.8015
467.07 0
467.703 0
468.337 0
468.971 0
469.604 0
470.238 0
470.872 0
471.505 0
472.139 0
472.773 0
473.406 0
474.04 0
474.674 0
475.308 0
475.941 70.9367
476.575 70.6414
477.209 70.8101
477.842 72.743
478.476 79.0347
479.11 91.522
479.743 106.475
480.377 114.097
481.011 107.904
481.644 92.6841
482.278 78.5197
482.912 70.4543
483.545 67.49
484.179 67.8969
484.813 72.8492
485.446 85.8112
486.08 106.801
486.714 126.02
487.347 129.198
487.981 113.377
488.615 90.6249
489.248 73.6939
489.882 65.5052
490.516 62.6195
491.149 61.6729
491.783 61.1954
492.417 0
493.05 0
493.684 0
494.318 0
494.952 0
495.585 0
496.219 0
496.853 0
497.486 0
498.12 0
498.754 0
499.387 0
500.021 0
500.655 0
501.288 0
501.922 0
502.556 0
503.189 0
503.823 0
504.457 0
505.09 0
505.724 0
506.358 0
506.992 0
507.625 0
508.259 0
508.893 0
509.526 0
510.16 0
510.794 0
511.427 0
512.061 0
512.695 0
513.328 0
513.962 0
514.596 0
515.229 0
515.863 0
516.497 0
517.131 0
517.764 0
518.398 0
519.032 0
519.665 0
520.299 0
520.933 0
521.566 0
522.2 0
522.834 0
523.467 0
524.101 0
524.735 0
525.369 0
526.002 0
526.636 0
527.27 0
527.903 0
528.537 0
529.171 0
529.804 0
530.438 0
531.072 0
531.706 0
532.339 0
532.973 0
533.607 0
534.24 0
534.874 0
535.508 0
536.141 0
536.775 0
537.409 0
538.042 0
538.676 0
539.31 0
539.944 0
540.577 0
541.211 0
541.845 0
542.478 0
543.112 0
543.746 0
544.38 0
545.013 0
545.647 0
546.281 0
546.914 0
547.548 0
548.182 0
548.815 0
549.449 0
550.083 0
550.717 0
551.35 0
551.984 0
552.618 0
553.251 0
553.885 0
554.519 0
555.152 0
555.786 0
556.42 0
557.054 0
557.687 0
558.321 0
558.955 0
559.588 0
560.222 0
560.856 0
561.49 0
562.123 0
562.757 0
563.391 0
564.024 0
564.658 0
565.292 0
565.926 0
566.559 0
567.193 0
567.827 0
568.46 0
569.094 0
569.728 0
570.362 0
570.995 0
571.629 0
572.263 0
572.896 0
573.53 0
574.164 0
574.798 0
575.431 46.4307
576.065 46.4478
576.699 46.7327
577.332 48.0951
577.966 52.3638
578.6 61.4556
579.234 74.0116
579.867 83.2876
580.501 82.15
581.135 70.9223
581.768 56.8102
582.402 46.2601
583.036 41.1597
583.67 40.4505
584.303 42.0497
584.937 43.9586
585.571 45.1553
586.204 45.6349
586.838 45.7492
587.472 45.7447
588.106 45.7138
588.739 0
589.373 0
590.007 0
590.64 0
591.274 0
591.908 0
592.542 0
593.175 0
593.809 0
594.443 0
595.076 0
595.71 0
596.344 0
596.978 0
597.611 0
598.245 0
598.879 0
599.513 0
600.146 0
600.78 0
601.414 0
602.047 0
602.681 0
603.315 0
603.949 0
604.582 34.6391
605.216 41.6069
605.85 83.5104
606.484 265.182
607.117 824.003
607.751 2014.52
608.385 3678.63
609.018 4958.77
609.652 4921.61
610.286 3597.7
610.92 1943.51
611.553 786.167
612.187 251.984
612.821 80.6564
613.455 41.5958
614.088 35.2126
614.722 0
615.356 0
615.989 0
616.623 0
617.257 0
617.891 0
618.524 0
619.158 0
619.792 0
620.426 0
621.059 0
621.693 0
622.327 0
622.961 0
623.594 0
624.228 0
624.862 0
625.495 0
626.129 0
626.763 0
627.397 0
628.03 0
628.664 0
629.298 0
629.932 0
630.565 0
631.199 0
631.833 0
632.467 0
633.1 0
633.734 0
634.368 0
635.001 0
635.635 0
636.269 0
636.903 0
637.536 0
638.17 0
638.804 0
639.438 0
640.071 0
640.705 0
641.339 0
641.973 0
642.606 0
643.24 0
643.874 0
644.508 0
645.141 0
645.775 0
646.409 0
647.043 0
647.676 0
648.31 0
648.944 0
649.578 0
650.211 0
650.845 0
651.479 0
652.112 0
652.746 0
653.38 0
654.014 0
654.647 0
655.281 0
655.915 0
656.549 0
657.182 33.6737
657.816 33.5189
658.45 33.4644
659.084 33.7403
659.717 34.7369
660.351 36.6459
660.985 38.8697
661.619 40.3825
662.252 42.071
662.886 49.6669
663.52 72.9935
664.154 116.533
664.787 165.509
665.421 188.824
666.055 168.269
666.689 119.352
667.322 72.9729
667.956 45.5244
668.59 34.342
669.224 31.0175
669.857 30.19
670.491 0
671.125 0
671.759 0
672.392 0
673.026 0
673.66 0
674.294 0
674.927 0
675.561 0
676.195 0
676.829 0
677.462 0
678.096 0
678.73 0
679.364 0
679.997 0
680.631 0
681.265 0
681.899 0
682.532 0
683.166 0
683.8 0
684.434 0
685.067 0
685.701 0
686.335 0
686.969 0
687.603 0
688.236 0
688.87 0
689.504 0
690.138 0
690.771 0
691.405 0
692.039 0
692.673 0
693.306 0
693.94 0
694.574 0
695.208 0
695.841 0
696.475 0
697.109 0
697.743 0
698.376 37.0601
699.01 36.8378
699.644 36.9537
700.278 38.3303
700.911 42.9069
701.545 52.5558
702.179 65.7253
702.813 75.5567
703.446 74.8856
704.08 64.0079
704.714 50.3248
705.348 40.4144
705.982 35.5076
706.615 33.6566
707.249 32.9833
707.883 32.6206
708.517 0
709.15 0
709.784 0
710.418 0
711.052 0
711.685 0
712.319 0
712.953 0
713.587 0
714.22 0
714.854 0
715.488 31.3586
716.122 31.8727
716.756 33.0442
717.389 36.1874
718.023 43.2163
718.657 54.4838
719.291 65.9103
719.924 70.4626
720.558 64.9666
721.192 53.7541
721.826 43.7431
722.459 38.1585
723.093 36.1475
723.727 35.8166
724.361 36.013
724.995 0
725.628 0
726.262 0
726.896 0
727.53 0
728.163 0
728.797 0
729.431 0
730.065 0
730.698 0
731.332 0
731.966 0
732.6 0
733.234 0
733.867 0
734.501 0
735.135 0
735.769 0
736.402 0
737.036 0
737.67 0
738.304 0
738.938 0
739.571 0
740.205 0
740.839 0
741.473 0
742.106 0
742.74 0
743.374 0
744.008 0
744.641 0
745.275 0
745.909 0
746.543 0
747.177 0
747.81 0
748.444 0
749.078 0
749.712 0
750.345 0
750.979 0
751.613 0
752.247 0
752.881 0
753.514 0
754.148 0
754.782 0
755.416 0
756.049 0
756.683 0
757.317 0
757.951 0
758.585 29.1802
759.218 29.2123
759.852 29.2699
760.486 29.4096
761.12 29.7265
761.754 30.2713
762.387 30.8975
763.021 31.2731
763.655 31.2714
764.289 31.7779
764.922 36.6415
765.556 57.0891
766.19 114.635
766.824 227.398
767.458 374.248
768.091 479.495
768.725 469.704
769.359 352.321
769.993 207.046
770.626 102.804
771.26 52.3072
771.894 34.9625
772.528 30.6541
773.162 29.8854
773.795 0
774.429 0
775.063 0
775.697 0
776.331 0
776.964 0
777.598 0
778.232 0
778.866 0
779.499 0
780.133 0
780.767 0
781.401 29.0908
782.035 29.6783
782.668 31.8822
783.302 39.3041
783.936 58.1534
784.57 92.1369
785.204 132.532
785.837 157.173
786.471 148.813
787.105 113.791
787.739 74.8315
788.373 48.5239
789.006 36.3783
789.64 32.4365
790.274 31.6004
790.908 31.5876
791.541 0
792.175 0
792.809 0
793.443 0
794.077 0
794.71 0
795.344 0
795.978 0
796.612 0
797.246 0
797.879 0
798.513 0
799.147 0
799.781 0
800.415 0
801.048 0
801.682 34.6772
802.316 34.949
802.95 37.6307
803.584 47.6476
804.217 72.662
804.851 115.585
805.485 162.822
806.119 186.535
806.753 169.385
807.386 123.654
808.02 77.4651
808.654 48.0717
809.288 34.9571
809.921 30.551
810.555 29.2309
811.189 0
811.823 0
812.457 0
813.09 0
813.724 0
814.358 0
814.992 0
815.626 0
816.259 0
816.893 0
817.527 0
818.161 0
818.795 0
819.428 0
820.062 0
820.696 0
821.33 0
821.964 0
822.597 0
823.231 0
823.865 0
824.499 0
825.133 0
825.766 0
826.4 0
827.034 0
827.668 0
828.302 0
828.935 0
829.569 0
830.203 0
830.837 0
831.471 0
832.104 0
832.738 0
833.372 0
834.006 0
834.64 33.3499
835.274 33.7149
835.907 35.0953
836.541 39.3893
837.175 49.2672
837.809 65.2117
838.443 81.6565
839.076 88.7778
839.71 81.509
840.344 65.12
840.978 49.4109
841.612 39.796
842.245 35.708
842.879 34.4838
843.513 34.2541
844.147 0
844.781 0
845.414 0
846.048 0
846.682 0
847.316 0
847.95 0
848.583 0
849.217 0
849.851 0
850.485 0
851.119 0
851.752 0
852.386 0
853.02 0
853.654 0
854.288 0
854.922 0
855.555 0
856.189 35.5703
856.823 35.5838
857.457 35.5858
858.091 35.5561
858.724 35.4692
859.358 35.3255
859.992 35.1863
860.626 35.1474
861.26 35.2492
861.893 35.4317
862.527 35.6001
863.161 35.7073
863.795 35.7622
864.429 35.7908
865.063 35.8105
865.696 0
866.33 0
866.964 0
867.598 0
868.232 0
868.865 0
869.499 0
870.133 0
870.767 0
871.401 0
872.034 0
872.668 0
873.302 0
873.936 0
874.57 0
875.204 0
875.837 0
876.471 0
877.105 0
877.739 0
878.373 0
879.006 0
879.64 0
880.274 0
880.908 0
881.542 0
882.176 0
882.809 0
883.443 0
884.077 0
884.711 0
885.345 0
885.978 0
886.612 0
887.246 0
887.88 0
888.514 0
889.148 0
889.781 0
890.415 0
891.049 0
891.683 0
892.317 0
892.95 0
893.584 0
894.218 0
894.852 0
895.486 0
896.12 0
896.753 0
897.387 0
898.021 0
898.655 0
899.289 0
899.923 0
900.556 0
901.19 0
901.824 0
902.458 0
903.092 0
903.725 0
904.359 0
904.993 0
905.627 0
906.261 0
906.895 0
907.528 0
908.162 0
908.796 0
909.43 0
910.064 0
910.698 0
911.331 0
911.965 0
912.599 0
913.233 0
913.867 0
914.5 0
915.134 0
915.768 0
916.402 0
917.036 0
917.67 0
918.303 0
918.937 0
919.571 0
920.205 0
920.839 0
921.473 0
922.106 0
922.74 0
923.374 0
924.008 0
924.642 0
925.276 0
925.909 0
926.543 0
927.177 0
927.811 0
928.445 0
929.079 34.5404
929.712 34.7279
930.346 36.6069
930.98 44.6679
931.614 68.7225
932.248 120.249
932.882 197.163
933.515 269.259
934.149 292.65
934.783 250.782
935.417 172.282
936.051 100.694
936.685 57.6215
937.318 39.1244
937.952 33.1996
938.586 31.6633
939.22 0
939.854 0
940.488 0
941.121 0
941.755 0
942.389 0
943.023 0
943.657 0
944.291 0
944.924 0
945.558 0
946.192 0
946.826 0
947.46 0
948.094 0
948.727 0
949.361 0
949.995 0
950.629 0
951.263 0
951.897 0
952.53 0
953.164 0
953.798 0
954.432 0
955.066 0
955.7 0
956.333 0
956.967 0
957.601 0
958.235 0
958.869 0
959.503 30.9486
960.136 31.035
960.77 31.5854
961.404 33.4828
962.038 38.0641
962.672 45.8736
963.306 54.7024
963.939 59.7679
964.573 57.621
965.207 49.7287
965.841 40.8947
966.475 34.7228
967.109 31.6901
967.742 30.5801
968.376 30.2488
969.01 30.141
969.644 0
970.278 0
970.912 0
971.546 0
972.179 0
972.813 0
973.447 0
974.081 0
974.715 0
975.349 0
975.982 0
976.616 0
977.25 0
977.884 0
978.518 0
979.152 0
979.785 0
980.419 0
981.053 0
981.687 0
982.321 0
982.955 0
983.589 0
984.222 0
984.856 0
985.49 0
986.124 0
986.758 0
987.392 0
988.025 0
988.659 0
989.293 0
989.927 0
990.561 0
991.195 0
991.829 0
992.462 0
993.096 0
993.73 0
994.364 0
994.998 0
995.632 0
996.265 0
996.899 0
997.533 0
998.167 0
998.801 0
999.435 0
1000.07 0
1000.7 0
1001.34 0
1001.97 0
1002.6 0
1003.24 0
1003.87 0
1004.51 0
1005.14 0
1005.77 0
1006.41 0
1007.04 0
1007.67 0
1008.31 0
1008.94 0
1009.58 0
1010.21 0
1010.84 0
1011.48 0
1012.11 0
1012.75 0
1013.38 0
1014.01 0
1014.65 0
1015.28 0
1015.91 0
1016.55 0
1017.18 0
1017.82 0
1018.45 0
1019.08 0
1019.72 0
1020.35 0
1020.99 0
1021.62 0
1022.25 0
1022.89 0
1023.52 0
1024.15 0
1024.79 0
1025.42 0
1026.06 0
1026.69 0
1027.32 0
1027.96 0
1028.59 0
1029.23 0
1029.86 0
1030.49 0
1031.13 0
1031.76 0
1032.39 0
1033.03 0
1033.66 0
1034.3 0
1034.93 0
1035.56 0
1036.2 0
1036.83 0
1037.47 0
1038.1 0
1038.73 0
1039.37 0
1040 0
1040.64 0
1041.27 0
1041.9 0
1042.54 0
1043.17 0
1043.8 0
1044.44 0
1045.07 0
1045.71 0
1046.34 0
1046.97 23.7946
1047.61 23.7872
1048.24 23.94
1048.88 24.6407
1049.51 26.6822
1050.14 30.9201
1050.78 37.0922
1051.41 42.8001
1052.04 44.6716
1052.68 41.4116
1053.31 35.149
1053.95 29.259
1054.58 25.5595
1055.21 23.8725
1055.85 23.2794
1056.48 23.0948
1057.12 0
1057.75 0
1058.38 0
1059.02 0
1059.65 0
1060.28 0
1060.92 0
1061.55 0
1062.19 0
1062.82 0
1063.45 0
1064.09 0
1064.72 0
1065.36 23.7359
1065.99 23.7743
1066.62 24.0775
1067.26 25.1176
1067.89 27.5798
1068.52 31.717
1069.16 36.3849
1069.79 39.1413
1070.43 38.1678
1071.06 34.0934
1071.69 29.3368
1072.33 25.8616
1072.96 24.0581
1073.6 23.3502
1074.23 23.117
1074.86 23.0307
1075.5 0
1076.13 0
1076.77 0
1077.4 0
1078.03 0
1078.67 0
1079.3 0
1079.93 0
1080.57 0
1081.2 0
1081.84 0
1082.47 0
1083.1 0
1083.74 0
1084.37 0
1085.01 0
1085.64 0
1086.27 0
1086.91 0
1087.54 0
1088.17 0
1088.81 0
1089.44 0
1090.08 0
1090.71 0
1091.34 0
1091.98 0
1092.61 0
1093.25 0
1093.88 0
1094.51 0
1095.15 0
1095.78 0
1096.42 0
1097.05 0
1097.68 0
1098.32 0
1098.95 0
1099.58 0
1100.22 0
1100.85 0
1101.49 0
1102.12 0
1102.75 0
1103.39 0
1104.02 0
1104.66 0
1105.29 0
1105.92 0
1106.56 0
1107.19 0
1107.82 0
1108.46 0
1109.09 0
1109.73 0
1110.36 0
1110.99 0
1111.63 0
1112.26 0
1112.9 0
1113.53 0
1114.16 0
1114.8 0
1115.43 19.7506
1116.07 22.9832
1116.7 37.5764
1117.33 87.3496
1117.97 214.744
1118.6 454.592
1119.23 772.107
1119.87 1030.74
1120.5 1075.3
1121.14 876.193
1121.77 559.741
1122.4 284.161
1123.04 120.013
1123.67 48.787
1124.31 25.6504
1124.94 19.9316
1125.57 0
1126.21 0
1126.84 0
1127.47 0
1128.11 0
1128.74 23.2181
1129.38 22.9088
1130.01 22.7762
1130.64 23.2023
1131.28 24.8922
1131.91 28.4816
1132.55 33.5099
1133.18 37.7706
1133.81 38.5498
1134.45 35.096
1135.08 29.3862
1135.72 24.1718
1136.35 20.8234
1136.98 19.1269
1137.62 18.3203
1138.25 17.8476
1138.88 0
1139.52 0
1140.15 0
1140.79 0
1141.42 0
1142.05 0
1142.69 0
1143.32 0
1143.96 0
1144.59 0
1145.22 0
1145.86 0
1146.49 0
1147.12 0
1147.76 0
1148.39 0
1149.03 0
1149.66 0
1150.29 22.1432
1150.93 22.3367
1151.56 23.661
1152.2 28.5146
1152.83 41.2661
1153.46 65.7651
1154.1 99.0327
1154.73 127.399
1155.37 134.212
1156 114.919
1156.63 81.6773
1157.27 51.4176
1157.9 32.6455
1158.53 24.117
1159.17 21.1521
1159.8 20.2945
1160.44 0
1161.07 0
1161.7 0
1162.34 0
1162.97 0
1163.61 0
1164.24 0
1164.87 0
1165.51 0
1166.14 0
1166.78 0
1167.41 0
1168.04 0
1168.68 19.7047
1169.31 19.708
1169.94 19.7968
1170.58 20.1056
1171.21 20.8065
1171.85 21.9252
1172.48 23.1156
1173.11 23.7436
1173.75 23.3934
1174.38 22.2762
1175.02 21.0168
1175.65 20.099
1176.28 19.6123
1176.92 19.4088
1177.55 19.3305
1178.19 19.2919
1178.82 0
1179.45 0
1180.09 0
1180.72 0
1181.35 0
1181.99 0
1182.62 0
1183.26 0
1183.89 0
1184.52 0
1185.16 0
1185.79 0
1186.43 0
1187.06 0
1187.69 0
1188.33 0
1188.96 0
1189.6 0
1190.23 0
1190.86 0
1191.5 0
1192.13 0
1192.76 0
1193.4 0
1194.03 0
1194.67 0
1195.3 0
1195.93 0
1196.57 0
1197.2 0
1197.84 0
1198.47 0
1199.1 0
1199.74 0
1200.37 0
1201.01 0
1201.64 0
1202.27 0
1202.91 14.3158
1203.54 14.6793
1204.17 15.499
1204.81 17.6103
1205.44 22.3232
1206.08 30.415
1206.71 40.3005
1207.34 47.5908
1207.98 48.0395
1208.61 41.5
1209.25 32.0689
1209.88 24.233
1210.51 19.7575
1211.15 17.9579
1211.78 17.5201
1212.42 17.5743
1213.05 0
1213.68 0
1214.32 0
1214.95 0
1215.58 0
1216.22 0
1216.85 0
1217.49 0
1218.12 0
1218.75 0
1219.39 0
1220.02 0
1220.66 0
1221.29 0
1221.92 0
1222.56 0
1223.19 0
1223.83 0
1224.46 0
1225.09 0
1225.73 0
1226.36 0
1226.99 0
1227.63 0
1228.26 0
1228.9 0
1229.53 0
1230.16 0
1230.8 0
1231.43 0
1232.07 0
1232.7 0
1233.33 14.5801
1233.97 16.3539
1234.6 23.5462
1235.24 45.9686
1235.87 98.9439
1236.5 191.631
1237.14 305.811
1237.77 390.457
1238.4 395.389
1239.04 317.482
1239.67 203.742
1240.31 107.287
1240.94 50.1649
1241.57 25.1805
1242.21 16.9114
1242.84 14.8175
1243.48 0
1244.11 0
1244.74 0
1245.38 0
1246.01 0
1246.65 0
1247.28 0
1247.91 0
1248.55 0
1249.18 0
1249.81 0
1250.45 0
1251.08 0
1251.72 0
1252.35 0
1252.98 0
1253.62 0
1254.25 0
1254.89 0
1255.52 0
1256.15 0
1256.79 0
1257.42 0
1258.06 0
1258.69 0
1259.32 0
1259.96 0
1260.59 0
1261.22 0
1261.86 0
1262.49 0
1263.13 0
1263.76 0
1264.39 0
1265.03 0
1265.66 0
1266.3 0
1266.93 0
1267.56 0
1268.2 0
1268.83 0
1269.47 0
1270.1 0
1270.73 0
1271.37 0
1272 0
1272.63 0
1273.27 0
1273.9 0
1274.54 0
1275.17 0
1275.8 0
1276.44 16.6881
1277.07 17.5543
1277.71 20.5729
1278.34 28.8168
1278.97 45.895
1279.61 71.8344
1280.24 98.6171
1280.88 112.559
1281.51 105.094
1282.14 80.9638
1282.78 53.5736
1283.41 33.4537
1284.05 22.8083
1284.68 18.5987
1285.31 17.3449
1285.95 17.0782
1286.58 0
1287.21 0
1287.85 0
1288.48 0
1289.12 0
1289.75 0
1290.38 0
1291.02 0
1291.65 0
1292.29 0
1292.92 0
1293.55 0
1294.19 0
1294.82 0
1295.46 0
1296.09 0
1296.72 0
1297.36 0
1297.99 0
1298.62 0
1299.26 0
1299.89 0
1300.53 0
1301.16 0
1301.79 0
1302.43 0
1303.06 0
1303.7 0
1304.33 0
1304.96 0
1305.6 0
1306.23 0
1306.87 0
1307.5 0
1308.13 0
1308.77 0
1309.4 0
1310.04 0
1310.67 0
1311.3 0
1311.94 0
1312.57 0
1313.2 0
1313.84 0
1314.47 0
1315.11 0
1315.74 0
1316.37 0
1317.01 0
1317.64 0
1318.28 0
1318.91 0
1319.54 0
1320.18 0
1320.81 0
1321.45 0
1322.08 0
1322.71 0
1323.35 0
1323.98 0
1324.61 0
1325.25 0
1325.88 0
1326.52 0
1327.15 0
1327.78 16.6304
1328.42 16.5931
1329.05 16.5673
1329.69 16.5713
1330.32 16.6303
1330.95 16.7533
1331.59 16.9008
1332.22 16.9854
1332.86 16.9328
1333.49 16.75
1334.12 16.5184
1334.76 16.3209
1335.39 16.1884
1336.03 16.1072
1336.66 16.0524
1337.29 16.0075
1337.93 0
1338.56 0
1339.19 0
1339.83 0
1340.46 0
1341.1 0
1341.73 0
1342.36 0
1343 0
1343.63 0
1344.27 0
1344.9 0
1345.53 0
1346.17 0
1346.8 0
1347.44 0
1348.07 0
1348.7 0
1349.34 0
1349.97 0
1350.61 0
1351.24 0
1351.87 0
1352.51 0
1353.14 0
1353.77 0
1354.41 0
1355.04 0
1355.68 0
1356.31 0
1356.94 0
1357.58 0
1358.21 0
1358.85 0
1359.48 0
1360.11 0
1360.75 0
1361.38 0
1362.02 0
1362.65 0
1363.28 0
1363.92 0
1364.55 0
1365.18 0
1365.82 0
1366.45 0
1367.09 0
1367.72 0
1368.35 0
1368.99 0
1369.62 0
1370.26 0
1370.89 0
1371.52 0
1372.16 0
1372.79 14.4584
1373.43 15.5899
1374.06 20.0024
1374.69 33.4309
1375.33 64.8232
1375.96 119.998
1376.6 189.72
1377.23 245.366
1377.86 255.924
1378.5 214.918
1379.13 146.585
1379.76 83.5985
1380.4 43.2003
1381.03 24.1372
1381.67 17.9835
1382.3 18.6543
1382.93 24.4744
1383.57 35.5419
1384.2 49.8681
1384.84 61.6713
1385.47 64.4488
1386.1 56.5064
1386.74 42.5626
1387.37 29.3931
1388.01 20.7789
1388.64 16.6047
1389.27 15.0667
1389.91 14.6343
1390.54 0
1391.18 0
1391.81 0
1392.44 0
1393.08 0
1393.71 0
1394.34 0
1394.98 0
1395.61 0
1396.25 0
1396.88 14.7914
1397.51 15.3432
1398.15 17.5398
1398.78 23.7152
1399.42 36.7155
1400.05 56.9468
1400.68 78.8545
1401.32 91.9787
1401.95 88.5751
1402.59 70.7025
1403.22 48.3663
1403.85 31.3057
1404.49 24.3005
1405.12 29.4061
1405.76 49.1249
1406.39 83.8915
1407.02 125.221
1407.66 154.609
1408.29 155.22
1408.92 126.624
1409.56 85.149
1410.19 49.2979
1410.83 27.2854
1411.46 17.1264
1412.09 13.4842
1412.73 12.4158
1413.36 0
1414 0
1414.63 0
1415.26 0
1415.9 0
1416.53 0
1417.17 0
1417.8 0
1418.43 0
1419.07 0
1419.7 0
1420.34 0
1420.97 0
1421.6 0
1422.24 0
1422.87 0
1423.5 0
1424.14 0
1424.77 0
1425.41 0
1426.04 0
1426.67 0
1427.31 0
1427.94 0
1428.58 0
1429.21 0
1429.84 0
1430.48 0
1431.11 0
1431.75 0
1432.38 0
1433.01 0
1433.65 0
1434.28 0
1434.92 0
1435.55 0
1436.18 0
1436.82 0
1437.45 0
1438.08 0
1438.72 0
1439.35 0
1439.99 0
1440.62 0
1441.25 0
1441.89 0
1442.52 0
1443.16 0
1443.79 0
1444.42 0
1445.06 0
1445.69 0
1446.33 0
1446.96 0
1447.59 0
1448.23 0
1448.86 0
1449.5 0
1450.13 0
1450.76 0
1451.4 0
1452.03 0
1452.66 0
1453.3 0
1453.93 0
1454.57 0
1455.2 0
1455.83 18.1281
1456.47 17.8781
1457.1 17.6098
1457.74 17.2903
1458.37 16.8663
1459 16.2967
1459.64 15.6222
1460.27 15.0037
1460.91 14.6389
1461.54 14.6001
1462.17 14.7669
1462.81 14.9363
1463.44 14.9782
1464.08 14.881
1464.71 14.6948
1465.34 14.4686
1465.98 0
1466.61 0
1467.24 0
1467.88 0
1468.51 0
1469.15 0
1469.78 0
1470.41 0
1471.05 0
1471.68 0
1472.32 0
1472.95 0
1473.58 0
1474.22 0
1474.85 0
1475.49 0
1476.12 0
1476.75 0
1477.39 0
1478.02 0
1478.66 0
1479.29 0
1479.92 0
1480.56 0
1481.19 0
1481.82 0
1482.46 0
1483.09 0
1483.73 0
1484.36 0
1484.99 0
1485.63 0
1486.26 0
1486.9 0
1487.53 0
1488.16 0
1488.8 0
1489.43 0
1490.07 0
1490.7 0
1491.33 0
1491.97 0
1492.6 0
1493.24 0
1493.87 0
1494.5 0
1495.14 0
1495.77 0
1496.41 0
1497.04 0
1497.67 0
1498.31 0
1498.94 0
1499.57 0
1500.21 0
1500.84 0
1501.48 0
1502.11 0
1502.74 0
1503.38 0
1504.01 0
1504.65 19.1276
1505.28 20.2585
1505.91 24.4908
1506.55 35.6579
1507.18 57.7755
1507.82 90.2168
1508.45 123.14
1509.08 140.604
1509.72 132.426
1510.35 103.319
1510.99 68.5425
1511.62 41.324
1512.25 25.6768
1512.89 18.7385
1513.52 16.2412
1514.15 15.409
1514.79 0
1515.42 0
1516.06 0
1516.69 0
1517.32 0
1517.96 0
1518.59 0
1519.23 0
1519.86 0
1520.49 0
1521.13 0
1521.76 0
1522.4 0
1523.03 0
1523.66 0
1524.3 0
1524.93 0
1525.57 0
1526.2 0
1526.83 0
1527.47 0
1528.1 0
1528.73 0
1529.37 0
1530 0
1530.64 0
1531.27 0
1531.9 0
1532.54 0
1533.17 0
1533.81 19.5934
1534.44 19.5174
1535.07 19.9448
1535.71 21.5736
1536.34 25.2695
1536.98 31.2337
1537.61 37.9513
1538.24 42.3418
1538.88 41.856
1539.51 36.7816
1540.15 30.1974
1540.78 25.6486
1541.41 24.9407
1542.05 27.4813
1542.68 30.8626
1543.32 32.2809
1543.95 30.3332
1544.58 25.8577
1545.22 20.9479
1545.85 17.2207
1546.48 15.0414
1547.12 13.9585
1547.75 13.4127
1548.39 0
1549.02 0
1549.65 0
1550.29 0
1550.92 0
1551.56 0
1552.19 0
1552.82 0
1553.46 0
1554.09 0
1554.73 0
1555.36 0
1555.99 0
1556.63 0
1557.26 0
1557.9 0
1558.53 0
1559.16 0
1559.8 0
1560.43 0
1561.06 0
1561.7 0
1562.33 0
1562.97 0
1563.6 0
1564.23 0
1564.87 0
1565.5 0
1566.14 0
1566.77 0
1567.4 0
1568.04 0
1568.67 0
1569.31 0
1569.94 0
1570.57 0
1571.21 0
1571.84 0
1572.48 0
1573.11 0
1573.74 0
1574.38 0
1575.01 0
1575.65 0
1576.28 0
1576.91 0
1577.55 0
1578.18 0
1578.81 12.4293
1579.45 12.9199
1580.08 14.6581
1580.72 18.8811
1581.35 26.513
1581.98 36.6086
1582.62 45.5121
1583.25 48.6451
1583.89 44.1241
1584.52 34.4511
1585.15 24.2833
1585.79 16.8952
1586.42 12.8478
1587.06 11.0846
1587.69 10.4161
1588.32 0
1588.96 0
1589.59 0
1590.23 12.6276
1590.86 12.708
1591.49 13.1791
1592.13 14.4793
1592.76 17.0198
1593.39 20.6407
1594.03 24.1751
1594.66 25.8959
1595.3 24.8494
1595.93 21.8178
1596.56 18.8257
1597.2 17.6901
1597.83 18.8865
1598.47 21.3423
1599.1 23.1312
1599.73 22.7667
1600.37 20.2263
1601 16.7685
1601.64 13.7805
1602.27 11.8796
1602.9 10.9234
1603.54 10.5048
1604.17 10.3093
1604.81 0
1605.44 0
1606.07 0
1606.71 0
1607.34 0
1607.98 0
1608.61 0
1609.24 0
1609.88 0
1610.51 0
1611.14 0
1611.78 0
1612.41 0
1613.05 0
1613.68 0
1614.31 0
1614.95 0
1615.58 0
1616.22 0
1616.85 0
1617.48 0
1618.12 0
1618.75 0
1619.39 0
1620.02 0
1620.65 0
1621.29 0
1621.92 0
1622.56 0
1623.19 0
1623.82 0
1624.46 0
1625.09 0
1625.72 0
1626.36 0
1626.99 0
1627.63 0
1628.26 0
1628.89 0
1629.53 0
1630.16 0
1630.8 0
1631.43 0
1632.06 0
1632.7 0
1633.33 0
1633.97 0
1634.6 0
1635.23 0
1635.87 0
1636.5 0
1637.14 0
1637.77 0
1638.4 0
1639.04 0
1639.67 0
1640.31 0
1640.94 0
1641.57 0
1642.21 0
1642.84 0
1643.47 0
1644.11 0
1644.74 0
1645.38 0
1646.01 0
1646.64 0
1647.28 0
1647.91 0
1648.55 0
1649.18 0
1649.81 0
1650.45 0
1651.08 0
1651.72 0
1652.35 0
1652.98 0
1653.62 0
1654.25 0
1654.89 0
1655.52 0
1656.15 0
1656.79 9.91685
1657.42 10.4717
1658.05 12.5875
1658.69 17.8786
1659.32 27.7041
1659.96 41.1918
1660.59 53.8793
1661.22 59.5649
1661.86 54.9492
1662.49 42.5133
1663.13 28.3284
1663.76 17.34
1664.39 10.9437
1665.03 7.98833
1665.66 6.81374
1666.3 0
1666.93 0
1667.56 0
1668.2 0
1668.83 0
1669.47 0
1670.1 0
1670.73 0
1671.37 0
1672 0
1672.63 0
1673.27 0
1673.9 0
1674.54 0
1675.17 0
1675.8 0
1676.44 0
1677.07 0
1677.71 0
1678.34 0
1678.97 0
1679.61 3.95321
1680.24 4.21613
1680.88 4.83127
1681.51 6.12844
1682.14 8.33993
1682.78 11.1979
1683.41 13.7299
1684.05 14.7271
1684.68 13.6741
1685.31 11.1996
1685.95 8.52912
1686.58 6.56662
1687.22 5.50831
1687.85 5.09511
1688.48 5.00478
1689.12 0
1689.75 0
1690.38 0
1691.02 0
1691.65 0
1692.29 0
1692.92 0
1693.55 0
1694.19 0
1694.82 0
1695.46 0
1696.09 0
1696.72 0
1697.36 0
1697.99 0
1698.63 0
1699.26 0
1699.89 0
1700.53 0
1701.16 0
1701.8 0
1702.43 0
1703.06 0
1703.7 0
1704.33 0
1704.96 0
1705.6 0
1706.23 0
1706.87 0
1707.5 0
1708.13 0
1708.77 0
1709.4 0
1710.04 0
1710.67 0
1711.3 0
1711.94 0
1712.57 0
1713.21 0
1713.84 0
1714.47 0
1715.11 0
1715.74 0
1716.38 0
1717.01 0
1717.64 0
1718.28 0
1718.91 0
1719.55 0
1720.18 0
1720.81 0
1721.45 0
1722.08 0
1722.71 0
1723.35 0
1723.98 0
1724.62 5.54939
1725.25 6.30824
1725.88 9.20626
1726.52 17.4243
1727.15 35.4852
1727.79 66.0171
1728.42 104.314
1729.05 136.39
1729.69 146.276
1730.32 128.43
1730.96 92.5484
1731.59 55.2735
1732.22 28.1466
1732.86 13.212
1733.49 6.77235
1734.13 4.52954
1734.76 0
1735.39 0
1736.03 0
1736.66 0
1737.29 0
1737.93 0
1738.56 0
1739.2 0
1739.83 0
1740.46 0
1741.1 0
1741.73 0
1742.37 0
1743 0
1743.63 0
1744.27 0
1744.9 0
1745.54 0
1746.17 0
1746.8 0
1747.44 0
1748.07 0
1748.71 0
1749.34 0
1749.97 0
1750.61 0
1751.24 0
1751.87 0
1752.51 0
1753.14 0
1753.78 0
1754.41 0
1755.04 0
1755.68 0
1756.31 0
1756.95 0
1757.58 0
1758.21 0
1758.85 0
1759.48 0
1760.12 7.59083
1760.75 22.8393
1761.38 64.8712
1762.02 156.65
1762.65 312.149
1763.29 508.965
1763.92 677.348
1764.55 735.229
1765.19 650.918
1765.82 470.322
1766.46 277.871
1767.09 135.004
1767.72 54.9867
1768.36 20.1077
1768.99 8.12778
1769.62 0
1770.26 0
1770.89 0
1771.53 0
1772.16 0
1772.79 0
1773.43 0
1774.06 0
1774.7 0
1775.33 0
1775.96 0
1776.6 0
1777.23 0
1777.87 0
1778.5 0
1779.13 0
1779.77 0
1780.4 0
1781.04 0
1781.67 0
1782.3 0
1782.94 0
1783.57 0
1784.2 0
1784.84 0
1785.47 0
1786.11 0
1786.74 0
1787.37 0
1788.01 0
1788.64 0
1789.28 0
1789.91 0
1790.54 0
1791.18 0
1791.81 0
1792.45 0
1793.08 0
1793.71 0
1794.35 0
1794.98 0
1795.62 0
1796.25 0
1796.88 0
1797.52 0
1798.15 0
1798.78 0
1799.42 0
1800.05 0
1800.69 0
1801.32 0
1801.95 0
1802.59 0
1803.22 0
1803.86 0
1804.49 0
1805.12 0
1805.76 0
1806.39 0
1807.03 0
1807.66 0
1808.29 0
1808.93 0
1809.56 0
1810.2 0
1810.83 0
1811.46 0
1812.1 0
1812.73 0
1813.36 0
1814 0
1814.63 0
1815.27 0
1815.9 0
1816.53 0
1817.17 0
1817.8 0
1818.44 0
1819.07 0
1819.7 0
1820.34 0
1820.97 0
1821.61 0
1822.24 0
1822.87 0
1823.51 0
1824.14 0
1824.78 0
1825.41 0
1826.04 0
1826.68 0
1827.31 0
1827.94 0
1828.58 0
1829.21 0
1829.85 0
1830.48 0
1831.11 0
1831.75 0
1832.38 0
1833.02 0
1833.65 3.84136
1834.28 4.03549
1834.92 4.62076
1835.55 6.03716
1836.19 8.73935
1836.82 12.699
1837.45 16.9081
1838.09 19.5959
1838.72 19.377
1839.36 16.3735
1839.99 12.1099
1840.62 8.30045
1841.26 5.80711
1841.89 4.58033
1842.52 4.26533
1843.16 4.86869
1843.79 7.30577
1844.43 13.7292
1845.06 26.9372
1845.69 47.9742
1846.33 72.8628
1846.96 92.2113
1847.6 96.4796
1848.23 83.3652
1848.86 59.7506
1849.5 36.0388
1850.13 19.0343
1850.77 9.72074
1851.4 5.71397
1852.03 4.34116
1852.67 0
1853.3 0
1853.94 0
1854.57 0
1855.2 0
1855.84 0
1856.47 0
1857.1 0
1857.74 0
1858.37 0
1859.01 0
1859.64 0
1860.27 0
1860.91 0
1861.54 0
1862.18 0
1862.81 0
1863.44 0
1864.08 0
1864.71 0
1865.35 0
1865.98 0
1866.61 0
1867.25 0
1867.88 0
1868.52 3.73612
1869.15 3.96017
1869.78 4.45769
1870.42 5.51289
1871.05 7.39028
1871.68 10.0109
1872.32 12.6761
1872.95 14.2728
1873.59 14.0178
1874.22 12.0942
1874.85 9.49591
1875.49 7.25484
1876.12 5.8447
1876.76 5.18355
1877.39 4.97274
1878.02 4.9628
1878.66 0
1879.29 0
1879.93 0
1880.56 0
1881.19 0
1881.83 0
1882.46 0
1883.1 0
1883.73 0
1884.36 0
1885 0
1885.63 0
1886.26 0
1886.9 0
1887.53 0
1888.17 0
1888.8 0
1889.43 0
1890.07 0
1890.7 0
1891.34 0
1891.97 0
1892.6 0
1893.24 0
1893.87 0
1894.51 0
1895.14 0
1895.77 0
1896.41 0
1897.04 0
1897.68 0
1898.31 0
1898.94 0
1899.58 0
1900.21 0
1900.84 0
1901.48 0
1902.11 0
1902.75 0
1903.38 0
1904.01 0
1904.65 0
1905.28 0
1905.92 0
1906.55 0
1907.18 0
1907.82 0
1908.45 0
1909.09 0
1909.72 0
1910.35 0
1910.99 0
1911.62 0
1912.25 0
1912.89 0
1913.52 0
1914.16 0
1914.79 0
1915.42 0
1916.06 0
1916.69 0
1917.33 0
1917.96 0
1918.59 0
1919.23 0
1919.86 0
1920.5 0
1921.13 0
1921.76 0
1922.4 0
1923.03 0
1923.67 0
1924.3 0
1924.93 0
1925.57 0
1926.2 0
1926.83 0
1927.47 0
1928.1 0
1928.74 0
1929.37 0
1930 0
1930.64 0
1931.27 0
1931.91 0
1932.54 0
1933.17 0
1933.81 0
1934.44 0
1935.08 0
1935.71 0
1936.34 0
1936.98 0
1937.61 0
1938.24 0
1938.88 0
1939.51 0
1940.15 0
1940.78 0
1941.41 0
1942.05 0
1942.68 0
1943.32 0
1943.95 0
1944.58 0
1945.22 0
1945.85 0
1946.49 0
1947.12 0
1947.75 0
1948.39 0
1949.02 0
1949.66 0
1950.29 0
1950.92 0
1951.56 0
1952.19 0
1952.82 0
1953.46 0
1954.09 0
1954.73 0
1955.36 0
1955.99 0
1956.63 0
1957.26 0
1957.9 0
1958.53 0
1959.16 0
1959.8 0
1960.43 0
1961.07 0
1961.7 0
1962.33 0
1962.97 0
1963.6 0
1964.23 0
1964.87 0
1965.5 0
1966.14 0
1966.77 0
1967.4 0
1968.04 0
1968.67 0
1969.31 0
1969.94 0
1970.57 0
1971.21 0
1971.84 0
1972.48 0
1973.11 0
1973.74 0
1974.38 0
1975.01 0
1975.65 0
1976.28 0
1976.91 0
1977.55 0
1978.18 0
1978.81 0
1979.45 0
1980.08 0
1980.72 0
1981.35 0
1981.98 0
1982.62 0
1983.25 0
1983.89 0
1984.52 0
1985.15 0
1985.79 0
1986.42 0
1987.06 0
1987.69 0
1988.32 0
1988.96 0
1989.59 0
1990.22 0
1990.86 0
1991.49 0
1992.13 0
1992.76 0
1993.39 0
1994.03 0
1994.66 0
1995.3 0
1995.93 0
1996.56 0
1997.2 0
1997.83 0
1998.47 0
1999.1 0
1999.73 0
2000.37 0
2001 0
2001.63 0
2002.27 0
2002.9 0
2003.54 0
2004.17 0
2004.8 0
2005.44 0
2006.07 0
2006.71 0
2007.34 0
2007.97 0
2008.61 0
2009.24 0
2009.88 0
2010.51 0
2011.14 0
2011.78 0
2012.41 0
2013.04 0
2013.68 0
2014.31 0
2014.95 0
2015.58 0
2016.21 0
2016.85 0
2017.48 0
2018.12 0
2018.75 0
2019.38 0
2020.02 0
2020.65 0
2021.29 0
2021.92 0
2022.55 0
2023.19 0
2023.82 0
2024.46 0
2025.09 0
2025.72 0
2026.36 0
2026.99 0
2027.62 0
2028.26 0
2028.89 0
2029.53 0
2030.16 0
2030.79 0
2031.43 0
2032.06 0
2032.7 0
2033.33 0
2033.96 0
2034.6 0
2035.23 0
2035.87 0
2036.5 0
2037.13 0
2037.77 0
2038.4 0
2039.03 0
2039.67 0
2040.3 0
2040.94 0
2041.57 0
2042.2 0
2042.84 0
2043.47 0
2044.11 0
2044.74 0
2045.37 0
2046.01 0
2046.64 0
2047.28 0
2047.91 0
2048.54 0
2049.18 0
2049.81 0
2050.44 0
2051.08 0
2051.71 0
2052.35 0
2052.98 0
2053.61 0
2054.25 0
2054.88 0
2055.52 0
2056.15 0
2056.78 0
2057.42 0
2058.05 0
2058.69 0
2059.32 0
2059.95 0
2060.59 0
2061.22 0
2061.85 0
2062.49 0
2063.12 0
2063.76 0
2064.39 0
2065.02 0
2065.66 0
2066.29 0
2066.93 0
2067.56 0
2068.19 0
2068.83 0
2069.46 0
2070.09 0
2070.73 0
2071.36 0
2072 0
2072.63 0
2073.26 0
2073.9 0
2074.53 0
2075.17 0
2075.8 0
2076.43 0
2077.07 0
2077.7 0
2078.34 0
2078.97 0
2079.6 0
2080.24 0
2080.87 0
2081.5 0
2082.14 0
2082.77 0
2083.41 0
2084.04 0
2084.67 0
2085.31 0
2085.94 0
2086.58 0
2087.21 0
2087.84 0
2088.48 0
2089.11 0
2089.75 0
2090.38 0
2091.01 0
2091.65 0
2092.28 0
2092.91 0
2093.55 0
2094.18 0
2094.82 0
2095.45 0
2096.08 0
2096.72 0
2097.35 0
2097.99 0
2098.62 0
2099.25 0
2099.89 0
2100.52 0
2101.16 0
2101.79 0
2102.42 0
2103.06 0
2103.69 0
2104.32 0
2104.96 0
2105.59 0
2106.23 0
2106.86 0
2107.49 0
2108.13 0
2108.76 0
2109.4 0
2110.03 0
2110.66 0
2111.3 0
2111.93 0
2112.56 0
2113.2 0
2113.83 1.6469
2114.47 2.40868
2115.1 4.51445
2115.73 9.20223
2116.37 17.5176
2117 28.9818
2117.64 40.5607
2118.27 47.5567
2118.9 46.5721
2119.54 38.1066
2120.17 26.1561
2120.81 15.2385
2121.44 7.78221
2122.07 3.78723
2122.71 2.06914
2123.34 1.46677
2123.97 0
2124.61 0
2125.24 0
2125.88 0
2126.51 0
2127.14 0
2127.78 0
2128.41 0
2129.05 0
2129.68 0
2130.31 0
2130.95 0
2131.58 0
2132.22 0
2132.85 0
2133.48 0
2134.12 0
2134.75 0
2135.38 0
2136.02 0
2136.65 0
2137.29 0
2137.92 0
2138.55 0
2139.19 0
2139.82 0
2140.46 0
2141.09 0
2141.72 0
2142.36 0
2142.99 0
2143.62 0
2144.26 0
2144.89 0
2145.53 0
2146.16 0
2146.79 0
2147.43 0
2148.06 0
2148.7 0
2149.33 0
2149.96 0
2150.6 0
2151.23 0
2151.87 0
2152.5 0
2153.13 0
2153.77 0
2154.4 0
2155.03 0
2155.67 0
2156.3 0
2156.94 0
2157.57 0
2158.2 0
2158.84 0
2159.47 0
2160.11 0
2160.74 0
2161.37 0
2162.01 0
2162.64 0
2163.27 0
2163.91 0
2164.54 0
2165.18 0
2165.81 0
2166.44 0
2167.08 0
2167.71 0
2168.35 0
2168.98 0
2169.61 0
2170.25 0
2170.88 0
2171.51 0
2172.15 0
2172.78 0
2173.42 0
2174.05 0
2174.68 0
2175.32 0
2175.95 0
2176.59 0
2177.22 0
2177.85 0
2178.49 0
2179.12 0
2179.76 0
2180.39 0
2181.02 0
2181.66 0
2182.29 0
2182.92 0
2183.56 0
2184.19 0
2184.83 0
2185.46 0
2186.09 0
2186.73 0
2187.36 0
2188 0
2188.63 0
2189.26 0
2189.9 0
2190.53 0
2191.16 0
2191.8 0
2192.43 0
2193.07 0
2193.7 0
2194.33 0
2194.97 0
2195.6 0
2196.24 0
2196.87 0
2197.5 0
2198.14 0
2198.77 0
2199.4 2.67164
2200.04 6.28424
2200.67 15.8796
2201.31 36.5583
2201.94 72.2235
2202.57 120.168
2203.21 167.39
2203.84 194.821
2204.48 189.354
2205.11 153.72
2205.74 104.342
2206.38 59.3944
2207.01 28.5986
2207.65 11.967
2208.28 4.73436
2208.91 2.17211
2209.55 0
2210.18 0
2210.81 0
2211.45 0
2212.08 0
2212.72 0
2213.35 0
2213.98 0
2214.62 0
2215.25 0
2215.89 0
2216.52 0
2217.15 0
2217.79 0
2218.42 0
2219.05 0
2219.69 0
2220.32 0
2220.96 0
2221.59 0
2222.22 0
2222.86 0
2223.49 0
2224.13 0
2224.76 0
2225.39 0
2226.03 0
2226.66 0
2227.29 0
2227.93 0
2228.56 0
2229.2 0
2229.83 0
2230.46 0
2231.1 0
2231.73 0
2232.37 0
2233 0
2233.63 0
2234.27 0
2234.9 0
2235.53 0
2236.17 0
2236.8 0
2237.44 0
2238.07 0
2238.7 0
2239.34 0
2239.97 0
2240.61 0
2241.24 0
2241.87 0
2242.51 0
2243.14 0
2243.77 0
2244.41 0
2245.04 0
2245.68 0
2246.31 0
2246.94 0
2247.58 0
2248.21 0
2248.85 0
2249.48 0
2250.11 0
2250.75 0
2251.38 0
2252.01 0
2252.65 0
2253.28 0
2253.92 0
2254.55 0
2255.18 0
2255.82 0
2256.45 0
2257.09 0
2257.72 0
2258.35 0
2258.99 0
2259.62 0
2260.25 0
2260.89 0
2261.52 0
2262.16 0
2262.79 0
2263.42 0
2264.06 0
2264.69 0
2265.33 0
2265.96 0
2266.59 0
2267.23 0
2267.86 0
2268.49 0
2269.13 0
2269.76 0
2270.4 0
2271.03 0
2271.66 0
2272.3 0
2272.93 0
2273.57 0
2274.2 0
2274.83 0
2275.47 0
2276.1 0
2276.73 0
2277.37 0
2278 0
2278.64 0
2279.27 0
2279.9 0
2280.54 0
2281.17 0
2281.81 0
2282.44 0
2283.07 0
2283.71 0
2284.34 0
2284.97 0
2285.61 0
2286.24 0
2286.88 0
2287.51 0
2288.14 0
2288.78 0.449527
2289.41 0.733846
2290.05 1.45818
2290.68 2.96018
2291.31 5.45901
2291.95 8.70195
2292.58 11.7716
2293.21 13.4242
2293.85 12.8802
2294.48 10.4048
2295.12 7.10416
2295.75 4.14503
2296.38 2.12911
2297.02 1.03972
2297.65 0.563234
2298.29 0.392656
2298.92 0
2299.55 0
2300.19 0
2300.82 0
2301.45 0
2302.09 0
2302.72 0
2303.36 0
2303.99 0
2304.62 0
2305.26 0
2305.89 0
2306.53 0
2307.16 0
2307.79 0
2308.43 0
2309.06 0
2309.69 0
2310.33 0
2310.96 0
2311.6 0
2312.23 0
2312.86 0
2313.5 0
2314.13 0
2314.76 0
2315.4 0
2316.03 0
2316.67 0
2317.3 0
2317.93 0
2318.57 0
2319.2 0
2319.84 0
2320.47 0
2321.1 0
2321.74 0
2322.37 0
2323 0
2323.64 0
2324.27 0
2324.91 0
2325.54 0
2326.17 0
2326.81 0
2327.44 0
2328.08 0
2328.71 0
2329.34 0
2329.98 0
2330.61 0
2331.24 0
2331.88 0
2332.51 0
2333.15 0
2333.78 0
2334.41 0
2335.05 0
2335.68 0
2336.32 0
2336.95 0
2337.58 0
2338.22 0
2338.85 0
2339.48 0
2340.12 0
2340.75 0
2341.39 0
2342.02 0
2342.65 0
2343.29 0
2343.92 0
2344.55 0
2345.19 0
2345.82 0
2346.46 0
2347.09 0
2347.72 0
2348.36 0
2348.99 0
2349.63 0
2350.26 0
2350.89 0
2351.53 0
2352.16 0
2352.79 0
2353.43 0
2354.06 0
2354.7 0
2355.33 0
2355.96 0
2356.6 0
2357.23 0
2357.87 0
2358.5 0
2359.13 0
2359.77 0
2360.4 0
2361.03 0
2361.67 0
2362.3 0
2362.94 0
2363.57 0
2364.2 0
2364.84 0
2365.47 0
2366.1 0
2366.74 0
2367.37 0
2368.01 0
2368.64 0
2369.27 0
2369.91 0
2370.54 0
2371.18 0
2371.81 0
2372.44 0
2373.08 0
2373.71 0
2374.34 0
2374.98 0
2375.61 0
2376.25 0
2376.88 0
2377.51 0
2378.15 0
2378.78 0
2379.41 0
2380.05 0
2380.68 0
2381.32 0
2381.95 0
2382.58 0
2383.22 0
2383.85 0
2384.49 0
2385.12 0
2385.75 0
2386.39 0
2387.02 0
2387.65 0
2388.29 0
2388.92 0
2389.56 0
2390.19 0
2390.82 0
2391.46 0
2392.09 0
2392.72 0
2393.36 0
2393.99 0
2394.63 0
2395.26 0
2395.89 0
2396.53 0
2397.16 0
2397.8 0
2398.43 0
2399.06 0
2399.7 0
2400.33 0
2400.96 0
2401.6 0
2402.23 0
2402.87 0
2403.5 0
2404.13 0
2404.77 0
2405.4 0
2406.03 0
2406.67 0
2407.3 0
2407.94 0
2408.57 0
2409.2 0
2409.84 0
2410.47 0
2411.11 0
2411.74 0
2412.37 0
2413.01 0
2413.64 0
2414.27 0
2414.91 0
2415.54 0
2416.18 0
2416.81 0
2417.44 0
2418.08 0
2418.71 0
2419.34 0
2419.98 0
2420.61 0
2421.25 0
2421.88 0
2422.51 0
2423.15 0
2423.78 0
2424.42 0
2425.05 0
2425.68 0
2426.32 0
2426.95 0
2427.58 0
2428.22 0
2428.85 0
2429.49 0
2430.12 0
2430.75 0
2431.39 0
2432.02 0
2432.65 0
2433.29 0
2433.92 0
2434.56 0
2435.19 0
2435.82 0
2436.46 0
2437.09 0
2437.73 0
2438.36 0
2438.99 0
2439.63 0
2440.26 0
2440.89 0
2441.53 0
2442.16 0
2442.8 0.337238
2443.43 1.1607
2444.06 3.36884
2444.7 8.24189
2445.33 16.9957
2445.96 29.5416
2446.6 43.2857
2447.23 53.4689
2447.87 55.6852
2448.5 48.8983
2449.13 36.2074
2449.77 22.6093
2450.4 11.9069
2451.03 5.28899
2451.67 1.98187
2452.3 0.626689
2452.94 0
2453.57 0
2454.2 0
2454.84 0
2455.47 0
2456.11 0
2456.74 0
2457.37 0
2458.01 0
2458.64 0
2459.27 0
2459.91 0
2460.54 0
2461.18 0
2461.81 0
2462.44 0
2463.08 0
2463.71 0
2464.34 0
2464.98 0
2465.61 0
2466.25 0
2466.88 0
2467.51 0
2468.15 0
2468.78 0
2469.41 0
2470.05 0
2470.68 0
2471.32 0
2471.95 0
2472.58 0
2473.22 0
2473.85 0
2474.48 0
2475.12 0
2475.75 0
2476.39 0
2477.02 0
2477.65 0
2478.29 0
2478.92 0
2479.56 0
2480.19 0
2480.82 0
2481.46 0
2482.09 0
2482.72 0
2483.36 0
2483.99 0
2484.63 0
2485.26 0
2485.89 0
2486.53 0
2487.16 0
2487.79 0
2488.43 0
2489.06 0
2489.7 0
2490.33 0
2490.96 0
2491.6 0
2492.23 0
2492.86 0
2493.5 0
2494.13 0
2494.77 0
2495.4 0
2496.03 0
2496.67 0
2497.3 0
2497.93 0
2498.57 0
2499.2 0
2499.84 0
2500.47 0
2501.1 0
2501.74 0
2502.37 0
2503.01 0
2503.64 0
2504.27 0
2504.91 0
2505.54 0
2506.17 0
2506.81 0
2507.44 0
2508.08 0
2508.71 0
2509.34 0
2509.98 0
2510.61 0
2511.24 0
2511.88 0
2512.51 0
2513.15 0
2513.78 0
2514.41 0
2515.05 0
2515.68 0
2516.31 0
2516.95 0
2517.58 0
2518.22 0
2518.85 0
2519.48 0
2520.12 0
2520.75 0
2521.38 0
2522.02 0
2522.65 0
2523.29 0
2523.92 0
2524.55 0
2525.19 0
2525.82 0
2526.45 0
2527.09 0
2527.72 0
2528.36 0
2528.99 0
2529.62 0
2530.26 0
2530.89 0
2531.52 0
2532.16 0
2532.79 0
2533.43 0
2534.06 0
2534.69 0
2535.33 0
2535.96 0
2536.59 0
2537.23 0
2537.86 0
2538.5 0
2539.13 0
2539.76 0
2540.4 0
2541.03 0
2541.67 0
2542.3 0
2542.93 0
2543.57 0
2544.2 0
2544.83 0
2545.47 0
2546.1 0
2546.74 0
2547.37 0
2548 0
2548.64 0
2549.27 0
2549.9 0
2550.54 0
2551.17 0
2551.81 0
2552.44 0
2553.07 0
2553.71 0
2554.34 0
2554.97 0
2555.61 0
2556.24 0
2556.88 0
2557.51 0
2558.14 0
2558.78 0
2559.41 0
2560.04 0
2560.68 0
2561.31 0
2561.95 0
2562.58 0
2563.21 0
2563.85 0
2564.48 0
2565.11 0
2565.75 0
2566.38 0
2567.02 0
2567.65 0
2568.28 0
2568.92 0
2569.55 0
2570.18 0
2570.82 0
2571.45 0
2572.09 0
2572.72 0
2573.35 0
2573.99 0
2574.62 0
2575.25 0
2575.89 0
2576.52 0
2577.16 0
2577.79 0
2578.42 0
2579.06 0
2579.69 0
2580.32 0
2580.96 0
2581.59 0
2582.23 0
2582.86 0
2583.49 0
2584.13 0
2584.76 0
2585.39 0
2586.03 0
2586.66 0
2587.3 0
2587.93 0
2588.56 0
2589.2 0
2589.83 0
2590.46 0
2591.1 0
2591.73 0
2592.37 0
2593 0
2593.63 0
2594.27 0
2594.9 0
2595.53 0
2596.17 0
2596.8 0
2597.44 0
2598.07 0
2598.7 0
2599.34 0
2599.97 0
2600.6 0
2601.24 0
2601.87 0
2602.51 0
2603.14 0
2603.77 0
2604.41 0
2605.04 0
2605.67 0
2606.31 0
2606.94 0
2607.58 0
2608.21 0
2608.84 0
2609.48 0
2610.11 0
2610.74 0
2611.38 0
2612.01 0
2612.65 0
2613.28 0
2613.91 0
2614.55 0
2615.18 0
2615.81 0
2616.45 0
2617.08 0
2617.72 0
2618.35 0
2618.98 0
2619.62 0
2620.25 0
2620.88 0
2621.52 0
2622.15 0
2622.78 0
2623.42 0
2624.05 0
2624.69 0
2625.32 0
2625.95 0
2626.59 0
2627.22 0
2627.85 0
2628.49 0
2629.12 0
2629.76 0
2630.39 0
2631.02 0
2631.66 0
2632.29 0
2632.92 0
2633.56 0
2634.19 0
2634.83 0
2635.46 0
2636.09 0
2636.73 0
2637.36 0
2637.99 0
2638.63 0
2639.26 0
2639.9 0
2640.53 0
2641.16 0
2641.8 0
2642.43 0
2643.06 0
2643.7 0
2644.33 0
2644.97 0
2645.6 0
2646.23 0
2646.87 0
2647.5 0
2648.13 0
2648.77 0
2649.4 0
2650.04 0
2650.67 0
2651.3 0
2651.94 0
2652.57 0
2653.2 0
2653.84 0
2654.47 0
2655.11 0
2655.74 0
2656.37 0
2657.01 0
2657.64 0
2658.27 0
2658.91 0
2659.54 0
2660.17 0
2660.81 0
2661.44 0
2662.08 0
2662.71 0
2663.34 0
2663.98 0
2664.61 0
2665.24 0
2665.88 0
2666.51 0
2667.15 0
2667.78 0
2668.41 0
2669.05 0
2669.68 0
2670.31 0
2670.95 0
2671.58 0
2672.22 0
2672.85 0
2673.48 0
2674.12 0
2674.75 0
2675.38 0
2676.02 0
2676.65 0
2677.29 0
2677.92 0
2678.55 0
2679.19 0
2679.82 0
2680.45 0
2681.09 0
2681.72 0
2682.35 0
2682.99 0
2683.62 0
2684.26 0
2684.89 0
2685.52 0
2686.16 0
2686.79 0
2687.42 0
2688.06 0
2688.69 0
2689.33 0
2689.96 0
2690.59 0
2691.23 0
2691.86 0
2692.49 0
2693.13 0
2693.76 0
2694.4 0
2695.03 0
2695.66 0
2696.3 0
2696.93 0
2697.56 0
2698.2 0
2698.83 0
2699.47 0
2700.1 0
2700.73 0
2701.37 0
2702 0
2702.63 0
2703.27 0
2703.9 0
2704.53 0
2705.17 0
2705.8 0
2706.44 0
2707.07 0
2707.7 0
2708.34 0
2708.97 0
2709.6 0
2710.24 0
2710.87 0
2711.51 0
2712.14 0
2712.77 0
2713.41 0
2714.04 0
2714.67 0
2715.31 0
2715.94 0
2716.58 0
2717.21 0
2717.84 0
2718.48 0
2719.11 0
2719.74 0
2720.38 0
2721.01 0
2721.64 0
2722.28 0
2722.91 0
2723.55 0
2724.18 0
2724.81 0
2725.45 0
2726.08 0
2726.71 0
2727.35 0
2727.98 0
2728.62 0
2729.25 0
2729.88 0
2730.52 0
2731.15 0
2731.78 0
2732.42 0
2733.05 0
2733.68 0
2734.32 0
2734.95 0
2735.59 0
2736.22 0
2736.85 0
2737.49 0
2738.12 0
2738.75 0
2739.39 0
2740.02 0
2740.66 0
2741.29 0
2741.92 0
2742.56 0
2743.19 0
2743.82 0
2744.46 0
2745.09 0
2745.72 0
2746.36 0
2746.99 0
2747.63 0
2748.26 0
2748.89 0
2749.53 0
2750.16 0
2750.79 0
2751.43 0
2752.06 0
2752.7 0
2753.33 0
2753.96 0
2754.6 0
2755.23 0
2755.86 0
2756.5 0
2757.13 0
2757.76 0
2758.4 0
2759.03 0
2759.67 0
2760.3 0
2760.93 0
2761.57 0
2762.2 0
2762.83 0
2763.47 0
2764.1 0
2764.74 0
2765.37 0
2766 0
2766.64 0
2767.27 0
2767.9 0
2768.54 0
2769.17 0
2769.8 0
2770.44 0
2771.07 0
2771.71 0
2772.34 0
2772.97 0
2773.61 0
2774.24 0
2774.87 0
2775.51 0
2776.14 0
2776.78 0
2777.41 0
2778.04 0
2778.68 0
2779.31 0
2779.94 0
2780.58 0
2781.21 0
2781.84 0
2782.48 0
2783.11 0
2783.75 0
2784.38 0
2785.01 0
2785.65 0
2786.28 0
2786.91 0
2787.55 0
2788.18 0
2788.81 0
2789.45 0
2790.08 0
2790.72 0
2791.35 0
2791.98 0
2792.62 0
2793.25 0
2793.88 0
2794.52 0
2795.15 0
2795.79 0
2796.42 0
2797.05 0
2797.69 0
2798.32 0
2798.95 0
2799.59 0
2800.22 0
2800.85 0
2801.49 0
2802.12 0
2802.76 0
2803.39 0
2804.02 0
2804.66 0
2805.29 0
2805.92 0
2806.56 0
2807.19 0
2807.82 0
2808.46 0
2809.09 0
2809.73 0
2810.36 0
2810.99 0
2811.63 0
2812.26 0
2812.89 0
2813.53 0
2814.16 0
2814.79 0
2815.43 0
2816.06 0
2816.7 0
2817.33 0
2817.96 0
2818.6 0
2819.23 0
2819.86 0
2820.5 0
2821.13 0
2821.77 0
2822.4 0
2823.03 0
2823.67 0
2824.3 0
2824.93 0
2825.57 0
2826.2 0
2826.83 0
2827.47 0
2828.1 0
2828.74 0
2829.37 0
2830 0
2830.64 0
2831.27 0
2831.9 0
2832.54 0
2833.17 0
2833.8 0
2834.44 0
2835.07 0
2835.71 0
2836.34 0
2836.97 0
2837.61 0
2838.24 0
2838.87 0
2839.51 0
2840.14 0
2840.77 0
2841.41 0
2842.04 0
2842.68 0
2843.31 0
2843.94 0
2844.58 0
2845.21 0
2845.84 0
2846.48 0
2847.11 0
2847.74 0
2848.38 0
2849.01 0
2849.65 0
2850.28 0
2850.91 0
2851.55 0
2852.18 0
2852.81 0
2853.45 0
2854.08 0
2854.71 0
2855.35 0
2855.98 0
2856.62 0
2857.25 0
2857.88 0
2858.52 0
2859.15 0
2859.78 0
2860.42 0
2861.05 0
2861.68 0
2862.32 0
2862.95 0
2863.59 0
2864.22 0
2864.85 0
2865.49 0
2866.12 0
2866.75 0
2867.39 0
2868.02 0
2868.65 0
2869.29 0
2869.92 0
2870.56 0
2871.19 0
2871.82 0
2872.46 0
2873.09 0
2873.72 0
2874.36 0
2874.99 0
2875.62 0
2876.26 0
2876.89 0
2877.53 0
2878.16 0
2878.79 0
2879.43 0
2880.06 0
2880.69 0
2881.33 0
2881.96 0
2882.59 0
2883.23 0
2883.86 0
2884.5 0
2885.13 0
2885.76 0
2886.4 0
2887.03 0
2887.66 0
2888.3 0
2888.93 0
2889.56 0
2890.2 0
2890.83 0
2891.47 0
2892.1 0
2892.73 0
2893.37 0
2894 0
2894.63 0
2895.27 0
2895.9 0
2896.53 0
2897.17 0
2897.8 0
2898.44 0
2899.07 0
2899.7 0
2900.34 0
2900.97 0
2901.6 0
2902.24 0
2902.87 0
2903.5 0
2904.14 0
2904.77 0
2905.4 0
2906.04 0
2906.67 0
2907.31 0
2907.94 0
2908.57 0
2909.21 0
2909.84 0
2910.47 0
2911.11 0
2911.74 0
2912.37 0
2913.01 0
2913.64 0
2914.28 0
2914.91 0
2915.54 0
2916.18 0
2916.81 0
2917.44 0
2918.08 0
2918.71 0
2919.34 0
2919.98 0
2920.61 0
2921.25 0
2921.88 0
2922.51 0
2923.15 0
2923.78 0
2924.41 0
2925.05 0
2925.68 0
2926.31 0
2926.95 0
2927.58 0
2928.21 0
2928.85 0
2929.48 0
2930.12 0
2930.75 0
2931.38 0
2932.02 0
2932.65 0
2933.28 0
2933.92 0
2934.55 0
2935.18 0
2935.82 0
2936.45 0
2937.09 0
2937.72 0
2938.35 0
2938.99 0
2939.62 0
2940.25 0
2940.89 0
2941.52 0
2942.15 0
2942.79 0
2943.42 0
2944.05 0
2944.69 0
2945.32 0
2945.96 0
2946.59 0
2947.22 0
2947.86 0
2948.49 0
2949.12 0
2949.76 0
2950.39 0
2951.02 0
2951.66 0
2952.29 0
2952.92 0
2953.56 0
2954.19 0
2954.83 0
2955.46 0
2956.09 0
2956.73 0
2957.36 0
2957.99 0
2958.63 0
2959.26 0
2959.89 0
2960.53 0
2961.16 0
2961.8 0
2962.43 0
2963.06 0
2963.7 0
2964.33 0
2964.96 0
2965.6 0
2966.23 0
2966.86 0
2967.5 0
2968.13 0
2968.76 0
2969.4 0
2970.03 0
2970.67 0
2971.3 0
2971.93 0
2972.57 0
2973.2 0
2973.83 0
2974.47 0
2975.1 0
2975.73 0
2976.37 0
2977 0
2977.63 0
2978.27 0
2978.9 0
2979.54 0
2980.17 0
2980.8 0
2981.44 0
2982.07 0
2982.7 0
2983.34 0
2983.97 0
2984.6 0
2985.24 0
2985.87 0
2986.5 0
2987.14 0
2987.77 0
2988.41 0
2989.04 0
2989.67 0
2990.31 0
2990.94 0
2991.57 0
2992.21 0
2992.84 0
2993.47 0
2994.11 0
2994.74 0
2995.37 0
2996.01 0
2996.64 0
2997.28 0
2997.91 0
2998.54 0
2999.18 0
2999.81 0
3000.44 0
3001.08 0
3001.71 0
3002.34 0
3002.98 0
3003.61 0
3004.24 0
3004.88 0
3005.51 0
3006.15 0
3006.78 0
3007.41 0
3008.05 0
3008.68 0
3009.31 0
3009.95 0
3010.58 0
3011.21 0
3011.85 0
3012.48 0
3013.11 0
3013.75 0
3014.38 0
3015.02 0
3015.65 0
3016.28 0
3016.92 0
3017.55 0
3018.18 0
3018.82 0
3019.45 0
3020.08 0
3020.72 0
3021.35 0
3021.98 0
3022.62 0
3023.25 0
3023.89 0
3024.52 0
3025.15 0
3025.79 0
3026.42 0
3027.05 0
3027.69 0
3028.32 0
3028.95 0
3029.59 0
3030.22 0
3030.85 0
3031.49 0
3032.12 0
3032.75 0
3033.39 0
3034.02 0
3034.66 0
3035.29 0
3035.92 0
3036.56 0
3037.19 0
3037.82 0
3038.46 0
3039.09 0
3039.72 0
3040.36 0
3040.99 0
3041.62 0
3042.26 0
3042.89 0
3043.53 0
3044.16 0
3044.79 0
3045.43 0
3046.06 0
3046.69 0
3047.33 0
3047.96 0
3048.59 0
3049.23 0
3049.86 0
3050.49 0
3051.13 0
3051.76 0
3052.39 0
3053.03 0
3053.66 0
3054.3 0
3054.93 0
3055.56 0
3056.2 0
3056.83 0
3057.46 0
3058.1 0
3058.73 0
3059.36 0
3060 0
3060.63 0
3061.26 0
3061.9 0
3062.53 0
3063.16 0
3063.8 0
3064.43 0
3065.07 0
3065.7 0
3066.33 0
3066.97 0
3067.6 0
3068.23 0
3068.87 0
3069.5 0
3070.13 0
3070.77 0
3071.4 0
3072.03 0
3072.67 0
3073.3 0
3073.93 0
3074.57 0
3075.2 0
3075.84 0
3076.47 0
3077.1 0
3077.74 0
3078.37 0
3079 0
3079.64 0
3080.27 0
3080.9 0
3081.54 0
3082.17 0
3082.8 0
3083.44 0
3084.07 0
3084.7 0
3085.34 0
3085.97 0
3086.61 0
3087.24 0
3087.87 0
3088.51 0
3089.14 0
3089.77 0
3090.41 0
3091.04 0
3091.67 0
3092.31 0
3092.94 0
3093.57 0
3094.21 0
3094.84 0
3095.47 0
3096.11 0
3096.74 0
3097.38 0
3098.01 0
3098.64 0
3099.28 0
3099.91 0
3100.54 0
3101.18 0
3101.81 0
3102.44 0
3103.08 0
3103.71 0
3104.34 0
3104.98 0
3105.61 0
3106.24 0
3106.88 0
3107.51 0
3108.14 0
3108.78 0
3109.41 0
3110.05 0
3110.68 0
3111.31 0
3111.95 0
3112.58 0
3113.21 0
3113.85 0
3114.48 0
3115.11 0
3115.75 0
3116.38 0
3117.01 0
3117.65 0
3118.28 0
3118.91 0
3119.55 0
3120.18 0
3120.81 0
3121.45 0
3122.08 0
3122.72 0
3123.35 0
3123.98 0
3124.62 0
3125.25 0
3125.88 0
3126.52 0
3127.15 0
3127.78 0
3128.42 0
3129.05 0
3129.68 0
3130.32 0
3130.95 0
3131.58 0
3132.22 0
3132.85 0
3133.48 0
3134.12 0
3134.75 0
3135.39 0
3136.02 0
3136.65 0
3137.29 0
3137.92 0
3138.55 0
3139.19 0
3139.82 0
3140.45 0
3141.09 0
3141.72 0
3142.35 0
3142.99 0
3143.62 0
3144.25 0
3144.89 0
3145.52 0
3146.15 0
3146.79 0
3147.42 0
3148.06 0
3148.69 0
3149.32 0
3149.96 0
3150.59 0
3151.22 0
3151.86 0
3152.49 0
3153.12 0
3153.76 0
3154.39 0
3155.02 0
3155.66 0
3156.29 0
3156.92 0
3157.56 0
3158.19 0
3158.82 0
3159.46 0
3160.09 0
3160.72 0
3161.36 0
3161.99 0
3162.63 0
3163.26 0
3163.89 0
3164.53 0
3165.16 0
3165.79 0
3166.43 0
3167.06 0
3167.69 0
3168.33 0
3168.96 0
3169.59 0
3170.23 0
3170.86 0
3171.49 0
3172.13 0
3172.76 0
3173.39 0
3174.03 0
3174.66 0
3175.29 0
3175.93 0
3176.56 0
3177.2 0
3177.83 0
3178.46 0
3179.1 0
3179.73 0
3180.36 0
3181 0
3181.63 0
3182.26 0
3182.9 0
3183.53 0
3184.16 0
3184.8 0
3185.43 0
3186.06 0
3186.7 0
3187.33 0
3187.96 0
3188.6 0
3189.23 0
3189.86 0
3190.5 0
3191.13 0
3191.76 0
3192.4 0
3193.03 0
3193.67 0
3194.3 0
3194.93 0
3195.57 0
3196.2 0
3196.83 0
3197.47 0
3198.1 0
3198.73 0
