0.598111 0
1.2382 0
1.87828 0
2.51836 0
3.15845 0
3.79853 0
4.43862 0
5.0787 0
5.71878 0
6.35887 0
6.99895 0
7.63904 0
8.27912 0
8.9192 0
9.55929 0
10.1994 0
10.8395 0
11.4795 0
12.1196 0
12.7597 0
13.3998 0
14.0399 0
14.68 0
15.32 0
15.9601 0
16.6002 0
17.2403 0
17.8804 0
18.5205 0
19.1606 0
19.8006 0
20.4407 0
21.0808 0
21.7209 0
22.361 0
23.0011 0
23.6411 0
24.2812 0
24.9213 0
25.5614 0
26.2015 0
26.8416 0
27.4816 0
28.1217 0
28.7618 0
29.4019 0
30.042 0
30.6821 0
31.3221 0
31.9622 0
32.6023 0
33.2424 0
33.8825 0
34.5226 0
35.1627 0
35.8027 0
36.4428 0
37.0829 0
37.723 0
38.3631 0
39.0032 0
39.6432 0
40.2833 0
40.9234 0
41.5635 0
42.2036 0
42.8437 0
43.4837 0
44.1238 0
44.7639 0
45.404 0
46.0441 0
46.6842 0
47.3243 0
47.9643 0
48.6044 145.753
49.2445 145.409
49.8846 145.343
50.5247 145.455
51.1648 146.741
51.8048 152.53
52.4449 164.722
53.085 173.596
53.7251 167.706
54.3652 154.862
55.0053 147.328
55.6453 145.254
56.2854 144.93
56.9255 144.867
57.5656 0
58.2057 0
58.8458 0
59.4858 0
60.1259 0
60.766 0
61.4061 0
62.0462 0
62.6863 0
63.3264 0
63.9664 0
64.6065 0
65.2466 0
65.8867 0
66.5268 0
67.1669 0
67.8069 0
68.447 0
69.0871 0
69.7272 0
70.3673 0
71.0074 0
71.6474 0
72.2875 0
72.9276 0
73.5677 0
74.2078 0
74.8479 0
75.488 197.655
76.128 202.582
76.7681 208.421
77.4082 222.938
78.0483 280.751
78.6884 453.639
79.3285 824.584
79.9685 1479.31
80.6086 2191.08
81.2487 2059.06
81.8888 1243
82.5289 483.865
83.169 184.173
83.809 126.241
84.4491 122.482
85.0892 124.827
85.7293 127.538
86.3694 130.26
87.0095 132.983
87.6495 135.705
88.2896 0
88.9297 0
89.5698 0
90.2099 0
90.85 0
91.4901 0
92.1301 0
92.7702 0
93.4103 0
94.0504 0
94.6905 0
95.3306 0
95.9706 0
96.6107 0
97.2508 0
97.8909 0
98.531 0
99.1711 0
99.8111 0
100.451 0
101.091 0
101.731 0
102.371 0
103.012 0
103.652 0
104.292 0
104.932 0
105.572 0
106.212 0
106.852 0
107.492 0
108.132 0
108.772 0
109.412 0
110.052 0
110.693 0
111.333 0
111.973 0
112.613 0
113.253 0
113.893 0
114.533 0
115.173 0
115.813 0
116.453 0
117.093 0
117.734 0
118.374 0
119.014 0
119.654 0
120.294 0
120.934 0
121.574 0
122.214 0
122.854 0
123.494 0
124.134 0
124.774 0
125.415 0
126.055 0
126.695 0
127.335 0
127.975 0
128.615 0
129.255 0
129.895 0
130.535 0
131.175 0
131.815 0
132.455 0
133.096 0
133.736 0
134.376 0
135.016 0
135.656 0
136.296 0
136.936 0
137.576 0
138.216 0
138.856 0
139.496 0
140.136 0
140.777 0
141.417 0
142.057 0
142.697 0
143.337 0
143.977 0
144.617 0
145.257 0
145.897 0
146.537 0
147.177 0
147.817 0
148.458 0
149.098 0
149.738 0
150.378 0
151.018 0
151.658 0
152.298 0
152.938 0
153.578 0
154.218 0
154.858 0
155.498 0
156.139 371.76
156.779 369.322
157.419 366.977
158.059 365.633
158.699 370.128
159.339 391.399
159.979 429.102
160.619 448.73
161.259 423.327
161.899 380.905
162.539 355.236
163.179 346.06
163.82 342.554
164.46 0
165.1 0
165.74 0
166.38 0
167.02 0
167.66 0
168.3 0
168.94 0
169.58 0
170.22 0
170.86 0
171.501 0
172.141 0
172.781 0
173.421 0
174.061 0
174.701 0
175.341 0
175.981 0
176.621 0
177.261 0
177.901 0
178.541 0
179.182 0
179.822 0
180.462 0
181.102 0
181.742 0
182.382 0
183.022 0
183.662 0
184.302 0
184.942 0
185.582 0
186.222 0
186.863 0
187.503 0
188.143 0
188.783 0
189.423 0
190.063 0
190.703 0
191.343 0
191.983 0
192.623 0
193.263 0
193.904 0
194.544 0
195.184 0
195.824 0
196.464 0
197.104 0
197.744 0
198.384 0
199.024 0
199.664 0
200.304 0
200.944 0
201.585 0
202.225 0
202.865 0
203.505 0
204.145 0
204.785 0
205.425 0
206.065 0
206.705 0
207.345 0
207.985 0
208.625 0
209.266 0
209.906 0
210.546 0
211.186 0
211.826 0
212.466 0
213.106 0
213.746 0
214.386 0
215.026 0
215.666 0
216.306 0
216.947 0
217.587 0
218.227 0
218.867 176.006
219.507 174.481
220.147 173.088
220.787 172.833
221.427 177.925
222.067 195.303
222.707 220.482
223.347 228.858
223.987 208.602
224.628 181.07
225.268 165.399
225.908 159.838
226.548 157.657
227.188 156.063
227.828 154.525
228.468 0
229.108 0
229.748 0
230.388 0
231.028 0
231.668 0
232.309 0
232.949 0
233.589 0
234.229 0
234.869 0
235.509 0
236.149 0
236.789 0
237.429 135.011
238.069 133.226
238.709 131.441
239.349 129.667
239.99 127.951
240.63 126.397
241.27 125.018
241.91 123.508
242.55 121.552
243.19 119.353
243.83 117.279
244.47 115.393
245.11 113.588
245.75 111.8
246.39 110.014
247.03 0
247.671 0
248.311 0
248.951 0
249.591 0
250.231 0
250.871 0
251.511 0
252.151 0
252.791 0
253.431 0
254.071 0
254.711 0
255.352 0
255.992 0
256.632 0
257.272 0
257.912 0
258.552 0
259.192 0
259.832 0
260.472 0
261.112 0
261.752 0
262.393 0
263.033 0
263.673 0
264.313 0
264.953 0
265.593 0
266.233 0
266.873 0
267.513 0
268.153 0
268.793 0
269.433 0
270.074 0
270.714 0
271.354 0
271.994 0
272.634 0
273.274 82.1581
273.914 98.0204
274.554 182.604
275.194 421.715
275.834 765.553
276.474 917.985
277.114 708.298
277.755 369.48
278.395 157.927
279.035 83.7939
279.675 66.5841
280.315 62.7496
280.955 60.9413
281.595 59.3417
282.235 57.7566
282.875 0
283.515 0
284.155 0
284.795 0
285.436 0
286.076 0
286.716 0
287.356 0
287.996 0
288.636 0
289.276 0
289.916 0
290.556 55.1591
291.196 55.1804
291.836 55.2038
292.476 55.2476
293.117 55.4041
293.757 55.8935
294.397 56.7953
295.037 57.528
295.677 57.3328
296.317 56.46
296.957 55.7485
297.597 55.4709
298.237 55.4297
298.877 55.6114
299.517 58.3128
300.157 83.812
300.798 227.846
301.438 699.022
302.078 1531.54
302.718 2136.88
303.358 1850.83
303.998 1009.32
304.638 361.956
305.278 108.648
305.918 51.9868
306.558 44.2249
307.198 43.3097
307.838 42.9593
308.479 42.6369
309.119 42.3153
309.759 41.9938
310.399 41.6723
311.039 0
311.679 0
312.319 0
312.959 0
313.599 0
314.239 0
314.879 0
315.519 0
316.16 0
316.8 0
317.44 0
318.08 0
318.72 0
319.36 0
320 0
320.64 0
321.28 0
321.92 0
322.56 0
323.2 0
323.841 0
324.481 0
325.121 0
325.761 0
326.401 0
327.041 0
327.681 0
328.321 0
328.961 0
329.601 0
330.241 0
330.882 0
331.522 0
332.162 0
332.802 0
333.442 0
334.082 0
334.722 0
335.362 0
336.002 0
336.642 0
337.282 0
337.922 0
338.563 0
339.203 0
339.843 0
340.483 0
341.123 0
341.763 0
342.403 0
343.043 0
343.683 0
344.323 0
344.963 0
345.603 0
346.244 0
346.884 0
347.524 40.2717
348.164 38.8085
348.804 37.3912
349.444 36.2948
350.084 36.4812
350.724 39.2922
351.364 43.6588
352.004 45.2541
352.644 49.5634
353.284 125.738
353.925 569.596
354.565 1994.63
355.205 4506.01
355.845 6417.57
356.485 5735.89
357.125 3227.83
357.765 1146.09
358.405 262.059
359.045 44.9522
359.685 12.6749
360.325 9.58928
360.965 9.26201
361.606 9.09432
362.246 8.93235
362.886 8.7705
363.526 8.60866
364.166 8.44682
364.806 8.28498
365.446 8.12313
366.086 7.96129
366.726 7.79945
367.366 7.63761
368.006 0
368.646 0
369.287 0
369.927 0
370.567 0
371.207 0
371.847 0
372.487 0
373.127 0
373.767 0
374.407 0
375.047 0
375.687 0
376.327 0
376.968 0
377.608 0
378.248 0
378.888 0
379.528 0
380.168 0
380.808 0
381.448 0
382.088 0
382.728 0
383.368 0
384.008 855.846
384.649 612.768
385.289 285.601
385.929 93.8935
386.569 0
387.209 0
387.849 0
388.489 0
389.129 0
389.769 0
390.409 0
391.049 0
391.689 0
392.33 0
392.97 0
393.61 0
394.25 0
394.89 0
395.53 0
396.17 0
396.81 0
397.45 0
398.09 0
398.73 0
399.371 0
400.011 0
400.651 0
401.291 0
401.931 0
402.571 0
403.211 0
403.851 0
404.491 0
405.131 0
405.771 0
406.411 0
407.052 0
407.692 0
408.332 0
408.972 0
409.612 0
410.252 0
410.892 0
411.532 0
412.172 0
412.812 0
413.452 0
414.092 0
414.733 0
415.373 0
416.013 0
416.653 0
417.293 0
417.933 0
418.573 0
419.213 0
419.853 0
420.493 0
421.133 0
421.773 0
422.414 0
423.054 0
423.694 0
424.334 0
424.974 0
425.614 0
426.254 0
426.894 0
427.534 0
428.174 0
428.814 0
429.454 0
430.095 0
430.735 0
431.375 0
432.015 0
432.655 0
433.295 0
433.935 0
434.575 0
435.215 0
435.855 0
436.495 0
437.135 0
437.776 0
438.416 0
439.056 0
439.696 0
440.336 0
440.976 0
441.616 0
442.256 0
442.896 0
443.536 0
444.176 0
444.816 0
445.457 0
446.097 0
446.737 0
447.377 0
448.017 0
448.657 0
449.297 0
449.937 0
450.577 0
451.217 0
451.857 0
452.497 0
453.138 0
453.778 0
454.418 0
455.058 0
455.698 0
456.338 0
456.978 0
457.618 0
458.258 0
458.898 0
459.538 0
460.178 0
460.819 0
461.459 0
462.099 0
462.739 0
463.379 0
464.019 0
464.659 0
465.299 0
465.939 0
466.579 0
467.219 0
467.86 0
468.5 0
469.14 0
469.78 0
470.42 0
471.06 0
471.7 0
472.34 0
472.98 0
473.62 0
474.26 0
474.9 0
475.541 0
476.181 0
476.821 0
477.461 0
478.101 0
478.741 0
479.381 0
480.021 0
480.661 0
481.301 0
481.941 0
482.581 0
483.222 0
483.862 0
484.502 0
485.142 0
485.782 0
486.422 0
487.062 0
487.702 0
488.342 0
488.982 0
489.622 0
490.262 0
490.903 0
491.543 0
492.183 0
492.823 0
493.463 0
494.103 0
494.743 0
495.383 0
496.023 0
496.663 0
497.303 0
497.943 0
498.584 0
499.224 0
499.864 0
500.504 0
501.144 0
501.784 0
502.424 0
503.064 0
503.704 0
504.344 0
504.984 0
505.624 0
506.265 0
506.905 0
507.545 0
508.185 0
508.825 0
509.465 0
510.105 0
510.745 0
511.385 0
512.025 0
512.665 0
513.305 0
513.946 0
514.586 0
515.226 0
515.866 0
516.506 0
517.146 0
517.786 0
518.426 0
519.066 0
519.706 0
520.346 0
520.986 0
521.627 0
522.267 0
522.907 0
523.547 0
524.187 0
524.827 0
525.467 0
526.107 0
526.747 0
527.387 0
528.027 0
528.667 0
529.308 0
529.948 0
530.588 0
531.228 0
531.868 0
532.508 0
533.148 0
533.788 0
534.428 0
535.068 0
535.708 0
536.349 0
536.989 0
537.629 0
538.269 0
538.909 0
539.549 0
540.189 0
540.829 0
541.469 0
542.109 0
542.749 0
543.389 0
544.03 0
544.67 0
545.31 0
545.95 0
546.59 0
547.23 0
547.87 0
548.51 0
549.15 0
549.79 0
550.43 0
551.07 0
551.711 0
552.351 0
552.991 0
553.631 0
554.271 0
554.911 0
555.551 0
556.191 0
556.831 0
557.471 0
558.111 0
558.751 0
559.392 0
560.032 0
560.672 0
561.312 0
561.952 0
562.592 0
563.232 0
563.872 0
564.512 0
565.152 0
565.792 0
566.432 0
567.073 0
567.713 0
568.353 0
568.993 0
569.633 0
570.273 0
570.913 0
571.553 0
572.193 0
572.833 0
573.473 0
574.113 0
574.754 0
575.394 0
576.034 0
576.674 0
577.314 0
577.954 0
578.594 0.762754
579.234 0.763132
579.874 0.766637
580.514 0.787934
581.154 0.871685
581.794 1.07874
582.435 1.37805
583.075 1.56748
583.715 1.47001
584.355 1.18067
584.995 0.928857
585.635 0.807168
586.275 0.770731
586.915 0.763697
587.555 0.762805
588.195 0
588.835 0
589.475 0
590.116 0
590.756 0
591.396 0
592.036 0
592.676 0
593.316 0
593.956 0
594.596 0
595.236 0
595.876 0
596.516 0
597.156 0
597.797 0
598.437 0
599.077 0
599.717 0
600.357 0
600.997 0
601.637 0
602.277 0
602.917 0
603.557 0
604.197 0
604.837 1.35374
605.478 1.32137
606.118 1.31931
606.758 1.47132
607.398 2.10409
608.038 3.55889
608.678 5.43244
609.318 6.32885
609.958 5.36836
610.598 3.42506
611.238 1.89401
611.878 1.18321
612.519 0.955197
613.159 0.883245
613.799 0.842375
614.439 0
615.079 0
615.719 0
616.359 0
616.999 0
617.639 0
618.279 0
618.919 0
619.559 0
620.2 0
620.84 0
621.48 0
622.12 0
622.76 0
623.4 0
624.04 0
624.68 0
625.32 0
625.96 0
626.6 0
627.24 0
627.881 0
628.521 0
629.161 0
629.801 0
630.441 0
631.081 0
631.721 0
632.361 0
633.001 0
633.641 0
634.281 0
634.921 0
635.562 0
636.202 0
636.842 0
637.482 0
638.122 0
638.762 0
639.402 0
640.042 0
640.682 0
641.322 0
641.962 0
642.602 0
643.243 0
643.883 0
644.523 0
645.163 0
645.803 0
646.443 0
647.083 0
647.723 0
648.363 0
649.003 0
649.643 0
650.283 0
650.924 0
651.564 0
652.204 0
652.844 0
653.484 0
654.124 0
654.764 0
655.404 0
656.044 0
656.684 0.711926
657.324 0.712604
657.964 0.719696
658.605 0.769543
659.245 1.00274
659.885 1.71532
660.525 3.08071
661.165 4.54013
661.805 4.94968
662.445 3.93017
663.085 2.40651
663.725 1.38799
664.365 1.04172
665.005 1.02489
665.645 1.02462
666.286 0.940402
666.926 0.827279
667.566 0.751912
668.206 0.721418
668.846 0.713442
669.486 0.712056
670.126 0.711894
670.766 0
671.406 0
672.046 0
672.686 0
673.326 0
673.967 0
674.607 0
675.247 0
675.887 0
676.527 0
677.167 0
677.807 0
678.447 0
679.087 0
679.727 0
680.367 0
681.008 0
681.648 0
682.288 0
682.928 0
683.568 0
684.208 0
684.848 0
685.488 0
686.128 0
686.768 0
687.408 0
688.048 0
688.689 0
689.329 0
689.969 0
690.609 0
691.249 0
691.889 0
692.529 0
693.169 0
693.809 0
694.449 0
695.089 0
695.729 0
696.37 0
697.01 0
697.65 0
698.29 0
698.93 0
699.57 0
700.21 0
700.85 0
701.49 0
702.13 0
702.77 0
703.41 0
704.051 0
704.691 0
705.331 0
705.971 0
706.611 0
707.251 0
707.891 0
708.531 0
709.171 0
709.811 0
710.451 0
711.091 0
711.732 0
712.372 0
713.012 0
713.652 0
714.292 0
714.932 0
715.572 0
716.212 0
716.852 0
717.492 0
718.132 0
718.772 0
719.413 0
720.053 0
720.693 0
721.333 0
721.973 0
722.613 0
723.253 0
723.893 0
724.533 0
725.173 0
725.813 0
726.453 0
727.094 0
727.734 0
728.374 0
729.014 0
729.654 0
730.294 0
730.934 0
731.574 0
732.214 0
732.854 0
733.494 0
734.134 0
734.775 0
735.415 0
736.055 0
736.695 0
737.335 0
737.975 0
738.615 0
739.255 0
739.895 0
740.535 0
741.175 0
741.815 0
742.456 0
743.096 0
743.736 0
744.376 0
745.016 0
745.656 0
746.296 0
746.936 0
747.576 0
748.216 0
748.856 0
749.497 0
750.137 0
750.777 0
751.417 0
752.057 0
752.697 0
753.337 0
753.977 0
754.617 0
755.257 0
755.897 0
756.537 0
757.178 0
757.818 0
758.458 0
759.098 0
759.738 0
760.378 0
761.018 0
761.658 0
762.298 0
762.938 0
763.578 0
764.218 0
764.859 0
765.499 0
766.139 0
766.779 0
767.419 0
768.059 0
768.699 0
769.339 0
769.979 0
770.619 0
771.259 0
771.899 0
772.54 0
773.18 0
773.82 0
774.46 0
775.1 0
775.74 0
776.38 0
777.02 0
777.66 0
778.3 0
778.94 0
779.58 0
780.221 0
780.861 0
781.501 0
782.141 0
782.781 0
783.421 0
784.061 0
784.701 0
785.341 0
785.981 0
786.621 0
787.261 0
787.902 0
788.542 0
789.182 0
789.822 0
790.462 0
791.102 0
791.742 0
792.382 0
793.022 0
793.662 0
794.302 0
794.942 0
795.583 0
796.223 0
796.863 0
797.503 0
798.143 0
798.783 0
799.423 0
800.063 0
800.703 0
801.343 0
801.983 0
802.623 0
803.264 0
803.904 0
804.544 0
805.184 0
805.824 0
806.464 0
807.104 0
807.744 0
808.384 0
809.024 0
809.664 0
810.304 0
810.945 0
811.585 0
812.225 0
812.865 0
813.505 0
814.145 0
814.785 0
815.425 0
816.065 0
816.705 0
817.345 0
817.986 0
818.626 0
819.266 0
819.906 0
820.546 0
821.186 0
821.826 0
822.466 0
823.106 0
823.746 0
824.386 0
825.026 0
825.667 0
826.307 0
826.947 0
827.587 0
828.227 0
828.867 0
829.507 0
830.147 0
830.787 0
831.427 0
832.067 0
832.707 0
833.348 0
833.988 0
834.628 0
835.268 0
835.908 0
836.548 0
837.188 0
837.828 0
838.468 0
839.108 0
839.748 0
840.388 0
841.029 0
841.669 0
842.309 0
842.949 0
843.589 0
844.229 0
844.869 0
845.509 0
846.149 0
846.789 0
847.429 0
848.069 0
848.71 0
849.35 0
849.99 0
850.63 0
851.27 0
851.91 0
852.55 0
853.19 0
853.83 0
854.47 0
855.11 0
855.75 0
856.391 0
857.031 0
857.671 0
858.311 0
858.951 0
859.591 0
860.231 0
860.871 0
861.511 0
862.151 0
862.791 0
863.431 0
864.072 0
864.712 0
865.352 0
865.992 0
866.632 0
867.272 0
867.912 0
868.552 0
869.192 0
869.832 0
870.472 0
871.112 0
871.753 0
872.393 0
873.033 0
873.673 0
874.313 0
874.953 0
875.593 0
876.233 0
876.873 0
877.513 0
878.153 0
878.793 0
879.434 0
880.074 0
880.714 0
881.354 0
881.994 0
882.634 0
883.274 0
883.914 0
884.554 0
885.194 0
885.834 0
886.475 0
887.115 0
887.755 0
888.395 0
889.035 0
889.675 0
890.315 0
890.955 0
891.595 0
892.235 0
892.875 0
893.515 0
894.156 0
894.796 0
895.436 0
896.076 0
896.716 0
897.356 0
897.996 0
898.636 0
899.276 0
899.916 0
900.556 0
901.196 0
901.837 0
902.477 0
903.117 0
903.757 0
904.397 0
905.037 0
905.677 0
906.317 0
906.957 0
907.597 0
908.237 0
908.877 0
909.518 0
910.158 0
910.798 0
911.438 0
912.078 0
912.718 0
913.358 0
913.998 0
914.638 0
915.278 0
915.918 0
916.558 0
917.199 0
917.839 0
918.479 0
919.119 0
919.759 0
920.399 0
921.039 0
921.679 0
922.319 0
922.959 0
923.599 0
924.239 0
924.88 0
925.52 0
926.16 0
926.8 0
927.44 0
928.08 0
928.72 0
929.36 0
930 0
930.64 0
931.28 0
931.92 0
932.561 0
933.201 0
933.841 0
934.481 0
935.121 0
935.761 0
936.401 0
937.041 0
937.681 0
938.321 0
938.961 0
939.601 0
940.242 0
940.882 0
941.522 0
942.162 0
942.802 0
943.442 0
944.082 0
944.722 0
945.362 0
946.002 0
946.642 0
947.282 0
947.923 0
948.563 0
949.203 0
949.843 0
950.483 0
951.123 0
951.763 0
952.403 0
953.043 0
953.683 0
954.323 0
954.964 0
955.604 0
956.244 0
956.884 0
957.524 0
958.164 0
958.804 0
959.444 0
960.084 0
960.724 0
961.364 0
962.004 0
962.645 0
963.285 0
963.925 0
964.565 0
965.205 0
965.845 0
966.485 0
967.125 0
967.765 0
968.405 0
969.045 0
969.685 0
970.326 0
970.966 0
971.606 0
972.246 0
972.886 0
973.526 0
974.166 0
974.806 0
975.446 0
976.086 0
976.726 0
977.366 0
978.007 0
978.647 0
979.287 0
979.927 0
980.567 0
981.207 0
981.847 0
982.487 0
983.127 0
983.767 0
984.407 0
985.047 0
985.688 0
986.328 0
986.968 0
987.608 0
988.248 0
988.888 0
989.528 0
990.168 0
990.808 0
991.448 0
992.088 0
992.728 0
993.369 0
994.009 0
994.649 0
995.289 0
995.929 0
996.569 0
997.209 0
997.849 0
998.489 0
999.129 0
999.769 0
1000.41 0
1001.05 0
1001.69 0
1002.33 0
1002.97 0
1003.61 0
1004.25 0
1004.89 0
1005.53 0
1006.17 0
1006.81 0
1007.45 0
1008.09 0
1008.73 0
1009.37 0
1010.01 0
1010.65 0
1011.29 0
1011.93 0
1012.57 0
1013.21 0
1013.85 0
1014.49 0
1015.13 0
1015.77 0
1016.41 0
1017.05 0
1017.69 0
1018.33 0
1018.97 0
1019.61 0
1020.25 0
1020.89 0
1021.53 0
1022.17 0
1022.81 0
1023.45 0
1024.09 0
1024.73 0
1025.37 0
1026.01 0
1026.65 0
1027.29 0
1027.93 0
1028.57 0
1029.21 0
1029.85 0
1030.49 0
1031.13 0
1031.77 0
1032.41 0
1033.05 0
1033.69 0
1034.33 0
1034.97 0
1035.61 0
1036.25 0
1036.89 0
1037.53 0
1038.17 0
1038.81 0
1039.45 0
1040.09 0
1040.73 0
1041.37 0
1042.01 0
1042.66 0
1043.3 0
1043.94 0
1044.58 0
1045.22 0
1045.86 0
1046.5 0
1047.14 0
1047.78 0
1048.42 0
1049.06 0
1049.7 0
1050.34 0
1050.98 0
1051.62 0
1052.26 0
1052.9 0
1053.54 0
1054.18 0
1054.82 0
1055.46 0
1056.1 0
1056.74 0
1057.38 0
1058.02 0
1058.66 0
1059.3 0
1059.94 0
1060.58 0
1061.22 0
1061.86 0
1062.5 0
1063.14 0
1063.78 0
1064.42 0
1065.06 0
1065.7 0
1066.34 0
1066.98 0
1067.62 0
1068.26 0
1068.9 0
1069.54 0
1070.18 0
1070.82 0
1071.46 0
1072.1 0
1072.74 0
1073.38 0
1074.02 0
1074.66 0
1075.3 0
1075.94 0
1076.58 0
1077.22 0
1077.86 0
1078.5 0
1079.14 0
1079.78 0
1080.42 0
1081.06 0
1081.7 0
1082.34 0
1082.98 0
1083.62 0
1084.26 0
1084.9 0
1085.54 0
1086.18 0
1086.82 0
1087.46 0
1088.1 0
1088.74 0
1089.38 0
1090.02 0
1090.66 0
1091.3 0
1091.94 0
1092.58 0
1093.22 0
1093.86 0
1094.5 0
1095.14 0
1095.78 0
1096.42 0
1097.06 0
1097.7 0
1098.34 0
1098.98 0
1099.62 0
1100.26 0
1100.9 0
1101.54 0
1102.18 0
1102.82 0
1103.46 0
1104.1 0
1104.74 0
1105.38 0
1106.02 0
1106.66 0
1107.3 0
1107.94 0
1108.58 0
1109.22 0
1109.86 0
1110.5 0
1111.14 0
1111.78 0
1112.42 0
1113.06 0
1113.7 0
1114.34 0
1114.98 0
1115.62 0.260273
1116.26 0.264816
1116.9 0.288657
1117.54 0.379488
1118.18 0.6273
1118.83 1.09856
1119.47 1.68416
1120.11 2.06027
1120.75 1.95442
1121.39 1.44774
1122.03 0.880158
1122.67 0.501127
1123.31 0.329658
1123.95 0.274733
1124.59 0.262017
1125.23 0.259864
1125.87 0
1126.51 0
1127.15 0
1127.79 0
1128.43 0
1129.07 0
1129.71 0
1130.35 0
1130.99 0
1131.63 0
1132.27 0
1132.91 0
1133.55 0
1134.19 0
1134.83 0
1135.47 0
1136.11 0
1136.75 0
1137.39 0
1138.03 0
1138.67 0
1139.31 0
1139.95 0
1140.59 0
1141.23 0
1141.87 0
1142.51 0
1143.15 0
1143.79 0
1144.43 0
1145.07 0
1145.71 0
1146.35 0
1146.99 0
1147.63 0
1148.27 0
1148.91 0
1149.55 0
1150.19 0
1150.83 0.265386
1151.47 0.265355
1152.11 0.265216
1152.75 0.264773
1153.39 0.263758
1154.03 0.262166
1154.67 0.260629
1155.31 0.26013
1155.95 0.261041
1156.59 0.262699
1157.23 0.264144
1157.87 0.264959
1158.51 0.265279
1159.15 0.26537
1159.79 0.265388
1160.43 0
1161.07 0
1161.71 0
1162.35 0
1162.99 0
1163.63 0
1164.27 0
1164.91 0
1165.55 0
1166.19 0
1166.83 0
1167.47 0
1168.11 0
1168.75 0.362672
1169.39 0.370614
1170.03 0.406932
1170.67 0.527967
1171.31 0.817076
1171.95 1.29538
1172.59 1.79652
1173.23 2.01511
1173.87 1.79084
1174.51 1.28848
1175.15 0.812618
1175.79 0.526194
1176.43 0.406501
1177.07 0.37056
1177.71 0.362673
1178.35 0
1178.99 0
1179.63 0
1180.27 0
1180.91 0
1181.55 0
1182.19 0
1182.83 0
1183.47 0
1184.11 0
1184.75 0
1185.39 0
1186.03 0
1186.67 0
1187.31 0
1187.95 0
1188.59 0
1189.23 0
1189.87 0
1190.51 0
1191.15 0
1191.79 0
1192.43 0
1193.07 0
1193.71 0
1194.35 0
1195 0
1195.64 0
1196.28 0
1196.92 0
1197.56 0
1198.2 0
1198.84 0
1199.48 0
1200.12 0
1200.76 0
1201.4 0
1202.04 0
1202.68 0
1203.32 0
1203.96 0
1204.6 0
1205.24 0
1205.88 0
1206.52 0
1207.16 0
1207.8 0
1208.44 0
1209.08 0
1209.72 0
1210.36 0
1211 0
1211.64 0
1212.28 0
1212.92 0
1213.56 0
1214.2 0
1214.84 0
1215.48 0
1216.12 0
1216.76 0
1217.4 0
1218.04 0
1218.68 0
1219.32 0
1219.96 0
1220.6 0
1221.24 0
1221.88 0
1222.52 0
1223.16 0
1223.8 0
1224.44 0
1225.08 0
1225.72 0
1226.36 0
1227 0
1227.64 0
1228.28 0
1228.92 0
1229.56 0
1230.2 0
1230.84 0
1231.48 0
1232.12 0
1232.76 0
1233.4 0
1234.04 0
1234.68 0
1235.32 0
1235.96 0
1236.6 0
1237.24 0
1237.88 0
1238.52 0
1239.16 0
1239.8 0
1240.44 0
1241.08 0
1241.72 0
1242.36 0
1243 0
1243.64 0
1244.28 0
1244.92 0
1245.56 0
1246.2 0
1246.84 0
1247.48 0
1248.12 0
1248.76 0
1249.4 0
1250.04 0
1250.68 0
1251.32 0
1251.96 0
1252.6 0
1253.24 0
1253.88 0
1254.52 0
1255.16 0
1255.8 0
1256.44 0
1257.08 0
1257.72 0
1258.36 0
1259 0
1259.64 0
1260.28 0
1260.92 0
1261.56 0
1262.2 0
1262.84 0
1263.48 0
1264.12 0
1264.76 0
1265.4 0
1266.04 0
1266.68 0
1267.32 0
1267.96 0
1268.6 0
1269.24 0
1269.88 0
1270.52 0
1271.17 0
1271.81 0
1272.45 0
1273.09 0
1273.73 0
1274.37 0
1275.01 0
1275.65 0
1276.29 0.148624
1276.93 0.14904
1277.57 0.150979
1278.21 0.157681
1278.85 0.174619
1279.49 0.205114
1280.13 0.241846
1280.77 0.265553
1281.41 0.260147
1282.05 0.229521
1282.69 0.193252
1283.33 0.167332
1283.97 0.154557
1284.61 0.150012
1285.25 0.14882
1285.89 0.148587
1286.53 0
1287.17 0
1287.81 0
1288.45 0
1289.09 0
1289.73 0
1290.37 0
1291.01 0
1291.65 0
1292.29 0
1292.93 0
1293.57 0
1294.21 0
1294.85 0
1295.49 0
1296.13 0
1296.77 0
1297.41 0
1298.05 0
1298.69 0
1299.33 0
1299.97 0
1300.61 0
1301.25 0
1301.89 0
1302.53 0
1303.17 0
1303.81 0
1304.45 0
1305.09 0
1305.73 0
1306.37 0
1307.01 0
1307.65 0
1308.29 0
1308.93 0
1309.57 0
1310.21 0
1310.85 0
1311.49 0
1312.13 0
1312.77 0
1313.41 0
1314.05 0
1314.69 0
1315.33 0
1315.97 0
1316.61 0
1317.25 0
1317.89 0
1318.53 0
1319.17 0
1319.81 0
1320.45 0
1321.09 0
1321.73 0
1322.37 0
1323.01 0
1323.65 0
1324.29 0
1324.93 0
1325.57 0
1326.21 0
1326.85 0
1327.49 0.247345
1328.13 0.249185
1328.77 0.25868
1329.41 0.295362
1330.05 0.400424
1330.69 0.619332
1331.33 0.938141
1331.97 1.22845
1332.61 1.31339
1333.25 1.13378
1333.89 0.811502
1334.53 0.522153
1335.17 0.34973
1335.81 0.276403
1336.45 0.253475
1337.09 0.248123
1337.73 0
1338.37 0
1339.01 0
1339.65 0
1340.29 0
1340.93 0
1341.57 0
1342.21 0
1342.85 0
1343.49 0
1344.13 0
1344.77 0
1345.41 0
1346.05 0
1346.69 0
1347.34 0
1347.98 0
1348.62 0
1349.26 0
1349.9 0
1350.54 0
1351.18 0
1351.82 0
1352.46 0
1353.1 0
1353.74 0
1354.38 0
1355.02 0
1355.66 0
1356.3 0
1356.94 0
1357.58 0
1358.22 0
1358.86 0
1359.5 0
1360.14 0
1360.78 0
1361.42 0
1362.06 0
1362.7 0
1363.34 0
1363.98 0
1364.62 0
1365.26 0
1365.9 0
1366.54 0
1367.18 0
1367.82 0
1368.46 0
1369.1 0
1369.74 0
1370.38 0
1371.02 0
1371.66 0
1372.3 0
1372.94 0
1373.58 0
1374.22 0
1374.86 0
1375.5 0
1376.14 0
1376.78 0
1377.42 0
1378.06 0
1378.7 0
1379.34 0
1379.98 0
1380.62 0
1381.26 0
1381.9 0
1382.54 0
1383.18 0
1383.82 0
1384.46 0
1385.1 0
1385.74 0
1386.38 0
1387.02 0
1387.66 0
1388.3 0
1388.94 0
1389.58 0
1390.22 0
1390.86 0
1391.5 0
1392.14 0
1392.78 0
1393.42 0
1394.06 0
1394.7 0
1395.34 0
1395.98 0
1396.62 0.141436
1397.26 0.142302
1397.9 0.146355
1398.54 0.160648
1399.18 0.198213
1399.82 0.270246
1400.46 0.366473
1401.1 0.44446
1401.74 0.456063
1402.38 0.393428
1403.02 0.297518
1403.66 0.218692
1404.3 0.184584
1404.94 0.211563
1405.58 0.33164
1406.22 0.58062
1406.86 0.929508
1407.5 1.23301
1408.14 1.30824
1408.78 1.1041
1409.42 0.754588
1410.06 0.442956
1410.7 0.25589
1411.34 0.174915
1411.98 0.148905
1412.62 0.142613
1413.26 0
1413.9 0
1414.54 0
1415.18 0
1415.82 0
1416.46 0
1417.1 0
1417.74 0
1418.38 0
1419.02 0
1419.66 0
1420.3 0
1420.94 0
1421.58 0
1422.22 0
1422.86 0
1423.51 0
1424.15 0
1424.79 0
1425.43 0
1426.07 0
1426.71 0
1427.35 0
1427.99 0
1428.63 0
1429.27 0
1429.91 0
1430.55 0
1431.19 0
1431.83 0
1432.47 0
1433.11 0
1433.75 0
1434.39 0
1435.03 0
1435.67 0
1436.31 0
1436.95 0
1437.59 0
1438.23 0
1438.87 0
1439.51 0
1440.15 0
1440.79 0
1441.43 0
1442.07 0
1442.71 0
1443.35 0
1443.99 0
1444.63 0
1445.27 0
1445.91 0
1446.55 0
1447.19 0
1447.83 0
1448.47 0
1449.11 0
1449.75 0
1450.39 0
1451.03 0
1451.67 0
1452.31 0
1452.95 0
1453.59 0
1454.23 0
1454.87 0
1455.51 0
1456.15 0.28318
1456.79 0.311203
1457.43 0.425634
1458.07 0.778857
1458.71 1.59169
1459.35 2.94879
1459.99 4.48985
1460.63 5.43195
1461.27 5.1729
1461.91 3.88683
1462.55 2.34371
1463.19 1.19599
1463.83 0.594483
1464.47 0.36228
1465.11 0.294874
1465.75 0.279993
1466.39 0
1467.03 0
1467.67 0
1468.31 0
1468.95 0
1469.59 0
1470.23 0
1470.87 0
1471.51 0
1472.15 0
1472.79 0
1473.43 0
1474.07 0
1474.71 0
1475.35 0
1475.99 0
1476.63 0
1477.27 0
1477.91 0
1478.55 0
1479.19 0
1479.83 0
1480.47 0
1481.11 0
1481.75 0
1482.39 0
1483.03 0
1483.67 0
1484.31 0
1484.95 0
1485.59 0
1486.23 0
1486.87 0
1487.51 0
1488.15 0
1488.79 0
1489.43 0
1490.07 0
1490.71 0
1491.35 0
1491.99 0
1492.63 0
1493.27 0
1493.91 0
1494.55 0
1495.19 0
1495.83 0
1496.47 0
1497.11 0
1497.75 0
1498.39 0
1499.03 0
1499.68 0
1500.32 0
1500.96 0
1501.6 0
1502.24 0
1502.88 0
1503.52 0
1504.16 0
1504.8 0
1505.44 0
1506.08 0
1506.72 0
1507.36 0
1508 0
1508.64 0
1509.28 0
1509.92 0
1510.56 0
1511.2 0
1511.84 0
1512.48 0
1513.12 0
1513.76 0
1514.4 0
1515.04 0
1515.68 0
1516.32 0
1516.96 0
1517.6 0
1518.24 0
1518.88 0
1519.52 0
1520.16 0
1520.8 0
1521.44 0
1522.08 0
1522.72 0
1523.36 0
1524 0
1524.64 0
1525.28 0
1525.92 0
1526.56 0
1527.2 0
1527.84 0
1528.48 0
1529.12 0
1529.76 0
1530.4 0
1531.04 0
1531.68 0
1532.32 0
1532.96 0
1533.6 0
1534.24 0
1534.88 0
1535.52 0
1536.16 0
1536.8 0
1537.44 0
1538.08 0
1538.72 0
1539.36 0
1540 0
1540.64 0
1541.28 0
1541.92 0
1542.56 0
1543.2 0
1543.84 0
1544.48 0
1545.12 0
1545.76 0
1546.4 0
1547.04 0
1547.68 0
1548.32 0
1548.96 0
1549.6 0
1550.24 0
1550.88 0
1551.52 0
1552.16 0
1552.8 0
1553.44 0
1554.08 0
1554.72 0
1555.36 0
1556 0
1556.64 0
1557.28 0
1557.92 0
1558.56 0
1559.2 0
1559.84 0
1560.48 0
1561.12 0
1561.76 0
1562.4 0
1563.04 0
1563.68 0
1564.32 0
1564.96 0
1565.6 0
1566.24 0
1566.88 0
1567.52 0
1568.16 0
1568.8 0
1569.44 0
1570.08 0
1570.72 0
1571.36 0
1572 0
1572.64 0
1573.28 0
1573.92 0
1574.56 0
1575.2 0
1575.85 0
1576.49 0
1577.13 0
1577.77 0
1578.41 0
1579.05 0
1579.69 0
1580.33 0
1580.97 0
1581.61 0
1582.25 0
1582.89 0
1583.53 0
1584.17 0
1584.81 0
1585.45 0
1586.09 0
1586.73 0
1587.37 0
1588.01 0
1588.65 0
1589.29 0
1589.93 0
1590.57 0
1591.21 0
1591.85 0
1592.49 0
1593.13 0
1593.77 0
1594.41 0
1595.05 0
1595.69 0
1596.33 0
1596.97 0
1597.61 0
1598.25 0
1598.89 0
1599.53 0
1600.17 0
1600.81 0
1601.45 0
1602.09 0
1602.73 0
1603.37 0
1604.01 0
1604.65 0
1605.29 0
1605.93 0
1606.57 0
1607.21 0
1607.85 0
1608.49 0
1609.13 0
1609.77 0
1610.41 0
1611.05 0
1611.69 0
1612.33 0
1612.97 0
1613.61 0
1614.25 0
1614.89 0
1615.53 0
1616.17 0
1616.81 0
1617.45 0
1618.09 0
1618.73 0
1619.37 0
1620.01 0
1620.65 0
1621.29 0
1621.93 0
1622.57 0
1623.21 0
1623.85 0
1624.49 0
1625.13 0
1625.77 0
1626.41 0
1627.05 0
1627.69 0
1628.33 0
1628.97 0
1629.61 0
1630.25 0
1630.89 0
1631.53 0
1632.17 0
1632.81 0
1633.45 0
1634.09 0
1634.73 0
1635.37 0
1636.01 0
1636.65 0
1637.29 0
1637.93 0
1638.57 0
1639.21 0
1639.85 0
1640.49 0
1641.13 0
1641.77 0
1642.41 0
1643.05 0
1643.69 0
1644.33 0
1644.97 0
1645.61 0
1646.25 0
1646.89 0
1647.53 0
1648.17 0
1648.81 0
1649.45 0
1650.09 0
1650.73 0
1651.37 0
1652.02 0
1652.66 0
1653.3 0
1653.94 0
1654.58 0
1655.22 0
1655.86 0
1656.5 0
1657.14 0
1657.78 0
1658.42 0
1659.06 0
1659.7 0
1660.34 0
1660.98 0
1661.62 0
1662.26 0
1662.9 0
1663.54 0
1664.18 0
1664.82 0
1665.46 0
1666.1 0
1666.74 0
1667.38 0
1668.02 0
1668.66 0
1669.3 0
1669.94 0
1670.58 0
1671.22 0
1671.86 0
1672.5 0
1673.14 0
1673.78 0
1674.42 0
1675.06 0
1675.7 0
1676.34 0
1676.98 0
1677.62 0
1678.26 0
1678.9 0
1679.54 0
1680.18 0
1680.82 0
1681.46 0
1682.1 0
1682.74 0
1683.38 0
1684.02 0
1684.66 0
1685.3 0
1685.94 0
1686.58 0
1687.22 0
1687.86 0
1688.5 0
1689.14 0
1689.78 0
1690.42 0
1691.06 0
1691.7 0
1692.34 0
1692.98 0
1693.62 0
1694.26 0
1694.9 0
1695.54 0
1696.18 0
1696.82 0
1697.46 0
1698.1 0
1698.74 0
1699.38 0
1700.02 0
1700.66 0
1701.3 0
1701.94 0
1702.58 0
1703.22 0
1703.86 0
1704.5 0
1705.14 0
1705.78 0
1706.42 0
1707.06 0
1707.7 0
1708.34 0
1708.98 0
1709.62 0
1710.26 0
1710.9 0
1711.54 0
1712.18 0
1712.82 0
1713.46 0
1714.1 0
1714.74 0
1715.38 0
1716.02 0
1716.66 0
1717.3 0
1717.94 0
1718.58 0
1719.22 0
1719.86 0
1720.5 0
1721.14 0
1721.78 0
1722.42 0
1723.06 0
1723.7 0
1724.34 0
1724.98 0.0130661
1725.62 0.0146803
1726.26 0.0201982
1726.9 0.0347987
1727.55 0.0642632
1728.19 0.108306
1728.83 0.153713
1729.47 0.178219
1730.11 0.167349
1730.75 0.127732
1731.39 0.0808186
1732.03 0.0448017
1732.67 0.0247177
1733.31 0.0162439
1733.95 0.0134857
1734.59 0.0127855
1735.23 0
1735.87 0
1736.51 0
1737.15 0
1737.79 0
1738.43 0
1739.07 0
1739.71 0
1740.35 0
1740.99 0
1741.63 0
1742.27 0
1742.91 0
1743.55 0
1744.19 0
1744.83 0
1745.47 0
1746.11 0
1746.75 0
1747.39 0
1748.03 0
1748.67 0
1749.31 0
1749.95 0
1750.59 0
1751.23 0
1751.87 0
1752.51 0
1753.15 0
1753.79 0
1754.43 0
1755.07 0
1755.71 0
1756.35 0
1756.99 0
1757.63 0
1758.27 0
1758.91 0
1759.55 0.107736
1760.19 0.114442
1760.83 0.140031
1761.47 0.216208
1762.11 0.391175
1762.75 0.695067
1763.39 1.07724
1764.03 1.38429
1764.67 1.4492
1765.31 1.233
1765.95 0.861181
1766.59 0.510216
1767.23 0.278878
1767.87 0.165122
1768.51 0.122212
1769.15 0.109616
1769.79 0
1770.43 0
1771.07 0
1771.71 0
1772.35 0
1772.99 0
1773.63 0
1774.27 0
1774.91 0
1775.55 0
1776.19 0
1776.83 0
1777.47 0
1778.11 0
1778.75 0
1779.39 0
1780.03 0
1780.67 0
1781.31 0
1781.95 0
1782.59 0
1783.23 0
1783.87 0
1784.51 0
1785.15 0
1785.79 0
1786.43 0
1787.07 0
1787.71 0
1788.35 0
1788.99 0
1789.63 0
1790.27 0
1790.91 0
1791.55 0
1792.19 0
1792.83 0
1793.47 0
1794.11 0
1794.75 0
1795.39 0
1796.03 0
1796.67 0
1797.31 0
1797.95 0
1798.59 0
1799.23 0
1799.87 0
1800.51 0
1801.15 0
1801.79 0
1802.43 0
1803.07 0
1803.72 0
1804.36 0
1805 0
1805.64 0
1806.28 0
1806.92 0
1807.56 0
1808.2 0
1808.84 0
1809.48 0
1810.12 0
1810.76 0
1811.4 0
1812.04 0
1812.68 0
1813.32 0
1813.96 0
1814.6 0
1815.24 0
1815.88 0
1816.52 0
1817.16 0
1817.8 0
1818.44 0
1819.08 0
1819.72 0
1820.36 0
1821 0
1821.64 0
1822.28 0
1822.92 0
1823.56 0
1824.2 0
1824.84 0
1825.48 0
1826.12 0
1826.76 0
1827.4 0
1828.04 0
1828.68 0
1829.32 0
1829.96 0
1830.6 0
1831.24 0
1831.88 0
1832.52 0
1833.16 0
1833.8 0
1834.44 0
1835.08 0
1835.72 0
1836.36 0
1837 0
1837.64 0
1838.28 0
1838.92 0
1839.56 0
1840.2 0
1840.84 0
1841.48 0
1842.12 0
1842.76 0
1843.4 0
1844.04 0
1844.68 0
1845.32 0
1845.96 0
1846.6 0
1847.24 0
1847.88 0
1848.52 0
1849.16 0
1849.8 0
1850.44 0
1851.08 0
1851.72 0
1852.36 0
1853 0
1853.64 0
1854.28 0
1854.92 0
1855.56 0
1856.2 0
1856.84 0
1857.48 0
1858.12 0
1858.76 0
1859.4 0
1860.04 0
1860.68 0
1861.32 0
1861.96 0
1862.6 0
1863.24 0
1863.88 0
1864.52 0
1865.16 0
1865.8 0
1866.44 0
1867.08 0
1867.72 0
1868.36 0
1869 0
1869.64 0
1870.28 0
1870.92 0
1871.56 0
1872.2 0
1872.84 0
1873.48 0
1874.12 0
1874.76 0
1875.4 0
1876.04 0
1876.68 0
1877.32 0
1877.96 0
1878.6 0
1879.24 0
1879.89 0
1880.53 0
1881.17 0
1881.81 0
1882.45 0
1883.09 0
1883.73 0
1884.37 0
1885.01 0
1885.65 0
1886.29 0
1886.93 0
1887.57 0
1888.21 0
1888.85 0
1889.49 0
1890.13 0
1890.77 0
1891.41 0
1892.05 0
1892.69 0
1893.33 0
1893.97 0
1894.61 0
1895.25 0
1895.89 0
1896.53 0
1897.17 0
1897.81 0
1898.45 0
1899.09 0
1899.73 0
1900.37 0
1901.01 0
1901.65 0
1902.29 0
1902.93 0
1903.57 0
1904.21 0
1904.85 0
1905.49 0
1906.13 0
1906.77 0
1907.41 0
1908.05 0
1908.69 0
1909.33 0
1909.97 0
1910.61 0
1911.25 0
1911.89 0
1912.53 0
1913.17 0
1913.81 0
1914.45 0
1915.09 0
1915.73 0
1916.37 0
1917.01 0
1917.65 0
1918.29 0
1918.93 0
1919.57 0
1920.21 0
1920.85 0
1921.49 0
1922.13 0
1922.77 0
1923.41 0
1924.05 0
1924.69 0
1925.33 0
1925.97 0
1926.61 0
1927.25 0
1927.89 0
1928.53 0
1929.17 0
1929.81 0
1930.45 0
1931.09 0
1931.73 0
1932.37 0
1933.01 0
1933.65 0
1934.29 0
1934.93 0
1935.57 0
1936.21 0
1936.85 0
1937.49 0
1938.13 0
1938.77 0
1939.41 0
1940.05 0
1940.69 0
1941.33 0
1941.97 0
1942.61 0
1943.25 0
1943.89 0
1944.53 0
1945.17 0
1945.81 0
1946.45 0
1947.09 0
1947.73 0
1948.37 0
1949.01 0
1949.65 0
1950.29 0
1950.93 0
1951.57 0
1952.21 0
1952.85 0
1953.49 0
1954.13 0
1954.77 0
1955.41 0
1956.06 0
1956.7 0
1957.34 0
1957.98 0
1958.62 0
1959.26 0
1959.9 0
1960.54 0
1961.18 0
1961.82 0
1962.46 0
1963.1 0
1963.74 0
1964.38 0
1965.02 0
1965.66 0
1966.3 0
1966.94 0
1967.58 0
1968.22 0
1968.86 0
1969.5 0
1970.14 0
1970.78 0
1971.42 0
1972.06 0
1972.7 0
1973.34 0
1973.98 0
1974.62 0
1975.26 0
1975.9 0
1976.54 0
1977.18 0
1977.82 0
1978.46 0
1979.1 0
1979.74 0
1980.38 0
1981.02 0
1981.66 0
1982.3 0
1982.94 0
1983.58 0
1984.22 0
1984.86 0
1985.5 0
1986.14 0
1986.78 0
1987.42 0
1988.06 0
1988.7 0
1989.34 0
1989.98 0
1990.62 0
1991.26 0
1991.9 0
1992.54 0
1993.18 0
1993.82 0
1994.46 0
1995.1 0
1995.74 0
1996.38 0
1997.02 0
1997.66 0
1998.3 0
1998.94 0
1999.58 0
2000.22 0
2000.86 0
2001.5 0
2002.14 0
2002.78 0
2003.42 0
2004.06 0
2004.7 0
2005.34 0
2005.98 0
2006.62 0
2007.26 0
2007.9 0
2008.54 0
2009.18 0
2009.82 0
2010.46 0
2011.1 0
2011.74 0
2012.38 0
2013.02 0
2013.66 0
2014.3 0
2014.94 0
2015.58 0
2016.22 0
2016.86 0
2017.5 0
2018.14 0
2018.78 0
2019.42 0
2020.06 0
2020.7 0
2021.34 0
2021.98 0
2022.62 0
2023.26 0
2023.9 0
2024.54 0
2025.18 0
2025.82 0
2026.46 0
2027.1 0
2027.74 0
2028.38 0
2029.02 0
2029.66 0
2030.3 0
2030.94 0
2031.58 0
2032.23 0
2032.87 0
2033.51 0
2034.15 0
2034.79 0
2035.43 0
2036.07 0
2036.71 0
2037.35 0
2037.99 0
2038.63 0
2039.27 0
2039.91 0
2040.55 0
2041.19 0
2041.83 0
2042.47 0
2043.11 0
2043.75 0
2044.39 0
2045.03 0
2045.67 0
2046.31 0
2046.95 0
2047.59 0
2048.23 0
2048.87 0
2049.51 0
2050.15 0
2050.79 0
2051.43 0
2052.07 0
2052.71 0
2053.35 0
2053.99 0
2054.63 0
2055.27 0
2055.91 0
2056.55 0
2057.19 0
2057.83 0
2058.47 0
2059.11 0
2059.75 0
2060.39 0
2061.03 0
2061.67 0
2062.31 0
2062.95 0
2063.59 0
2064.23 0
2064.87 0
2065.51 0
2066.15 0
2066.79 0
2067.43 0
2068.07 0
2068.71 0
2069.35 0
2069.99 0
2070.63 0
2071.27 0
2071.91 0
2072.55 0
2073.19 0
2073.83 0
2074.47 0
2075.11 0
2075.75 0
2076.39 0
2077.03 0
2077.67 0
2078.31 0
2078.95 0
2079.59 0
2080.23 0
2080.87 0
2081.51 0
2082.15 0
2082.79 0
2083.43 0
2084.07 0
2084.71 0
2085.35 0
2085.99 0
2086.63 0
2087.27 0
2087.91 0
2088.55 0
2089.19 0
2089.83 0
2090.47 0
2091.11 0
2091.75 0
2092.39 0
2093.03 0
2093.67 0
2094.31 0
2094.95 0
2095.59 0
2096.23 0
2096.87 0
2097.51 0
2098.15 0
2098.79 0
2099.43 0
2100.07 0
2100.71 0
2101.35 0
2101.99 0
2102.63 0
2103.27 0
2103.91 0
2104.55 0
2105.19 0
2105.83 0
2106.47 0
2107.11 0
2107.75 0
2108.4 0
2109.04 0
2109.68 0
2110.32 0
2110.96 0
2111.6 0
2112.24 0
2112.88 0
2113.52 0
2114.16 0
2114.8 0
2115.44 0
2116.08 0
2116.72 0
2117.36 0
2118 0
2118.64 0
2119.28 0
2119.92 0
2120.56 0
2121.2 0
2121.84 0
2122.48 0
2123.12 0
2123.76 0
2124.4 0
2125.04 0
2125.68 0
2126.32 0
2126.96 0
2127.6 0
2128.24 0
2128.88 0
2129.52 0
2130.16 0
2130.8 0
2131.44 0
2132.08 0
2132.72 0
2133.36 0
2134 0
2134.64 0
2135.28 0
2135.92 0
2136.56 0
2137.2 0
2137.84 0
2138.48 0
2139.12 0
2139.76 0
2140.4 0
2141.04 0
2141.68 0
2142.32 0
2142.96 0
2143.6 0
2144.24 0
2144.88 0
2145.52 0
2146.16 0
2146.8 0
2147.44 0
2148.08 0
2148.72 0
2149.36 0
2150 0
2150.64 0
2151.28 0
2151.92 0
2152.56 0
2153.2 0
2153.84 0
2154.48 0
2155.12 0
2155.76 0
2156.4 0
2157.04 0
2157.68 0
2158.32 0
2158.96 0
2159.6 0
2160.24 0
2160.88 0
2161.52 0
2162.16 0
2162.8 0
2163.44 0
2164.08 0
2164.72 0
2165.36 0
2166 0
2166.64 0
2167.28 0
2167.92 0
2168.56 0
2169.2 0
2169.84 0
2170.48 0
2171.12 0
2171.76 0
2172.4 0
2173.04 0
2173.68 0
2174.32 0
2174.96 0
2175.6 0
2176.24 0
2176.88 0
2177.52 0
2178.16 0
2178.8 0
2179.44 0
2180.08 0
2180.72 0
2181.36 0
2182 0
2182.64 0
2183.28 0
2183.92 0
2184.57 0
2185.21 0
2185.85 0
2186.49 0
2187.13 0
2187.77 0
2188.41 0
2189.05 0
2189.69 0
2190.33 0
2190.97 0
2191.61 0
2192.25 0
2192.89 0
2193.53 0
2194.17 0
2194.81 0
2195.45 0
2196.09 0
2196.73 0
2197.37 0
2198.01 0
2198.65 0
2199.29 0.0442795
2199.93 0.050102
2200.57 0.0672162
2201.21 0.10758
2201.85 0.182992
2202.49 0.291923
2203.13 0.407017
2203.77 0.481194
2204.41 0.477365
2205.05 0.397596
2205.69 0.281362
2206.33 0.174838
2206.97 0.102839
2207.61 0.0650692
2208.25 0.0493316
2208.89 0.0440585
2209.53 0
2210.17 0
2210.81 0
2211.45 0
2212.09 0
2212.73 0
2213.37 0
2214.01 0
2214.65 0
2215.29 0
2215.93 0
2216.57 0
2217.21 0
2217.85 0
2218.49 0
2219.13 0
2219.77 0
2220.41 0
2221.05 0
2221.69 0
2222.33 0
2222.97 0
2223.61 0
2224.25 0
2224.89 0
2225.53 0
2226.17 0
2226.81 0
2227.45 0
2228.09 0
2228.73 0
2229.37 0
2230.01 0
2230.65 0
2231.29 0
2231.93 0
2232.57 0
2233.21 0
2233.85 0
2234.49 0
2235.13 0
2235.77 0
2236.41 0
2237.05 0
2237.69 0
2238.33 0
2238.97 0
2239.61 0
2240.25 0
2240.89 0
2241.53 0
2242.17 0
2242.81 0
2243.45 0
2244.09 0
2244.73 0
2245.37 0
2246.01 0
2246.65 0
2247.29 0
2247.93 0
2248.57 0
2249.21 0
2249.85 0
2250.49 0
2251.13 0
2251.77 0
2252.41 0
2253.05 0
2253.69 0
2254.33 0
2254.97 0
2255.61 0
2256.25 0
2256.89 0
2257.53 0
2258.17 0
2258.81 0
2259.45 0
2260.09 0
2260.74 0
2261.38 0
2262.02 0
2262.66 0
2263.3 0
2263.94 0
2264.58 0
2265.22 0
2265.86 0
2266.5 0
2267.14 0
2267.78 0
2268.42 0
2269.06 0
2269.7 0
2270.34 0
2270.98 0
2271.62 0
2272.26 0
2272.9 0
2273.54 0
2274.18 0
2274.82 0
2275.46 0
2276.1 0
2276.74 0
2277.38 0
2278.02 0
2278.66 0
2279.3 0
2279.94 0
2280.58 0
2281.22 0
2281.86 0
2282.5 0
2283.14 0
2283.78 0
2284.42 0
2285.06 0
2285.7 0
2286.34 0
2286.98 0
2287.62 0
2288.26 0
2288.9 0
2289.54 0
2290.18 0
2290.82 0
2291.46 0
2292.1 0
2292.74 0
2293.38 0
2294.02 0
2294.66 0
2295.3 0
2295.94 0
2296.58 0
2297.22 0
2297.86 0
2298.5 0
2299.14 0
2299.78 0
2300.42 0
2301.06 0
2301.7 0
2302.34 0
2302.98 0
2303.62 0
2304.26 0
2304.9 0
2305.54 0
2306.18 0
2306.82 0
2307.46 0
2308.1 0
2308.74 0
2309.38 0
2310.02 0
2310.66 0
2311.3 0
2311.94 0
2312.58 0
2313.22 0
2313.86 0
2314.5 0
2315.14 0
2315.78 0
2316.42 0
2317.06 0
2317.7 0
2318.34 0
2318.98 0
2319.62 0
2320.26 0
2320.9 0
2321.54 0
2322.18 0
2322.82 0
2323.46 0
2324.1 0
2324.74 0
2325.38 0
2326.02 0
2326.66 0
2327.3 0
2327.94 0
2328.58 0
2329.22 0
2329.86 0
2330.5 0
2331.14 0
2331.78 0
2332.42 0
2333.06 0
2333.7 0
2334.34 0
2334.98 0
2335.62 0
2336.26 0
2336.91 0
2337.55 0
2338.19 0
2338.83 0
2339.47 0
2340.11 0
2340.75 0
2341.39 0
2342.03 0
2342.67 0
2343.31 0
2343.95 0
2344.59 0
2345.23 0
2345.87 0
2346.51 0
2347.15 0
2347.79 0
2348.43 0
2349.07 0
2349.71 0
2350.35 0
2350.99 0
2351.63 0
2352.27 0
2352.91 0
2353.55 0
2354.19 0
2354.83 0
2355.47 0
2356.11 0
2356.75 0
2357.39 0
2358.03 0
2358.67 0
2359.31 0
2359.95 0
2360.59 0
2361.23 0
2361.87 0
2362.51 0
2363.15 0
2363.79 0
2364.43 0
2365.07 0
2365.71 0
2366.35 0
2366.99 0
2367.63 0
2368.27 0
2368.91 0
2369.55 0
2370.19 0
2370.83 0
2371.47 0
2372.11 0
2372.75 0
2373.39 0
2374.03 0
2374.67 0
2375.31 0
2375.95 0
2376.59 0
2377.23 0
2377.87 0
2378.51 0
2379.15 0
2379.79 0
2380.43 0
2381.07 0
2381.71 0
2382.35 0
2382.99 0
2383.63 0
2384.27 0
2384.91 0
2385.55 0
2386.19 0
2386.83 0
2387.47 0
2388.11 0
2388.75 0
2389.39 0
2390.03 0
2390.67 0
2391.31 0
2391.95 0
2392.59 0
2393.23 0
2393.87 0
2394.51 0
2395.15 0
2395.79 0
2396.43 0
2397.07 0
2397.71 0
2398.35 0
2398.99 0
2399.63 0
2400.27 0
2400.91 0
2401.55 0
2402.19 0
2402.83 0
2403.47 0
2404.11 0
2404.75 0
2405.39 0
2406.03 0
2406.67 0
2407.31 0
2407.95 0
2408.59 0
2409.23 0
2409.87 0
2410.51 0
2411.15 0
2411.79 0
2412.43 0
2413.08 0
2413.72 0
2414.36 0
2415 0
2415.64 0
2416.28 0
2416.92 0
2417.56 0
2418.2 0
2418.84 0
2419.48 0
2420.12 0
2420.76 0
2421.4 0
2422.04 0
2422.68 0
2423.32 0
2423.96 0
2424.6 0
2425.24 0
2425.88 0
2426.52 0
2427.16 0
2427.8 0
2428.44 0
2429.08 0
2429.72 0
2430.36 0
2431 0
2431.64 0
2432.28 0
2432.92 0
2433.56 0
2434.2 0
2434.84 0
2435.48 0
2436.12 0
2436.76 0
2437.4 0
2438.04 0
2438.68 0
2439.32 0
2439.96 0
2440.6 0
2441.24 0
2441.88 0
2442.52 0
2443.16 0
2443.8 0
2444.44 0
2445.08 0
2445.72 0
2446.36 0
2447 0
2447.64 0
2448.28 0
2448.92 0
2449.56 0
2450.2 0
2450.84 0
2451.48 0
2452.12 0
2452.76 0
2453.4 0
2454.04 0
2454.68 0
2455.32 0
2455.96 0
2456.6 0
2457.24 0
2457.88 0
2458.52 0
2459.16 0
2459.8 0
2460.44 0
2461.08 0
2461.72 0
2462.36 0
2463 0
2463.64 0
2464.28 0
2464.92 0
2465.56 0
2466.2 0
2466.84 0
2467.48 0
2468.12 0
2468.76 0
2469.4 0
2470.04 0
2470.68 0
2471.32 0
2471.96 0
2472.6 0
2473.24 0
2473.88 0
2474.52 0
2475.16 0
2475.8 0
2476.44 0
2477.08 0
2477.72 0
2478.36 0
2479 0
2479.64 0
2480.28 0
2480.92 0
2481.56 0
2482.2 0
2482.84 0
2483.48 0
2484.12 0
2484.76 0
2485.4 0
2486.04 0
2486.68 0
2487.32 0
2487.96 0
2488.6 0
2489.25 0
2489.89 0
2490.53 0
2491.17 0
2491.81 0
2492.45 0
2493.09 0
2493.73 0
2494.37 0
2495.01 0
2495.65 0
2496.29 0
2496.93 0
2497.57 0
2498.21 0
2498.85 0
2499.49 0
2500.13 0
2500.77 0
2501.41 0
2502.05 0
2502.69 0
2503.33 0
2503.97 0
2504.61 0
2505.25 0
2505.89 0
2506.53 0
2507.17 0
2507.81 0
2508.45 0
2509.09 0
2509.73 0
2510.37 0
2511.01 0
2511.65 0
2512.29 0
2512.93 0
2513.57 0
2514.21 0
2514.85 0
2515.49 0
2516.13 0
2516.77 0
2517.41 0
2518.05 0
2518.69 0
2519.33 0
2519.97 0
2520.61 0
2521.25 0
2521.89 0
2522.53 0
2523.17 0
2523.81 0
2524.45 0
2525.09 0
2525.73 0
2526.37 0
2527.01 0
2527.65 0
2528.29 0
2528.93 0
2529.57 0
2530.21 0
2530.85 0
2531.49 0
2532.13 0
2532.77 0
2533.41 0
2534.05 0
2534.69 0
2535.33 0
2535.97 0
2536.61 0
2537.25 0
2537.89 0
2538.53 0
2539.17 0
2539.81 0
2540.45 0
2541.09 0
2541.73 0
2542.37 0
2543.01 0
2543.65 0
2544.29 0
2544.93 0
2545.57 0
2546.21 0
2546.85 0
2547.49 0
2548.13 0
2548.77 0
2549.41 0
2550.05 0
2550.69 0
2551.33 0
2551.97 0
2552.61 0
2553.25 0
2553.89 0
2554.53 0
2555.17 0
2555.81 0
2556.45 0
2557.09 0
2557.73 0
2558.37 0
2559.01 0
2559.65 0
2560.29 0
2560.93 0
2561.57 0
2562.21 0
2562.85 0
2563.49 0
2564.13 0
2564.78 0
2565.42 0
2566.06 0
2566.7 0
2567.34 0
2567.98 0
2568.62 0
2569.26 0
2569.9 0
2570.54 0
2571.18 0
2571.82 0
2572.46 0
2573.1 0
2573.74 0
2574.38 0
2575.02 0
2575.66 0
2576.3 0
2576.94 0
2577.58 0
2578.22 0
2578.86 0
2579.5 0
2580.14 0
2580.78 0
2581.42 0
2582.06 0
2582.7 0
2583.34 0
2583.98 0
2584.62 0
2585.26 0
2585.9 0
2586.54 0
2587.18 0
2587.82 0
2588.46 0
2589.1 0
2589.74 0
2590.38 0
2591.02 0
2591.66 0
2592.3 0
2592.94 0
2593.58 0
2594.22 0
2594.86 0
2595.5 0
2596.14 0
2596.78 0
2597.42 0
2598.06 0
2598.7 0
2599.34 0
2599.98 0
2600.62 0
2601.26 0
2601.9 0
2602.54 0
2603.18 0
2603.82 0
2604.46 0
2605.1 0
2605.74 0
2606.38 0
2607.02 0
2607.66 0
2608.3 0
2608.94 0
2609.58 0.153947
2610.22 0.158296
2610.86 0.169952
2611.5 0.195631
2612.14 0.241607
2612.78 0.307153
2613.42 0.378339
2614.06 0.430145
2614.7 0.439937
2615.34 0.403116
2615.98 0.336528
2616.62 0.266281
2617.26 0.211684
2617.9 0.178326
2618.54 0.161858
2619.18 0.155195
2619.82 0
2620.46 0
2621.1 0
2621.74 0
2622.38 0
2623.02 0
2623.66 0
2624.3 0
2624.94 0
2625.58 0
2626.22 0
2626.86 0
2627.5 0
2628.14 0
2628.78 0
2629.42 0
2630.06 0
2630.7 0
2631.34 0
2631.98 0
2632.62 0
2633.26 0
2633.9 0
2634.54 0
2635.18 0
2635.82 0
2636.46 0
2637.1 0
2637.74 0
2638.38 0
2639.02 0
2639.66 0
2640.3 0
2640.95 0
2641.59 0
2642.23 0
2642.87 0
2643.51 0
2644.15 0
2644.79 0
2645.43 0
2646.07 0
2646.71 0
2647.35 0
2647.99 0
2648.63 0
2649.27 0
2649.91 0
2650.55 0
2651.19 0
2651.83 0
2652.47 0
2653.11 0
2653.75 0
2654.39 0
2655.03 0
2655.67 0
2656.31 0
2656.95 0
2657.59 0
2658.23 0
2658.87 0
2659.51 0
2660.15 0
2660.79 0
2661.43 0
2662.07 0
2662.71 0
2663.35 0
2663.99 0
2664.63 0
2665.27 0
2665.91 0
2666.55 0
2667.19 0
2667.83 0
2668.47 0
2669.11 0
2669.75 0
2670.39 0
2671.03 0
2671.67 0
2672.31 0
2672.95 0
2673.59 0
2674.23 0
2674.87 0
2675.51 0
2676.15 0
2676.79 0
2677.43 0
2678.07 0
2678.71 0
2679.35 0
2679.99 0
2680.63 0
2681.27 0
2681.91 0
2682.55 0
2683.19 0
2683.83 0
2684.47 0
2685.11 0
2685.75 0
2686.39 0
2687.03 0
2687.67 0
2688.31 0
2688.95 0
2689.59 0
2690.23 0
2690.87 0
2691.51 0
2692.15 0
2692.79 0
2693.43 0
2694.07 0
2694.71 0
2695.35 0
2695.99 0
2696.63 0
2697.27 0
2697.91 0
2698.55 0
2699.19 0
2699.83 0
2700.47 0
2701.11 0
2701.75 0
2702.39 0
2703.03 0
2703.67 0
2704.31 0
2704.95 0
2705.59 0
2706.23 0
2706.87 0
2707.51 0
2708.15 0
2708.79 0
2709.43 0
2710.07 0
2710.71 0
2711.35 0
2711.99 0
2712.63 0
2713.27 0
2713.91 0
2714.55 0
2715.19 0
2715.83 0
2716.47 0
2717.12 0
2717.76 0
2718.4 0
2719.04 0
2719.68 0
2720.32 0
2720.96 0
2721.6 0
2722.24 0
2722.88 0
2723.52 0
2724.16 0
2724.8 0
2725.44 0
2726.08 0
2726.72 0
2727.36 0
2728 0
2728.64 0
2729.28 0
2729.92 0
2730.56 0
2731.2 0
2731.84 0
2732.48 0
2733.12 0
2733.76 0
2734.4 0
2735.04 0
2735.68 0
2736.32 0
2736.96 0
2737.6 0
2738.24 0
2738.88 0
2739.52 0
2740.16 0
2740.8 0
2741.44 0
2742.08 0
2742.72 0
2743.36 0
2744 0
2744.64 0
2745.28 0
2745.92 0
2746.56 0
2747.2 0
2747.84 0
2748.48 0
2749.12 0
2749.76 0
2750.4 0
2751.04 0
2751.68 0
2752.32 0
2752.96 0
2753.6 0
2754.24 0
2754.88 0
2755.52 0
2756.16 0
2756.8 0
2757.44 0
2758.08 0
2758.72 0
2759.36 0
2760 0
2760.64 0
2761.28 0
2761.92 0
2762.56 0
2763.2 0
2763.84 0
2764.48 0
2765.12 0
2765.76 0
2766.4 0
2767.04 0
2767.68 0
2768.32 0
2768.96 0
2769.6 0
2770.24 0
2770.88 0
2771.52 0
2772.16 0
2772.8 0
2773.44 0
2774.08 0
2774.72 0
2775.36 0
2776 0
2776.64 0
2777.28 0
2777.92 0
2778.56 0
2779.2 0
2779.84 0
2780.48 0
2781.12 0
2781.76 0
2782.4 0
2783.04 0
2783.68 0
2784.32 0
2784.96 0
2785.6 0
2786.24 0
2786.88 0
2787.52 0
2788.16 0
2788.8 0
2789.44 0
2790.08 0
2790.72 0
2791.36 0
2792 0
2792.64 0
2793.29 0
2793.93 0
2794.57 0
2795.21 0
2795.85 0
2796.49 0
2797.13 0
2797.77 0
2798.41 0
2799.05 0
2799.69 0
2800.33 0
2800.97 0
2801.61 0
2802.25 0
2802.89 0
2803.53 0
2804.17 0
2804.81 0
2805.45 0
2806.09 0
2806.73 0
2807.37 0
2808.01 0
2808.65 0
2809.29 0
2809.93 0
2810.57 0
2811.21 0
2811.85 0
2812.49 0
2813.13 0
2813.77 0
2814.41 0
2815.05 0
2815.69 0
2816.33 0
2816.97 0
2817.61 0
2818.25 0
2818.89 0
2819.53 0
2820.17 0
2820.81 0
2821.45 0
2822.09 0
2822.73 0
2823.37 0
2824.01 0
2824.65 0
2825.29 0
2825.93 0
2826.57 0
2827.21 0
2827.85 0
2828.49 0
2829.13 0
2829.77 0
2830.41 0
2831.05 0
2831.69 0
2832.33 0
2832.97 0
2833.61 0
2834.25 0
2834.89 0
2835.53 0
2836.17 0
2836.81 0
2837.45 0
2838.09 0
2838.73 0
2839.37 0
2840.01 0
2840.65 0
2841.29 0
2841.93 0
2842.57 0
2843.21 0
2843.85 0
2844.49 0
2845.13 0
2845.77 0
2846.41 0
2847.05 0
2847.69 0
2848.33 0
2848.97 0
2849.61 0
2850.25 0
2850.89 0
2851.53 0
2852.17 0
2852.81 0
2853.45 0
2854.09 0
2854.73 0
2855.37 0
2856.01 0
2856.65 0
2857.29 0
2857.93 0
2858.57 0
2859.21 0
2859.85 0
2860.49 0
2861.13 0
2861.77 0
2862.41 0
2863.05 0
2863.69 0
2864.33 0
2864.97 0
2865.61 0
2866.25 0
2866.89 0
2867.53 0
2868.17 0
2868.81 0
2869.46 0
2870.1 0
2870.74 0
2871.38 0
2872.02 0
2872.66 0
2873.3 0
2873.94 0
2874.58 0
2875.22 0
2875.86 0
2876.5 0
2877.14 0
2877.78 0
2878.42 0
2879.06 0
2879.7 0
2880.34 0
2880.98 0
2881.62 0
2882.26 0
2882.9 0
2883.54 0
2884.18 0
2884.82 0
2885.46 0
2886.1 0
2886.74 0
2887.38 0
2888.02 0
2888.66 0
2889.3 0
2889.94 0
2890.58 0
2891.22 0
2891.86 0
2892.5 0
2893.14 0
2893.78 0
2894.42 0
2895.06 0
2895.7 0
2896.34 0
2896.98 0
2897.62 0
2898.26 0
2898.9 0
2899.54 0
2900.18 0
2900.82 0
2901.46 0
2902.1 0
2902.74 0
2903.38 0
2904.02 0
2904.66 0
2905.3 0
2905.94 0
2906.58 0
2907.22 0
2907.86 0
2908.5 0
2909.14 0
2909.78 0
2910.42 0
2911.06 0
2911.7 0
2912.34 0
2912.98 0
2913.62 0
2914.26 0
2914.9 0
2915.54 0
2916.18 0
2916.82 0
2917.46 0
2918.1 0
2918.74 0
2919.38 0
2920.02 0
2920.66 0
2921.3 0
2921.94 0
2922.58 0
2923.22 0
2923.86 0
2924.5 0
2925.14 0
2925.78 0
2926.42 0
2927.06 0
2927.7 0
2928.34 0
2928.98 0
2929.62 0
2930.26 0
2930.9 0
2931.54 0
2932.18 0
2932.82 0
2933.46 0
2934.1 0
2934.74 0
2935.38 0
2936.02 0
2936.66 0
2937.3 0
2937.94 0
2938.58 0
2939.22 0
2939.86 0
2940.5 0
2941.14 0
2941.78 0
2942.42 0
2943.06 0
2943.7 0
2944.34 0
2944.98 0
2945.63 0
2946.27 0
2946.91 0
2947.55 0
2948.19 0
2948.83 0
2949.47 0
2950.11 0
2950.75 0
2951.39 0
2952.03 0
2952.67 0
2953.31 0
2953.95 0
2954.59 0
2955.23 0
2955.87 0
2956.51 0
2957.15 0
2957.79 0
2958.43 0
2959.07 0
2959.71 0
2960.35 0
2960.99 0
2961.63 0
2962.27 0
2962.91 0
2963.55 0
2964.19 0
2964.83 0
2965.47 0
2966.11 0
2966.75 0
2967.39 0
2968.03 0
2968.67 0
2969.31 0
2969.95 0
2970.59 0
2971.23 0
2971.87 0
2972.51 0
2973.15 0
2973.79 0
2974.43 0
2975.07 0
2975.71 0
2976.35 0
2976.99 0
2977.63 0
2978.27 0
2978.91 0
2979.55 0
2980.19 0
2980.83 0
2981.47 0
2982.11 0
2982.75 0
2983.39 0
2984.03 0
2984.67 0
2985.31 0
2985.95 0
2986.59 0
2987.23 0
2987.87 0
2988.51 0
2989.15 0
2989.79 0
2990.43 0
2991.07 0
2991.71 0
2992.35 0
2992.99 0
2993.63 0
2994.27 0
2994.91 0
2995.55 0
2996.19 0
2996.83 0
2997.47 0
2998.11 0
2998.75 0
2999.39 0
3000.03 0
3000.67 0
3001.31 0
3001.95 0
3002.59 0
3003.23 0
3003.87 0
3004.51 0
3005.15 0
3005.79 0
3006.43 0
3007.07 0
3007.71 0
3008.35 0
3008.99 0
3009.63 0
3010.27 0
3010.91 0
3011.55 0
3012.19 0
3012.83 0
3013.47 0
3014.11 0
3014.75 0
3015.39 0
3016.03 0
3016.67 0
3017.31 0
3017.95 0
3018.59 0
3019.23 0
3019.87 0
3020.51 0
3021.15 0
3021.8 0
3022.44 0
3023.08 0
3023.72 0
3024.36 0
3025 0
3025.64 0
3026.28 0
3026.92 0
3027.56 0
3028.2 0
3028.84 0
3029.48 0
3030.12 0
3030.76 0
3031.4 0
3032.04 0
3032.68 0
3033.32 0
3033.96 0
3034.6 0
3035.24 0
3035.88 0
3036.52 0
3037.16 0
3037.8 0
3038.44 0
3039.08 0
3039.72 0
3040.36 0
3041 0
3041.64 0
3042.28 0
3042.92 0
3043.56 0
3044.2 0
3044.84 0
3045.48 0
3046.12 0
3046.76 0
3047.4 0
3048.04 0
3048.68 0
3049.32 0
3049.96 0
3050.6 0
3051.24 0
3051.88 0
3052.52 0
3053.16 0
3053.8 0
3054.44 0
3055.08 0
3055.72 0
3056.36 0
3057 0
3057.64 0
3058.28 0
3058.92 0
3059.56 0
3060.2 0
3060.84 0
3061.48 0
3062.12 0
3062.76 0
3063.4 0
3064.04 0
3064.68 0
3065.32 0
3065.96 0
3066.6 0
3067.24 0
3067.88 0
3068.52 0
3069.16 0
3069.8 0
3070.44 0
3071.08 0
3071.72 0
3072.36 0
3073 0
3073.64 0
3074.28 0
3074.92 0
3075.56 0
3076.2 0
3076.84 0
3077.48 0
3078.12 0
3078.76 0
3079.4 0
3080.04 0
3080.68 0
3081.32 0
3081.96 0
3082.6 0
3083.24 0
3083.88 0
3084.52 0
3085.16 0
3085.8 0
3086.44 0
3087.08 0
3087.72 0
3088.36 0
3089 0
3089.64 0
3090.28 0
3090.92 0
3091.56 0
3092.2 0
3092.84 0
3093.48 0
3094.12 0
3094.76 0
3095.4 0
3096.04 0
3096.68 0
3097.32 0
3097.97 0
3098.61 0
3099.25 0
3099.89 0
3100.53 0
3101.17 0
3101.81 0
3102.45 0
3103.09 0
3103.73 0
3104.37 0
3105.01 0
3105.65 0
3106.29 0
3106.93 0
3107.57 0
3108.21 0
3108.85 0
3109.49 0
3110.13 0
3110.77 0
3111.41 0
3112.05 0
3112.69 0
3113.33 0
3113.97 0
3114.61 0
3115.25 0
3115.89 0
3116.53 0
3117.17 0
3117.81 0
3118.45 0
3119.09 0
3119.73 0
3120.37 0
3121.01 0
3121.65 0
3122.29 0
3122.93 0
3123.57 0
3124.21 0
3124.85 0
3125.49 0
3126.13 0
3126.77 0
3127.41 0
3128.05 0
3128.69 0
3129.33 0
3129.97 0
3130.61 0
3131.25 0
3131.89 0
3132.53 0
3133.17 0
3133.81 0
3134.45 0
3135.09 0
3135.73 0
3136.37 0
3137.01 0
3137.65 0
3138.29 0
3138.93 0
3139.57 0
3140.21 0
3140.85 0
3141.49 0
3142.13 0
3142.77 0
3143.41 0
3144.05 0
3144.69 0
3145.33 0
3145.97 0
3146.61 0
3147.25 0
3147.89 0
3148.53 0
3149.17 0
3149.81 0
3150.45 0
3151.09 0
3151.73 0
3152.37 0
3153.01 0
3153.65 0
3154.29 0
3154.93 0
3155.57 0
3156.21 0
3156.85 0
3157.49 0
3158.13 0
3158.77 0
3159.41 0
3160.05 0
3160.69 0
3161.33 0
3161.97 0
3162.61 0
3163.25 0
3163.89 0
3164.53 0
3165.17 0
3165.81 0
3166.45 0
3167.09 0
3167.73 0
3168.37 0
3169.01 0
3169.65 0
3170.29 0
3170.93 0
3171.57 0
3172.21 0
3172.85 0
3173.49 0
3174.14 0
3174.78 0
3175.42 0
3176.06 0
3176.7 0
3177.34 0
3177.98 0
3178.62 0
3179.26 0
3179.9 0
3180.54 0
3181.18 0
3181.82 0
3182.46 0
3183.1 0
3183.74 0
3184.38 0
3185.02 0
3185.66 0
3186.3 0
3186.94 0
3187.58 0
3188.22 0
3188.86 0
3189.5 0
3190.14 0
3190.78 0
3191.42 0
3192.06 0
3192.7 0
3193.34 0
3193.98 0
3194.62 0
3195.26 0
3195.9 0
3196.54 0
3197.18 0
3197.82 0
3198.46 0
3199.1 0
3199.74 0
3200.38 0
