0.587556 0
1.22766 0
1.86776 0
2.50786 0
3.14797 0
3.78807 0
4.42817 0
5.06827 0
5.70838 0
6.34848 0
6.98858 0
7.62868 0
8.26879 0
8.90889 0
9.54899 0
10.1891 0
10.8292 0
11.4693 0
12.1094 0
12.7495 0
13.3896 0
14.0297 0
14.6698 0
15.3099 0
15.95 0
16.5901 0
17.2302 0
17.8703 0
18.5104 0
19.1505 0
19.7906 0
20.4307 0
21.0708 0
21.7109 0
22.351 0
22.9911 0
23.6312 0
24.2713 0
24.9115 0
25.5516 0
26.1917 0
26.8318 0
27.4719 0
28.112 0
28.7521 0
29.3922 0
30.0323 0
30.6724 0
31.3125 0
31.9526 0
32.5927 0
33.2328 0
33.8729 0
34.513 0
35.1531 0
35.7932 0
36.4333 0
37.0734 0
37.7135 0
38.3536 0
38.9937 0
39.6338 0
40.2739 0
40.914 0
41.5541 0
42.1942 0
42.8343 0
43.4744 0
44.1145 0
44.7546 0
45.3947 0
46.0348 0
46.6749 0
47.315 0
47.9551 0
48.5952 4637.16
49.2353 4617.13
49.8754 4668.97
50.5156 4988.19
51.1557 6293.02
51.7958 9653.13
52.4359 14606.6
53.076 17658.2
53.7161 15825.7
54.3562 10986.4
54.9963 7057.44
55.6364 5318.02
56.2765 4858.83
56.9166 4793
57.5567 0
58.1968 0
58.8369 0
59.477 0
60.1171 0
60.7572 0
61.3973 0
62.0374 0
62.6775 0
63.3176 0
63.9577 0
64.5978 0
65.2379 0
65.878 0
66.5181 0
67.1582 0
67.7983 0
68.4384 0
69.0785 0
69.7186 0
70.3587 0
70.9988 0
71.6389 0
72.279 0
72.9191 0
73.5592 0
74.1993 0
74.8394 0
75.4795 7590.99
76.1197 7588.6
76.7598 7819.77
77.3999 9226.44
78.04 14847
78.6801 32043.6
79.3202 73019.7
79.9603 141631
80.6004 205464
81.2405 205805
81.8806 142475
82.5207 67441.3
83.1608 23409.9
83.8009 8083.53
84.441 4753.37
85.0811 4307.87
85.7212 4290.82
86.3613 4314.32
87.0014 4340.31
87.6415 4366.4
88.2816 0
88.9217 0
89.5618 0
90.2019 0
90.842 0
91.4821 0
92.1222 0
92.7623 0
93.4024 0
94.0425 0
94.6826 0
95.3227 0
95.9628 0
96.6029 0
97.243 0
97.8831 0
98.5232 0
99.1633 0
99.8034 0
100.444 0
101.084 0
101.724 0
102.364 0
103.004 0
103.644 0
104.284 0
104.924 0
105.564 0
106.204 0
106.845 0
107.485 0
108.125 0
108.765 0
109.405 0
110.045 0
110.685 0
111.325 0
111.965 0
112.605 0
113.246 0
113.886 0
114.526 0
115.166 0
115.806 0
116.446 0
117.086 0
117.726 0
118.366 0
119.007 0
119.647 0
120.287 0
120.927 0
121.567 0
122.207 0
122.847 0
123.487 0
124.127 0
124.767 0
125.408 0
126.048 0
126.688 0
127.328 0
127.968 0
128.608 0
129.248 0
129.888 0
130.528 0
131.168 0
131.809 0
132.449 0
133.089 0
133.729 0
134.369 0
135.009 0
135.649 0
136.289 0
136.929 0
137.569 0
138.21 0
138.85 0
139.49 0
140.13 0
140.77 0
141.41 0
142.05 0
142.69 0
143.33 0
143.971 0
144.611 0
145.251 0
145.891 0
146.531 0
147.171 0
147.811 0
148.451 0
149.091 0
149.731 0
150.372 0
151.012 0
151.652 0
152.292 0
152.932 0
153.572 0
154.212 0
154.852 0
155.492 0
156.132 15538.2
156.773 15577.4
157.413 15636.5
158.053 15799
158.693 16288.6
159.333 17344.7
159.973 18693.8
160.613 19368.8
161.253 18762
161.893 17487
162.533 16507.1
163.174 16091.8
163.814 16002.4
164.454 0
165.094 0
165.734 0
166.374 0
167.014 0
167.654 0
168.294 0
168.935 0
169.575 0
170.215 0
170.855 0
171.495 0
172.135 0
172.775 0
173.415 0
174.055 0
174.695 0
175.336 0
175.976 0
176.616 0
177.256 0
177.896 0
178.536 0
179.176 0
179.816 0
180.456 0
181.096 0
181.737 0
182.377 0
183.017 0
183.657 0
184.297 0
184.937 0
185.577 0
186.217 0
186.857 0
187.497 0
188.138 0
188.778 0
189.418 0
190.058 0
190.698 0
191.338 0
191.978 0
192.618 0
193.258 0
193.899 0
194.539 0
195.179 0
195.819 0
196.459 0
197.099 0
197.739 0
198.379 0
199.019 0
199.659 0
200.3 0
200.94 0
201.58 0
202.22 0
202.86 0
203.5 0
204.14 0
204.78 0
205.42 0
206.06 0
206.701 0
207.341 0
207.981 0
208.621 0
209.261 0
209.901 0
210.541 0
211.181 0
211.821 0
212.461 0
213.102 0
213.742 0
214.382 0
215.022 0
215.662 0
216.302 0
216.942 0
217.582 0
218.222 0
218.863 4520.78
219.503 4443.66
220.143 4384.35
220.783 4405.01
221.423 4645.37
222.063 5205.36
222.703 5845.72
223.343 6010.74
223.983 5470.43
224.623 4642.89
225.264 4025.88
225.904 3716.76
226.544 3574.27
227.184 3483.09
227.824 3401.81
228.464 0
229.104 0
229.744 0
230.384 0
231.024 0
231.665 0
232.305 0
232.945 0
233.585 0
234.225 0
234.865 0
235.505 0
236.145 0
236.785 0
237.425 2275.03
238.066 2235.1
238.706 2194.99
239.346 2154.01
239.986 2110.22
240.626 2061.41
241.266 2009.4
241.906 1962.35
242.546 1926.7
243.186 1898.49
243.827 1868.85
244.467 1834.07
245.107 1795.78
245.747 1756.21
246.387 1716.35
247.027 0
247.667 0
248.307 0
248.947 0
249.587 0
250.228 0
250.868 0
251.508 0
252.148 0
252.788 0
253.428 0
254.068 0
254.708 0
255.348 0
255.988 0
256.629 0
257.269 0
257.909 0
258.549 0
259.189 0
259.829 0
260.469 0
261.109 0
261.749 0
262.389 0
263.03 0
263.67 0
264.31 0
264.95 0
265.59 0
266.23 0
266.87 0
267.51 0
268.15 0
268.791 0
269.431 0
270.071 0
270.711 0
271.351 0
271.991 0
272.631 0
273.271 1394.31
273.911 2775.38
274.551 7126.97
275.192 15803.8
275.832 25727.4
276.472 29494.9
277.112 23640.5
277.752 13390.7
278.392 5650.98
279.032 2168.06
279.672 1154.64
280.312 951.824
280.952 915.695
281.593 901.819
282.233 889.892
282.873 0
283.513 0
284.153 0
284.793 0
285.433 0
286.073 0
286.713 0
287.353 0
287.994 0
288.634 0
289.274 0
289.914 0
290.554 857.892
291.194 853.127
291.834 848.358
292.474 843.576
293.114 838.746
293.754 833.827
294.395 828.839
295.035 823.917
295.675 819.197
296.315 814.638
296.955 810.089
297.595 805.723
298.235 805.747
298.875 855.245
299.515 1273.33
300.156 3500.04
300.796 11357.5
301.436 29329.1
302.076 54189.9
302.716 70047.7
303.356 63062.5
303.996 39619.8
304.636 17564.6
305.276 5778.84
305.916 1763.22
306.557 848.796
307.197 699.99
307.837 674.643
308.477 662.635
309.117 651.606
309.757 640.627
310.397 629.649
311.037 0
311.677 0
312.317 0
312.958 0
313.598 0
314.238 0
314.878 0
315.518 0
316.158 0
316.798 0
317.438 0
318.078 0
318.718 0
319.359 0
319.999 0
320.639 0
321.279 0
321.919 0
322.559 0
323.199 0
323.839 0
324.479 0
325.12 0
325.76 0
326.4 0
327.04 0
327.68 0
328.32 0
328.96 0
329.6 0
330.24 0
330.88 0
331.521 0
332.161 0
332.801 0
333.441 0
334.081 0
334.721 0
335.361 0
336.001 0
336.641 0
337.281 0
337.922 0
338.562 0
339.202 0
339.842 0
340.482 0
341.122 0
341.762 0
342.402 0
343.042 0
343.682 0
344.323 0
344.963 0
345.603 0
346.243 0
346.883 0
347.523 352.745
348.163 337.749
348.803 323.33
349.443 311.262
350.084 305.225
350.724 308.44
351.364 328.648
352.004 494.749
352.644 1772.32
353.284 8424.55
353.924 31534.8
354.564 84080.4
355.204 157415
355.844 206496
356.485 189675
357.125 122135
357.765 55134.8
358.405 17473.8
359.045 3914.41
359.685 650.313
360.325 114.162
360.965 53.1989
361.605 48.1306
362.245 47.5673
362.886 47.2549
363.526 46.9523
364.166 46.6499
364.806 46.3475
365.446 46.0452
366.086 45.7428
366.726 45.4404
367.366 45.1381
368.006 0
368.646 0
369.287 0
369.927 0
370.567 0
371.207 0
371.847 0
372.487 0
373.127 0
373.767 0
374.407 0
375.048 0
375.688 0
376.328 0
376.968 0
377.608 0
378.248 0
378.888 31.0608
379.528 44.8131
380.168 126.35
380.808 591.673
381.449 2487.35
382.089 7696.18
382.729 16906.4
383.369 26192.3
384.009 28894.9
384.649 22266.7
385.289 12191.5
385.929 4837.26
386.569 0
387.209 0
387.85 0
388.49 0
389.13 0
389.77 0
390.41 0
391.05 0
391.69 0
392.33 0
392.97 0
393.61 0
394.251 0
394.891 0
395.531 0
396.171 0
396.811 0
397.451 0
398.091 0
398.731 0
399.371 0
400.012 0
400.652 0
401.292 0
401.932 0
402.572 0
403.212 0
403.852 0
404.492 0
405.132 0
405.772 0
406.413 0
407.053 0
407.693 0
408.333 0
408.973 0
409.613 0
410.253 0
410.893 0
411.533 0
412.173 0
412.814 0
413.454 0
414.094 0
414.734 0
415.374 0
416.014 0
416.654 0
417.294 0
417.934 0
418.574 0
419.215 0
419.855 0
420.495 0
421.135 0
421.775 0
422.415 0
423.055 0
423.695 0
424.335 0
424.976 0
425.616 0
426.256 0
426.896 0
427.536 0
428.176 0
428.816 0
429.456 0
430.096 0
430.736 0
431.377 0
432.017 0
432.657 0
433.297 0
433.937 0
434.577 0
435.217 0
435.857 0
436.497 0
437.137 0
437.778 0
438.418 0
439.058 0
439.698 0
440.338 0
440.978 0
441.618 0
442.258 0
442.898 0
443.538 0
444.179 0
444.819 0
445.459 0
446.099 0
446.739 0
447.379 0
448.019 0
448.659 0
449.299 0
449.94 0
450.58 0
451.22 0
451.86 0
452.5 0
453.14 0
453.78 0
454.42 0
455.06 0
455.7 0
456.341 0
456.981 0
457.621 0
458.261 0
458.901 0
459.541 0
460.181 0
460.821 0
461.461 0
462.101 0
462.742 0
463.382 0
464.022 0
464.662 0
465.302 0
465.942 0
466.582 0
467.222 0
467.862 0
468.502 0
469.143 0
469.783 0
470.423 0
471.063 0
471.703 0
472.343 0
472.983 0
473.623 0
474.263 0
474.904 0
475.544 0
476.184 0
476.824 0
477.464 0
478.104 0
478.744 0
479.384 0
480.024 0
480.664 0
481.305 0
481.945 0
482.585 0
483.225 0
483.865 0
484.505 0
485.145 0
485.785 0
486.425 0
487.065 0
487.706 0
488.346 0
488.986 0
489.626 0
490.266 0
490.906 0
491.546 0
492.186 0
492.826 0
493.466 0
494.107 0
494.747 0
495.387 0
496.027 0
496.667 0
497.307 0
497.947 0
498.587 0
499.227 0
499.868 0
500.508 0
501.148 0
501.788 0
502.428 0
503.068 0
503.708 0
504.348 0
504.988 0
505.628 0
506.269 0
506.909 0
507.549 0
508.189 0
508.829 0
509.469 0
510.109 0
510.749 0
511.389 0
512.029 0
512.67 0
513.31 0
513.95 0
514.59 0
515.23 0
515.87 0
516.51 0
517.15 0
517.79 0
518.43 0
519.071 0
519.711 0
520.351 0
520.991 0
521.631 0
522.271 0
522.911 0
523.551 0
524.191 0
524.831 0
525.472 0
526.112 0
526.752 0
527.392 0
528.032 0
528.672 0
529.312 0
529.952 0
530.592 0
531.233 0
531.873 0
532.513 0
533.153 0
533.793 0
534.433 0
535.073 0
535.713 0
536.353 0
536.993 0
537.634 0
538.274 0
538.914 0
539.554 0
540.194 0
540.834 0
541.474 0
542.114 0
542.754 0
543.394 0
544.035 0
544.675 0
545.315 0
545.955 0
546.595 0
547.235 0
547.875 0
548.515 0
549.155 0
549.795 0
550.436 0
551.076 0
551.716 0
552.356 0
552.996 0
553.636 0
554.276 0
554.916 0
555.556 0
556.197 0
556.837 0
557.477 0
558.117 0
558.757 0
559.397 0
560.037 0
560.677 0
561.317 0
561.957 0
562.598 0
563.238 0
563.878 0
564.518 0
565.158 0
565.798 0
566.438 0
567.078 0
567.718 0
568.358 0
568.999 0
569.639 0
570.279 0
570.919 0
571.559 0
572.199 0
572.839 0
573.479 0
574.119 0
574.759 0
575.4 0
576.04 0
576.68 0
577.32 0
577.96 0
578.6 0
579.24 0
579.88 0
580.52 0
581.161 0
581.801 0
582.441 0
583.081 0
583.721 0
584.361 0
585.001 0
585.641 0
586.281 0
586.921 0
587.562 0
588.202 0
588.842 0
589.482 0
590.122 0
590.762 0
591.402 0
592.042 0
592.682 0
593.322 0
593.963 0
594.603 0
595.243 0
595.883 0
596.523 0
597.163 0
597.803 0
598.443 0
599.083 0
599.723 0
600.364 0
601.004 0
601.644 0
602.284 0
602.924 0
603.564 0
604.204 0
604.844 0
605.484 0
606.125 0
606.765 0
607.405 0
608.045 0
608.685 0
609.325 0
609.965 0
610.605 0
611.245 0
611.885 0
612.526 0
613.166 0
613.806 0
614.446 0
615.086 0
615.726 0
616.366 0
617.006 0
617.646 0
618.286 0
618.927 0
619.567 0
620.207 0
620.847 0
621.487 0
622.127 0
622.767 0
623.407 0
624.047 0
624.687 0
625.328 0
625.968 0
626.608 0
627.248 0
627.888 0
628.528 0
629.168 0
629.808 0
630.448 0
631.089 0
631.729 0
632.369 0
633.009 0
633.649 0
634.289 0
634.929 0
635.569 0
636.209 0
636.849 0
637.49 0
638.13 0
638.77 0
639.41 0
640.05 0
640.69 0
641.33 0
641.97 0
642.61 0
643.25 0
643.891 0
644.531 0
645.171 0
645.811 0
646.451 0
647.091 0
647.731 0
648.371 0
649.011 0
649.651 0
650.292 0
650.932 0
651.572 0
652.212 0
652.852 0
653.492 0
654.132 0
654.772 0
655.412 0
656.053 0
656.693 0
657.333 0
657.973 0
658.613 0
659.253 0
659.893 0
660.533 0
661.173 0
661.813 0
662.454 0
663.094 0
663.734 0
664.374 0
665.014 0
665.654 0
666.294 0
666.934 0
667.574 0
668.214 0
668.855 0
669.495 0
670.135 0
670.775 0
671.415 0
672.055 0
672.695 0
673.335 0
673.975 0
674.615 0
675.256 0
675.896 0
676.536 0
677.176 0
677.816 0
678.456 0
679.096 0
679.736 0
680.376 0
681.017 0
681.657 0
682.297 0
682.937 0
683.577 0
684.217 0
684.857 0
685.497 0
686.137 0
686.777 0
687.418 0
688.058 0
688.698 0
689.338 0
689.978 0
690.618 0
691.258 0
691.898 0
692.538 0
693.178 0
693.819 0
694.459 0
695.099 0
695.739 0
696.379 0
697.019 0
697.659 0
698.299 0
698.939 0
699.579 0
700.22 0
700.86 0
701.5 0
702.14 0
702.78 0
703.42 0
704.06 0
704.7 0
705.34 0
705.981 0
706.621 0
707.261 0
707.901 0
708.541 0
709.181 0
709.821 0
710.461 0
711.101 0
711.741 0
712.382 0
713.022 0
713.662 0
714.302 0
714.942 0
715.582 0
716.222 0
716.862 0
717.502 0
718.142 0
718.783 0
719.423 0
720.063 0
720.703 0
721.343 0
721.983 0
722.623 0
723.263 0
723.903 0
724.543 0
725.184 0
725.824 0
726.464 0
727.104 0
727.744 0
728.384 0
729.024 0
729.664 0
730.304 0
730.945 0
731.585 0
732.225 0
732.865 0
733.505 0
734.145 0
734.785 0
735.425 0
736.065 0
736.705 0
737.346 0
737.986 0
738.626 0
739.266 0
739.906 0
740.546 0
741.186 0
741.826 0
742.466 0
743.106 0
743.747 0
744.387 0
745.027 0
745.667 0
746.307 0
746.947 0
747.587 0
748.227 0
748.867 0
749.507 0
750.148 0
750.788 0
751.428 0
752.068 0
752.708 0
753.348 0
753.988 0
754.628 0
755.268 0
755.909 0
756.549 0
757.189 0
757.829 0
758.469 0
759.109 0
759.749 0
760.389 0
761.029 0
761.669 0
762.31 0
762.95 0
763.59 0
764.23 0
764.87 0
765.51 0
766.15 0
766.79 0
767.43 0
768.07 0
768.711 0
769.351 0
769.991 0
770.631 0
771.271 0
771.911 0
772.551 0
773.191 0
773.831 0
774.471 0
775.112 0
775.752 0
776.392 0
777.032 0
777.672 0
778.312 0
778.952 0
779.592 0
780.232 0
780.872 0
781.513 0
782.153 0
782.793 0
783.433 0
784.073 0
784.713 0
785.353 0
785.993 0
786.633 0
787.274 0
787.914 0
788.554 0
789.194 0
789.834 0
790.474 0
791.114 0
791.754 0
792.394 0
793.034 0
793.675 0
794.315 0
794.955 0
795.595 0
796.235 0
796.875 0
797.515 0
798.155 0
798.795 0
799.435 0
800.076 0
800.716 0
801.356 0
801.996 0
802.636 0
803.276 0
803.916 0
804.556 0
805.196 0
805.836 0
806.477 0
807.117 0
807.757 0
808.397 0
809.037 0
809.677 0
810.317 0
810.957 0
811.597 0
812.238 0
812.878 0
813.518 0
814.158 0
814.798 0
815.438 0
816.078 0
816.718 0
817.358 0
817.998 0
818.639 0
819.279 0
819.919 0
820.559 0
821.199 0
821.839 0
822.479 0
823.119 0
823.759 0
824.399 0
825.04 0
825.68 0
826.32 0
826.96 0
827.6 0
828.24 0
828.88 0
829.52 0
830.16 0
830.8 0
831.441 0
832.081 0
832.721 0
833.361 0
834.001 0
834.641 0
835.281 0
835.921 0
836.561 0
837.202 0
837.842 0
838.482 0
839.122 0
839.762 0
840.402 0
841.042 0
841.682 0
842.322 0
842.962 0
843.603 0
844.243 0
844.883 0
845.523 0
846.163 0
846.803 0
847.443 0
848.083 0
848.723 0
849.363 0
850.004 0
850.644 0
851.284 0
851.924 0
852.564 0
853.204 0
853.844 0
854.484 0
855.124 0
855.764 0
856.405 0
857.045 0
857.685 0
858.325 0
858.965 0
859.605 0
860.245 0
860.885 0
861.525 0
862.166 0
862.806 0
863.446 0
864.086 0
864.726 0
865.366 0
866.006 0
866.646 0
867.286 0
867.926 0
868.567 0
869.207 0
869.847 0
870.487 0
871.127 0
871.767 0
872.407 0
873.047 0
873.687 0
874.327 0
874.968 0
875.608 0
876.248 0
876.888 0
877.528 0
878.168 0
878.808 0
879.448 0
880.088 0
880.728 0
881.369 0
882.009 0
882.649 0
883.289 0
883.929 0
884.569 0
885.209 0
885.849 0
886.489 0
887.13 0
887.77 0
888.41 0
889.05 0
889.69 0
890.33 0
890.97 0
891.61 0
892.25 0
892.89 0
893.531 0
894.171 0
894.811 0
895.451 0
896.091 0
896.731 0
897.371 0
898.011 0
898.651 0
899.291 0
899.932 0
900.572 0
901.212 0
901.852 0
902.492 0
903.132 0
903.772 0
904.412 0
905.052 0
905.692 0
906.333 0
906.973 0
907.613 0
908.253 0
908.893 0
909.533 0
910.173 0
910.813 0
911.453 0
912.094 0
912.734 0
913.374 0
914.014 0
914.654 0
915.294 0
915.934 0
916.574 0
917.214 0
917.854 0
918.495 0
919.135 0
919.775 0
920.415 0
921.055 0
921.695 0
922.335 0
922.975 0
923.615 0
924.255 0
924.896 0
925.536 0
926.176 0
926.816 0
927.456 0
928.096 0
928.736 0
929.376 0
930.016 0
930.656 0
931.297 0
931.937 0
932.577 0
933.217 0
933.857 0
934.497 0
935.137 0
935.777 0
936.417 0
937.058 0
937.698 0
938.338 0
938.978 0
939.618 0
940.258 0
940.898 0
941.538 0
942.178 0
942.818 0
943.459 0
944.099 0
944.739 0
945.379 0
946.019 0
946.659 0
947.299 0
947.939 0
948.579 0
949.219 0
949.86 0
950.5 0
951.14 0
951.78 0
952.42 0
953.06 0
953.7 0
954.34 0
954.98 0
955.62 0
956.261 0
956.901 0
957.541 0
958.181 0
958.821 0
959.461 0
960.101 0
960.741 0
961.381 0
962.022 0
962.662 0
963.302 0
963.942 0
964.582 0
965.222 0
965.862 0
966.502 0
967.142 0
967.782 0
968.423 0
969.063 0
969.703 0
970.343 0
970.983 0
971.623 0
972.263 0
972.903 0
973.543 0
974.183 0
974.824 0
975.464 0
976.104 0
976.744 0
977.384 0
978.024 0
978.664 0
979.304 0
979.944 0
980.584 0
981.225 0
981.865 0
982.505 0
983.145 0
983.785 0
984.425 0
985.065 0
985.705 0
986.345 0
986.986 0
987.626 0
988.266 0
988.906 0
989.546 0
990.186 0
990.826 0
991.466 0
992.106 0
992.746 0
993.387 0
994.027 0
994.667 0
995.307 0
995.947 0
996.587 0
997.227 0
997.867 0
998.507 0
999.147 0
999.788 0
1000.43 0
1001.07 0
1001.71 0
1002.35 0
1002.99 0
1003.63 0
1004.27 0
1004.91 0
1005.55 0
1006.19 0
1006.83 0
1007.47 0
1008.11 0
1008.75 0
1009.39 0
1010.03 0
1010.67 0
1011.31 0
1011.95 0
1012.59 0
1013.23 0
1013.87 0
1014.51 0
1015.15 0
1015.79 0
1016.43 0
1017.07 0
1017.71 0
1018.35 0
1018.99 0
1019.63 0
1020.27 0
1020.91 0
1021.55 0
1022.19 0
1022.83 0
1023.47 0
1024.11 0
1024.75 0
1025.39 0
1026.03 0
1026.67 0
1027.31 0
1027.95 0
1028.59 0
1029.23 0
1029.87 0
1030.51 0
1031.15 0
1031.79 0
1032.43 0
1033.07 0
1033.71 0
1034.35 0
1034.99 0
1035.63 0
1036.27 0
1036.91 0
1037.55 0
1038.19 0
1038.83 0
1039.47 0
1040.11 0
1040.75 0
1041.39 0
1042.03 0
1042.67 0
1043.31 0
1043.95 0
1044.59 0
1045.23 0
1045.87 0
1046.52 0
1047.16 0
1047.8 0
1048.44 0
1049.08 0
1049.72 0
1050.36 0
1051 0
1051.64 0
1052.28 0
1052.92 0
1053.56 0
1054.2 0
1054.84 0
1055.48 0
1056.12 0
1056.76 0
1057.4 0
1058.04 0
1058.68 0
1059.32 0
1059.96 0
1060.6 0
1061.24 0
1061.88 0
1062.52 0
1063.16 0
1063.8 0
1064.44 0
1065.08 0
1065.72 0
1066.36 0
1067 0
1067.64 0
1068.28 0
1068.92 0
1069.56 0
1070.2 0
1070.84 0
1071.48 0
1072.12 0
1072.76 0
1073.4 0
1074.04 0
1074.68 0
1075.32 0
1075.96 0
1076.6 0
1077.24 0
1077.88 0
1078.52 0
1079.16 0
1079.8 0
1080.44 0
1081.08 0
1081.72 0
1082.36 0
1083 0
1083.64 0
1084.28 0
1084.92 0
1085.56 0
1086.2 0
1086.84 0
1087.48 0
1088.12 0
1088.76 0
1089.4 0
1090.04 0
1090.68 0
1091.32 0
1091.96 0
1092.6 0
1093.24 0
1093.88 0
1094.52 0
1095.16 0
1095.8 0
1096.44 0
1097.08 0
1097.72 0
1098.36 0
1099 0
1099.64 0
1100.28 0
1100.92 0
1101.56 0
1102.2 0
1102.84 0
1103.48 0
1104.12 0
1104.76 0
1105.4 0
1106.04 0
1106.68 0
1107.32 0
1107.96 0
1108.6 0
1109.25 0
1109.89 0
1110.53 0
1111.17 0
1111.81 0
1112.45 0
1113.09 0
1113.73 0
1114.37 0
1115.01 0
1115.65 0
1116.29 0
1116.93 0
1117.57 0
1118.21 0
1118.85 0
1119.49 0
1120.13 0
1120.77 0
1121.41 0
1122.05 0
1122.69 0
1123.33 0
1123.97 0
1124.61 0
1125.25 0
1125.89 0
1126.53 0
1127.17 0
1127.81 0
1128.45 0
1129.09 0
1129.73 0
1130.37 0
1131.01 0
1131.65 0
1132.29 0
1132.93 0
1133.57 0
1134.21 0
1134.85 0
1135.49 0
1136.13 0
1136.77 0
1137.41 0
1138.05 0
1138.69 0
1139.33 0
1139.97 0
1140.61 0
1141.25 0
1141.89 0
1142.53 0
1143.17 0
1143.81 0
1144.45 0
1145.09 0
1145.73 0
1146.37 0
1147.01 0
1147.65 0
1148.29 0
1148.93 0
1149.57 0
1150.21 0
1150.85 0
1151.49 0
1152.13 0
1152.77 0
1153.41 0
1154.05 0
1154.69 0
1155.33 0
1155.97 0
1156.61 0
1157.25 0
1157.89 0
1158.53 0
1159.17 0
1159.81 0
1160.45 0
1161.09 0
1161.73 0
1162.37 0
1163.01 0
1163.65 0
1164.29 0
1164.93 0
1165.57 0
1166.21 0
1166.85 0
1167.49 0
1168.13 0
1168.77 0
1169.41 0
1170.05 0
1170.69 0
1171.34 0
1171.98 0
1172.62 0
1173.26 0
1173.9 0
1174.54 0
1175.18 0
1175.82 0
1176.46 0
1177.1 0
1177.74 0
1178.38 0
1179.02 0
1179.66 0
1180.3 0
1180.94 0
1181.58 0
1182.22 0
1182.86 0
1183.5 0
1184.14 0
1184.78 0
1185.42 0
1186.06 0
1186.7 0
1187.34 0
1187.98 0
1188.62 0
1189.26 0
1189.9 0
1190.54 0
1191.18 0
1191.82 0
1192.46 0
1193.1 0
1193.74 0
1194.38 0
1195.02 0
1195.66 0
1196.3 0
1196.94 0
1197.58 0
1198.22 0
1198.86 0
1199.5 0
1200.14 0
1200.78 0
1201.42 0
1202.06 0
1202.7 0
1203.34 0
1203.98 0
1204.62 0
1205.26 0
1205.9 0
1206.54 0
1207.18 0
1207.82 0
1208.46 0
1209.1 0
1209.74 0
1210.38 0
1211.02 0
1211.66 0
1212.3 0
1212.94 0
1213.58 0
1214.22 0
1214.86 0
1215.5 0
1216.14 0
1216.78 0
1217.42 0
1218.06 0
1218.7 0
1219.34 0
1219.98 0
1220.62 0
1221.26 0
1221.9 0
1222.54 0
1223.18 0
1223.82 0
1224.46 0
1225.1 0
1225.74 0
1226.38 0
1227.02 0
1227.66 0
1228.3 0
1228.94 0
1229.58 0
1230.22 0
1230.86 0
1231.5 0
1232.14 0
1232.78 0
1233.42 0
1234.07 0
1234.71 0
1235.35 0
1235.99 0
1236.63 0
1237.27 0
1237.91 0
1238.55 0
1239.19 0
1239.83 0
1240.47 0
1241.11 0
1241.75 0
1242.39 0
1243.03 0
1243.67 0
1244.31 0
1244.95 0
1245.59 0
1246.23 0
1246.87 0
1247.51 0
1248.15 0
1248.79 0
1249.43 0
1250.07 0
1250.71 0
1251.35 0
1251.99 0
1252.63 0
1253.27 0
1253.91 0
1254.55 0
1255.19 0
1255.83 0
1256.47 0
1257.11 0
1257.75 0
1258.39 0
1259.03 0
1259.67 0
1260.31 0
1260.95 0
1261.59 0
1262.23 0
1262.87 0
1263.51 0
1264.15 0
1264.79 0
1265.43 0
1266.07 0
1266.71 0
1267.35 0
1267.99 0
1268.63 0
1269.27 0
1269.91 0
1270.55 0
1271.19 0
1271.83 0
1272.47 0
1273.11 0
1273.75 0
1274.39 0
1275.03 0
1275.67 0
1276.31 0
1276.95 0
1277.59 0
1278.23 0
1278.87 0
1279.51 0
1280.15 0
1280.79 0
1281.43 0
1282.07 0
1282.71 0
1283.35 0
1283.99 0
1284.63 0
1285.27 0
1285.91 0
1286.55 0
1287.19 0
1287.83 0
1288.47 0
1289.11 0
1289.75 0
1290.39 0
1291.03 0
1291.67 0
1292.31 0
1292.95 0
1293.59 0
1294.23 0
1294.87 0
1295.51 0
1296.16 0
1296.8 0
1297.44 0
1298.08 0
1298.72 0
1299.36 0
1300 0
1300.64 0
1301.28 0
1301.92 0
1302.56 0
1303.2 0
1303.84 0
1304.48 0
1305.12 0
1305.76 0
1306.4 0
1307.04 0
1307.68 0
1308.32 0
1308.96 0
1309.6 0
1310.24 0
1310.88 0
1311.52 0
1312.16 0
1312.8 0
1313.44 0
1314.08 0
1314.72 0
1315.36 0
1316 0
1316.64 0
1317.28 0
1317.92 0
1318.56 0
1319.2 0
1319.84 0
1320.48 0
1321.12 0
1321.76 0
1322.4 0
1323.04 0
1323.68 0
1324.32 0
1324.96 0
1325.6 0
1326.24 0
1326.88 0
1327.52 0
1328.16 0
1328.8 0
1329.44 0
1330.08 0
1330.72 0
1331.36 0
1332 0
1332.64 0
1333.28 0
1333.92 0
1334.56 0
1335.2 0
1335.84 0
1336.48 0
1337.12 0
1337.76 0
1338.4 0
1339.04 0
1339.68 0
1340.32 0
1340.96 0
1341.6 0
1342.24 0
1342.88 0
1343.52 0
1344.16 0
1344.8 0
1345.44 0
1346.08 0
1346.72 0
1347.36 0
1348 0
1348.64 0
1349.28 0
1349.92 0
1350.56 0
1351.2 0
1351.84 0
1352.48 0
1353.12 0
1353.76 0
1354.4 0
1355.04 0
1355.68 0
1356.32 0
1356.96 0
1357.6 0
1358.24 0
1358.89 0
1359.53 0
1360.17 0
1360.81 0
1361.45 0
1362.09 0
1362.73 0
1363.37 0
1364.01 0
1364.65 0
1365.29 0
1365.93 0
1366.57 0
1367.21 0
1367.85 0
1368.49 0
1369.13 0
1369.77 0
1370.41 0
1371.05 0
1371.69 0
1372.33 0
1372.97 0
1373.61 0
1374.25 0
1374.89 0
1375.53 0
1376.17 0
1376.81 0
1377.45 0
1378.09 0
1378.73 0
1379.37 0
1380.01 0
1380.65 0
1381.29 0
1381.93 0
1382.57 0
1383.21 0
1383.85 0
1384.49 0
1385.13 0
1385.77 0
1386.41 0
1387.05 0
1387.69 0
1388.33 0
1388.97 0
1389.61 0
1390.25 0
1390.89 0
1391.53 0
1392.17 0
1392.81 0
1393.45 0
1394.09 0
1394.73 0
1395.37 0
1396.01 0
1396.65 0
1397.29 0
1397.93 0
1398.57 0
1399.21 0
1399.85 0
1400.49 0
1401.13 0
1401.77 0
1402.41 0
1403.05 0
1403.69 0
1404.33 0
1404.97 0
1405.61 0
1406.25 0
1406.89 0
1407.53 0
1408.17 0
1408.81 0
1409.45 0
1410.09 0
1410.73 0
1411.37 0
1412.01 0
1412.65 0
1413.29 0
1413.93 0
1414.57 0
1415.21 0
1415.85 0
1416.49 0
1417.13 0
1417.77 0
1418.41 0
1419.05 0
1419.69 0
1420.33 0
1420.97 0
1421.62 0
1422.26 0
1422.9 0
1423.54 0
1424.18 0
1424.82 0
1425.46 0
1426.1 0
1426.74 0
1427.38 0
1428.02 0
1428.66 0
1429.3 0
1429.94 0
1430.58 0
1431.22 0
1431.86 0
1432.5 0
1433.14 0
1433.78 0
1434.42 0
1435.06 0
1435.7 0
1436.34 0
1436.98 0
1437.62 0
1438.26 0
1438.9 0
1439.54 0
1440.18 0
1440.82 0
1441.46 0
1442.1 0
1442.74 0
1443.38 0
1444.02 0
1444.66 0
1445.3 0
1445.94 0
1446.58 0
1447.22 0
1447.86 0
1448.5 0
1449.14 0
1449.78 0
1450.42 0
1451.06 0
1451.7 0
1452.34 0
1452.98 0
1453.62 0
1454.26 0
1454.9 0
1455.54 0
1456.18 0
1456.82 0
1457.46 0
1458.1 0
1458.74 0
1459.38 0
1460.02 0
1460.66 0
1461.3 0
1461.94 0
1462.58 0
1463.22 0
1463.86 0
1464.5 0
1465.14 0
1465.78 0
1466.42 0
1467.06 0
1467.7 0
1468.34 0
1468.98 0
1469.62 0
1470.26 0
1470.9 0
1471.54 0
1472.18 0
1472.82 0
1473.46 0
1474.1 0
1474.74 0
1475.38 0
1476.02 0
1476.66 0
1477.3 0
1477.94 0
1478.58 0
1479.22 0
1479.86 0
1480.5 0
1481.14 0
1481.78 0
1482.42 0
1483.06 0
1483.71 0
1484.35 0
1484.99 0
1485.63 0
1486.27 0
1486.91 0
1487.55 0
1488.19 0
1488.83 0
1489.47 0
1490.11 0
1490.75 0
1491.39 0
1492.03 0
1492.67 0
1493.31 0
1493.95 0
1494.59 0
1495.23 0
1495.87 0
1496.51 0
1497.15 0
1497.79 0
1498.43 0
1499.07 0
1499.71 0
1500.35 0
1500.99 0
1501.63 0
1502.27 0
1502.91 0
1503.55 0
1504.19 0
1504.83 0
1505.47 0
1506.11 0
1506.75 0
1507.39 0
1508.03 0
1508.67 0
1509.31 0
1509.95 0
1510.59 0
1511.23 0
1511.87 0
1512.51 0
1513.15 0
1513.79 0
1514.43 0
1515.07 0
1515.71 0
1516.35 0
1516.99 0
1517.63 0
1518.27 0
1518.91 0
1519.55 0
1520.19 0
1520.83 0
1521.47 0
1522.11 0
1522.75 0
1523.39 0
1524.03 0
1524.67 0
1525.31 0
1525.95 0
1526.59 0
1527.23 0
1527.87 0
1528.51 0
1529.15 0
1529.79 0
1530.43 0
1531.07 0
1531.71 0
1532.35 0
1532.99 0
1533.63 0
1534.27 0
1534.91 0
1535.55 0
1536.19 0
1536.83 0
1537.47 0
1538.11 0
1538.75 0
1539.39 0
1540.03 0
1540.67 0
1541.31 0
1541.95 0
1542.59 0
1543.23 0
1543.87 0
1544.51 0
1545.15 0
1545.79 0
1546.44 0
1547.08 0
1547.72 0
1548.36 0
1549 0
1549.64 0
1550.28 0
1550.92 0
1551.56 0
1552.2 0
1552.84 0
1553.48 0
1554.12 0
1554.76 0
1555.4 0
1556.04 0
1556.68 0
1557.32 0
1557.96 0
1558.6 0
1559.24 0
1559.88 0
1560.52 0
1561.16 0
1561.8 0
1562.44 0
1563.08 0
1563.72 0
1564.36 0
1565 0
1565.64 0
1566.28 0
1566.92 0
1567.56 0
1568.2 0
1568.84 0
1569.48 0
1570.12 0
1570.76 0
1571.4 0
1572.04 0
1572.68 0
1573.32 0
1573.96 0
1574.6 0
1575.24 0
1575.88 0
1576.52 0
1577.16 0
1577.8 0
1578.44 0
1579.08 0
1579.72 0
1580.36 0
1581 0
1581.64 0
1582.28 0
1582.92 0
1583.56 0
1584.2 0
1584.84 0
1585.48 0
1586.12 0
1586.76 0
1587.4 0
1588.04 0
1588.68 0
1589.32 0
1589.96 0
1590.6 0
1591.24 0
1591.88 0
1592.52 0
1593.16 0
1593.8 0
1594.44 0
1595.08 0
1595.72 0
1596.36 0
1597 0
1597.64 0
1598.28 0
1598.92 0
1599.56 0
1600.2 0
1600.84 0
1601.48 0
1602.12 0
1602.76 0
1603.4 0
1604.04 0
1604.68 0
1605.32 0
1605.96 0
1606.6 0
1607.24 0
1607.88 0
1608.53 0
1609.17 0
1609.81 0
1610.45 0
1611.09 0
1611.73 0
1612.37 0
1613.01 0
1613.65 0
1614.29 0
1614.93 0
1615.57 0
1616.21 0
1616.85 0
1617.49 0
1618.13 0
1618.77 0
1619.41 0
1620.05 0
1620.69 0
1621.33 0
1621.97 0
1622.61 0
1623.25 0
1623.89 0
1624.53 0
1625.17 0
1625.81 0
1626.45 0
1627.09 0
1627.73 0
1628.37 0
1629.01 0
1629.65 0
1630.29 0
1630.93 0
1631.57 0
1632.21 0
1632.85 0
1633.49 0
1634.13 0
1634.77 0
1635.41 0
1636.05 0
1636.69 0
1637.33 0
1637.97 0
1638.61 0
1639.25 0
1639.89 0
1640.53 0
1641.17 0
1641.81 0
1642.45 0
1643.09 0
1643.73 0
1644.37 0
1645.01 0
1645.65 0
1646.29 0
1646.93 0
1647.57 0
1648.21 0
1648.85 0
1649.49 0
1650.13 0
1650.77 0
1651.41 0
1652.05 0
1652.69 0
1653.33 0
1653.97 0
1654.61 0
1655.25 0
1655.89 0
1656.53 0
1657.17 0
1657.81 0
1658.45 0
1659.09 0
1659.73 0
1660.37 0
1661.01 0
1661.65 0
1662.29 0
1662.93 0
1663.57 0
1664.21 0
1664.85 0
1665.49 0
1666.13 0
1666.77 0
1667.41 0
1668.05 0
1668.69 0
1669.33 0
1669.97 0
1670.61 0
1671.26 0
1671.9 0
1672.54 0
1673.18 0
1673.82 0
1674.46 0
1675.1 0
1675.74 0
1676.38 0
1677.02 0
1677.66 0
1678.3 0
1678.94 0
1679.58 0
1680.22 0
1680.86 0
1681.5 0
1682.14 0
1682.78 0
1683.42 0
1684.06 0
1684.7 0
1685.34 0
1685.98 0
1686.62 0
1687.26 0
1687.9 0
1688.54 0
1689.18 0
1689.82 0
1690.46 0
1691.1 0
1691.74 0
1692.38 0
1693.02 0
1693.66 0
1694.3 0
1694.94 0
1695.58 0
1696.22 0
1696.86 0
1697.5 0
1698.14 0
1698.78 0
1699.42 0
1700.06 0
1700.7 0
1701.34 0
1701.98 0
1702.62 0
1703.26 0
1703.9 0
1704.54 0
1705.18 0
1705.82 0
1706.46 0
1707.1 0
1707.74 0
1708.38 0
1709.02 0
1709.66 0
1710.3 0
1710.94 0
1711.58 0
1712.22 0
1712.86 0
1713.5 0
1714.14 0
1714.78 0
1715.42 0
1716.06 0
1716.7 0
1717.34 0
1717.98 0
1718.62 0
1719.26 0
1719.9 0
1720.54 0
1721.18 0
1721.82 0
1722.46 0
1723.1 0
1723.74 0
1724.38 0
1725.02 0
1725.66 0
1726.3 0
1726.94 0
1727.58 0
1728.22 0
1728.86 0
1729.5 0
1730.14 0
1730.78 0
1731.42 0
1732.06 0
1732.7 0
1733.35 0
1733.99 0
1734.63 0
1735.27 0
1735.91 0
1736.55 0
1737.19 0
1737.83 0
1738.47 0
1739.11 0
1739.75 0
1740.39 0
1741.03 0
1741.67 0
1742.31 0
1742.95 0
1743.59 0
1744.23 0
1744.87 0
1745.51 0
1746.15 0
1746.79 0
1747.43 0
1748.07 0
1748.71 0
1749.35 0
1749.99 0
1750.63 0
1751.27 0
1751.91 0
1752.55 0
1753.19 0
1753.83 0
1754.47 0
1755.11 0
1755.75 0
1756.39 0
1757.03 0
1757.67 0
1758.31 0
1758.95 0
1759.59 0
1760.23 0
1760.87 0
1761.51 0
1762.15 0
1762.79 0
1763.43 0
1764.07 0
1764.71 0
1765.35 0
1765.99 0
1766.63 0
1767.27 0
1767.91 0
1768.55 0
1769.19 0
1769.83 0
1770.47 0
1771.11 0
1771.75 0
1772.39 0
1773.03 0
1773.67 0
1774.31 0
1774.95 0
1775.59 0
1776.23 0
1776.87 0
1777.51 0
1778.15 0
1778.79 0
1779.43 0
1780.07 0
1780.71 0
1781.35 0
1781.99 0
1782.63 0
1783.27 0
1783.91 0
1784.55 0
1785.19 0
1785.83 0
1786.47 0
1787.11 0
1787.75 0
1788.39 0
1789.03 0
1789.67 0
1790.31 0
1790.95 0
1791.59 0
1792.23 0
1792.87 0
1793.51 0
1794.15 0
1794.79 0
1795.43 0
1796.08 0
1796.72 0
1797.36 0
1798 0
1798.64 0
1799.28 0
1799.92 0
1800.56 0
1801.2 0
1801.84 0
1802.48 0
1803.12 0
1803.76 0
1804.4 0
1805.04 0
1805.68 0
1806.32 0
1806.96 0
1807.6 0
1808.24 0
1808.88 0
1809.52 0
1810.16 0
1810.8 0
1811.44 0
1812.08 0
1812.72 0
1813.36 0
1814 0
1814.64 0
1815.28 0
1815.92 0
1816.56 0
1817.2 0
1817.84 0
1818.48 0
1819.12 0
1819.76 0
1820.4 0
1821.04 0
1821.68 0
1822.32 0
1822.96 0
1823.6 0
1824.24 0
1824.88 0
1825.52 0
1826.16 0
1826.8 0
1827.44 0
1828.08 0
1828.72 0
1829.36 0
1830 0
1830.64 0
1831.28 0
1831.92 0
1832.56 0
1833.2 0
1833.84 0
1834.48 0
1835.12 0
1835.76 0
1836.4 0
1837.04 0
1837.68 0
1838.32 0
1838.96 0
1839.6 0
1840.24 0
1840.88 0
1841.52 0
1842.16 0
1842.8 0
1843.44 0
1844.08 0
1844.72 0
1845.36 0
1846 0
1846.64 0
1847.28 0
1847.92 0
1848.56 0
1849.2 0
1849.84 0
1850.48 0
1851.12 0
1851.76 0
1852.4 0
1853.04 0
1853.68 0
1854.32 0
1854.96 0
1855.6 0
1856.24 0
1856.88 0
1857.52 0
1858.16 0
1858.81 0
1859.45 0
1860.09 0
1860.73 0
1861.37 0
1862.01 0
1862.65 0
1863.29 0
1863.93 0
1864.57 0
1865.21 0
1865.85 0
1866.49 0
1867.13 0
1867.77 0
1868.41 0
1869.05 0
1869.69 0
1870.33 0
1870.97 0
1871.61 0
1872.25 0
1872.89 0
1873.53 0
1874.17 0
1874.81 0
1875.45 0
1876.09 0
1876.73 0
1877.37 0
1878.01 0
1878.65 0
1879.29 0
1879.93 0
1880.57 0
1881.21 0
1881.85 0
1882.49 0
1883.13 0
1883.77 0
1884.41 0
1885.05 0
1885.69 0
1886.33 0
1886.97 0
1887.61 0
1888.25 0
1888.89 0
1889.53 0
1890.17 0
1890.81 0
1891.45 0
1892.09 0
1892.73 0
1893.37 0
1894.01 0
1894.65 0
1895.29 0
1895.93 0
1896.57 0
1897.21 0
1897.85 0
1898.49 0
1899.13 0
1899.77 0
1900.41 0
1901.05 0
1901.69 0
1902.33 0
1902.97 0
1903.61 0
1904.25 0
1904.89 0
1905.53 0
1906.17 0
1906.81 0
1907.45 0
1908.09 0
1908.73 0
1909.37 0
1910.01 0
1910.65 0
1911.29 0
1911.93 0
1912.57 0
1913.21 0
1913.85 0
1914.49 0
1915.13 0
1915.77 0
1916.41 0
1917.05 0
1917.69 0
1918.33 0
1918.97 0
1919.61 0
1920.25 0
1920.9 0
1921.54 0
1922.18 0
1922.82 0
1923.46 0
1924.1 0
1924.74 0
1925.38 0
1926.02 0
1926.66 0
1927.3 0
1927.94 0
1928.58 0
1929.22 0
1929.86 0
1930.5 0
1931.14 0
1931.78 0
1932.42 0
1933.06 0
1933.7 0
1934.34 0
1934.98 0
1935.62 0
1936.26 0
1936.9 0
1937.54 0
1938.18 0
1938.82 0
1939.46 0
1940.1 0
1940.74 0
1941.38 0
1942.02 0
1942.66 0
1943.3 0
1943.94 0
1944.58 0
1945.22 0
1945.86 0
1946.5 0
1947.14 0
1947.78 0
1948.42 0
1949.06 0
1949.7 0
1950.34 0
1950.98 0
1951.62 0
1952.26 0
1952.9 0
1953.54 0
1954.18 0
1954.82 0
1955.46 0
1956.1 0
1956.74 0
1957.38 0
1958.02 0
1958.66 0
1959.3 0
1959.94 0
1960.58 0
1961.22 0
1961.86 0
1962.5 0
1963.14 0
1963.78 0
1964.42 0
1965.06 0
1965.7 0
1966.34 0
1966.98 0
1967.62 0
1968.26 0
1968.9 0
1969.54 0
1970.18 0
1970.82 0
1971.46 0
1972.1 0
1972.74 0
1973.38 0
1974.02 0
1974.66 0
1975.3 0
1975.94 0
1976.58 0
1977.22 0
1977.86 0
1978.5 0
1979.14 0
1979.78 0
1980.42 0
1981.06 0
1981.7 0
1982.34 0
1982.98 0
1983.63 0
1984.27 0
1984.91 0
1985.55 0
1986.19 0
1986.83 0
1987.47 0
1988.11 0
1988.75 0
1989.39 0
1990.03 0
1990.67 0
1991.31 0
1991.95 0
1992.59 0
1993.23 0
1993.87 0
1994.51 0
1995.15 0
1995.79 0
1996.43 0
1997.07 0
1997.71 0
1998.35 0
1998.99 0
1999.63 0
2000.27 0
2000.91 0
2001.55 0
2002.19 0
2002.83 0
2003.47 0
2004.11 0
2004.75 0
2005.39 0
2006.03 0
2006.67 0
2007.31 0
2007.95 0
2008.59 0
2009.23 0
2009.87 0
2010.51 0
2011.15 0
2011.79 0
2012.43 0
2013.07 0
2013.71 0
2014.35 0
2014.99 0
2015.63 0
2016.27 0
2016.91 0
2017.55 0
2018.19 0
2018.83 0
2019.47 0
2020.11 0
2020.75 0
2021.39 0
2022.03 0
2022.67 0
2023.31 0
2023.95 0
2024.59 0
2025.23 0
2025.87 0
2026.51 0
2027.15 0
2027.79 0
2028.43 0
2029.07 0
2029.71 0
2030.35 0
2030.99 0
2031.63 0
2032.27 0
2032.91 0
2033.55 0
2034.19 0
2034.83 0
2035.47 0
2036.11 0
2036.75 0
2037.39 0
2038.03 0
2038.67 0
2039.31 0
2039.95 0
2040.59 0
2041.23 0
2041.87 0
2042.51 0
2043.15 0
2043.79 0
2044.43 0
2045.07 0
2045.72 0
2046.36 0
2047 0
2047.64 0
2048.28 0
2048.92 0
2049.56 0
2050.2 0
2050.84 0
2051.48 0
2052.12 0
2052.76 0
2053.4 0
2054.04 0
2054.68 0
2055.32 0
2055.96 0
2056.6 0
2057.24 0
2057.88 0
2058.52 0
2059.16 0
2059.8 0
2060.44 0
2061.08 0
2061.72 0
2062.36 0
2063 0
2063.64 0
2064.28 0
2064.92 0
2065.56 0
2066.2 0
2066.84 0
2067.48 0
2068.12 0
2068.76 0
2069.4 0
2070.04 0
2070.68 0
2071.32 0
2071.96 0
2072.6 0
2073.24 0
2073.88 0
2074.52 0
2075.16 0
2075.8 0
2076.44 0
2077.08 0
2077.72 0
2078.36 0
2079 0
2079.64 0
2080.28 0
2080.92 0
2081.56 0
2082.2 0
2082.84 0
2083.48 0
2084.12 0
2084.76 0
2085.4 0
2086.04 0
2086.68 0
2087.32 0
2087.96 0
2088.6 0
2089.24 0
2089.88 0
2090.52 0
2091.16 0
2091.8 0
2092.44 0
2093.08 0
2093.72 0
2094.36 0
2095 0
2095.64 0
2096.28 0
2096.92 0
2097.56 0
2098.2 0
2098.84 0
2099.48 0
2100.12 0
2100.76 0
2101.4 0
2102.04 0
2102.68 0
2103.32 0
2103.96 0
2104.6 0
2105.24 0
2105.88 0
2106.52 0
2107.16 0
2107.8 0
2108.45 0
2109.09 0
2109.73 0
2110.37 0
2111.01 0
2111.65 0
2112.29 0
2112.93 0
2113.57 0
2114.21 0
2114.85 0
2115.49 0
2116.13 0
2116.77 0
2117.41 0
2118.05 0
2118.69 0
2119.33 0
2119.97 0
2120.61 0
2121.25 0
2121.89 0
2122.53 0
2123.17 0
2123.81 0
2124.45 0
2125.09 0
2125.73 0
2126.37 0
2127.01 0
2127.65 0
2128.29 0
2128.93 0
2129.57 0
2130.21 0
2130.85 0
2131.49 0
2132.13 0
2132.77 0
2133.41 0
2134.05 0
2134.69 0
2135.33 0
2135.97 0
2136.61 0
2137.25 0
2137.89 0
2138.53 0
2139.17 0
2139.81 0
2140.45 0
2141.09 0
2141.73 0
2142.37 0
2143.01 0
2143.65 0
2144.29 0
2144.93 0
2145.57 0
2146.21 0
2146.85 0
2147.49 0
2148.13 0
2148.77 0
2149.41 0
2150.05 0
2150.69 0
2151.33 0
2151.97 0
2152.61 0
2153.25 0
2153.89 0
2154.53 0
2155.17 0
2155.81 0
2156.45 0
2157.09 0
2157.73 0
2158.37 0
2159.01 0
2159.65 0
2160.29 0
2160.93 0
2161.57 0
2162.21 0
2162.85 0
2163.49 0
2164.13 0
2164.77 0
2165.41 0
2166.05 0
2166.69 0
2167.33 0
2167.97 0
2168.61 0
2169.25 0
2169.89 0
2170.54 0
2171.18 0
2171.82 0
2172.46 0
2173.1 0
2173.74 0
2174.38 0
2175.02 0
2175.66 0
2176.3 0
2176.94 0
2177.58 0
2178.22 0
2178.86 0
2179.5 0
2180.14 0
2180.78 0
2181.42 0
2182.06 0
2182.7 0
2183.34 0
2183.98 0
2184.62 0
2185.26 0
2185.9 0
2186.54 0
2187.18 0
2187.82 0
2188.46 0
2189.1 0
2189.74 0
2190.38 0
2191.02 0
2191.66 0
2192.3 0
2192.94 0
2193.58 0
2194.22 0
2194.86 0
2195.5 0
2196.14 0
2196.78 0
2197.42 0
2198.06 0
2198.7 0
2199.34 0
2199.98 0
2200.62 0
2201.26 0
2201.9 0
2202.54 0
2203.18 0
2203.82 0
2204.46 0
2205.1 0
2205.74 0
2206.38 0
2207.02 0
2207.66 0
2208.3 0
2208.94 0
2209.58 0
2210.22 0
2210.86 0
2211.5 0
2212.14 0
2212.78 0
2213.42 0
2214.06 0
2214.7 0
2215.34 0
2215.98 0
2216.62 0
2217.26 0
2217.9 0
2218.54 0
2219.18 0
2219.82 0
2220.46 0
2221.1 0
2221.74 0
2222.38 0
2223.02 0
2223.66 0
2224.3 0
2224.94 0
2225.58 0
2226.22 0
2226.86 0
2227.5 0
2228.14 0
2228.78 0
2229.42 0
2230.06 0
2230.7 0
2231.34 0
2231.98 0
2232.62 0
2233.27 0
2233.91 0
2234.55 0
2235.19 0
2235.83 0
2236.47 0
2237.11 0
2237.75 0
2238.39 0
2239.03 0
2239.67 0
2240.31 0
2240.95 0
2241.59 0
2242.23 0
2242.87 0
2243.51 0
2244.15 0
2244.79 0
2245.43 0
2246.07 0
2246.71 0
2247.35 0
2247.99 0
2248.63 0
2249.27 0
2249.91 0
2250.55 0
2251.19 0
2251.83 0
2252.47 0
2253.11 0
2253.75 0
2254.39 0
2255.03 0
2255.67 0
2256.31 0
2256.95 0
2257.59 0
2258.23 0
2258.87 0
2259.51 0
2260.15 0
2260.79 0
2261.43 0
2262.07 0
2262.71 0
2263.35 0
2263.99 0
2264.63 0
2265.27 0
2265.91 0
2266.55 0
2267.19 0
2267.83 0
2268.47 0
2269.11 0
2269.75 0
2270.39 0
2271.03 0
2271.67 0
2272.31 0
2272.95 0
2273.59 0
2274.23 0
2274.87 0
2275.51 0
2276.15 0
2276.79 0
2277.43 0
2278.07 0
2278.71 0
2279.35 0
2279.99 0
2280.63 0
2281.27 0
2281.91 0
2282.55 0
2283.19 0
2283.83 0
2284.47 0
2285.11 0
2285.75 0
2286.39 0
2287.03 0
2287.67 0
2288.31 0
2288.95 0
2289.59 0
2290.23 0
2290.87 0
2291.51 0
2292.15 0
2292.79 0
2293.43 0
2294.07 0
2294.71 0
2295.36 0
2296 0
2296.64 0
2297.28 0
2297.92 0
2298.56 0
2299.2 0
2299.84 0
2300.48 0
2301.12 0
2301.76 0
2302.4 0
2303.04 0
2303.68 0
2304.32 0
2304.96 0
2305.6 0
2306.24 0
2306.88 0
2307.52 0
2308.16 0
2308.8 0
2309.44 0
2310.08 0
2310.72 0
2311.36 0
2312 0
2312.64 0
2313.28 0
2313.92 0
2314.56 0
2315.2 0
2315.84 0
2316.48 0
2317.12 0
2317.76 0
2318.4 0
2319.04 0
2319.68 0
2320.32 0
2320.96 0
2321.6 0
2322.24 0
2322.88 0
2323.52 0
2324.16 0
2324.8 0
2325.44 0
2326.08 0
2326.72 0
2327.36 0
2328 0
2328.64 0
2329.28 0
2329.92 0
2330.56 0
2331.2 0
2331.84 0
2332.48 0
2333.12 0
2333.76 0
2334.4 0
2335.04 0
2335.68 0
2336.32 0
2336.96 0
2337.6 0
2338.24 0
2338.88 0
2339.52 0
2340.16 0
2340.8 0
2341.44 0
2342.08 0
2342.72 0
2343.36 0
2344 0
2344.64 0
2345.28 0
2345.92 0
2346.56 0
2347.2 0
2347.84 0
2348.48 0
2349.12 0
2349.76 0
2350.4 0
2351.04 0
2351.68 0
2352.32 0
2352.96 0
2353.6 0
2354.24 0
2354.88 0
2355.52 0
2356.16 0
2356.8 0
2357.44 0
2358.09 0
2358.73 0
2359.37 0
2360.01 0
2360.65 0
2361.29 0
2361.93 0
2362.57 0
2363.21 0
2363.85 0
2364.49 0
2365.13 0
2365.77 0
2366.41 0
2367.05 0
2367.69 0
2368.33 0
2368.97 0
2369.61 0
2370.25 0
2370.89 0
2371.53 0
2372.17 0
2372.81 0
2373.45 0
2374.09 0
2374.73 0
2375.37 0
2376.01 0
2376.65 0
2377.29 0
2377.93 0
2378.57 0
2379.21 0
2379.85 0
2380.49 0
2381.13 0
2381.77 0
2382.41 0
2383.05 0
2383.69 0
2384.33 0
2384.97 0
2385.61 0
2386.25 0
2386.89 0
2387.53 0
2388.17 0
2388.81 0
2389.45 0
2390.09 0
2390.73 0
2391.37 0
2392.01 0
2392.65 0
2393.29 0
2393.93 0
2394.57 0
2395.21 0
2395.85 0
2396.49 0
2397.13 0
2397.77 0
2398.41 0
2399.05 0
2399.69 0
2400.33 0
2400.97 0
2401.61 0
2402.25 0
2402.89 0
2403.53 0
2404.17 0
2404.81 0
2405.45 0
2406.09 0
2406.73 0
2407.37 0
2408.01 0
2408.65 0
2409.29 0
2409.93 0
2410.57 0
2411.21 0
2411.85 0
2412.49 0
2413.13 0
2413.77 0
2414.41 0
2415.05 0
2415.69 0
2416.33 0
2416.97 0
2417.61 0
2418.25 0
2418.89 0
2419.53 0
2420.17 0
2420.82 0
2421.46 0
2422.1 0
2422.74 0
2423.38 0
2424.02 0
2424.66 0
2425.3 0
2425.94 0
2426.58 0
2427.22 0
2427.86 0
2428.5 0
2429.14 0
2429.78 0
2430.42 0
2431.06 0
2431.7 0
2432.34 0
2432.98 0
2433.62 0
2434.26 0
2434.9 0
2435.54 0
2436.18 0
2436.82 0
2437.46 0
2438.1 0
2438.74 0
2439.38 0
2440.02 0
2440.66 0
2441.3 0
2441.94 0
2442.58 0
2443.22 0
2443.86 0
2444.5 0
2445.14 0
2445.78 0
2446.42 0
2447.06 0
2447.7 0
2448.34 0
2448.98 0
2449.62 0
2450.26 0
2450.9 0
2451.54 0
2452.18 0
2452.82 0
2453.46 0
2454.1 0
2454.74 0
2455.38 0
2456.02 0
2456.66 0
2457.3 0
2457.94 0
2458.58 0
2459.22 0
2459.86 0
2460.5 0
2461.14 0
2461.78 0
2462.42 0
2463.06 0
2463.7 0
2464.34 0
2464.98 0
2465.62 0
2466.26 0
2466.9 0
2467.54 0
2468.18 0
2468.82 0
2469.46 0
2470.1 0
2470.74 0
2471.38 0
2472.02 0
2472.66 0
2473.3 0
2473.94 0
2474.58 0
2475.22 0
2475.86 0
2476.5 0
2477.14 0
2477.78 0
2478.42 0
2479.06 0
2479.7 0
2480.34 0
2480.98 0
2481.62 0
2482.26 0
2482.91 0
2483.55 0
2484.19 0
2484.83 0
2485.47 0
2486.11 0
2486.75 0
2487.39 0
2488.03 0
2488.67 0
2489.31 0
2489.95 0
2490.59 0
2491.23 0
2491.87 0
2492.51 0
2493.15 0
2493.79 0
2494.43 0
2495.07 0
2495.71 0
2496.35 0
2496.99 0
2497.63 0
2498.27 0
2498.91 0
2499.55 0
2500.19 0
2500.83 0
2501.47 0
2502.11 0
2502.75 0
2503.39 0
2504.03 0
2504.67 0
2505.31 0
2505.95 0
2506.59 0
2507.23 0
2507.87 0
2508.51 0
2509.15 0
2509.79 0
2510.43 0
2511.07 0
2511.71 0
2512.35 0
2512.99 0
2513.63 0
2514.27 0
2514.91 0
2515.55 0
2516.19 0
2516.83 0
2517.47 0
2518.11 0
2518.75 0
2519.39 0
2520.03 0
2520.67 0
2521.31 0
2521.95 0
2522.59 0
2523.23 0
2523.87 0
2524.51 0
2525.15 0
2525.79 0
2526.43 0
2527.07 0
2527.71 0
2528.35 0
2528.99 0
2529.63 0
2530.27 0
2530.91 0
2531.55 0
2532.19 0
2532.83 0
2533.47 0
2534.11 0
2534.75 0
2535.39 0
2536.03 0
2536.67 0
2537.31 0
2537.95 0
2538.59 0
2539.23 0
2539.87 0
2540.51 0
2541.15 0
2541.79 0
2542.43 0
2543.07 0
2543.71 0
2544.35 0
2544.99 0
2545.64 0
2546.28 0
2546.92 0
2547.56 0
2548.2 0
2548.84 0
2549.48 0
2550.12 0
2550.76 0
2551.4 0
2552.04 0
2552.68 0
2553.32 0
2553.96 0
2554.6 0
2555.24 0
2555.88 0
2556.52 0
2557.16 0
2557.8 0
2558.44 0
2559.08 0
2559.72 0
2560.36 0
2561 0
2561.64 0
2562.28 0
2562.92 0
2563.56 0
2564.2 0
2564.84 0
2565.48 0
2566.12 0
2566.76 0
2567.4 0
2568.04 0
2568.68 0
2569.32 0
2569.96 0
2570.6 0
2571.24 0
2571.88 0
2572.52 0
2573.16 0
2573.8 0
2574.44 0
2575.08 0
2575.72 0
2576.36 0
2577 0
2577.64 0
2578.28 0
2578.92 0
2579.56 0
2580.2 0
2580.84 0
2581.48 0
2582.12 0
2582.76 0
2583.4 0
2584.04 0
2584.68 0
2585.32 0
2585.96 0
2586.6 0
2587.24 0
2587.88 0
2588.52 0
2589.16 0
2589.8 0
2590.44 0
2591.08 0
2591.72 0
2592.36 0
2593 0
2593.64 0
2594.28 0
2594.92 0
2595.56 0
2596.2 0
2596.84 0
2597.48 0
2598.12 0
2598.76 0
2599.4 0
2600.04 0
2600.68 0
2601.32 0
2601.96 0
2602.6 0
2603.24 0
2603.88 0
2604.52 0
2605.16 0
2605.8 0
2606.44 0
2607.08 0
2607.73 0
2608.37 0
2609.01 0
2609.65 0
2610.29 0
2610.93 0
2611.57 0
2612.21 0
2612.85 0
2613.49 0
2614.13 0
2614.77 0
2615.41 0
2616.05 0
2616.69 0
2617.33 0
2617.97 0
2618.61 0
2619.25 0
2619.89 0
2620.53 0
2621.17 0
2621.81 0
2622.45 0
2623.09 0
2623.73 0
2624.37 0
2625.01 0
2625.65 0
2626.29 0
2626.93 0
2627.57 0
2628.21 0
2628.85 0
2629.49 0
2630.13 0
2630.77 0
2631.41 0
2632.05 0
2632.69 0
2633.33 0
2633.97 0
2634.61 0
2635.25 0
2635.89 0
2636.53 0
2637.17 0
2637.81 0
2638.45 0
2639.09 0
2639.73 0
2640.37 0
2641.01 0
2641.65 0
2642.29 0
2642.93 0
2643.57 0
2644.21 0
2644.85 0
2645.49 0
2646.13 0
2646.77 0
2647.41 0
2648.05 0
2648.69 0
2649.33 0
2649.97 0
2650.61 0
2651.25 0
2651.89 0
2652.53 0
2653.17 0
2653.81 0
2654.45 0
2655.09 0
2655.73 0
2656.37 0
2657.01 0
2657.65 0
2658.29 0
2658.93 0
2659.57 0
2660.21 0
2660.85 0
2661.49 0
2662.13 0
2662.77 0
2663.41 0
2664.05 0
2664.69 0
2665.33 0
2665.97 0
2666.61 0
2667.25 0
2667.89 0
2668.53 0
2669.17 0
2669.81 0
2670.46 0
2671.1 0
2671.74 0
2672.38 0
2673.02 0
2673.66 0
2674.3 0
2674.94 0
2675.58 0
2676.22 0
2676.86 0
2677.5 0
2678.14 0
2678.78 0
2679.42 0
2680.06 0
2680.7 0
2681.34 0
2681.98 0
2682.62 0
2683.26 0
2683.9 0
2684.54 0
2685.18 0
2685.82 0
2686.46 0
2687.1 0
2687.74 0
2688.38 0
2689.02 0
2689.66 0
2690.3 0
2690.94 0
2691.58 0
2692.22 0
2692.86 0
2693.5 0
2694.14 0
2694.78 0
2695.42 0
2696.06 0
2696.7 0
2697.34 0
2697.98 0
2698.62 0
2699.26 0
2699.9 0
2700.54 0
2701.18 0
2701.82 0
2702.46 0
2703.1 0
2703.74 0
2704.38 0
2705.02 0
2705.66 0
2706.3 0
2706.94 0
2707.58 0
2708.22 0
2708.86 0
2709.5 0
2710.14 0
2710.78 0
2711.42 0
2712.06 0
2712.7 0
2713.34 0
2713.98 0
2714.62 0
2715.26 0
2715.9 0
2716.54 0
2717.18 0
2717.82 0
2718.46 0
2719.1 0
2719.74 0
2720.38 0
2721.02 0
2721.66 0
2722.3 0
2722.94 0
2723.58 0
2724.22 0
2724.86 0
2725.5 0
2726.14 0
2726.78 0
2727.42 0
2728.06 0
2728.7 0
2729.34 0
2729.98 0
2730.62 0
2731.26 0
2731.9 0
2732.55 0
2733.19 0
2733.83 0
2734.47 0
2735.11 0
2735.75 0
2736.39 0
2737.03 0
2737.67 0
2738.31 0
2738.95 0
2739.59 0
2740.23 0
2740.87 0
2741.51 0
2742.15 0
2742.79 0
2743.43 0
2744.07 0
2744.71 0
2745.35 0
2745.99 0
2746.63 0
2747.27 0
2747.91 0
2748.55 0
2749.19 0
2749.83 0
2750.47 0
2751.11 0
2751.75 0
2752.39 0
2753.03 0
2753.67 0
2754.31 0
2754.95 0
2755.59 0
2756.23 0
2756.87 0
2757.51 0
2758.15 0
2758.79 0
2759.43 0
2760.07 0
2760.71 0
2761.35 0
2761.99 0
2762.63 0
2763.27 0
2763.91 0
2764.55 0
2765.19 0
2765.83 0
2766.47 0
2767.11 0
2767.75 0
2768.39 0
2769.03 0
2769.67 0
2770.31 0
2770.95 0
2771.59 0
2772.23 0
2772.87 0
2773.51 0
2774.15 0
2774.79 0
2775.43 0
2776.07 0
2776.71 0
2777.35 0
2777.99 0
2778.63 0
2779.27 0
2779.91 0
2780.55 0
2781.19 0
2781.83 0
2782.47 0
2783.11 0
2783.75 0
2784.39 0
2785.03 0
2785.67 0
2786.31 0
2786.95 0
2787.59 0
2788.23 0
2788.87 0
2789.51 0
2790.15 0
2790.79 0
2791.43 0
2792.07 0
2792.71 0
2793.35 0
2793.99 0
2794.63 0
2795.28 0
2795.92 0
2796.56 0
2797.2 0
2797.84 0
2798.48 0
2799.12 0
2799.76 0
2800.4 0
2801.04 0
2801.68 0
2802.32 0
2802.96 0
2803.6 0
2804.24 0
2804.88 0
2805.52 0
2806.16 0
2806.8 0
2807.44 0
2808.08 0
2808.72 0
2809.36 0
2810 0
2810.64 0
2811.28 0
2811.92 0
2812.56 0
2813.2 0
2813.84 0
2814.48 0
2815.12 0
2815.76 0
2816.4 0
2817.04 0
2817.68 0
2818.32 0
2818.96 0
2819.6 0
2820.24 0
2820.88 0
2821.52 0
2822.16 0
2822.8 0
2823.44 0
2824.08 0
2824.72 0
2825.36 0
2826 0
2826.64 0
2827.28 0
2827.92 0
2828.56 0
2829.2 0
2829.84 0
2830.48 0
2831.12 0
2831.76 0
2832.4 0
2833.04 0
2833.68 0
2834.32 0
2834.96 0
2835.6 0
2836.24 0
2836.88 0
2837.52 0
2838.16 0
2838.8 0
2839.44 0
2840.08 0
2840.72 0
2841.36 0
2842 0
2842.64 0
2843.28 0
2843.92 0
2844.56 0
2845.2 0
2845.84 0
2846.48 0
2847.12 0
2847.76 0
2848.4 0
2849.04 0
2849.68 0
2850.32 0
2850.96 0
2851.6 0
2852.24 0
2852.88 0
2853.52 0
2854.16 0
2854.8 0
2855.44 0
2856.08 0
2856.72 0
2857.36 0
2858.01 0
2858.65 0
2859.29 0
2859.93 0
2860.57 0
2861.21 0
2861.85 0
2862.49 0
2863.13 0
2863.77 0
2864.41 0
2865.05 0
2865.69 0
2866.33 0
2866.97 0
2867.61 0
2868.25 0
2868.89 0
2869.53 0
2870.17 0
2870.81 0
2871.45 0
2872.09 0
2872.73 0
2873.37 0
2874.01 0
2874.65 0
2875.29 0
2875.93 0
2876.57 0
2877.21 0
2877.85 0
2878.49 0
2879.13 0
2879.77 0
2880.41 0
2881.05 0
2881.69 0
2882.33 0
2882.97 0
2883.61 0
2884.25 0
2884.89 0
2885.53 0
2886.17 0
2886.81 0
2887.45 0
2888.09 0
2888.73 0
2889.37 0
2890.01 0
2890.65 0
2891.29 0
2891.93 0
2892.57 0
2893.21 0
2893.85 0
2894.49 0
2895.13 0
2895.77 0
2896.41 0
2897.05 0
2897.69 0
2898.33 0
2898.97 0
2899.61 0
2900.25 0
2900.89 0
2901.53 0
2902.17 0
2902.81 0
2903.45 0
2904.09 0
2904.73 0
2905.37 0
2906.01 0
2906.65 0
2907.29 0
2907.93 0
2908.57 0
2909.21 0
2909.85 0
2910.49 0
2911.13 0
2911.77 0
2912.41 0
2913.05 0
2913.69 0
2914.33 0
2914.97 0
2915.61 0
2916.25 0
2916.89 0
2917.53 0
2918.17 0
2918.81 0
2919.45 0
2920.1 0
2920.74 0
2921.38 0
2922.02 0
2922.66 0
2923.3 0
2923.94 0
2924.58 0
2925.22 0
2925.86 0
2926.5 0
2927.14 0
2927.78 0
2928.42 0
2929.06 0
2929.7 0
2930.34 0
2930.98 0
2931.62 0
2932.26 0
2932.9 0
2933.54 0
2934.18 0
2934.82 0
2935.46 0
2936.1 0
2936.74 0
2937.38 0
2938.02 0
2938.66 0
2939.3 0
2939.94 0
2940.58 0
2941.22 0
2941.86 0
2942.5 0
2943.14 0
2943.78 0
2944.42 0
2945.06 0
2945.7 0
2946.34 0
2946.98 0
2947.62 0
2948.26 0
2948.9 0
2949.54 0
2950.18 0
2950.82 0
2951.46 0
2952.1 0
2952.74 0
2953.38 0
2954.02 0
2954.66 0
2955.3 0
2955.94 0
2956.58 0
2957.22 0
2957.86 0
2958.5 0
2959.14 0
2959.78 0
2960.42 0
2961.06 0
2961.7 0
2962.34 0
2962.98 0
2963.62 0
2964.26 0
2964.9 0
2965.54 0
2966.18 0
2966.82 0
2967.46 0
2968.1 0
2968.74 0
2969.38 0
2970.02 0
2970.66 0
2971.3 0
2971.94 0
2972.58 0
2973.22 0
2973.86 0
2974.5 0
2975.14 0
2975.78 0
2976.42 0
2977.06 0
2977.7 0
2978.34 0
2978.98 0
2979.62 0
2980.26 0
2980.9 0
2981.54 0
2982.18 0
2982.83 0
2983.47 0
2984.11 0
2984.75 0
2985.39 0
2986.03 0
2986.67 0
2987.31 0
2987.95 0
2988.59 0
2989.23 0
2989.87 0
2990.51 0
2991.15 0
2991.79 0
2992.43 0
2993.07 0
2993.71 0
2994.35 0
2994.99 0
2995.63 0
2996.27 0
2996.91 0
2997.55 0
2998.19 0
2998.83 0
2999.47 0
3000.11 0
3000.75 0
3001.39 0
3002.03 0
3002.67 0
3003.31 0
3003.95 0
3004.59 0
3005.23 0
3005.87 0
3006.51 0
3007.15 0
3007.79 0
3008.43 0
3009.07 0
3009.71 0
3010.35 0
3010.99 0
3011.63 0
3012.27 0
3012.91 0
3013.55 0
3014.19 0
3014.83 0
3015.47 0
3016.11 0
3016.75 0
3017.39 0
3018.03 0
3018.67 0
3019.31 0
3019.95 0
3020.59 0
3021.23 0
3021.87 0
3022.51 0
3023.15 0
3023.79 0
3024.43 0
3025.07 0
3025.71 0
3026.35 0
3026.99 0
3027.63 0
3028.27 0
3028.91 0
3029.55 0
3030.19 0
3030.83 0
3031.47 0
3032.11 0
3032.75 0
3033.39 0
3034.03 0
3034.67 0
3035.31 0
3035.95 0
3036.59 0
3037.23 0
3037.87 0
3038.51 0
3039.15 0
3039.79 0
3040.43 0
3041.07 0
3041.71 0
3042.35 0
3042.99 0
3043.63 0
3044.27 0
3044.92 0
3045.56 0
3046.2 0
3046.84 0
3047.48 0
3048.12 0
3048.76 0
3049.4 0
3050.04 0
3050.68 0
3051.32 0
3051.96 0
3052.6 0
3053.24 0
3053.88 0
3054.52 0
3055.16 0
3055.8 0
3056.44 0
3057.08 0
3057.72 0
3058.36 0
3059 0
3059.64 0
3060.28 0
3060.92 0
3061.56 0
3062.2 0
3062.84 0
3063.48 0
3064.12 0
3064.76 0
3065.4 0
3066.04 0
3066.68 0
3067.32 0
3067.96 0
3068.6 0
3069.24 0
3069.88 0
3070.52 0
3071.16 0
3071.8 0
3072.44 0
3073.08 0
3073.72 0
3074.36 0
3075 0
3075.64 0
3076.28 0
3076.92 0
3077.56 0
3078.2 0
3078.84 0
3079.48 0
3080.12 0
3080.76 0
3081.4 0
3082.04 0
3082.68 0
3083.32 0
3083.96 0
3084.6 0
3085.24 0
3085.88 0
3086.52 0
3087.16 0
3087.8 0
3088.44 0
3089.08 0
3089.72 0
3090.36 0
3091 0
3091.64 0
3092.28 0
3092.92 0
3093.56 0
3094.2 0
3094.84 0
3095.48 0
3096.12 0
3096.76 0
3097.4 0
3098.04 0
3098.68 0
3099.32 0
3099.96 0
3100.6 0
3101.24 0
3101.88 0
3102.52 0
3103.16 0
3103.8 0
3104.44 0
3105.08 0
3105.72 0
3106.36 0
3107 0
3107.65 0
3108.29 0
3108.93 0
3109.57 0
3110.21 0
3110.85 0
3111.49 0
3112.13 0
3112.77 0
3113.41 0
3114.05 0
3114.69 0
3115.33 0
3115.97 0
3116.61 0
3117.25 0
3117.89 0
3118.53 0
3119.17 0
3119.81 0
3120.45 0
3121.09 0
3121.73 0
3122.37 0
3123.01 0
3123.65 0
3124.29 0
3124.93 0
3125.57 0
3126.21 0
3126.85 0
3127.49 0
3128.13 0
3128.77 0
3129.41 0
3130.05 0
3130.69 0
3131.33 0
3131.97 0
3132.61 0
3133.25 0
3133.89 0
3134.53 0
3135.17 0
3135.81 0
3136.45 0
3137.09 0
3137.73 0
3138.37 0
3139.01 0
3139.65 0
3140.29 0
3140.93 0
3141.57 0
3142.21 0
3142.85 0
3143.49 0
3144.13 0
3144.77 0
3145.41 0
3146.05 0
3146.69 0
3147.33 0
3147.97 0
3148.61 0
3149.25 0
3149.89 0
3150.53 0
3151.17 0
3151.81 0
3152.45 0
3153.09 0
3153.73 0
3154.37 0
3155.01 0
3155.65 0
3156.29 0
3156.93 0
3157.57 0
3158.21 0
3158.85 0
3159.49 0
3160.13 0
3160.77 0
3161.41 0
3162.05 0
3162.69 0
3163.33 0
3163.97 0
3164.61 0
3165.25 0
3165.89 0
3166.53 0
3167.17 0
3167.81 0
3168.45 0
3169.09 0
3169.74 0
3170.38 0
3171.02 0
3171.66 0
3172.3 0
3172.94 0
3173.58 0
3174.22 0
3174.86 0
3175.5 0
3176.14 0
3176.78 0
3177.42 0
3178.06 0
3178.7 0
3179.34 0
3179.98 0
3180.62 0
3181.26 0
3181.9 0
3182.54 0
3183.18 0
3183.82 0
3184.46 0
3185.1 0
3185.74 0
3186.38 0
3187.02 0
3187.66 0
3188.3 0
3188.94 0
3189.58 0
3190.22 0
3190.86 0
3191.5 0
3192.14 0
3192.78 0
3193.42 0
3194.06 0
3194.7 0
3195.34 0
3195.98 0
3196.62 0
3197.26 0
3197.9 0
3198.54 0
3199.18 0
3199.82 0
3200.46 0
