29.91 0
30.5434 0
31.1768 0
31.8102 0
32.4437 0
33.0771 0
33.7105 0
34.344 0
34.9774 0
35.6108 0
36.2442 0
36.8777 0
37.5111 0
38.1445 0
38.778 0
39.4114 0
40.0448 0
40.6783 0
41.3117 0
41.9451 456.539
42.5786 454.889
43.212 456.669
43.8454 479.804
44.4789 584.582
45.1123 865.664
45.7458 1301.94
46.3792 1608.03
47.0126 1493.78
47.6461 1071.53
48.2795 689.56
48.9129 501.719
49.5464 444.508
50.1798 434.408
50.8133 444.467
51.4467 488.497
52.0802 583.912
52.7136 694.628
53.347 729.508
53.9805 652.039
54.6139 533.92
55.2474 453.601
55.8808 420.855
56.5143 411.29
57.1477 408.073
57.7811 405.926
58.4146 0
59.048 0
59.6815 0
60.3149 0
60.9484 0
61.5818 0
62.2153 0
62.8487 0
63.4822 0
64.1156 0
64.7491 0
65.3825 0
66.016 0
66.6494 0
67.2829 0
67.9163 0
68.5498 0
69.1832 0
69.8167 0
70.4501 0
71.0836 0
71.717 0
72.3505 0
72.984 0
73.6174 0
74.2509 0
74.8843 0
75.5178 0
76.1512 0
76.7847 0
77.4182 0
78.0516 0
78.6851 0
79.3185 0
79.952 0
80.5854 0
81.2189 0
81.8524 0
82.4858 0
83.1193 0
83.7528 0
84.3862 0
85.0197 0
85.6531 0
86.2866 0
86.9201 0
87.5535 0
88.187 0
88.8205 0
89.4539 0
90.0874 0
90.7209 0
91.3543 0
91.9878 0
92.6213 0
93.2547 0
93.8882 0
94.5217 0
95.1551 0
95.7886 0
96.4221 0
97.0556 0
97.689 0
98.3225 0
98.956 0
99.5894 0
100.223 0
100.856 0
101.49 0
102.123 0
102.757 0
103.39 0
104.024 0
104.657 0
105.291 0
105.924 0
106.558 0
107.191 0
107.825 0
108.458 0
109.092 0
109.725 0
110.359 0
110.992 0
111.626 0
112.259 0
112.892 0
113.526 0
114.159 0
114.793 0
115.426 0
116.06 0
116.693 0
117.327 0
117.96 0
118.594 0
119.227 0
119.861 0
120.494 0
121.128 0
121.761 0
122.395 0
123.028 0
123.662 0
124.295 0
124.929 0
125.562 0
126.196 0
126.829 0
127.463 0
128.096 0
128.73 0
129.363 0
129.997 0
130.63 0
131.264 0
131.897 0
132.531 0
133.164 0
133.798 0
134.431 0
135.065 0
135.698 0
136.332 0
136.965 0
137.599 0
138.232 0
138.866 0
139.499 0
140.133 0
140.766 0
141.4 0
142.033 0
142.667 0
143.3 0
143.934 0
144.567 0
145.201 0
145.834 0
146.468 0
147.101 0
147.735 0
148.368 0
149.002 0
149.635 0
150.269 0
150.902 0
151.536 0
152.169 0
152.803 0
153.436 0
154.07 0
154.703 0
155.337 0
155.97 0
156.604 0
157.237 0
157.871 0
158.504 0
159.138 0
159.771 0
160.405 0
161.038 0
161.672 0
162.305 0
162.939 0
163.572 0
164.206 0
164.839 0
165.473 0
166.106 0
166.74 0
167.373 0
168.007 0
168.64 0
169.274 0
169.907 0
170.541 0
171.174 0
171.808 0
172.442 0
173.075 0
173.709 0
174.342 0
174.976 0
175.609 0
176.243 0
176.876 0
177.51 0
178.143 0
178.777 0
179.41 0
180.044 0
180.677 0
181.311 1001.36
181.944 996.139
182.578 992.358
183.211 998.052
183.845 1043.78
184.478 1192.38
185.112 1477.25
185.745 1774.76
186.379 1844.64
187.013 1616.36
187.646 1287.83
188.28 1061.83
188.913 965.673
189.547 936.232
190.18 926.629
190.814 920.755
191.447 0
192.081 0
192.714 0
193.348 0
193.981 0
194.615 0
195.248 0
195.882 0
196.516 0
197.149 0
197.783 0
198.416 0
199.05 0
199.683 0
200.317 0
200.95 0
201.584 0
202.217 0
202.851 0
203.484 0
204.118 0
204.751 0
205.385 0
206.019 0
206.652 0
207.286 0
207.919 0
208.553 0
209.186 0
209.82 0
210.453 0
211.087 0
211.72 0
212.354 0
212.988 0
213.621 0
214.255 0
214.888 0
215.522 0
216.155 0
216.789 0
217.422 0
218.056 0
218.689 0
219.323 0
219.957 0
220.59 0
221.224 0
221.857 0
222.491 0
223.124 0
223.758 0
224.391 0
225.025 0
225.658 0
226.292 0
226.926 0
227.559 0
228.193 0
228.826 0
229.46 0
230.093 0
230.727 0
231.36 0
231.994 0
232.628 0
233.261 0
233.895 0
234.528 0
235.162 0
235.795 0
236.429 0
237.062 588.364
237.696 583.516
238.33 581.352
238.963 596.159
239.597 680.678
240.23 941.491
240.864 1436.48
241.497 1963.04
242.131 2113.9
242.764 1746.54
243.398 1178.14
244.032 768.204
244.665 586.976
245.299 532.08
245.932 517.533
246.566 511.177
247.199 0
247.833 0
248.467 0
249.1 0
249.734 0
250.367 0
251.001 0
251.634 0
252.268 0
252.901 0
253.535 0
254.169 468.902
254.802 465.186
255.436 461.802
256.069 460.175
256.703 464.517
257.336 480.896
257.97 508.068
258.604 528.444
259.237 521.736
259.871 490.665
260.504 457.202
261.138 435.919
261.771 425.655
262.405 420.301
263.039 416.277
263.672 412.486
264.306 0
264.939 0
265.573 0
266.206 0
266.84 0
267.474 0
268.107 0
268.741 0
269.374 0
270.008 381.523
270.642 380.132
271.275 379.062
271.909 379.78
272.542 386.952
273.176 408.232
273.809 444.419
274.443 476.36
275.077 476.491
275.71 441.806
276.344 397.798
276.977 367.766
277.611 355.846
278.244 354.943
278.878 357.218
279.512 358.509
280.145 358.218
280.779 357.096
281.412 355.72
282.046 354.294
282.68 0
283.313 0
283.947 0
284.58 0
285.214 0
285.847 0
286.481 0
287.115 0
287.748 0
288.382 0
289.015 0
289.649 0
290.283 323.632
290.916 323.007
291.55 329.102
292.183 375.593
292.817 581.251
293.451 1176.2
294.084 2274.49
294.718 3432.76
295.351 3781.35
295.985 3007.55
296.618 1775.02
297.252 864.983
297.886 454.53
298.519 332.481
299.153 307.055
299.786 302.352
300.42 0
301.054 0
301.687 0
302.321 0
302.954 0
303.588 0
304.222 0
304.855 0
305.489 0
306.122 0
306.756 0
307.39 0
308.023 0
308.657 0
309.29 0
309.924 0
310.558 0
311.191 0
311.825 0
312.458 0
313.092 0
313.726 0
314.359 0
314.993 0
315.626 0
316.26 0
316.894 0
317.527 0
318.161 0
318.794 0
319.428 0
320.062 0
320.695 0
321.329 0
321.962 0
322.596 0
323.23 0
323.863 0
324.497 0
325.13 0
325.764 0
326.398 0
327.031 0
327.665 0
328.298 0
328.932 0
329.566 0
330.199 0
330.833 0
331.467 0
332.1 0
332.734 0
333.367 0
334.001 0
334.635 0
335.268 0
335.902 0
336.535 0
337.169 0
337.803 0
338.436 0
339.07 0
339.703 0
340.337 0
340.971 0
341.604 0
342.238 0
342.872 0
343.505 0
344.139 0
344.772 0
345.406 0
346.04 0
346.673 0
347.307 188.864
347.941 192.103
348.574 228.773
349.208 420.763
349.841 1079.5
350.475 2567.37
351.109 4651.83
351.742 6088.29
352.376 5686.49
353.009 3799.17
353.643 1854.14
354.277 718.902
354.91 291.533
355.544 182.077
356.178 161.371
356.811 157.034
357.445 0
358.078 0
358.712 0
359.346 0
359.979 0
360.613 0
361.247 0
361.88 0
362.514 0
363.147 0
363.781 0
364.415 0
365.048 0
365.682 0
366.316 0
366.949 0
367.583 0
368.217 0
368.85 0
369.484 0
370.117 0
370.751 0
371.385 0
372.018 0
372.652 0
373.286 0
373.919 0
374.553 0
375.186 0
375.82 0
376.454 0
377.087 0
377.721 0
378.355 0
378.988 0
379.622 0
380.256 0
380.889 0
381.523 0
382.156 144.418
382.79 144.329
383.424 144.501
384.057 145.855
384.691 150.687
385.325 161.71
385.958 177.967
386.592 193.075
387.226 202.6
387.859 209.386
388.493 213.814
389.126 207.932
389.76 188.894
390.394 166.594
391.027 151.452
391.661 144.777
392.295 142.725
392.928 142.205
393.562 142.017
394.196 0
394.829 0
395.463 0
396.097 0
396.73 0
397.364 0
397.997 0
398.631 0
399.265 0
399.898 0
400.532 0
401.166 0
401.799 0
402.433 0
403.067 0
403.7 0
404.334 0
404.968 0
405.601 0
406.235 0
406.869 0
407.502 0
408.136 0
408.77 0
409.403 0
410.037 0
410.67 0
411.304 0
411.938 0
412.571 0
413.205 0
413.839 0
414.472 0
415.106 0
415.74 0
416.373 0
417.007 0
417.641 0
418.274 0
418.908 0
419.542 0
420.175 0
420.809 0
421.443 0
422.076 0
422.71 0
423.344 0
423.977 0
424.611 0
425.245 0
425.878 0
426.512 0
427.146 0
427.779 0
428.413 0
429.047 0
429.68 0
430.314 0
430.947 0
431.581 0
432.215 0
432.848 0
433.482 0
434.116 0
434.749 0
435.383 0
436.017 0
436.65 0
437.284 0
437.918 0
438.551 0
439.185 0
439.819 0
440.452 0
441.086 0
441.72 0
442.353 0
442.987 0
443.621 0
444.254 0
444.888 0
445.522 0
446.155 0
446.789 0
447.423 0
448.056 0
448.69 0
449.324 0
449.957 91.8863
450.591 91.1601
451.225 90.6164
451.858 90.9555
452.492 94.1404
453.126 103.035
453.76 117.62
454.393 130.601
455.027 131.725
455.661 119.409
456.294 102.758
456.928 90.68
457.562 84.8008
458.195 82.5558
458.829 81.9629
459.463 83.2264
460.096 88.3954
460.73 98.955
461.364 111.401
461.997 117.07
462.631 110.68
463.265 96.9076
463.898 84.5161
464.532 77.462
465.166 74.4411
465.799 73.1251
466.433 72.2729
467.067 0
467.7 0
468.334 0
468.968 0
469.601 0
470.235 0
470.869 0
471.502 0
472.136 0
472.77 0
473.404 0
474.037 0
474.671 0
475.305 0
475.938 70.0585
476.572 69.8948
477.206 70.1401
477.839 71.9547
478.473 77.6793
479.107 89.0113
479.74 102.635
480.374 109.687
481.008 104.245
481.641 90.6103
482.275 77.9267
482.909 70.7599
483.542 68.1747
484.176 68.5167
484.81 72.6382
485.444 83.4048
486.077 100.895
486.711 117.006
487.345 119.807
487.978 106.763
488.612 87.9246
489.246 73.9403
489.879 67.2356
490.513 64.9319
491.147 64.2296
491.78 63.9124
492.414 0
493.048 0
493.682 0
494.315 0
494.949 0
495.583 0
496.216 0
496.85 0
497.484 0
498.117 0
498.751 0
499.385 0
500.018 0
500.652 0
501.286 0
501.92 0
502.553 0
503.187 0
503.821 0
504.454 0
505.088 0
505.722 0
506.355 0
506.989 0
507.623 0
508.256 0
508.89 0
509.524 0
510.158 0
510.791 0
511.425 0
512.059 0
512.692 0
513.326 0
513.96 0
514.593 0
515.227 0
515.861 0
516.495 0
517.128 0
517.762 0
518.396 0
519.029 0
519.663 0
520.297 0
520.931 0
521.564 0
522.198 0
522.832 0
523.465 0
524.099 0
524.733 0
525.366 0
526 0
526.634 0
527.268 0
527.901 0
528.535 0
529.169 0
529.802 0
530.436 0
531.07 0
531.704 0
532.337 0
532.971 0
533.605 0
534.238 0
534.872 0
535.506 0
536.139 0
536.773 0
537.407 0
538.041 0
538.674 0
539.308 0
539.942 0
540.575 0
541.209 0
541.843 0
542.477 0
543.11 0
543.744 0
544.378 0
545.011 0
545.645 0
546.279 0
546.913 0
547.546 0
548.18 0
548.814 0
549.447 0
550.081 0
550.715 0
551.349 0
551.982 0
552.616 0
553.25 0
553.884 0
554.517 0
555.151 0
555.785 0
556.418 0
557.052 0
557.686 0
558.32 0
558.953 0
559.587 0
560.221 0
560.854 0
561.488 0
562.122 0
562.756 0
563.389 0
564.023 0
564.657 0
565.29 0
565.924 0
566.558 0
567.192 0
567.825 0
568.459 0
569.093 0
569.727 0
570.36 0
570.994 0
571.628 0
572.261 0
572.895 0
573.529 0
574.163 0
574.796 0
575.43 46.0125
576.064 45.8901
576.698 46.0338
577.331 47.2585
577.965 51.4263
578.599 60.5207
579.232 73.2044
579.866 82.6232
580.5 81.5606
581.134 70.5791
581.767 57.2712
582.401 47.9382
583.035 43.5816
583.669 42.3773
584.302 42.4934
584.936 42.8509
585.57 43.0271
586.204 42.9998
586.837 42.8683
587.471 42.7032
588.105 42.5308
588.738 0
589.372 0
590.006 0
590.64 0
591.273 0
591.907 0
592.541 0
593.175 0
593.808 0
594.442 0
595.076 0
595.71 0
596.343 0
596.977 0
597.611 0
598.244 0
598.878 0
599.512 0
600.146 0
600.779 0
601.413 0
602.047 0
602.681 0
603.314 0
603.948 0
604.582 37.1001
605.216 44.0492
605.849 85.8921
606.483 268.857
607.117 836.195
607.751 2052.72
608.384 3761.35
609.018 5080.01
609.652 5042.8
610.286 3680.54
610.919 1982.28
611.553 799.256
612.187 256.651
612.821 84.0858
613.454 45.2023
614.088 38.9974
614.722 0
615.355 0
615.989 0
616.623 0
617.257 0
617.89 0
618.524 0
619.158 0
619.792 0
620.425 0
621.059 0
621.693 0
622.327 0
622.96 0
623.594 0
624.228 0
624.862 0
625.495 0
626.129 0
626.763 0
627.397 0
628.03 0
628.664 0
629.298 0
629.932 0
630.565 0
631.199 0
631.833 0
632.467 0
633.1 0
633.734 0
634.368 0
635.002 0
635.635 0
636.269 0
636.903 0
637.537 0
638.17 0
638.804 0
639.438 0
640.072 0
640.705 0
641.339 0
641.973 0
642.607 0
643.24 0
643.874 0
644.508 0
645.142 0
645.775 0
646.409 0
647.043 0
647.677 0
648.311 0
648.944 0
649.578 0
650.212 0
650.846 0
651.479 0
652.113 0
652.747 0
653.381 0
654.014 0
654.648 0
655.282 0
655.916 0
656.549 0
657.183 33.9719
657.817 33.8338
658.451 33.7583
659.084 33.8908
659.718 34.4814
660.352 35.6585
660.986 37.0624
661.619 38.161
662.253 40.0901
662.887 48.2162
663.521 71.7459
664.155 114.954
664.788 163.395
665.422 186.432
666.056 166.118
666.69 117.929
667.323 72.4523
667.957 45.7206
668.591 34.9331
669.225 31.7717
669.858 31.0063
670.492 0
671.126 0
671.76 0
672.393 0
673.027 0
673.661 0
674.295 0
674.929 0
675.562 0
676.196 0
676.83 0
677.464 0
678.097 0
678.731 0
679.365 0
679.999 0
680.632 0
681.266 0
681.9 0
682.534 0
683.168 0
683.801 0
684.435 0
685.069 0
685.703 0
686.336 0
686.97 0
687.604 0
688.238 0
688.871 0
689.505 0
690.139 0
690.773 0
691.407 0
692.04 0
692.674 0
693.308 0
693.942 0
694.575 0
695.209 0
695.843 0
696.477 0
697.111 0
697.744 0
698.378 36.9392
699.012 36.7511
699.646 36.9011
700.279 38.3264
700.913 43.0188
701.547 52.9299
702.181 66.4949
702.815 76.64
703.448 75.9572
704.082 64.7803
704.716 50.7839
705.35 40.7233
705.983 35.8024
706.617 33.9865
707.251 33.353
707.885 33.0273
708.519 0
709.152 0
709.786 0
710.42 0
711.054 0
711.687 0
712.321 0
712.955 0
713.589 0
714.223 0
714.856 0
715.49 31.2424
716.124 31.7173
716.758 32.8806
717.391 36.1292
718.025 43.5213
718.659 55.4657
719.293 67.6036
719.927 72.3756
720.56 66.3856
721.194 54.3271
721.828 43.6233
722.462 37.6734
723.096 35.5151
723.729 35.1187
724.363 35.2679
724.997 0
725.631 0
726.264 0
726.898 0
727.532 0
728.166 0
728.8 0
729.433 0
730.067 0
730.701 0
731.335 0
731.969 0
732.602 0
733.236 0
733.87 0
734.504 0
735.138 0
735.771 0
736.405 0
737.039 0
737.673 0
738.306 0
738.94 0
739.574 0
740.208 0
740.842 0
741.475 0
742.109 0
742.743 0
743.377 0
744.011 0
744.644 0
745.278 0
745.912 0
746.546 0
747.18 0
747.813 0
748.447 0
749.081 0
749.715 0
750.349 0
750.982 0
751.616 0
752.25 0
752.884 0
753.517 0
754.151 0
754.785 0
755.419 0
756.053 0
756.686 0
757.32 0
757.954 0
758.588 32.6004
759.222 32.4064
759.855 32.1825
760.489 31.8615
761.123 31.3285
761.757 30.5215
762.391 29.6181
763.024 29.0467
763.658 29.2159
764.292 30.7434
764.926 36.8378
765.56 58.7971
766.193 119.512
766.827 238.76
767.461 394.45
768.095 505.793
768.729 494.391
769.362 368.807
769.996 214.603
770.63 104.8
771.264 52.0333
771.898 33.9882
772.531 29.4097
773.165 28.4318
773.799 0
774.433 0
775.067 0
775.7 0
776.334 0
776.968 0
777.602 0
778.236 0
778.869 0
779.503 0
780.137 0
780.771 0
781.405 30.4349
782.038 30.9671
782.672 33.2007
783.306 40.8951
783.94 60.3691
784.574 94.8848
785.208 134.491
785.841 156.269
786.475 144.404
787.109 107.836
787.743 70.048
788.377 46.0306
789.01 35.609
789.644 32.4368
790.278 31.7946
790.912 31.7662
791.546 0
792.179 0
792.813 0
793.447 0
794.081 0
794.715 0
795.348 0
795.982 0
796.616 0
797.25 0
797.884 0
798.517 0
799.151 0
799.785 0
800.419 0
801.053 0
801.687 31.0881
802.32 31.7647
802.954 34.9303
803.588 45.7505
804.222 72.3478
804.856 117.895
805.489 168.039
806.123 193.242
806.757 175.232
807.391 127.299
808.025 79.2927
808.658 49.1848
809.292 36.13
809.926 32.0686
810.56 31.1457
811.194 0
811.828 0
812.461 0
813.095 0
813.729 0
814.363 0
814.997 0
815.63 0
816.264 0
816.898 0
817.532 0
818.166 0
818.8 0
819.433 0
820.067 0
820.701 0
821.335 0
821.969 0
822.602 0
823.236 0
823.87 0
824.504 0
825.138 0
825.772 0
826.405 0
827.039 0
827.673 0
828.307 0
828.941 0
829.574 0
830.208 0
830.842 0
831.476 0
832.11 0
832.744 0
833.377 0
834.011 0
834.645 35.1725
835.279 35.3658
835.913 36.5501
836.546 40.6065
837.18 50.2094
837.814 65.8685
838.448 82.0263
839.082 88.851
839.716 81.3328
840.349 64.8419
840.983 49.1757
841.617 39.6256
842.251 35.5246
842.885 34.2042
843.518 33.8338
844.152 0
844.786 0
845.42 0
846.054 0
846.688 0
847.321 0
847.955 0
848.589 0
849.223 0
849.857 0
850.491 0
851.124 0
851.758 0
852.392 0
853.026 0
853.66 0
854.294 0
854.927 0
855.561 0
856.195 33.9224
856.829 34.1805
857.463 34.4454
858.096 34.729
858.73 35.047
859.364 35.399
859.998 35.7483
860.632 36.0371
861.266 36.2417
861.899 36.3985
862.533 36.5648
863.167 36.7679
863.801 37.0021
864.435 37.2515
865.069 37.5061
865.702 0
866.336 0
866.97 0
867.604 0
868.238 0
868.872 0
869.505 0
870.139 0
870.773 0
871.407 0
872.041 0
872.675 0
873.308 0
873.942 0
874.576 0
875.21 0
875.844 0
876.478 0
877.111 0
877.745 0
878.379 0
879.013 0
879.647 0
880.281 0
880.914 0
881.548 0
882.182 0
882.816 0
883.45 0
884.084 0
884.717 0
885.351 0
885.985 0
886.619 0
887.253 0
887.887 0
888.52 0
889.154 0
889.788 0
890.422 0
891.056 0
891.69 0
892.323 0
892.957 0
893.591 0
894.225 0
894.859 0
895.493 0
896.126 0
896.76 0
897.394 0
898.028 0
898.662 0
899.296 0
899.93 0
900.563 0
901.197 0
901.831 0
902.465 0
903.099 0
903.733 0
904.366 0
905 0
905.634 0
906.268 0
906.902 0
907.536 0
908.169 0
908.803 0
909.437 0
910.071 0
910.705 0
911.339 0
911.973 0
912.606 0
913.24 0
913.874 0
914.508 0
915.142 0
915.776 0
916.409 0
917.043 0
917.677 0
918.311 0
918.945 0
919.579 0
920.212 0
920.846 0
921.48 0
922.114 0
922.748 0
923.382 0
924.016 0
924.649 0
925.283 0
925.917 0
926.551 0
927.185 0
927.819 0
928.452 0
929.086 38.8874
929.72 38.9241
930.354 40.5743
930.988 48.192
931.622 71.3923
932.256 121.529
932.889 196.615
933.523 266.812
934.157 288.864
934.791 246.921
935.425 169.776
936.059 100.227
936.693 58.8551
937.326 41.2685
937.96 35.6334
938.594 34.0916
939.228 0
939.862 0
940.496 0
941.129 0
941.763 0
942.397 0
943.031 0
943.665 0
944.299 0
944.933 0
945.566 0
946.2 0
946.834 0
947.468 0
948.102 0
948.736 0
949.37 0
950.003 0
950.637 0
951.271 0
951.905 0
952.539 0
953.173 0
953.806 0
954.44 0
955.074 0
955.708 0
956.342 0
956.976 0
957.61 0
958.243 0
958.877 0
959.511 29.171
960.145 29.3465
960.779 30.0053
961.413 32.0817
962.047 37.0031
962.68 45.3585
963.314 54.7861
963.948 60.1703
964.582 57.8682
965.216 49.5287
965.85 40.3043
966.484 33.968
967.117 30.9439
967.751 29.9104
968.385 29.6677
969.019 29.6473
969.653 0
970.287 0
970.921 0
971.554 0
972.188 0
972.822 0
973.456 0
974.09 0
974.724 0
975.358 0
975.991 0
976.625 0
977.259 0
977.893 0
978.527 0
979.161 0
979.795 0
980.428 0
981.062 0
981.696 0
982.33 0
982.964 0
983.598 0
984.232 0
984.865 0
985.499 0
986.133 0
986.767 0
987.401 0
988.035 0
988.669 0
989.303 0
989.936 0
990.57 0
991.204 0
991.838 0
992.472 0
993.106 0
993.74 0
994.373 0
995.007 0
995.641 0
996.275 0
996.909 0
997.543 0
998.177 0
998.81 0
999.444 0
1000.08 0
1000.71 0
1001.35 0
1001.98 0
1002.61 0
1003.25 0
1003.88 0
1004.52 0
1005.15 0
1005.78 0
1006.42 0
1007.05 0
1007.68 0
1008.32 0
1008.95 0
1009.59 0
1010.22 0
1010.85 0
1011.49 0
1012.12 0
1012.76 0
1013.39 0
1014.02 0
1014.66 0
1015.29 0
1015.92 0
1016.56 0
1017.19 0
1017.83 0
1018.46 0
1019.09 0
1019.73 0
1020.36 0
1021 0
1021.63 0
1022.26 0
1022.9 0
1023.53 0
1024.17 0
1024.8 0
1025.43 0
1026.07 0
1026.7 0
1027.33 0
1027.97 0
1028.6 0
1029.24 0
1029.87 0
1030.5 0
1031.14 0
1031.77 0
1032.41 0
1033.04 0
1033.67 0
1034.31 0
1034.94 0
1035.57 0
1036.21 0
1036.84 0
1037.48 0
1038.11 0
1038.74 0
1039.38 0
1040.01 0
1040.65 0
1041.28 0
1041.91 0
1042.55 0
1043.18 0
1043.82 0
1044.45 0
1045.08 0
1045.72 0
1046.35 0
1046.98 22.6875
1047.62 22.802
1048.25 23.0849
1048.89 23.9508
1049.52 26.2555
1050.15 30.9301
1050.79 37.6905
1051.42 43.9231
1052.06 45.9746
1052.69 42.4955
1053.32 35.8578
1053.96 29.7116
1054.59 25.9543
1055.22 24.3364
1055.86 23.8575
1056.49 23.795
1057.13 0
1057.76 0
1058.39 0
1059.03 0
1059.66 0
1060.3 0
1060.93 0
1061.56 0
1062.2 0
1062.83 0
1063.47 0
1064.1 0
1064.73 0
1065.37 21.2888
1066 21.3455
1066.63 21.7737
1067.27 23.2466
1067.9 26.7487
1068.54 32.6463
1069.17 39.2866
1069.8 43.1525
1070.44 41.6672
1071.07 35.8057
1071.71 29.0679
1072.34 24.2167
1072.97 21.741
1073.61 20.7877
1074.24 20.4805
1074.88 20.3686
1075.51 0
1076.14 0
1076.78 0
1077.41 0
1078.04 0
1078.68 0
1079.31 0
1079.95 0
1080.58 0
1081.21 0
1081.85 0
1082.48 0
1083.12 0
1083.75 0
1084.38 0
1085.02 0
1085.65 0
1086.28 0
1086.92 0
1087.55 0
1088.19 0
1088.82 0
1089.45 0
1090.09 0
1090.72 0
1091.36 0
1091.99 0
1092.62 0
1093.26 0
1093.89 0
1094.53 0
1095.16 0
1095.79 0
1096.43 0
1097.06 0
1097.69 0
1098.33 0
1098.96 0
1099.6 0
1100.23 0
1100.86 0
1101.5 0
1102.13 0
1102.77 0
1103.4 0
1104.03 0
1104.67 0
1105.3 0
1105.94 0
1106.57 0
1107.2 0
1107.84 0
1108.47 0
1109.1 0
1109.74 0
1110.37 0
1111.01 0
1111.64 0
1112.27 0
1112.91 0
1113.54 0
1114.18 0
1114.81 0
1115.44 20.4946
1116.08 23.7962
1116.71 38.3236
1117.35 88.0009
1117.98 215.843
1118.61 457.359
1119.25 776.97
1119.88 1035.28
1120.51 1075.37
1121.15 870.451
1121.78 551.556
1122.42 278.078
1123.05 117.858
1123.68 49.6882
1124.32 28.1096
1124.95 23.0215
1125.59 0
1126.22 0
1126.85 0
1127.49 0
1128.12 0
1128.76 21.3234
1129.39 21.3697
1130.02 21.5943
1130.66 22.3888
1131.29 24.4832
1131.92 28.539
1132.56 34.0748
1133.19 38.7876
1133.83 39.8704
1134.46 36.5984
1135.09 31.0758
1135.73 26.1414
1136.36 23.151
1137 21.8356
1137.63 21.4025
1138.26 21.2928
1138.9 0
1139.53 0
1140.17 0
1140.8 0
1141.43 0
1142.07 0
1142.7 0
1143.33 0
1143.97 0
1144.6 0
1145.24 0
1145.87 0
1146.5 0
1147.14 0
1147.77 0
1148.41 0
1149.04 0
1149.67 0
1150.31 21.7132
1150.94 22.1097
1151.58 23.6021
1152.21 28.5533
1152.84 41.3072
1153.48 65.7129
1154.11 98.7748
1154.74 126.788
1155.38 133.213
1156.01 113.847
1156.65 81.128
1157.28 51.8333
1157.91 34.0385
1158.55 26.2181
1159.18 23.6926
1159.82 23.1259
1160.45 0
1161.08 0
1161.72 0
1162.35 0
1162.99 0
1163.62 0
1164.25 0
1164.89 0
1165.52 0
1166.15 0
1166.79 0
1167.42 0
1168.06 0
1168.69 17.5522
1169.32 17.7656
1169.96 18.0754
1170.59 18.6351
1171.23 19.6428
1171.86 21.1279
1172.49 22.6897
1173.13 23.5978
1173.76 23.384
1174.4 22.3082
1175.03 21.093
1175.66 20.2806
1176.3 19.9574
1176.93 19.9482
1177.56 20.0742
1178.2 20.2423
1178.83 0
1179.47 0
1180.1 0
1180.73 0
1181.37 0
1182 0
1182.64 0
1183.27 0
1183.9 0
1184.54 0
1185.17 0
1185.81 0
1186.44 0
1187.07 0
1187.71 0
1188.34 0
1188.97 0
1189.61 0
1190.24 0
1190.88 0
1191.51 0
1192.14 0
1192.78 0
1193.41 0
1194.05 0
1194.68 0
1195.31 0
1195.95 0
1196.58 0
1197.22 0
1197.85 0
1198.48 0
1199.12 0
1199.75 0
1200.39 0
1201.02 0
1201.65 0
1202.29 0
1202.92 18.2584
1203.55 18.2128
1204.19 18.5589
1204.82 20.0261
1205.46 23.7672
1206.09 30.4689
1206.72 38.7219
1207.36 44.6424
1207.99 44.5242
1208.63 38.3372
1209.26 29.7543
1209.89 22.6767
1210.53 18.5513
1211.16 16.715
1211.8 16.0162
1212.43 15.7185
1213.06 0
1213.7 0
1214.33 0
1214.96 0
1215.6 0
1216.23 0
1216.87 0
1217.5 0
1218.13 0
1218.77 0
1219.4 0
1220.04 0
1220.67 0
1221.3 0
1221.94 0
1222.57 0
1223.21 0
1223.84 0
1224.47 0
1225.11 0
1225.74 0
1226.38 0
1227.01 0
1227.64 0
1228.28 0
1228.91 0
1229.54 0
1230.18 0
1230.81 0
1231.45 0
1232.08 0
1232.71 0
1233.35 17.1959
1233.98 18.9692
1234.62 26.1071
1235.25 48.485
1235.88 101.651
1236.52 194.928
1237.15 309.632
1237.79 393.689
1238.42 396.593
1239.05 316.536
1239.69 202.185
1240.32 106.828
1240.95 51.3665
1241.59 27.613
1242.22 19.9586
1242.86 18.1051
1243.49 0
1244.12 0
1244.76 0
1245.39 0
1246.03 0
1246.66 0
1247.29 0
1247.93 0
1248.56 0
1249.2 0
1249.83 0
1250.46 0
1251.1 0
1251.73 0
1252.37 0
1253 0
1253.63 0
1254.27 0
1254.9 0
1255.53 0
1256.17 0
1256.8 0
1257.44 0
1258.07 0
1258.7 0
1259.34 0
1259.97 0
1260.61 0
1261.24 0
1261.87 0
1262.51 0
1263.14 0
1263.78 0
1264.41 0
1265.04 0
1265.68 0
1266.31 0
1266.94 0
1267.58 0
1268.21 0
1268.85 0
1269.48 0
1270.11 0
1270.75 0
1271.38 0
1272.02 0
1272.65 0
1273.28 0
1273.92 0
1274.55 0
1275.19 0
1275.82 0
1276.45 13.469
1277.09 14.625
1277.72 17.8256
1278.36 26.0359
1278.99 42.7615
1279.62 68.0186
1280.26 93.9655
1280.89 107.315
1281.52 99.9689
1282.16 76.8611
1282.79 51.0783
1283.43 32.5588
1284.06 23.1101
1284.69 19.6658
1285.33 18.9118
1285.96 19.033
1286.6 0
1287.23 0
1287.86 0
1288.5 0
1289.13 0
1289.77 0
1290.4 0
1291.03 0
1291.67 0
1292.3 0
1292.94 0
1293.57 0
1294.2 0
1294.84 0
1295.47 0
1296.1 0
1296.74 0
1297.37 0
1298.01 0
1298.64 0
1299.27 0
1299.91 0
1300.54 0
1301.18 0
1301.81 0
1302.44 0
1303.08 0
1303.71 0
1304.35 0
1304.98 0
1305.61 0
1306.25 0
1306.88 0
1307.51 0
1308.15 0
1308.78 0
1309.42 0
1310.05 0
1310.68 0
1311.32 0
1311.95 0
1312.59 0
1313.22 0
1313.85 0
1314.49 0
1315.12 0
1315.76 0
1316.39 0
1317.02 0
1317.66 0
1318.29 0
1318.93 0
1319.56 0
1320.19 0
1320.83 0
1321.46 0
1322.09 0
1322.73 0
1323.36 0
1324 0
1324.63 0
1325.26 0
1325.9 0
1326.53 0
1327.17 0
1327.8 20.1006
1328.43 19.8954
1329.07 19.6216
1329.7 19.1685
1330.34 18.3834
1330.97 17.2104
1331.6 15.8927
1332.24 14.9655
1332.87 14.8746
1333.51 15.5627
1334.14 16.526
1334.77 17.268
1335.41 17.6159
1336.04 17.661
1336.67 17.5537
1337.31 17.3915
1337.94 0
1338.58 0
1339.21 0
1339.84 0
1340.48 0
1341.11 0
1341.75 0
1342.38 0
1343.01 0
1343.65 0
1344.28 0
1344.92 0
1345.55 0
1346.18 0
1346.82 0
1347.45 0
1348.09 0
1348.72 0
1349.35 0
1349.99 0
1350.62 0
1351.25 0
1351.89 0
1352.52 0
1353.16 0
1353.79 0
1354.42 0
1355.06 0
1355.69 0
1356.33 0
1356.96 0
1357.59 0
1358.23 0
1358.86 0
1359.5 0
1360.13 0
1360.76 0
1361.4 0
1362.03 0
1362.67 0
1363.3 0
1363.93 0
1364.57 0
1365.2 0
1365.83 0
1366.47 0
1367.1 0
1367.74 0
1368.37 0
1369 0
1369.64 0
1370.27 0
1370.91 0
1371.54 0
1372.17 0
1372.81 14.8091
1373.44 15.975
1374.08 20.4821
1374.71 34.2761
1375.34 66.7161
1375.98 123.913
1376.61 196.099
1377.25 253.123
1377.88 262.73
1378.51 218.977
1379.15 147.967
1379.78 83.668
1380.41 43.1841
1381.05 24.4738
1381.68 18.5777
1382.32 19.2653
1382.95 24.8614
1383.58 35.4817
1384.22 49.2007
1384.85 60.402
1385.49 62.838
1386.12 55.0266
1386.75 41.671
1387.39 29.2833
1388.02 21.3396
1388.66 17.5868
1389.29 16.2588
1389.92 15.9216
1390.56 0
1391.19 0
1391.83 0
1392.46 0
1393.09 0
1393.73 0
1394.36 0
1394.99 0
1395.63 0
1396.26 0
1396.9 16.5832
1397.53 17.1174
1398.16 19.2106
1398.8 25.1132
1399.43 37.5904
1400.07 57.0347
1400.7 78.0104
1401.33 90.3424
1401.97 86.6588
1402.6 69.229
1403.24 47.8751
1403.87 31.8432
1404.5 25.4356
1405.14 30.4379
1405.77 49.2559
1406.41 82.3775
1407.04 121.628
1407.67 149.162
1408.31 148.981
1408.94 121.162
1409.57 81.7249
1410.21 48.2342
1410.84 28.0572
1411.48 18.9465
1412.11 15.7654
1412.74 14.8654
1413.38 0
1414.01 0
1414.65 0
1415.28 0
1415.91 0
1416.55 0
1417.18 0
1417.82 0
1418.45 0
1419.08 0
1419.72 0
1420.35 0
1420.99 0
1421.62 0
1422.25 0
1422.89 0
1423.52 0
1424.15 0
1424.79 0
1425.42 0
1426.06 0
1426.69 0
1427.32 0
1427.96 0
1428.59 0
1429.23 0
1429.86 0
1430.49 0
1431.13 0
1431.76 0
1432.4 0
1433.03 0
1433.66 0
1434.3 0
1434.93 0
1435.57 0
1436.2 0
1436.83 0
1437.47 0
1438.1 0
1438.73 0
1439.37 0
1440 0
1440.64 0
1441.27 0
1441.9 0
1442.54 0
1443.17 0
1443.81 0
1444.44 0
1445.07 0
1445.71 0
1446.34 0
1446.98 0
1447.61 0
1448.24 0
1448.88 0
1449.51 0
1450.15 0
1450.78 0
1451.41 0
1452.05 0
1452.68 0
1453.31 0
1453.95 0
1454.58 0
1455.22 0
1455.85 18.0676
1456.48 18.0167
1457.12 17.932
1457.75 17.752
1458.39 17.3756
1459.02 16.7242
1459.65 15.876
1460.29 15.1383
1460.92 14.8855
1461.56 15.2467
1462.19 15.9838
1462.82 16.7119
1463.46 17.1936
1464.09 17.4159
1464.73 17.4768
1465.36 17.4671
1465.99 0
1466.63 0
1467.26 0
1467.89 0
1468.53 0
1469.16 0
1469.8 0
1470.43 0
1471.06 0
1471.7 0
1472.33 0
1472.97 0
1473.6 0
1474.23 0
1474.87 0
1475.5 0
1476.14 0
1476.77 0
1477.4 0
1478.04 0
1478.67 0
1479.31 0
1479.94 0
1480.57 0
1481.21 0
1481.84 0
1482.47 0
1483.11 0
1483.74 0
1484.38 0
1485.01 0
1485.64 0
1486.28 0
1486.91 0
1487.55 0
1488.18 0
1488.81 0
1489.45 0
1490.08 0
1490.72 0
1491.35 0
1491.98 0
1492.62 0
1493.25 0
1493.89 0
1494.52 0
1495.15 0
1495.79 0
1496.42 0
1497.05 0
1497.69 0
1498.32 0
1498.96 0
1499.59 0
1500.22 0
1500.86 0
1501.49 0
1502.13 0
1502.76 0
1503.39 0
1504.03 0
1504.66 15.0082
1505.3 16.8605
1505.93 21.8753
1506.56 34.0356
1507.2 57.5514
1507.83 91.7721
1508.47 126.35
1509.1 144.616
1509.73 136.184
1510.37 106.409
1511 71.3848
1511.63 44.6135
1512.27 29.8266
1512.9 23.8124
1513.54 22.1578
1514.17 22.0942
1514.8 0
1515.44 0
1516.07 0
1516.71 0
1517.34 0
1517.97 0
1518.61 0
1519.24 0
1519.88 0
1520.51 0
1521.14 0
1521.78 0
1522.41 0
1523.05 0
1523.68 0
1524.31 0
1524.95 0
1525.58 0
1526.21 0
1526.85 0
1527.48 0
1528.12 0
1528.75 0
1529.38 0
1530.02 0
1530.65 0
1531.29 0
1531.92 0
1532.55 0
1533.19 0
1533.82 18.8028
1534.46 18.7553
1535.09 19.2628
1535.72 21.1106
1536.36 25.2822
1536.99 32.0105
1537.63 39.5677
1538.26 44.448
1538.89 43.7947
1539.53 38.0179
1540.16 30.6571
1540.79 25.6776
1541.43 25.021
1542.06 27.9536
1542.7 31.7548
1543.33 33.3058
1543.96 31.0972
1544.6 26.1364
1545.23 20.7821
1545.87 16.7926
1546.5 14.5135
1547.13 13.4138
1547.77 12.8771
1548.4 0
1549.04 0
1549.67 0
1550.3 0
1550.94 0
1551.57 0
1552.21 0
1552.84 0
1553.47 0
1554.11 0
1554.74 0
1555.37 0
1556.01 0
1556.64 0
1557.28 0
1557.91 0
1558.54 0
1559.18 0
1559.81 0
1560.45 0
1561.08 0
1561.71 0
1562.35 0
1562.98 0
1563.62 0
1564.25 0
1564.88 0
1565.52 0
1566.15 0
1566.79 0
1567.42 0
1568.05 0
1568.69 0
1569.32 0
1569.95 0
1570.59 0
1571.22 0
1571.86 0
1572.49 0
1573.12 0
1573.76 0
1574.39 0
1575.03 0
1575.66 0
1576.29 0
1576.93 0
1577.56 0
1578.2 0
1578.83 12.0682
1579.46 12.7014
1580.1 14.6461
1580.73 19.2298
1581.37 27.4556
1582 38.3089
1582.63 47.8396
1583.27 51.1337
1583.9 46.2578
1584.53 36.0182
1585.17 25.4335
1585.8 17.9097
1586.44 13.9238
1587.07 12.2941
1587.7 11.765
1588.34 0
1588.97 0
1589.61 0
1590.24 11.0103
1590.87 11.2675
1591.51 11.9221
1592.14 13.4294
1592.78 16.2217
1593.41 20.1341
1594.04 23.9421
1594.68 25.8363
1595.31 24.8261
1595.95 21.7145
1596.58 18.5216
1597.21 16.9861
1597.85 17.5398
1598.48 19.2738
1599.11 20.6341
1599.75 20.4616
1600.38 18.734
1601.02 16.3805
1601.65 14.4019
1602.28 13.2199
1602.92 12.71
1603.55 12.5731
1604.19 12.587
1604.82 0
1605.45 0
1606.09 0
1606.72 0
1607.36 0
1607.99 0
1608.62 0
1609.26 0
1609.89 0
1610.53 0
1611.16 0
1611.79 0
1612.43 0
1613.06 0
1613.69 0
1614.33 0
1614.96 0
1615.6 0
1616.23 0
1616.86 0
1617.5 0
1618.13 0
1618.77 0
1619.4 0
1620.03 0
1620.67 0
1621.3 0
1621.94 0
1622.57 0
1623.2 0
1623.84 0
1624.47 0
1625.11 0
1625.74 0
1626.37 0
1627.01 0
1627.64 0
1628.27 0
1628.91 0
1629.54 0
1630.18 0
1630.81 0
1631.44 0
1632.08 0
1632.71 0
1633.35 0
1633.98 0
1634.61 0
1635.25 0
1635.88 0
1636.52 0
1637.15 0
1637.78 0
1638.42 0
1639.05 0
1639.68 0
1640.32 0
1640.95 0
1641.59 0
1642.22 0
1642.85 0
1643.49 0
1644.12 0
1644.76 0
1645.39 0
1646.02 0
1646.66 0
1647.29 0
1647.93 0
1648.56 0
1649.19 0
1649.83 0
1650.46 0
1651.1 0
1651.73 0
1652.36 0
1653 0
1653.63 0
1654.26 0
1654.9 0
1655.53 0
1656.17 0
1656.8 8.89914
1657.43 9.39346
1658.07 11.4799
1658.7 16.8436
1659.34 26.9259
1659.97 40.8297
1660.6 53.8655
1661.24 59.5303
1661.87 54.4522
1662.51 41.3744
1663.14 26.7047
1663.77 15.5082
1664.41 9.08113
1665.04 6.13574
1665.68 4.94794
1666.31 0
1666.94 0
1667.58 0
1668.21 0
1668.84 0
1669.48 0
1670.11 0
1670.75 0
1671.38 0
1672.01 0
1672.65 0
1673.28 0
1673.92 0
1674.55 0
1675.18 0
1675.82 0
1676.45 0
1677.09 0
1677.72 0
1678.35 0
1678.99 0
1679.62 4.91059
1680.25 5.10494
1680.89 5.67522
1681.52 6.98206
1682.16 9.28439
1682.79 12.2926
1683.42 14.9385
1684.06 15.898
1684.69 14.6257
1685.33 11.8385
1685.96 8.88411
1686.59 6.72621
1687.23 5.547
1687.86 5.04861
1688.5 4.88262
1689.13 0
1689.76 0
1690.4 0
1691.03 0
1691.67 0
1692.3 0
1692.93 0
1693.57 0
1694.2 0
1694.83 0
1695.47 0
1696.1 0
1696.74 0
1697.37 0
1698 0
1698.64 0
1699.27 0
1699.91 0
1700.54 0
1701.17 0
1701.81 0
1702.44 0
1703.08 0
1703.71 0
1704.34 0
1704.98 0
1705.61 0
1706.24 0
1706.88 0
1707.51 0
1708.15 0
1708.78 0
1709.41 0
1710.05 0
1710.68 0
1711.32 0
1711.95 0
1712.58 0
1713.22 0
1713.85 0
1714.49 0
1715.12 0
1715.75 0
1716.39 0
1717.02 0
1717.65 0
1718.29 0
1718.92 0
1719.56 0
1720.19 0
1720.82 0
1721.46 0
1722.09 0
1722.73 0
1723.36 0
1723.99 0
1724.63 3.5188
1725.26 4.47121
1725.9 7.58559
1726.53 16.1616
1727.16 34.9683
1727.8 66.8544
1728.43 106.926
1729.07 140.412
1729.7 150.478
1730.33 131.514
1730.97 94.07
1731.6 55.7291
1732.23 28.3164
1732.87 13.5882
1733.5 7.48585
1734.14 5.54305
1734.77 0
1735.4 0
1736.04 0
1736.67 0
1737.31 0
1737.94 0
1738.57 0
1739.21 0
1739.84 0
1740.48 0
1741.11 0
1741.74 0
1742.38 0
1743.01 0
1743.64 0
1744.28 0
1744.91 0
1745.55 0
1746.18 0
1746.81 0
1747.45 0
1748.08 0
1748.72 0
1749.35 0
1749.98 0
1750.62 0
1751.25 0
1751.89 0
1752.52 0
1753.15 0
1753.79 0
1754.42 0
1755.05 0
1755.69 0
1756.32 0
1756.96 0
1757.59 0
1758.22 0
1758.86 0
1759.49 0
1760.13 7.3628
1760.76 22.8177
1761.39 65.886
1762.03 160.93
1762.66 323.234
1763.3 529.504
1763.93 705.675
1764.56 764.578
1765.2 673.527
1765.83 482.798
1766.46 282.316
1767.1 135.711
1767.73 55.0633
1768.37 20.6782
1769 9.21528
1769.63 0
1770.27 0
1770.9 0
1771.54 0
1772.17 0
1772.8 0
1773.44 0
1774.07 0
1774.71 0
1775.34 0
1775.97 0
1776.61 0
1777.24 0
1777.87 0
1778.51 0
1779.14 0
1779.78 0
1780.41 0
1781.04 0
1781.68 0
1782.31 0
1782.95 0
1783.58 0
1784.21 0
1784.85 0
1785.48 0
1786.12 0
1786.75 0
1787.38 0
1788.02 0
1788.65 0
1789.28 0
1789.92 0
1790.55 0
1791.19 0
1791.82 0
1792.45 0
1793.09 0
1793.72 0
1794.36 0
1794.99 0
1795.62 0
1796.26 0
1796.89 0
1797.53 0
1798.16 0
1798.79 0
1799.43 0
1800.06 0
1800.69 0
1801.33 0
1801.96 0
1802.6 0
1803.23 0
1803.86 0
1804.5 0
1805.13 0
1805.77 0
1806.4 0
1807.03 0
1807.67 0
1808.3 0
1808.94 0
1809.57 0
1810.2 0
1810.84 0
1811.47 0
1812.1 0
1812.74 0
1813.37 0
1814.01 0
1814.64 0
1815.27 0
1815.91 0
1816.54 0
1817.18 0
1817.81 0
1818.44 0
1819.08 0
1819.71 0
1820.35 0
1820.98 0
1821.61 0
1822.25 0
1822.88 0
1823.51 0
1824.15 0
1824.78 0
1825.42 0
1826.05 0
1826.68 0
1827.32 0
1827.95 0
1828.59 0
1829.22 0
1829.85 0
1830.49 0
1831.12 0
1831.76 0
1832.39 0
1833.02 0
1833.66 5.02465
1834.29 5.15289
1834.92 5.65258
1835.56 6.95485
1836.19 9.51625
1836.83 13.3246
1837.46 17.3923
1838.09 19.9627
1838.73 19.6634
1839.36 16.6345
1840 12.4059
1840.63 8.66686
1841.26 6.23626
1841.9 5.03392
1842.53 4.69744
1843.17 5.23701
1843.8 7.5809
1844.43 13.9361
1845.07 27.2277
1845.7 48.6301
1846.33 74.1029
1846.97 93.8979
1847.6 98.0807
1848.24 84.3323
1848.87 59.9383
1849.5 35.717
1850.14 18.5637
1850.77 9.2966
1851.41 5.35662
1852.04 4.0027
1852.67 0
1853.31 0
1853.94 0
1854.57 0
1855.21 0
1855.84 0
1856.48 0
1857.11 0
1857.74 0
1858.38 0
1859.01 0
1859.65 0
1860.28 0
1860.91 0
1861.55 0
1862.18 0
1862.82 0
1863.45 0
1864.08 0
1864.72 0
1865.35 0
1865.98 0
1866.62 0
1867.25 0
1867.89 0
1868.52 5.20092
1869.15 5.28936
1869.79 5.59941
1870.42 6.36926
1871.06 7.82724
1871.69 9.91664
1872.32 12.0531
1872.96 13.2935
1873.59 12.9743
1874.23 11.2583
1874.86 8.9951
1875.49 7.05203
1876.13 5.81265
1876.76 5.19382
1877.39 4.94048
1878.03 4.84654
1878.66 0
1879.3 0
1879.93 0
1880.56 0
1881.2 0
1881.83 0
1882.47 0
1883.1 0
1883.73 0
1884.37 0
1885 0
1885.63 0
1886.27 0
1886.9 0
1887.54 0
1888.17 0
1888.8 0
1889.44 0
1890.07 0
1890.71 0
1891.34 0
1891.97 0
1892.61 0
1893.24 0
1893.88 0
1894.51 0
1895.14 0
1895.78 0
1896.41 0
1897.04 0
1897.68 0
1898.31 0
1898.95 0
1899.58 0
1900.21 0
1900.85 0
1901.48 0
1902.12 0
1902.75 0
1903.38 0
1904.02 0
1904.65 0
1905.28 0
1905.92 0
1906.55 0
1907.19 0
1907.82 0
1908.45 0
1909.09 0
1909.72 0
1910.36 0
1910.99 0
1911.62 0
1912.26 0
1912.89 0
1913.52 0
1914.16 0
1914.79 0
1915.43 0
1916.06 0
1916.69 0
1917.33 0
1917.96 0
1918.6 0
1919.23 0
1919.86 0
1920.5 0
1921.13 0
1921.77 0
1922.4 0
1923.03 0
1923.67 0
1924.3 0
1924.93 0
1925.57 0
1926.2 0
1926.84 0
1927.47 0
1928.1 0
1928.74 0
1929.37 0
1930.01 0
1930.64 0
1931.27 0
1931.91 0
1932.54 0
1933.17 0
1933.81 0
1934.44 0
1935.08 0
1935.71 0
1936.34 0
1936.98 0
1937.61 0
1938.25 0
1938.88 0
1939.51 0
1940.15 0
1940.78 0
1941.41 0
1942.05 0
1942.68 0
1943.32 0
1943.95 0
1944.58 0
1945.22 0
1945.85 0
1946.49 0
1947.12 0
1947.75 0
1948.39 0
1949.02 0
1949.66 0
1950.29 0
1950.92 0
1951.56 0
1952.19 0
1952.82 0
1953.46 0
1954.09 0
1954.73 0
1955.36 0
1955.99 0
1956.63 0
1957.26 0
1957.9 0
1958.53 0
1959.16 0
1959.8 0
1960.43 0
1961.06 0
1961.7 0
1962.33 0
1962.97 0
1963.6 0
1964.23 0
1964.87 0
1965.5 0
1966.14 0
1966.77 0
1967.4 0
1968.04 0
1968.67 0
1969.3 0
1969.94 0
1970.57 0
1971.21 0
1971.84 0
1972.47 0
1973.11 0
1973.74 0
1974.38 0
1975.01 0
1975.64 0
1976.28 0
1976.91 0
1977.54 0
1978.18 0
1978.81 0
1979.45 0
1980.08 0
1980.71 0
1981.35 0
1981.98 0
1982.62 0
1983.25 0
1983.88 0
1984.52 0
1985.15 0
1985.78 0
1986.42 0
1987.05 0
1987.69 0
1988.32 0
1988.95 0
1989.59 0
1990.22 0
1990.86 0
1991.49 0
1992.12 0
1992.76 0
1993.39 0
1994.02 0
1994.66 0
1995.29 0
1995.93 0
1996.56 0
1997.19 0
1997.83 0
1998.46 0
1999.1 0
1999.73 0
2000.36 0
2001 0
2001.63 0
2002.26 0
2002.9 0
2003.53 0
2004.17 0
2004.8 0
2005.43 0
2006.07 0
2006.7 0
2007.34 0
2007.97 0
2008.6 0
2009.24 0
2009.87 0
2010.5 0
2011.14 0
2011.77 0
2012.41 0
2013.04 0
2013.67 0
2014.31 0
2014.94 0
2015.58 0
2016.21 0
2016.84 0
2017.48 0
2018.11 0
2018.74 0
2019.38 0
2020.01 0
2020.65 0
2021.28 0
2021.91 0
2022.55 0
2023.18 0
2023.82 0
2024.45 0
2025.08 0
2025.72 0
2026.35 0
2026.98 0
2027.62 0
2028.25 0
2028.89 0
2029.52 0
2030.15 0
2030.79 0
2031.42 0
2032.06 0
2032.69 0
2033.32 0
2033.96 0
2034.59 0
2035.22 0
2035.86 0
2036.49 0
2037.13 0
2037.76 0
2038.39 0
2039.03 0
2039.66 0
2040.3 0
2040.93 0
2041.56 0
2042.2 0
2042.83 0
2043.46 0
2044.1 0
2044.73 0
2045.37 0
2046 0
2046.63 0
2047.27 0
2047.9 0
2048.53 0
2049.17 0
2049.8 0
2050.44 0
2051.07 0
2051.7 0
2052.34 0
2052.97 0
2053.61 0
2054.24 0
2054.87 0
2055.51 0
2056.14 0
2056.77 0
2057.41 0
2058.04 0
2058.68 0
2059.31 0
2059.94 0
2060.58 0
2061.21 0
2061.85 0
2062.48 0
2063.11 0
2063.75 0
2064.38 0
2065.01 0
2065.65 0
2066.28 0
2066.92 0
2067.55 0
2068.18 0
2068.82 0
2069.45 0
2070.09 0
2070.72 0
2071.35 0
2071.99 0
2072.62 0
2073.25 0
2073.89 0
2074.52 0
2075.16 0
2075.79 0
2076.42 0
2077.06 0
2077.69 0
2078.32 0
2078.96 0
2079.59 0
2080.23 0
2080.86 0
2081.49 0
2082.13 0
2082.76 0
2083.4 0
2084.03 0
2084.66 0
2085.3 0
2085.93 0
2086.56 0
2087.2 0
2087.83 0
2088.47 0
2089.1 0
2089.73 0
2090.37 0
2091 0
2091.64 0
2092.27 0
2092.9 0
2093.54 0
2094.17 0
2094.8 0
2095.44 0
2096.07 0
2096.71 0
2097.34 0
2097.97 0
2098.61 0
2099.24 0
2099.87 0
2100.51 0
2101.14 0
2101.78 0
2102.41 0
2103.04 0
2103.68 0
2104.31 0
2104.95 0
2105.58 0
2106.21 0
2106.85 0
2107.48 0
2108.11 0
2108.75 0
2109.38 0
2110.02 0
2110.65 0
2111.28 0
2111.92 0
2112.55 0
2113.18 0
2113.82 1.75241
2114.45 2.48941
2115.09 4.48274
2115.72 8.95413
2116.35 17.0011
2116.99 28.268
2117.62 39.8325
2118.26 46.9983
2118.89 46.2655
2119.52 38.0398
2120.16 26.301
2120.79 15.589
2121.42 8.33156
2122.06 4.50548
2122.69 2.91235
2123.33 2.39786
2123.96 0
2124.59 0
2125.23 0
2125.86 0
2126.49 0
2127.13 0
2127.76 0
2128.4 0
2129.03 0
2129.66 0
2130.3 0
2130.93 0
2131.57 0
2132.2 0
2132.83 0
2133.47 0
2134.1 0
2134.73 0
2135.37 0
2136 0
2136.64 0
2137.27 0
2137.9 0
2138.54 0
2139.17 0
2139.8 0
2140.44 0
2141.07 0
2141.71 0
2142.34 0
2142.97 0
2143.61 0
2144.24 0
2144.88 0
2145.51 0
2146.14 0
2146.78 0
2147.41 0
2148.04 0
2148.68 0
2149.31 0
2149.95 0
2150.58 0
2151.21 0
2151.85 0
2152.48 0
2153.11 0
2153.75 0
2154.38 0
2155.02 0
2155.65 0
2156.28 0
2156.92 0
2157.55 0
2158.18 0
2158.82 0
2159.45 0
2160.09 0
2160.72 0
2161.35 0
2161.99 0
2162.62 0
2163.26 0
2163.89 0
2164.52 0
2165.16 0
2165.79 0
2166.42 0
2167.06 0
2167.69 0
2168.33 0
2168.96 0
2169.59 0
2170.23 0
2170.86 0
2171.49 0
2172.13 0
2172.76 0
2173.4 0
2174.03 0
2174.66 0
2175.3 0
2175.93 0
2176.56 0
2177.2 0
2177.83 0
2178.47 0
2179.1 0
2179.73 0
2180.37 0
2181 0
2181.64 0
2182.27 0
2182.9 0
2183.54 0
2184.17 0
2184.8 0
2185.44 0
2186.07 0
2186.71 0
2187.34 0
2187.97 0
2188.61 0
2189.24 0
2189.87 0
2190.51 0
2191.14 0
2191.78 0
2192.41 0
2193.04 0
2193.68 0
2194.31 0
2194.94 0
2195.58 0
2196.21 0
2196.85 0
2197.48 0
2198.11 0
2198.75 0
2199.38 2.62423
2200.02 5.90751
2200.65 14.9525
2201.28 35.0016
2201.92 70.4194
2202.55 119.069
2203.18 168.033
2203.82 197.473
2204.45 193.128
2205.09 157.187
2205.72 106.541
2206.35 60.2541
2206.99 28.5925
2207.62 11.5837
2208.25 4.23911
2208.89 1.64597
2209.52 0
2210.16 0
2210.79 0
2211.42 0
2212.06 0
2212.69 0
2213.32 0
2213.96 0
2214.59 0
2215.23 0
2215.86 0
2216.49 0
2217.13 0
2217.76 0
2218.39 0
2219.03 0
2219.66 0
2220.3 0
2220.93 0
2221.56 0
2222.2 0
2222.83 0
2223.46 0
2224.1 0
2224.73 0
2225.37 0
2226 0
2226.63 0
2227.27 0
2227.9 0
2228.54 0
2229.17 0
2229.8 0
2230.44 0
2231.07 0
2231.7 0
2232.34 0
2232.97 0
2233.61 0
2234.24 0
2234.87 0
2235.51 0
2236.14 0
2236.77 0
2237.41 0
2238.04 0
2238.68 0
2239.31 0
2239.94 0
2240.58 0
2241.21 0
2241.84 0
2242.48 0
2243.11 0
2243.75 0
2244.38 0
2245.01 0
2245.65 0
2246.28 0
2246.91 0
2247.55 0
2248.18 0
2248.82 0
2249.45 0
2250.08 0
2250.72 0
2251.35 0
2251.98 0
2252.62 0
2253.25 0
2253.89 0
2254.52 0
2255.15 0
2255.79 0
2256.42 0
2257.05 0
2257.69 0
2258.32 0
2258.96 0
2259.59 0
2260.22 0
2260.86 0
2261.49 0
2262.12 0
2262.76 0
2263.39 0
2264.03 0
2264.66 0
2265.29 0
2265.93 0
2266.56 0
2267.19 0
2267.83 0
2268.46 0
2269.1 0
2269.73 0
2270.36 0
2271 0
2271.63 0
2272.26 0
2272.9 0
2273.53 0
2274.17 0
2274.8 0
2275.43 0
2276.07 0
2276.7 0
2277.34 0
2277.97 0
2278.6 0
2279.24 0
2279.87 0
2280.5 0
2281.14 0
2281.77 0
2282.41 0
2283.04 0
2283.67 0
2284.31 0
2284.94 0
2285.57 0
2286.21 0
2286.84 0
2287.48 0
2288.11 0
2288.74 0.675297
2289.38 0.883954
2290.01 1.4327
2290.64 2.60425
2291.28 4.60656
2291.91 7.27341
2292.55 9.87111
2293.18 11.3473
2293.81 10.9975
2294.45 8.99564
2295.08 6.25767
2295.71 3.78064
2296.35 2.08968
2296.98 1.17845
2297.62 0.782608
2298.25 0.642395
2298.88 0
2299.52 0
2300.15 0
2300.78 0
2301.42 0
2302.05 0
2302.69 0
2303.32 0
2303.95 0
2304.59 0
2305.22 0
2305.85 0
2306.49 0
2307.12 0
2307.75 0
2308.39 0
2309.02 0
2309.66 0
2310.29 0
2310.92 0
2311.56 0
2312.19 0
2312.82 0
2313.46 0
2314.09 0
2314.73 0
2315.36 0
2315.99 0
2316.63 0
2317.26 0
2317.89 0
2318.53 0
2319.16 0
2319.8 0
2320.43 0
2321.06 0
2321.7 0
2322.33 0
2322.96 0
2323.6 0
2324.23 0
2324.87 0
2325.5 0
2326.13 0
2326.77 0
2327.4 0
2328.03 0
2328.67 0
2329.3 0
2329.94 0
2330.57 0
2331.2 0
2331.84 0
2332.47 0
2333.1 0
2333.74 0
2334.37 0
2335.01 0
2335.64 0
2336.27 0
2336.91 0
2337.54 0
2338.17 0
2338.81 0
2339.44 0
2340.08 0
2340.71 0
2341.34 0
2341.98 0
2342.61 0
2343.24 0
2343.88 0
2344.51 0
2345.15 0
2345.78 0
2346.41 0
2347.05 0
2347.68 0
2348.31 0
2348.95 0
2349.58 0
2350.22 0
2350.85 0
2351.48 0
2352.12 0
2352.75 0
2353.38 0
2354.02 0
2354.65 0
2355.28 0
2355.92 0
2356.55 0
2357.19 0
2357.82 0
2358.45 0
2359.09 0
2359.72 0
2360.35 0
2360.99 0
2361.62 0
2362.26 0
2362.89 0
2363.52 0
2364.16 0
2364.79 0
2365.42 0
2366.06 0
2366.69 0
2367.33 0
2367.96 0
2368.59 0
2369.23 0
2369.86 0
2370.49 0
2371.13 0
2371.76 0
2372.4 0
2373.03 0
2373.66 0
2374.3 0
2374.93 0
2375.56 0
2376.2 0
2376.83 0
2377.47 0
2378.1 0
2378.73 0
2379.37 0
2380 0
2380.63 0
2381.27 0
2381.9 0
2382.53 0
2383.17 0
2383.8 0
2384.44 0
2385.07 0
2385.7 0
2386.34 0
2386.97 0
2387.6 0
2388.24 0
2388.87 0
2389.51 0
2390.14 0
2390.77 0
2391.41 0
2392.04 0
2392.67 0
2393.31 0
2393.94 0
2394.58 0
2395.21 0
2395.84 0
2396.48 0
2397.11 0
2397.74 0
2398.38 0
2399.01 0
2399.64 0
2400.28 0
2400.91 0
2401.55 0
2402.18 0
2402.81 0
2403.45 0
2404.08 0
2404.71 0
2405.35 0
2405.98 0
2406.62 0
2407.25 0
2407.88 0
2408.52 0
2409.15 0
2409.78 0
2410.42 0
2411.05 0
2411.69 0
2412.32 0
2412.95 0
2413.59 0
2414.22 0
2414.85 0
2415.49 0
2416.12 0
2416.75 0
2417.39 0
2418.02 0
2418.66 0
2419.29 0
2419.92 0
2420.56 0
2421.19 0
2421.82 0
2422.46 0
2423.09 0
2423.73 0
2424.36 0
2424.99 0
2425.63 0
2426.26 0
2426.89 0
2427.53 0
2428.16 0
2428.79 0
2429.43 0
2430.06 0
2430.7 0
2431.33 0
2431.96 0
2432.6 0
2433.23 0
2433.86 0
2434.5 0
2435.13 0
2435.77 0
2436.4 0
2437.03 0
2437.67 0
2438.3 0
2438.93 0
2439.57 0
2440.2 0
2440.84 0
2441.47 0
2442.1 0
2442.74 1.02059
2443.37 1.65069
2444 3.40951
2444.64 7.43996
2445.27 14.9438
2445.9 26.0824
2446.54 38.7543
2447.17 48.6663
2447.81 51.5219
2448.44 45.9645
2449.07 34.5953
2449.71 22.0499
2450.34 12.0251
2450.97 5.77672
2451.61 2.64538
2452.24 1.36408
2452.88 0
2453.51 0
2454.14 0
2454.78 0
2455.41 0
2456.04 0
2456.68 0
2457.31 0
2457.94 0
2458.58 0
2459.21 0
2459.85 0
2460.48 0
2461.11 0
2461.75 0
2462.38 0
2463.01 0
2463.65 0
2464.28 0
2464.91 0
2465.55 0
2466.18 0
2466.82 0
2467.45 0
2468.08 0
2468.72 0
2469.35 0
2469.98 0
2470.62 0
2471.25 0
2471.89 0
2472.52 0
2473.15 0
2473.79 0
2474.42 0
2475.05 0
2475.69 0
2476.32 0
2476.95 0
2477.59 0
2478.22 0
2478.86 0
2479.49 0
2480.12 0
2480.76 0
2481.39 0
2482.02 0
2482.66 0
2483.29 0
2483.92 0
2484.56 0
2485.19 0
2485.83 0
2486.46 0
2487.09 0
2487.73 0
2488.36 0
2488.99 0
2489.63 0
2490.26 0
2490.9 0
2491.53 0
2492.16 0
2492.8 0
2493.43 0
2494.06 0
2494.7 0
2495.33 0
2495.96 0
2496.6 0
2497.23 0
2497.87 0
2498.5 0
2499.13 0
2499.77 0
2500.4 0
2501.03 0
2501.67 0
2502.3 0
2502.93 0
2503.57 0
2504.2 0
2504.84 0
2505.47 0
2506.1 0
2506.74 0
2507.37 0
2508 0
2508.64 0
2509.27 0
2509.9 0
2510.54 0
2511.17 0
2511.81 0
2512.44 0
2513.07 0
2513.71 0
2514.34 0
2514.97 0
2515.61 0
2516.24 0
2516.88 0
2517.51 0
2518.14 0
2518.78 0
2519.41 0
2520.04 0
2520.68 0
2521.31 0
2521.94 0
2522.58 0
2523.21 0
2523.85 0
2524.48 0
2525.11 0
2525.75 0
2526.38 0
2527.01 0
2527.65 0
2528.28 0
2528.91 0
2529.55 0
2530.18 0
2530.82 0
2531.45 0
2532.08 0
2532.72 0
2533.35 0
2533.98 0
2534.62 0
2535.25 0
2535.88 0
2536.52 0
2537.15 0
2537.79 0
2538.42 0
2539.05 0
2539.69 0
2540.32 0
2540.95 0
2541.59 0
2542.22 0
2542.85 0
2543.49 0
2544.12 0
2544.76 0
2545.39 0
2546.02 0
2546.66 0
2547.29 0
2547.92 0
2548.56 0
2549.19 0
2549.82 0
2550.46 0
2551.09 0
2551.73 0
2552.36 0
2552.99 0
2553.63 0
2554.26 0
2554.89 0
2555.53 0
2556.16 0
2556.79 0
2557.43 0
2558.06 0
2558.7 0
2559.33 0
2559.96 0
2560.6 0
2561.23 0
2561.86 0
2562.5 0
2563.13 0
2563.76 0
2564.4 0
2565.03 0
2565.66 0
2566.3 0
2566.93 0
2567.57 0
2568.2 0
2568.83 0
2569.47 0
2570.1 0
2570.73 0
2571.37 0
2572 0
2572.63 0
2573.27 0
2573.9 0
2574.54 0
2575.17 0
2575.8 0
2576.44 0
2577.07 0
2577.7 0
2578.34 0
2578.97 0
2579.6 0
2580.24 0
2580.87 0
2581.51 0
2582.14 0
2582.77 0
2583.41 0
2584.04 0
2584.67 0
2585.31 0
2585.94 0
2586.57 0
2587.21 0
2587.84 0
2588.48 0
2589.11 0
2589.74 0
2590.38 0
2591.01 0
2591.64 0
2592.28 0
2592.91 0
2593.54 0
2594.18 0
2594.81 0
2595.44 0
2596.08 0
2596.71 0
2597.35 0
2597.98 0
2598.61 0
2599.25 0
2599.88 0
2600.51 0
2601.15 0
2601.78 0
2602.41 0
2603.05 0
2603.68 0
2604.32 0
2604.95 0
2605.58 0
2606.22 0
2606.85 0
2607.48 0
2608.12 0
2608.75 0
2609.38 0
2610.02 0
2610.65 0
2611.28 0
2611.92 0
2612.55 0
2613.19 0
2613.82 0
2614.45 0
2615.09 0
2615.72 0
2616.35 0
2616.99 0
2617.62 0
2618.25 0
2618.89 0
2619.52 0
2620.16 0
2620.79 0
2621.42 0
2622.06 0
2622.69 0
2623.32 0
2623.96 0
2624.59 0
2625.22 0
2625.86 0
2626.49 0
2627.12 0
2627.76 0
2628.39 0
2629.03 0
2629.66 0
2630.29 0
2630.93 0
2631.56 0
2632.19 0
2632.83 0
2633.46 0
2634.09 0
2634.73 0
2635.36 0
2635.99 0
2636.63 0
2637.26 0
2637.9 0
2638.53 0
2639.16 0
2639.8 0
2640.43 0
2641.06 0
2641.7 0
2642.33 0
2642.96 0
2643.6 0
2644.23 0
2644.87 0
2645.5 0
2646.13 0
2646.77 0
2647.4 0
2648.03 0
2648.67 0
2649.3 0
2649.93 0
2650.57 0
2651.2 0
2651.83 0
2652.47 0
2653.1 0
2653.74 0
2654.37 0
2655 0
2655.64 0
2656.27 0
2656.9 0
2657.54 0
2658.17 0
2658.8 0
2659.44 0
2660.07 0
2660.7 0
2661.34 0
2661.97 0
2662.61 0
2663.24 0
2663.87 0
2664.51 0
2665.14 0
2665.77 0
2666.41 0
2667.04 0
2667.67 0
2668.31 0
2668.94 0
2669.57 0
2670.21 0
2670.84 0
2671.48 0
2672.11 0
2672.74 0
2673.38 0
2674.01 0
2674.64 0
2675.28 0
2675.91 0
2676.54 0
2677.18 0
2677.81 0
2678.44 0
2679.08 0
2679.71 0
2680.34 0
2680.98 0
2681.61 0
2682.25 0
2682.88 0
2683.51 0
2684.15 0
2684.78 0
2685.41 0
2686.05 0
2686.68 0
2687.31 0
2687.95 0
2688.58 0
2689.21 0
2689.85 0
2690.48 0
2691.12 0
2691.75 0
2692.38 0
2693.02 0
2693.65 0
2694.28 0
2694.92 0
2695.55 0
2696.18 0
2696.82 0
2697.45 0
2698.08 0
2698.72 0
2699.35 0
2699.99 0
2700.62 0
2701.25 0
2701.89 0
2702.52 0
2703.15 0
2703.79 0
2704.42 0
2705.05 0
2705.69 0
2706.32 0
2706.95 0
2707.59 0
2708.22 0
2708.85 0
2709.49 0
2710.12 0
2710.76 0
2711.39 0
2712.02 0
2712.66 0
2713.29 0
2713.92 0
2714.56 0
2715.19 0
2715.82 0
2716.46 0
2717.09 0
2717.72 0
2718.36 0
2718.99 0
2719.62 0
2720.26 0
2720.89 0
2721.53 0
2722.16 0
2722.79 0
2723.43 0
2724.06 0
2724.69 0
2725.33 0
2725.96 0
2726.59 0
2727.23 0
2727.86 0
2728.49 0
2729.13 0
2729.76 0
2730.39 0
2731.03 0
2731.66 0
2732.3 0
2732.93 0
2733.56 0
2734.2 0
2734.83 0
2735.46 0
2736.1 0
2736.73 0
2737.36 0
2738 0
2738.63 0
2739.26 0
2739.9 0
2740.53 0
2741.16 0
2741.8 0
2742.43 0
2743.07 0
2743.7 0
2744.33 0
2744.97 0
2745.6 0
2746.23 0
2746.87 0
2747.5 0
2748.13 0
2748.77 0
2749.4 0
2750.03 0
2750.67 0
2751.3 0
2751.93 0
2752.57 0
2753.2 0
2753.84 0
2754.47 0
2755.1 0
2755.74 0
2756.37 0
2757 0
2757.64 0
2758.27 0
2758.9 0
2759.54 0
2760.17 0
2760.8 0
2761.44 0
2762.07 0
2762.7 0
2763.34 0
2763.97 0
2764.6 0
2765.24 0
2765.87 0
2766.51 0
2767.14 0
2767.77 0
2768.41 0
2769.04 0
2769.67 0
2770.31 0
2770.94 0
2771.57 0
2772.21 0
2772.84 0
2773.47 0
2774.11 0
2774.74 0
2775.37 0
2776.01 0
2776.64 0
2777.28 0
2777.91 0
2778.54 0
2779.18 0
2779.81 0
2780.44 0
2781.08 0
2781.71 0
2782.34 0
2782.98 0
2783.61 0
2784.24 0
2784.88 0
2785.51 0
2786.14 0
2786.78 0
2787.41 0
2788.04 0
2788.68 0
2789.31 0
2789.95 0
2790.58 0
2791.21 0
2791.85 0
2792.48 0
2793.11 0
2793.75 0
2794.38 0
2795.01 0
2795.65 0
2796.28 0
2796.91 0
2797.55 0
2798.18 0
2798.81 0
2799.45 0
2800.08 0
2800.71 0
2801.35 0
2801.98 0
2802.61 0
2803.25 0
2803.88 0
2804.52 0
2805.15 0
2805.78 0
2806.42 0
2807.05 0
2807.68 0
2808.32 0
2808.95 0
2809.58 0
2810.22 0
2810.85 0
2811.48 0
2812.12 0
2812.75 0
2813.38 0
2814.02 0
2814.65 0
2815.28 0
2815.92 0
2816.55 0
2817.18 0
2817.82 0
2818.45 0
2819.09 0
2819.72 0
2820.35 0
2820.99 0
2821.62 0
2822.25 0
2822.89 0
2823.52 0
2824.15 0
2824.79 0
2825.42 0
2826.05 0
2826.69 0
2827.32 0
2827.95 0
2828.59 0
2829.22 0
2829.85 0
2830.49 0
2831.12 0
2831.75 0
2832.39 0
2833.02 0
2833.66 0
2834.29 0
2834.92 0
2835.56 0
2836.19 0
2836.82 0
2837.46 0
2838.09 0
2838.72 0
2839.36 0
2839.99 0
2840.62 0
2841.26 0
2841.89 0
2842.52 0
2843.16 0
2843.79 0
2844.42 0
2845.06 0
2845.69 0
2846.32 0
2846.96 0
2847.59 0
2848.22 0
2848.86 0
2849.49 0
2850.12 0
2850.76 0
2851.39 0
2852.03 0
2852.66 0
2853.29 0
2853.93 0
2854.56 0
2855.19 0
2855.83 0
2856.46 0
2857.09 0
2857.73 0
2858.36 0
2858.99 0
2859.63 0
2860.26 0
2860.89 0
2861.53 0
2862.16 0
2862.79 0
2863.43 0
2864.06 0
2864.69 0
2865.33 0
2865.96 0
2866.59 0
2867.23 0
2867.86 0
2868.49 0
2869.13 0
2869.76 0
2870.4 0
2871.03 0
2871.66 0
2872.3 0
2872.93 0
2873.56 0
2874.2 0
2874.83 0
2875.46 0
2876.1 0
2876.73 0
2877.36 0
2878 0
2878.63 0
2879.26 0
2879.9 0
2880.53 0
2881.16 0
2881.8 0
2882.43 0
2883.06 0
2883.7 0
2884.33 0
2884.96 0
2885.6 0
2886.23 0
2886.86 0
2887.5 0
2888.13 0
2888.76 0
2889.4 0
2890.03 0
2890.67 0
2891.3 0
2891.93 0
2892.57 0
2893.2 0
2893.83 0
2894.47 0
2895.1 0
2895.73 0
2896.37 0
2897 0
2897.63 0
2898.27 0
2898.9 0
2899.53 0
2900.17 0
2900.8 0
2901.43 0
2902.07 0
2902.7 0
2903.33 0
2903.97 0
2904.6 0
2905.23 0
2905.87 0
2906.5 0
2907.13 0
2907.77 0
2908.4 0
2909.03 0
2909.67 0
2910.3 0
2910.93 0
2911.57 0
2912.2 0
2912.83 0
2913.47 0
2914.1 0
2914.73 0
2915.37 0
2916 0
2916.64 0
2917.27 0
2917.9 0
2918.54 0
2919.17 0
2919.8 0
2920.44 0
2921.07 0
2921.7 0
2922.34 0
2922.97 0
2923.6 0
2924.24 0
2924.87 0
2925.5 0
2926.14 0
2926.77 0
2927.4 0
2928.04 0
2928.67 0
2929.3 0
2929.94 0
2930.57 0
2931.2 0
2931.84 0
2932.47 0
2933.1 0
2933.74 0
2934.37 0
2935 0
2935.64 0
2936.27 0
2936.9 0
2937.54 0
2938.17 0
2938.8 0
2939.44 0
2940.07 0
2940.7 0
2941.34 0
2941.97 0
2942.6 0
2943.24 0
2943.87 0
2944.5 0
2945.14 0
2945.77 0
2946.4 0
2947.04 0
2947.67 0
2948.3 0
2948.94 0
2949.57 0
2950.21 0
2950.84 0
2951.47 0
2952.11 0
2952.74 0
2953.37 0
2954.01 0
2954.64 0
2955.27 0
2955.91 0
2956.54 0
2957.17 0
2957.81 0
2958.44 0
2959.07 0
2959.71 0
2960.34 0
2960.97 0
2961.61 0
2962.24 0
2962.87 0
2963.51 0
2964.14 0
2964.77 0
2965.41 0
2966.04 0
2966.67 0
2967.31 0
2967.94 0
2968.57 0
2969.21 0
2969.84 0
2970.47 0
2971.11 0
2971.74 0
2972.37 0
2973.01 0
2973.64 0
2974.27 0
2974.91 0
2975.54 0
2976.17 0
2976.81 0
2977.44 0
2978.07 0
2978.71 0
2979.34 0
2979.97 0
2980.61 0
2981.24 0
2981.87 0
2982.51 0
2983.14 0
2983.77 0
2984.41 0
2985.04 0
2985.67 0
2986.31 0
2986.94 0
2987.57 0
2988.21 0
2988.84 0
2989.47 0
2990.11 0
2990.74 0
2991.37 0
2992.01 0
2992.64 0
2993.27 0
2993.91 0
2994.54 0
2995.17 0
2995.81 0
2996.44 0
2997.07 0
2997.71 0
2998.34 0
2998.97 0
2999.61 0
3000.24 0
3000.87 0
3001.51 0
3002.14 0
3002.77 0
3003.41 0
3004.04 0
3004.67 0
3005.31 0
3005.94 0
3006.57 0
3007.21 0
3007.84 0
3008.47 0
3009.11 0
3009.74 0
3010.37 0
3011.01 0
3011.64 0
3012.27 0
3012.91 0
3013.54 0
3014.17 0
3014.81 0
3015.44 0
3016.07 0
3016.71 0
3017.34 0
3017.97 0
3018.61 0
3019.24 0
3019.87 0
3020.51 0
3021.14 0
3021.77 0
3022.41 0
3023.04 0
3023.67 0
3024.31 0
3024.94 0
3025.57 0
3026.21 0
3026.84 0
3027.47 0
3028.11 0
3028.74 0
3029.37 0
3030.01 0
3030.64 0
3031.27 0
3031.91 0
3032.54 0
3033.17 0
3033.81 0
3034.44 0
3035.07 0
3035.71 0
3036.34 0
3036.97 0
3037.61 0
3038.24 0
3038.87 0
3039.51 0
3040.14 0
3040.77 0
3041.41 0
3042.04 0
3042.67 0
3043.31 0
3043.94 0
3044.57 0
3045.21 0
3045.84 0
3046.47 0
3047.11 0
3047.74 0
3048.37 0
3049.01 0
3049.64 0
3050.27 0
3050.91 0
3051.54 0
3052.17 0
3052.81 0
3053.44 0
3054.07 0
3054.71 0
3055.34 0
3055.97 0
3056.61 0
3057.24 0
3057.87 0
3058.51 0
3059.14 0
3059.77 0
3060.41 0
3061.04 0
3061.67 0
3062.31 0
3062.94 0
3063.57 0
3064.21 0
3064.84 0
3065.47 0
3066.11 0
3066.74 0
3067.37 0
3068.01 0
3068.64 0
3069.27 0
3069.91 0
3070.54 0
3071.17 0
3071.81 0
3072.44 0
3073.07 0
3073.71 0
3074.34 0
3074.97 0
3075.61 0
3076.24 0
3076.87 0
3077.51 0
3078.14 0
3078.77 0
3079.41 0
3080.04 0
3080.67 0
3081.31 0
3081.94 0
3082.57 0
3083.21 0
3083.84 0
3084.47 0
3085.11 0
3085.74 0
3086.37 0
3087.01 0
3087.64 0
3088.27 0
3088.91 0
3089.54 0
3090.17 0
3090.81 0
3091.44 0
3092.07 0
3092.7 0
3093.34 0
3093.97 0
3094.6 0
3095.24 0
3095.87 0
3096.5 0
3097.14 0
3097.77 0
3098.4 0
3099.04 0
3099.67 0
3100.3 0
3100.94 0
3101.57 0
3102.2 0
3102.84 0
3103.47 0
3104.1 0
3104.74 0
3105.37 0
3106 0
3106.64 0
3107.27 0
3107.9 0
3108.54 0
3109.17 0
3109.8 0
3110.44 0
3111.07 0
3111.7 0
3112.34 0
3112.97 0
3113.6 0
3114.24 0
3114.87 0
3115.5 0
3116.14 0
3116.77 0
3117.4 0
3118.04 0
3118.67 0
3119.3 0
3119.94 0
3120.57 0
3121.2 0
3121.84 0
3122.47 0
3123.1 0
3123.73 0
3124.37 0
3125 0
3125.63 0
3126.27 0
3126.9 0
3127.53 0
3128.17 0
3128.8 0
3129.43 0
3130.07 0
3130.7 0
3131.33 0
3131.97 0
3132.6 0
3133.23 0
3133.87 0
3134.5 0
3135.13 0
3135.77 0
3136.4 0
3137.03 0
3137.67 0
3138.3 0
3138.93 0
3139.57 0
3140.2 0
3140.83 0
3141.47 0
3142.1 0
3142.73 0
3143.37 0
3144 0
3144.63 0
3145.27 0
3145.9 0
3146.53 0
3147.16 0
3147.8 0
3148.43 0
3149.06 0
3149.7 0
3150.33 0
3150.96 0
3151.6 0
3152.23 0
3152.86 0
3153.5 0
3154.13 0
3154.76 0
3155.4 0
3156.03 0
3156.66 0
3157.3 0
3157.93 0
3158.56 0
3159.2 0
3159.83 0
3160.46 0
3161.1 0
3161.73 0
3162.36 0
3163 0
3163.63 0
3164.26 0
3164.9 0
3165.53 0
3166.16 0
3166.79 0
3167.43 0
3168.06 0
3168.69 0
3169.33 0
3169.96 0
3170.59 0
3171.23 0
3171.86 0
3172.49 0
3173.13 0
3173.76 0
3174.39 0
3175.03 0
3175.66 0
3176.29 0
3176.93 0
3177.56 0
3178.19 0
3178.83 0
3179.46 0
3180.09 0
3180.73 0
3181.36 0
3181.99 0
3182.63 0
3183.26 0
3183.89 0
3184.52 0
3185.16 0
3185.79 0
3186.42 0
3187.06 0
3187.69 0
3188.32 0
3188.96 0
3189.59 0
3190.22 0
3190.86 0
3191.49 0
3192.12 0
3192.76 0
3193.39 0
3194.02 0
3194.66 0
3195.29 0
3195.92 0
3196.56 0
3197.19 0
3197.82 0
3198.46 0
