0.628386 0
1.2684 0
1.90841 0
2.54842 0
3.18843 0
3.82844 0
4.46845 0
5.10846 0
5.74847 0
6.38848 0
7.0285 0
7.66851 0
8.30852 0
8.94853 0
9.58854 0
10.2286 0
10.8686 0
11.5086 0
12.1486 0
12.7886 0
13.4286 0
14.0686 0
14.7086 0
15.3486 0
15.9886 0
16.6287 0
17.2687 0
17.9087 0
18.5487 0
19.1887 0
19.8287 0
20.4687 0
21.1087 0
21.7487 0
22.3888 0
23.0288 0
23.6688 0
24.3088 0
24.9488 0
25.5888 0
26.2288 0
26.8688 0
27.5088 0
28.1489 0
28.7889 0
29.4289 0
30.0689 0
30.7089 0
31.3489 0
31.9889 0
32.6289 0
33.2689 0
33.909 0
34.549 0
35.189 0
35.829 0
36.469 0
37.109 0
37.749 0
38.389 0
39.029 0
39.6691 0
40.3091 0
40.9491 0
41.5891 0
42.2291 0
42.8691 0
43.5091 0
44.1491 0
44.7891 0
45.4292 0
46.0692 0
46.7092 0
47.3492 0
47.9892 0
48.6292 0
49.2692 0
49.9092 0
50.5492 0
51.1893 0
51.8293 0
52.4693 0
53.1093 0
53.7493 0
54.3893 0
55.0293 0
55.6693 0
56.3093 0
56.9494 0
57.5894 0
58.2294 0
58.8694 0
59.5094 0
60.1494 0
60.7894 0
61.4294 0
62.0694 0
62.7095 0
63.3495 0
63.9895 0
64.6295 0
65.2695 0
65.9095 0
66.5495 0
67.1895 0
67.8295 0
68.4696 0
69.1096 0
69.7496 0
70.3896 0
71.0296 0
71.6696 0
72.3096 0
72.9496 0
73.5896 0
74.2296 0
74.8697 0
75.5097 0
76.1497 0
76.7897 0
77.4297 0
78.0697 0
78.7097 0
79.3497 0
79.9897 0
80.6298 0
81.2698 0
81.9098 0
82.5498 0
83.1898 0
83.8298 0
84.4698 0
85.1098 0
85.7498 0
86.3899 0
87.0299 0
87.6699 0
88.3099 0
88.9499 0
89.5899 0
90.2299 0
90.8699 0
91.5099 0
92.15 0
92.79 0
93.43 0
94.07 0
94.71 0
95.35 0
95.99 0
96.63 0
97.27 0
97.9101 0
98.5501 0
99.1901 0
99.8301 0
100.47 0
101.11 0
101.75 0
102.39 0
103.03 0
103.67 0
104.31 0
104.95 0
105.59 0
106.23 0
106.87 0
107.51 0
108.15 0
108.79 0
109.43 0
110.07 0
110.71 0
111.35 0
111.99 0
112.63 0
113.27 0
113.91 0
114.55 0
115.19 0
115.83 0
116.47 0
117.11 0
117.75 0
118.39 0
119.03 0
119.67 0
120.31 0
120.95 0
121.59 0
122.23 0
122.87 0
123.51 0
124.151 0
124.791 0
125.431 0
126.071 0
126.711 0
127.351 0
127.991 0
128.631 0
129.271 0
129.911 0
130.551 0
131.191 0
131.831 0
132.471 0
133.111 0
133.751 0
134.391 0
135.031 0
135.671 0
136.311 0
136.951 0
137.591 0
138.231 0
138.871 0
139.511 0
140.151 0
140.791 0
141.431 0
142.071 0
142.711 0
143.351 0
143.991 0
144.631 0
145.271 0
145.911 0
146.551 0
147.191 0
147.831 0
148.471 0
149.111 0
149.751 0
150.391 0
151.031 0
151.671 0
152.311 0
152.951 0
153.591 0
154.231 0
154.871 0
155.511 0
156.151 0
156.791 0
157.431 0
158.071 0
158.711 0
159.351 0
159.991 0
160.631 0
161.271 0
161.911 0
162.551 0
163.191 0
163.831 0
164.471 0
165.111 0
165.751 0
166.391 0
167.031 0
167.671 0
168.311 0
168.951 0
169.591 0
170.231 0
170.871 0
171.511 0
172.151 0
172.791 0
173.431 0
174.071 0
174.711 0
175.351 0
175.991 0
176.631 0
177.271 0
177.911 0
178.551 0
179.191 0
179.831 0
180.471 0
181.111 0
181.751 0
182.392 0
183.032 0
183.672 0
184.312 0
184.952 0
185.592 0
186.232 0
186.872 0
187.512 0
188.152 0
188.792 0
189.432 0
190.072 0
190.712 0
191.352 0
191.992 0
192.632 0
193.272 0
193.912 0
194.552 0
195.192 0
195.832 0
196.472 0
197.112 0
197.752 0
198.392 0
199.032 0
199.672 0
200.312 0
200.952 0
201.592 0
202.232 0
202.872 0
203.512 0
204.152 0
204.792 0
205.432 0
206.072 0
206.712 0
207.352 0
207.992 0
208.632 0
209.272 0
209.912 0
210.552 0
211.192 0
211.832 0
212.472 0
213.112 0
213.752 0
214.392 0
215.032 0
215.672 0
216.312 0
216.952 0
217.592 0
218.232 0
218.872 0
219.512 0
220.152 0
220.792 0
221.432 0
222.072 0
222.712 0
223.352 0
223.992 0
224.632 0
225.272 0
225.912 0
226.552 0
227.192 0
227.832 0
228.472 0
229.112 0
229.752 0
230.392 0
231.032 0
231.672 0
232.312 0
232.952 0
233.592 0
234.232 0
234.872 0
235.512 0
236.152 0
236.792 0
237.432 0
238.072 0
238.712 0
239.352 0
239.992 0
240.633 0
241.273 0
241.913 0
242.553 0
243.193 0
243.833 0
244.473 0
245.113 0
245.753 0
246.393 0
247.033 0
247.673 0
248.313 0
248.953 0
249.593 0
250.233 0
250.873 0
251.513 0
252.153 0
252.793 0
253.433 0
254.073 0
254.713 0
255.353 0
255.993 0
256.633 0
257.273 0
257.913 0
258.553 0
259.193 0
259.833 0
260.473 0
261.113 0
261.753 0
262.393 0
263.033 0
263.673 0
264.313 0
264.953 0
265.593 0
266.233 0
266.873 0
267.513 0
268.153 0
268.793 0
269.433 0
270.073 0
270.713 0
271.353 0
271.993 0
272.633 0
273.273 0
273.913 0
274.553 0
275.193 0
275.833 0
276.473 0
277.113 0
277.753 0
278.393 0
279.033 0
279.673 0
280.313 0
280.953 0
281.593 0
282.233 0
282.873 0
283.513 0
284.153 0
284.793 0
285.433 0
286.073 0
286.713 0
287.353 0
287.993 0
288.633 0
289.273 0
289.913 0
290.553 0
291.193 0
291.833 0
292.473 0
293.113 0
293.753 0
294.393 0
295.033 0
295.673 0
296.313 0
296.953 0
297.593 0
298.233 0
298.874 0
299.514 0
300.154 0
300.794 0
301.434 0
302.074 0
302.714 0
303.354 0
303.994 0
304.634 0
305.274 0
305.914 0
306.554 0
307.194 0
307.834 0
308.474 0
309.114 0
309.754 0
310.394 0
311.034 0
311.674 0
312.314 0
312.954 0
313.594 0
314.234 0
314.874 0
315.514 0
316.154 0
316.794 0
317.434 0
318.074 0
318.714 0
319.354 0
319.994 0
320.634 0
321.274 0
321.914 0
322.554 0
323.194 0
323.834 0
324.474 0
325.114 0
325.754 0
326.394 0
327.034 0
327.674 0
328.314 0
328.954 0
329.594 0
330.234 0
330.874 0
331.514 0
332.154 0
332.794 0
333.434 0
334.074 0
334.714 0
335.354 0
335.994 0
336.634 0
337.274 0
337.914 0
338.554 0
339.194 0
339.834 0
340.474 0
341.114 0
341.754 0
342.394 0
343.034 0
343.674 0
344.314 0
344.954 0
345.594 0
346.234 0
346.874 0
347.514 0
348.154 0
348.794 0
349.434 0
350.074 0
350.714 0
351.354 0
351.994 0
352.634 0
353.274 0
353.914 0
354.554 0
355.194 0
355.834 0
356.474 0
357.115 0
357.755 0
358.395 0
359.035 0
359.675 0
360.315 0
360.955 0
361.595 0
362.235 0
362.875 0
363.515 0
364.155 0
364.795 0
365.435 0
366.075 0
366.715 0
367.355 0
367.995 0
368.635 0
369.275 0
369.915 0
370.555 0
371.195 0
371.835 0
372.475 0
373.115 0
373.755 0
374.395 0
375.035 0
375.675 0
376.315 0
376.955 0
377.595 0
378.235 0
378.875 0
379.515 0
380.155 0
380.795 0
381.435 0
382.075 0
382.715 0
383.355 0
383.995 0
384.635 0
385.275 0
385.915 0
386.555 0
387.195 0
387.835 0
388.475 0
389.115 0
389.755 0
390.395 0
391.035 0
391.675 0
392.315 0
392.955 0
393.595 0
394.235 0
394.875 0
395.515 0
396.155 0
396.795 0
397.435 0
398.075 0
398.715 0
399.355 0
399.995 0
400.635 0
401.275 0
401.915 0
402.555 0
403.195 0
403.835 0
404.475 0
405.115 0
405.755 0
406.395 0
407.035 0
407.675 0
408.315 0
408.955 0
409.595 0
410.235 0
410.875 0
411.515 0
412.155 0
412.795 0
413.435 0
414.075 0
414.715 0
415.356 0
415.996 0
416.636 0
417.276 0
417.916 0
418.556 0
419.196 0
419.836 0
420.476 0
421.116 0
421.756 0
422.396 0
423.036 0
423.676 0
424.316 0
424.956 0
425.596 0
426.236 0
426.876 0
427.516 0
428.156 0
428.796 0
429.436 0
430.076 0
430.716 0
431.356 0
431.996 0
432.636 0
433.276 0
433.916 0
434.556 0
435.196 0
435.836 0
436.476 0
437.116 0
437.756 0
438.396 0
439.036 0
439.676 0
440.316 0
440.956 0
441.596 0
442.236 0
442.876 0
443.516 0
444.156 0
444.796 0
445.436 0
446.076 0
446.716 0
447.356 0
447.996 0
448.636 0
449.276 0
449.916 0
450.556 0
451.196 0
451.836 0
452.476 0
453.116 0
453.756 0
454.396 0
455.036 0
455.676 0
456.316 0
456.956 0
457.596 0
458.236 0
458.876 0
459.516 0
460.156 0
460.796 0
461.436 0
462.076 0
462.716 0
463.356 0
463.996 0
464.636 0
465.276 0
465.916 0
466.556 0
467.196 0
467.836 0
468.476 0
469.116 0
469.756 0
470.396 0
471.036 0
471.676 0
472.316 0
472.956 0
473.597 0
474.237 0
474.877 0
475.517 0
476.157 0
476.797 0
477.437 0
478.077 0
478.717 0
479.357 0
479.997 0
480.637 0
481.277 0
481.917 0
482.557 0
483.197 0
483.837 0
484.477 0
485.117 0
485.757 0
486.397 0
487.037 0
487.677 0
488.317 0
488.957 0
489.597 0
490.237 0
490.877 0
491.517 0
492.157 0
492.797 0
493.437 0
494.077 0
494.717 0
495.357 0
495.997 0
496.637 0
497.277 0
497.917 0
498.557 0
499.197 0
499.837 0
500.477 0
501.117 0
501.757 0
502.397 0
503.037 0
503.677 0
504.317 0
504.957 0
505.597 0
506.237 0
506.877 0
507.517 0
508.157 0
508.797 0
509.437 0
510.077 0
510.717 0
511.357 0
511.997 0
512.637 0
513.277 0
513.917 0
514.557 0
515.197 0
515.837 0
516.477 0
517.117 0
517.757 0
518.397 0
519.037 0
519.677 0
520.317 0
520.957 0
521.597 0
522.237 0
522.877 0
523.517 0
524.157 0
524.797 0
525.437 0
526.077 0
526.717 0
527.357 0
527.997 0
528.637 0
529.277 0
529.917 0
530.557 0
531.197 0
531.838 0
532.478 0
533.118 0
533.758 0
534.398 0
535.038 0
535.678 0
536.318 0
536.958 0
537.598 0
538.238 0
538.878 0
539.518 0
540.158 0
540.798 0
541.438 0
542.078 0
542.718 0
543.358 0
543.998 0
544.638 0
545.278 0
545.918 0
546.558 0
547.198 0
547.838 0
548.478 0
549.118 0
549.758 0
550.398 0
551.038 0
551.678 0
552.318 0
552.958 0
553.598 0
554.238 0
554.878 0
555.518 0
556.158 0
556.798 0
557.438 0
558.078 0
558.718 0
559.358 0
559.998 0
560.638 0
561.278 0
561.918 0
562.558 0
563.198 0
563.838 0
564.478 0
565.118 0
565.758 0
566.398 0
567.038 0
567.678 0
568.318 0
568.958 0
569.598 0
570.238 0
570.878 0
571.518 0
572.158 0
572.798 0
573.438 0
574.078 0
574.718 0
575.358 0
575.998 0
576.638 0
577.278 0
577.918 0
578.558 0
579.198 0
579.838 0
580.478 0
581.118 0
581.758 0
582.398 0
583.038 0
583.678 0
584.318 0
584.958 0
585.598 0
586.238 0
586.878 0
587.518 0
588.158 0
588.798 0
589.438 0
590.079 0
590.719 0
591.359 0
591.999 0
592.639 0
593.279 0
593.919 0
594.559 0
595.199 0
595.839 0
596.479 0
597.119 0
597.759 0
598.399 0
599.039 0
599.679 0
600.319 0
600.959 0
601.599 0
602.239 0
602.879 0
603.519 0
604.159 0
604.799 0
605.439 0
606.079 0
606.719 0
607.359 0
607.999 0
608.639 0
609.279 0
609.919 0
610.559 0
611.199 0
611.839 0
612.479 0
613.119 0
613.759 0
614.399 0
615.039 0
615.679 0
616.319 0
616.959 0
617.599 0
618.239 0
618.879 0
619.519 0
620.159 0
620.799 0
621.439 0
622.079 0
622.719 0
623.359 0
623.999 0
624.639 0
625.279 0
625.919 0
626.559 0
627.199 0
627.839 0
628.479 0
629.119 0
629.759 0
630.399 0
631.039 0
631.679 0
632.319 0
632.959 0
633.599 0
634.239 0
634.879 0
635.519 0
636.159 0
636.799 0
637.439 0
638.079 0
638.719 0
639.359 0
639.999 0
640.639 0
641.279 0
641.919 0
642.559 0
643.199 0
643.839 0
644.479 0
645.119 0
645.759 0
646.399 0
647.039 0
647.679 0
648.32 0
648.96 0
649.6 0
650.24 0
650.88 0
651.52 0
652.16 0
652.8 0
653.44 0
654.08 0
654.72 0
655.36 0
656 0
656.64 86.0154
657.28 201.795
657.92 1011.28
658.56 4999.03
659.2 18967.8
659.84 53202.3
660.48 109672
661.12 165971
661.76 184303
662.4 150232
663.04 89867.2
663.68 39450.1
664.32 12708.8
664.96 3004.52
665.6 521.321
666.24 66.4504
666.88 6.29032
667.52 0.515434
668.16 0.111732
668.8 0.091133
669.44 0.0903646
670.08 0
670.72 0
671.36 0
672 0
672.64 0
673.28 0
673.92 0
674.56 0
675.2 0
675.84 0
676.48 0
677.12 0
677.76 0
678.4 0
679.04 0
679.68 0
680.32 0
680.96 0
681.6 0
682.24 0
682.88 0
683.52 0
684.16 0
684.8 0
685.44 0
686.08 0
686.72 0
687.36 0
688 0
688.64 0
689.28 0
689.92 0
690.56 0
691.2 0
691.84 0
692.48 0
693.12 0
693.76 0
694.4 0
695.04 0
695.68 0
696.32 0
696.96 0
697.6 0
698.24 0
698.88 0
699.52 0
700.16 0
700.8 0
701.44 0
702.08 0
702.72 0
703.36 0
704 0
704.64 0
705.28 0
705.92 0
706.561 0
707.201 0
707.841 0
708.481 0
709.121 0
709.761 0
710.401 0
711.041 0
711.681 0
712.321 0
712.961 0
713.601 0
714.241 0
714.881 0
715.521 0
716.161 0
716.801 0
717.441 0
718.081 0
718.721 0
719.361 0
720.001 0
720.641 0
721.281 0
721.921 0
722.561 0
723.201 0
723.841 0
724.481 0
725.121 0
725.761 0
726.401 0
727.041 0
727.681 0
728.321 0
728.961 0
729.601 0
730.241 0
730.881 0
731.521 0
732.161 0
732.801 0
733.441 0
734.081 0
734.721 0
735.361 0
736.001 0
736.641 0
737.281 0
737.921 0
738.561 0
739.201 0
739.841 0
740.481 0
741.121 0
741.761 0
742.401 0
743.041 0
743.681 0
744.321 0
744.961 0
745.601 0
746.241 0
746.881 0
747.521 0
748.161 0
748.801 0
749.441 0
750.081 0
750.721 0
751.361 0
752.001 0
752.641 0
753.281 0
753.921 0
754.561 0
755.201 0
755.841 0
756.481 0
757.121 0
757.761 0
758.401 0
759.041 0
759.681 0
760.321 0
760.961 0
761.601 0
762.241 0
762.881 0
763.521 0
764.161 0
764.802 0
765.442 0
766.082 0
766.722 0
767.362 0
768.002 0
768.642 0
769.282 0
769.922 0
770.562 0
771.202 0
771.842 0
772.482 0
773.122 0
773.762 0
774.402 0
775.042 0
775.682 0
776.322 0
776.962 0
777.602 0
778.242 0
778.882 0
779.522 0
780.162 0
780.802 0
781.442 0
782.082 0
782.722 0
783.362 0
784.002 0
784.642 0
785.282 0
785.922 0
786.562 0
787.202 0
787.842 0
788.482 0
789.122 0
789.762 0
790.402 0
791.042 0
791.682 0
792.322 0
792.962 0
793.602 0
794.242 0
794.882 0
795.522 0
796.162 0
796.802 0
797.442 0
798.082 0
798.722 0
799.362 0
800.002 0
800.642 0
801.282 0
801.922 0
802.562 0
803.202 0
803.842 0
804.482 0
805.122 0
805.762 0
806.402 0
807.042 0
807.682 0
808.322 0
808.962 0
809.602 0
810.242 0
810.882 0
811.522 0
812.162 0
812.802 0
813.442 0
814.082 0
814.722 0
815.362 0
816.002 0
816.642 0
817.282 0
817.922 0
818.562 0
819.202 0
819.842 0
820.482 0
821.122 0
821.762 0
822.402 0
823.043 0
823.683 0
824.323 0
824.963 0
825.603 0
826.243 0
826.883 0
827.523 0
828.163 0
828.803 0
829.443 0
830.083 0
830.723 0
831.363 0
832.003 0
832.643 0
833.283 0
833.923 0
834.563 0
835.203 0
835.843 0
836.483 0
837.123 0
837.763 0
838.403 0
839.043 0
839.683 0
840.323 0
840.963 0
841.603 0
842.243 0
842.883 0
843.523 0
844.163 0
844.803 0
845.443 0
846.083 0
846.723 0
847.363 0
848.003 0
848.643 0
849.283 0
849.923 0
850.563 0
851.203 0
851.843 0
852.483 0
853.123 0
853.763 0
854.403 0
855.043 0
855.683 0
856.323 0
856.963 0
857.603 0
858.243 0
858.883 0
859.523 0
860.163 0
860.803 0
861.443 0
862.083 0
862.723 0
863.363 0
864.003 0
864.643 0
865.283 0
865.923 0
866.563 0
867.203 0
867.843 0
868.483 0
869.123 0
869.763 0
870.403 0
871.043 0
871.683 0
872.323 0
872.963 0
873.603 0
874.243 0
874.883 0
875.523 0
876.163 0
876.803 0
877.443 0
878.083 0
878.723 0
879.363 0
880.003 0
880.643 0
881.284 0
881.924 0
882.564 0
883.204 0
883.844 0
884.484 0
885.124 0
885.764 0
886.404 0
887.044 0
887.684 0
888.324 0
888.964 0
889.604 0
890.244 0
890.884 0
891.524 0
892.164 0
892.804 0
893.444 0
894.084 0
894.724 0
895.364 0
896.004 0
896.644 0
897.284 0
897.924 0
898.564 0
899.204 0
899.844 0
900.484 0
901.124 0
901.764 0
902.404 0
903.044 0
903.684 0
904.324 0
904.964 0
905.604 0
906.244 0
906.884 0
907.524 0
908.164 0
908.804 0
909.444 0
910.084 0
910.724 0
911.364 0
912.004 0
912.644 0
913.284 0
913.924 0
914.564 0
915.204 0
915.844 0
916.484 0
917.124 0
917.764 0
918.404 0
919.044 0
919.684 0
920.324 0
920.964 0
921.604 0
922.244 0
922.884 0
923.524 0
924.164 0
924.804 0
925.444 0
926.084 0
926.724 0
927.364 0
928.004 0
928.644 0
929.284 0
929.924 0
930.564 0
931.204 0
931.844 0
932.484 0
933.124 0
933.764 0
934.404 0
935.044 0
935.684 0
936.324 0
936.964 0
937.604 0
938.244 0
938.884 0
939.525 0
940.165 0
940.805 0
941.445 0
942.085 0
942.725 0
943.365 0
944.005 0
944.645 0
945.285 0
945.925 0
946.565 0
947.205 0
947.845 0
948.485 0
949.125 0
949.765 0
950.405 0
951.045 0
951.685 0
952.325 0
952.965 0
953.605 0
954.245 0
954.885 0
955.525 0
956.165 0
956.805 0
957.445 0
958.085 0
958.725 0
959.365 0
960.005 0
960.645 0
961.285 0
961.925 0
962.565 0
963.205 0
963.845 0
964.485 0
965.125 0
965.765 0
966.405 0
967.045 0
967.685 0
968.325 0
968.965 0
969.605 0
970.245 0
970.885 0
971.525 0
972.165 0
972.805 0
973.445 0
974.085 0
974.725 0
975.365 0
976.005 0
976.645 0
977.285 0
977.925 0
978.565 0
979.205 0
979.845 0
980.485 0
981.125 0
981.765 0
982.405 0
983.045 0
983.685 0
984.325 0
984.965 0
985.605 0
986.245 0
986.885 0
987.525 0
988.165 0
988.805 0
989.445 0
990.085 0
990.725 0
991.365 0
992.005 0
992.645 0
993.285 0
993.925 0
994.565 0
995.205 0
995.845 0
996.485 0
997.125 0
997.766 0
998.406 0
999.046 0
999.686 0
1000.33 0
1000.97 0
1001.61 0
1002.25 0
1002.89 0
1003.53 0
1004.17 0
1004.81 0
1005.45 0
1006.09 0
1006.73 0
1007.37 0
1008.01 0
1008.65 0
1009.29 0
1009.93 0
1010.57 0
1011.21 0
1011.85 0
1012.49 0
1013.13 0
1013.77 0
1014.41 0
1015.05 0
1015.69 0
1016.33 0
1016.97 0
1017.61 0
1018.25 0
1018.89 0
1019.53 0
1020.17 0
1020.81 0
1021.45 0
1022.09 0
1022.73 0
1023.37 0
1024.01 0
1024.65 0
1025.29 0
1025.93 0
1026.57 0
1027.21 0
1027.85 0
1028.49 0
1029.13 0
1029.77 0
1030.41 0
1031.05 0
1031.69 0
1032.33 0
1032.97 0
1033.61 0
1034.25 0
1034.89 0
1035.53 0
1036.17 0
1036.81 0
1037.45 0
1038.09 0
1038.73 0
1039.37 0
1040.01 0
1040.65 0
1041.29 0
1041.93 0
1042.57 0
1043.21 0
1043.85 0
1044.49 0
1045.13 0
1045.77 0
1046.41 0
1047.05 0
1047.69 0
1048.33 0
1048.97 0
1049.61 0
1050.25 0
1050.89 0
1051.53 0
1052.17 0
1052.81 0
1053.45 0
1054.09 0
1054.73 0
1055.37 0
1056.01 0
1056.65 0
1057.29 0
1057.93 0
1058.57 0
1059.21 0
1059.85 0
1060.49 0
1061.13 0
1061.77 0
1062.41 0
1063.05 0
1063.69 0
1064.33 0
1064.97 0
1065.61 0
1066.25 0
1066.89 0
1067.53 0
1068.17 0
1068.81 0
1069.45 0
1070.09 0
1070.73 0
1071.37 0
1072.01 0
1072.65 0
1073.29 0
1073.93 0
1074.57 0
1075.21 0
1075.85 0
1076.49 0
1077.13 0
1077.77 0
1078.41 0
1079.05 0
1079.69 0
1080.33 0
1080.97 0
1081.61 0
1082.25 0
1082.89 0
1083.53 0
1084.17 0
1084.81 0
1085.45 0
1086.09 0
1086.73 0
1087.37 0
1088.01 0
1088.65 0
1089.29 0
1089.93 0
1090.57 0
1091.21 0
1091.85 0
1092.49 0
1093.13 0
1093.77 0
1094.41 0
1095.05 0
1095.69 0
1096.33 0
1096.97 0
1097.61 0
1098.25 0
1098.89 0
1099.53 0
1100.17 0
1100.81 0
1101.45 0
1102.09 0
1102.73 0
1103.37 0
1104.01 0
1104.65 0
1105.29 0
1105.93 0
1106.57 0
1107.21 0
1107.85 0
1108.49 0
1109.13 0
1109.77 0
1110.41 0
1111.05 0
1111.69 0
1112.33 0
1112.97 0
1113.61 0
1114.25 0
1114.89 0
1115.53 0
1116.17 0
1116.81 0
1117.45 0
1118.09 0
1118.73 0
1119.37 0
1120.01 0
1120.65 0
1121.29 0
1121.93 0
1122.57 0
1123.21 0
1123.85 0
1124.49 0
1125.13 0
1125.77 0
1126.41 0
1127.05 0
1127.69 0
1128.33 0
1128.97 0
1129.61 0
1130.25 0
1130.89 0
1131.53 0
1132.17 0
1132.81 0
1133.45 0
1134.09 0
1134.73 0
1135.37 0
1136.01 0
1136.65 0
1137.29 0
1137.93 0
1138.57 0
1139.21 0
1139.85 0
1140.49 0
1141.13 0
1141.77 0
1142.41 0
1143.05 0
1143.69 0
1144.33 0
1144.97 0
1145.61 0
1146.25 0
1146.89 0
1147.53 0
1148.17 0
1148.81 0
1149.45 0
1150.09 0
1150.73 0
1151.37 0
1152.01 0
1152.65 0
1153.29 0
1153.93 0
1154.57 0
1155.21 0
1155.85 0
1156.49 0
1157.13 0
1157.77 0
1158.41 0
1159.05 0
1159.69 0
1160.33 0
1160.97 0
1161.61 0
1162.25 0
1162.89 0
1163.53 0
1164.17 0
1164.81 0
1165.45 0
1166.09 0
1166.73 0
1167.37 0
1168.01 0
1168.65 0
1169.29 0
1169.93 0
1170.57 0
1171.21 0
1171.85 0
1172.49 0
1173.13 0
1173.77 0
1174.41 0
1175.05 0
1175.69 0
1176.33 0
1176.97 0
1177.61 0
1178.25 0
1178.89 0
1179.53 0
1180.17 0
1180.81 0
1181.45 0
1182.09 0
1182.73 0
1183.37 0
1184.01 0
1184.65 0
1185.29 0
1185.93 0
1186.57 0
1187.21 0
1187.85 0
1188.49 0
1189.13 0
1189.77 0
1190.41 0
1191.05 0
1191.69 0
1192.33 0
1192.97 0
1193.61 0
1194.25 0
1194.89 0
1195.53 0
1196.17 0
1196.81 0
1197.45 0
1198.09 0
1198.73 0
1199.37 0
1200.01 0
1200.65 0
1201.29 0
1201.93 0
1202.57 0
1203.21 0
1203.85 0
1204.49 0
1205.13 0
1205.77 0
1206.41 0
1207.05 0
1207.69 0
1208.33 0
1208.97 0
1209.61 0
1210.25 0
1210.89 0
1211.53 0
1212.17 0
1212.81 0
1213.45 0
1214.09 0
1214.73 0
1215.37 0
1216.01 0
1216.65 0
1217.29 0
1217.93 0
1218.57 0
1219.21 0
1219.85 0
1220.49 0
1221.13 0
1221.77 0
1222.41 0
1223.05 0
1223.69 0
1224.33 0
1224.97 0
1225.61 0
1226.25 0
1226.89 0
1227.53 0
1228.17 0
1228.81 0
1229.45 0
1230.09 0
1230.73 0
1231.37 0
1232.01 0
1232.65 0
1233.29 0
1233.93 0
1234.57 0
1235.21 0
1235.85 0
1236.49 0
1237.13 0
1237.77 0
1238.41 0
1239.05 0
1239.69 0
1240.33 0
1240.97 0
1241.61 0
1242.25 0
1242.89 0
1243.53 0
1244.17 0
1244.81 0
1245.45 0
1246.09 0
1246.73 0
1247.37 0
1248.01 0
1248.65 0
1249.29 0
1249.93 0
1250.57 0
1251.21 0
1251.85 0
1252.49 0
1253.13 0
1253.77 0
1254.41 0
1255.05 0
1255.69 0
1256.33 0
1256.97 0
1257.61 0
1258.25 0
1258.89 0
1259.53 0
1260.17 0
1260.81 0
1261.45 0
1262.09 0
1262.73 0
1263.37 0
1264.01 0
1264.65 0
1265.29 0
1265.93 0
1266.57 0
1267.21 0
1267.85 0
1268.49 0
1269.13 0
1269.77 0
1270.41 0
1271.05 0
1271.69 0
1272.33 0
1272.97 0
1273.61 0
1274.25 0
1274.89 0
1275.53 0
1276.17 0
1276.81 0
1277.45 0
1278.09 0
1278.73 0
1279.37 0
1280.01 0
1280.65 0
1281.29 0
1281.93 0
1282.57 0
1283.21 0
1283.85 0
1284.49 0
1285.13 0
1285.77 0
1286.41 0
1287.05 0
1287.69 0
1288.33 0
1288.97 0
1289.61 0
1290.25 0
1290.89 0
1291.53 0
1292.17 0
1292.81 0
1293.45 0
1294.09 0
1294.73 0
1295.37 0
1296.01 0
1296.65 0
1297.29 0
1297.93 0
1298.57 0
1299.21 0
1299.85 0
1300.49 0
1301.13 0
1301.77 0
1302.41 0
1303.05 0
1303.69 0
1304.33 0
1304.97 0
1305.61 0
1306.25 0
1306.89 0
1307.53 0
1308.17 0
1308.81 0
1309.45 0
1310.09 0
1310.73 0
1311.37 0
1312.01 0
1312.65 0
1313.29 0
1313.93 0
1314.57 0
1315.21 0
1315.85 0
1316.49 0
1317.13 0
1317.77 0
1318.41 0
1319.05 0
1319.69 0
1320.33 0
1320.97 0
1321.61 0
1322.25 0
1322.89 0
1323.53 0
1324.17 0
1324.81 0
1325.45 0
1326.09 0
1326.73 0
1327.37 0
1328.01 0
1328.65 0
1329.29 0
1329.93 0
1330.57 0
1331.21 0
1331.85 0
1332.49 0
1333.13 0
1333.77 0
1334.41 0
1335.05 0
1335.69 0
1336.33 0
1336.97 0
1337.61 0
1338.25 0
1338.89 0
1339.53 0
1340.17 0
1340.81 0
1341.45 0
1342.09 0
1342.73 0
1343.37 0
1344.01 0
1344.65 0
1345.29 0
1345.93 0
1346.57 0
1347.21 0
1347.85 0
1348.49 0
1349.13 0
1349.77 0
1350.41 0
1351.05 0
1351.69 0
1352.33 0
1352.97 0
1353.61 0
1354.25 0
1354.89 0
1355.53 0
1356.17 0
1356.81 0
1357.45 0
1358.09 0
1358.73 0
1359.37 0
1360.01 0
1360.65 0
1361.29 0
1361.93 0
1362.57 0
1363.21 0
1363.85 0
1364.49 0
1365.13 0
1365.77 0
1366.41 0
1367.05 0
1367.69 0
1368.33 0
1368.97 0
1369.61 0
1370.25 0
1370.89 0
1371.53 0
1372.17 0
1372.81 0
1373.45 0
1374.09 0
1374.73 0
1375.37 0
1376.01 0
1376.65 0
1377.29 0
1377.93 0
1378.57 0
1379.21 0
1379.85 0
1380.49 0
1381.13 0
1381.77 0
1382.41 0
1383.05 0
1383.69 0
1384.33 0
1384.97 0
1385.61 0
1386.25 0
1386.89 0
1387.53 0
1388.17 0
1388.81 0
1389.45 0
1390.09 0
1390.73 0
1391.37 0
1392.01 0
1392.65 0
1393.29 0
1393.93 0
1394.57 0
1395.21 0
1395.85 0
1396.49 0
1397.13 0
1397.77 0
1398.41 0
1399.05 0
1399.69 0
1400.33 0
1400.97 0
1401.61 0
1402.25 0
1402.89 0
1403.53 0
1404.17 0
1404.81 0
1405.45 0
1406.09 0
1406.73 0
1407.37 0
1408.01 0
1408.65 0
1409.29 0
1409.93 0
1410.57 0
1411.21 0
1411.85 0
1412.49 0
1413.13 0
1413.77 0
1414.41 0
1415.05 0
1415.69 0
1416.33 0
1416.97 0
1417.61 0
1418.25 0
1418.89 0
1419.53 0
1420.17 0
1420.81 0
1421.45 0
1422.09 0
1422.73 0
1423.37 0
1424.01 0
1424.65 0
1425.29 0
1425.93 0
1426.57 0
1427.21 0
1427.85 0
1428.49 0
1429.13 0
1429.77 0
1430.41 0
1431.05 0
1431.69 0
1432.33 0
1432.97 0
1433.61 0
1434.25 0
1434.89 0
1435.53 0
1436.17 0
1436.81 0
1437.45 0
1438.09 0
1438.73 0
1439.37 0
1440.01 0
1440.65 0
1441.29 0
1441.93 0
1442.57 0
1443.21 0
1443.85 0
1444.49 0
1445.13 0
1445.77 0
1446.41 0
1447.05 0
1447.69 0
1448.33 0
1448.97 0
1449.61 0
1450.25 0
1450.89 0
1451.53 0
1452.17 0
1452.81 0
1453.45 0
1454.09 0
1454.73 0
1455.37 0
1456.01 0
1456.65 0
1457.29 0
1457.93 0
1458.57 0
1459.21 0
1459.85 0
1460.49 0
1461.13 0
1461.77 0
1462.41 0
1463.05 0
1463.69 0
1464.33 0
1464.97 0
1465.61 0
1466.25 0
1466.89 0
1467.53 0
1468.17 0
1468.81 0
1469.45 0
1470.09 0
1470.73 0
1471.37 0
1472.01 0
1472.65 0
1473.29 0
1473.93 0
1474.57 0
1475.21 0
1475.85 0
1476.49 0
1477.13 0
1477.77 0
1478.41 0
1479.05 0
1479.69 0
1480.33 0
1480.97 0
1481.61 0
1482.25 0
1482.89 0
1483.53 0
1484.17 0
1484.81 0
1485.45 0
1486.09 0
1486.73 0
1487.37 0
1488.01 0
1488.65 0
1489.29 0
1489.93 0
1490.57 0
1491.21 0
1491.85 0
1492.49 0
1493.13 0
1493.77 0
1494.41 0
1495.05 0
1495.69 0
1496.33 0
1496.97 0
1497.61 0
1498.25 0
1498.89 0
1499.53 0
1500.17 0
1500.81 0
1501.45 0
1502.09 0
1502.73 0
1503.37 0
1504.01 0
1504.65 0
1505.29 0
1505.93 0
1506.57 0
1507.21 0
1507.85 0
1508.49 0
1509.13 0
1509.77 0
1510.41 0
1511.05 0
1511.69 0
1512.33 0
1512.97 0
1513.61 0
1514.25 0
1514.89 0
1515.53 0
1516.17 0
1516.81 0
1517.45 0
1518.09 0
1518.73 0
1519.37 0
1520.01 0
1520.65 0
1521.29 0
1521.93 0
1522.57 0
1523.21 0
1523.85 0
1524.49 0
1525.13 0
1525.77 0
1526.41 0
1527.05 0
1527.69 0
1528.33 0
1528.97 0
1529.61 0
1530.25 0
1530.89 0
1531.53 0
1532.17 0
1532.81 0
1533.45 0
1534.09 0
1534.73 0
1535.37 0
1536.01 0
1536.65 0
1537.29 0
1537.93 0
1538.57 0
1539.21 0
1539.85 0
1540.49 0
1541.13 0
1541.77 0
1542.41 0
1543.05 0
1543.69 0
1544.33 0
1544.97 0
1545.61 0
1546.25 0
1546.89 0
1547.53 0
1548.17 0
1548.81 0
1549.45 0
1550.09 0
1550.73 0
1551.38 0
1552.02 0
1552.66 0
1553.3 0
1553.94 0
1554.58 0
1555.22 0
1555.86 0
1556.5 0
1557.14 0
1557.78 0
1558.42 0
1559.06 0
1559.7 0
1560.34 0
1560.98 0
1561.62 0
1562.26 0
1562.9 0
1563.54 0
1564.18 0
1564.82 0
1565.46 0
1566.1 0
1566.74 0
1567.38 0
1568.02 0
1568.66 0
1569.3 0
1569.94 0
1570.58 0
1571.22 0
1571.86 0
1572.5 0
1573.14 0
1573.78 0
1574.42 0
1575.06 0
1575.7 0
1576.34 0
1576.98 0
1577.62 0
1578.26 0
1578.9 0
1579.54 0
1580.18 0
1580.82 0
1581.46 0
1582.1 0
1582.74 0
1583.38 0
1584.02 0
1584.66 0
1585.3 0
1585.94 0
1586.58 0
1587.22 0
1587.86 0
1588.5 0
1589.14 0
1589.78 0
1590.42 0
1591.06 0
1591.7 0
1592.34 0
1592.98 0
1593.62 0
1594.26 0
1594.9 0
1595.54 0
1596.18 0
1596.82 0
1597.46 0
1598.1 0
1598.74 0
1599.38 0
1600.02 0
1600.66 0
1601.3 0
1601.94 0
1602.58 0
1603.22 0
1603.86 0
1604.5 0
1605.14 0
1605.78 0
1606.42 0
1607.06 0
1607.7 0
1608.34 0
1608.98 0
1609.62 0
1610.26 0
1610.9 0
1611.54 0
1612.18 0
1612.82 0
1613.46 0
1614.1 0
1614.74 0
1615.38 0
1616.02 0
1616.66 0
1617.3 0
1617.94 0
1618.58 0
1619.22 0
1619.86 0
1620.5 0
1621.14 0
1621.78 0
1622.42 0
1623.06 0
1623.7 0
1624.34 0
1624.98 0
1625.62 0
1626.26 0
1626.9 0
1627.54 0
1628.18 0
1628.82 0
1629.46 0
1630.1 0
1630.74 0
1631.38 0
1632.02 0
1632.66 0
1633.3 0
1633.94 0
1634.58 0
1635.22 0
1635.86 0
1636.5 0
1637.14 0
1637.78 0
1638.42 0
1639.06 0
1639.7 0
1640.34 0
1640.98 0
1641.62 0
1642.26 0
1642.9 0
1643.54 0
1644.18 0
1644.82 0
1645.46 0
1646.1 0
1646.74 0
1647.38 0
1648.02 0
1648.66 0
1649.3 0
1649.94 0
1650.58 0
1651.22 0
1651.86 0
1652.5 0
1653.14 0
1653.78 0
1654.42 0
1655.06 0
1655.7 0
1656.34 0
1656.98 0
1657.62 0
1658.26 0
1658.9 0
1659.54 0
1660.18 0
1660.82 0
1661.46 0
1662.1 0
1662.74 0
1663.38 0
1664.02 0
1664.66 0
1665.3 0
1665.94 0
1666.58 0
1667.22 0
1667.86 0
1668.5 0
1669.14 0
1669.78 0
1670.42 0
1671.06 0
1671.7 0
1672.34 0
1672.98 0
1673.62 0
1674.26 0
1674.9 0
1675.54 0
1676.18 0
1676.82 0
1677.46 0
1678.1 0
1678.74 0
1679.38 0
1680.02 0
1680.66 0
1681.3 0
1681.94 0
1682.58 0
1683.22 0
1683.86 0
1684.5 0
1685.14 0
1685.78 0
1686.42 0
1687.06 0
1687.7 0
1688.34 0
1688.98 0
1689.62 0
1690.26 0
1690.9 0
1691.54 0
1692.18 0
1692.82 0
1693.46 0
1694.1 0
1694.74 0
1695.38 0
1696.02 0
1696.66 0
1697.3 0
1697.94 0
1698.58 0
1699.22 0
1699.86 0
1700.5 0
1701.14 0
1701.78 0
1702.42 0
1703.06 0
1703.7 0
1704.34 0
1704.98 0
1705.62 0
1706.26 0
1706.9 0
1707.54 0
1708.18 0
1708.82 0
1709.46 0
1710.1 0
1710.74 0
1711.38 0
1712.02 0
1712.66 0
1713.3 0
1713.94 0
1714.58 0
1715.22 0
1715.86 0
1716.5 0
1717.14 0
1717.78 0
1718.42 0
1719.06 0
1719.7 0
1720.34 0
1720.98 0
1721.62 0
1722.26 0
1722.9 0
1723.54 0
1724.18 0
1724.82 0
1725.46 0
1726.1 0
1726.74 0
1727.38 0
1728.02 0
1728.66 0
1729.3 0
1729.94 0
1730.58 0
1731.22 0
1731.86 0
1732.5 0
1733.14 0
1733.78 0
1734.42 0
1735.06 0
1735.7 0
1736.34 0
1736.98 0
1737.62 0
1738.26 0
1738.9 0
1739.54 0
1740.18 0
1740.82 0
1741.46 0
1742.1 0
1742.74 0
1743.38 0
1744.02 0
1744.66 0
1745.3 0
1745.94 0
1746.58 0
1747.22 0
1747.86 0
1748.5 0
1749.14 0
1749.78 0
1750.42 0
1751.06 0
1751.7 0
1752.34 0
1752.98 0
1753.62 0
1754.26 0
1754.9 0
1755.54 0
1756.18 0
1756.82 0
1757.46 0
1758.1 0
1758.74 0
1759.38 0
1760.02 0
1760.66 0
1761.3 0
1761.94 0
1762.58 0
1763.22 0
1763.86 0
1764.5 0
1765.14 0
1765.78 0
1766.42 0
1767.06 0
1767.7 0
1768.34 0
1768.98 0
1769.62 0
1770.26 0
1770.9 0
1771.54 0
1772.18 0
1772.82 0
1773.46 0
1774.1 0
1774.74 0
1775.38 0
1776.02 0
1776.66 0
1777.3 0
1777.94 0
1778.58 0
1779.22 0
1779.86 0
1780.5 0
1781.14 0
1781.78 0
1782.42 0
1783.06 0
1783.7 0
1784.34 0
1784.98 0
1785.62 0
1786.26 0
1786.9 0
1787.54 0
1788.18 0
1788.82 0
1789.46 0
1790.1 0
1790.74 0
1791.38 0
1792.02 0
1792.66 0
1793.3 0
1793.94 0
1794.58 0
1795.22 0
1795.86 0
1796.5 0
1797.14 0
1797.78 0
1798.42 0
1799.06 0
1799.7 0
1800.34 0
1800.98 0
1801.62 0
1802.26 0
1802.9 0
1803.54 0
1804.18 0
1804.82 0
1805.46 0
1806.1 0
1806.74 0
1807.38 0
1808.02 0
1808.66 0
1809.3 0
1809.94 0
1810.58 0
1811.22 0
1811.86 0
1812.5 0
1813.14 0
1813.78 0
1814.42 0
1815.06 0
1815.7 0
1816.34 0
1816.98 0
1817.62 0
1818.26 0
1818.9 0
1819.54 0
1820.18 0
1820.82 0
1821.46 0
1822.1 0
1822.74 0
1823.38 0
1824.02 0
1824.66 0
1825.3 0
1825.94 0
1826.58 0
1827.22 0
1827.86 0
1828.5 0
1829.14 0
1829.78 0
1830.42 0
1831.06 0
1831.7 0
1832.34 0
1832.98 0
1833.62 0
1834.26 0
1834.9 0
1835.54 0
1836.18 0
1836.82 0
1837.46 0
1838.1 0
1838.74 0
1839.38 0
1840.02 0
1840.66 0
1841.3 0
1841.94 0
1842.58 0
1843.22 0
1843.86 0
1844.5 0
1845.14 0
1845.78 0
1846.42 0
1847.06 0
1847.7 0
1848.34 0
1848.98 0
1849.62 0
1850.26 0
1850.9 0
1851.54 0
1852.18 0
1852.82 0
1853.46 0
1854.1 0
1854.74 0
1855.38 0
1856.02 0
1856.66 0
1857.3 0
1857.94 0
1858.58 0
1859.22 0
1859.86 0
1860.5 0
1861.14 0
1861.78 0
1862.42 0
1863.06 0
1863.7 0
1864.34 0
1864.98 0
1865.62 0
1866.26 0
1866.9 0
1867.54 0
1868.18 0
1868.82 0
1869.46 0
1870.1 0
1870.74 0
1871.38 0
1872.02 0
1872.66 0
1873.3 0
1873.94 0
1874.58 0
1875.22 0
1875.86 0
1876.5 0
1877.14 0
1877.78 0
1878.42 0
1879.06 0
1879.7 0
1880.34 0
1880.98 0
1881.62 0
1882.26 0
1882.9 0
1883.54 0
1884.18 0
1884.82 0
1885.46 0
1886.1 0
1886.74 0
1887.38 0
1888.02 0
1888.66 0
1889.3 0
1889.94 0
1890.58 0
1891.22 0
1891.86 0
1892.5 0
1893.14 0
1893.78 0
1894.42 0
1895.06 0
1895.7 0
1896.34 0
1896.98 0
1897.62 0
1898.26 0
1898.9 0
1899.54 0
1900.18 0
1900.82 0
1901.46 0
1902.1 0
1902.74 0
1903.38 0
1904.02 0
1904.66 0
1905.3 0
1905.94 0
1906.58 0
1907.22 0
1907.86 0
1908.5 0
1909.14 0
1909.78 0
1910.42 0
1911.06 0
1911.7 0
1912.34 0
1912.98 0
1913.62 0
1914.26 0
1914.9 0
1915.54 0
1916.18 0
1916.82 0
1917.46 0
1918.1 0
1918.74 0
1919.38 0
1920.02 0
1920.66 0
1921.3 0
1921.94 0
1922.58 0
1923.22 0
1923.86 0
1924.5 0
1925.14 0
1925.78 0
1926.42 0
1927.06 0
1927.7 0
1928.34 0
1928.98 0
1929.62 0
1930.26 0
1930.9 0
1931.54 0
1932.18 0
1932.82 0
1933.46 0
1934.1 0
1934.74 0
1935.38 0
1936.02 0
1936.66 0
1937.3 0
1937.94 0
1938.58 0
1939.22 0
1939.86 0
1940.5 0
1941.14 0
1941.78 0
1942.42 0
1943.06 0
1943.7 0
1944.34 0
1944.98 0
1945.62 0
1946.26 0
1946.9 0
1947.54 0
1948.18 0
1948.82 0
1949.46 0
1950.1 0
1950.74 0
1951.38 0
1952.02 0
1952.66 0
1953.3 0
1953.94 0
1954.58 0
1955.22 0
1955.86 0
1956.5 0
1957.14 0
1957.78 0
1958.42 0
1959.06 0
1959.7 0
1960.34 0
1960.98 0
1961.62 0
1962.26 0
1962.9 0
1963.54 0
1964.18 0
1964.82 0
1965.46 0
1966.1 0
1966.74 0
1967.38 0
1968.02 0
1968.66 0
1969.3 0
1969.94 0
1970.58 0
1971.22 0
1971.86 0
1972.5 0
1973.14 0
1973.78 0
1974.42 0
1975.06 0
1975.7 0
1976.34 0
1976.98 0
1977.62 0
1978.26 0
1978.9 0
1979.54 0
1980.18 0
1980.82 0
1981.46 0
1982.1 0
1982.74 0
1983.38 0
1984.02 0
1984.66 0
1985.3 0
1985.94 0
1986.58 0
1987.22 0
1987.86 0
1988.5 0
1989.14 0
1989.78 0
1990.42 0
1991.06 0
1991.7 0
1992.34 0
1992.98 0
1993.62 0
1994.26 0
1994.9 0
1995.54 0
1996.18 0
1996.82 0
1997.46 0
1998.1 0
1998.74 0
1999.38 0
2000.02 0
2000.66 0
2001.3 0
2001.94 0
2002.58 0
2003.22 0
2003.86 0
2004.5 0
2005.14 0
2005.78 0
2006.42 0
2007.06 0
2007.7 0
2008.34 0
2008.98 0
2009.62 0
2010.26 0
2010.9 0
2011.54 0
2012.18 0
2012.82 0
2013.46 0
2014.1 0
2014.74 0
2015.38 0
2016.02 0
2016.66 0
2017.3 0
2017.94 0
2018.58 0
2019.22 0
2019.86 0
2020.5 0
2021.14 0
2021.78 0
2022.42 0
2023.06 0
2023.7 0
2024.34 0
2024.98 0
2025.62 0
2026.26 0
2026.9 0
2027.54 0
2028.18 0
2028.82 0
2029.46 0
2030.1 0
2030.74 0
2031.38 0
2032.02 0
2032.66 0
2033.3 0
2033.94 0
2034.58 0
2035.22 0
2035.86 0
2036.5 0
2037.14 0
2037.78 0
2038.42 0
2039.06 0
2039.7 0
2040.34 0
2040.98 0
2041.62 0
2042.26 0
2042.9 0
2043.54 0
2044.18 0
2044.82 0
2045.46 0
2046.1 0
2046.74 0
2047.38 0
2048.02 0
2048.66 0
2049.3 0
2049.94 0
2050.58 0
2051.22 0
2051.86 0
2052.5 0
2053.14 0
2053.78 0
2054.42 0
2055.06 0
2055.7 0
2056.34 0
2056.98 0
2057.62 0
2058.26 0
2058.9 0
2059.54 0
2060.18 0
2060.82 0
2061.46 0
2062.1 0
2062.74 0
2063.38 0
2064.02 0
2064.66 0
2065.3 0
2065.94 0
2066.58 0
2067.22 0
2067.86 0
2068.5 0
2069.14 0
2069.78 0
2070.42 0
2071.06 0
2071.7 0
2072.34 0
2072.98 0
2073.62 0
2074.26 0
2074.9 0
2075.54 0
2076.18 0
2076.82 0
2077.46 0
2078.1 0
2078.74 0
2079.38 0
2080.02 0
2080.66 0
2081.3 0
2081.94 0
2082.58 0
2083.22 0
2083.86 0
2084.5 0
2085.14 0
2085.78 0
2086.42 0
2087.06 0
2087.7 0
2088.34 0
2088.98 0
2089.62 0
2090.26 0
2090.9 0
2091.54 0
2092.18 0
2092.82 0
2093.46 0
2094.1 0
2094.74 0
2095.38 0
2096.02 0
2096.66 0
2097.3 0
2097.94 0
2098.58 0
2099.22 0
2099.86 0
2100.5 0
2101.14 0
2101.78 0
2102.42 0
2103.06 0
2103.7 0
2104.34 0
2104.98 0
2105.62 0
2106.26 0
2106.9 0
2107.54 0
2108.18 0
2108.82 0
2109.46 0
2110.1 0
2110.74 0
2111.38 0
2112.02 0
2112.66 0
2113.3 0
2113.94 0
2114.58 0
2115.22 0
2115.86 0
2116.5 0
2117.14 0
2117.78 0
2118.42 0
2119.06 0
2119.7 0
2120.34 0
2120.98 0
2121.62 0
2122.26 0
2122.9 0
2123.54 0
2124.18 0
2124.82 0
2125.46 0
2126.1 0
2126.74 0
2127.38 0
2128.02 0
2128.66 0
2129.3 0
2129.94 0
2130.58 0
2131.22 0
2131.86 0
2132.5 0
2133.14 0
2133.79 0
2134.43 0
2135.07 0
2135.71 0
2136.35 0
2136.99 0
2137.63 0
2138.27 0
2138.91 0
2139.55 0
2140.19 0
2140.83 0
2141.47 0
2142.11 0
2142.75 0
2143.39 0
2144.03 0
2144.67 0
2145.31 0
2145.95 0
2146.59 0
2147.23 0
2147.87 0
2148.51 0
2149.15 0
2149.79 0
2150.43 0
2151.07 0
2151.71 0
2152.35 0
2152.99 0
2153.63 0
2154.27 0
2154.91 0
2155.55 0
2156.19 0
2156.83 0
2157.47 0
2158.11 0
2158.75 0
2159.39 0
2160.03 0
2160.67 0
2161.31 0
2161.95 0
2162.59 0
2163.23 0
2163.87 0
2164.51 0
2165.15 0
2165.79 0
2166.43 0
2167.07 0
2167.71 0
2168.35 0
2168.99 0
2169.63 0
2170.27 0
2170.91 0
2171.55 0
2172.19 0
2172.83 0
2173.47 0
2174.11 0
2174.75 0
2175.39 0
2176.03 0
2176.67 0
2177.31 0
2177.95 0
2178.59 0
2179.23 0
2179.87 0
2180.51 0
2181.15 0
2181.79 0
2182.43 0
2183.07 0
2183.71 0
2184.35 0
2184.99 0
2185.63 0
2186.27 0
2186.91 0
2187.55 0
2188.19 0
2188.83 0
2189.47 0
2190.11 0
2190.75 0
2191.39 0
2192.03 0
2192.67 0
2193.31 0
2193.95 0
2194.59 0
2195.23 0
2195.87 0
2196.51 0
2197.15 0
2197.79 0
2198.43 0
2199.07 0
2199.71 0
2200.35 0
2200.99 0
2201.63 0
2202.27 0
2202.91 0
2203.55 0
2204.19 0
2204.83 0
2205.47 0
2206.11 0
2206.75 0
2207.39 0
2208.03 0
2208.67 0
2209.31 0
2209.95 0
2210.59 0
2211.23 0
2211.87 0
2212.51 0
2213.15 0
2213.79 0
2214.43 0
2215.07 0
2215.71 0
2216.35 0
2216.99 0
2217.63 0
2218.27 0
2218.91 0
2219.55 0
2220.19 0
2220.83 0
2221.47 0
2222.11 0
2222.75 0
2223.39 0
2224.03 0
2224.67 0
2225.31 0
2225.95 0
2226.59 0
2227.23 0
2227.87 0
2228.51 0
2229.15 0
2229.79 0
2230.43 0
2231.07 0
2231.71 0
2232.35 0
2232.99 0
2233.63 0
2234.27 0
2234.91 0
2235.55 0
2236.19 0
2236.83 0
2237.47 0
2238.11 0
2238.75 0
2239.39 0
2240.03 0
2240.67 0
2241.31 0
2241.95 0
2242.59 0
2243.23 0
2243.87 0
2244.51 0
2245.15 0
2245.79 0
2246.43 0
2247.07 0
2247.71 0
2248.35 0
2248.99 0
2249.63 0
2250.27 0
2250.91 0
2251.55 0
2252.19 0
2252.83 0
2253.47 0
2254.11 0
2254.75 0
2255.39 0
2256.03 0
2256.67 0
2257.31 0
2257.95 0
2258.59 0
2259.23 0
2259.87 0
2260.51 0
2261.15 0
2261.79 0
2262.43 0
2263.07 0
2263.71 0
2264.35 0
2264.99 0
2265.63 0
2266.27 0
2266.91 0
2267.55 0
2268.19 0
2268.83 0
2269.47 0
2270.11 0
2270.75 0
2271.39 0
2272.03 0
2272.67 0
2273.31 0
2273.95 0
2274.59 0
2275.23 0
2275.87 0
2276.51 0
2277.15 0
2277.79 0
2278.43 0
2279.07 0
2279.71 0
2280.35 0
2280.99 0
2281.63 0
2282.27 0
2282.91 0
2283.55 0
2284.19 0
2284.83 0
2285.47 0
2286.11 0
2286.75 0
2287.39 0
2288.03 0
2288.67 0
2289.31 0
2289.95 0
2290.59 0
2291.23 0
2291.87 0
2292.51 0
2293.15 0
2293.79 0
2294.43 0
2295.07 0
2295.71 0
2296.35 0
2296.99 0
2297.63 0
2298.27 0
2298.91 0
2299.55 0
2300.19 0
2300.83 0
2301.47 0
2302.11 0
2302.75 0
2303.39 0
2304.03 0
2304.67 0
2305.31 0
2305.95 0
2306.59 0
2307.23 0
2307.87 0
2308.51 0
2309.15 0
2309.79 0
2310.43 0
2311.07 0
2311.71 0
2312.35 0
2312.99 0
2313.63 0
2314.27 0
2314.91 0
2315.55 0
2316.19 0
2316.83 0
2317.47 0
2318.11 0
2318.75 0
2319.39 0
2320.03 0
2320.67 0
2321.31 0
2321.95 0
2322.59 0
2323.23 0
2323.87 0
2324.51 0
2325.15 0
2325.79 0
2326.43 0
2327.07 0
2327.71 0
2328.35 0
2328.99 0
2329.63 0
2330.27 0
2330.91 0
2331.55 0
2332.19 0
2332.83 0
2333.47 0
2334.11 0
2334.75 0
2335.39 0
2336.03 0
2336.67 0
2337.31 0
2337.95 0
2338.59 0
2339.23 0
2339.87 0
2340.51 0
2341.15 0
2341.79 0
2342.43 0
2343.07 0
2343.71 0
2344.35 0
2344.99 0
2345.63 0
2346.27 0
2346.91 0
2347.55 0
2348.19 0
2348.83 0
2349.47 0
2350.11 0
2350.75 0
2351.39 0
2352.03 0
2352.67 0
2353.31 0
2353.95 0
2354.59 0
2355.23 0
2355.87 0
2356.51 0
2357.15 0
2357.79 0
2358.43 0
2359.07 0
2359.71 0
2360.35 0
2360.99 0
2361.63 0
2362.27 0
2362.91 0
2363.55 0
2364.19 0
2364.83 0
2365.47 0
2366.11 0
2366.75 0
2367.39 0
2368.03 0
2368.67 0
2369.31 0
2369.95 0
2370.59 0
2371.23 0
2371.87 0
2372.51 0
2373.15 0
2373.79 0
2374.43 0
2375.07 0
2375.71 0
2376.35 0
2376.99 0
2377.63 0
2378.27 0
2378.91 0
2379.55 0
2380.19 0
2380.83 0
2381.47 0
2382.11 0
2382.75 0
2383.39 0
2384.03 0
2384.67 0
2385.31 0
2385.95 0
2386.59 0
2387.23 0
2387.87 0
2388.51 0
2389.15 0
2389.79 0
2390.43 0
2391.07 0
2391.71 0
2392.35 0
2392.99 0
2393.63 0
2394.27 0
2394.91 0
2395.55 0
2396.19 0
2396.83 0
2397.47 0
2398.11 0
2398.75 0
2399.39 0
2400.03 0
2400.67 0
2401.31 0
2401.95 0
2402.59 0
2403.23 0
2403.87 0
2404.51 0
2405.15 0
2405.79 0
2406.43 0
2407.07 0
2407.71 0
2408.35 0
2408.99 0
2409.63 0
2410.27 0
2410.91 0
2411.55 0
2412.19 0
2412.83 0
2413.47 0
2414.11 0
2414.75 0
2415.39 0
2416.03 0
2416.67 0
2417.31 0
2417.95 0
2418.59 0
2419.23 0
2419.87 0
2420.51 0
2421.15 0
2421.79 0
2422.43 0
2423.07 0
2423.71 0
2424.35 0
2424.99 0
2425.63 0
2426.27 0
2426.91 0
2427.55 0
2428.19 0
2428.83 0
2429.47 0
2430.11 0
2430.75 0
2431.39 0
2432.03 0
2432.67 0
2433.31 0
2433.95 0
2434.59 0
2435.23 0
2435.87 0
2436.51 0
2437.15 0
2437.79 0
2438.43 0
2439.07 0
2439.71 0
2440.35 0
2440.99 0
2441.63 0
2442.27 0
2442.91 0
2443.55 0
2444.19 0
2444.83 0
2445.47 0
2446.11 0
2446.75 0
2447.39 0
2448.03 0
2448.67 0
2449.31 0
2449.95 0
2450.59 0
2451.23 0
2451.87 0
2452.51 0
2453.15 0
2453.79 0
2454.43 0
2455.07 0
2455.71 0
2456.35 0
2456.99 0
2457.63 0
2458.27 0
2458.91 0
2459.55 0
2460.19 0
2460.83 0
2461.47 0
2462.11 0
2462.75 0
2463.39 0
2464.03 0
2464.67 0
2465.31 0
2465.95 0
2466.59 0
2467.23 0
2467.87 0
2468.51 0
2469.15 0
2469.79 0
2470.43 0
2471.07 0
2471.71 0
2472.35 0
2472.99 0
2473.63 0
2474.27 0
2474.91 0
2475.55 0
2476.19 0
2476.83 0
2477.47 0
2478.11 0
2478.75 0
2479.39 0
2480.03 0
2480.67 0
2481.31 0
2481.95 0
2482.59 0
2483.23 0
2483.87 0
2484.51 0
2485.15 0
2485.79 0
2486.43 0
2487.07 0
2487.71 0
2488.35 0
2488.99 0
2489.63 0
2490.27 0
2490.91 0
2491.55 0
2492.19 0
2492.83 0
2493.47 0
2494.11 0
2494.75 0
2495.39 0
2496.03 0
2496.67 0
2497.31 0
2497.95 0
2498.59 0
2499.23 0
2499.87 0
2500.51 0
2501.15 0
2501.79 0
2502.43 0
2503.07 0
2503.71 0
2504.35 0
2504.99 0
2505.63 0
2506.27 0
2506.91 0
2507.55 0
2508.19 0
2508.83 0
2509.47 0
2510.11 0
2510.75 0
2511.39 0
2512.03 0
2512.67 0
2513.31 0
2513.95 0
2514.59 0
2515.23 0
2515.87 0
2516.51 0
2517.15 0
2517.79 0
2518.43 0
2519.07 0
2519.71 0
2520.35 0
2520.99 0
2521.63 0
2522.27 0
2522.91 0
2523.55 0
2524.19 0
2524.83 0
2525.47 0
2526.11 0
2526.75 0
2527.39 0
2528.03 0
2528.67 0
2529.31 0
2529.95 0
2530.59 0
2531.23 0
2531.87 0
2532.51 0
2533.15 0
2533.79 0
2534.43 0
2535.07 0
2535.71 0
2536.35 0
2536.99 0
2537.63 0
2538.27 0
2538.91 0
2539.55 0
2540.19 0
2540.83 0
2541.47 0
2542.11 0
2542.75 0
2543.39 0
2544.03 0
2544.67 0
2545.31 0
2545.95 0
2546.59 0
2547.23 0
2547.87 0
2548.51 0
2549.15 0
2549.79 0
2550.43 0
2551.07 0
2551.71 0
2552.35 0
2552.99 0
2553.63 0
2554.27 0
2554.91 0
2555.55 0
2556.19 0
2556.83 0
2557.47 0
2558.11 0
2558.75 0
2559.39 0
2560.03 0
2560.67 0
2561.31 0
2561.95 0
2562.59 0
2563.23 0
2563.87 0
2564.51 0
2565.15 0
2565.79 0
2566.43 0
2567.07 0
2567.71 0
2568.35 0
2568.99 0
2569.63 0
2570.27 0
2570.91 0
2571.55 0
2572.19 0
2572.83 0
2573.47 0
2574.11 0
2574.75 0
2575.39 0
2576.03 0
2576.67 0
2577.31 0
2577.95 0
2578.59 0
2579.23 0
2579.87 0
2580.51 0
2581.15 0
2581.79 0
2582.43 0
2583.07 0
2583.71 0
2584.35 0
2584.99 0
2585.63 0
2586.27 0
2586.91 0
2587.55 0
2588.19 0
2588.83 0
2589.47 0
2590.11 0
2590.75 0
2591.39 0
2592.03 0
2592.67 0
2593.31 0
2593.95 0
2594.59 0
2595.23 0
2595.87 0
2596.51 0
2597.15 0
2597.79 0
2598.43 0
2599.07 0
2599.71 0
2600.35 0
2600.99 0
2601.63 0
2602.27 0
2602.91 0
2603.55 0
2604.19 0
2604.83 0
2605.47 0
2606.11 0
2606.75 0
2607.39 0
2608.03 0
2608.67 0
2609.31 0
2609.95 0
2610.59 0
2611.23 0
2611.87 0
2612.51 0
2613.15 0
2613.79 0
2614.43 0
2615.07 0
2615.71 0
2616.35 0
2616.99 0
2617.63 0
2618.27 0
2618.91 0
2619.55 0
2620.19 0
2620.83 0
2621.47 0
2622.11 0
2622.75 0
2623.39 0
2624.03 0
2624.67 0
2625.31 0
2625.95 0
2626.59 0
2627.23 0
2627.87 0
2628.51 0
2629.15 0
2629.79 0
2630.43 0
2631.07 0
2631.71 0
2632.35 0
2632.99 0
2633.63 0
2634.27 0
2634.91 0
2635.55 0
2636.19 0
2636.83 0
2637.47 0
2638.11 0
2638.75 0
2639.39 0
2640.03 0
2640.67 0
2641.31 0
2641.95 0
2642.59 0
2643.23 0
2643.87 0
2644.51 0
2645.15 0
2645.79 0
2646.43 0
2647.07 0
2647.71 0
2648.35 0
2648.99 0
2649.63 0
2650.27 0
2650.91 0
2651.55 0
2652.19 0
2652.83 0
2653.47 0
2654.11 0
2654.75 0
2655.39 0
2656.03 0
2656.67 0
2657.31 0
2657.95 0
2658.59 0
2659.23 0
2659.87 0
2660.51 0
2661.15 0
2661.79 0
2662.43 0
2663.07 0
2663.71 0
2664.35 0
2664.99 0
2665.63 0
2666.27 0
2666.91 0
2667.55 0
2668.19 0
2668.83 0
2669.47 0
2670.11 0
2670.75 0
2671.39 0
2672.03 0
2672.67 0
2673.31 0
2673.95 0
2674.59 0
2675.23 0
2675.87 0
2676.51 0
2677.15 0
2677.79 0
2678.43 0
2679.07 0
2679.71 0
2680.35 0
2680.99 0
2681.63 0
2682.27 0
2682.91 0
2683.55 0
2684.19 0
2684.83 0
2685.47 0
2686.11 0
2686.75 0
2687.39 0
2688.03 0
2688.67 0
2689.31 0
2689.95 0
2690.59 0
2691.23 0
2691.87 0
2692.51 0
2693.15 0
2693.79 0
2694.43 0
2695.07 0
2695.71 0
2696.35 0
2696.99 0
2697.63 0
2698.27 0
2698.91 0
2699.55 0
2700.19 0
2700.83 0
2701.47 0
2702.11 0
2702.75 0
2703.39 0
2704.03 0
2704.67 0
2705.31 0
2705.95 0
2706.59 0
2707.23 0
2707.87 0
2708.51 0
2709.15 0
2709.79 0
2710.43 0
2711.07 0
2711.71 0
2712.35 0
2712.99 0
2713.63 0
2714.27 0
2714.91 0
2715.55 0
2716.2 0
2716.84 0
2717.48 0
2718.12 0
2718.76 0
2719.4 0
2720.04 0
2720.68 0
2721.32 0
2721.96 0
2722.6 0
2723.24 0
2723.88 0
2724.52 0
2725.16 0
2725.8 0
2726.44 0
2727.08 0
2727.72 0
2728.36 0
2729 0
2729.64 0
2730.28 0
2730.92 0
2731.56 0
2732.2 0
2732.84 0
2733.48 0
2734.12 0
2734.76 0
2735.4 0
2736.04 0
2736.68 0
2737.32 0
2737.96 0
2738.6 0
2739.24 0
2739.88 0
2740.52 0
2741.16 0
2741.8 0
2742.44 0
2743.08 0
2743.72 0
2744.36 0
2745 0
2745.64 0
2746.28 0
2746.92 0
2747.56 0
2748.2 0
2748.84 0
2749.48 0
2750.12 0
2750.76 0
2751.4 0
2752.04 0
2752.68 0
2753.32 0
2753.96 0
2754.6 0
2755.24 0
2755.88 0
2756.52 0
2757.16 0
2757.8 0
2758.44 0
2759.08 0
2759.72 0
2760.36 0
2761 0
2761.64 0
2762.28 0
2762.92 0
2763.56 0
2764.2 0
2764.84 0
2765.48 0
2766.12 0
2766.76 0
2767.4 0
2768.04 0
2768.68 0
2769.32 0
2769.96 0
2770.6 0
2771.24 0
2771.88 0
2772.52 0
2773.16 0
2773.8 0
2774.44 0
2775.08 0
2775.72 0
2776.36 0
2777 0
2777.64 0
2778.28 0
2778.92 0
2779.56 0
2780.2 0
2780.84 0
2781.48 0
2782.12 0
2782.76 0
2783.4 0
2784.04 0
2784.68 0
2785.32 0
2785.96 0
2786.6 0
2787.24 0
2787.88 0
2788.52 0
2789.16 0
2789.8 0
2790.44 0
2791.08 0
2791.72 0
2792.36 0
2793 0
2793.64 0
2794.28 0
2794.92 0
2795.56 0
2796.2 0
2796.84 0
2797.48 0
2798.12 0
2798.76 0
2799.4 0
2800.04 0
2800.68 0
2801.32 0
2801.96 0
2802.6 0
2803.24 0
2803.88 0
2804.52 0
2805.16 0
2805.8 0
2806.44 0
2807.08 0
2807.72 0
2808.36 0
2809 0
2809.64 0
2810.28 0
2810.92 0
2811.56 0
2812.2 0
2812.84 0
2813.48 0
2814.12 0
2814.76 0
2815.4 0
2816.04 0
2816.68 0
2817.32 0
2817.96 0
2818.6 0
2819.24 0
2819.88 0
2820.52 0
2821.16 0
2821.8 0
2822.44 0
2823.08 0
2823.72 0
2824.36 0
2825 0
2825.64 0
2826.28 0
2826.92 0
2827.56 0
2828.2 0
2828.84 0
2829.48 0
2830.12 0
2830.76 0
2831.4 0
2832.04 0
2832.68 0
2833.32 0
2833.96 0
2834.6 0
2835.24 0
2835.88 0
2836.52 0
2837.16 0
2837.8 0
2838.44 0
2839.08 0
2839.72 0
2840.36 0
2841 0
2841.64 0
2842.28 0
2842.92 0
2843.56 0
2844.2 0
2844.84 0
2845.48 0
2846.12 0
2846.76 0
2847.4 0
2848.04 0
2848.68 0
2849.32 0
2849.96 0
2850.6 0
2851.24 0
2851.88 0
2852.52 0
2853.16 0
2853.8 0
2854.44 0
2855.08 0
2855.72 0
2856.36 0
2857 0
2857.64 0
2858.28 0
2858.92 0
2859.56 0
2860.2 0
2860.84 0
2861.48 0
2862.12 0
2862.76 0
2863.4 0
2864.04 0
2864.68 0
2865.32 0
2865.96 0
2866.6 0
2867.24 0
2867.88 0
2868.52 0
2869.16 0
2869.8 0
2870.44 0
2871.08 0
2871.72 0
2872.36 0
2873 0
2873.64 0
2874.28 0
2874.92 0
2875.56 0
2876.2 0
2876.84 0
2877.48 0
2878.12 0
2878.76 0
2879.4 0
2880.04 0
2880.68 0
2881.32 0
2881.96 0
2882.6 0
2883.24 0
2883.88 0
2884.52 0
2885.16 0
2885.8 0
2886.44 0
2887.08 0
2887.72 0
2888.36 0
2889 0
2889.64 0
2890.28 0
2890.92 0
2891.56 0
2892.2 0
2892.84 0
2893.48 0
2894.12 0
2894.76 0
2895.4 0
2896.04 0
2896.68 0
2897.32 0
2897.96 0
2898.6 0
2899.24 0
2899.88 0
2900.52 0
2901.16 0
2901.8 0
2902.44 0
2903.08 0
2903.72 0
2904.36 0
2905 0
2905.64 0
2906.28 0
2906.92 0
2907.56 0
2908.2 0
2908.84 0
2909.48 0
2910.12 0
2910.76 0
2911.4 0
2912.04 0
2912.68 0
2913.32 0
2913.96 0
2914.6 0
2915.24 0
2915.88 0
2916.52 0
2917.16 0
2917.8 0
2918.44 0
2919.08 0
2919.72 0
2920.36 0
2921 0
2921.64 0
2922.28 0
2922.92 0
2923.56 0
2924.2 0
2924.84 0
2925.48 0
2926.12 0
2926.76 0
2927.4 0
2928.04 0
2928.68 0
2929.32 0
2929.96 0
2930.6 0
2931.24 0
2931.88 0
2932.52 0
2933.16 0
2933.8 0
2934.44 0
2935.08 0
2935.72 0
2936.36 0
2937 0
2937.64 0
2938.28 0
2938.92 0
2939.56 0
2940.2 0
2940.84 0
2941.48 0
2942.12 0
2942.76 0
2943.4 0
2944.04 0
2944.68 0
2945.32 0
2945.96 0
2946.6 0
2947.24 0
2947.88 0
2948.52 0
2949.16 0
2949.8 0
2950.44 0
2951.08 0
2951.72 0
2952.36 0
2953 0
2953.64 0
2954.28 0
2954.92 0
2955.56 0
2956.2 0
2956.84 0
2957.48 0
2958.12 0
2958.76 0
2959.4 0
2960.04 0
2960.68 0
2961.32 0
2961.96 0
2962.6 0
2963.24 0
2963.88 0
2964.52 0
2965.16 0
2965.8 0
2966.44 0
2967.08 0
2967.72 0
2968.36 0
2969 0
2969.64 0
2970.28 0
2970.92 0
2971.56 0
2972.2 0
2972.84 0
2973.48 0
2974.12 0
2974.76 0
2975.4 0
2976.04 0
2976.68 0
2977.32 0
2977.96 0
2978.6 0
2979.24 0
2979.88 0
2980.52 0
2981.16 0
2981.8 0
2982.44 0
2983.08 0
2983.72 0
2984.36 0
2985 0
2985.64 0
2986.28 0
2986.92 0
2987.56 0
2988.2 0
2988.84 0
2989.48 0
2990.12 0
2990.76 0
2991.4 0
2992.04 0
2992.68 0
2993.32 0
2993.96 0
2994.6 0
2995.24 0
2995.88 0
2996.52 0
2997.16 0
2997.8 0
2998.44 0
2999.08 0
2999.72 0
3000.36 0
3001 0
3001.64 0
3002.28 0
3002.92 0
3003.56 0
3004.2 0
3004.84 0
3005.48 0
3006.12 0
3006.76 0
3007.4 0
3008.04 0
3008.68 0
3009.32 0
3009.96 0
3010.6 0
3011.24 0
3011.88 0
3012.52 0
3013.16 0
3013.8 0
3014.44 0
3015.08 0
3015.72 0
3016.36 0
3017 0
3017.64 0
3018.28 0
3018.92 0
3019.56 0
3020.2 0
3020.84 0
3021.48 0
3022.12 0
3022.76 0
3023.4 0
3024.04 0
3024.68 0
3025.32 0
3025.96 0
3026.6 0
3027.24 0
3027.88 0
3028.52 0
3029.16 0
3029.8 0
3030.44 0
3031.08 0
3031.72 0
3032.36 0
3033 0
3033.64 0
3034.28 0
3034.92 0
3035.56 0
3036.2 0
3036.84 0
3037.48 0
3038.12 0
3038.76 0
3039.4 0
3040.04 0
3040.68 0
3041.32 0
3041.96 0
3042.6 0
3043.24 0
3043.88 0
3044.52 0
3045.16 0
3045.8 0
3046.44 0
3047.08 0
3047.72 0
3048.36 0
3049 0
3049.64 0
3050.28 0
3050.92 0
3051.56 0
3052.2 0
3052.84 0
3053.48 0
3054.12 0
3054.76 0
3055.4 0
3056.04 0
3056.68 0
3057.32 0
3057.96 0
3058.6 0
3059.24 0
3059.88 0
3060.52 0
3061.16 0
3061.8 0
3062.44 0
3063.08 0
3063.72 0
3064.36 0
3065 0
3065.64 0
3066.28 0
3066.92 0
3067.56 0
3068.2 0
3068.84 0
3069.48 0
3070.12 0
3070.76 0
3071.4 0
3072.04 0
3072.68 0
3073.32 0
3073.96 0
3074.6 0
3075.24 0
3075.88 0
3076.52 0
3077.16 0
3077.8 0
3078.44 0
3079.08 0
3079.72 0
3080.36 0
3081 0
3081.64 0
3082.28 0
3082.92 0
3083.56 0
3084.2 0
3084.84 0
3085.48 0
3086.12 0
3086.76 0
3087.4 0
3088.04 0
3088.68 0
3089.32 0
3089.96 0
3090.6 0
3091.24 0
3091.88 0
3092.52 0
3093.16 0
3093.8 0
3094.44 0
3095.08 0
3095.72 0
3096.36 0
3097 0
3097.64 0
3098.28 0
3098.92 0
3099.56 0
3100.2 0
3100.84 0
3101.48 0
3102.12 0
3102.76 0
3103.4 0
3104.04 0
3104.68 0
3105.32 0
3105.96 0
3106.6 0
3107.24 0
3107.88 0
3108.52 0
3109.16 0
3109.8 0
3110.44 0
3111.08 0
3111.72 0
3112.36 0
3113 0
3113.64 0
3114.28 0
3114.92 0
3115.56 0
3116.2 0
3116.84 0
3117.48 0
3118.12 0
3118.76 0
3119.4 0
3120.04 0
3120.68 0
3121.32 0
3121.96 0
3122.6 0
3123.24 0
3123.88 0
3124.52 0
3125.16 0
3125.8 0
3126.44 0
3127.08 0
3127.72 0
3128.36 0
3129 0
3129.64 0
3130.28 0
3130.92 0
3131.56 0
3132.2 0
3132.84 0
3133.48 0
3134.12 0
3134.76 0
3135.4 0
3136.04 0
3136.68 0
3137.32 0
3137.96 0
3138.6 0
3139.24 0
3139.88 0
3140.52 0
3141.16 0
3141.8 0
3142.44 0
3143.08 0
3143.72 0
3144.36 0
3145 0
3145.64 0
3146.28 0
3146.92 0
3147.56 0
3148.2 0
3148.84 0
3149.48 0
3150.12 0
3150.76 0
3151.4 0
3152.04 0
3152.68 0
3153.32 0
3153.96 0
3154.6 0
3155.24 0
3155.88 0
3156.52 0
3157.16 0
3157.8 0
3158.44 0
3159.08 0
3159.72 0
3160.36 0
3161 0
3161.64 0
3162.28 0
3162.92 0
3163.56 0
3164.2 0
3164.84 0
3165.48 0
3166.12 0
3166.76 0
3167.4 0
3168.04 0
3168.68 0
3169.32 0
3169.96 0
3170.6 0
3171.24 0
3171.88 0
3172.52 0
3173.16 0
3173.8 0
3174.44 0
3175.08 0
3175.72 0
3176.36 0
3177 0
3177.64 0
3178.28 0
3178.92 0
3179.56 0
3180.2 0
3180.84 0
3181.48 0
3182.12 0
3182.76 0
3183.4 0
3184.04 0
3184.68 0
3185.32 0
3185.96 0
3186.6 0
3187.24 0
3187.88 0
3188.52 0
3189.16 0
3189.8 0
3190.44 0
3191.08 0
3191.72 0
3192.36 0
3193 0
3193.64 0
3194.28 0
3194.92 0
3195.56 0
3196.2 0
3196.84 0
3197.48 0
3198.12 0
3198.76 0
3199.4 0
3200.04 0
