29.9112 0
30.5447 0
31.1782 0
31.8116 0
32.4451 0
33.0786 0
33.712 0
34.3455 0
34.979 0
35.6124 0
36.2459 0
36.8794 0
37.5129 0
38.1463 0
38.7798 0
39.4133 0
40.0467 0
40.6802 0
41.3137 0
41.9471 453.27
42.5806 451.738
43.2141 453.67
43.8476 477.391
44.481 585.038
45.1145 874.937
45.748 1325.87
46.3815 1641.76
47.0149 1521.96
47.6484 1084.97
48.2819 692.111
48.9154 500.416
49.5488 442.652
50.1823 432.683
50.8158 443.108
51.4493 488.323
52.0827 586.431
52.7162 700.298
53.3497 735.895
53.9832 655.956
54.6167 534.881
55.2501 453.154
55.8836 420.183
56.5171 410.728
57.1506 407.643
57.7841 405.617
58.4175 0
59.051 0
59.6845 0
60.318 0
60.9515 0
61.585 0
62.2184 0
62.8519 0
63.4854 0
64.1189 0
64.7524 0
65.3859 0
66.0194 0
66.6528 0
67.2863 0
67.9198 0
68.5533 0
69.1868 0
69.8203 0
70.4538 0
71.0873 0
71.7207 0
72.3542 0
72.9877 0
73.6212 0
74.2547 0
74.8882 0
75.5217 0
76.1552 0
76.7887 0
77.4222 0
78.0557 0
78.6892 0
79.3226 0
79.9561 0
80.5896 0
81.2231 0
81.8566 0
82.4901 0
83.1236 0
83.7571 0
84.3906 0
85.0241 0
85.6576 0
86.2911 0
86.9246 0
87.5581 0
88.1916 0
88.8251 0
89.4586 0
90.0921 0
90.7256 0
91.3591 0
91.9926 0
92.6261 0
93.2596 0
93.8931 0
94.5266 0
95.1601 0
95.7936 0
96.4271 0
97.0606 0
97.6941 0
98.3276 0
98.9611 0
99.5946 0
100.228 0
100.862 0
101.495 0
102.129 0
102.762 0
103.396 0
104.029 0
104.663 0
105.296 0
105.93 0
106.563 0
107.197 0
107.83 0
108.464 0
109.097 0
109.731 0
110.364 0
110.998 0
111.631 0
112.265 0
112.898 0
113.532 0
114.165 0
114.799 0
115.432 0
116.066 0
116.699 0
117.333 0
117.966 0
118.6 0
119.233 0
119.867 0
120.501 0
121.134 0
121.768 0
122.401 0
123.035 0
123.668 0
124.302 0
124.935 0
125.569 0
126.202 0
126.836 0
127.469 0
128.103 0
128.736 0
129.37 0
130.003 0
130.637 0
131.27 0
131.904 0
132.537 0
133.171 0
133.804 0
134.438 0
135.071 0
135.705 0
136.339 0
136.972 0
137.606 0
138.239 0
138.873 0
139.506 0
140.14 0
140.773 0
141.407 0
142.04 0
142.674 0
143.307 0
143.941 0
144.574 0
145.208 0
145.841 0
146.475 0
147.109 0
147.742 0
148.376 0
149.009 0
149.643 0
150.276 0
150.91 0
151.543 0
152.177 0
152.81 0
153.444 0
154.077 0
154.711 0
155.344 0
155.978 0
156.612 0
157.245 0
157.879 0
158.512 0
159.146 0
159.779 0
160.413 0
161.046 0
161.68 0
162.313 0
162.947 0
163.58 0
164.214 0
164.848 0
165.481 0
166.115 0
166.748 0
167.382 0
168.015 0
168.649 0
169.282 0
169.916 0
170.549 0
171.183 0
171.817 0
172.45 0
173.084 0
173.717 0
174.351 0
174.984 0
175.618 0
176.251 0
176.885 0
177.518 0
178.152 0
178.786 0
179.419 0
180.053 0
180.686 0
181.32 995.08
181.953 990.629
182.587 987.7
183.22 994.768
183.854 1043.99
184.488 1201.09
185.121 1499.77
185.755 1808.79
186.388 1877.82
187.022 1637.68
187.655 1297.34
188.289 1065.83
188.922 968.738
189.556 939.843
190.189 931.007
190.823 925.9
191.457 0
192.09 0
192.724 0
193.357 0
193.991 0
194.624 0
195.258 0
195.892 0
196.525 0
197.159 0
197.792 0
198.426 0
199.059 0
199.693 0
200.326 0
200.96 0
201.594 0
202.227 0
202.861 0
203.494 0
204.128 0
204.761 0
205.395 0
206.028 0
206.662 0
207.296 0
207.929 0
208.563 0
209.196 0
209.83 0
210.463 0
211.097 0
211.731 0
212.364 0
212.998 0
213.631 0
214.265 0
214.898 0
215.532 0
216.166 0
216.799 0
217.433 0
218.066 0
218.7 0
219.333 0
219.967 0
220.601 0
221.234 0
221.868 0
222.501 0
223.135 0
223.768 0
224.402 0
225.036 0
225.669 0
226.303 0
226.936 0
227.57 0
228.203 0
228.837 0
229.471 0
230.104 0
230.738 0
231.371 0
232.005 0
232.638 0
233.272 0
233.906 0
234.539 0
235.173 0
235.806 0
236.44 0
237.073 579.088
237.707 575.54
238.341 574.715
238.974 591.043
239.608 677.447
240.241 939.769
240.875 1432.78
241.509 1951.06
242.142 2092.03
242.776 1723.12
243.409 1163.46
244.043 764.6
244.676 590.554
245.31 539.059
245.944 526.287
246.577 521.297
247.211 0
247.844 0
248.478 0
249.112 0
249.745 0
250.379 0
251.012 0
251.646 0
252.279 0
252.913 0
253.547 0
254.18 466.063
254.814 462.596
255.447 459.535
256.081 458.611
256.715 464.898
257.348 485.591
257.982 518.924
258.615 543.672
259.249 535.968
259.883 499.668
260.516 461.034
261.15 437.011
261.783 425.952
262.417 420.599
263.051 416.777
263.684 413.22
264.318 0
264.951 0
265.585 0
266.218 0
266.852 0
267.486 0
268.119 0
268.753 0
269.386 0
270.02 398.574
270.654 396.315
271.287 394.277
271.921 393.464
272.554 397.038
273.188 410.105
273.822 433.016
274.455 452.731
275.089 450.95
275.722 426.095
276.356 395.366
276.99 374.152
277.623 365.067
278.257 363.321
278.89 363.637
279.524 363.226
280.158 361.716
280.791 359.639
281.425 357.389
282.058 355.106
282.692 0
283.326 0
283.959 0
284.593 0
285.226 0
285.86 0
286.494 0
287.127 0
287.761 0
288.394 0
289.028 0
289.662 0
290.295 324.164
290.929 323.352
291.563 329.581
292.196 377.825
292.83 590.28
293.463 1200.38
294.097 2316.27
294.731 3477.05
295.364 3805.08
295.998 3005.44
296.631 1761.92
297.265 854.438
297.899 448.881
298.532 329.157
299.166 304.206
299.799 299.395
300.433 0
301.067 0
301.7 0
302.334 0
302.968 0
303.601 0
304.235 0
304.868 0
305.502 0
306.136 0
306.769 0
307.403 0
308.036 0
308.67 0
309.304 0
309.937 0
310.571 0
311.204 0
311.838 0
312.472 0
313.105 0
313.739 0
314.373 0
315.006 0
315.64 0
316.273 0
316.907 0
317.541 0
318.174 0
318.808 0
319.442 0
320.075 0
320.709 0
321.342 0
321.976 0
322.61 0
323.243 0
323.877 0
324.511 0
325.144 0
325.778 0
326.411 0
327.045 0
327.679 0
328.312 0
328.946 0
329.58 0
330.213 0
330.847 0
331.48 0
332.114 0
332.748 0
333.381 0
334.015 0
334.649 0
335.282 0
335.916 0
336.549 0
337.183 0
337.817 0
338.45 0
339.084 0
339.718 0
340.351 0
340.985 0
341.618 0
342.252 0
342.886 0
343.519 0
344.153 0
344.787 0
345.42 0
346.054 0
346.688 0
347.321 195.324
347.955 198.287
348.588 235.786
349.222 432.125
349.856 1100.45
350.489 2595.03
351.123 4662.87
351.757 6053.9
352.39 5611.21
353.024 3722.54
353.657 1806.68
354.291 699.793
354.925 286.333
355.558 180.818
356.192 160.503
356.826 155.776
357.459 0
358.093 0
358.727 0
359.36 0
359.994 0
360.628 0
361.261 0
361.895 0
362.528 0
363.162 0
363.796 0
364.429 0
365.063 0
365.697 0
366.33 0
366.964 0
367.598 0
368.231 0
368.865 0
369.499 0
370.132 0
370.766 0
371.399 0
372.033 0
372.667 0
373.3 0
373.934 0
374.568 0
375.201 0
375.835 0
376.469 0
377.102 0
377.736 0
378.37 0
379.003 0
379.637 0
380.271 0
380.904 0
381.538 0
382.171 142.535
382.805 142.427
383.439 142.618
384.072 144.145
384.706 149.549
385.34 161.712
385.973 179.207
386.607 194.339
387.241 201.464
387.874 203.755
388.508 203.867
389.142 196.526
389.775 179.412
390.409 160.367
391.043 147.654
391.676 142.081
392.31 140.347
392.944 139.873
393.577 139.67
394.211 0
394.845 0
395.478 0
396.112 0
396.745 0
397.379 0
398.013 0
398.646 0
399.28 0
399.914 0
400.547 0
401.181 0
401.815 0
402.448 0
403.082 0
403.716 0
404.349 0
404.983 0
405.617 0
406.25 0
406.884 0
407.518 0
408.151 0
408.785 0
409.419 0
410.052 0
410.686 0
411.32 0
411.953 0
412.587 0
413.221 0
413.854 0
414.488 0
415.122 0
415.755 0
416.389 0
417.023 0
417.656 0
418.29 0
418.924 0
419.557 0
420.191 0
420.825 0
421.458 0
422.092 0
422.726 0
423.359 0
423.993 0
424.627 0
425.26 0
425.894 0
426.528 0
427.161 0
427.795 0
428.429 0
429.062 0
429.696 0
430.33 0
430.963 0
431.597 0
432.231 0
432.864 0
433.498 0
434.132 0
434.765 0
435.399 0
436.033 0
436.666 0
437.3 0
437.934 0
438.567 0
439.201 0
439.835 0
440.468 0
441.102 0
441.736 0
442.37 0
443.003 0
443.637 0
444.271 0
444.904 0
445.538 0
446.172 0
446.805 0
447.439 0
448.073 0
448.706 0
449.34 0
449.974 86.705
450.607 86.4651
451.241 86.3919
451.875 87.1148
452.508 90.3673
453.142 98.6119
453.776 111.689
454.409 123.131
455.043 124.158
455.677 113.683
456.31 99.6945
456.944 89.7656
457.578 85.1613
458.212 83.6307
458.845 83.4287
459.479 84.5361
460.113 88.2721
460.746 95.5512
461.38 103.945
462.014 107.722
462.647 103.554
463.281 94.6666
463.915 86.8008
464.548 82.4585
465.182 80.7364
465.816 80.1116
466.449 79.7833
467.083 0
467.717 0
468.351 0
468.984 0
469.618 0
470.252 0
470.885 0
471.519 0
472.153 0
472.786 0
473.42 0
474.054 0
474.687 0
475.321 0
475.955 66.4838
476.588 66.3551
477.222 66.7459
477.856 69.1016
478.49 76.2763
479.123 90.217
479.757 106.687
480.391 114.917
481.024 108.028
481.658 91.5085
482.292 76.3639
482.925 67.9093
483.559 64.913
484.193 65.3422
484.827 70.0706
485.46 82.1944
486.094 101.582
486.728 119.083
487.361 121.698
487.995 107.062
488.629 86.4116
489.262 71.2653
489.896 64.0772
490.53 61.641
491.163 60.9204
491.797 60.6098
492.431 0
493.065 0
493.698 0
494.332 0
494.966 0
495.599 0
496.233 0
496.867 0
497.5 0
498.134 0
498.768 0
499.402 0
500.035 0
500.669 0
501.303 0
501.936 0
502.57 0
503.204 0
503.837 0
504.471 0
505.105 0
505.739 0
506.372 0
507.006 0
507.64 0
508.273 0
508.907 0
509.541 0
510.175 0
510.808 0
511.442 0
512.076 0
512.709 0
513.343 0
513.977 0
514.61 0
515.244 0
515.878 0
516.512 0
517.145 0
517.779 0
518.413 0
519.046 0
519.68 0
520.314 0
520.948 0
521.581 0
522.215 0
522.849 0
523.482 0
524.116 0
524.75 0
525.384 0
526.017 0
526.651 0
527.285 0
527.918 0
528.552 0
529.186 0
529.82 0
530.453 0
531.087 0
531.721 0
532.354 0
532.988 0
533.622 0
534.256 0
534.889 0
535.523 0
536.157 0
536.79 0
537.424 0
538.058 0
538.692 0
539.325 0
539.959 0
540.593 0
541.226 0
541.86 0
542.494 0
543.128 0
543.761 0
544.395 0
545.029 0
545.662 0
546.296 0
546.93 0
547.564 0
548.197 0
548.831 0
549.465 0
550.098 0
550.732 0
551.366 0
552 0
552.633 0
553.267 0
553.901 0
554.535 0
555.168 0
555.802 0
556.436 0
557.069 0
557.703 0
558.337 0
558.971 0
559.604 0
560.238 0
560.872 0
561.506 0
562.139 0
562.773 0
563.407 0
564.04 0
564.674 0
565.308 0
565.942 0
566.575 0
567.209 0
567.843 0
568.477 0
569.11 0
569.744 0
570.378 0
571.011 0
571.645 0
572.279 0
572.913 0
573.546 0
574.18 0
574.814 0
575.448 48.607
576.081 48.279
576.715 48.2299
577.349 49.2958
577.982 53.3448
578.616 62.2846
579.25 74.6253
579.884 83.4744
580.517 81.8081
581.151 70.3443
581.785 56.5646
582.419 46.6774
583.052 41.9061
583.686 40.6956
584.32 41.1318
584.954 41.8079
585.587 42.0954
586.221 41.9898
586.855 41.6866
587.489 41.3199
588.122 40.9392
588.756 0
589.39 0
590.023 0
590.657 0
591.291 0
591.925 0
592.558 0
593.192 0
593.826 0
594.46 0
595.093 0
595.727 0
596.361 0
596.995 0
597.628 0
598.262 0
598.896 0
599.53 0
600.163 0
600.797 0
601.431 0
602.065 0
602.698 0
603.332 0
603.966 0
604.599 38.0546
605.233 45.4035
605.867 89.5681
606.501 280.057
607.134 862.058
607.768 2091.6
608.402 3790.82
609.036 5069.88
609.669 4989.96
610.303 3615.75
610.937 1936.05
611.571 777.325
612.204 249.161
612.838 81.8096
613.472 44.1026
614.106 37.9916
614.739 0
615.373 0
616.007 0
616.641 0
617.274 0
617.908 0
618.542 0
619.176 0
619.809 0
620.443 0
621.077 0
621.711 0
622.344 0
622.978 0
623.612 0
624.246 0
624.879 0
625.513 0
626.147 0
626.781 0
627.414 0
628.048 0
628.682 0
629.316 0
629.949 0
630.583 0
631.217 0
631.851 0
632.484 0
633.118 0
633.752 0
634.386 0
635.019 0
635.653 0
636.287 0
636.921 0
637.554 0
638.188 0
638.822 0
639.456 0
640.089 0
640.723 0
641.357 0
641.991 0
642.624 0
643.258 0
643.892 0
644.526 0
645.159 0
645.793 0
646.427 0
647.061 0
647.695 0
648.328 0
648.962 0
649.596 0
650.23 0
650.863 0
651.497 0
652.131 0
652.765 0
653.398 0
654.032 0
654.666 0
655.3 0
655.933 0
656.567 0
657.201 31.9571
657.835 31.8988
658.468 31.9279
659.102 32.2428
659.736 33.1743
660.37 34.8739
661.004 36.825
661.637 38.2263
662.271 40.1548
662.905 48.2879
663.539 72.1153
664.172 115.602
664.806 163.619
665.44 185.499
666.074 164.193
666.707 115.87
667.341 70.8716
667.975 44.6445
668.609 34.1502
669.242 31.1315
669.876 30.4539
670.51 0
671.144 0
671.778 0
672.411 0
673.045 0
673.679 0
674.313 0
674.946 0
675.58 0
676.214 0
676.848 0
677.481 0
678.115 0
678.749 0
679.383 0
680.017 0
680.65 0
681.284 0
681.918 0
682.552 0
683.185 0
683.819 0
684.453 0
685.087 0
685.72 0
686.354 0
686.988 0
687.622 0
688.256 0
688.889 0
689.523 0
690.157 0
690.791 0
691.424 0
692.058 0
692.692 0
693.326 0
693.959 0
694.593 0
695.227 0
695.861 0
696.495 0
697.128 0
697.762 0
698.396 37.6379
699.03 37.6334
699.663 38.0157
700.297 39.8295
700.931 45.2414
701.565 56.2733
702.199 71.0497
702.832 81.8675
703.466 80.9552
704.1 68.9547
704.734 54.1589
705.367 43.6697
706.001 38.66
706.635 36.933
707.269 36.4514
707.903 36.2935
708.536 0
709.17 0
709.804 0
710.438 0
711.071 0
711.705 0
712.339 0
712.973 0
713.607 0
714.24 0
714.874 33.1158
715.508 33.2868
716.142 33.6127
716.776 34.6015
717.409 37.5608
718.043 44.3563
718.677 55.2422
719.311 66.0962
719.944 70.0542
720.578 64.2341
721.212 53.0595
721.846 43.2428
722.48 37.7686
723.113 35.7155
723.747 35.2439
724.381 35.2612
725.015 0
725.648 0
726.282 0
726.916 0
727.55 0
728.184 0
728.817 0
729.451 0
730.085 0
730.719 0
731.353 0
731.986 0
732.62 0
733.254 0
733.888 0
734.521 0
735.155 0
735.789 0
736.423 0
737.057 0
737.69 0
738.324 0
738.958 0
739.592 0
740.226 0
740.859 0
741.493 0
742.127 0
742.761 0
743.395 0
744.028 0
744.662 0
745.296 0
745.93 0
746.564 0
747.197 0
747.831 0
748.465 0
749.099 0
749.732 0
750.366 0
751 0
751.634 0
752.268 0
752.901 0
753.535 0
754.169 0
754.803 0
755.437 0
756.07 0
756.704 0
757.338 0
757.972 0
758.606 30.0876
759.239 30.1727
759.873 30.2837
760.507 30.4774
761.141 30.8476
761.775 31.4403
762.408 32.1044
763.042 32.5132
763.676 32.5637
764.31 33.2094
764.944 38.5346
765.577 60.3926
766.211 121.197
766.845 239.036
767.479 390.336
768.113 495.795
768.746 481.34
769.38 357.977
770.014 209.063
770.648 103.937
771.282 53.7592
771.915 36.7953
772.549 32.6801
773.183 32.0007
773.817 0
774.451 0
775.084 0
775.718 0
776.352 0
776.986 0
777.62 0
778.253 0
778.887 0
779.521 0
780.155 0
780.789 0
781.422 32.0241
782.056 32.4675
782.69 34.5987
783.324 42.1127
783.958 61.2258
784.591 95.2915
785.225 134.921
785.859 157.78
786.493 147.593
787.127 111.927
787.76 73.5999
788.394 48.2991
789.028 36.7989
789.662 33.0486
790.296 32.1544
790.929 31.9978
791.563 0
792.197 0
792.831 0
793.465 0
794.098 0
794.732 0
795.366 0
796 0
796.634 0
797.267 0
797.901 0
798.535 0
799.169 0
799.803 0
800.437 0
801.07 0
801.704 30.3333
802.338 30.9198
802.972 34.1251
803.606 45.2257
804.239 72.2667
804.873 117.931
805.507 167.307
806.141 191.069
806.775 171.935
807.408 123.814
808.042 76.2134
808.676 46.4837
809.31 33.5466
809.944 29.4244
810.577 28.3755
811.211 0
811.845 0
812.479 0
813.113 0
813.747 0
814.38 0
815.014 0
815.648 0
816.282 0
816.916 0
817.549 0
818.183 0
818.817 0
819.451 0
820.085 0
820.719 0
821.352 0
821.986 0
822.62 0
823.254 0
823.888 0
824.521 0
825.155 0
825.789 0
826.423 0
827.057 0
827.69 0
828.324 0
828.958 0
829.592 0
830.226 0
830.86 0
831.493 0
832.127 0
832.761 0
833.395 0
834.029 0
834.662 31.6576
835.296 31.9602
835.93 33.2789
836.564 37.4845
837.198 47.1479
837.832 62.5939
838.465 78.2322
839.099 84.5677
839.733 77.0303
840.367 61.0278
841.001 45.9966
841.634 36.916
842.268 33.0759
842.902 31.9002
843.536 31.6348
844.17 0
844.804 0
845.437 0
846.071 0
846.705 0
847.339 0
847.973 0
848.607 0
849.24 0
849.874 0
850.508 0
851.142 0
851.776 0
852.409 0
853.043 0
853.677 0
854.311 0
854.945 0
855.579 38.7661
856.212 38.6458
856.846 38.4876
857.48 38.1835
858.114 37.4846
858.748 36.0807
859.382 33.9967
860.015 32.0062
860.649 31.2746
861.283 32.2482
861.917 34.1614
862.551 35.8655
863.184 36.8174
863.818 37.1446
864.452 37.1644
865.086 37.0816
865.72 0
866.354 0
866.987 0
867.621 0
868.255 0
868.889 0
869.523 0
870.157 0
870.79 0
871.424 0
872.058 0
872.692 0
873.326 0
873.96 0
874.593 0
875.227 0
875.861 0
876.495 0
877.129 0
877.763 0
878.396 0
879.03 0
879.664 0
880.298 0
880.932 0
881.566 0
882.199 0
882.833 0
883.467 0
884.101 0
884.735 0
885.369 0
886.002 0
886.636 0
887.27 0
887.904 0
888.538 0
889.172 0
889.805 0
890.439 0
891.073 0
891.707 0
892.341 0
892.975 0
893.608 0
894.242 0
894.876 0
895.51 0
896.144 0
896.778 0
897.411 0
898.045 0
898.679 0
899.313 0
899.947 0
900.581 0
901.214 0
901.848 0
902.482 0
903.116 0
903.75 0
904.384 0
905.017 0
905.651 0
906.285 0
906.919 0
907.553 0
908.187 0
908.82 0
909.454 0
910.088 0
910.722 0
911.356 0
911.99 0
912.623 0
913.257 0
913.891 0
914.525 0
915.159 0
915.793 0
916.427 0
917.06 0
917.694 0
918.328 0
918.962 0
919.596 0
920.23 0
920.863 0
921.497 0
922.131 0
922.765 0
923.399 0
924.033 0
924.666 0
925.3 0
925.934 0
926.568 0
927.202 0
927.836 0
928.47 0
929.103 37.0003
929.737 37.1525
930.371 38.99
931.005 46.9296
931.639 70.4775
932.273 120.415
932.906 193.952
933.54 261.374
934.174 281.139
934.808 239.158
935.442 164.038
936.076 96.913
936.709 57.1532
937.343 40.3011
937.977 34.9417
938.611 33.526
939.245 0
939.879 0
940.513 0
941.146 0
941.78 0
942.414 0
943.048 0
943.682 0
944.316 0
944.95 0
945.583 0
946.217 0
946.851 0
947.485 0
948.119 0
948.753 0
949.386 0
950.02 0
950.654 0
951.288 0
951.922 0
952.556 0
953.19 0
953.823 0
954.457 0
955.091 0
955.725 0
956.359 0
956.993 0
957.626 0
958.26 0
958.894 0
959.528 30.9992
960.162 30.8378
960.796 31.1651
961.43 32.8964
962.063 37.386
962.697 45.1157
963.331 53.7254
963.965 58.3362
964.599 55.6111
965.233 47.2417
965.867 38.1276
966.5 31.7889
967.134 28.5884
967.768 27.2686
968.402 26.6969
969.036 26.3363
969.67 0
970.304 0
970.937 0
971.571 0
972.205 0
972.839 0
973.473 0
974.107 0
974.741 0
975.374 0
976.008 0
976.642 0
977.276 0
977.91 0
978.544 0
979.178 0
979.811 0
980.445 0
981.079 0
981.713 0
982.347 0
982.981 0
983.614 0
984.248 0
984.882 0
985.516 0
986.15 0
986.784 0
987.418 0
988.051 0
988.685 0
989.319 0
989.953 0
990.587 0
991.221 0
991.855 0
992.489 0
993.122 0
993.756 0
994.39 0
995.024 0
995.658 0
996.292 0
996.926 0
997.559 0
998.193 0
998.827 0
999.461 0
1000.09 0
1000.73 0
1001.36 0
1002 0
1002.63 0
1003.26 0
1003.9 0
1004.53 0
1005.17 0
1005.8 0
1006.43 0
1007.07 0
1007.7 0
1008.34 0
1008.97 0
1009.6 0
1010.24 0
1010.87 0
1011.5 0
1012.14 0
1012.77 0
1013.41 0
1014.04 0
1014.67 0
1015.31 0
1015.94 0
1016.58 0
1017.21 0
1017.84 0
1018.48 0
1019.11 0
1019.74 0
1020.38 0
1021.01 0
1021.65 0
1022.28 0
1022.91 0
1023.55 0
1024.18 0
1024.82 0
1025.45 0
1026.08 0
1026.72 0
1027.35 0
1027.98 0
1028.62 0
1029.25 0
1029.89 0
1030.52 0
1031.15 0
1031.79 0
1032.42 0
1033.06 0
1033.69 0
1034.32 0
1034.96 0
1035.59 0
1036.23 0
1036.86 0
1037.49 0
1038.13 0
1038.76 0
1039.39 0
1040.03 0
1040.66 0
1041.3 0
1041.93 0
1042.56 0
1043.2 0
1043.83 0
1044.47 0
1045.1 0
1045.73 0
1046.37 0
1047 21.7114
1047.63 21.9745
1048.27 22.4095
1048.9 23.4266
1049.54 25.8505
1050.17 30.5393
1050.8 37.1503
1051.44 43.1469
1052.07 45.1035
1052.71 41.843
1053.34 35.6659
1053.97 30.0025
1054.61 26.6072
1055.24 25.2293
1055.88 24.9255
1056.51 25.0156
1057.14 0
1057.78 0
1058.41 0
1059.04 0
1059.68 0
1060.31 0
1060.95 0
1061.58 0
1062.21 0
1062.85 0
1063.48 0
1064.12 0
1064.75 0
1065.38 23.2863
1066.02 23.1469
1066.65 23.3593
1067.28 24.5398
1067.92 27.5604
1068.55 32.6948
1069.19 38.3995
1069.82 41.536
1070.45 39.8896
1071.09 34.4053
1071.72 28.1997
1072.36 23.6923
1072.99 21.2942
1073.62 20.2457
1074.26 19.7714
1074.89 19.4715
1075.53 0
1076.16 0
1076.79 0
1077.43 0
1078.06 0
1078.69 0
1079.33 0
1079.96 0
1080.6 0
1081.23 0
1081.86 0
1082.5 0
1083.13 0
1083.77 0
1084.4 0
1085.03 0
1085.67 0
1086.3 0
1086.93 0
1087.57 0
1088.2 0
1088.84 0
1089.47 0
1090.1 0
1090.74 0
1091.37 0
1092.01 0
1092.64 0
1093.27 0
1093.91 0
1094.54 0
1095.18 0
1095.81 0
1096.44 0
1097.08 0
1097.71 0
1098.34 0
1098.98 0
1099.61 0
1100.25 0
1100.88 0
1101.51 0
1102.15 0
1102.78 0
1103.42 0
1104.05 0
1104.68 0
1105.32 0
1105.95 0
1106.59 0
1107.22 0
1107.85 0
1108.49 0
1109.12 0
1109.75 0
1110.39 0
1111.02 0
1111.66 0
1112.29 0
1112.92 0
1113.56 0
1114.19 0
1114.83 0
1115.46 21.5367
1116.09 25.0104
1116.73 40.6495
1117.36 93.5532
1118 227.57
1118.63 476.769
1119.26 801.346
1119.9 1058.33
1120.53 1091.88
1121.16 879.667
1121.8 555.757
1122.43 279.523
1123.07 117.759
1123.7 48.6616
1124.33 26.546
1124.97 21.1427
1125.6 0
1126.24 0
1126.87 0
1127.5 0
1128.14 0
1128.77 21.3564
1129.41 21.3982
1130.04 21.6395
1130.67 22.5045
1131.31 24.7619
1131.94 29.0718
1132.57 34.8649
1133.21 39.6995
1133.84 40.695
1134.48 37.1822
1135.11 31.3878
1135.74 26.2411
1136.38 23.1209
1137.01 21.7388
1137.65 21.2735
1138.28 21.146
1138.91 0
1139.55 0
1140.18 0
1140.82 0
1141.45 0
1142.08 0
1142.72 0
1143.35 0
1143.98 0
1144.62 0
1145.25 0
1145.89 0
1146.52 0
1147.15 0
1147.79 0
1148.42 0
1149.06 0
1149.69 0
1150.32 21.1704
1150.96 21.5219
1151.59 23.0485
1152.23 28.2026
1152.86 41.3655
1153.49 66.2098
1154.13 99.359
1154.76 126.894
1155.39 132.549
1156.03 112.613
1156.66 79.6975
1157.3 50.3941
1157.93 32.5808
1158.56 24.6907
1159.2 22.077
1159.83 21.4254
1160.47 0
1161.1 0
1161.73 0
1162.37 0
1163 0
1163.64 0
1164.27 0
1164.9 0
1165.54 0
1166.17 0
1166.8 0
1167.44 0
1168.07 0
1168.71 18.5448
1169.34 18.5608
1169.97 18.6849
1170.61 19.0834
1171.24 19.9628
1171.88 21.34
1172.51 22.7744
1173.14 23.4951
1173.78 23.0269
1174.41 21.6609
1175.05 20.1602
1175.68 19.089
1176.31 18.534
1176.95 18.3103
1177.58 18.23
1178.21 18.1946
1178.85 0
1179.48 0
1180.12 0
1180.75 0
1181.38 0
1182.02 0
1182.65 0
1183.29 0
1183.92 0
1184.55 0
1185.19 0
1185.82 0
1186.46 0
1187.09 0
1187.72 0
1188.36 0
1188.99 0
1189.62 0
1190.26 0
1190.89 0
1191.53 0
1192.16 0
1192.79 0
1193.43 0
1194.06 0
1194.7 0
1195.33 0
1195.96 0
1196.6 0
1197.23 0
1197.87 0
1198.5 0
1199.13 0
1199.77 0
1200.4 0
1201.03 0
1201.67 0
1202.3 0
1202.94 16.491
1203.57 16.5667
1204.2 17.1005
1204.84 18.9166
1205.47 23.2775
1206.11 30.8684
1206.74 40.0393
1207.37 46.5035
1208.01 46.2996
1208.64 39.5165
1209.28 30.2004
1209.91 22.5697
1210.54 18.1677
1211.18 16.264
1211.81 15.6058
1212.45 15.3894
1213.08 0
1213.71 0
1214.35 0
1214.98 0
1215.61 0
1216.25 0
1216.88 0
1217.52 0
1218.15 0
1218.78 0
1219.42 0
1220.05 0
1220.69 0
1221.32 0
1221.95 0
1222.59 0
1223.22 0
1223.86 0
1224.49 0
1225.12 0
1225.76 0
1226.39 0
1227.02 0
1227.66 0
1228.29 0
1228.93 0
1229.56 0
1230.19 0
1230.83 0
1231.46 0
1232.1 0
1232.73 0
1233.36 17.4998
1234 19.2641
1234.63 26.5656
1235.27 49.2494
1235.9 102.335
1236.53 194.033
1237.17 305.016
1237.8 384.565
1238.43 385.024
1239.07 306.104
1239.7 195.128
1240.34 102.954
1240.97 49.2769
1241.6 26.1387
1242.24 18.5559
1242.87 16.6149
1243.51 0
1244.14 0
1244.77 0
1245.41 0
1246.04 0
1246.68 0
1247.31 0
1247.94 0
1248.58 0
1249.21 0
1249.85 0
1250.48 0
1251.11 0
1251.75 0
1252.38 0
1253.01 0
1253.65 0
1254.28 0
1254.92 0
1255.55 0
1256.18 0
1256.82 0
1257.45 0
1258.09 0
1258.72 0
1259.35 0
1259.99 0
1260.62 0
1261.26 0
1261.89 0
1262.52 0
1263.16 0
1263.79 0
1264.43 0
1265.06 0
1265.69 0
1266.33 0
1266.96 0
1267.59 0
1268.23 0
1268.86 0
1269.5 0
1270.13 0
1270.76 0
1271.4 0
1272.03 0
1272.67 0
1273.3 0
1273.93 0
1274.57 0
1275.2 0
1275.84 0
1276.47 17.5041
1277.1 18.4457
1277.74 21.5106
1278.37 29.6641
1279 46.2721
1279.64 71.0877
1280.27 96.161
1280.91 108.518
1281.54 100.566
1282.17 77.3989
1282.81 51.8104
1283.44 33.3927
1284.08 23.8493
1284.71 20.185
1285.34 19.1679
1285.98 0
1286.61 0
1287.25 0
1287.88 0
1288.51 0
1289.15 0
1289.78 0
1290.42 0
1291.05 0
1291.68 0
1292.32 0
1292.95 0
1293.58 0
1294.22 0
1294.85 0
1295.49 0
1296.12 0
1296.75 0
1297.39 0
1298.02 0
1298.66 0
1299.29 0
1299.92 0
1300.56 0
1301.19 0
1301.83 0
1302.46 0
1303.09 0
1303.73 0
1304.36 0
1305 0
1305.63 0
1306.26 0
1306.9 0
1307.53 0
1308.16 0
1308.8 0
1309.43 0
1310.07 0
1310.7 0
1311.33 0
1311.97 0
1312.6 0
1313.24 0
1313.87 0
1314.5 0
1315.14 0
1315.77 0
1316.41 0
1317.04 0
1317.67 0
1318.31 0
1318.94 0
1319.58 0
1320.21 0
1320.84 0
1321.48 0
1322.11 0
1322.74 0
1323.38 0
1324.01 0
1324.65 0
1325.28 0
1325.91 0
1326.55 0
1327.18 0
1327.82 18.4995
1328.45 18.5245
1329.08 18.4686
1329.72 18.2062
1330.35 17.5697
1330.99 16.5082
1331.62 15.3048
1332.25 14.5534
1332.89 14.7326
1333.52 15.764
1334.16 17.0886
1334.79 18.1644
1335.42 18.8047
1336.06 19.1107
1336.69 19.2479
1337.32 19.3236
1337.96 0
1338.59 0
1339.23 0
1339.86 0
1340.49 0
1341.13 0
1341.76 0
1342.4 0
1343.03 0
1343.66 0
1344.3 0
1344.93 0
1345.57 0
1346.2 0
1346.83 0
1347.47 0
1348.1 0
1348.74 0
1349.37 0
1350 0
1350.64 0
1351.27 0
1351.9 0
1352.54 0
1353.17 0
1353.81 0
1354.44 0
1355.07 0
1355.71 0
1356.34 0
1356.98 0
1357.61 0
1358.24 0
1358.88 0
1359.51 0
1360.15 0
1360.78 0
1361.41 0
1362.05 0
1362.68 0
1363.32 0
1363.95 0
1364.58 0
1365.22 0
1365.85 0
1366.48 0
1367.12 0
1367.75 0
1368.39 0
1369.02 0
1369.65 0
1370.29 0
1370.92 0
1371.56 0
1372.19 0
1372.82 16.033
1373.46 17.1454
1374.09 21.8311
1374.73 36.22
1375.36 69.6527
1375.99 127.729
1376.63 199.877
1377.26 255.686
1377.9 263.634
1378.53 218.758
1379.16 147.392
1379.8 83.0651
1380.43 42.4991
1381.06 23.6287
1381.7 17.6617
1382.33 18.5729
1382.97 24.8751
1383.6 36.7033
1384.23 51.7762
1384.87 63.8072
1385.5 66.0175
1386.14 56.9744
1386.77 41.9502
1387.4 28.0737
1388.04 19.1124
1388.67 14.7716
1389.31 13.1127
1389.94 12.5571
1390.57 0
1391.21 0
1391.84 0
1392.48 0
1393.11 0
1393.74 0
1394.38 0
1395.01 0
1395.65 0
1396.28 0
1396.91 15.7817
1397.55 16.4608
1398.18 18.971
1398.81 25.8539
1399.45 40.1095
1400.08 61.9418
1400.72 85.0947
1401.35 98.338
1401.98 93.823
1402.62 74.3194
1403.25 50.6855
1403.89 33.0056
1404.52 25.9209
1405.15 31.2189
1405.79 51.1189
1406.42 85.6471
1407.06 125.912
1407.69 153.522
1408.32 152.531
1408.96 123.519
1409.59 82.9838
1410.23 48.6914
1410.86 28.019
1411.49 18.6539
1412.13 15.3724
1412.76 14.4488
1413.39 0
1414.03 0
1414.66 0
1415.3 0
1415.93 0
1416.56 0
1417.2 0
1417.83 0
1418.47 0
1419.1 0
1419.73 0
1420.37 0
1421 0
1421.64 0
1422.27 0
1422.9 0
1423.54 0
1424.17 0
1424.81 0
1425.44 0
1426.07 0
1426.71 0
1427.34 0
1427.97 0
1428.61 0
1429.24 0
1429.88 0
1430.51 0
1431.14 0
1431.78 0
1432.41 0
1433.05 0
1433.68 0
1434.31 0
1434.95 0
1435.58 0
1436.22 0
1436.85 0
1437.48 0
1438.12 0
1438.75 0
1439.39 0
1440.02 0
1440.65 0
1441.29 0
1441.92 0
1442.56 0
1443.19 0
1443.82 0
1444.46 0
1445.09 0
1445.72 0
1446.36 0
1446.99 0
1447.63 0
1448.26 0
1448.89 0
1449.53 0
1450.16 0
1450.8 0
1451.43 0
1452.06 0
1452.7 0
1453.33 0
1453.97 0
1454.6 0
1455.23 0
1455.87 16.6042
1456.5 16.5964
1457.14 16.5585
1457.77 16.4378
1458.4 16.1501
1459.04 15.6346
1459.67 14.9639
1460.3 14.3964
1460.94 14.2368
1461.57 14.5823
1462.21 15.232
1462.84 15.8701
1463.47 16.304
1464.11 16.5241
1464.74 16.6107
1465.38 16.6385
1466.01 0
1466.64 0
1467.28 0
1467.91 0
1468.55 0
1469.18 0
1469.81 0
1470.45 0
1471.08 0
1471.72 0
1472.35 0
1472.98 0
1473.62 0
1474.25 0
1474.89 0
1475.52 0
1476.15 0
1476.79 0
1477.42 0
1478.05 0
1478.69 0
1479.32 0
1479.96 0
1480.59 0
1481.22 0
1481.86 0
1482.49 0
1483.13 0
1483.76 0
1484.39 0
1485.03 0
1485.66 0
1486.3 0
1486.93 0
1487.56 0
1488.2 0
1488.83 0
1489.47 0
1490.1 0
1490.73 0
1491.37 0
1492 0
1492.64 0
1493.27 0
1493.9 0
1494.54 0
1495.17 0
1495.8 0
1496.44 0
1497.07 0
1497.71 0
1498.34 0
1498.97 0
1499.61 0
1500.24 0
1500.88 0
1501.51 0
1502.14 0
1502.78 0
1503.41 0
1504.05 0
1504.68 22.7901
1505.31 23.8087
1505.95 27.9831
1506.58 39.1189
1507.22 61.0458
1507.85 92.7857
1508.48 124.282
1509.12 139.954
1509.75 130.494
1510.38 101.282
1511.02 67.416
1511.65 41.3891
1512.29 26.6053
1512.92 20.0562
1513.55 17.6206
1514.19 16.6991
1514.82 0
1515.46 0
1516.09 0
1516.72 0
1517.36 0
1517.99 0
1518.63 0
1519.26 0
1519.89 0
1520.53 0
1521.16 0
1521.8 0
1522.43 0
1523.06 0
1523.7 0
1524.33 0
1524.97 0
1525.6 0
1526.23 0
1526.87 0
1527.5 0
1528.13 0
1528.77 0
1529.4 0
1530.04 0
1530.67 0
1531.3 0
1531.94 0
1532.57 0
1533.21 0
1533.84 20.3861
1534.47 20.2546
1535.11 20.5763
1535.74 21.966
1536.38 25.1624
1537.01 30.2848
1537.64 35.9447
1538.28 39.458
1538.91 38.7179
1539.55 34.1205
1540.18 28.3893
1540.81 24.5177
1541.45 23.937
1542.08 26.0415
1542.72 28.7434
1543.35 29.7074
1543.98 27.8478
1544.62 23.9556
1545.25 19.7977
1545.88 16.6749
1546.52 14.8375
1547.15 13.8876
1547.79 13.3637
1548.42 0
1549.05 0
1549.69 0
1550.32 0
1550.96 0
1551.59 0
1552.22 0
1552.86 0
1553.49 0
1554.13 0
1554.76 0
1555.39 0
1556.03 0
1556.66 0
1557.3 0
1557.93 0
1558.56 0
1559.2 0
1559.83 0
1560.46 0
1561.1 0
1561.73 0
1562.37 0
1563 0
1563.63 0
1564.27 0
1564.9 0
1565.54 0
1566.17 0
1566.8 0
1567.44 0
1568.07 0
1568.71 0
1569.34 0
1569.97 0
1570.61 0
1571.24 0
1571.88 0
1572.51 0
1573.14 0
1573.78 0
1574.41 0
1575.05 0
1575.68 0
1576.31 0
1576.95 0
1577.58 0
1578.21 14.6531
1578.85 14.598
1579.48 15.0442
1580.12 16.8217
1580.75 21.2126
1581.38 29.1124
1582.02 39.4155
1582.65 48.2466
1583.29 50.9541
1583.92 45.8353
1584.55 35.6718
1585.19 25.2553
1585.82 17.7975
1586.46 13.7326
1587.09 11.9308
1587.72 11.1922
1588.36 0
1588.99 0
1589.63 0
1590.26 12.4095
1590.89 12.578
1591.53 13.1025
1592.16 14.3722
1592.8 16.735
1593.43 20.0125
1594.06 23.1402
1594.7 24.6088
1595.33 23.6457
1595.96 20.9995
1596.6 18.433
1597.23 17.4524
1597.87 18.394
1598.5 20.334
1599.13 21.7173
1599.77 21.4042
1600.4 19.4337
1601.04 16.8161
1601.67 14.6119
1602.3 13.2616
1602.94 12.6306
1603.57 12.4002
1604.21 12.3329
1604.84 0
1605.47 0
1606.11 0
1606.74 0
1607.38 0
1608.01 0
1608.64 0
1609.28 0
1609.91 0
1610.55 0
1611.18 0
1611.81 0
1612.45 0
1613.08 0
1613.71 0
1614.35 0
1614.98 0
1615.62 0
1616.25 0
1616.88 0
1617.52 0
1618.15 0
1618.79 0
1619.42 0
1620.05 0
1620.69 0
1621.32 0
1621.96 0
1622.59 0
1623.22 0
1623.86 0
1624.49 0
1625.13 0
1625.76 0
1626.39 0
1627.03 0
1627.66 0
1628.29 0
1628.93 0
1629.56 0
1630.2 0
1630.83 0
1631.46 0
1632.1 0
1632.73 0
1633.37 0
1634 0
1634.63 0
1635.27 0
1635.9 0
1636.54 0
1637.17 0
1637.8 0
1638.44 0
1639.07 0
1639.71 0
1640.34 0
1640.97 0
1641.61 0
1642.24 0
1642.88 0
1643.51 0
1644.14 0
1644.78 0
1645.41 0
1646.04 0
1646.68 0
1647.31 0
1647.95 0
1648.58 0
1649.21 0
1649.85 0
1650.48 0
1651.12 0
1651.75 0
1652.38 0
1653.02 0
1653.65 0
1654.29 0
1654.92 0
1655.55 0
1656.19 0
1656.82 8.84243
1657.46 9.44374
1658.09 11.6944
1658.72 17.2531
1659.36 27.4417
1659.99 41.205
1660.63 53.8375
1661.26 59.0677
1661.89 53.8265
1662.53 40.9396
1663.16 26.6355
1663.79 15.7602
1664.43 9.52654
1665.06 6.67983
1665.7 5.5507
1666.33 0
1666.96 0
1667.6 0
1668.23 0
1668.87 0
1669.5 0
1670.13 0
1670.77 0
1671.4 0
1672.04 0
1672.67 0
1673.3 0
1673.94 0
1674.57 0
1675.21 0
1675.84 0
1676.47 0
1677.11 0
1677.74 0
1678.37 0
1679.01 0
1679.64 5.29628
1680.28 5.48777
1680.91 6.06851
1681.54 7.39198
1682.18 9.68987
1682.81 12.6397
1683.45 15.1739
1684.08 16.0192
1684.71 14.6902
1685.35 11.9154
1685.98 9.00411
1686.62 6.87854
1687.25 5.70709
1687.88 5.19937
1688.52 5.01729
1689.15 0
1689.79 0
1690.42 0
1691.05 0
1691.69 0
1692.32 0
1692.96 0
1693.59 0
1694.22 0
1694.86 0
1695.49 0
1696.12 0
1696.76 0
1697.39 0
1698.03 0
1698.66 0
1699.29 0
1699.93 0
1700.56 0
1701.2 0
1701.83 0
1702.46 0
1703.1 0
1703.73 0
1704.37 0
1705 0
1705.63 0
1706.27 0
1706.9 0
1707.54 0
1708.17 0
1708.8 0
1709.44 0
1710.07 0
1710.71 0
1711.34 0
1711.97 0
1712.61 0
1713.24 0
1713.87 0
1714.51 0
1715.14 0
1715.78 0
1716.41 0
1717.04 0
1717.68 0
1718.31 0
1718.95 0
1719.58 0
1720.21 0
1720.85 0
1721.48 0
1722.12 0
1722.75 0
1723.38 0
1724.02 0
1724.65 5.95372
1725.29 6.7574
1725.92 9.78111
1726.55 18.2604
1727.19 36.6825
1727.82 67.416
1728.45 105.318
1729.09 136.18
1729.72 144.446
1730.36 125.456
1730.99 89.5031
1731.62 53.058
1732.26 27.0157
1732.89 12.9098
1733.53 6.91905
1734.16 4.85973
1734.79 0
1735.43 0
1736.06 0
1736.7 0
1737.33 0
1737.96 0
1738.6 0
1739.23 0
1739.87 0
1740.5 0
1741.13 0
1741.77 0
1742.4 0
1743.03 0
1743.67 0
1744.3 0
1744.94 0
1745.57 0
1746.2 0
1746.84 0
1747.47 0
1748.11 0
1748.74 0
1749.37 0
1750.01 0
1750.64 0
1751.28 0
1751.91 0
1752.54 0
1753.18 0
1753.81 0
1754.45 0
1755.08 0
1755.71 0
1756.35 0
1756.98 0
1757.62 0
1758.25 0
1758.88 0
1759.52 2.11428
1760.15 6.93467
1760.78 23.3858
1761.42 68.4232
1762.05 165.773
1762.69 328.645
1763.32 531.424
1763.95 700.264
1764.59 751.794
1765.22 657.648
1765.86 468.925
1766.49 272.8
1767.12 129.852
1767.76 51.0681
1768.39 17.2306
1769.03 5.75049
1769.66 0
1770.29 0
1770.93 0
1771.56 0
1772.2 0
1772.83 0
1773.46 0
1774.1 0
1774.73 0
1775.36 0
1776 0
1776.63 0
1777.27 0
1777.9 0
1778.53 0
1779.17 0
1779.8 0
1780.44 0
1781.07 0
1781.7 0
1782.34 0
1782.97 0
1783.61 0
1784.24 0
1784.87 0
1785.51 0
1786.14 0
1786.78 0
1787.41 0
1788.04 0
1788.68 0
1789.31 0
1789.94 0
1790.58 0
1791.21 0
1791.85 0
1792.48 0
1793.11 0
1793.75 0
1794.38 0
1795.02 0
1795.65 0
1796.28 0
1796.92 0
1797.55 0
1798.19 0
1798.82 0
1799.45 0
1800.09 0
1800.72 0
1801.36 0
1801.99 0
1802.62 0
1803.26 0
1803.89 0
1804.53 0
1805.16 0
1805.79 0
1806.43 0
1807.06 0
1807.69 0
1808.33 0
1808.96 0
1809.6 0
1810.23 0
1810.86 0
1811.5 0
1812.13 0
1812.77 0
1813.4 0
1814.03 0
1814.67 0
1815.3 0
1815.94 0
1816.57 0
1817.2 0
1817.84 0
1818.47 0
1819.11 0
1819.74 0
1820.37 0
1821.01 0
1821.64 0
1822.27 0
1822.91 0
1823.54 0
1824.18 0
1824.81 0
1825.44 0
1826.08 0
1826.71 0
1827.35 0
1827.98 0
1828.61 0
1829.25 0
1829.88 0
1830.52 0
1831.15 0
1831.78 0
1832.42 0
1833.05 0
1833.69 3.19881
1834.32 3.45941
1834.95 4.14837
1835.59 5.73589
1836.22 8.68957
1836.85 12.937
1837.49 17.3619
1838.12 20.0878
1838.76 19.7213
1839.39 16.49
1840.02 12.0472
1840.66 8.16451
1841.29 5.68283
1841.93 4.50766
1842.56 4.26264
1843.19 4.97352
1843.83 7.61922
1844.46 14.4406
1845.1 28.2634
1845.73 49.9658
1846.36 75.1928
1847 94.2218
1847.63 97.5896
1848.27 83.4996
1848.9 59.345
1849.53 35.6443
1850.17 18.9594
1850.8 9.98706
1851.43 6.21255
1852.07 4.96925
1852.7 0
1853.34 0
1853.97 0
1854.6 0
1855.24 0
1855.87 0
1856.51 0
1857.14 0
1857.77 0
1858.41 0
1859.04 0
1859.68 0
1860.31 0
1860.94 0
1861.58 0
1862.21 0
1862.85 0
1863.48 0
1864.11 0
1864.75 0
1865.38 0
1866.01 0
1866.65 0
1867.28 0
1867.92 0
1868.55 4.18108
1869.18 4.37904
1869.82 4.85783
1870.45 5.9018
1871.09 7.76407
1871.72 10.34
1872.35 12.9077
1872.99 14.3642
1873.62 13.9766
1874.26 11.9825
1874.89 9.38814
1875.52 7.19154
1876.16 5.82248
1876.79 5.17677
1877.42 4.95694
1878.06 4.92364
1878.69 0
1879.33 0
1879.96 0
1880.59 0
1881.23 0
1881.86 0
1882.5 0
1883.13 0
1883.76 0
1884.4 0
1885.03 0
1885.67 0
1886.3 0
1886.93 0
1887.57 0
1888.2 0
1888.84 0
1889.47 0
1890.1 0
1890.74 0
1891.37 0
1892 0
1892.64 0
1893.27 0
1893.91 0
1894.54 0
1895.17 0
1895.81 0
1896.44 0
1897.08 0
1897.71 0
1898.34 0
1898.98 0
1899.61 0
1900.25 0
1900.88 0
1901.51 0
1902.15 0
1902.78 0
1903.42 0
1904.05 0
1904.68 0
1905.32 0
1905.95 0
1906.58 0
1907.22 0
1907.85 0
1908.49 0
1909.12 0
1909.75 0
1910.39 0
1911.02 0
1911.66 0
1912.29 0
1912.92 0
1913.56 0
1914.19 0
1914.83 0
1915.46 0
1916.09 0
1916.73 0
1917.36 0
1917.99 0
1918.63 0
1919.26 0
1919.9 0
1920.53 0
1921.16 0
1921.8 0
1922.43 0
1923.07 0
1923.7 0
1924.33 0
1924.97 0
1925.6 0
1926.24 0
1926.87 0
1927.5 0
1928.14 0
1928.77 0
1929.41 0
1930.04 0
1930.67 0
1931.31 0
1931.94 0
1932.57 0
1933.21 0
1933.84 0
1934.48 0
1935.11 0
1935.74 0
1936.38 0
1937.01 0
1937.65 0
1938.28 0
1938.91 0
1939.55 0
1940.18 0
1940.82 0
1941.45 0
1942.08 0
1942.72 0
1943.35 0
1943.98 0
1944.62 0
1945.25 0
1945.89 0
1946.52 0
1947.15 0
1947.79 0
1948.42 0
1949.06 0
1949.69 0
1950.32 0
1950.96 0
1951.59 0
1952.23 0
1952.86 0
1953.49 0
1954.13 0
1954.76 0
1955.4 0
1956.03 0
1956.66 0
1957.3 0
1957.93 0
1958.56 0
1959.2 0
1959.83 0
1960.47 0
1961.1 0
1961.73 0
1962.37 0
1963 0
1963.64 0
1964.27 0
1964.9 0
1965.54 0
1966.17 0
1966.81 0
1967.44 0
1968.07 0
1968.71 0
1969.34 0
1969.97 0
1970.61 0
1971.24 0
1971.88 0
1972.51 0
1973.14 0
1973.78 0
1974.41 0
1975.05 0
1975.68 0
1976.31 0
1976.95 0
1977.58 0
1978.22 0
1978.85 0
1979.48 0
1980.12 0
1980.75 0
1981.38 0
1982.02 0
1982.65 0
1983.29 0
1983.92 0
1984.55 0
1985.19 0
1985.82 0
1986.46 0
1987.09 0
1987.72 0
1988.36 0
1988.99 0
1989.63 0
1990.26 0
1990.89 0
1991.53 0
1992.16 0
1992.79 0
1993.43 0
1994.06 0
1994.7 0
1995.33 0
1995.96 0
1996.6 0
1997.23 0
1997.87 0
1998.5 0
1999.13 0
1999.77 0
2000.4 0
2001.04 0
2001.67 0
2002.3 0
2002.94 0
2003.57 0
2004.21 0
2004.84 0
2005.47 0
2006.11 0
2006.74 0
2007.37 0
2008.01 0
2008.64 0
2009.28 0
2009.91 0
2010.54 0
2011.18 0
2011.81 0
2012.45 0
2013.08 0
2013.71 0
2014.35 0
2014.98 0
2015.62 0
2016.25 0
2016.88 0
2017.52 0
2018.15 0
2018.78 0
2019.42 0
2020.05 0
2020.69 0
2021.32 0
2021.95 0
2022.59 0
2023.22 0
2023.86 0
2024.49 0
2025.12 0
2025.76 0
2026.39 0
2027.03 0
2027.66 0
2028.29 0
2028.93 0
2029.56 0
2030.19 0
2030.83 0
2031.46 0
2032.1 0
2032.73 0
2033.36 0
2034 0
2034.63 0
2035.27 0
2035.9 0
2036.53 0
2037.17 0
2037.8 0
2038.44 0
2039.07 0
2039.7 0
2040.34 0
2040.97 0
2041.6 0
2042.24 0
2042.87 0
2043.51 0
2044.14 0
2044.77 0
2045.41 0
2046.04 0
2046.68 0
2047.31 0
2047.94 0
2048.58 0
2049.21 0
2049.84 0
2050.48 0
2051.11 0
2051.75 0
2052.38 0
2053.01 0
2053.65 0
2054.28 0
2054.92 0
2055.55 0
2056.18 0
2056.82 0
2057.45 0
2058.09 0
2058.72 0
2059.35 0
2059.99 0
2060.62 0
2061.25 0
2061.89 0
2062.52 0
2063.16 0
2063.79 0
2064.42 0
2065.06 0
2065.69 0
2066.33 0
2066.96 0
2067.59 0
2068.23 0
2068.86 0
2069.5 0
2070.13 0
2070.76 0
2071.4 0
2072.03 0
2072.66 0
2073.3 0
2073.93 0
2074.57 0
2075.2 0
2075.83 0
2076.47 0
2077.1 0
2077.74 0
2078.37 0
2079 0
2079.64 0
2080.27 0
2080.91 0
2081.54 0
2082.17 0
2082.81 0
2083.44 0
2084.07 0
2084.71 0
2085.34 0
2085.98 0
2086.61 0
2087.24 0
2087.88 0
2088.51 0
2089.15 0
2089.78 0
2090.41 0
2091.05 0
2091.68 0
2092.31 0
2092.95 0
2093.58 0
2094.22 0
2094.85 0
2095.48 0
2096.12 0
2096.75 0
2097.39 0
2098.02 0
2098.65 0
2099.29 0
2099.92 0
2100.56 0
2101.19 0
2101.82 0
2102.46 0
2103.09 0
2103.72 0
2104.36 0
2104.99 0
2105.63 0
2106.26 0
2106.89 0
2107.53 0
2108.16 0
2108.8 0
2109.43 0
2110.06 0
2110.7 0
2111.33 0
2111.96 0
2112.6 0
2113.23 0
2113.87 0.96356
2114.5 1.86307
2115.13 4.3155
2115.77 9.71571
2116.4 19.1879
2117.04 32.0747
2117.67 44.8489
2118.3 52.2478
2118.94 50.6538
2119.57 40.8812
2120.21 27.522
2120.84 15.5469
2121.47 7.49695
2122.11 3.24911
2122.74 1.45189
2123.37 0.835145
2124.01 0
2124.64 0
2125.28 0
2125.91 0
2126.54 0
2127.18 0
2127.81 0
2128.45 0
2129.08 0
2129.71 0
2130.35 0
2130.98 0
2131.61 0
2132.25 0
2132.88 0
2133.52 0
2134.15 0
2134.78 0
2135.42 0
2136.05 0
2136.69 0
2137.32 0
2137.95 0
2138.59 0
2139.22 0
2139.86 0
2140.49 0
2141.12 0
2141.76 0
2142.39 0
2143.02 0
2143.66 0
2144.29 0
2144.93 0
2145.56 0
2146.19 0
2146.83 0
2147.46 0
2148.1 0
2148.73 0
2149.36 0
2150 0
2150.63 0
2151.26 0
2151.9 0
2152.53 0
2153.17 0
2153.8 0
2154.43 0
2155.07 0
2155.7 0
2156.34 0
2156.97 0
2157.6 0
2158.24 0
2158.87 0
2159.5 0
2160.14 0
2160.77 0
2161.41 0
2162.04 0
2162.67 0
2163.31 0
2163.94 0
2164.58 0
2165.21 0
2165.84 0
2166.48 0
2167.11 0
2167.75 0
2168.38 0
2169.01 0
2169.65 0
2170.28 0
2170.91 0
2171.55 0
2172.18 0
2172.82 0
2173.45 0
2174.08 0
2174.72 0
2175.35 0
2175.99 0
2176.62 0
2177.25 0
2177.89 0
2178.52 0
2179.15 0
2179.79 0
2180.42 0
2181.06 0
2181.69 0
2182.32 0
2182.96 0
2183.59 0
2184.23 0
2184.86 0
2185.49 0
2186.13 0
2186.76 0
2187.39 0
2188.03 0
2188.66 0
2189.3 0
2189.93 0
2190.56 0
2191.2 0
2191.83 0
2192.47 0
2193.1 0
2193.73 0
2194.37 0
2195 0
2195.63 0
2196.27 0
2196.9 0
2197.54 0
2198.17 0
2198.8 0
2199.44 2.18461
2200.07 6.11304
2200.71 16.4668
2201.34 38.5855
2201.97 76.3478
2202.61 126.474
2203.24 174.941
2203.87 201.887
2204.51 194.344
2205.14 156.08
2205.78 104.636
2206.41 58.6464
2207.04 27.6028
2207.68 11.0682
2208.31 3.97454
2208.95 1.49537
2209.58 0
2210.21 0
2210.85 0
2211.48 0
2212.11 0
2212.75 0
2213.38 0
2214.02 0
2214.65 0
2215.28 0
2215.92 0
2216.55 0
2217.19 0
2217.82 0
2218.45 0
2219.09 0
2219.72 0
2220.35 0
2220.99 0
2221.62 0
2222.26 0
2222.89 0
2223.52 0
2224.16 0
2224.79 0
2225.43 0
2226.06 0
2226.69 0
2227.33 0
2227.96 0
2228.59 0
2229.23 0
2229.86 0
2230.5 0
2231.13 0
2231.76 0
2232.4 0
2233.03 0
2233.67 0
2234.3 0
2234.93 0
2235.57 0
2236.2 0
2236.83 0
2237.47 0
2238.1 0
2238.74 0
2239.37 0
2240 0
2240.64 0
2241.27 0
2241.91 0
2242.54 0
2243.17 0
2243.81 0
2244.44 0
2245.07 0
2245.71 0
2246.34 0
2246.98 0
2247.61 0
2248.24 0
2248.88 0
2249.51 0
2250.15 0
2250.78 0
2251.41 0
2252.05 0
2252.68 0
2253.31 0
2253.95 0
2254.58 0
2255.22 0
2255.85 0
2256.48 0
2257.12 0
2257.75 0
2258.39 0
2259.02 0
2259.65 0
2260.29 0
2260.92 0
2261.55 0
2262.19 0
2262.82 0
2263.46 0
2264.09 0
2264.72 0
2265.36 0
2265.99 0
2266.63 0
2267.26 0
2267.89 0
2268.53 0
2269.16 0
2269.79 0
2270.43 0
2271.06 0
2271.7 0
2272.33 0
2272.96 0
2273.6 0
2274.23 0
2274.87 0
2275.5 0
2276.13 0
2276.77 0
2277.4 0
2278.03 0
2278.67 0
2279.3 0
2279.94 0
2280.57 0
2281.2 0
2281.84 0
2282.47 0
2283.11 0
2283.74 0
2284.37 0
2285.01 0
2285.64 0
2286.27 0
2286.91 0
2287.54 0
2288.18 0
2288.81 0.550691
2289.44 0.802317
2290.08 1.4387
2290.71 2.74741
2291.34 4.90357
2291.98 7.66767
2292.61 10.2364
2293.25 11.5549
2293.88 10.9973
2294.51 8.83542
2295.15 6.03015
2295.78 3.55718
2296.42 1.89607
2297.05 1.01018
2297.68 0.627676
2298.32 0.492507
2298.95 0
2299.58 0
2300.22 0
2300.85 0
2301.49 0
2302.12 0
2302.75 0
2303.39 0
2304.02 0
2304.66 0
2305.29 0
2305.92 0
2306.56 0
2307.19 0
2307.82 0
2308.46 0
2309.09 0
2309.73 0
2310.36 0
2310.99 0
2311.63 0
2312.26 0
2312.89 0
2313.53 0
2314.16 0
2314.8 0
2315.43 0
2316.06 0
2316.7 0
2317.33 0
2317.97 0
2318.6 0
2319.23 0
2319.87 0
2320.5 0
2321.13 0
2321.77 0
2322.4 0
2323.04 0
2323.67 0
2324.3 0
2324.94 0
2325.57 0
2326.21 0
2326.84 0
2327.47 0
2328.11 0
2328.74 0
2329.37 0
2330.01 0
2330.64 0
2331.28 0
2331.91 0
2332.54 0
2333.18 0
2333.81 0
2334.44 0
2335.08 0
2335.71 0
2336.35 0
2336.98 0
2337.61 0
2338.25 0
2338.88 0
2339.52 0
2340.15 0
2340.78 0
2341.42 0
2342.05 0
2342.68 0
2343.32 0
2343.95 0
2344.59 0
2345.22 0
2345.85 0
2346.49 0
2347.12 0
2347.75 0
2348.39 0
2349.02 0
2349.66 0
2350.29 0
2350.92 0
2351.56 0
2352.19 0
2352.83 0
2353.46 0
2354.09 0
2354.73 0
2355.36 0
2355.99 0
2356.63 0
2357.26 0
2357.9 0
2358.53 0
2359.16 0
2359.8 0
2360.43 0
2361.07 0
2361.7 0
2362.33 0
2362.97 0
2363.6 0
2364.23 0
2364.87 0
2365.5 0
2366.14 0
2366.77 0
2367.4 0
2368.04 0
2368.67 0
2369.3 0
2369.94 0
2370.57 0
2371.21 0
2371.84 0
2372.47 0
2373.11 0
2373.74 0
2374.37 0
2375.01 0
2375.64 0
2376.28 0
2376.91 0
2377.54 0
2378.18 0
2378.81 0
2379.45 0
2380.08 0
2380.71 0
2381.35 0
2381.98 0
2382.61 0
2383.25 0
2383.88 0
2384.52 0
2385.15 0
2385.78 0
2386.42 0
2387.05 0
2387.68 0
2388.32 0
2388.95 0
2389.59 0
2390.22 0
2390.85 0
2391.49 0
2392.12 0
2392.76 0
2393.39 0
2394.02 0
2394.66 0
2395.29 0
2395.92 0
2396.56 0
2397.19 0
2397.83 0
2398.46 0
2399.09 0
2399.73 0
2400.36 0
2400.99 0
2401.63 0
2402.26 0
2402.9 0
2403.53 0
2404.16 0
2404.8 0
2405.43 0
2406.07 0
2406.7 0
2407.33 0
2407.97 0
2408.6 0
2409.23 0
2409.87 0
2410.5 0
2411.14 0
2411.77 0
2412.4 0
2413.04 0
2413.67 0
2414.3 0
2414.94 0
2415.57 0
2416.21 0
2416.84 0
2417.47 0
2418.11 0
2418.74 0
2419.37 0
2420.01 0
2420.64 0
2421.28 0
2421.91 0
2422.54 0
2423.18 0
2423.81 0
2424.44 0
2425.08 0
2425.71 0
2426.35 0
2426.98 0
2427.61 0
2428.25 0
2428.88 0
2429.52 0
2430.15 0
2430.78 0
2431.42 0
2432.05 0
2432.68 0
2433.32 0
2433.95 0
2434.59 0
2435.22 0
2435.85 0
2436.49 0
2437.12 0
2437.75 0
2438.39 0
2439.02 0
2439.66 0
2440.29 0
2440.92 0
2441.56 0
2442.19 0
2442.82 0.716569
2443.46 1.58149
2444.09 3.88722
2444.73 8.94152
2445.36 17.95
2445.99 30.738
2446.63 44.5648
2447.26 54.5639
2447.9 56.3716
2448.53 49.1404
2449.16 36.1669
2449.8 22.5154
2450.43 11.9163
2451.06 5.44192
2451.7 2.24442
2452.33 0.94943
2452.97 0
2453.6 0
2454.23 0
2454.87 0
2455.5 0
2456.13 0
2456.77 0
2457.4 0
2458.04 0
2458.67 0
2459.3 0
2459.94 0
2460.57 0
2461.2 0
2461.84 0
2462.47 0
2463.11 0
2463.74 0
2464.37 0
2465.01 0
2465.64 0
2466.27 0
2466.91 0
2467.54 0
2468.18 0
2468.81 0
2469.44 0
2470.08 0
2470.71 0
2471.34 0
2471.98 0
2472.61 0
2473.25 0
2473.88 0
2474.51 0
2475.15 0
2475.78 0
2476.42 0
2477.05 0
2477.68 0
2478.32 0
2478.95 0
2479.58 0
2480.22 0
2480.85 0
2481.49 0
2482.12 0
2482.75 0
2483.39 0
2484.02 0
2484.65 0
2485.29 0
2485.92 0
2486.56 0
2487.19 0
2487.82 0
2488.46 0
2489.09 0
2489.72 0
2490.36 0
2490.99 0
2491.63 0
2492.26 0
2492.89 0
2493.53 0
2494.16 0
2494.79 0
2495.43 0
2496.06 0
2496.7 0
2497.33 0
2497.96 0
2498.6 0
2499.23 0
2499.86 0
2500.5 0
2501.13 0
2501.77 0
2502.4 0
2503.03 0
2503.67 0
2504.3 0
2504.93 0
2505.57 0
2506.2 0
2506.84 0
2507.47 0
2508.1 0
2508.74 0
2509.37 0
2510 0
2510.64 0
2511.27 0
2511.91 0
2512.54 0
2513.17 0
2513.81 0
2514.44 0
2515.07 0
2515.71 0
2516.34 0
2516.98 0
2517.61 0
2518.24 0
2518.88 0
2519.51 0
2520.14 0
2520.78 0
2521.41 0
2522.05 0
2522.68 0
2523.31 0
2523.95 0
2524.58 0
2525.21 0
2525.85 0
2526.48 0
2527.12 0
2527.75 0
2528.38 0
2529.02 0
2529.65 0
2530.28 0
2530.92 0
2531.55 0
2532.19 0
2532.82 0
2533.45 0
2534.09 0
2534.72 0
2535.35 0
2535.99 0
2536.62 0
2537.26 0
2537.89 0
2538.52 0
2539.16 0
2539.79 0
2540.42 0
2541.06 0
2541.69 0
2542.33 0
2542.96 0
2543.59 0
2544.23 0
2544.86 0
2545.49 0
2546.13 0
2546.76 0
2547.4 0
2548.03 0
2548.66 0
2549.3 0
2549.93 0
2550.56 0
2551.2 0
2551.83 0
2552.47 0
2553.1 0
2553.73 0
2554.37 0
2555 0
2555.63 0
2556.27 0
2556.9 0
2557.54 0
2558.17 0
2558.8 0
2559.44 0
2560.07 0
2560.7 0
2561.34 0
2561.97 0
2562.61 0
2563.24 0
2563.87 0
2564.51 0
2565.14 0
2565.77 0
2566.41 0
2567.04 0
2567.68 0
2568.31 0
2568.94 0
2569.58 0
2570.21 0
2570.84 0
2571.48 0
2572.11 0
2572.75 0
2573.38 0
2574.01 0
2574.65 0
2575.28 0
2575.91 0
2576.55 0
2577.18 0
2577.82 0
2578.45 0
2579.08 0
2579.72 0
2580.35 0
2580.98 0
2581.62 0
2582.25 0
2582.89 0
2583.52 0
2584.15 0
2584.79 0
2585.42 0
2586.05 0
2586.69 0
2587.32 0
2587.96 0
2588.59 0
2589.22 0
2589.86 0
2590.49 0
2591.12 0
2591.76 0
2592.39 0
2593.03 0
2593.66 0
2594.29 0
2594.93 0
2595.56 0
2596.19 0
2596.83 0
2597.46 0
2598.1 0
2598.73 0
2599.36 0
2600 0
2600.63 0
2601.26 0
2601.9 0
2602.53 0
2603.17 0
2603.8 0
2604.43 0
2605.07 0
2605.7 0
2606.33 0
2606.97 0
2607.6 0
2608.23 0
2608.87 0
2609.5 0
2610.14 0
2610.77 0
2611.4 0
2612.04 0
2612.67 0
2613.3 0
2613.94 0
2614.57 0
2615.21 0
2615.84 0
2616.47 0
2617.11 0
2617.74 0
2618.37 0
2619.01 0
2619.64 0
2620.28 0
2620.91 0
2621.54 0
2622.18 0
2622.81 0
2623.44 0
2624.08 0
2624.71 0
2625.35 0
2625.98 0
2626.61 0
2627.25 0
2627.88 0
2628.51 0
2629.15 0
2629.78 0
2630.41 0
2631.05 0
2631.68 0
2632.32 0
2632.95 0
2633.58 0
2634.22 0
2634.85 0
2635.48 0
2636.12 0
2636.75 0
2637.39 0
2638.02 0
2638.65 0
2639.29 0
2639.92 0
2640.55 0
2641.19 0
2641.82 0
2642.46 0
2643.09 0
2643.72 0
2644.36 0
2644.99 0
2645.62 0
2646.26 0
2646.89 0
2647.53 0
2648.16 0
2648.79 0
2649.43 0
2650.06 0
2650.69 0
2651.33 0
2651.96 0
2652.59 0
2653.23 0
2653.86 0
2654.5 0
2655.13 0
2655.76 0
2656.4 0
2657.03 0
2657.66 0
2658.3 0
2658.93 0
2659.57 0
2660.2 0
2660.83 0
2661.47 0
2662.1 0
2662.73 0
2663.37 0
2664 0
2664.64 0
2665.27 0
2665.9 0
2666.54 0
2667.17 0
2667.8 0
2668.44 0
2669.07 0
2669.7 0
2670.34 0
2670.97 0
2671.61 0
2672.24 0
2672.87 0
2673.51 0
2674.14 0
2674.77 0
2675.41 0
2676.04 0
2676.68 0
2677.31 0
2677.94 0
2678.58 0
2679.21 0
2679.84 0
2680.48 0
2681.11 0
2681.75 0
2682.38 0
2683.01 0
2683.65 0
2684.28 0
2684.91 0
2685.55 0
2686.18 0
2686.81 0
2687.45 0
2688.08 0
2688.72 0
2689.35 0
2689.98 0
2690.62 0
2691.25 0
2691.88 0
2692.52 0
2693.15 0
2693.79 0
2694.42 0
2695.05 0
2695.69 0
2696.32 0
2696.95 0
2697.59 0
2698.22 0
2698.85 0
2699.49 0
2700.12 0
2700.76 0
2701.39 0
2702.02 0
2702.66 0
2703.29 0
2703.92 0
2704.56 0
2705.19 0
2705.83 0
2706.46 0
2707.09 0
2707.73 0
2708.36 0
2708.99 0
2709.63 0
2710.26 0
2710.89 0
2711.53 0
2712.16 0
2712.8 0
2713.43 0
2714.06 0
2714.7 0
2715.33 0
2715.96 0
2716.6 0
2717.23 0
2717.87 0
2718.5 0
2719.13 0
2719.77 0
2720.4 0
2721.03 0
2721.67 0
2722.3 0
2722.93 0
2723.57 0
2724.2 0
2724.84 0
2725.47 0
2726.1 0
2726.74 0
2727.37 0
2728 0
2728.64 0
2729.27 0
2729.91 0
2730.54 0
2731.17 0
2731.81 0
2732.44 0
2733.07 0
2733.71 0
2734.34 0
2734.97 0
2735.61 0
2736.24 0
2736.88 0
2737.51 0
2738.14 0
2738.78 0
2739.41 0
2740.04 0
2740.68 0
2741.31 0
2741.94 0
2742.58 0
2743.21 0
2743.85 0
2744.48 0
2745.11 0
2745.75 0
2746.38 0
2747.01 0
2747.65 0
2748.28 0
2748.92 0
2749.55 0
2750.18 0
2750.82 0
2751.45 0
2752.08 0
2752.72 0
2753.35 0
2753.98 0
2754.62 0
2755.25 0
2755.89 0
2756.52 0
2757.15 0
2757.79 0
2758.42 0
2759.05 0
2759.69 0
2760.32 0
2760.95 0
2761.59 0
2762.22 0
2762.86 0
2763.49 0
2764.12 0
2764.76 0
2765.39 0
2766.02 0
2766.66 0
2767.29 0
2767.92 0
2768.56 0
2769.19 0
2769.83 0
2770.46 0
2771.09 0
2771.73 0
2772.36 0
2772.99 0
2773.63 0
2774.26 0
2774.9 0
2775.53 0
2776.16 0
2776.8 0
2777.43 0
2778.06 0
2778.7 0
2779.33 0
2779.96 0
2780.6 0
2781.23 0
2781.87 0
2782.5 0
2783.13 0
2783.77 0
2784.4 0
2785.03 0
2785.67 0
2786.3 0
2786.93 0
2787.57 0
2788.2 0
2788.84 0
2789.47 0
2790.1 0
2790.74 0
2791.37 0
2792 0
2792.64 0
2793.27 0
2793.9 0
2794.54 0
2795.17 0
2795.81 0
2796.44 0
2797.07 0
2797.71 0
2798.34 0
2798.97 0
2799.61 0
2800.24 0
2800.87 0
2801.51 0
2802.14 0
2802.78 0
2803.41 0
2804.04 0
2804.68 0
2805.31 0
2805.94 0
2806.58 0
2807.21 0
2807.84 0
2808.48 0
2809.11 0
2809.75 0
2810.38 0
2811.01 0
2811.65 0
2812.28 0
2812.91 0
2813.55 0
2814.18 0
2814.81 0
2815.45 0
2816.08 0
2816.72 0
2817.35 0
2817.98 0
2818.62 0
2819.25 0
2819.88 0
2820.52 0
2821.15 0
2821.78 0
2822.42 0
2823.05 0
2823.69 0
2824.32 0
2824.95 0
2825.59 0
2826.22 0
2826.85 0
2827.49 0
2828.12 0
2828.75 0
2829.39 0
2830.02 0
2830.66 0
2831.29 0
2831.92 0
2832.56 0
2833.19 0
2833.82 0
2834.46 0
2835.09 0
2835.72 0
2836.36 0
2836.99 0
2837.63 0
2838.26 0
2838.89 0
2839.53 0
2840.16 0
2840.79 0
2841.43 0
2842.06 0
2842.69 0
2843.33 0
2843.96 0
2844.6 0
2845.23 0
2845.86 0
2846.5 0
2847.13 0
2847.76 0
2848.4 0
2849.03 0
2849.66 0
2850.3 0
2850.93 0
2851.57 0
2852.2 0
2852.83 0
2853.47 0
2854.1 0
2854.73 0
2855.37 0
2856 0
2856.63 0
2857.27 0
2857.9 0
2858.53 0
2859.17 0
2859.8 0
2860.44 0
2861.07 0
2861.7 0
2862.34 0
2862.97 0
2863.6 0
2864.24 0
2864.87 0
2865.5 0
2866.14 0
2866.77 0
2867.41 0
2868.04 0
2868.67 0
2869.31 0
2869.94 0
2870.57 0
2871.21 0
2871.84 0
2872.47 0
2873.11 0
2873.74 0
2874.38 0
2875.01 0
2875.64 0
2876.28 0
2876.91 0
2877.54 0
2878.18 0
2878.81 0
2879.44 0
2880.08 0
2880.71 0
2881.34 0
2881.98 0
2882.61 0
2883.25 0
2883.88 0
2884.51 0
2885.15 0
2885.78 0
2886.41 0
2887.05 0
2887.68 0
2888.31 0
2888.95 0
2889.58 0
2890.22 0
2890.85 0
2891.48 0
2892.12 0
2892.75 0
2893.38 0
2894.02 0
2894.65 0
2895.28 0
2895.92 0
2896.55 0
2897.18 0
2897.82 0
2898.45 0
2899.09 0
2899.72 0
2900.35 0
2900.99 0
2901.62 0
2902.25 0
2902.89 0
2903.52 0
2904.15 0
2904.79 0
2905.42 0
2906.06 0
2906.69 0
2907.32 0
2907.96 0
2908.59 0
2909.22 0
2909.86 0
2910.49 0
2911.12 0
2911.76 0
2912.39 0
2913.02 0
2913.66 0
2914.29 0
2914.93 0
2915.56 0
2916.19 0
2916.83 0
2917.46 0
2918.09 0
2918.73 0
2919.36 0
2919.99 0
2920.63 0
2921.26 0
2921.89 0
2922.53 0
2923.16 0
2923.8 0
2924.43 0
2925.06 0
2925.7 0
2926.33 0
2926.96 0
2927.6 0
2928.23 0
2928.86 0
2929.5 0
2930.13 0
2930.76 0
2931.4 0
2932.03 0
2932.67 0
2933.3 0
2933.93 0
2934.57 0
2935.2 0
2935.83 0
2936.47 0
2937.1 0
2937.73 0
2938.37 0
2939 0
2939.63 0
2940.27 0
2940.9 0
2941.54 0
2942.17 0
2942.8 0
2943.44 0
2944.07 0
2944.7 0
2945.34 0
2945.97 0
2946.6 0
2947.24 0
2947.87 0
2948.5 0
2949.14 0
2949.77 0
2950.41 0
2951.04 0
2951.67 0
2952.31 0
2952.94 0
2953.57 0
2954.21 0
2954.84 0
2955.47 0
2956.11 0
2956.74 0
2957.37 0
2958.01 0
2958.64 0
2959.28 0
2959.91 0
2960.54 0
2961.18 0
2961.81 0
2962.44 0
2963.08 0
2963.71 0
2964.34 0
2964.98 0
2965.61 0
2966.24 0
2966.88 0
2967.51 0
2968.15 0
2968.78 0
2969.41 0
2970.05 0
2970.68 0
2971.31 0
2971.95 0
2972.58 0
2973.21 0
2973.85 0
2974.48 0
2975.11 0
2975.75 0
2976.38 0
2977.02 0
2977.65 0
2978.28 0
2978.92 0
2979.55 0
2980.18 0
2980.82 0
2981.45 0
2982.08 0
2982.72 0
2983.35 0
2983.98 0
2984.62 0
2985.25 0
2985.88 0
2986.52 0
2987.15 0
2987.79 0
2988.42 0
2989.05 0
2989.69 0
2990.32 0
2990.95 0
2991.59 0
2992.22 0
2992.85 0
2993.49 0
2994.12 0
2994.75 0
2995.39 0
2996.02 0
2996.66 0
2997.29 0
2997.92 0
2998.56 0
2999.19 0
2999.82 0
3000.46 0
3001.09 0
3001.72 0
3002.36 0
3002.99 0
3003.62 0
3004.26 0
3004.89 0
3005.52 0
3006.16 0
3006.79 0
3007.43 0
3008.06 0
3008.69 0
3009.33 0
3009.96 0
3010.59 0
3011.23 0
3011.86 0
3012.49 0
3013.13 0
3013.76 0
3014.39 0
3015.03 0
3015.66 0
3016.29 0
3016.93 0
3017.56 0
3018.2 0
3018.83 0
3019.46 0
3020.1 0
3020.73 0
3021.36 0
3022 0
3022.63 0
3023.26 0
3023.9 0
3024.53 0
3025.16 0
3025.8 0
3026.43 0
3027.06 0
3027.7 0
3028.33 0
3028.97 0
3029.6 0
3030.23 0
3030.87 0
3031.5 0
3032.13 0
3032.77 0
3033.4 0
3034.03 0
3034.67 0
3035.3 0
3035.93 0
3036.57 0
3037.2 0
3037.83 0
3038.47 0
3039.1 0
3039.74 0
3040.37 0
3041 0
3041.64 0
3042.27 0
3042.9 0
3043.54 0
3044.17 0
3044.8 0
3045.44 0
3046.07 0
3046.7 0
3047.34 0
3047.97 0
3048.6 0
3049.24 0
3049.87 0
3050.5 0
3051.14 0
3051.77 0
3052.41 0
3053.04 0
3053.67 0
3054.31 0
3054.94 0
3055.57 0
3056.21 0
3056.84 0
3057.47 0
3058.11 0
3058.74 0
3059.37 0
3060.01 0
3060.64 0
3061.27 0
3061.91 0
3062.54 0
3063.18 0
3063.81 0
3064.44 0
3065.08 0
3065.71 0
3066.34 0
3066.98 0
3067.61 0
3068.24 0
3068.88 0
3069.51 0
3070.14 0
3070.78 0
3071.41 0
3072.04 0
3072.68 0
3073.31 0
3073.94 0
3074.58 0
3075.21 0
3075.85 0
3076.48 0
3077.11 0
3077.75 0
3078.38 0
3079.01 0
3079.65 0
3080.28 0
3080.91 0
3081.55 0
3082.18 0
3082.81 0
3083.45 0
3084.08 0
3084.71 0
3085.35 0
3085.98 0
3086.61 0
3087.25 0
3087.88 0
3088.52 0
3089.15 0
3089.78 0
3090.42 0
3091.05 0
3091.68 0
3092.32 0
3092.95 0
3093.58 0
3094.22 0
3094.85 0
3095.48 0
3096.12 0
3096.75 0
3097.38 0
3098.02 0
3098.65 0
3099.28 0
3099.92 0
3100.55 0
3101.18 0
3101.82 0
3102.45 0
3103.09 0
3103.72 0
3104.35 0
3104.99 0
3105.62 0
3106.25 0
3106.89 0
3107.52 0
3108.15 0
3108.79 0
3109.42 0
3110.05 0
3110.69 0
3111.32 0
3111.95 0
3112.59 0
3113.22 0
3113.85 0
3114.49 0
3115.12 0
3115.75 0
3116.39 0
3117.02 0
3117.66 0
3118.29 0
3118.92 0
3119.56 0
3120.19 0
3120.82 0
3121.46 0
3122.09 0
3122.72 0
3123.36 0
3123.99 0
3124.62 0
3125.26 0
3125.89 0
3126.52 0
3127.16 0
3127.79 0
3128.42 0
3129.06 0
3129.69 0
3130.32 0
3130.96 0
3131.59 0
3132.23 0
3132.86 0
3133.49 0
3134.13 0
3134.76 0
3135.39 0
3136.03 0
3136.66 0
3137.29 0
3137.93 0
3138.56 0
3139.19 0
3139.83 0
3140.46 0
3141.09 0
3141.73 0
3142.36 0
3142.99 0
3143.63 0
3144.26 0
3144.89 0
3145.53 0
3146.16 0
3146.79 0
3147.43 0
3148.06 0
3148.7 0
3149.33 0
3149.96 0
3150.6 0
3151.23 0
3151.86 0
3152.5 0
3153.13 0
3153.76 0
3154.4 0
3155.03 0
3155.66 0
3156.3 0
3156.93 0
3157.56 0
3158.2 0
3158.83 0
3159.46 0
3160.1 0
3160.73 0
3161.36 0
3162 0
3162.63 0
3163.26 0
3163.9 0
3164.53 0
3165.16 0
3165.8 0
3166.43 0
3167.07 0
3167.7 0
3168.33 0
3168.97 0
3169.6 0
3170.23 0
3170.87 0
3171.5 0
3172.13 0
3172.77 0
3173.4 0
3174.03 0
3174.67 0
3175.3 0
3175.93 0
3176.57 0
3177.2 0
3177.83 0
3178.47 0
3179.1 0
3179.73 0
3180.37 0
3181 0
3181.63 0
3182.27 0
3182.9 0
3183.53 0
3184.17 0
3184.8 0
3185.43 0
3186.07 0
3186.7 0
3187.34 0
3187.97 0
3188.6 0
3189.24 0
3189.87 0
3190.5 0
3191.14 0
3191.77 0
3192.4 0
3193.04 0
3193.67 0
3194.3 0
3194.94 0
3195.57 0
3196.2 0
3196.84 0
3197.47 0
3198.1 0
3198.74 0
