0.276815 0
0.91682 0
1.55682 0
2.19683 0
2.83683 0
3.47684 0
4.11684 0
4.75685 0
5.39685 0
6.03686 0
6.67686 0
7.31687 0
7.95688 0
8.59688 0
9.23689 0
9.87689 0
10.5169 0
11.1569 0
11.7969 0
12.4369 0
13.0769 0
13.7169 0
14.3569 0
14.9969 0
15.637 0
16.277 0
16.917 0
17.557 0
18.197 0
18.837 0
19.477 0
20.117 0
20.757 0
21.397 0
22.037 0
22.6771 0
23.3171 0
23.9571 0
24.5971 0
25.2371 0
25.8771 0
26.5171 0
27.1571 0
27.7971 0
28.4371 0
29.0772 0
29.7172 0
30.3572 0
30.9972 0
31.6372 0
32.2772 0
32.9172 0
33.5572 0
34.1972 0
34.8373 0
35.4773 0
36.1173 0
36.7573 0
37.3973 0
38.0373 0
38.6773 0
39.3173 0
39.9574 0
40.5974 0
41.2374 0
41.8774 377.184
42.5174 376.635
43.1574 376.091
43.7974 375.635
44.4375 375.943
45.0775 379.483
45.7175 388.511
46.3575 396.662
46.9975 393.287
47.6375 382.176
48.2775 374.349
48.9176 371.533
49.5576 370.622
50.1976 370.053
50.8376 369.63
51.4776 369.895
52.1176 371.983
52.7577 375.31
53.3977 375.876
54.0377 372.202
54.6777 368.116
55.3177 366.019
55.9577 365.135
56.5978 364.547
57.2378 363.995
57.8778 363.445
58.5178 0
59.1578 0
59.7978 0
60.4379 0
61.0779 0
61.7179 0
62.3579 0
62.9979 0
63.6379 0
64.278 0
64.918 0
65.558 0
66.198 0
66.838 0
67.4781 0
68.1181 0
68.7581 0
69.3981 0
70.0381 0
70.6782 0
71.3182 0
71.9582 0
72.5982 0
73.2382 0
73.8783 0
74.5183 0
75.1583 0
75.7983 0
76.4384 0
77.0784 0
77.7184 0
78.3584 0
78.9984 0
79.6385 0
80.2785 0
80.9185 0
81.5585 0
82.1986 0
82.8386 0
83.4786 0
84.1186 0
84.7586 0
85.3987 0
86.0387 0
86.6787 0
87.3187 0
87.9588 0
88.5988 0
89.2388 0
89.8788 0
90.5189 0
91.1589 0
91.7989 0
92.4389 0
93.079 0
93.719 0
94.359 0
94.999 0
95.6391 0
96.2791 0
96.9191 0
97.5591 0
98.1992 0
98.8392 0
99.4792 0
100.119 0
100.759 0
101.399 0
102.039 0
102.679 0
103.319 0
103.959 0
104.599 0
105.239 0
105.879 0
106.52 0
107.16 0
107.8 0
108.44 0
109.08 0
109.72 0
110.36 0
111 0
111.64 0
112.28 0
112.92 0
113.56 0
114.2 0
114.84 0
115.48 0
116.12 0
116.76 0
117.4 0
118.04 0
118.68 0
119.32 0
119.96 0
120.6 0
121.24 0
121.88 0
122.52 0
123.16 0
123.8 0
124.44 0
125.08 0
125.72 0
126.36 0
127.001 0
127.641 0
128.281 0
128.921 0
129.561 0
130.201 0
130.841 0
131.481 0
132.121 0
132.761 0
133.401 0
134.041 0
134.681 0
135.321 0
135.961 0
136.601 0
137.241 0
137.881 0
138.521 0
139.161 0
139.801 0
140.441 0
141.081 0
141.721 0
142.361 0
143.001 0
143.641 0
144.281 0
144.921 0
145.562 0
146.202 0
146.842 0
147.482 0
148.122 0
148.762 0
149.402 0
150.042 0
150.682 0
151.322 0
151.962 0
152.602 0
153.242 0
153.882 0
154.522 0
155.162 0
155.802 0
156.442 0
157.082 0
157.722 0
158.362 0
159.002 0
159.642 0
160.282 0
160.922 0
161.562 0
162.203 0
162.843 0
163.483 0
164.123 0
164.763 0
165.403 0
166.043 0
166.683 0
167.323 0
167.963 0
168.603 0
169.243 0
169.883 0
170.523 0
171.163 0
171.803 0
172.443 0
173.083 0
173.723 0
174.363 0
175.003 0
175.643 0
176.283 0
176.923 0
177.564 0
178.204 0
178.844 0
179.484 0
180.124 0
180.764 0
181.404 719.217
182.044 717.054
182.684 715.114
183.324 716.158
183.964 739.436
184.604 850.443
185.244 1117.33
185.884 1404.99
186.524 1406.63
187.164 1117.9
187.804 844.093
188.444 725.696
189.084 696.868
189.724 691.241
190.364 688.809
191.004 686.625
191.645 0
192.285 0
192.925 0
193.565 0
194.205 0
194.845 0
195.485 0
196.125 0
196.765 0
197.405 0
198.045 0
198.685 0
199.325 0
199.965 0
200.605 0
201.245 0
201.885 0
202.525 0
203.165 0
203.805 0
204.446 0
205.086 0
205.726 0
206.366 0
207.006 0
207.646 0
208.286 0
208.926 0
209.566 0
210.206 0
210.846 0
211.486 0
212.126 0
212.766 0
213.406 0
214.046 0
214.686 0
215.326 0
215.966 0
216.606 0
217.247 0
217.887 0
218.527 0
219.167 0
219.807 0
220.447 0
221.087 0
221.727 0
222.367 0
223.007 0
223.647 0
224.287 0
224.927 0
225.567 0
226.207 0
226.847 0
227.487 0
228.127 0
228.767 0
229.408 0
230.048 0
230.688 0
231.328 0
231.968 0
232.608 0
233.248 0
233.888 0
234.528 0
235.168 0
235.808 0
236.448 0
237.088 482.118
237.728 478.308
238.368 474.894
239.008 476.561
239.648 515.654
240.288 705.294
240.929 1183.33
241.569 1760.23
242.209 1870.27
242.849 1379.15
243.489 813.405
244.129 528.682
244.769 449.056
245.409 433.483
246.049 428.583
246.689 424.696
247.329 0
247.969 0
248.609 0
249.249 0
249.889 0
250.529 0
251.169 0
251.81 0
252.45 0
253.09 0
253.73 0
254.37 378.068
255.01 376.378
255.65 374.87
256.29 374.952
256.93 382.79
257.57 410.017
258.21 453.98
258.85 477.468
259.49 451.875
260.13 404.498
260.77 373.173
261.41 361.481
262.051 357.861
262.691 355.941
263.331 354.223
263.971 0
264.611 0
265.251 0
265.891 0
266.531 0
267.171 0
267.811 0
268.451 0
269.091 0
269.731 0
270.371 344.757
271.011 343.182
271.651 341.816
272.292 342.12
272.932 349.928
273.572 374.8
274.212 411.581
274.852 426.956
275.492 399.374
276.132 352.186
276.772 316.322
277.412 302.01
278.052 305.503
278.692 314.65
279.332 319.801
279.972 320.426
280.612 319.254
281.252 317.71
281.892 316.122
282.533 0
283.173 0
283.813 0
284.453 0
285.093 0
285.733 0
286.373 0
287.013 0
287.653 0
288.293 0
288.933 0
289.573 0
290.213 309.265
290.853 307.002
291.493 305.545
292.134 314.19
292.774 396.956
293.414 785.174
294.054 1802.69
294.694 3160.46
295.334 3648.92
295.974 2711.42
296.614 1363.94
297.254 579.663
297.894 331.726
298.534 284.567
299.174 277.36
299.814 274.731
300.454 0
301.095 0
301.735 0
302.375 0
303.015 0
303.655 0
304.295 0
304.935 0
305.575 0
306.215 0
306.855 0
307.495 0
308.135 0
308.775 0
309.415 0
310.056 0
310.696 0
311.336 0
311.976 0
312.616 0
313.256 0
313.896 0
314.536 0
315.176 0
315.816 0
316.456 0
317.096 0
317.736 0
318.376 0
319.017 0
319.657 0
320.297 0
320.937 0
321.577 0
322.217 0
322.857 0
323.497 0
324.137 0
324.777 0
325.417 0
326.057 0
326.697 0
327.337 0
327.978 0
328.618 0
329.258 0
329.898 0
330.538 0
331.178 0
331.818 0
332.458 0
333.098 0
333.738 0
334.378 0
335.018 0
335.658 0
336.299 0
336.939 0
337.579 0
338.219 0
338.859 0
339.499 0
340.139 0
340.779 0
341.419 0
342.059 0
342.699 0
343.339 0
343.979 0
344.62 0
345.26 0
345.9 0
346.54 0
347.18 237.8
347.82 234.315
348.46 236.351
349.1 288.774
349.74 611.961
350.38 1739.15
351.02 3937.66
351.66 5932.41
352.3 5730.04
352.941 3554
353.581 1477.8
354.221 502.322
354.861 237.83
355.501 191.954
356.141 183.929
356.781 179.808
357.421 0
358.061 0
358.701 0
359.341 0
359.981 0
360.622 0
361.262 0
361.902 0
362.542 0
363.182 0
363.822 0
364.462 0
365.102 0
365.742 0
366.382 0
367.022 0
367.662 0
368.303 0
368.943 0
369.583 0
370.223 0
370.863 0
371.503 0
372.143 0
372.783 0
373.423 0
374.063 0
374.703 0
375.343 0
375.984 0
376.624 0
377.264 0
377.904 0
378.544 0
379.184 0
379.824 0
380.464 0
381.104 0
381.744 0
382.384 162.86
383.024 162.556
383.665 162.445
384.305 163.585
384.945 169.406
385.585 184.327
386.225 204.81
386.865 217.533
387.505 220.075
388.145 224.751
388.785 228.25
389.425 214.58
390.065 188.728
390.706 168.966
391.346 160.615
391.986 158.331
392.626 157.715
393.266 157.364
393.906 0
394.546 0
395.186 0
395.826 0
396.466 0
397.106 0
397.746 0
398.387 0
399.027 0
399.667 0
400.307 0
400.947 0
401.587 0
402.227 0
402.867 0
403.507 0
404.147 0
404.787 0
405.428 0
406.068 0
406.708 0
407.348 0
407.988 0
408.628 0
409.268 0
409.908 0
410.548 0
411.188 0
411.828 0
412.469 0
413.109 0
413.749 0
414.389 0
415.029 0
415.669 0
416.309 0
416.949 0
417.589 0
418.229 0
418.869 0
419.51 0
420.15 0
420.79 0
421.43 0
422.07 0
422.71 0
423.35 0
423.99 0
424.63 0
425.27 0
425.91 0
426.551 0
427.191 0
427.831 0
428.471 0
429.111 0
429.751 0
430.391 0
431.031 0
431.671 0
432.311 0
432.952 0
433.592 0
434.232 0
434.872 0
435.512 0
436.152 0
436.792 0
437.432 0
438.072 0
438.712 0
439.352 0
439.993 0
440.633 0
441.273 0
441.913 0
442.553 0
443.193 0
443.833 0
444.473 0
445.113 0
445.753 0
446.394 0
447.034 0
447.674 0
448.314 0
448.954 0
449.594 0
450.234 110.182
450.874 109.741
451.514 109.389
452.154 109.625
452.795 112.187
453.435 119.761
454.075 131.312
454.715 138.157
455.355 132.955
455.995 120.636
456.635 110.863
457.275 106.436
457.915 104.968
458.555 104.391
459.196 104.214
459.836 105.217
460.476 109.248
461.116 116.818
461.756 123.245
462.396 122.009
463.036 113.942
463.676 105.932
464.316 101.664
464.956 100.073
465.597 99.412
466.237 98.9373
466.877 98.4855
467.517 0
468.157 0
468.797 0
469.437 0
470.077 0
470.717 0
471.357 0
471.998 0
472.638 0
473.278 0
473.918 0
474.558 0
475.198 0
475.838 90.3527
476.478 89.9369
477.118 89.6454
477.758 90.1712
478.399 93.9338
479.039 104.774
479.679 121.603
480.319 132.454
480.959 126.224
481.599 108.885
482.239 94.4116
482.879 87.6798
483.519 85.6033
484.16 85.4116
484.8 87.8273
485.44 97.1687
486.08 116.537
486.72 136.993
487.36 140.243
488 122.506
488.64 100.252
489.28 86.9049
489.92 82.0217
490.561 80.6415
491.201 80.0837
491.841 79.6441
492.481 0
493.121 0
493.761 0
494.401 0
495.041 0
495.681 0
496.322 0
496.962 0
497.602 0
498.242 0
498.882 0
499.522 0
500.162 0
500.802 0
501.442 0
502.083 0
502.723 0
503.363 0
504.003 0
504.643 0
505.283 0
505.923 0
506.563 0
507.203 0
507.843 0
508.484 0
509.124 0
509.764 0
510.404 0
511.044 0
511.684 0
512.324 0
512.964 0
513.604 0
514.245 0
514.885 0
515.525 0
516.165 0
516.805 0
517.445 0
518.085 0
518.725 0
519.365 0
520.006 0
520.646 0
521.286 0
521.926 0
522.566 0
523.206 0
523.846 0
524.486 0
525.126 0
525.767 0
526.407 0
527.047 0
527.687 0
528.327 0
528.967 0
529.607 0
530.247 0
530.887 0
531.528 0
532.168 0
532.808 0
533.448 0
534.088 0
534.728 0
535.368 0
536.008 0
536.649 0
537.289 0
537.929 0
538.569 0
539.209 0
539.849 0
540.489 0
541.129 0
541.769 0
542.41 0
543.05 0
543.69 0
544.33 0
544.97 0
545.61 0
546.25 0
546.89 0
547.53 0
548.171 0
548.811 0
549.451 0
550.091 0
550.731 0
551.371 0
552.011 0
552.651 0
553.292 0
553.932 0
554.572 0
555.212 0
555.852 0
556.492 0
557.132 0
557.772 0
558.412 0
559.053 0
559.693 0
560.333 0
560.973 0
561.613 0
562.253 0
562.893 0
563.533 0
564.174 0
564.814 0
565.454 0
566.094 0
566.734 0
567.374 0
568.014 0
568.654 0
569.294 0
569.935 0
570.575 0
571.215 0
571.855 0
572.495 0
573.135 0
573.775 0
574.415 0
575.056 0
575.696 61.3924
576.336 61.0765
576.976 61.0268
577.616 62.349
578.256 67.9652
578.896 80.8237
579.536 96.9939
580.177 103.954
580.817 94.7442
581.457 78.1013
582.097 66.111
582.737 61.2399
583.377 59.6415
584.017 58.4474
584.657 57.2518
585.298 56.3739
585.938 55.8223
586.578 55.4225
587.218 55.0635
587.858 54.7112
588.498 0
589.138 0
589.778 0
590.418 0
591.059 0
591.699 0
592.339 0
592.979 0
593.619 0
594.259 0
594.899 0
595.539 0
596.18 0
596.82 0
597.46 0
598.1 0
598.74 0
599.38 0
600.02 0
600.66 0
601.301 0
601.941 0
602.581 0
603.221 0
603.861 0
604.501 65.688
605.141 65.4538
605.781 75.5791
606.422 152.921
607.062 504.956
607.702 1519.54
608.342 3295.05
608.982 4900.99
609.622 4951.95
610.262 3398.53
610.903 1596.92
611.543 533.366
612.183 151.516
612.823 62.7864
613.463 48.2676
614.103 45.6061
614.743 0
615.383 0
616.024 0
616.664 0
617.304 0
617.944 0
618.584 0
619.224 0
619.864 0
620.504 0
621.145 0
621.785 0
622.425 0
623.065 0
623.705 0
624.345 0
624.985 0
625.625 0
626.266 0
626.906 0
627.546 0
628.186 0
628.826 0
629.466 0
630.106 0
630.746 0
631.387 0
632.027 0
632.667 0
633.307 0
633.947 0
634.587 0
635.227 0
635.868 0
636.508 0
637.148 0
637.788 0
638.428 0
639.068 0
639.708 0
640.348 0
640.989 0
641.629 0
642.269 0
642.909 0
643.549 0
644.189 0
644.829 0
645.47 0
646.11 0
646.75 0
647.39 0
648.03 0
648.67 0
649.31 0
649.95 0
650.591 0
651.231 0
651.871 0
652.511 0
653.151 0
653.791 0
654.431 0
655.072 0
655.712 0
656.352 0
656.992 42.455
657.632 42.106
658.272 41.7905
658.912 41.6581
659.552 42.1559
660.193 43.9082
660.833 46.6978
661.473 48.6619
662.113 48.4859
662.753 49.9629
663.393 64.3986
664.033 104.43
664.674 163.065
665.314 201.017
665.954 183.54
666.594 126.649
667.234 74.3671
667.874 47.2533
668.514 38.2258
669.155 36.0302
669.795 35.4156
670.435 35.0373
671.075 0
671.715 0
672.355 0
672.995 0
673.635 0
674.276 0
674.916 0
675.556 0
676.196 0
676.836 0
677.476 0
678.116 0
678.757 0
679.397 0
680.037 0
680.677 0
681.317 0
681.957 0
682.597 0
683.238 0
683.878 0
684.518 0
685.158 0
685.798 0
686.438 0
687.078 0
687.719 0
688.359 0
688.999 0
689.639 0
690.279 0
690.919 0
691.559 0
692.199 0
692.84 0
693.48 0
694.12 0
694.76 0
695.4 0
696.04 0
696.68 0
697.321 0
697.961 0
698.601 40.9638
699.241 40.7654
699.881 40.8919
700.521 42.5395
701.161 48.6447
701.802 62.0444
702.442 79.0717
703.082 87.6729
703.722 79.8776
704.362 62.5639
705.002 48.0721
705.642 40.8979
706.283 38.4949
706.923 37.8023
707.563 37.4924
708.203 0
708.843 0
709.483 0
710.123 0
710.764 0
711.404 0
712.044 0
712.684 0
713.324 0
713.964 0
714.604 0
715.245 35.9256
715.885 36.269
716.525 36.7996
717.165 38.2622
717.805 42.6678
718.445 52.4418
719.085 65.9936
719.726 74.9153
720.366 71.6983
721.006 59.5864
721.646 48.119
722.286 42.12
722.926 40.2861
723.566 40.1177
724.207 40.3602
724.847 40.6689
725.487 0
726.127 0
726.767 0
727.407 0
728.048 0
728.688 0
729.328 0
729.968 0
730.608 0
731.248 0
731.888 0
732.529 0
733.169 0
733.809 0
734.449 0
735.089 0
735.729 0
736.369 0
737.01 0
737.65 0
738.29 0
738.93 0
739.57 0
740.21 0
740.85 0
741.491 0
742.131 0
742.771 0
743.411 0
744.051 0
744.691 0
745.331 0
745.972 0
746.612 0
747.252 0
747.892 0
748.532 0
749.172 0
749.813 0
750.453 0
751.093 0
751.733 0
752.373 0
753.013 0
753.653 0
754.294 0
754.934 0
755.574 0
756.214 0
756.854 0
757.494 0
758.134 34.1091
758.775 34.1044
759.415 34.1065
760.055 34.1491
760.695 34.3523
761.335 34.9504
761.975 36.0624
762.616 37.2416
763.256 37.6054
763.896 36.8903
764.536 36.3391
765.176 40.2127
765.816 61.9923
766.456 130.534
767.097 267.906
767.737 430.248
768.377 503.304
769.017 422.732
769.657 259.277
770.297 125.373
770.938 59.9466
771.578 39.1555
772.218 34.7084
772.858 34.054
773.498 0
774.138 0
774.778 0
775.419 0
776.059 0
776.699 0
777.339 0
777.979 0
778.619 0
779.26 0
779.9 0
780.54 0
781.18 35.8666
781.82 35.64
782.46 35.7913
783.1 37.8829
783.741 46.4402
784.381 67.9742
785.021 101.488
785.661 128.713
786.301 127.334
786.941 98.3578
787.582 64.7341
788.222 43.617
788.862 35.1022
789.502 32.6549
790.142 31.9858
790.782 31.6571
791.422 0
792.063 0
792.703 0
793.343 0
793.983 0
794.623 0
795.263 0
795.904 0
796.544 0
797.184 0
797.824 0
798.464 0
799.104 0
799.744 0
800.385 0
801.025 0
801.665 36.131
802.305 36.1379
802.945 37.0758
803.585 41.9521
804.226 57.4322
804.866 89.0517
805.506 127.752
806.146 147.372
806.786 130.921
807.426 92.5844
808.067 59.1353
808.707 41.7584
809.347 35.7932
809.987 34.3122
810.627 33.9481
811.267 0
811.907 0
812.548 0
813.188 0
813.828 0
814.468 0
815.108 0
815.748 0
816.389 0
817.029 0
817.669 0
818.309 0
818.949 0
819.589 0
820.23 0
820.87 0
821.51 0
822.15 0
822.79 0
823.43 0
824.071 0
824.711 0
825.351 0
825.991 0
826.631 0
827.271 0
827.911 0
828.552 0
829.192 0
829.832 0
830.472 0
831.112 0
831.752 0
832.393 0
833.033 0
833.673 0
834.313 36.0892
834.953 35.946
835.593 36.0434
836.234 37.2924
836.874 42.1442
837.514 53.7993
838.154 71.1997
838.794 84.6853
839.434 83.3231
840.075 68.157
840.715 50.8218
841.355 39.8605
841.995 35.3426
842.635 33.9877
843.275 33.5884
843.916 33.3794
844.556 0
845.196 0
845.836 0
846.476 0
847.116 0
847.757 0
848.397 0
849.037 0
849.677 0
850.317 0
850.957 0
851.598 0
852.238 0
852.878 0
853.518 0
854.158 0
854.798 0
855.439 0
856.079 36.2537
856.719 36.5487
857.359 36.8193
857.999 36.9939
858.639 36.9279
859.279 36.5238
859.92 36.0077
860.56 35.9321
861.2 36.6138
861.84 37.73
862.48 38.7302
863.12 39.3931
863.761 39.8172
864.401 40.1461
865.041 40.4506
865.681 0
866.321 0
866.961 0
867.602 0
868.242 0
868.882 0
869.522 0
870.162 0
870.802 0
871.443 0
872.083 0
872.723 0
873.363 0
874.003 0
874.644 0
875.284 0
875.924 0
876.564 0
877.204 0
877.844 0
878.485 0
879.125 0
879.765 0
880.405 0
881.045 0
881.685 0
882.326 0
882.966 0
883.606 0
884.246 0
884.886 0
885.526 0
886.167 0
886.807 0
887.447 0
888.087 0
888.727 0
889.367 0
890.008 0
890.648 0
891.288 0
891.928 0
892.568 0
893.208 0
893.849 0
894.489 0
895.129 0
895.769 0
896.409 0
897.049 0
897.69 0
898.33 0
898.97 0
899.61 0
900.25 0
900.89 0
901.531 0
902.171 0
902.811 0
903.451 0
904.091 0
904.731 0
905.372 0
906.012 0
906.652 0
907.292 0
907.932 0
908.573 0
909.213 0
909.853 0
910.493 0
911.133 0
911.773 0
912.414 0
913.054 0
913.694 0
914.334 0
914.974 0
915.614 0
916.255 0
916.895 0
917.535 0
918.175 0
918.815 0
919.455 0
920.096 0
920.736 0
921.376 0
922.016 0
922.656 0
923.297 0
923.937 0
924.577 0
925.217 0
925.857 0
926.497 0
927.138 0
927.778 0
928.418 0
929.058 33.979
929.698 33.9058
930.338 34.6048
930.979 39.2066
931.619 57.0848
932.259 103.668
932.899 183.353
933.539 263.633
934.179 287.854
934.82 235.789
935.46 149.003
936.1 80.3308
936.74 46.1738
937.38 34.6259
938.021 31.7988
938.661 31.1774
939.301 0
939.941 0
940.581 0
941.221 0
941.862 0
942.502 0
943.142 0
943.782 0
944.422 0
945.063 0
945.703 0
946.343 0
946.983 0
947.623 0
948.263 0
948.904 0
949.544 0
950.184 0
950.824 0
951.464 0
952.104 0
952.745 0
953.385 0
954.025 0
954.665 0
955.305 0
955.946 0
956.586 0
957.226 0
957.866 0
958.506 0
959.146 32.5794
959.787 32.5744
960.427 32.6768
961.067 33.2865
961.707 35.5116
962.347 40.9863
962.988 49.8184
963.628 58.0673
964.268 59.8083
964.908 53.594
965.548 44.2536
966.188 37.1681
966.829 33.7339
967.469 32.5906
968.109 32.3108
968.749 32.2465
969.389 0
970.029 0
970.67 0
971.31 0
971.95 0
972.59 0
973.23 0
973.871 0
974.511 0
975.151 0
975.791 0
976.431 0
977.071 0
977.712 0
978.352 0
978.992 0
979.632 0
980.272 0
980.913 0
981.553 0
982.193 0
982.833 0
983.473 0
984.113 0
984.754 0
985.394 0
986.034 0
986.674 0
987.314 0
987.955 0
988.595 0
989.235 0
989.875 0
990.515 0
991.156 0
991.796 0
992.436 0
993.076 0
993.716 0
994.356 0
994.997 0
995.637 0
996.277 0
996.917 0
997.557 0
998.198 0
998.838 0
999.478 0
1000.12 0
1000.76 0
1001.4 0
1002.04 0
1002.68 0
1003.32 0
1003.96 0
1004.6 0
1005.24 0
1005.88 0
1006.52 0
1007.16 0
1007.8 0
1008.44 0
1009.08 0
1009.72 0
1010.36 0
1011 0
1011.64 0
1012.28 0
1012.92 0
1013.56 0
1014.2 0
1014.84 0
1015.48 0
1016.12 0
1016.76 0
1017.4 0
1018.04 0
1018.68 0
1019.32 0
1019.96 0
1020.6 0
1021.24 0
1021.88 0
1022.52 0
1023.16 0
1023.8 0
1024.45 0
1025.09 0
1025.73 0
1026.37 0
1027.01 0
1027.65 0
1028.29 0
1028.93 0
1029.57 0
1030.21 0
1030.85 0
1031.49 0
1032.13 0
1032.77 0
1033.41 0
1034.05 0
1034.69 0
1035.33 0
1035.97 0
1036.61 0
1037.25 0
1037.89 0
1038.53 0
1039.17 0
1039.81 0
1040.45 0
1041.09 0
1041.73 0
1042.37 0
1043.01 0
1043.65 0
1044.29 0
1044.93 0
1045.57 0
1046.21 0
1046.85 0
1047.49 25.396
1048.13 25.2298
1048.77 25.4025
1049.41 26.7007
1050.05 30.442
1050.69 37.1714
1051.33 44.478
1051.97 47.5134
1052.61 43.7154
1053.25 35.8515
1053.89 28.7359
1054.53 24.6245
1055.17 22.8974
1055.81 22.2508
1056.45 21.926
1057.09 0
1057.74 0
1058.38 0
1059.02 0
1059.66 0
1060.3 0
1060.94 0
1061.58 0
1062.22 0
1062.86 0
1063.5 0
1064.14 0
1064.78 0
1065.42 24.7585
1066.06 24.8151
1066.7 25.1032
1067.34 26.1848
1067.98 29.0628
1068.62 34.3023
1069.26 40.3247
1069.9 43.4419
1070.54 41.2668
1071.18 35.5019
1071.82 29.9143
1072.46 26.5909
1073.1 25.2515
1073.74 24.8728
1074.38 24.7977
1075.02 0
1075.66 0
1076.3 0
1076.94 0
1077.58 0
1078.22 0
1078.86 0
1079.5 0
1080.14 0
1080.78 0
1081.42 0
1082.06 0
1082.7 0
1083.34 0
1083.98 0
1084.62 0
1085.26 0
1085.9 0
1086.54 0
1087.18 0
1087.82 0
1088.46 0
1089.1 0
1089.74 0
1090.38 0
1091.03 0
1091.67 0
1092.31 0
1092.95 0
1093.59 0
1094.23 0
1094.87 0
1095.51 0
1096.15 0
1096.79 0
1097.43 0
1098.07 0
1098.71 0
1099.35 0
1099.99 0
1100.63 0
1101.27 0
1101.91 0
1102.55 0
1103.19 0
1103.83 0
1104.47 0
1105.11 0
1105.75 0
1106.39 0
1107.03 0
1107.67 0
1108.31 0
1108.95 0
1109.59 0
1110.23 0
1110.87 0
1111.51 0
1112.15 0
1112.79 0
1113.43 0
1114.07 0
1114.71 0
1115.35 24.6933
1115.99 25.4843
1116.63 31.9312
1117.27 61.8477
1117.91 158.677
1118.55 378.097
1119.19 712.801
1119.83 1016.24
1120.47 1082.96
1121.11 861.374
1121.75 514.255
1122.39 235.735
1123.04 90.2119
1123.68 37.2268
1124.32 23.2671
1124.96 20.3979
1125.6 0
1126.24 0
1126.88 0
1127.52 0
1128.16 0
1128.8 22.6141
1129.44 22.4269
1130.08 22.3535
1130.72 22.7279
1131.36 24.3068
1132 27.9413
1132.64 33.2615
1133.28 37.6452
1133.92 37.9122
1134.56 33.6975
1135.2 27.8763
1135.84 23.4046
1136.48 21.0587
1137.12 20.0997
1137.76 19.7008
1138.4 19.4557
1139.04 0
1139.68 0
1140.32 0
1140.96 0
1141.6 0
1142.24 0
1142.88 0
1143.52 0
1144.16 0
1144.8 0
1145.44 0
1146.08 0
1146.72 0
1147.36 0
1148 0
1148.64 0
1149.28 0
1149.92 0
1150.56 24.0591
1151.2 24.0474
1151.84 25.2943
1152.48 30.8439
1153.12 46.3032
1153.76 75.5316
1154.4 111.239
1155.05 133.195
1155.69 125.195
1156.33 93.1129
1156.97 58.0551
1157.61 34.8911
1158.25 24.3698
1158.89 20.8237
1159.53 19.77
1160.17 19.3329
1160.81 0
1161.45 0
1162.09 0
1162.73 0
1163.37 0
1164.01 0
1164.65 0
1165.29 0
1165.93 0
1166.57 0
1167.21 0
1167.85 0
1168.49 21.4314
1169.13 21.2983
1169.77 21.2398
1170.41 21.4462
1171.05 22.2941
1171.69 24.1036
1172.33 26.5007
1172.97 28.1505
1173.61 27.7793
1174.25 25.5563
1174.89 22.8961
1175.53 20.9786
1176.17 19.9896
1176.81 19.5577
1177.45 19.339
1178.09 19.1766
1178.73 0
1179.37 0
1180.01 0
1180.65 0
1181.29 0
1181.93 0
1182.57 0
1183.21 0
1183.85 0
1184.49 0
1185.13 0
1185.77 0
1186.42 0
1187.06 0
1187.7 0
1188.34 0
1188.98 0
1189.62 0
1190.26 0
1190.9 0
1191.54 0
1192.18 0
1192.82 0
1193.46 0
1194.1 0
1194.74 0
1195.38 0
1196.02 0
1196.66 0
1197.3 0
1197.94 0
1198.58 0
1199.22 0
1199.86 0
1200.5 0
1201.14 0
1201.78 0
1202.42 0
1203.06 19.7231
1203.7 19.844
1204.34 20.337
1204.98 22.0366
1205.62 26.3797
1206.26 34.1954
1206.9 43.3885
1207.54 48.7896
1208.18 46.5415
1208.82 38.3426
1209.46 29.5081
1210.1 23.7037
1210.74 21.0994
1211.38 20.2775
1212.02 20.1041
1212.66 0
1213.3 0
1213.94 0
1214.58 0
1215.22 0
1215.86 0
1216.5 0
1217.15 0
1217.79 0
1218.43 0
1219.07 0
1219.71 0
1220.35 0
1220.99 0
1221.63 0
1222.27 0
1222.91 0
1223.55 0
1224.19 0
1224.83 0
1225.47 0
1226.11 0
1226.75 0
1227.39 0
1228.03 0
1228.67 0
1229.31 0
1229.95 0
1230.59 0
1231.23 0
1231.87 0
1232.51 0
1233.15 18.8117
1233.79 19.3048
1234.43 22.1118
1235.07 33.8343
1235.71 69.5111
1236.35 147.169
1236.99 263.157
1237.63 368.806
1238.27 396.163
1238.91 325.127
1239.55 206.052
1240.19 104.992
1240.83 48.6473
1241.47 26.5309
1242.11 20.2394
1242.75 18.9213
1243.39 0
1244.03 0
1244.67 0
1245.31 0
1245.95 0
1246.59 0
1247.24 0
1247.88 0
1248.52 0
1249.16 0
1249.8 0
1250.44 0
1251.08 0
1251.72 0
1252.36 0
1253 0
1253.64 0
1254.28 0
1254.92 0
1255.56 0
1256.2 0
1256.84 0
1257.48 0
1258.12 0
1258.76 0
1259.4 0
1260.04 0
1260.68 0
1261.32 0
1261.96 0
1262.6 0
1263.24 0
1263.88 0
1264.52 0
1265.16 0
1265.8 0
1266.44 0
1267.08 0
1267.72 0
1268.36 0
1269 0
1269.64 0
1270.28 0
1270.92 0
1271.56 0
1272.2 0
1272.84 0
1273.48 0
1274.12 0
1274.76 0
1275.4 0
1276.04 18.5969
1276.68 18.5534
1277.33 19.1838
1277.97 22.2786
1278.61 31.6676
1279.25 51.5035
1279.89 80.06
1280.53 104.804
1281.17 109.68
1281.81 91.0153
1282.45 61.5937
1283.09 37.0573
1283.73 23.385
1284.37 17.896
1285.01 16.1835
1285.65 15.6651
1286.29 0
1286.93 0
1287.57 0
1288.21 0
1288.85 0
1289.49 0
1290.13 0
1290.77 0
1291.41 0
1292.05 0
1292.69 0
1293.33 0
1293.97 0
1294.61 0
1295.25 0
1295.89 0
1296.53 0
1297.17 0
1297.81 0
1298.45 0
1299.09 0
1299.73 0
1300.37 0
1301.01 0
1301.65 0
1302.29 0
1302.93 0
1303.57 0
1304.21 0
1304.85 0
1305.49 0
1306.13 0
1306.78 0
1307.42 0
1308.06 0
1308.7 0
1309.34 0
1309.98 0
1310.62 0
1311.26 0
1311.9 0
1312.54 0
1313.18 0
1313.82 0
1314.46 0
1315.1 0
1315.74 0
1316.38 0
1317.02 0
1317.66 0
1318.3 0
1318.94 0
1319.58 0
1320.22 0
1320.86 0
1321.5 0
1322.14 0
1322.78 0
1323.42 0
1324.06 0
1324.7 0
1325.34 0
1325.98 0
1326.62 0
1327.26 0
1327.9 17.3564
1328.54 17.3726
1329.18 17.4142
1329.82 17.5302
1330.46 17.7948
1331.1 18.2367
1331.74 18.728
1332.38 19.0006
1333.02 18.8726
1333.66 18.4414
1334.3 17.9773
1334.94 17.6681
1335.59 17.5278
1336.23 17.4859
1336.87 17.482
1337.51 0
1338.15 0
1338.79 0
1339.43 0
1340.07 0
1340.71 0
1341.35 0
1341.99 0
1342.63 0
1343.27 0
1343.91 0
1344.55 0
1345.19 0
1345.83 0
1346.47 0
1347.11 0
1347.75 0
1348.39 0
1349.03 0
1349.67 0
1350.31 0
1350.95 0
1351.59 0
1352.23 0
1352.87 0
1353.51 0
1354.15 0
1354.79 0
1355.43 0
1356.07 0
1356.71 0
1357.35 0
1357.99 0
1358.63 0
1359.27 0
1359.91 0
1360.55 0
1361.19 0
1361.83 0
1362.47 0
1363.11 0
1363.75 0
1364.4 0
1365.04 0
1365.68 0
1366.32 0
1366.96 0
1367.6 0
1368.24 0
1368.88 0
1369.52 0
1370.16 0
1370.8 0
1371.44 0
1372.08 0
1372.72 20.0005
1373.36 20.2581
1374 22.4558
1374.64 31.3664
1375.28 56.6719
1375.92 108.258
1376.56 181.18
1377.2 244.483
1377.84 258.783
1378.48 213.937
1379.12 139.934
1379.76 75.8457
1380.4 38.6171
1381.04 23.1366
1381.68 18.7514
1382.32 19.4244
1382.96 24.3885
1383.6 34.7743
1384.24 49.139
1384.88 61.0529
1385.52 62.9031
1386.16 53.245
1386.8 38.3485
1387.44 25.7751
1388.08 18.538
1388.72 15.4534
1389.36 14.3692
1390 13.9527
1390.64 0
1391.28 0
1391.92 0
1392.57 0
1393.21 0
1393.85 0
1394.49 0
1395.13 0
1395.77 0
1396.41 0
1397.05 17.2698
1397.69 17.818
1398.33 20.0101
1398.97 26.5357
1399.61 40.7617
1400.25 62.7008
1400.89 84.5526
1401.53 93.6683
1402.17 83.81
1402.81 61.741
1403.45 40.2017
1404.09 27.1843
1404.73 24.3667
1405.37 32.9135
1406.01 56.3662
1406.65 94.709
1407.29 135.176
1407.93 155.059
1408.57 140.888
1409.21 102.418
1409.85 62.2842
1410.49 35.501
1411.13 22.8767
1411.77 18.5146
1412.41 17.3892
1413.05 0
1413.69 0
1414.33 0
1414.97 0
1415.61 0
1416.25 0
1416.89 0
1417.53 0
1418.17 0
1418.81 0
1419.45 0
1420.09 0
1420.74 0
1421.38 0
1422.02 0
1422.66 0
1423.3 0
1423.94 0
1424.58 0
1425.22 0
1425.86 0
1426.5 0
1427.14 0
1427.78 0
1428.42 0
1429.06 0
1429.7 0
1430.34 0
1430.98 0
1431.62 0
1432.26 0
1432.9 0
1433.54 0
1434.18 0
1434.82 0
1435.46 0
1436.1 0
1436.74 0
1437.38 0
1438.02 0
1438.66 0
1439.3 0
1439.94 0
1440.58 0
1441.22 0
1441.86 0
1442.5 0
1443.14 0
1443.78 0
1444.42 0
1445.06 0
1445.7 0
1446.34 0
1446.98 0
1447.62 0
1448.26 0
1448.91 0
1449.55 0
1450.19 0
1450.83 0
1451.47 0
1452.11 0
1452.75 0
1453.39 0
1454.03 0
1454.67 0
1455.31 0
1455.95 15.2892
1456.59 15.4818
1457.23 15.8171
1457.87 16.6023
1458.51 18.3908
1459.15 21.631
1459.79 25.8383
1460.43 29.1953
1461.07 29.7179
1461.71 27.1556
1462.35 23.2534
1462.99 20.0188
1463.63 18.2366
1464.27 17.5875
1464.91 17.4931
1465.55 17.5885
1466.19 0
1466.83 0
1467.47 0
1468.11 0
1468.75 0
1469.39 0
1470.03 0
1470.67 0
1471.31 0
1471.95 0
1472.59 0
1473.23 0
1473.87 0
1474.51 0
1475.15 0
1475.79 0
1476.44 0
1477.08 0
1477.72 0
1478.36 0
1479 0
1479.64 0
1480.28 0
1480.92 0
1481.56 0
1482.2 0
1482.84 0
1483.48 0
1484.12 0
1484.76 0
1485.4 0
1486.04 0
1486.68 0
1487.32 0
1487.96 0
1488.6 0
1489.24 0
1489.88 0
1490.52 0
1491.16 0
1491.8 0
1492.44 0
1493.08 0
1493.72 0
1494.36 0
1495 0
1495.64 0
1496.28 0
1496.92 0
1497.56 0
1498.2 0
1498.84 0
1499.48 0
1500.12 0
1500.76 0
1501.4 0
1502.04 0
1502.68 0
1503.33 0
1503.97 0
1504.61 22.0317
1505.25 22.4669
1505.89 25.1735
1506.53 33.9488
1507.17 53.9302
1507.81 86.3275
1508.45 121.438
1509.09 140.578
1509.73 131.142
1510.37 99.2228
1511.01 63.3232
1511.65 37.6018
1512.29 24.4177
1512.93 19.2826
1513.57 17.6008
1514.21 0
1514.85 0
1515.49 0
1516.13 0
1516.77 0
1517.41 0
1518.05 0
1518.69 0
1519.33 0
1519.97 0
1520.61 0
1521.25 0
1521.89 0
1522.53 0
1523.17 0
1523.81 0
1524.45 0
1525.09 0
1525.73 0
1526.37 0
1527.01 0
1527.65 0
1528.29 0
1528.93 0
1529.57 0
1530.21 0
1530.86 0
1531.5 0
1532.14 0
1532.78 0
1533.42 0
1534.06 18.1924
1534.7 18.2987
1535.34 19.0069
1535.98 21.1916
1536.62 25.8412
1537.26 32.806
1537.9 39.5868
1538.54 42.3583
1539.18 39.2852
1539.82 32.4959
1540.46 26.2177
1541.1 23.5177
1541.74 24.8866
1542.38 28.5662
1543.02 31.5535
1543.66 31.3905
1544.3 27.9449
1544.94 23.2288
1545.58 19.3735
1546.22 17.1411
1546.86 16.1453
1547.5 15.7537
1548.14 15.5712
1548.78 0
1549.42 0
1550.06 0
1550.7 0
1551.34 0
1551.98 0
1552.62 0
1553.26 0
1553.9 0
1554.54 0
1555.18 0
1555.82 0
1556.46 0
1557.1 0
1557.75 0
1558.39 0
1559.03 0
1559.67 0
1560.31 0
1560.95 0
1561.59 0
1562.23 0
1562.87 0
1563.51 0
1564.15 0
1564.79 0
1565.43 0
1566.07 0
1566.71 0
1567.35 0
1567.99 0
1568.63 0
1569.27 0
1569.91 0
1570.55 0
1571.19 0
1571.83 0
1572.47 0
1573.11 0
1573.75 0
1574.39 0
1575.03 0
1575.67 0
1576.31 0
1576.95 0
1577.59 0
1578.23 13.3582
1578.87 13.4665
1579.51 13.9592
1580.15 15.6383
1580.79 19.9482
1581.43 28.1447
1582.07 39.2297
1582.71 48.7024
1583.35 51.0781
1584 44.8105
1584.64 33.8458
1585.28 23.7722
1585.92 17.4698
1586.56 14.5918
1587.2 13.6032
1587.84 13.3424
1588.48 0
1589.12 0
1589.76 12.8046
1590.4 12.7914
1591.04 12.9094
1591.68 13.4331
1592.32 14.8626
1592.96 17.645
1593.6 21.4638
1594.24 24.784
1594.88 25.6988
1595.52 23.6903
1596.16 20.3404
1596.8 18.1288
1597.44 18.6833
1598.08 21.8166
1598.72 25.5332
1599.36 27.1738
1600 25.4058
1600.64 21.2579
1601.28 16.9542
1601.92 13.9898
1602.56 12.497
1603.2 11.9124
1603.84 11.711
1604.48 0
1605.12 0
1605.76 0
1606.4 0
1607.04 0
1607.68 0
1608.32 0
1608.96 0
1609.6 0
1610.24 0
1610.89 0
1611.53 0
1612.17 0
1612.81 0
1613.45 0
1614.09 0
1614.73 0
1615.37 0
1616.01 0
1616.65 0
1617.29 0
1617.93 0
1618.57 0
1619.21 0
1619.85 0
1620.49 0
1621.13 0
1621.77 0
1622.41 0
1623.05 0
1623.69 0
1624.33 0
1624.97 0
1625.61 0
1626.25 0
1626.89 0
1627.53 0
1628.17 0
1628.81 0
1629.45 0
1630.09 0
1630.73 0
1631.37 0
1632.01 0
1632.65 0
1633.29 0
1633.93 0
1634.57 0
1635.21 0
1635.85 0
1636.49 0
1637.14 0
1637.78 0
1638.42 0
1639.06 0
1639.7 0
1640.34 0
1640.98 0
1641.62 0
1642.26 0
1642.9 0
1643.54 0
1644.18 0
1644.82 0
1645.46 0
1646.1 0
1646.74 0
1647.38 0
1648.02 0
1648.66 0
1649.3 0
1649.94 0
1650.58 0
1651.22 0
1651.86 0
1652.5 0
1653.14 0
1653.78 0
1654.42 0
1655.06 0
1655.7 0
1656.34 9.12568
1656.98 9.15933
1657.62 9.79708
1658.26 12.1873
1658.9 18.2406
1659.54 29.371
1660.18 43.8477
1660.82 55.5964
1661.46 57.7969
1662.1 48.9547
1662.75 34.3686
1663.39 21.1127
1664.03 12.7489
1664.67 8.80543
1665.31 7.32596
1665.95 6.81424
1666.59 0
1667.23 0
1667.87 0
1668.51 0
1669.15 0
1669.79 0
1670.43 0
1671.07 0
1671.71 0
1672.35 0
1672.99 0
1673.63 0
1674.27 0
1674.91 0
1675.55 0
1676.19 0
1676.83 0
1677.47 0
1678.11 0
1678.75 0
1679.39 5.61823
1680.03 5.78182
1680.67 6.17622
1681.31 7.1388
1681.95 9.08056
1682.59 12.0403
1683.23 15.1679
1683.87 16.9337
1684.51 16.3061
1685.15 13.7297
1685.79 10.6896
1686.43 8.42028
1687.07 7.22655
1687.71 6.78717
1688.35 6.70313
1689 0
1689.64 0
1690.28 0
1690.92 0
1691.56 0
1692.2 0
1692.84 0
1693.48 0
1694.12 0
1694.76 0
1695.4 0
1696.04 0
1696.68 0
1697.32 0
1697.96 0
1698.6 0
1699.24 0
1699.88 0
1700.52 0
1701.16 0
1701.8 0
1702.44 0
1703.08 0
1703.72 0
1704.36 0
1705 0
1705.64 0
1706.28 0
1706.92 0
1707.56 0
1708.2 0
1708.84 0
1709.48 0
1710.12 0
1710.76 0
1711.4 0
1712.04 0
1712.68 0
1713.32 0
1713.96 0
1714.61 0
1715.25 0
1715.89 0
1716.53 0
1717.17 0
1717.81 0
1718.45 0
1719.09 0
1719.73 0
1720.37 0
1721.01 0
1721.65 0
1722.29 0
1722.93 0
1723.57 0
1724.21 0
1724.85 8.82381
1725.49 9.56117
1726.13 12.8739
1726.77 22.7857
1727.41 44.7346
1728.05 80.5654
1728.69 121.464
1729.33 148.343
1729.97 145.271
1730.61 114.053
1731.25 72.4689
1731.89 38.4119
1732.53 18.4805
1733.17 9.67449
1733.81 6.59902
1734.45 5.65067
1735.09 0
1735.73 0
1736.37 0
1737.01 0
1737.65 0
1738.29 0
1738.93 0
1739.57 0
1740.22 0
1740.86 0
1741.5 0
1742.14 0
1742.78 0
1743.42 0
1744.06 0
1744.7 0
1745.34 0
1745.98 0
1746.62 0
1747.26 0
1747.9 0
1748.54 0
1749.18 0
1749.82 0
1750.46 0
1751.1 0
1751.74 0
1752.38 0
1753.02 0
1753.66 0
1754.3 0
1754.94 0
1755.58 0
1756.22 0
1756.86 0
1757.5 0
1758.14 0
1758.78 0
1759.42 9.16884
1760.06 11.3116
1760.7 21.1192
1761.34 53.3978
1761.98 133.948
1762.62 285.374
1763.26 492.603
1763.9 679.852
1764.54 747.298
1765.18 653.681
1765.83 455.361
1766.47 253.412
1767.11 113.806
1767.75 42.6925
1768.39 15.0372
1769.03 6.57927
1769.67 0
1770.31 0
1770.95 0
1771.59 0
1772.23 0
1772.87 0
1773.51 0
1774.15 0
1774.79 0
1775.43 0
1776.07 0
1776.71 0
1777.35 0
1777.99 0
1778.63 0
1779.27 0
1779.91 0
1780.55 0
1781.19 0
1781.83 0
1782.47 0
1783.11 0
1783.75 0
1784.39 0
1785.03 0
1785.67 0
1786.31 0
1786.95 0
1787.59 0
1788.23 0
1788.87 0
1789.51 0
1790.15 0
1790.79 0
1791.44 0
1792.08 0
1792.72 0
1793.36 0
1794 0
1794.64 0
1795.28 0
1795.92 0
1796.56 0
1797.2 0
1797.84 0
1798.48 0
1799.12 0
1799.76 0
1800.4 0
1801.04 0
1801.68 0
1802.32 0
1802.96 0
1803.6 0
1804.24 0
1804.88 0
1805.52 0
1806.16 0
1806.8 0
1807.44 0
1808.08 0
1808.72 0
1809.36 0
1810 0
1810.64 0
1811.28 0
1811.92 0
1812.56 0
1813.2 0
1813.84 0
1814.48 0
1815.12 0
1815.76 0
1816.41 0
1817.05 0
1817.69 0
1818.33 0
1818.97 0
1819.61 0
1820.25 0
1820.89 0
1821.53 0
1822.17 0
1822.81 0
1823.45 0
1824.09 0
1824.73 0
1825.37 0
1826.01 0
1826.65 0
1827.29 0
1827.93 0
1828.57 0
1829.21 0
1829.85 0
1830.49 0
1831.13 0
1831.77 0
1832.41 0
1833.05 0
1833.69 5.10277
1834.33 5.27421
1834.97 5.75131
1835.61 6.94544
1836.25 9.33371
1836.89 12.943
1837.53 16.777
1838.17 19.045
1838.81 18.4626
1839.45 15.4091
1840.09 11.5709
1840.73 8.51119
1841.37 6.76072
1842.02 6.04235
1842.66 5.96793
1843.3 6.61158
1843.94 9.01723
1844.58 15.6271
1845.22 29.641
1845.86 51.9983
1846.5 77.3642
1847.14 94.4374
1847.78 93.6009
1848.42 75.3957
1849.06 50.0055
1849.7 28.3943
1850.34 15.2298
1850.98 9.19958
1851.62 7.08889
1852.26 6.53648
1852.9 0
1853.54 0
1854.18 0
1854.82 0
1855.46 0
1856.1 0
1856.74 0
1857.38 0
1858.02 0
1858.66 0
1859.3 0
1859.94 0
1860.58 0
1861.22 0
1861.86 0
1862.5 0
1863.14 0
1863.78 0
1864.42 0
1865.06 0
1865.7 0
1866.34 0
1866.99 0
1867.63 0
1868.27 3.51658
1868.91 3.71631
1869.55 4.06303
1870.19 4.7874
1870.83 6.21802
1871.47 8.52177
1872.11 11.2857
1872.75 13.4292
1873.39 13.8631
1874.03 12.4159
1874.67 9.99232
1875.31 7.77126
1875.95 6.37758
1876.59 5.7715
1877.23 5.63385
1877.87 5.69557
1878.51 0
1879.15 0
1879.79 0
1880.43 0
1881.07 0
1881.71 0
1882.35 0
1882.99 0
1883.63 0
1884.27 0
1884.91 0
1885.55 0
1886.19 0
1886.83 0
1887.47 0
1888.11 0
1888.75 0
1889.39 0
1890.03 0
1890.67 0
1891.31 0
1891.96 0
1892.6 0
1893.24 0
1893.88 0
1894.52 0
1895.16 0
1895.8 0
1896.44 0
1897.08 0
1897.72 0
1898.36 0
1899 0
1899.64 0
1900.28 0
1900.92 0
1901.56 0
1902.2 0
1902.84 0
1903.48 0
1904.12 0
1904.76 0
1905.4 0
1906.04 0
1906.68 0
1907.32 0
1907.96 0
1908.6 0
1909.24 0
1909.88 0
1910.52 0
1911.16 0
1911.8 0
1912.44 0
1913.08 0
1913.72 0
1914.36 0
1915 0
1915.64 0
1916.28 0
1916.93 0
1917.57 0
1918.21 0
1918.85 0
1919.49 0
1920.13 0
1920.77 0
1921.41 0
1922.05 0
1922.69 0
1923.33 0
1923.97 0
1924.61 0
1925.25 0
1925.89 0
1926.53 0
1927.17 0
1927.81 0
1928.45 0
1929.09 0
1929.73 0
1930.37 0
1931.01 0
1931.65 0
1932.29 0
1932.93 0
1933.57 0
1934.21 0
1934.85 0
1935.49 0
1936.13 0
1936.77 0
1937.41 0
1938.05 0
1938.69 0
1939.33 0
1939.97 0
1940.61 0
1941.25 0
1941.9 0
1942.54 0
1943.18 0
1943.82 0
1944.46 0
1945.1 0
1945.74 0
1946.38 0
1947.02 0
1947.66 0
1948.3 0
1948.94 0
1949.58 0
1950.22 0
1950.86 0
1951.5 0
1952.14 0
1952.78 0
1953.42 0
1954.06 0
1954.7 0
1955.34 0
1955.98 0
1956.62 0
1957.26 0
1957.9 0
1958.54 0
1959.18 0
1959.82 0
1960.46 0
1961.1 0
1961.74 0
1962.38 0
1963.02 0
1963.66 0
1964.3 0
1964.94 0
1965.58 0
1966.23 0
1966.87 0
1967.51 0
1968.15 0
1968.79 0
1969.43 0
1970.07 0
1970.71 0
1971.35 0
1971.99 0
1972.63 0
1973.27 0
1973.91 0
1974.55 0
1975.19 0
1975.83 0
1976.47 0
1977.11 0
1977.75 0
1978.39 0
1979.03 0
1979.67 0
1980.31 0
1980.95 0
1981.59 0
1982.23 0
1982.87 0
1983.51 0
1984.15 0
1984.79 0
1985.43 0
1986.07 0
1986.71 0
1987.35 0
1987.99 0
1988.63 0
1989.27 0
1989.91 0
1990.55 0
1991.2 0
1991.84 0
1992.48 0
1993.12 0
1993.76 0
1994.4 0
1995.04 0
1995.68 0
1996.32 0
1996.96 0
1997.6 0
1998.24 0
1998.88 0
1999.52 0
2000.16 0
2000.8 0
2001.44 0
2002.08 0
2002.72 0
2003.36 0
2004 0
2004.64 0
2005.28 0
2005.92 0
2006.56 0
2007.2 0
2007.84 0
2008.48 0
2009.12 0
2009.76 0
2010.4 0
2011.04 0
2011.68 0
2012.32 0
2012.96 0
2013.6 0
2014.24 0
2014.88 0
2015.52 0
2016.17 0
2016.81 0
2017.45 0
2018.09 0
2018.73 0
2019.37 0
2020.01 0
2020.65 0
2021.29 0
2021.93 0
2022.57 0
2023.21 0
2023.85 0
2024.49 0
2025.13 0
2025.77 0
2026.41 0
2027.05 0
2027.69 0
2028.33 0
2028.97 0
2029.61 0
2030.25 0
2030.89 0
2031.53 0
2032.17 0
2032.81 0
2033.45 0
2034.09 0
2034.73 0
2035.37 0
2036.01 0
2036.65 0
2037.29 0
2037.93 0
2038.57 0
2039.21 0
2039.85 0
2040.5 0
2041.14 0
2041.78 0
2042.42 0
2043.06 0
2043.7 0
2044.34 0
2044.98 0
2045.62 0
2046.26 0
2046.9 0
2047.54 0
2048.18 0
2048.82 0
2049.46 0
2050.1 0
2050.74 0
2051.38 0
2052.02 0
2052.66 0
2053.3 0
2053.94 0
2054.58 0
2055.22 0
2055.86 0
2056.5 0
2057.14 0
2057.78 0
2058.42 0
2059.06 0
2059.7 0
2060.34 0
2060.98 0
2061.62 0
2062.26 0
2062.9 0
2063.54 0
2064.18 0
2064.83 0
2065.47 0
2066.11 0
2066.75 0
2067.39 0
2068.03 0
2068.67 0
2069.31 0
2069.95 0
2070.59 0
2071.23 0
2071.87 0
2072.51 0
2073.15 0
2073.79 0
2074.43 0
2075.07 0
2075.71 0
2076.35 0
2076.99 0
2077.63 0
2078.27 0
2078.91 0
2079.55 0
2080.19 0
2080.83 0
2081.47 0
2082.11 0
2082.75 0
2083.39 0
2084.03 0
2084.67 0
2085.31 0
2085.95 0
2086.59 0
2087.23 0
2087.87 0
2088.51 0
2089.15 0
2089.8 0
2090.44 0
2091.08 0
2091.72 0
2092.36 0
2093 0
2093.64 0
2094.28 0
2094.92 0
2095.56 0
2096.2 0
2096.84 0
2097.48 0
2098.12 0
2098.76 0
2099.4 0
2100.04 0
2100.68 0
2101.32 0
2101.96 0
2102.6 0
2103.24 0
2103.88 0
2104.52 0
2105.16 0
2105.8 0
2106.44 0
2107.08 0
2107.72 0
2108.36 0
2109 0
2109.64 0
2110.28 0
2110.92 0
2111.56 0
2112.2 0
2112.84 0
2113.48 3.06063
2114.13 3.28644
2114.77 4.26181
2115.41 7.07749
2116.05 13.2598
2116.69 23.6626
2117.33 36.6506
2117.97 47.4858
2118.61 50.7956
2119.25 44.7165
2119.89 32.4964
2120.53 19.7408
2121.17 10.3812
2121.81 5.16143
2122.45 2.85989
2123.09 2.01836
2123.73 0
2124.37 0
2125.01 0
2125.65 0
2126.29 0
2126.93 0
2127.57 0
2128.21 0
2128.85 0
2129.49 0
2130.13 0
2130.77 0
2131.41 0
2132.05 0
2132.69 0
2133.33 0
2133.97 0
2134.61 0
2135.25 0
2135.89 0
2136.53 0
2137.17 0
2137.81 0
2138.46 0
2139.1 0
2139.74 0
2140.38 0
2141.02 0
2141.66 0
2142.3 0
2142.94 0
2143.58 0
2144.22 0
2144.86 0
2145.5 0
2146.14 0
2146.78 0
2147.42 0
2148.06 0
2148.7 0
2149.34 0
2149.98 0
2150.62 0
2151.26 0
2151.9 0
2152.54 0
2153.18 0
2153.82 0
2154.46 0
2155.1 0
2155.74 0
2156.38 0
2157.02 0
2157.66 0
2158.3 0
2158.94 0
2159.58 0
2160.22 0
2160.86 0
2161.5 0
2162.14 0
2162.78 0
2163.43 0
2164.07 0
2164.71 0
2165.35 0
2165.99 0
2166.63 0
2167.27 0
2167.91 0
2168.55 0
2169.19 0
2169.83 0
2170.47 0
2171.11 0
2171.75 0
2172.39 0
2173.03 0
2173.67 0
2174.31 0
2174.95 0
2175.59 0
2176.23 0
2176.87 0
2177.51 0
2178.15 0
2178.79 0
2179.43 0
2180.07 0
2180.71 0
2181.35 0
2181.99 0
2182.63 0
2183.27 0
2183.91 0
2184.55 0
2185.19 0
2185.83 0
2186.47 0
2187.11 0
2187.76 0
2188.4 0
2189.04 0
2189.68 0
2190.32 0
2190.96 0
2191.6 0
2192.24 0
2192.88 0
2193.52 0
2194.16 0
2194.8 0
2195.44 0
2196.08 0
2196.72 0
2197.36 0
2198 0
2198.64 0
2199.28 7.06764
2199.92 8.9269
2200.56 15.0576
2201.2 30.2939
2201.84 59.7075
2202.48 103.19
2203.12 149.9
2203.76 180.357
2204.4 178.869
2205.04 146.137
2205.68 98.6422
2206.32 55.5315
2206.96 26.782
2207.6 11.9117
2208.24 5.74546
2208.88 3.59131
2209.52 0
2210.16 0
2210.8 0
2211.44 0
2212.09 0
2212.73 0
2213.37 0
2214.01 0
2214.65 0
2215.29 0
2215.93 0
2216.57 0
2217.21 0
2217.85 0
2218.49 0
2219.13 0
2219.77 0
2220.41 0
2221.05 0
2221.69 0
2222.33 0
2222.97 0
2223.61 0
2224.25 0
2224.89 0
2225.53 0
2226.17 0
2226.81 0
2227.45 0
2228.09 0
2228.73 0
2229.37 0
2230.01 0
2230.65 0
2231.29 0
2231.93 0
2232.57 0
2233.21 0
2233.85 0
2234.49 0
2235.13 0
2235.77 0
2236.42 0
2237.06 0
2237.7 0
2238.34 0
2238.98 0
2239.62 0
2240.26 0
2240.9 0
2241.54 0
2242.18 0
2242.82 0
2243.46 0
2244.1 0
2244.74 0
2245.38 0
2246.02 0
2246.66 0
2247.3 0
2247.94 0
2248.58 0
2249.22 0
2249.86 0
2250.5 0
2251.14 0
2251.78 0
2252.42 0
2253.06 0
2253.7 0
2254.34 0
2254.98 0
2255.62 0
2256.26 0
2256.9 0
2257.54 0
2258.18 0
2258.82 0
2259.46 0
2260.1 0
2260.75 0
2261.39 0
2262.03 0
2262.67 0
2263.31 0
2263.95 0
2264.59 0
2265.23 0
2265.87 0
2266.51 0
2267.15 0
2267.79 0
2268.43 0
2269.07 0
2269.71 0
2270.35 0
2270.99 0
2271.63 0
2272.27 0
2272.91 0
2273.55 0
2274.19 0
2274.83 0
2275.47 0
2276.11 0
2276.75 0
2277.39 0
2278.03 0
2278.67 0
2279.31 0
2279.95 0
2280.59 0
2281.23 0
2281.87 0
2282.51 0
2283.15 0
2283.79 0
2284.43 0
2285.07 0
2285.72 0
2286.36 0
2287 0
2287.64 0
2288.28 0
2288.92 1.0749
2289.56 1.29532
2290.2 1.87861
2290.84 3.11057
2291.48 5.15188
2292.12 7.71373
2292.76 9.93467
2293.4 10.7902
2294.04 9.83451
2294.68 7.56544
2295.32 5.01718
2295.96 3.02162
2296.6 1.8336
2297.24 1.27746
2297.88 1.06927
2298.52 0
2299.16 0
2299.8 0
2300.44 0
2301.08 0
2301.72 0
2302.36 0
2303 0
2303.64 0
2304.28 0
2304.92 0
2305.56 0
2306.2 0
2306.84 0
2307.48 0
2308.12 0
2308.76 0
2309.4 0
2310.05 0
2310.69 0
2311.33 0
2311.97 0
2312.61 0
2313.25 0
2313.89 0
2314.53 0
2315.17 0
2315.81 0
2316.45 0
2317.09 0
2317.73 0
2318.37 0
2319.01 0
2319.65 0
2320.29 0
2320.93 0
2321.57 0
2322.21 0
2322.85 0
2323.49 0
2324.13 0
2324.77 0
2325.41 0
2326.05 0
2326.69 0
2327.33 0
2327.97 0
2328.61 0
2329.25 0
2329.89 0
2330.53 0
2331.17 0
2331.81 0
2332.45 0
2333.09 0
2333.73 0
2334.38 0
2335.02 0
2335.66 0
2336.3 0
2336.94 0
2337.58 0
2338.22 0
2338.86 0
2339.5 0
2340.14 0
2340.78 0
2341.42 0
2342.06 0
2342.7 0
2343.34 0
2343.98 0
2344.62 0
2345.26 0
2345.9 0
2346.54 0
2347.18 0
2347.82 0
2348.46 0
2349.1 0
2349.74 0
2350.38 0
2351.02 0
2351.66 0
2352.3 0
2352.94 0
2353.58 0
2354.22 0
2354.86 0
2355.5 0
2356.14 0
2356.78 0
2357.42 0
2358.06 0
2358.7 0
2359.35 0
2359.99 0
2360.63 0
2361.27 0
2361.91 0
2362.55 0
2363.19 0
2363.83 0
2364.47 0
2365.11 0
2365.75 0
2366.39 0
2367.03 0
2367.67 0
2368.31 0
2368.95 0
2369.59 0
2370.23 0
2370.87 0
2371.51 0
2372.15 0
2372.79 0
2373.43 0
2374.07 0
2374.71 0
2375.35 0
2375.99 0
2376.63 0
2377.27 0
2377.91 0
2378.55 0
2379.19 0
2379.83 0
2380.47 0
2381.11 0
2381.75 0
2382.39 0
2383.03 0
2383.68 0
2384.32 0
2384.96 0
2385.6 0
2386.24 0
2386.88 0
2387.52 0
2388.16 0
2388.8 0
2389.44 0
2390.08 0
2390.72 0
2391.36 0
2392 0
2392.64 0
2393.28 0
2393.92 0
2394.56 0
2395.2 0
2395.84 0
2396.48 0
2397.12 0
2397.76 0
2398.4 0
2399.04 0
2399.68 0
2400.32 0
2400.96 0
2401.6 0
2402.24 0
2402.88 0
2403.52 0
2404.16 0
2404.8 0
2405.44 0
2406.08 0
2406.72 0
2407.36 0
2408 0
2408.65 0
2409.29 0
2409.93 0
2410.57 0
2411.21 0
2411.85 0
2412.49 0
2413.13 0
2413.77 0
2414.41 0
2415.05 0
2415.69 0
2416.33 0
2416.97 0
2417.61 0
2418.25 0
2418.89 0
2419.53 0
2420.17 0
2420.81 0
2421.45 0
2422.09 0
2422.73 0
2423.37 0
2424.01 0
2424.65 0
2425.29 0
2425.93 0
2426.57 0
2427.21 0
2427.85 0
2428.49 0
2429.13 0
2429.77 0
2430.41 0
2431.05 0
2431.69 0
2432.33 0
2432.98 0
2433.62 0
2434.26 0
2434.9 0
2435.54 0
2436.18 0
2436.82 0
2437.46 0
2438.1 0
2438.74 0
2439.38 0
2440.02 0
2440.66 0
2441.3 0
2441.94 0
2442.58 0
2443.22 1.73232
2443.86 2.98119
2444.5 6.14324
2445.14 12.5891
2445.78 22.9912
2446.42 35.8297
2447.06 46.9139
2447.7 51.3332
2448.34 46.88
2448.98 35.7854
2449.62 22.9605
2450.26 12.5786
2450.9 6.1451
2451.54 2.986
2452.18 1.73567
2452.82 0
2453.46 0
2454.1 0
2454.74 0
2455.38 0
2456.02 0
2456.66 0
2457.3 0
2457.95 0
2458.59 0
2459.23 0
2459.87 0
2460.51 0
2461.15 0
2461.79 0
2462.43 0
2463.07 0
2463.71 0
2464.35 0
2464.99 0
2465.63 0
2466.27 0
2466.91 0
2467.55 0
2468.19 0
2468.83 0
2469.47 0
2470.11 0
2470.75 0
2471.39 0
2472.03 0
2472.67 0
2473.31 0
2473.95 0
2474.59 0
2475.23 0
2475.87 0
2476.51 0
2477.15 0
2477.79 0
2478.43 0
2479.07 0
2479.71 0
2480.35 0
2480.99 0
2481.63 0
2482.27 0
2482.92 0
2483.56 0
2484.2 0
2484.84 0
2485.48 0
2486.12 0
2486.76 0
2487.4 0
2488.04 0
2488.68 0
2489.32 0
2489.96 0
2490.6 0
2491.24 0
2491.88 0
2492.52 0
2493.16 0
2493.8 0
2494.44 0
2495.08 0
2495.72 0
2496.36 0
2497 0
2497.64 0
2498.28 0
2498.92 0
2499.56 0
2500.2 0
2500.84 0
2501.48 0
2502.12 0
2502.76 0
2503.4 0
2504.04 0
2504.68 0
2505.32 0
2505.96 0
2506.6 0
2507.24 0
2507.89 0
2508.53 0
2509.17 0
2509.81 0
2510.45 0
2511.09 0
2511.73 0
2512.37 0
2513.01 0
2513.65 0
2514.29 0
2514.93 0
2515.57 0
2516.21 0
2516.85 0
2517.49 0
2518.13 0
2518.77 0
2519.41 0
2520.05 0
2520.69 0
2521.33 0
2521.97 0
2522.61 0
2523.25 0
2523.89 0
2524.53 0
2525.17 0
2525.81 0
2526.45 0
2527.09 0
2527.73 0
2528.37 0
2529.01 0
2529.65 0
2530.29 0
2530.93 0
2531.57 0
2532.21 0
2532.86 0
2533.5 0
2534.14 0
2534.78 0
2535.42 0
2536.06 0
2536.7 0
2537.34 0
2537.98 0
2538.62 0
2539.26 0
2539.9 0
2540.54 0
2541.18 0
2541.82 0
2542.46 0
2543.1 0
2543.74 0
2544.38 0
2545.02 0
2545.66 0
2546.3 0
2546.94 0
2547.58 0
2548.22 0
2548.86 0
2549.5 0
2550.14 0
2550.78 0
2551.42 0
2552.06 0
2552.7 0
2553.34 0
2553.98 0
2554.62 0
2555.26 0
2555.9 0
2556.54 0
2557.18 0
2557.83 0
2558.47 0
2559.11 0
2559.75 0
2560.39 0
2561.03 0
2561.67 0
2562.31 0
2562.95 0
2563.59 0
2564.23 0
2564.87 0
2565.51 0
2566.15 0
2566.79 0
2567.43 0
2568.07 0
2568.71 0
2569.35 0
2569.99 0
2570.63 0
2571.27 0
2571.91 0
2572.55 0
2573.19 0
2573.83 0
2574.47 0
2575.11 0
2575.75 0
2576.39 0
2577.03 0
2577.67 0
2578.31 0
2578.95 0
2579.59 0
2580.23 0
2580.87 0
2581.51 0
2582.15 0
2582.8 0
2583.44 0
2584.08 0
2584.72 0
2585.36 0
2586 0
2586.64 0
2587.28 0
2587.92 0
2588.56 0
2589.2 0
2589.84 0
2590.48 0
2591.12 0
2591.76 0
2592.4 0
2593.04 0
2593.68 0
2594.32 0
2594.96 0
2595.6 0
2596.24 0
2596.88 0
2597.52 0
2598.16 0
2598.8 0
2599.44 0
2600.08 0
2600.72 0
2601.36 0
2602 0
2602.64 0
2603.28 0
2603.92 0
2604.56 0
2605.2 0
2605.84 0
2606.48 0
2607.12 0
2607.77 0
2608.41 0
2609.05 0
2609.69 0.384535
2610.33 0.407299
2610.97 0.468405
2611.61 0.602335
2612.25 0.839088
2612.89 1.16896
2613.53 1.5131
2614.17 1.74189
2614.81 1.7506
2615.45 1.53509
2616.09 1.19495
2616.73 0.860805
2617.37 0.616361
2618.01 0.475651
2618.65 0.410344
2619.29 0.385586
2619.93 0
2620.57 0
2621.21 0
2621.85 0
2622.49 0
2623.13 0
2623.77 0
2624.41 0
2625.05 0
2625.69 0
2626.33 0
2626.97 0
2627.61 0
2628.25 0
2628.89 0
2629.53 0
2630.17 0
2630.81 0
2631.45 0
2632.09 0
2632.73 0
2633.38 0
2634.02 0
2634.66 0
2635.3 0
2635.94 0
2636.58 0
2637.22 0
2637.86 0
2638.5 0
2639.14 0
2639.78 0
2640.42 0
2641.06 0
2641.7 0
2642.34 0
2642.98 0
2643.62 0
2644.26 0
2644.9 0
2645.54 0
2646.18 0
2646.82 0
2647.46 0
2648.1 0
2648.74 0
2649.38 0
2650.02 0
2650.66 0
2651.3 0
2651.94 0
2652.58 0
2653.22 0
2653.86 0
2654.5 0
2655.14 0
2655.78 0
2656.42 0
2657.06 0
2657.7 0
2658.34 0
2658.99 0
2659.63 0
2660.27 0
2660.91 0
2661.55 0
2662.19 0
2662.83 0
2663.47 0
2664.11 0
2664.75 0
2665.39 0
2666.03 0
2666.67 0
2667.31 0
2667.95 0
2668.59 0
2669.23 0
2669.87 0
2670.51 0
2671.15 0
2671.79 0
2672.43 0
2673.07 0
2673.71 0
2674.35 0
2674.99 0
2675.63 0
2676.27 0
2676.91 0
2677.55 0
2678.19 0
2678.83 0
2679.47 0
2680.11 0
2680.75 0
2681.39 0
2682.03 0
2682.67 0
2683.31 0
2683.95 0
2684.6 0
2685.24 0
2685.88 0
2686.52 0
2687.16 0
2687.8 0
2688.44 0
2689.08 0
2689.72 0
2690.36 0
2691 0
2691.64 0
2692.28 0
2692.92 0
2693.56 0
2694.2 0
2694.84 0
2695.48 0
2696.12 0
2696.76 0
2697.4 0
2698.04 0
2698.68 0
2699.32 0
2699.96 0
2700.6 0
2701.24 0
2701.88 0
2702.52 0
2703.16 0
2703.8 0
2704.44 0
2705.08 0
2705.72 0
2706.36 0
2707 0
2707.64 0
2708.28 0
2708.92 0
2709.56 0
2710.21 0
2710.85 0
2711.49 0
2712.13 0
2712.77 0
2713.41 0
2714.05 0
2714.69 0
2715.33 0
2715.97 0
2716.61 0
2717.25 0
2717.89 0
2718.53 0
2719.17 0
2719.81 0
2720.45 0
2721.09 0
2721.73 0
2722.37 0
2723.01 0
2723.65 0
2724.29 0
2724.93 0
2725.57 0
2726.21 0
2726.85 0
2727.49 0
2728.13 0
2728.77 0
2729.41 0
2730.05 0
2730.69 0
2731.33 0
2731.97 0
2732.61 0
2733.25 0
2733.89 0
2734.53 0
2735.17 0
2735.82 0
2736.46 0
2737.1 0
2737.74 0
2738.38 0
2739.02 0
2739.66 0
2740.3 0
2740.94 0
2741.58 0
2742.22 0
2742.86 0
2743.5 0
2744.14 0
2744.78 0
2745.42 0
2746.06 0
2746.7 0
2747.34 0
2747.98 0
2748.62 0
2749.26 0
2749.9 0
2750.54 0
2751.18 0
2751.82 0
2752.46 0
2753.1 0
2753.74 0
2754.38 0
2755.02 0
2755.66 0
2756.3 0
2756.94 0
2757.58 0
2758.22 0
2758.86 0
2759.5 0
2760.14 0
2760.78 0
2761.42 0
2762.07 0
2762.71 0
2763.35 0
2763.99 0
2764.63 0
2765.27 0
2765.91 0
2766.55 0
2767.19 0
2767.83 0
2768.47 0
2769.11 0
2769.75 0
2770.39 0
2771.03 0
2771.67 0
2772.31 0
2772.95 0
2773.59 0
2774.23 0
2774.87 0
2775.51 0
2776.15 0
2776.79 0
2777.43 0
2778.07 0
2778.71 0
2779.35 0
2779.99 0
2780.63 0
2781.27 0
2781.91 0
2782.55 0
2783.19 0
2783.83 0
2784.47 0
2785.11 0
2785.75 0
2786.39 0
2787.03 0
2787.67 0
2788.32 0
2788.96 0
2789.6 0
2790.24 0
2790.88 0
2791.52 0
2792.16 0
2792.8 0
2793.44 0
2794.08 0
2794.72 0
2795.36 0
2796 0
2796.64 0
2797.28 0
2797.92 0
2798.56 0
2799.2 0
2799.84 0
2800.48 0
2801.12 0
2801.76 0
2802.4 0
2803.04 0
2803.68 0
2804.32 0
2804.96 0
2805.6 0
2806.24 0
2806.88 0
2807.52 0
2808.16 0
2808.8 0
2809.44 0
2810.08 0
2810.72 0
2811.36 0
2812 0
2812.64 0
2813.28 0
2813.92 0
2814.57 0
2815.21 0
2815.85 0
2816.49 0
2817.13 0
2817.77 0
2818.41 0
2819.05 0
2819.69 0
2820.33 0
2820.97 0
2821.61 0
2822.25 0
2822.89 0
2823.53 0
2824.17 0
2824.81 0
2825.45 0
2826.09 0
2826.73 0
2827.37 0
2828.01 0
2828.65 0
2829.29 0
2829.93 0
2830.57 0
2831.21 0
2831.85 0
2832.49 0
2833.13 0
2833.77 0
2834.41 0
2835.05 0
2835.69 0
2836.33 0
2836.97 0
2837.61 0
2838.25 0
2838.89 0
2839.53 0
2840.17 0
2840.82 0
2841.46 0
2842.1 0
2842.74 0
2843.38 0
2844.02 0
2844.66 0
2845.3 0
2845.94 0
2846.58 0
2847.22 0
2847.86 0
2848.5 0
2849.14 0
2849.78 0
2850.42 0
2851.06 0
2851.7 0
2852.34 0
2852.98 0
2853.62 0
2854.26 0
2854.9 0
2855.54 0
2856.18 0
2856.82 0
2857.46 0
2858.1 0
2858.74 0
2859.38 0
2860.02 0
2860.66 0
2861.3 0
2861.94 0
2862.58 0
2863.22 0
2863.86 0
2864.5 0
2865.14 0
2865.78 0
2866.42 0
2867.06 0
2867.71 0
2868.35 0
2868.99 0
2869.63 0
2870.27 0
2870.91 0
2871.55 0
2872.19 0
2872.83 0
2873.47 0
2874.11 0
2874.75 0
2875.39 0
2876.03 0
2876.67 0
2877.31 0
2877.95 0
2878.59 0
2879.23 0
2879.87 0
2880.51 0
2881.15 0
2881.79 0
2882.43 0
2883.07 0
2883.71 0
2884.35 0
2884.99 0
2885.63 0
2886.27 0
2886.91 0
2887.55 0
2888.19 0
2888.83 0
2889.47 0
2890.11 0
2890.75 0
2891.39 0
2892.03 0
2892.67 0
2893.31 0
2893.95 0
2894.6 0
2895.24 0
2895.88 0
2896.52 0
2897.16 0
2897.8 0
2898.44 0
2899.08 0
2899.72 0
2900.36 0
2901 0
2901.64 0
2902.28 0
2902.92 0
2903.56 0
2904.2 0
2904.84 0
2905.48 0
2906.12 0
2906.76 0
2907.4 0
2908.04 0
2908.68 0
2909.32 0
2909.96 0
2910.6 0
2911.24 0
2911.88 0
2912.52 0
2913.16 0
2913.8 0
2914.44 0
2915.08 0
2915.72 0
2916.36 0
2917 0
2917.64 0
2918.28 0
2918.92 0
2919.56 0
2920.2 0
2920.84 0
2921.48 0
2922.13 0
2922.77 0
2923.41 0
2924.05 0
2924.69 0
2925.33 0
2925.97 0
2926.61 0
2927.25 0
2927.89 0
2928.53 0
2929.17 0
2929.81 0
2930.45 0
2931.09 0
2931.73 0
2932.37 0
2933.01 0
2933.65 0
2934.29 0
2934.93 0
2935.57 0
2936.21 0
2936.85 0
2937.49 0
2938.13 0
2938.77 0
2939.41 0
2940.05 0
2940.69 0
2941.33 0
2941.97 0
2942.61 0
2943.25 0
2943.89 0
2944.53 0
2945.17 0
2945.81 0
2946.45 0
2947.09 0
2947.73 0
2948.37 0
2949.01 0
2949.66 0
2950.3 0
2950.94 0
2951.58 0
2952.22 0
2952.86 0
2953.5 0
2954.14 0
2954.78 0
2955.42 0
2956.06 0
2956.7 0
2957.34 0
2957.98 0
2958.62 0
2959.26 0
2959.9 0
2960.54 0
2961.18 0
2961.82 0
2962.46 0
2963.1 0
2963.74 0
2964.38 0
2965.02 0
2965.66 0
2966.3 0
2966.94 0
2967.58 0
2968.22 0
2968.86 0
2969.5 0
2970.14 0
2970.78 0
2971.42 0
2972.06 0
2972.7 0
2973.34 0
2973.98 0
2974.62 0
2975.26 0
2975.9 0
2976.54 0
2977.19 0
2977.83 0
2978.47 0
2979.11 0
2979.75 0
2980.39 0
2981.03 0
2981.67 0
2982.31 0
2982.95 0
2983.59 0
2984.23 0
2984.87 0
2985.51 0
2986.15 0
2986.79 0
2987.43 0
2988.07 0
2988.71 0
2989.35 0
2989.99 0
2990.63 0
2991.27 0
2991.91 0
2992.55 0
2993.19 0
2993.83 0
2994.47 0
2995.11 0
2995.75 0
2996.39 0
2997.03 0
2997.67 0
2998.31 0
2998.95 0
2999.59 0
3000.23 0
3000.87 0
3001.51 0
3002.15 0
3002.79 0
3003.43 0
3004.07 0
3004.72 0
3005.36 0
3006 0
3006.64 0
3007.28 0
3007.92 0
3008.56 0
3009.2 0
3009.84 0
3010.48 0
3011.12 0
3011.76 0
3012.4 0
3013.04 0
3013.68 0
3014.32 0
3014.96 0
3015.6 0
3016.24 0
3016.88 0
3017.52 0
3018.16 0
3018.8 0
3019.44 0
3020.08 0
3020.72 0
3021.36 0
3022 0
3022.64 0
3023.28 0
3023.92 0
3024.56 0
3025.2 0
3025.84 0
3026.48 0
3027.12 0
3027.76 0
3028.4 0
3029.04 0
3029.68 0
3030.32 0
3030.96 0
3031.6 0
3032.24 0
3032.88 0
3033.53 0
3034.17 0
3034.81 0
3035.45 0
3036.09 0
3036.73 0
3037.37 0
3038.01 0
3038.65 0
3039.29 0
3039.93 0
3040.57 0
3041.21 0
3041.85 0
3042.49 0
3043.13 0
3043.77 0
3044.41 0
3045.05 0
3045.69 0
3046.33 0
3046.97 0
3047.61 0
3048.25 0
3048.89 0
3049.53 0
3050.17 0
3050.81 0
3051.45 0
3052.09 0
3052.73 0
3053.37 0
3054.01 0
3054.65 0
3055.29 0
3055.93 0
3056.57 0
3057.21 0
3057.85 0
3058.49 0
3059.13 0
3059.77 0
3060.41 0
3061.05 0
3061.7 0
3062.34 0
3062.98 0
3063.62 0
3064.26 0
3064.9 0
3065.54 0
3066.18 0
3066.82 0
3067.46 0
3068.1 0
3068.74 0
3069.38 0
3070.02 0
3070.66 0
3071.3 0
3071.94 0
3072.58 0
3073.22 0
3073.86 0
3074.5 0
3075.14 0
3075.78 0
3076.42 0
3077.06 0
3077.7 0
3078.34 0
3078.98 0
3079.62 0
3080.26 0
3080.9 0
3081.54 0
3082.18 0
3082.82 0
3083.46 0
3084.1 0
3084.74 0
3085.38 0
3086.02 0
3086.66 0
3087.3 0
3087.94 0
3088.58 0
3089.22 0
3089.86 0
3090.51 0
3091.15 0
3091.79 0
3092.43 0
3093.07 0
3093.71 0
3094.35 0
3094.99 0
3095.63 0
3096.27 0
3096.91 0
3097.55 0
3098.19 0
3098.83 0
3099.47 0
3100.11 0
3100.75 0
3101.39 0
3102.03 0
3102.67 0
3103.31 0
3103.95 0
3104.59 0
3105.23 0
3105.87 0
3106.51 0
3107.15 0
3107.79 0
3108.43 0
3109.07 0
3109.71 0
3110.35 0
3110.99 0
3111.63 0
3112.27 0
3112.91 0
3113.55 0
3114.19 0
3114.83 0
3115.47 0
3116.11 0
3116.75 0
3117.39 0
3118.03 0
3118.67 0
3119.31 0
3119.96 0
3120.6 0
3121.24 0
3121.88 0
3122.52 0
3123.16 0
3123.8 0
3124.44 0
3125.08 0
3125.72 0
3126.36 0
3127 0
3127.64 0
3128.28 0
3128.92 0
3129.56 0
3130.2 0
3130.84 0
3131.48 0
3132.12 0
3132.76 0
3133.4 0
3134.04 0
3134.68 0
3135.32 0
3135.96 0
3136.6 0
3137.24 0
3137.88 0
3138.52 0
3139.16 0
3139.8 0
3140.44 0
3141.08 0
3141.72 0
3142.36 0
3143 0
3143.64 0
3144.28 0
3144.92 0
3145.56 0
3146.2 0
3146.84 0
3147.48 0
3148.12 0
3148.76 0
3149.41 0
3150.05 0
3150.69 0
3151.33 0
3151.97 0
3152.61 0
3153.25 0
3153.89 0
3154.53 0
3155.17 0
3155.81 0
3156.45 0
3157.09 0
3157.73 0
3158.37 0
3159.01 0
3159.65 0
3160.29 0
3160.93 0
3161.57 0
3162.21 0
3162.85 0
3163.49 0
3164.13 0
3164.77 0
3165.41 0
3166.05 0
3166.69 0
3167.33 0
3167.97 0
3168.61 0
3169.25 0
3169.89 0
3170.53 0
3171.17 0
3171.81 0
3172.45 0
3173.09 0
3173.73 0
3174.37 0
3175.01 0
3175.65 0
3176.29 0
3176.93 0
3177.57 0
3178.21 0
3178.85 0
3179.5 0
3180.14 0
3180.78 0
3181.42 0
3182.06 0
3182.7 0
3183.34 0
3183.98 0
3184.62 0
3185.26 0
3185.9 0
3186.54 0
3187.18 0
3187.82 0
3188.46 0
3189.1 0
3189.74 0
3190.38 0
3191.02 0
3191.66 0
3192.3 0
3192.94 0
3193.58 0
3194.22 0
3194.86 0
3195.5 0
3196.14 0
3196.78 0
3197.42 0
3198.06 0
3198.7 0
3199.34 0
3199.98 0
3200.62 0
