0.586303 0
1.22631 0
1.86632 0
2.50633 0
3.14634 0
3.78635 0
4.42636 0
5.06637 0
5.70638 0
6.34639 0
6.9864 0
7.62641 0
8.26642 0
8.90643 0
9.54644 0
10.1865 0
10.8265 0
11.4665 0
12.1065 0
12.7465 0
13.3865 0
14.0265 0
14.6665 0
15.3065 0
15.9465 0
16.5866 0
17.2266 0
17.8666 0
18.5066 0
19.1466 0
19.7866 0
20.4266 0
21.0666 0
21.7066 0
22.3466 0
22.9867 0
23.6267 0
24.2667 0
24.9067 0
25.5467 0
26.1867 0
26.8267 0
27.4667 0
28.1067 0
28.7467 0
29.3868 0
30.0268 0
30.6668 0
31.3068 0
31.9468 0
32.5868 0
33.2268 0
33.8668 0
34.5068 0
35.1468 0
35.7869 0
36.4269 0
37.0669 0
37.7069 0
38.3469 0
38.9869 0
39.6269 0
40.2669 0
40.9069 0
41.5469 0
42.187 0
42.827 0
43.467 0
44.107 0
44.747 0
45.387 0
46.027 0
46.667 0
47.307 0
47.947 0
48.5871 0
49.2271 0
49.8671 0
50.5071 0
51.1471 0
51.7871 0
52.4271 0
53.0671 0
53.7071 0
54.3471 0
54.9872 0
55.6272 0
56.2672 0
56.9072 0
57.5472 0
58.1872 0
58.8272 0
59.4672 0
60.1072 0
60.7472 0
61.3873 0
62.0273 0
62.6673 0
63.3073 0
63.9473 0
64.5873 0
65.2273 0
65.8673 0
66.5073 0
67.1474 0
67.7874 0
68.4274 0
69.0674 0
69.7074 0
70.3474 0
70.9874 0
71.6274 0
72.2674 0
72.9074 0
73.5475 0
74.1875 0
74.8275 0
75.4675 0
76.1075 0
76.7475 0
77.3875 0
78.0275 0
78.6675 0
79.3075 0
79.9476 0
80.5876 0
81.2276 0
81.8676 0
82.5076 0
83.1476 0
83.7876 0
84.4276 0
85.0676 0
85.7076 0
86.3477 0
86.9877 0
87.6277 0
88.2677 0
88.9077 0
89.5477 0
90.1877 0
90.8277 0
91.4677 0
92.1077 0
92.7478 0
93.3878 0
94.0278 0
94.6678 0
95.3078 0
95.9478 0
96.5878 0
97.2278 0
97.8678 0
98.5078 0
99.1479 0
99.7879 0
100.428 0
101.068 0
101.708 0
102.348 0
102.988 0
103.628 0
104.268 0
104.908 0
105.548 0
106.188 0
106.828 0
107.468 0
108.108 0
108.748 0
109.388 0
110.028 0
110.668 0
111.308 0
111.948 0
112.588 0
113.228 0
113.868 0
114.508 0
115.148 0
115.788 0
116.428 0
117.068 0
117.708 0
118.348 0
118.988 0
119.628 0
120.268 0
120.908 0
121.548 0
122.188 5171.58
122.828 2920.14
123.468 1148.13
124.108 512.422
124.748 397.078
125.388 391.313
126.028 397.661
126.668 404.745
127.308 0
127.948 0
128.588 0
129.228 0
129.868 0
130.508 0
131.148 0
131.788 0
132.428 0
133.068 0
133.708 0
134.348 0
134.988 0
135.628 0
136.268 0
136.908 0
137.548 0
138.188 0
138.828 0
139.468 0
140.108 0
140.749 0
141.389 0
142.029 0
142.669 0
143.309 0
143.949 0
144.589 0
145.229 0
145.869 0
146.509 0
147.149 0
147.789 0
148.429 0
149.069 0
149.709 0
150.349 0
150.989 0
151.629 0
152.269 0
152.909 0
153.549 0
154.189 0
154.829 0
155.469 0
156.109 0
156.749 0
157.389 0
158.029 0
158.669 0
159.309 0
159.949 0
160.589 0
161.229 0
161.869 0
162.509 0
163.149 0
163.789 0
164.429 0
165.069 0
165.709 0
166.349 0
166.989 0
167.629 0
168.269 0
168.909 0
169.549 0
170.189 0
170.829 0
171.469 0
172.109 0
172.749 0
173.389 0
174.029 0
174.669 0
175.309 0
175.949 0
176.589 0
177.229 0
177.869 0
178.509 0
179.149 0
179.789 0
180.429 0
181.069 0
181.709 0
182.349 0
182.989 0
183.629 0
184.269 0
184.909 0
185.549 0
186.189 0
186.829 0
187.469 0
188.109 0
188.749 0
189.389 0
190.029 0
190.669 0
191.309 0
191.949 0
192.589 0
193.229 0
193.869 0
194.509 0
195.149 0
195.789 0
196.429 0
197.069 0
197.709 0
198.349 0
198.989 0
199.629 0
200.269 0
200.909 0
201.549 0
202.189 0
202.829 0
203.469 0
204.11 0
204.75 0
205.39 0
206.03 0
206.67 0
207.31 0
207.95 0
208.59 0
209.23 0
209.87 0
210.51 0
211.15 0
211.79 0
212.43 0
213.07 0
213.71 0
214.35 0
214.99 0
215.63 0
216.27 0
216.91 0
217.55 0
218.19 0
218.83 0
219.47 0
220.11 0
220.75 0
221.39 0
222.03 0
222.67 0
223.31 0
223.95 0
224.59 0
225.23 0
225.87 0
226.51 0
227.15 0
227.79 0
228.43 0
229.07 0
229.71 0
230.35 0
230.99 0
231.63 0
232.27 0
232.91 0
233.55 0
234.19 0
234.83 0
235.47 0
236.11 0
236.75 0
237.39 315.621
238.03 315.01
238.67 314.403
239.31 313.838
239.95 313.506
240.59 313.896
241.23 315.927
241.87 327.032
242.51 396.828
243.15 671.334
243.79 1255.04
244.43 1809.19
245.07 1717.47
245.71 1112.72
246.35 570.829
246.99 340.002
247.63 285.547
248.27 277.903
248.91 277.046
249.55 276.757
250.19 0
250.83 0
251.47 0
252.11 0
252.75 0
253.39 0
254.03 0
254.67 0
255.31 0
255.95 0
256.59 0
257.23 0
257.87 0
258.51 0
259.15 0
259.79 0
260.43 0
261.07 0
261.71 0
262.35 0
262.99 0
263.63 0
264.27 0
264.91 0
265.55 0
266.19 0
266.83 0
267.471 0
268.111 0
268.751 0
269.391 0
270.031 0
270.671 0
271.311 0
271.951 0
272.591 218.608
273.231 217.716
273.871 216.82
274.511 215.878
275.151 214.649
275.791 212.458
276.431 208.803
277.071 205.195
277.711 204.413
278.351 206.325
278.991 208.118
279.631 208.443
280.271 207.859
280.911 207.012
281.551 206.125
282.191 205.233
282.831 0
283.471 0
284.111 0
284.751 0
285.391 0
286.031 0
286.671 0
287.311 0
287.951 0
288.591 0
289.231 0
289.871 0
290.511 183.985
291.151 183.313
291.791 182.64
292.431 181.986
293.071 181.74
293.711 184.669
294.351 199.552
294.991 234.155
295.631 270.283
296.271 270.73
296.911 234.639
297.551 198.365
298.191 181.007
298.831 175.982
299.471 174.643
300.111 173.91
300.751 173.234
301.391 0
302.031 0
302.671 0
303.311 0
303.951 0
304.591 0
305.231 0
305.871 0
306.511 0
307.151 0
307.791 0
308.431 0
309.071 0
309.711 0
310.351 0
310.991 0
311.631 0
312.271 0
312.911 0
313.551 0
314.191 0
314.831 0
315.471 0
316.111 0
316.751 0
317.391 0
318.031 0
318.671 0
319.311 0
319.951 0
320.591 0
321.231 0
321.871 0
322.511 0
323.151 0
323.791 0
324.431 0
325.071 0
325.711 0
326.351 0
326.991 0
327.631 0
328.271 0
328.911 0
329.551 0
330.191 0
330.831 0
331.472 0
332.112 0
332.752 0
333.392 0
334.032 0
334.672 0
335.312 0
335.952 0
336.592 0
337.232 0
337.872 0
338.512 0
339.152 0
339.792 0
340.432 0
341.072 0
341.712 0
342.352 0
342.992 0
343.632 0
344.272 4894.59
344.912 3918.18
345.552 2014.35
346.192 711.55
346.832 234.028
347.472 131.435
348.112 118.027
348.752 116.919
349.392 116.985
350.032 117.744
350.672 119.888
351.312 122.989
351.952 124.484
352.592 122.689
353.232 119.473
353.872 117.307
354.512 116.488
355.152 116.267
355.792 116.187
356.432 116.126
357.072 0
357.712 0
358.352 0
358.992 0
359.632 0
360.272 0
360.912 0
361.552 0
362.192 0
362.832 111.152
363.472 110.33
364.112 109.574
364.752 109.496
365.392 113.649
366.032 132.832
366.672 178.634
367.312 233.702
367.952 248.147
368.592 205.278
369.232 148.317
369.872 114.924
370.512 103.545
371.152 100.677
371.792 99.6082
372.432 98.7643
373.072 0
373.712 0
374.352 0
374.992 0
375.632 0
376.272 0
376.912 0
377.552 0
378.192 0
378.832 0
379.472 0
380.112 0
380.752 0
381.392 0
382.032 0
382.672 0
383.312 0
383.952 0
384.592 0
385.232 0
385.872 0
386.512 0
387.152 0
387.792 0
388.432 0
389.072 0
389.712 0
390.352 0
390.992 0
391.632 0
392.272 0
392.912 0
393.552 0
394.192 0
394.833 0
395.473 0
396.113 0
396.753 0
397.393 0
398.033 0
398.673 0
399.313 0
399.953 0
400.593 0
401.233 0
401.873 0
402.513 0
403.153 0
403.793 0
404.433 0
405.073 0
405.713 0
406.353 91.3884
406.993 91.0879
407.633 91.2009
408.273 94.746
408.913 115.373
409.553 183.785
410.193 312.994
410.833 429.359
411.473 420.486
412.113 295.704
412.753 171.144
413.393 109.096
414.033 90.9244
414.673 87.4375
415.313 0
415.953 0
416.593 0
417.233 0
417.873 0
418.513 0
419.153 0
419.793 0
420.433 0
421.073 0
421.713 0
422.353 0
422.993 0
423.633 0
424.273 0
424.913 0
425.553 0
426.193 0
426.833 0
427.473 0
428.113 0
428.753 0
429.393 0
430.033 0
430.673 0
431.313 0
431.953 0
432.593 0
433.233 0
433.873 0
434.513 0
435.153 0
435.793 0
436.433 0
437.073 0
437.713 0
438.353 0
438.993 0
439.633 0
440.273 0
440.913 0
441.553 0
442.193 0
442.833 0
443.473 0
444.113 0
444.753 0
445.393 0
446.033 0
446.673 0
447.313 0
447.953 0
448.593 0
449.233 0
449.873 0
450.513 0
451.153 0
451.793 0
452.433 0
453.073 0
453.713 0
454.353 0
454.993 0
455.633 0
456.273 0
456.913 0
457.553 0
458.194 0
458.834 0
459.474 0
460.114 0
460.754 0
461.394 0
462.034 0
462.674 0
463.314 0
463.954 0
464.594 0
465.234 0
465.874 0
466.514 0
467.154 0
467.794 0
468.434 0
469.074 0
469.714 0
470.354 0
470.994 0
471.634 0
472.274 0
472.914 0
473.554 0
474.194 0
474.834 0
475.474 0
476.114 0
476.754 0
477.394 0
478.034 0
478.674 0
479.314 0
479.954 0
480.594 0
481.234 0
481.874 0
482.514 0
483.154 0
483.794 65.9744
484.434 66.3118
485.074 66.7159
485.714 67.6558
486.354 71.2474
486.994 82.4837
487.634 104.554
488.274 127.346
488.914 131.082
489.554 112.272
490.194 88.9985
490.834 75.5103
491.474 71.1117
492.114 70.4381
492.754 70.6339
493.394 70.954
494.034 0
494.674 0
495.314 0
495.954 0
496.594 0
497.234 0
497.874 0
498.514 0
499.154 0
499.794 0
500.434 0
501.074 0
501.714 0
502.354 0
502.994 0
503.634 0
504.274 0
504.914 0
505.554 0
506.194 0
506.834 0
507.474 0
508.114 0
508.754 0
509.394 0
510.034 0
510.674 0
511.314 0
511.954 0
512.594 0
513.234 0
513.874 0
514.514 0
515.154 0
515.794 0
516.434 0
517.074 0
517.714 0
518.354 0
518.994 0
519.634 0
520.274 0
520.914 0
521.554 0
522.195 0
522.835 0
523.475 0
524.115 0
524.755 0
525.395 0
526.035 0
526.675 0
527.315 0
527.955 0
528.595 0
529.235 0
529.875 0
530.515 0
531.155 0
531.795 0
532.435 0
533.075 0
533.715 0
534.355 0
534.995 0
535.635 0
536.275 0
536.915 0
537.555 0
538.195 0
538.835 0
539.475 0
540.115 0
540.755 0
541.395 0
542.035 0
542.675 0
543.315 0
543.955 0
544.595 0
545.235 0
545.875 0
546.515 0
547.155 0
547.795 0
548.435 0
549.075 0
549.715 0
550.355 0
550.995 0
551.635 0
552.275 0
552.915 0
553.555 0
554.195 0
554.835 0
555.475 0
556.115 0
556.755 0
557.395 0
558.035 0
558.675 0
559.315 63.5569
559.955 63.4988
560.595 63.6239
561.235 64.8801
561.875 70.4526
562.515 85.4307
563.155 109.096
563.795 127.013
564.435 124.435
565.075 107.983
565.715 95.2508
566.355 89.4914
566.995 82.9255
567.635 73.9084
568.275 66.8235
568.915 63.5081
569.555 62.4965
570.195 62.2448
570.835 62.1453
571.475 62.0652
572.115 61.9867
572.755 61.9082
573.395 61.8298
574.035 61.7513
574.675 61.6729
575.315 61.5944
575.955 61.516
576.595 61.4375
577.235 61.3591
577.875 61.2807
578.515 61.2023
579.155 61.1251
579.795 61.0592
580.435 61.061
581.075 61.3158
581.715 62.1141
582.355 63.4271
582.995 64.6194
583.635 65.8804
584.275 70.6853
584.915 84.0967
585.556 103.758
586.196 115.255
586.836 107.222
587.476 87.1943
588.116 70.5294
588.756 62.6902
589.396 60.3514
590.036 59.8475
590.676 59.7163
591.316 59.6336
591.956 59.5549
592.596 59.4764
593.236 59.398
593.876 59.3195
594.516 0
595.156 0
595.796 0
596.436 0
597.076 0
597.716 0
598.356 0
598.996 0
599.636 0
600.276 0
600.916 0
601.556 0
602.196 0
602.836 0
603.476 0
604.116 0
604.756 52.9212
605.396 53.1542
606.036 53.404
606.676 53.7444
607.316 54.3871
607.956 55.5958
608.596 57.1849
609.236 58.2216
609.876 57.9575
610.516 56.867
611.156 55.9703
611.796 55.6592
612.436 55.7273
613.076 55.9264
613.716 56.1531
614.356 0
614.996 0
615.636 0
616.276 0
616.916 0
617.556 0
618.196 0
618.836 0
619.476 0
620.116 0
620.756 0
621.396 0
622.036 0
622.676 0
623.316 0
623.956 0
624.596 0
625.236 0
625.876 0
626.516 0
627.156 0
627.796 0
628.436 0
629.076 0
629.716 0
630.356 0
630.996 0
631.636 0
632.276 0
632.916 0
633.556 0
634.196 0
634.836 0
635.476 0
636.116 0
636.756 0
637.396 0
638.036 0
638.676 0
639.316 0
639.956 0
640.596 0
641.236 0
641.876 0
642.516 0
643.156 0
643.796 0
644.436 0
645.076 0
645.716 0
646.356 0
646.996 0
647.636 0
648.276 0
648.917 0
649.557 0
650.197 0
650.837 0
651.477 0
652.117 0
652.757 0
653.397 0
654.037 0
654.677 0
655.317 0
655.957 0
656.597 0
657.237 0
657.877 0
658.517 0
659.157 0
659.797 0
660.437 0
661.077 0
661.717 0
662.357 0
662.997 0
663.637 0
664.277 0
664.917 0
665.557 0
666.197 0
666.837 0
667.477 0
668.117 0
668.757 0
669.397 0
670.037 0
670.677 0
671.317 0
671.957 0
672.597 0
673.237 0
673.877 0
674.517 0
675.157 0
675.797 0
676.437 64.3775
677.077 72.8783
677.717 86.9724
678.357 98.0108
678.997 95.5856
679.637 80.9355
680.277 65.1975
680.917 55.6201
681.557 51.4555
682.197 49.621
682.837 48.3914
683.477 47.2632
684.117 49.805
684.757 49.8916
685.397 50.5312
686.037 53.868
686.677 65.4569
687.317 91.3175
687.957 125.595
688.597 145.078
689.237 132.301
689.877 99.0385
690.517 70.0809
691.157 55.595
691.797 50.9869
692.437 50.022
693.077 49.8902
693.717 0
694.357 0
694.997 0
695.637 0
696.277 0
696.917 0
697.557 0
698.197 0
698.837 0
699.477 0
700.117 0
700.757 0
701.397 0
702.037 0
702.677 0
703.317 0
703.957 0
704.597 0
705.237 0
705.877 0
706.517 0
707.157 0
707.797 0
708.437 0
709.077 0
709.717 0
710.357 0
710.997 0
711.637 0
712.277 0
712.918 0
713.558 0
714.198 0
714.838 52.3557
715.478 52.4212
716.118 52.7004
716.758 53.9573
717.398 58.0225
718.038 66.6039
718.678 77.363
719.318 82.8684
719.958 78.2404
720.598 67.6825
721.238 58.7961
721.878 54.4333
722.518 53.0733
723.158 52.8115
723.798 52.8013
724.438 0
725.078 0
725.718 0
726.358 0
726.998 0
727.638 0
728.278 0
728.918 0
729.558 0
730.198 0
730.838 0
731.478 0
732.118 0
732.758 0
733.398 0
734.038 0
734.678 0
735.318 0
735.958 0
736.598 0
737.238 0
737.878 0
738.518 0
739.158 0
739.798 0
740.438 0
741.078 0
741.718 0
742.358 0
742.998 0
743.638 0
744.278 0
744.918 0
745.558 0
746.198 0
746.838 0
747.478 0
748.118 0
748.758 0
749.398 0
750.038 0
750.678 0
751.318 0
751.958 0
752.598 0
753.238 0
753.878 0
754.518 0
755.158 0
755.798 0
756.438 0
757.078 0
757.718 0
758.358 0
758.998 0
759.638 0
760.278 0
760.918 0
761.558 0
762.198 0
762.838 0
763.478 0
764.118 0
764.758 0
765.398 0
766.038 0
766.678 0
767.318 0
767.958 0
768.598 0
769.238 0
769.878 0
770.518 0
771.158 0
771.798 0
772.438 44.3741
773.078 44.2977
773.718 44.2313
774.358 44.3079
774.998 45.7855
775.638 56.5674
776.279 108.372
776.919 275.296
777.559 626.324
778.199 1071.83
778.839 1316.44
779.479 1149.28
780.119 717.793
780.759 332.176
781.399 130.19
782.039 61.597
782.679 45.897
783.319 43.4647
783.959 43.4154
784.599 43.9369
785.239 44.6525
785.879 45.0251
786.519 44.6687
787.159 43.8295
787.799 43.0591
788.439 42.6135
789.079 42.4096
789.719 42.3033
790.359 42.2217
790.999 0
791.639 0
792.279 0
792.919 0
793.559 0
794.199 0
794.839 0
795.479 0
796.119 0
796.759 0
797.399 0
798.039 0
798.679 0
799.319 0
799.959 0
800.599 0
801.239 42.1621
801.879 42.2934
802.519 42.4222
803.159 42.5371
803.799 42.6012
804.439 42.5506
805.079 42.3663
805.719 42.1892
806.359 42.2749
806.999 42.8295
807.639 44.2972
808.279 48.1845
808.919 56.6553
809.559 68.919
810.199 78.198
810.839 77.0832
811.479 66.6869
812.119 55.1771
812.759 48.1933
813.399 45.5432
814.039 44.9449
814.679 44.9452
815.319 45.0604
815.959 0
816.599 0
817.239 0
817.879 0
818.519 0
819.159 0
819.799 0
820.439 0
821.079 0
821.719 0
822.359 0
822.999 0
823.639 0
824.279 0
824.919 0
825.559 0
826.199 0
826.839 0
827.479 0
828.119 0
828.759 0
829.399 0
830.039 0
830.679 0
831.319 0
831.959 0
832.599 0
833.239 0
833.879 0
834.519 0
835.159 0
835.799 0
836.439 0
837.079 0
837.719 0
838.359 0
838.999 0
839.64 0
840.28 0
840.92 0
841.56 0
842.2 0
842.84 0
843.48 0
844.12 0
844.76 0
845.4 0
846.04 0
846.68 0
847.32 0
847.96 0
848.6 0
849.24 0
849.88 0
850.52 0
851.16 0
851.8 0
852.44 0
853.08 0
853.72 0
854.36 0
855 0
855.64 0
856.28 0
856.92 0
857.56 0
858.2 0
858.84 0
859.48 0
860.12 0
860.76 0
861.4 0
862.04 41.4196
862.68 43.2355
863.32 44.4141
863.96 47.2886
864.6 60.0714
865.24 102.3
865.88 196.06
866.52 327.277
867.16 420.543
867.8 401.139
868.44 285.773
869.08 160.872
869.72 84.3698
870.36 53.98
871 45.7709
871.64 44.2174
872.28 43.9935
872.92 0
873.56 0
874.2 0
874.84 0
875.48 0
876.12 0
876.76 0
877.4 0
878.04 0
878.68 0
879.32 0
879.96 0
880.6 0
881.24 0
881.88 0
882.52 0
883.16 0
883.8 0
884.44 0
885.08 0
885.72 0
886.36 0
887 0
887.64 0
888.28 0
888.92 0
889.56 0
890.2 0
890.84 0
891.48 0
892.12 0
892.76 0
893.4 0
894.04 0
894.68 0
895.32 0
895.96 0
896.6 0
897.24 0
897.88 0
898.52 0
899.16 0
899.8 0
900.44 0
901.08 0
901.72 0
902.36 0
903 0
903.641 0
904.281 0
904.921 0
905.561 0
906.201 0
906.841 0
907.481 0
908.121 0
908.761 0
909.401 0
910.041 0
910.681 0
911.321 0
911.961 0
912.601 0
913.241 0
913.881 0
914.521 32.306
915.161 32.3288
915.801 32.526
916.441 33.5188
917.081 36.9246
917.721 44.8445
918.361 56.7367
919.001 66.5338
919.641 66.8091
920.281 57.3341
920.921 45.3592
921.561 37.1785
922.201 33.593
922.841 32.6547
923.481 33.1181
924.121 35.3515
924.761 40.3828
925.401 47.5445
926.041 52.9364
926.681 52.394
927.321 46.3707
927.961 39.3583
928.601 34.7886
929.241 32.8469
929.881 32.2757
930.521 32.1299
931.161 31.9835
931.801 31.5578
932.441 30.5899
933.081 29.1503
933.721 27.9691
934.361 27.9315
935.001 29.0626
935.641 30.4966
936.281 31.479
936.921 31.9113
937.561 32.0377
938.201 32.0594
938.841 32.0572
939.481 0
940.121 0
940.761 0
941.401 0
942.041 0
942.681 0
943.321 0
943.961 0
944.601 0
945.241 0
945.881 0
946.521 0
947.161 0
947.801 0
948.441 0
949.081 0
949.721 0
950.361 0
951.001 0
951.641 0
952.281 0
952.921 0
953.561 0
954.201 0
954.841 0
955.481 0
956.121 0
956.761 0
957.401 0
958.041 0
958.681 0
959.321 0
959.961 0
960.601 0
961.241 0
961.881 0
962.521 0
963.161 0
963.801 0
964.441 1189.13
965.081 842.844
965.721 442.316
966.361 180.039
967.002 67.3884
967.642 34.0593
968.282 27.0954
968.922 26.0316
969.562 0
970.202 0
970.842 0
971.482 0
972.122 0
972.762 0
973.402 0
974.042 0
974.682 0
975.322 0
975.962 0
976.602 0
977.242 0
977.882 0
978.522 0
979.162 0
979.802 0
980.442 0
981.082 0
981.722 0
982.362 0
983.002 0
983.642 0
984.282 0
984.922 0
985.562 0
986.202 0
986.842 0
987.482 0
988.122 0
988.762 0
989.402 0
990.042 0
990.682 0
991.322 0
991.962 0
992.602 0
993.242 0
993.882 0
994.522 0
995.162 0
995.802 0
996.442 0
997.082 0
997.722 0
998.362 0
999.002 0
999.642 0
1000.28 18.6392
1000.92 18.9075
1001.56 19.4054
1002.2 20.9732
1002.84 25.9348
1003.48 37.7927
1004.12 57.0925
1004.76 75.9507
1005.4 81.5628
1006.04 69.6159
1006.68 49.536
1007.32 33.3833
1007.96 25.2093
1008.6 22.4954
1009.24 22.0002
1009.88 22.1027
1010.52 0
1011.16 0
1011.8 0
1012.44 0
1013.08 0
1013.72 0
1014.36 0
1015 0
1015.64 0
1016.28 0
1016.92 0
1017.56 0
1018.2 0
1018.84 0
1019.48 0
1020.12 0
1020.76 0
1021.4 0
1022.04 0
1022.68 0
1023.32 0
1023.96 0
1024.6 0
1025.24 0
1025.88 0
1026.52 0
1027.16 0
1027.8 0
1028.44 0
1029.08 0
1029.72 0
1030.36 0
1031 0
1031.64 0
1032.28 0
1032.92 0
1033.56 0
1034.2 0
1034.84 0
1035.48 0
1036.12 0
1036.76 0
1037.4 0
1038.04 0
1038.68 0
1039.32 0
1039.96 0
1040.6 0
1041.24 0
1041.88 0
1042.52 0
1043.16 0
1043.8 0
1044.44 0
1045.08 0
1045.72 0
1046.36 0
1047 0
1047.64 0
1048.28 0
1048.92 0
1049.56 0
1050.2 0
1050.84 0
1051.48 0
1052.12 0
1052.76 0
1053.4 0
1054.04 0
1054.68 0
1055.32 0
1055.96 0
1056.6 0
1057.24 0
1057.88 0
1058.52 0
1059.16 0
1059.8 0
1060.44 0
1061.08 0
1061.72 0
1062.36 0
1063 0
1063.64 0
1064.28 0
1064.92 0
1065.56 0
1066.2 0
1066.84 0
1067.48 0
1068.12 0
1068.76 0
1069.4 0
1070.04 0
1070.68 0
1071.32 0
1071.96 0
1072.6 0
1073.24 0
1073.88 0
1074.52 0
1075.16 0
1075.8 0
1076.44 0
1077.08 0
1077.72 0
1078.36 0
1079 0
1079.64 0
1080.28 0
1080.92 0
1081.56 0
1082.2 0
1082.84 0
1083.48 0
1084.12 0
1084.76 0
1085.4 0
1086.04 0
1086.68 0
1087.32 0
1087.96 0
1088.6 0
1089.24 0
1089.88 0
1090.52 0
1091.16 0
1091.8 0
1092.44 0
1093.08 0
1093.72 0
1094.36 0
1095 0
1095.64 0
1096.28 0
1096.92 0
1097.56 0
1098.2 0
1098.84 0
1099.48 0
1100.12 0
1100.76 0
1101.4 0
1102.04 0
1102.68 0
1103.32 0
1103.96 0
1104.6 0
1105.24 0
1105.88 0
1106.52 0
1107.16 24.9812
1107.8 26.0186
1108.44 32.8497
1109.08 63.2949
1109.72 159.77
1110.36 374.369
1111 695.167
1111.64 977.481
1112.28 1028.53
1112.92 808.961
1113.56 478.998
1114.2 219.561
1114.84 86.1399
1115.48 38.3015
1116.12 25.9693
1116.76 23.5972
1117.4 23.2076
1118.04 23.1454
1118.68 23.1924
1119.32 23.3017
1119.96 23.3643
1120.6 23.2617
1121.24 22.9918
1121.88 22.671
1122.52 22.4081
1123.16 22.2262
1123.8 22.0946
1124.44 21.9827
1125.08 21.876
1125.72 0
1126.36 0
1127 0
1127.64 0
1128.28 0
1128.92 0
1129.56 0
1130.2 0
1130.84 0
1131.48 0
1132.12 0
1132.76 0
1133.4 0
1134.04 0
1134.68 0
1135.32 0
1135.96 0
1136.6 0
1137.24 0
1137.88 0
1138.52 0
1139.16 0
1139.8 0
1140.44 0
1141.08 0
1141.72 0
1142.36 0
1143 0
1143.64 0
1144.28 0
1144.92 0
1145.56 0
1146.2 0
1146.84 0
1147.48 0
1148.12 0
1148.76 0
1149.4 0
1150.04 0
1150.68 0
1151.32 0
1151.96 0
1152.6 0
1153.24 0
1153.88 0
1154.52 0
1155.16 0
1155.8 0
1156.44 0
1157.08 0
1157.72 0
1158.36 0
1159 0
1159.64 0
1160.28 0
1160.92 0
1161.56 0
1162.2 0
1162.84 0
1163.48 0
1164.12 0
1164.76 0
1165.4 0
1166.04 0
1166.68 0
1167.32 0
1167.96 0
1168.6 22.2045
1169.24 22.3171
1169.88 22.472
1170.52 22.7669
1171.16 23.3736
1171.8 24.3972
1172.44 25.5949
1173.08 26.3473
1173.72 26.1845
1174.36 25.306
1175 24.3514
1175.64 23.7611
1176.28 23.5531
1176.92 23.5563
1177.56 23.6354
1178.2 0
1178.84 0
1179.48 0
1180.12 0
1180.76 0
1181.4 0
1182.04 0
1182.68 0
1183.32 0
1183.96 0
1184.6 0
1185.24 0
1185.88 0
1186.52 0
1187.16 0
1187.8 0
1188.44 0
1189.08 0
1189.73 0
1190.37 0
1191.01 0
1191.65 0
1192.29 0
1192.93 0
1193.57 0
1194.21 0
1194.85 0
1195.49 0
1196.13 0
1196.77 0
1197.41 0
1198.05 0
1198.69 0
1199.33 0
1199.97 0
1200.61 0
1201.25 0
1201.89 0
1202.53 0
1203.17 0
1203.81 0
1204.45 0
1205.09 0
1205.73 0
1206.37 0
1207.01 0
1207.65 0
1208.29 14.0483
1208.93 14.3236
1209.57 15.7881
1210.21 21.159
1210.85 35.2516
1211.49 61.1956
1212.13 92.6357
1212.77 112.398
1213.41 106.502
1214.05 79.3209
1214.69 48.5985
1215.33 27.6547
1215.97 17.8792
1216.61 14.6057
1217.25 13.7905
1217.89 13.6228
1218.53 0
1219.17 0
1219.81 0
1220.45 0
1221.09 0
1221.73 0
1222.37 0
1223.01 0
1223.65 0
1224.29 0
1224.93 0
1225.57 0
1226.21 0
1226.85 0
1227.49 0
1228.13 0
1228.77 0
1229.41 0
1230.05 0
1230.69 0
1231.33 0
1231.97 0
1232.61 0
1233.25 0
1233.89 0
1234.53 0
1235.17 0
1235.81 0
1236.45 0
1237.09 0
1237.73 0
1238.37 0
1239.01 0
1239.65 0
1240.29 0
1240.93 0
1241.57 0
1242.21 0
1242.85 0
1243.49 0
1244.13 0
1244.77 0
1245.41 0
1246.05 0
1246.69 0
1247.33 0
1247.97 0
1248.61 0
1249.25 0
1249.89 0
1250.53 0
1251.17 0
1251.81 0
1252.45 0
1253.09 0
1253.73 0
1254.37 0
1255.01 0
1255.65 0
1256.29 0
1256.93 0
1257.57 0
1258.21 0
1258.85 0
1259.49 0
1260.13 0
1260.77 0
1261.41 0
1262.05 0
1262.69 0
1263.33 0
1263.97 0
1264.61 0
1265.25 0
1265.89 0
1266.53 0
1267.17 0
1267.81 0
1268.45 0
1269.09 0
1269.73 0
1270.37 0
1271.01 0
1271.65 0
1272.29 0
1272.93 0
1273.57 0
1274.21 0
1274.85 0
1275.49 0
1276.13 0
1276.77 0
1277.41 0
1278.05 0
1278.69 0
1279.33 0
1279.97 0
1280.61 0
1281.25 0
1281.89 0
1282.53 0
1283.17 0
1283.81 0
1284.45 0
1285.09 0
1285.73 0
1286.37 0
1287.01 0
1287.65 0
1288.29 0
1288.93 0
1289.57 0
1290.21 0
1290.85 0
1291.49 0
1292.13 0
1292.77 0
1293.41 0
1294.05 0
1294.69 6.2557
1295.33 6.83645
1295.97 9.70606
1296.61 18.8928
1297.25 39.7368
1297.89 72.6557
1298.53 105.742
1299.17 119.17
1299.81 103.347
1300.45 69.3346
1301.09 36.8725
1301.73 16.8044
1302.37 8.01951
1303.01 5.15388
1303.65 4.38244
1304.29 0
1304.93 0
1305.57 0
1306.21 0
1306.85 0
1307.49 0
1308.13 0
1308.77 0
1309.41 0
1310.05 0
1310.69 0
1311.33 0
1311.97 0
1312.61 0
1313.25 0
1313.89 0
1314.53 0
1315.17 0
1315.81 0
1316.45 0
1317.09 0
1317.73 0
1318.37 0
1319.01 0
1319.65 0
1320.29 0
1320.93 0
1321.57 0
1322.21 0
1322.85 0
1323.49 0
1324.13 0
1324.77 0
1325.41 0
1326.05 0
1326.69 0
1327.33 0
1327.97 2.96566
1328.61 2.98739
1329.25 3.05981
1329.89 3.27477
1330.53 3.76089
1331.17 4.5464
1331.81 5.37602
1332.45 5.77863
1333.09 5.47954
1333.73 4.69322
1334.37 3.89179
1335.01 3.3731
1335.65 3.13962
1336.29 3.06603
1336.93 3.05249
1337.57 0
1338.21 0
1338.85 0
1339.49 0
1340.13 0
1340.77 0
1341.41 0
1342.05 0
1342.69 0
1343.33 0
1343.97 0
1344.61 0
1345.25 0
1345.89 0
1346.53 0
1347.17 0
1347.81 0
1348.45 0
1349.09 0
1349.73 0
1350.37 0
1351.01 0
1351.65 0
1352.29 0
1352.93 0
1353.57 0
1354.21 0
1354.85 0
1355.49 0
1356.13 0
1356.77 0
1357.41 0
1358.05 0
1358.69 0
1359.33 0
1359.97 0
1360.61 0
1361.25 0
1361.89 0
1362.53 0
1363.17 0
1363.81 0
1364.45 0
1365.09 0
1365.73 0
1366.37 0
1367.01 0
1367.65 0
1368.29 0
1368.93 0
1369.57 0
1370.21 0
1370.85 0
1371.49 0
1372.13 0
1372.77 0
1373.41 0
1374.05 0
1374.69 0
1375.33 0
1375.97 0
1376.61 0
1377.25 0
1377.89 0
1378.53 0
1379.17 0
1379.81 0
1380.45 0
1381.09 0
1381.73 0
1382.37 0
1383.01 0
1383.65 0
1384.29 0
1384.93 0
1385.57 0
1386.21 0
1386.85 0
1387.49 0
1388.13 0
1388.77 0
1389.41 0
1390.05 0
1390.69 0
1391.33 0
1391.97 0
1392.61 0
1393.25 0
1393.89 0
1394.53 0
1395.17 0
1395.81 0
1396.45 0
1397.09 2.56931
1397.73 2.54413
1398.37 2.54458
1399.01 2.61051
1399.65 2.78871
1400.29 3.07283
1400.93 3.3443
1401.57 3.42578
1402.21 3.25963
1402.85 3.12684
1403.49 4.35177
1404.13 12.5161
1404.77 46.3325
1405.41 148.867
1406.05 376.989
1406.69 738.328
1407.33 1113.75
1407.97 1292.86
1408.61 1154.84
1409.25 794.042
1409.89 420.674
1410.53 172.257
1411.17 55.1937
1411.81 14.6568
1412.45 4.14086
1413.09 0
1413.73 0
1414.37 0
1415.01 0
1415.65 0
1416.29 0
1416.93 0
1417.57 0
1418.21 0
1418.85 0
1419.49 0
1420.13 0
1420.77 0
1421.41 0
1422.05 0
1422.69 0
1423.33 0
1423.97 0
1424.61 0
1425.25 0
1425.89 0
1426.53 0
1427.17 0
1427.81 0
1428.45 0
1429.09 0
1429.73 0
1430.37 0
1431.01 0
1431.65 0
1432.29 0
1432.93 0
1433.57 0
1434.21 0
1434.85 0
1435.49 0
1436.13 0
1436.77 0
1437.41 0
1438.05 0
1438.69 0
1439.33 0
1439.97 0
1440.61 0
1441.25 0
1441.89 0
1442.53 0
1443.17 0
1443.81 0
1444.45 0
1445.09 0
1445.73 0
1446.37 0
1447.01 0
1447.65 0
1448.29 0
1448.93 0
1449.57 0
1450.21 0
1450.85 0
1451.49 0
1452.13 0
1452.77 0.932046
1453.41 1.02355
1454.05 1.4414
1454.69 2.88275
1455.33 6.59568
1455.97 13.5882
1456.61 22.7826
1457.25 30.1677
1457.89 31.4888
1458.53 26.5343
1459.17 19.4962
1459.81 14.5456
1460.45 12.2409
1461.09 10.5741
1461.73 8.12048
1462.37 5.24383
1463.01 2.95117
1463.65 1.65864
1464.29 1.12527
1464.93 0.960839
1465.57 0.922506
1466.21 0
1466.85 0
1467.49 0
1468.13 0
1468.77 0
1469.41 0
1470.05 0
1470.69 0
1471.33 0
1471.97 0
1472.61 0
1473.25 0
1473.89 0
1474.53 0
1475.17 0
1475.81 0
1476.45 0
1477.09 0
1477.73 0
1478.37 0
1479.01 0
1479.65 0
1480.29 0
1480.93 0
1481.57 0
1482.21 0
1482.85 0
1483.49 0
1484.13 0
1484.77 0
1485.41 0
1486.05 0
1486.69 0
1487.33 0
1487.97 0
1488.61 0
1489.25 0
1489.89 0
1490.53 0
1491.17 0
1491.81 0
1492.45 0
1493.09 0
1493.73 0
1494.37 0
1495.01 0
1495.65 0
1496.29 0
1496.93 0
1497.57 0
1498.21 0
1498.85 0
1499.49 0
1500.13 0
1500.77 0
1501.41 0
1502.05 0
1502.69 0
1503.33 0
1503.97 0
1504.61 0
1505.25 0
1505.89 0
1506.53 0
1507.17 0
1507.81 0
1508.45 0
1509.09 0
1509.73 0
1510.37 0
1511.01 0
1511.65 0
1512.29 0
1512.93 0
1513.57 0
1514.21 0
1514.85 0
1515.49 0
1516.13 0
1516.77 0
1517.41 0
1518.05 0
1518.69 0
1519.33 0
1519.97 0
1520.61 0
1521.25 0
1521.89 0
1522.53 0
1523.17 1.11402
1523.81 1.16357
1524.45 1.38496
1525.09 2.13781
1525.73 4.06529
1526.37 7.70579
1527.01 12.5598
1527.65 16.5795
1528.29 17.382
1528.93 14.4384
1529.57 9.61235
1530.21 5.33366
1530.85 2.74253
1531.49 1.59885
1532.13 1.22066
1532.77 1.12563
1533.41 0
1534.05 0
1534.69 0
1535.33 0
1535.97 0
1536.61 0
1537.25 0
1537.89 0
1538.53 0
1539.17 0
1539.81 0
1540.45 0
1541.09 0
1541.73 0
1542.37 0
1543.01 0
1543.65 0
1544.29 0
1544.93 0
1545.57 0
1546.21 0
1546.85 0
1547.49 0
1548.13 0
1548.77 0
1549.41 0
1550.05 0
1550.69 0
1551.33 0
1551.97 0
1552.61 0
1553.25 0
1553.89 0
1554.53 0
1555.17 0
1555.81 0
1556.45 0
1557.09 0
1557.73 0
1558.37 0
1559.01 0
1559.65 0
1560.29 0
1560.93 0
1561.57 0
1562.21 0
1562.85 0
1563.49 0
1564.13 0
1564.77 0
1565.41 0
1566.05 0
1566.69 0
1567.33 0
1567.97 0
1568.61 0
1569.25 0
1569.89 0
1570.53 0
1571.17 0
1571.81 0
1572.45 0
1573.09 0
1573.73 0
1574.37 0
1575.01 0
1575.65 0
1576.29 0
1576.93 0
1577.57 0
1578.21 0
1578.85 0
1579.49 0
1580.13 0
1580.77 0
1581.41 0
1582.05 0
1582.69 0
1583.33 0
1583.97 0
1584.61 0
1585.25 0
1585.89 0
1586.53 0
1587.17 0
1587.81 0
1588.45 0
1589.09 0
1589.73 0
1590.37 0
1591.01 0
1591.65 0
1592.29 0
1592.93 0
1593.57 0
1594.21 0
1594.85 0
1595.49 0
1596.13 0
1596.77 0
1597.41 0
1598.05 0
1598.69 0
1599.33 0
1599.97 0
1600.61 0
1601.25 0
1601.89 0
1602.53 0
1603.17 0
1603.81 0
1604.45 0
1605.09 0
1605.73 0
1606.37 0
1607.01 0
1607.65 0
1608.29 0
1608.93 0
1609.57 0
1610.21 0
1610.85 0
1611.49 0
1612.13 0
1612.77 0
1613.41 0
1614.05 0
1614.69 0
1615.33 0
1615.97 0
1616.61 0
1617.25 0
1617.89 0
1618.53 0
1619.17 0
1619.81 0
1620.45 0
1621.09 0
1621.73 0
1622.37 0
1623.01 0
1623.65 0
1624.29 0
1624.93 0
1625.57 0
1626.21 0
1626.85 0
1627.49 0
1628.13 0
1628.77 0
1629.41 0
1630.05 0
1630.69 0
1631.33 0
1631.97 0
1632.61 0
1633.25 0
1633.89 0
1634.53 0
1635.17 0
1635.81 0
1636.45 0
1637.09 0
1637.73 0
1638.37 0
1639.01 0
1639.65 0
1640.29 0
1640.93 0
1641.57 0
1642.21 0
1642.85 0
1643.49 0
1644.13 0
1644.77 0
1645.41 0
1646.05 0
1646.69 0
1647.33 0
1647.97 0
1648.61 0
1649.25 0
1649.89 0
1650.53 0
1651.17 0
1651.81 0
1652.45 0
1653.09 0
1653.73 0
1654.37 0
1655.01 0
1655.65 0
1656.29 0
1656.93 0
1657.57 0
1658.21 0
1658.85 0
1659.49 0
1660.13 0
1660.77 0
1661.41 0
1662.05 0
1662.69 0
1663.33 0
1663.97 0
1664.61 0
1665.25 0
1665.89 0
1666.53 0
1667.17 0
1667.81 0
1668.45 0
1669.09 0
1669.73 0
1670.37 0
1671.01 0
1671.65 0
1672.29 0
1672.93 0
1673.57 0
1674.21 0
1674.85 0
1675.49 0
1676.13 0
1676.77 0
1677.41 0
1678.05 0
1678.69 0
1679.33 0
1679.97 0
1680.61 0
1681.25 0
1681.89 0
1682.53 0
1683.17 0
1683.81 0
1684.45 0
1685.09 0
1685.73 0
1686.37 0
1687.01 0
1687.65 0
1688.29 0
1688.93 0
1689.57 0
1690.21 0
1690.85 0
1691.49 0
1692.13 0
1692.77 0
1693.41 0
1694.05 0
1694.69 0
1695.33 0
1695.97 0
1696.61 0
1697.25 0
1697.89 0
1698.53 0
1699.17 0
1699.81 0
1700.45 0
1701.09 0
1701.73 0
1702.37 0
1703.01 0
1703.65 0
1704.29 0
1704.93 0
1705.57 0
1706.21 0
1706.85 0
1707.49 0
1708.13 0
1708.77 0
1709.41 0
1710.05 0
1710.69 0
1711.33 0
1711.97 0
1712.61 0
1713.25 0
1713.89 0
1714.53 0
1715.17 0
1715.81 0
1716.45 0
1717.09 0
1717.73 0
1718.37 0
1719.01 0
1719.65 0
1720.29 0
1720.93 0
1721.57 0
1722.21 0
1722.85 0
1723.49 0
1724.13 0
1724.77 0
1725.41 0
1726.05 0
1726.69 0
1727.33 0
1727.97 0
1728.61 0
1729.25 0
1729.89 0
1730.53 0
1731.17 0
1731.81 0
1732.45 0
1733.09 0
1733.73 0
1734.37 0
1735.01 0
1735.65 0
1736.29 0
1736.93 0
1737.57 0
1738.21 0
1738.85 0
1739.49 0
1740.13 0
1740.77 0
1741.41 0
1742.05 0
1742.69 0
1743.33 0
1743.97 0
1744.61 0
1745.25 0
1745.89 0
1746.53 0
1747.17 0
1747.81 0
1748.45 0
1749.09 0
1749.73 0
1750.37 0
1751.01 0
1751.65 0
1752.29 0
1752.93 0
1753.57 0
1754.21 0
1754.85 0
1755.49 0
1756.13 0
1756.77 0
1757.41 0
1758.05 0
1758.69 0
1759.33 0
1759.97 0.505134
1760.61 0.519805
1761.25 0.568397
1761.89 0.692668
1762.53 0.934134
1763.17 1.27912
1763.81 1.61252
1764.45 1.76376
1765.09 1.64209
1765.73 1.32132
1766.37 0.970219
1767.01 0.714567
1767.65 0.578344
1768.29 0.523268
1768.93 0.50607
1769.57 0
1770.21 0
1770.85 0
1771.49 0
1772.13 0
1772.77 0
1773.41 0
1774.05 0
1774.69 0
1775.33 0
1775.97 0
1776.61 0
1777.25 0
1777.89 0
1778.53 0
1779.17 0
1779.81 0
1780.45 0
1781.09 0
1781.73 0
1782.37 0
1783.01 0
1783.65 0
1784.29 0
1784.93 0
1785.57 0
1786.21 0
1786.85 0
1787.49 0
1788.13 0
1788.77 0
1789.41 0
1790.05 0
1790.69 0
1791.33 0
1791.97 0
1792.61 0
1793.25 0
1793.89 0
1794.53 0
1795.17 0
1795.81 0
1796.45 0
1797.09 0
1797.73 0
1798.37 0
1799.01 0
1799.65 0
1800.29 0
1800.93 0
1801.57 0
1802.21 0
1802.85 0
1803.49 0
1804.13 0
1804.77 0
1805.41 0
1806.05 0
1806.69 0
1807.33 0
1807.97 0
1808.61 0
1809.25 0
1809.89 0
1810.53 0
1811.17 0
1811.81 0
1812.45 0
1813.09 0
1813.73 0
1814.37 0
1815.01 0
1815.65 0
1816.29 0
1816.93 0
1817.57 0
1818.21 0
1818.85 0
1819.49 0
1820.13 0
1820.77 0
1821.41 0
1822.05 0
1822.69 0
1823.33 0
1823.97 0
1824.61 0
1825.26 0
1825.9 0
1826.54 0
1827.18 0
1827.82 0
1828.46 0
1829.1 0
1829.74 0
1830.38 0
1831.02 0
1831.66 0
1832.3 0
1832.94 0
1833.58 0
1834.22 0
1834.86 0
1835.5 0
1836.14 0
1836.78 0
1837.42 0
1838.06 0
1838.7 0
1839.34 0
1839.98 0
1840.62 0
1841.26 0
1841.9 0
1842.54 0
1843.18 0
1843.82 0
1844.46 0
1845.1 0
1845.74 0
1846.38 0
1847.02 0
1847.66 0
1848.3 0
1848.94 0
1849.58 0
1850.22 0
1850.86 0
1851.5 0
1852.14 0
1852.78 0
1853.42 0
1854.06 0
1854.7 0
1855.34 0
1855.98 0
1856.62 0
1857.26 0
1857.9 0
1858.54 0
1859.18 0
1859.82 0
1860.46 0
1861.1 0
1861.74 0
1862.38 0
1863.02 0
1863.66 0
1864.3 0
1864.94 0
1865.58 0
1866.22 0
1866.86 0
1867.5 0
1868.14 0
1868.78 0
1869.42 0
1870.06 0
1870.7 0
1871.34 0
1871.98 0
1872.62 0
1873.26 0
1873.9 0
1874.54 0
1875.18 0
1875.82 0
1876.46 0
1877.1 0
1877.74 0
1878.38 0
1879.02 0
1879.66 0
1880.3 0
1880.94 0
1881.58 0
1882.22 0
1882.86 0
1883.5 0
1884.14 0
1884.78 0
1885.42 0
1886.06 0
1886.7 0
1887.34 0
1887.98 0
1888.62 0
1889.26 0
1889.9 0
1890.54 0
1891.18 0
1891.82 0
1892.46 0
1893.1 0
1893.74 0
1894.38 0
1895.02 0
1895.66 0
1896.3 0
1896.94 0
1897.58 0
1898.22 0
1898.86 0
1899.5 0
1900.14 0
1900.78 0
1901.42 0
1902.06 0
1902.7 0
1903.34 0
1903.98 0
1904.62 0
1905.26 0
1905.9 0
1906.54 0
1907.18 0
1907.82 0
1908.46 0
1909.1 0
1909.74 0
1910.38 0
1911.02 0
1911.66 0
1912.3 0
1912.94 0
1913.58 0
1914.22 0
1914.86 0
1915.5 0
1916.14 0
1916.78 0
1917.42 0
1918.06 0
1918.7 0
1919.34 0
1919.98 0
1920.62 0
1921.26 0
1921.9 0
1922.54 0
1923.18 0
1923.82 0
1924.46 0
1925.1 0
1925.74 0
1926.38 0
1927.02 0
1927.66 0
1928.3 0
1928.94 0
1929.58 0
1930.22 0
1930.86 0
1931.5 0
1932.14 0
1932.78 0
1933.42 0
1934.06 0
1934.7 0
1935.34 0
1935.98 0
1936.62 0
1937.26 0
1937.9 0
1938.54 0
1939.18 0
1939.82 0
1940.46 0
1941.1 0
1941.74 0
1942.38 0
1943.02 0
1943.66 0
1944.3 0
1944.94 0
1945.58 0
1946.22 0
1946.86 0
1947.5 0
1948.14 0
1948.78 0
1949.42 0
1950.06 0
1950.7 0
1951.34 0
1951.98 0
1952.62 0
1953.26 0
1953.9 0
1954.54 0
1955.18 0
1955.82 0
1956.46 0
1957.1 0
1957.74 0
1958.38 0
1959.02 0
1959.66 0
1960.3 0
1960.94 0
1961.58 0
1962.22 0
1962.86 0
1963.5 0
1964.14 0
1964.78 0
1965.42 0
1966.06 0
1966.7 0
1967.34 0
1967.98 0
1968.62 0
1969.26 0
1969.9 0
1970.54 0
1971.18 0
1971.82 0
1972.46 0
1973.1 0
1973.74 0
1974.38 0
1975.02 0
1975.66 0
1976.3 0
1976.94 0
1977.58 0
1978.22 0
1978.86 0
1979.5 0
1980.14 0
1980.78 0
1981.42 0
1982.06 0
1982.7 0
1983.34 0
1983.98 0
1984.62 0
1985.26 0
1985.9 0
1986.54 0
1987.18 0
1987.82 0
1988.46 0
1989.1 0
1989.74 0
1990.38 0
1991.02 0
1991.66 0
1992.3 0
1992.94 0
1993.58 0
1994.22 0
1994.86 0
1995.5 0
1996.14 0
1996.78 0
1997.42 0
1998.06 0
1998.7 0
1999.34 0
1999.98 0
2000.62 0
2001.26 0
2001.9 0
2002.54 0
2003.18 0
2003.82 0
2004.46 0
2005.1 0
2005.74 0
2006.38 0
2007.02 0
2007.66 0
2008.3 0
2008.94 0
2009.58 0
2010.22 0
2010.86 0
2011.5 0
2012.14 0
2012.78 0
2013.42 0
2014.06 0
2014.7 0
2015.34 0
2015.98 0
2016.62 0
2017.26 0
2017.9 0
2018.54 0
2019.18 0
2019.82 0
2020.46 0
2021.1 0
2021.74 0
2022.38 0
2023.02 0
2023.66 0
2024.3 0
2024.94 0
2025.58 0
2026.22 0
2026.86 0
2027.5 0
2028.14 0
2028.78 0
2029.42 0
2030.06 0
2030.7 0
2031.34 0
2031.98 0
2032.62 0
2033.26 0
2033.9 0
2034.54 0
2035.18 0
2035.82 0
2036.46 0
2037.1 0
2037.74 0
2038.38 0
2039.02 0
2039.66 0
2040.3 0
2040.94 0
2041.58 0
2042.22 0
2042.86 0
2043.5 0
2044.14 0
2044.78 0
2045.42 0
2046.06 0
2046.7 0
2047.34 0
2047.98 0
2048.62 0
2049.26 0
2049.9 0
2050.54 0
2051.18 0
2051.82 0
2052.46 0
2053.1 0
2053.74 0
2054.38 0
2055.02 0
2055.66 0
2056.3 0
2056.94 0
2057.58 0
2058.22 0
2058.86 0
2059.5 0
2060.14 0
2060.78 0
2061.42 0
2062.06 0
2062.7 0
2063.34 0
2063.98 0
2064.62 0
2065.26 0
2065.9 0
2066.54 0
2067.18 0
2067.82 0
2068.46 0
2069.1 0
2069.74 0
2070.38 0
2071.02 0
2071.66 0
2072.3 0
2072.94 0
2073.58 0
2074.22 0
2074.86 0
2075.5 0
2076.14 0
2076.78 0
2077.42 0
2078.06 0
2078.7 0
2079.34 0
2079.98 0
2080.62 0
2081.26 0
2081.9 0
2082.54 0
2083.18 0
2083.82 0
2084.46 0
2085.1 0
2085.74 0
2086.38 0
2087.02 0
2087.66 0
2088.3 0
2088.94 0
2089.58 0
2090.22 0
2090.86 0
2091.5 0
2092.14 0
2092.78 0
2093.42 0
2094.06 0
2094.7 0
2095.34 0
2095.98 0
2096.62 0
2097.26 0
2097.9 0
2098.54 0
2099.18 0
2099.82 0
2100.46 0
2101.1 0
2101.74 0
2102.38 0
2103.02 0
2103.66 0
2104.3 0
2104.94 0
2105.58 0
2106.22 0
2106.86 0
2107.5 0
2108.14 0
2108.78 0
2109.42 0
2110.06 0
2110.7 0
2111.34 0
2111.98 0
2112.62 0
2113.26 0
2113.9 0
2114.54 0
2115.18 0
2115.82 0
2116.46 0
2117.1 0
2117.74 0
2118.38 0
2119.02 0
2119.66 0
2120.3 0
2120.94 0
2121.58 0
2122.22 0
2122.86 0
2123.5 0
2124.14 0
2124.78 0
2125.42 0
2126.06 0
2126.7 0
2127.34 0
2127.98 0
2128.62 0
2129.26 0
2129.9 0
2130.54 0
2131.18 0
2131.82 0
2132.46 0
2133.1 0
2133.74 0
2134.38 0
2135.02 0
2135.66 0
2136.3 0
2136.94 0
2137.58 0
2138.22 0
2138.86 0
2139.5 0
2140.14 0
2140.78 0
2141.42 0
2142.06 0
2142.7 0
2143.34 0
2143.98 0
2144.62 0
2145.26 0
2145.9 0
2146.54 0
2147.18 0
2147.82 0
2148.46 0
2149.1 0
2149.74 0
2150.38 0
2151.02 0
2151.66 0
2152.3 0
2152.94 0
2153.58 0
2154.22 0
2154.86 0
2155.5 0
2156.14 0
2156.78 0
2157.42 0
2158.06 0
2158.7 0
2159.34 0
2159.98 0
2160.62 0
2161.26 0
2161.9 0
2162.54 0
2163.18 0
2163.82 0
2164.46 0
2165.1 0
2165.74 0
2166.38 0
2167.02 0
2167.66 0
2168.3 0
2168.94 0
2169.58 0
2170.22 0
2170.86 0
2171.5 0
2172.14 0
2172.78 0
2173.42 0
2174.06 0
2174.7 0
2175.34 0
2175.98 0
2176.62 0
2177.26 0
2177.9 0
2178.54 0
2179.18 0
2179.82 0
2180.46 0
2181.1 0
2181.74 0
2182.38 0
2183.02 0
2183.66 0
2184.3 0
2184.94 0
2185.58 0
2186.22 0
2186.86 0
2187.5 0
2188.14 0
2188.78 0
2189.42 0
2190.06 0
2190.7 0
2191.34 0
2191.98 0
2192.62 0
2193.26 0
2193.9 0
2194.54 0
2195.18 0
2195.82 0
2196.46 0
2197.1 0
2197.74 0
2198.38 0
2199.02 0
2199.66 0
2200.3 0
2200.94 0
2201.58 0
2202.22 0
2202.86 0
2203.5 0
2204.14 0
2204.78 0
2205.42 0
2206.06 0
2206.7 0
2207.34 0
2207.98 0
2208.62 0
2209.26 0
2209.9 0
2210.54 0
2211.18 0
2211.82 0
2212.46 0
2213.1 0
2213.74 0
2214.38 0
2215.02 0
2215.66 0
2216.3 0
2216.94 0
2217.58 0
2218.22 0
2218.86 0
2219.5 0
2220.14 0
2220.78 0
2221.42 0
2222.06 0
2222.7 0
2223.34 0
2223.98 0
2224.62 0
2225.26 0
2225.9 0
2226.54 0
2227.18 0
2227.82 0
2228.46 0
2229.1 0
2229.74 0
2230.38 0
2231.02 0
2231.66 0
2232.3 0
2232.94 0
2233.58 0
2234.22 0
2234.86 0
2235.5 0
2236.14 0
2236.78 0
2237.42 0
2238.06 0
2238.7 0
2239.34 0
2239.98 0
2240.62 0
2241.26 0
2241.9 0
2242.54 0
2243.18 0
2243.82 0
2244.46 0
2245.1 0
2245.74 0
2246.38 0
2247.02 0
2247.66 0
2248.3 0
2248.94 0
2249.58 0
2250.22 0
2250.86 0
2251.5 0
2252.14 0
2252.78 0
2253.42 0
2254.06 0
2254.7 0
2255.34 0
2255.98 0
2256.62 0
2257.26 0
2257.9 0
2258.54 0
2259.18 0
2259.82 0
2260.46 0
2261.1 0
2261.74 0
2262.38 0
2263.02 0
2263.66 0
2264.3 0
2264.94 0
2265.58 0
2266.22 0
2266.86 0
2267.5 0
2268.14 0
2268.78 0
2269.42 0
2270.06 0
2270.7 0
2271.34 0
2271.98 0
2272.62 0
2273.26 0
2273.9 0
2274.54 0
2275.18 0
2275.82 0
2276.46 0
2277.1 0
2277.74 0
2278.38 0
2279.02 0
2279.66 0
2280.3 0
2280.94 0
2281.58 0
2282.22 0
2282.86 0
2283.5 0
2284.14 0
2284.78 0
2285.42 0
2286.06 0
2286.7 0
2287.34 0
2287.98 0
2288.62 0
2289.26 0
2289.9 0
2290.54 0
2291.18 0
2291.82 0
2292.46 0
2293.1 0
2293.74 0
2294.38 0
2295.02 0
2295.66 0
2296.3 0
2296.94 0
2297.58 0
2298.22 0
2298.86 0
2299.5 0
2300.14 0
2300.78 0
2301.42 0
2302.06 0
2302.7 0
2303.34 0
2303.98 0
2304.62 0
2305.26 0
2305.9 0
2306.54 0
2307.18 0
2307.82 0
2308.46 0
2309.1 0
2309.74 0
2310.38 0
2311.02 0
2311.66 0
2312.3 0
2312.94 0
2313.58 0
2314.22 0
2314.86 0
2315.5 0
2316.14 0
2316.78 0
2317.42 0
2318.06 0
2318.7 0
2319.34 0
2319.98 0
2320.62 0
2321.26 0
2321.9 0
2322.54 0
2323.18 0
2323.82 0
2324.46 0
2325.1 0
2325.74 0
2326.38 0
2327.02 0
2327.66 0
2328.3 0
2328.94 0
2329.58 0
2330.22 0
2330.86 0
2331.5 0
2332.14 0
2332.78 0
2333.42 0
2334.06 0
2334.7 0
2335.34 0
2335.98 0
2336.62 0
2337.26 0
2337.9 0
2338.54 0
2339.18 0
2339.82 0
2340.46 0
2341.1 0
2341.74 0
2342.38 0
2343.02 0
2343.66 0
2344.3 0
2344.94 0
2345.58 0
2346.22 0
2346.86 0
2347.5 0
2348.14 0
2348.78 0
2349.42 0
2350.06 0
2350.7 0
2351.34 0
2351.98 0
2352.62 0
2353.26 0
2353.9 0
2354.54 0
2355.18 0
2355.82 0
2356.46 0
2357.1 0
2357.74 0
2358.38 0
2359.02 0
2359.66 0
2360.3 0
2360.94 0
2361.58 0
2362.22 0
2362.86 0
2363.5 0
2364.14 0
2364.78 0
2365.42 0
2366.06 0
2366.7 0
2367.34 0
2367.98 0
2368.62 0
2369.26 0
2369.9 0
2370.54 0
2371.18 0
2371.82 0
2372.46 0
2373.1 0
2373.74 0
2374.38 0
2375.02 0
2375.66 0
2376.3 0
2376.94 0
2377.58 0
2378.22 0
2378.86 0
2379.5 0
2380.14 0
2380.78 0
2381.42 0
2382.06 0
2382.7 0
2383.34 0
2383.98 0
2384.62 0
2385.26 0
2385.9 0
2386.54 0
2387.18 0
2387.82 0
2388.46 0
2389.1 0
2389.74 0
2390.38 0
2391.02 0
2391.66 0
2392.3 0
2392.94 0
2393.58 0
2394.22 0
2394.86 0
2395.5 0
2396.14 0
2396.78 0
2397.42 0
2398.06 0
2398.7 0
2399.34 0
2399.98 0
2400.62 0
2401.26 0
2401.9 0
2402.54 0
2403.18 0
2403.82 0
2404.46 0
2405.1 0
2405.74 0
2406.38 0
2407.02 0
2407.66 0
2408.3 0
2408.94 0
2409.58 0
2410.22 0
2410.86 0
2411.5 0
2412.14 0
2412.78 0
2413.42 0
2414.06 0
2414.7 0
2415.34 0
2415.98 0
2416.62 0
2417.26 0
2417.9 0
2418.54 0
2419.18 0
2419.82 0
2420.46 0
2421.1 0
2421.74 0
2422.38 0
2423.02 0
2423.66 0
2424.3 0
2424.94 0
2425.58 0
2426.22 0
2426.86 0
2427.5 0
2428.14 0
2428.78 0
2429.42 0
2430.06 0
2430.7 0
2431.34 0
2431.98 0
2432.62 0
2433.26 0
2433.9 0
2434.54 0
2435.18 0
2435.82 0
2436.46 0
2437.1 0
2437.74 0
2438.38 0
2439.02 0
2439.66 0
2440.3 0
2440.94 0
2441.58 0
2442.22 0
2442.86 0
2443.5 0
2444.14 0
2444.78 0
2445.42 0
2446.06 0
2446.7 0
2447.34 0
2447.98 0
2448.62 0
2449.26 0
2449.9 0
2450.54 0
2451.18 0
2451.82 0
2452.46 0
2453.1 0
2453.74 0
2454.38 0
2455.02 0
2455.66 0
2456.3 0
2456.94 0
2457.58 0
2458.22 0
2458.86 0
2459.5 0
2460.14 0
2460.79 0
2461.43 0
2462.07 0
2462.71 0
2463.35 0
2463.99 0
2464.63 0
2465.27 0
2465.91 0
2466.55 0
2467.19 0
2467.83 0
2468.47 0
2469.11 0
2469.75 0
2470.39 0
2471.03 0
2471.67 0
2472.31 0
2472.95 0
2473.59 0
2474.23 0
2474.87 0
2475.51 0
2476.15 0
2476.79 0
2477.43 0
2478.07 0
2478.71 0
2479.35 0
2479.99 0
2480.63 0
2481.27 0
2481.91 0
2482.55 0
2483.19 0
2483.83 0
2484.47 0
2485.11 0
2485.75 0
2486.39 0
2487.03 0
2487.67 0
2488.31 0
2488.95 0
2489.59 0
2490.23 0
2490.87 0
2491.51 0
2492.15 0
2492.79 0
2493.43 0
2494.07 0
2494.71 0
2495.35 0
2495.99 0
2496.63 0
2497.27 0
2497.91 0
2498.55 0
2499.19 0
2499.83 0
2500.47 0
2501.11 0
2501.75 0
2502.39 0
2503.03 0
2503.67 0
2504.31 0
2504.95 0
2505.59 0
2506.23 0
2506.87 0
2507.51 0
2508.15 0
2508.79 0
2509.43 0
2510.07 0
2510.71 0
2511.35 0
2511.99 0
2512.63 0
2513.27 0
2513.91 0
2514.55 0
2515.19 0
2515.83 0
2516.47 0
2517.11 0
2517.75 0
2518.39 0
2519.03 0
2519.67 0
2520.31 0
2520.95 0
2521.59 0
2522.23 0
2522.87 0
2523.51 0
2524.15 0
2524.79 0
2525.43 0
2526.07 0
2526.71 0
2527.35 0
2527.99 0
2528.63 0
2529.27 0
2529.91 0
2530.55 0
2531.19 0
2531.83 0
2532.47 0
2533.11 0
2533.75 0
2534.39 0
2535.03 0
2535.67 0
2536.31 0
2536.95 0
2537.59 0
2538.23 0
2538.87 0
2539.51 0
2540.15 0
2540.79 0
2541.43 0
2542.07 0
2542.71 0
2543.35 0
2543.99 0
2544.63 0
2545.27 0
2545.91 0
2546.55 0
2547.19 0
2547.83 0
2548.47 0
2549.11 0
2549.75 0
2550.39 0
2551.03 0
2551.67 0
2552.31 0
2552.95 0
2553.59 0
2554.23 0
2554.87 0
2555.51 0
2556.15 0
2556.79 0
2557.43 0
2558.07 0
2558.71 0
2559.35 0
2559.99 0
2560.63 0
2561.27 0
2561.91 0
2562.55 0
2563.19 0
2563.83 0
2564.47 0
2565.11 0
2565.75 0
2566.39 0
2567.03 0
2567.67 0
2568.31 0
2568.95 0
2569.59 0
2570.23 0
2570.87 0
2571.51 0
2572.15 0
2572.79 0
2573.43 0
2574.07 0
2574.71 0
2575.35 0
2575.99 0
2576.63 0
2577.27 0
2577.91 0
2578.55 0
2579.19 0
2579.83 0
2580.47 0
2581.11 0
2581.75 0
2582.39 0
2583.03 0
2583.67 0
2584.31 0
2584.95 0
2585.59 0
2586.23 0
2586.87 0
2587.51 0
2588.15 0
2588.79 0
2589.43 0
2590.07 0
2590.71 0
2591.35 0
2591.99 0
2592.63 0
2593.27 0
2593.91 0
2594.55 0
2595.19 0
2595.83 0
2596.47 0
2597.11 0
2597.75 0
2598.39 0
2599.03 0
2599.67 0
2600.31 0
2600.95 0
2601.59 0
2602.23 0
2602.87 0
2603.51 0
2604.15 0
2604.79 0
2605.43 0
2606.07 0
2606.71 0
2607.35 0
2607.99 0
2608.63 0
2609.27 0
2609.91 0.113215
2610.55 0.149591
2611.19 0.239954
2611.83 0.422869
2612.47 0.720078
2613.11 1.09643
2613.75 1.44197
2614.39 1.61569
2615.03 1.536
2615.67 1.24127
2616.31 0.860683
2616.95 0.524809
2617.59 0.298172
2618.23 0.17641
2618.87 0.123308
2619.51 0
2620.15 0
2620.79 0
2621.43 0
2622.07 0
2622.71 0
2623.35 0
2623.99 0
2624.63 0
2625.27 0
2625.91 0
2626.55 0
2627.19 0
2627.83 0
2628.47 0
2629.11 0
2629.75 0
2630.39 0
2631.03 0
2631.67 0
2632.31 0
2632.95 0
2633.59 0
2634.23 0
2634.87 0
2635.51 0
2636.15 0
2636.79 0
2637.43 0
2638.07 0
2638.71 0
2639.35 0
2639.99 0
2640.63 0
2641.27 0
2641.91 0
2642.55 0
2643.19 0
2643.83 0
2644.47 0
2645.11 0
2645.75 0
2646.39 0
2647.03 0
2647.67 0
2648.31 0
2648.95 0
2649.59 0
2650.23 0
2650.87 0
2651.51 0
2652.15 0
2652.79 0
2653.43 0
2654.07 0
2654.71 0
2655.35 0
2655.99 0
2656.63 0
2657.27 0
2657.91 0
2658.55 0
2659.19 0
2659.83 0
2660.47 0
2661.11 0
2661.75 0
2662.39 0
2663.03 0
2663.67 0
2664.31 0
2664.95 0
2665.59 0
2666.23 0
2666.87 0
2667.51 0
2668.15 0
2668.79 0
2669.43 0
2670.07 0
2670.71 0
2671.35 0
2671.99 0
2672.63 0
2673.27 0
2673.91 0
2674.55 0
2675.19 0
2675.83 0
2676.47 0
2677.11 0
2677.75 0
2678.39 0
2679.03 0
2679.67 0
2680.31 0
2680.95 0
2681.59 0
2682.23 0
2682.87 0
2683.51 0
2684.15 0
2684.79 0
2685.43 0
2686.07 0
2686.71 0
2687.35 0
2687.99 0
2688.63 0
2689.27 0
2689.91 0
2690.55 0
2691.19 0
2691.83 0
2692.47 0
2693.11 0
2693.75 0
2694.39 0
2695.03 0
2695.67 0
2696.31 0
2696.95 0
2697.59 0
2698.23 0
2698.87 0
2699.51 0
2700.15 0
2700.79 0
2701.43 0
2702.07 0
2702.71 0
2703.35 0
2703.99 0
2704.63 0
2705.27 0
2705.91 0
2706.55 0
2707.19 0
2707.83 0
2708.47 0
2709.11 0
2709.75 0
2710.39 0
2711.03 0
2711.67 0
2712.31 0
2712.95 0
2713.59 0
2714.23 0
2714.87 0
2715.51 0
2716.15 0
2716.79 0
2717.43 0
2718.07 0
2718.71 0
2719.35 0
2719.99 0
2720.63 0
2721.27 0
2721.91 0
2722.55 0
2723.19 0
2723.83 0
2724.47 0
2725.11 0
2725.75 0
2726.39 0
2727.03 0
2727.67 0
2728.31 0
2728.95 0
2729.59 0
2730.23 0
2730.87 0
2731.51 0
2732.15 0
2732.79 0
2733.43 0
2734.07 0
2734.71 0
2735.35 0
2735.99 0
2736.63 0
2737.27 0
2737.91 0
2738.55 0
2739.19 0
2739.83 0
2740.47 0
2741.11 0
2741.75 0
2742.39 0
2743.03 0
2743.67 0
2744.31 0
2744.95 0
2745.59 0
2746.23 0
2746.87 0
2747.51 0
2748.15 0
2748.79 0
2749.43 0
2750.07 0
2750.71 0
2751.35 0
2751.99 0
2752.63 0
2753.27 0
2753.91 0
2754.55 0
2755.19 0
2755.83 0
2756.47 0
2757.11 0
2757.75 0
2758.39 0
2759.03 0
2759.67 0
2760.31 0
2760.95 0
2761.59 0
2762.23 0
2762.87 0
2763.51 0
2764.15 0
2764.79 0
2765.43 0
2766.07 0
2766.71 0
2767.35 0
2767.99 0
2768.63 0
2769.27 0
2769.91 0
2770.55 0
2771.19 0
2771.83 0
2772.47 0
2773.11 0
2773.75 0
2774.39 0
2775.03 0
2775.67 0
2776.31 0
2776.95 0
2777.59 0
2778.23 0
2778.87 0
2779.51 0
2780.15 0
2780.79 0
2781.43 0
2782.07 0
2782.71 0
2783.35 0
2783.99 0
2784.63 0
2785.27 0
2785.91 0
2786.55 0
2787.19 0
2787.83 0
2788.47 0
2789.11 0
2789.75 0
2790.39 0
2791.03 0
2791.67 0
2792.31 0
2792.95 0
2793.59 0
2794.23 0
2794.87 0
2795.51 0
2796.15 0
2796.79 0
2797.43 0
2798.07 0
2798.71 0
2799.35 0
2799.99 0
2800.63 0
2801.27 0
2801.91 0
2802.55 0
2803.19 0
2803.83 0
2804.47 0
2805.11 0
2805.75 0
2806.39 0
2807.03 0
2807.67 0
2808.31 0
2808.95 0
2809.59 0
2810.23 0
2810.87 0
2811.51 0
2812.15 0
2812.79 0
2813.43 0
2814.07 0
2814.71 0
2815.35 0
2815.99 0
2816.63 0
2817.27 0
2817.91 0
2818.55 0
2819.19 0
2819.83 0
2820.47 0
2821.11 0
2821.75 0
2822.39 0
2823.03 0
2823.67 0
2824.31 0
2824.95 0
2825.59 0
2826.23 0
2826.87 0
2827.51 0
2828.15 0
2828.79 0
2829.43 0
2830.07 0
2830.71 0
2831.35 0
2831.99 0
2832.63 0
2833.27 0
2833.91 0
2834.55 0
2835.19 0
2835.83 0
2836.47 0
2837.11 0
2837.75 0
2838.39 0
2839.03 0
2839.67 0
2840.31 0
2840.95 0
2841.59 0
2842.23 0
2842.87 0
2843.51 0
2844.15 0
2844.79 0
2845.43 0
2846.07 0
2846.71 0
2847.35 0
2847.99 0
2848.63 0
2849.27 0
2849.91 0
2850.55 0
2851.19 0
2851.83 0
2852.47 0
2853.11 0
2853.75 0
2854.39 0
2855.03 0
2855.67 0
2856.31 0
2856.95 0
2857.59 0
2858.23 0
2858.87 0
2859.51 0
2860.15 0
2860.79 0
2861.43 0
2862.07 0
2862.71 0
2863.35 0
2863.99 0
2864.63 0
2865.27 0
2865.91 0
2866.55 0
2867.19 0
2867.83 0
2868.47 0
2869.11 0
2869.75 0
2870.39 0
2871.03 0
2871.67 0
2872.31 0
2872.95 0
2873.59 0
2874.23 0
2874.87 0
2875.51 0
2876.15 0
2876.79 0
2877.43 0
2878.07 0
2878.71 0
2879.35 0
2879.99 0
2880.63 0
2881.27 0
2881.91 0
2882.55 0
2883.19 0
2883.83 0
2884.47 0
2885.11 0
2885.75 0
2886.39 0
2887.03 0
2887.67 0
2888.31 0
2888.95 0
2889.59 0
2890.23 0
2890.87 0
2891.51 0
2892.15 0
2892.79 0
2893.43 0
2894.07 0
2894.71 0
2895.35 0
2895.99 0
2896.63 0
2897.27 0
2897.91 0
2898.55 0
2899.19 0
2899.83 0
2900.47 0
2901.11 0
2901.75 0
2902.39 0
2903.03 0
2903.67 0
2904.31 0
2904.95 0
2905.59 0
2906.23 0
2906.87 0
2907.51 0
2908.15 0
2908.79 0
2909.43 0
2910.07 0
2910.71 0
2911.35 0
2911.99 0
2912.63 0
2913.27 0
2913.91 0
2914.55 0
2915.19 0
2915.83 0
2916.47 0
2917.11 0
2917.75 0
2918.39 0
2919.03 0
2919.67 0
2920.31 0
2920.95 0
2921.59 0
2922.23 0
2922.87 0
2923.51 0
2924.15 0
2924.79 0
2925.43 0
2926.07 0
2926.71 0
2927.35 0
2927.99 0
2928.63 0
2929.27 0
2929.91 0
2930.55 0
2931.19 0
2931.83 0
2932.47 0
2933.11 0
2933.75 0
2934.39 0
2935.03 0
2935.67 0
2936.31 0
2936.95 0
2937.59 0
2938.23 0
2938.87 0
2939.51 0
2940.15 0
2940.79 0
2941.43 0
2942.07 0
2942.71 0
2943.35 0
2943.99 0
2944.63 0
2945.27 0
2945.91 0
2946.55 0
2947.19 0
2947.83 0
2948.47 0
2949.11 0
2949.75 0
2950.39 0
2951.03 0
2951.67 0
2952.31 0
2952.95 0
2953.59 0
2954.23 0
2954.87 0
2955.51 0
2956.15 0
2956.79 0
2957.43 0
2958.07 0
2958.71 0
2959.35 0
2959.99 0
2960.63 0
2961.27 0
2961.91 0
2962.55 0
2963.19 0
2963.83 0
2964.47 0
2965.11 0
2965.75 0
2966.39 0
2967.03 0
2967.67 0
2968.31 0
2968.95 0
2969.59 0
2970.23 0
2970.87 0
2971.51 0
2972.15 0
2972.79 0
2973.43 0
2974.07 0
2974.71 0
2975.35 0
2975.99 0
2976.63 0
2977.27 0
2977.91 0
2978.55 0
2979.19 0
2979.83 0
2980.47 0
2981.11 0
2981.75 0
2982.39 0
2983.03 0
2983.67 0
2984.31 0
2984.95 0
2985.59 0
2986.23 0
2986.87 0
2987.51 0
2988.15 0
2988.79 0
2989.43 0
2990.07 0
2990.71 0
2991.35 0
2991.99 0
2992.63 0
2993.27 0
2993.91 0
2994.55 0
2995.19 0
2995.83 0
2996.47 0
2997.11 0
2997.75 0
2998.39 0
2999.03 0
2999.67 0
3000.31 0
3000.95 0
3001.59 0
3002.23 0
3002.87 0
3003.51 0
3004.15 0
3004.79 0
3005.43 0
3006.07 0
3006.71 0
3007.35 0
3007.99 0
3008.63 0
3009.27 0
3009.91 0
3010.55 0
3011.19 0
3011.83 0
3012.47 0
3013.11 0
3013.75 0
3014.39 0
3015.03 0
3015.67 0
3016.31 0
3016.95 0
3017.59 0
3018.23 0
3018.87 0
3019.51 0
3020.15 0
3020.79 0
3021.43 0
3022.07 0
3022.71 0
3023.35 0
3023.99 0
3024.63 0
3025.27 0
3025.91 0
3026.55 0
3027.19 0
3027.83 0
3028.47 0
3029.11 0
3029.75 0
3030.39 0
3031.03 0
3031.67 0
3032.31 0
3032.95 0
3033.59 0
3034.23 0
3034.87 0
3035.51 0
3036.15 0
3036.79 0
3037.43 0
3038.07 0
3038.71 0
3039.35 0
3039.99 0
3040.63 0
3041.27 0
3041.91 0
3042.55 0
3043.19 0
3043.83 0
3044.47 0
3045.11 0
3045.75 0
3046.39 0
3047.03 0
3047.67 0
3048.31 0
3048.95 0
3049.59 0
3050.23 0
3050.87 0
3051.51 0
3052.15 0
3052.79 0
3053.43 0
3054.07 0
3054.71 0
3055.35 0
3055.99 0
3056.63 0
3057.27 0
3057.91 0
3058.55 0
3059.19 0
3059.83 0
3060.47 0
3061.11 0
3061.75 0
3062.39 0
3063.03 0
3063.67 0
3064.31 0
3064.95 0
3065.59 0
3066.23 0
3066.87 0
3067.51 0
3068.15 0
3068.79 0
3069.43 0
3070.07 0
3070.71 0
3071.35 0
3071.99 0
3072.63 0
3073.27 0
3073.91 0
3074.55 0
3075.19 0
3075.83 0
3076.47 0
3077.11 0
3077.75 0
3078.39 0
3079.03 0
3079.67 0
3080.31 0
3080.95 0
3081.59 0
3082.23 0
3082.87 0
3083.51 0
3084.15 0
3084.79 0
3085.43 0
3086.07 0
3086.71 0
3087.35 0
3087.99 0
3088.63 0
3089.27 0
3089.91 0
3090.55 0
3091.19 0
3091.83 0
3092.47 0
3093.11 0
3093.75 0
3094.39 0
3095.03 0
3095.67 0
3096.31 0
3096.96 0
3097.6 0
3098.24 0
3098.88 0
3099.52 0
3100.16 0
3100.8 0
3101.44 0
3102.08 0
3102.72 0
3103.36 0
3104 0
3104.64 0
3105.28 0
3105.92 0
3106.56 0
3107.2 0
3107.84 0
3108.48 0
3109.12 0
3109.76 0
3110.4 0
3111.04 0
3111.68 0
3112.32 0
3112.96 0
3113.6 0
3114.24 0
3114.88 0
3115.52 0
3116.16 0
3116.8 0
3117.44 0
3118.08 0
3118.72 0
3119.36 0
3120 0
3120.64 0
3121.28 0
3121.92 0
3122.56 0
3123.2 0
3123.84 0
3124.48 0
3125.12 0
3125.76 0
3126.4 0
3127.04 0
3127.68 0
3128.32 0
3128.96 0
3129.6 0
3130.24 0
3130.88 0
3131.52 0
3132.16 0
3132.8 0
3133.44 0
3134.08 0
3134.72 0
3135.36 0
3136 0
3136.64 0
3137.28 0
3137.92 0
3138.56 0
3139.2 0
3139.84 0
3140.48 0
3141.12 0
3141.76 0
3142.4 0
3143.04 0
3143.68 0
3144.32 0
3144.96 0
3145.6 0
3146.24 0
3146.88 0
3147.52 0
3148.16 0
3148.8 0
3149.44 0
3150.08 0
3150.72 0
3151.36 0
3152 0
3152.64 0
3153.28 0
3153.92 0
3154.56 0
3155.2 0
3155.84 0
3156.48 0
3157.12 0
3157.76 0
3158.4 0
3159.04 0
3159.68 0
3160.32 0
3160.96 0
3161.6 0
3162.24 0
3162.88 0
3163.52 0
3164.16 0
3164.8 0
3165.44 0
3166.08 0
3166.72 0
3167.36 0
3168 0
3168.64 0
3169.28 0
3169.92 0
3170.56 0
3171.2 0
3171.84 0
3172.48 0
3173.12 0
3173.76 0
3174.4 0
3175.04 0
3175.68 0
3176.32 0
3176.96 0
3177.6 0
3178.24 0
3178.88 0
3179.52 0
3180.16 0
3180.8 0
3181.44 0
3182.08 0
3182.72 0
3183.36 0
3184 0
3184.64 0
3185.28 0
3185.92 0
3186.56 0
3187.2 0
3187.84 0
3188.48 0
3189.12 0
3189.76 0
3190.4 0
3191.04 0
3191.68 0
3192.32 0
3192.96 0
3193.6 0
3194.24 0
3194.88 0
3195.52 0
3196.16 0
3196.8 0
3197.44 0
3198.08 0
3198.72 0
3199.36 0
3200 0
