0.615317 0
1.25531 0
1.89531 0
2.5353 0
3.1753 0
3.81529 0
4.45528 0
5.09528 0
5.73527 0
6.37527 0
7.01526 0
7.65526 0
8.29525 0
8.93525 0
9.57524 0
10.2152 0
10.8552 0
11.4952 0
12.1352 0
12.7752 0
13.4152 0
14.0552 0
14.6952 0
15.3352 0
15.9752 0
16.6152 0
17.2552 0
17.8952 0
18.5352 0
19.1752 0
19.8152 0
20.4551 0
21.0951 0
21.7351 0
22.3751 0
23.0151 0
23.6551 0
24.2951 0
24.9351 0
25.5751 0
26.2151 0
26.8551 0
27.4951 0
28.1351 0
28.7751 0
29.4151 0
30.0551 0
30.6951 0
31.3351 0
31.975 0
32.615 0
33.255 0
33.895 0
34.535 0
35.175 0
35.815 0
36.455 0
37.095 0
37.735 0
38.375 0
39.015 0
39.655 0
40.295 0
40.935 0
41.575 0
42.215 0
42.855 0
43.4949 0
44.1349 0
44.7749 0
45.4149 0
46.0549 0
46.6949 1091.3
47.3349 695.655
47.9749 251.469
48.6149 63.1512
49.2549 21.9117
49.8949 17.5896
50.5349 0
51.1749 0
51.8149 0
52.4549 0
53.0949 0
53.7349 0
54.3749 0
55.0148 0
55.6548 0
56.2948 0
56.9348 0
57.5748 0
58.2148 0
58.8548 0
59.4948 0
60.1348 0
60.7748 0
61.4148 0
62.0548 0
62.6948 0
63.3348 0
63.9748 0
64.6148 0
65.2548 0
65.8948 0
66.5347 0
67.1747 0
67.8147 0
68.4547 0
69.0947 0
69.7347 0
70.3747 16.7558
71.0147 16.6774
71.6547 16.5993
72.2947 16.5258
72.9347 16.4847
73.5747 16.5503
74.2147 16.7375
74.8547 16.8728
75.4947 17.0789
76.1347 18.0332
76.7747 19.3775
77.4147 19.3074
78.0546 17.7031
78.6946 16.3094
79.3346 15.7535
79.9746 15.5885
80.6146 15.5018
81.2546 15.423
81.8946 15.3446
82.5346 15.2662
83.1746 15.1878
83.8146 15.1088
84.4546 15.0233
85.0946 14.8974
85.7346 14.6525
86.3746 14.2902
87.0146 14.055
87.6546 14.1355
88.2946 14.3372
88.9346 14.4244
89.5745 14.3952
90.2145 14.3247
90.8545 14.247
91.4945 14.1687
92.1345 14.0903
92.7745 0
93.4145 0
94.0545 0
94.6945 0
95.3345 0
95.9745 0
96.6145 0
97.2545 0
97.8945 0
98.5345 0
99.1745 0
99.8145 0
100.454 0
101.094 0
101.734 0
102.374 0
103.014 0
103.654 0
104.294 0
104.934 0
105.574 0
106.214 0
106.854 0
107.494 0
108.134 0
108.774 0
109.414 0
110.054 0
110.694 0
111.334 0
111.974 0
112.614 0
113.254 0
113.894 0
114.534 0
115.174 0
115.814 0
116.454 0
117.094 0
117.734 0
118.374 0
119.014 0
119.654 0
120.294 0
120.934 0
121.574 0
122.214 0
122.854 0
123.494 0
124.134 0
124.774 0
125.414 0
126.054 0
126.694 0
127.334 0
127.974 0
128.614 0
129.254 0
129.894 0
130.534 0
131.174 0
131.814 0
132.454 0
133.094 0
133.734 0
134.374 0
135.014 0
135.654 0
136.294 0
136.934 0
137.574 0
138.214 0
138.854 0
139.494 0
140.134 0
140.774 0
141.414 0
142.054 0
142.694 0
143.334 0
143.974 0
144.614 0
145.254 0
145.894 0
146.534 0
147.174 0
147.814 0
148.454 0
149.094 0
149.734 0
150.374 0
151.014 0
151.654 0
152.294 0
152.934 0
153.574 0
154.214 0
154.854 0
155.494 0
156.134 0
156.774 0
157.414 0
158.054 0
158.694 0
159.334 0
159.974 0
160.614 0
161.254 0
161.894 0
162.534 0
163.174 0
163.814 0
164.454 0
165.094 0
165.734 0
166.374 0
167.014 0
167.654 0
168.294 0
168.934 0
169.574 0
170.214 0
170.854 0
171.494 0
172.134 0
172.774 0
173.414 0
174.054 0
174.694 0
175.334 0
175.974 0
176.614 0
177.254 0
177.894 0
178.534 0
179.174 0
179.814 0
180.454 0
181.094 0
181.734 0
182.374 0
183.014 0
183.654 0
184.294 0
184.934 0
185.574 0
186.214 0
186.854 0
187.494 0
188.134 0
188.774 0
189.414 0
190.054 0
190.694 0
191.334 0
191.974 0
192.614 0
193.254 0
193.894 0
194.534 0
195.174 0
195.814 0
196.454 0
197.094 0
197.734 0
198.374 0
199.014 0
199.654 0
200.294 0
200.934 0
201.574 0
202.214 0
202.854 0
203.494 0
204.134 0
204.774 0
205.414 0
206.054 0
206.694 0
207.334 0
207.974 0
208.614 0
209.254 0
209.894 0
210.534 0
211.173 0
211.813 0
212.453 0
213.093 0
213.733 0
214.373 0
215.013 0
215.653 0
216.293 0
216.933 0
217.573 0
218.213 0
218.853 0
219.493 0
220.133 0
220.773 0
221.413 0
222.053 0
222.693 0
223.333 0
223.973 0
224.613 0
225.253 0
225.893 0
226.533 0
227.173 0
227.813 0
228.453 0
229.093 0
229.733 0
230.373 0
231.013 0
231.653 0
232.293 0
232.933 0
233.573 0
234.213 0
234.853 0
235.493 0
236.133 0
236.773 0
237.413 5.30081
238.053 5.25876
238.693 5.21826
239.333 5.19371
239.973 5.26076
240.613 5.59884
241.253 6.24735
241.893 6.69131
242.533 6.37678
243.173 5.62896
243.813 5.09105
244.453 4.87515
245.093 4.79919
245.733 4.75326
246.373 4.71087
247.013 0
247.653 0
248.293 0
248.933 0
249.573 0
250.213 0
250.853 0
251.493 0
252.133 0
252.773 0
253.413 0
254.053 0
254.693 0
255.333 0
255.973 0
256.613 0
257.253 0
257.893 0
258.533 0
259.173 0
259.813 0
260.453 0
261.093 0
261.733 0
262.373 0
263.013 0
263.653 0
264.293 0
264.933 0
265.573 0
266.213 0
266.853 0
267.493 0
268.133 0
268.773 0
269.413 0
270.053 0
270.693 0
271.333 0
271.973 0
272.613 3.72687
273.253 3.67529
273.893 3.62476
274.533 3.5859
275.173 3.62098
275.813 3.90786
276.453 4.57591
277.093 5.21628
277.733 5.10448
278.373 4.31248
279.013 3.58432
279.653 3.23968
280.293 3.11787
280.933 3.05648
281.573 3.00404
282.213 2.95237
282.853 0
283.493 0
284.133 0
284.773 0
285.413 0
286.053 0
286.693 0
287.333 0
287.973 0
288.613 0
289.253 0
289.893 0
290.533 3.47154
291.173 3.48182
291.813 3.49665
292.453 3.55743
293.093 3.88326
293.733 5.02673
294.373 7.24565
295.013 9.1308
295.653 8.68528
296.293 6.44184
296.933 4.55943
297.573 3.78884
298.213 3.61818
298.853 3.60365
299.493 3.61166
300.133 3.62156
300.773 0
301.413 0
302.053 0
302.693 0
303.333 0
303.973 0
304.613 0
305.253 0
305.893 0
306.533 0
307.173 0
307.813 0
308.453 0
309.093 0
309.733 0
310.373 0
311.013 0
311.653 0
312.293 0
312.933 0
313.573 0
314.213 0
314.853 0
315.493 0
316.133 0
316.773 0
317.413 0
318.053 0
318.693 0
319.333 0
319.973 0
320.613 0
321.253 0
321.893 0
322.533 0
323.173 0
323.813 0
324.453 0
325.093 0
325.733 0
326.373 0
327.012 0
327.652 0
328.292 0
328.932 0
329.572 0
330.212 0
330.852 0
331.492 0
332.132 0
332.772 0
333.412 0
334.052 0
334.692 0
335.332 0
335.972 0
336.612 0
337.252 0
337.892 0
338.532 0
339.172 0
339.812 0
340.452 0
341.092 0
341.732 0
342.372 0
343.012 0
343.652 0
344.292 0
344.932 0
345.572 0
346.212 0
346.852 0
347.492 2.56864
348.132 2.67452
348.772 2.79891
349.412 3.05866
350.052 3.88441
350.692 5.92898
351.332 8.78518
351.972 10.1674
352.612 8.67121
353.252 6.03167
353.892 4.3678
354.532 3.85758
355.172 3.83677
355.812 3.92566
356.452 4.02879
357.092 0
357.732 0
358.372 0
359.012 0
359.652 0
360.292 0
360.932 0
361.572 0
362.212 0
362.852 0
363.492 0
364.132 0
364.772 0
365.412 0
366.052 0
366.692 0
367.332 0
367.972 0
368.612 0
369.252 0
369.892 0
370.532 0
371.172 0
371.812 0
372.452 0
373.092 0
373.732 0
374.372 0
375.012 0
375.652 0
376.292 0
376.932 0
377.572 0
378.212 0
378.852 0
379.492 0
380.132 0
380.772 0
381.412 0
382.052 0
382.692 0
383.332 0
383.972 0
384.612 0
385.252 0
385.892 0
386.532 0
387.172 0
387.812 0
388.452 0
389.092 0
389.732 0
390.372 0
391.012 0
391.652 0
392.292 0
392.932 0
393.572 0
394.212 0
394.852 0
395.492 0
396.132 0
396.772 0
397.412 0
398.052 0
398.692 0
399.332 0
399.972 0
400.612 0
401.252 0
401.892 0
402.532 0
403.172 0
403.812 0
404.452 0
405.092 0
405.732 0
406.372 0
407.012 0
407.652 0
408.292 0
408.932 0
409.572 0
410.212 0
410.852 0
411.492 0
412.132 0
412.772 0
413.412 0
414.052 0
414.692 0
415.332 0
415.972 0
416.612 0
417.252 0
417.892 0
418.532 0
419.172 0
419.812 0
420.452 0
421.092 0
421.732 0
422.372 0
423.012 0
423.652 0
424.292 0
424.932 0
425.572 0
426.212 0
426.852 0
427.492 0
428.132 0
428.772 0
429.412 0
430.052 0
430.692 0
431.332 0
431.972 0
432.612 0
433.252 0
433.892 0
434.532 0
435.172 0
435.812 0
436.452 0
437.092 0
437.732 0
438.372 0
439.012 0
439.652 0
440.292 0
440.932 0
441.572 0
442.211 0
442.851 0
443.491 0
444.131 0
444.771 0
445.411 0
446.051 0
446.691 0
447.331 0
447.971 0
448.611 0
449.251 0
449.891 0
450.531 0
451.171 0
451.811 0
452.451 0
453.091 0
453.731 0
454.371 0
455.011 0
455.651 0
456.291 0
456.931 0
457.571 0
458.211 0
458.851 0
459.491 0
460.131 0
460.771 0
461.411 0
462.051 0
462.691 0
463.331 0
463.971 0
464.611 0
465.251 0
465.891 0
466.531 0
467.171 0
467.811 0
468.451 0
469.091 0
469.731 0
470.371 0
471.011 0
471.651 0
472.291 0
472.931 0
473.571 0
474.211 0
474.851 0
475.491 0
476.131 0
476.771 0
477.411 0
478.051 0
478.691 0
479.331 0
479.971 0
480.611 0
481.251 0
481.891 0
482.531 0
483.171 0
483.811 0
484.451 0
485.091 0
485.731 0
486.371 0
487.011 0
487.651 0
488.291 0
488.931 0
489.571 0
490.211 0
490.851 0
491.491 0
492.131 0
492.771 0
493.411 0
494.051 0
494.691 0
495.331 0
495.971 0
496.611 0
497.251 0
497.891 0
498.531 0
499.171 0
499.811 0
500.451 0
501.091 0
501.731 0
502.371 0
503.011 0
503.651 0
504.291 0
504.931 0
505.571 0
506.211 0
506.851 0
507.491 0
508.131 0
508.771 0
509.411 0
510.051 0
510.691 0
511.331 0
511.971 0
512.611 0
513.251 0
513.891 0
514.531 0
515.171 0
515.811 0
516.451 0
517.091 0
517.731 0
518.371 0
519.011 0
519.651 0
520.291 0
520.931 0
521.571 0
522.211 0
522.851 0
523.491 0
524.131 0
524.771 0
525.411 0
526.051 0
526.691 0
527.331 0
527.971 0
528.611 0
529.251 0
529.891 0
530.531 0
531.171 0
531.811 0
532.451 0
533.091 0
533.731 0
534.371 0
535.011 0
535.651 0
536.291 0
536.931 0
537.571 0
538.211 0
538.851 0
539.491 0
540.131 0
540.771 0
541.411 0
542.051 0
542.691 0
543.331 0
543.971 0
544.611 0
545.251 0
545.891 0
546.531 0
547.171 0
547.811 0
548.451 0
549.091 0
549.731 0
550.371 0
551.011 0
551.651 0
552.291 0
552.931 0
553.571 0
554.211 0
554.851 0
555.491 0
556.131 0
556.771 0
557.411 0
558.05 0
558.69 0
559.33 0
559.97 0
560.61 0
561.25 0
561.89 0
562.53 0
563.17 0
563.81 0
564.45 0
565.09 0
565.73 0
566.37 0
567.01 0
567.65 0
568.29 0
568.93 0
569.57 0
570.21 0
570.85 0
571.49 0
572.13 0
572.77 0
573.41 0
574.05 0
574.69 0
575.33 0
575.97 0
576.61 0
577.25 0
577.89 0
578.53 0.680351
579.17 0.735102
579.81 0.79186
580.45 0.860623
581.09 0.973845
581.73 1.181
582.37 1.47011
583.01 1.692
583.65 1.69272
584.29 1.52516
584.93 1.37187
585.57 1.32072
586.21 1.34217
586.85 1.39004
587.49 1.44368
588.13 1.49813
588.77 0
589.41 0
590.05 0
590.69 0
591.33 0
591.97 0
592.61 0
593.25 0
593.89 0
594.53 0
595.17 0
595.81 0
596.45 0
597.09 0
597.73 0
598.37 0
599.01 0
599.65 0
600.29 0
600.93 0
601.57 0
602.21 0
602.85 0
603.49 0
604.13 0
604.77 0.894624
605.41 0.899228
606.05 0.939197
606.69 1.16818
607.33 2.02113
607.97 4.02491
608.61 6.77078
609.25 8.35096
609.89 7.29353
610.53 4.61036
611.17 2.35519
611.81 1.28328
612.45 0.964454
613.09 0.902842
613.73 0.894966
614.37 0
615.01 0
615.65 0
616.29 0
616.93 0
617.57 0
618.21 0
618.85 0
619.49 0
620.13 0
620.77 0
621.41 0
622.05 0
622.69 0
623.33 0
623.97 0
624.61 0
625.25 0
625.89 0
626.53 0
627.17 0
627.81 0
628.45 0
629.09 0
629.73 0
630.37 0
631.01 0
631.65 0
632.29 0
632.93 0
633.57 0
634.21 0
634.85 0
635.49 0
636.13 0
636.77 0
637.41 0
638.05 0
638.69 0
639.33 0
639.97 0
640.61 0
641.25 0
641.89 0
642.53 0
643.17 0
643.81 0
644.45 0
645.09 0
645.73 0
646.37 0
647.01 0
647.65 0
648.29 0
648.93 0
649.57 0
650.21 0
650.85 0
651.49 0
652.13 0
652.77 0
653.41 0
654.05 0
654.69 0
655.33 0
655.97 0
656.61 0
657.25 0.974035
657.89 0.980957
658.53 1.02857
659.17 1.26015
659.81 2.00362
660.45 3.51271
661.09 5.2618
661.73 5.93632
662.37 4.91485
663.01 3.1423
663.65 1.86787
664.29 1.40299
664.93 1.37556
665.57 1.38889
666.21 1.29263
666.85 1.14602
667.49 1.04161
668.13 0.997259
668.77 0.985431
669.41 0.983703
670.05 0.983952
670.69 0
671.33 0
671.97 0
672.61 0
673.25 0
673.889 0
674.529 0
675.169 0
675.809 0
676.449 0
677.089 0
677.729 0
678.369 0
679.009 0
679.649 0
680.289 0
680.929 0
681.569 0
682.209 0
682.849 0
683.489 0
684.129 0
684.769 0
685.409 0
686.049 0
686.689 0
687.329 0
687.969 0
688.609 0
689.249 0
689.889 0
690.529 0
691.169 0
691.809 0
692.449 0
693.089 0
693.729 0
694.369 0
695.009 0
695.649 0
696.289 0
696.929 0
697.569 0
698.209 0
698.849 0
699.489 0
700.129 0
700.769 0
701.409 0
702.049 0
702.689 0
703.329 0
703.969 0
704.609 0
705.249 0
705.889 0
706.529 0
707.169 0
707.809 0
708.449 0
709.089 0
709.729 0
710.369 0
711.009 0
711.649 0
712.289 0
712.929 0
713.569 0
714.209 0
714.849 0
715.489 0
716.129 0
716.769 0
717.409 0
718.049 0
718.689 0
719.329 0
719.969 0
720.609 0
721.249 0
721.889 0
722.529 0
723.169 0
723.809 0
724.449 0
725.089 0
725.729 0
726.369 0
727.009 0
727.649 0
728.289 0
728.929 0
729.569 0
730.209 0
730.849 0
731.489 0
732.129 0
732.769 0
733.409 0
734.049 0
734.689 0
735.329 0
735.969 0
736.609 0
737.249 0
737.889 0
738.529 0
739.169 0
739.809 0
740.449 0
741.089 0
741.729 0
742.369 0
743.009 0
743.649 0
744.289 0
744.929 0
745.569 0
746.209 0
746.849 0
747.489 0
748.129 0
748.769 0
749.409 0
750.049 0
750.689 0
751.329 0
751.969 0
752.609 0
753.249 0
753.889 0
754.529 0
755.169 0
755.809 0
756.449 0
757.089 0
757.729 0
758.369 0
759.009 0
759.649 0
760.289 0
760.929 0
761.569 0
762.209 0
762.849 0
763.489 0
764.129 0
764.769 0
765.409 0
766.049 0
766.689 0
767.329 0
767.969 0
768.609 0
769.249 0
769.889 0
770.529 0
771.169 0
771.809 0
772.449 0
773.089 0
773.729 0
774.369 0
775.009 0
775.649 0
776.289 0
776.929 0
777.569 0
778.209 0
778.849 0
779.489 0
780.129 0
780.769 0
781.409 0
782.049 0
782.689 0
783.329 0
783.969 0
784.609 0
785.249 0
785.889 0
786.529 0
787.169 0
787.809 0
788.449 0
789.088 0
789.728 0
790.368 0
791.008 0
791.648 0
792.288 0
792.928 0
793.568 0
794.208 0
794.848 0
795.488 0
796.128 0
796.768 0
797.408 0
798.048 0
798.688 0
799.328 0
799.968 0
800.608 0
801.248 0
801.888 0
802.528 0
803.168 0
803.808 0
804.448 0
805.088 0
805.728 0
806.368 0
807.008 0
807.648 0
808.288 0
808.928 0
809.568 0
810.208 0
810.848 0
811.488 0
812.128 0
812.768 0
813.408 0
814.048 0
814.688 0
815.328 0
815.968 0
816.608 0
817.248 0
817.888 0
818.528 0
819.168 0
819.808 0
820.448 0
821.088 0
821.728 0
822.368 0
823.008 0
823.648 0
824.288 0
824.928 0
825.568 0
826.208 0
826.848 0
827.488 0
828.128 0
828.768 0
829.408 0
830.048 0
830.688 0
831.328 0
831.968 0
832.608 0
833.248 0
833.888 0
834.528 0
835.168 0
835.808 0
836.448 0
837.088 0
837.728 0
838.368 0
839.008 0
839.648 0
840.288 0
840.928 0
841.568 0
842.208 0
842.848 0
843.488 0
844.128 0
844.768 0
845.408 0
846.048 0
846.688 0
847.328 0
847.968 0
848.608 0
849.248 0
849.888 0
850.528 0
851.168 0
851.808 0
852.448 0
853.088 0
853.728 0
854.368 0
855.008 0
855.648 0
856.288 0
856.928 0
857.568 0
858.208 0
858.848 0
859.488 0
860.128 0
860.768 0
861.408 0
862.048 0
862.688 0
863.328 0
863.968 0
864.608 0
865.248 0
865.888 0
866.528 0
867.168 0
867.808 0
868.448 0
869.088 0
869.728 0
870.368 0
871.008 0
871.648 0
872.288 0
872.928 0
873.568 0
874.208 0
874.848 0
875.488 0
876.128 0
876.768 0
877.408 0
878.048 0
878.688 0
879.328 0
879.968 0
880.608 0
881.248 0
881.888 0
882.528 0
883.168 0
883.808 0
884.448 0
885.088 0
885.728 0
886.368 0
887.008 0
887.648 0
888.288 0
888.928 0
889.568 0
890.208 0
890.848 0
891.488 0
892.128 0
892.768 0
893.408 0
894.048 0
894.688 0
895.328 0
895.968 0
896.608 0
897.248 0
897.888 0
898.528 0
899.168 0
899.808 0
900.448 0
901.088 0
901.728 0
902.368 0
903.008 0
903.648 0
904.288 0
904.927 0
905.567 0
906.207 0
906.847 0
907.487 0
908.127 0
908.767 0
909.407 0
910.047 0
910.687 0
911.327 0
911.967 0
912.607 0
913.247 0
913.887 0
914.527 0
915.167 0
915.807 0
916.447 0
917.087 0
917.727 0
918.367 0
919.007 0
919.647 0
920.287 0
920.927 0
921.567 0
922.207 0
922.847 0
923.487 0
924.127 0
924.767 0
925.407 0
926.047 0
926.687 0
927.327 0
927.967 0
928.607 0
929.247 0
929.887 0
930.527 0
931.167 0
931.807 0
932.447 0
933.087 0
933.727 0
934.367 0
935.007 0
935.647 0
936.287 0
936.927 0
937.567 0
938.207 0
938.847 0
939.487 0
940.127 0
940.767 0
941.407 0
942.047 0
942.687 0
943.327 0
943.967 0
944.607 0
945.247 0
945.887 0
946.527 0
947.167 0
947.807 0
948.447 0
949.087 0
949.727 0
950.367 0
951.007 0
951.647 0
952.287 0
952.927 0
953.567 0
954.207 0
954.847 0
955.487 0
956.127 0
956.767 0
957.407 0
958.047 0
958.687 0
959.327 0
959.967 0
960.607 0
961.247 0
961.887 0
962.527 0
963.167 0
963.807 0
964.447 0
965.087 0
965.727 0
966.367 0
967.007 0
967.647 0
968.287 0
968.927 0
969.567 0
970.207 0
970.847 0
971.487 0
972.127 0
972.767 0
973.407 0
974.047 0
974.687 0
975.327 0
975.967 0
976.607 0
977.247 0
977.887 0
978.527 0
979.167 0
979.807 0
980.447 0
981.087 0
981.727 0
982.367 0
983.007 0
983.647 0
984.287 0
984.927 0
985.567 0
986.207 0
986.847 0
987.487 0
988.127 0
988.767 0
989.407 0
990.047 0
990.687 0
991.327 0
991.967 0
992.607 0
993.247 0
993.887 0
994.527 0
995.167 0
995.807 0
996.447 0
997.087 0
997.727 0
998.367 0
999.007 0
999.647 0
1000.29 0
1000.93 0
1001.57 0
1002.21 0
1002.85 0
1003.49 0
1004.13 0
1004.77 0
1005.41 0
1006.05 0
1006.69 0
1007.33 0
1007.97 0
1008.61 0
1009.25 0
1009.89 0
1010.53 0
1011.17 0
1011.81 0
1012.45 0
1013.09 0
1013.73 0
1014.37 0
1015.01 0
1015.65 0
1016.29 0
1016.93 0
1017.57 0
1018.21 0
1018.85 0
1019.49 0
1020.13 0
1020.77 0
1021.41 0
1022.05 0
1022.69 0
1023.33 0
1023.97 0
1024.61 0
1025.25 0
1025.89 0
1026.53 0
1027.17 0
1027.81 0
1028.45 0
1029.09 0
1029.73 0
1030.37 0
1031.01 0
1031.65 0
1032.29 0
1032.93 0
1033.57 0
1034.21 0
1034.85 0
1035.49 0
1036.13 0
1036.77 0
1037.41 0
1038.05 0
1038.69 0
1039.33 0
1039.97 0
1040.61 0
1041.25 0
1041.89 0
1042.53 0
1043.17 0
1043.81 0
1044.45 0
1045.09 0
1045.73 0
1046.37 0
1047.01 0
1047.65 0
1048.29 0
1048.93 0
1049.57 0
1050.21 0
1050.85 0
1051.49 0
1052.13 0
1052.77 0
1053.41 0
1054.05 0
1054.69 0
1055.33 0
1055.97 0
1056.61 0
1057.25 0
1057.89 0
1058.53 0
1059.17 0
1059.81 0
1060.45 0
1061.09 0
1061.73 0
1062.37 0
1063.01 0
1063.65 0
1064.29 0
1064.93 0
1065.57 0
1066.21 0
1066.85 0
1067.49 0
1068.13 0
1068.77 0
1069.41 0
1070.05 0
1070.69 0
1071.33 0
1071.97 0
1072.61 0
1073.25 0
1073.89 0
1074.53 0
1075.17 0
1075.81 0
1076.45 0
1077.09 0
1077.73 0
1078.37 0
1079.01 0
1079.65 0
1080.29 0
1080.93 0
1081.57 0
1082.21 0
1082.85 0
1083.49 0
1084.13 0
1084.77 0
1085.41 0
1086.05 0
1086.69 0
1087.33 0
1087.97 0
1088.61 0
1089.25 0
1089.89 0
1090.53 0
1091.17 0
1091.81 0
1092.45 0
1093.09 0
1093.73 0
1094.37 0
1095.01 0
1095.65 0
1096.29 0
1096.93 0
1097.57 0
1098.21 0
1098.85 0
1099.49 0
1100.13 0
1100.77 0
1101.41 0
1102.05 0
1102.69 0
1103.33 0
1103.97 0
1104.61 0
1105.25 0
1105.89 0
1106.53 0
1107.17 0
1107.81 0
1108.45 0
1109.09 0
1109.73 0
1110.37 0
1111.01 0
1111.65 0
1112.29 0
1112.93 0
1113.57 0
1114.21 0
1114.85 0
1115.49 0.260859
1116.13 0.265203
1116.77 0.289245
1117.41 0.386286
1118.05 0.668492
1118.69 1.24635
1119.33 2.03715
1119.97 2.64954
1120.61 2.65834
1121.25 2.05734
1121.89 1.26603
1122.53 0.68076
1123.17 0.391613
1123.81 0.290906
1124.45 0.26558
1125.09 0.260922
1125.73 0
1126.37 0
1127.01 0
1127.65 0
1128.29 0
1128.93 0
1129.57 0
1130.21 0
1130.85 0
1131.49 0
1132.13 0
1132.77 0
1133.41 0
1134.05 0
1134.69 0
1135.33 0
1135.97 0
1136.61 0
1137.25 0
1137.89 0
1138.53 0
1139.17 0
1139.81 0
1140.45 0
1141.09 0
1141.73 0
1142.37 0
1143.01 0
1143.65 0
1144.29 0
1144.93 0
1145.57 0
1146.21 0
1146.85 0
1147.49 0
1148.13 0
1148.77 0
1149.41 0
1150.05 0
1150.69 0.370237
1151.33 0.371683
1151.97 0.378452
1152.61 0.401558
1153.25 0.458197
1153.89 0.554724
1154.53 0.660084
1155.17 0.711658
1155.81 0.67189
1156.45 0.570175
1157.09 0.469625
1157.73 0.40722
1158.37 0.380433
1159.01 0.372185
1159.65 0.37033
1160.29 0
1160.93 0
1161.57 0
1162.21 0
1162.85 0
1163.49 0
1164.13 0
1164.77 0
1165.41 0
1166.05 0
1166.69 0
1167.33 0
1167.97 0
1168.61 0.125624
1169.25 0.138426
1169.89 0.200323
1170.53 0.419524
1171.17 0.980002
1171.81 1.98558
1172.45 3.16641
1173.09 3.86222
1173.73 3.57825
1174.37 2.52501
1175.01 1.37963
1175.65 0.617993
1176.29 0.270019
1176.93 0.156148
1177.57 0.128929
1178.21 0.124124
1178.85 0
1179.49 0
1180.13 0
1180.77 0
1181.41 0
1182.05 0
1182.69 0
1183.33 0
1183.97 0
1184.61 0
1185.25 0
1185.89 0
1186.53 0
1187.17 0
1187.81 0
1188.45 0
1189.09 0
1189.73 0
1190.37 0
1191.01 0
1191.65 0
1192.29 0
1192.93 0
1193.56 0
1194.2 0
1194.84 0
1195.48 0
1196.12 0
1196.76 0
1197.4 0
1198.04 0
1198.68 0
1199.32 0
1199.96 0
1200.6 0
1201.24 0
1201.88 0
1202.52 0
1203.16 0
1203.8 0
1204.44 0
1205.08 0
1205.72 0
1206.36 0
1207 0
1207.64 0
1208.28 0
1208.92 0
1209.56 0
1210.2 0
1210.84 0
1211.48 0
1212.12 0
1212.76 0
1213.4 0
1214.04 0
1214.68 0
1215.32 0
1215.96 0
1216.6 0
1217.24 0
1217.88 0
1218.52 0
1219.16 0
1219.8 0
1220.44 0
1221.08 0
1221.72 0
1222.36 0
1223 0
1223.64 0
1224.28 0
1224.92 0
1225.56 0
1226.2 0
1226.84 0
1227.48 0
1228.12 0
1228.76 0
1229.4 0
1230.04 0
1230.68 0
1231.32 0
1231.96 0
1232.6 0
1233.24 0
1233.88 0
1234.52 0
1235.16 0
1235.8 0
1236.44 0
1237.08 0
1237.72 0
1238.36 0
1239 0
1239.64 0
1240.28 0
1240.92 0
1241.56 0
1242.2 0
1242.84 0
1243.48 0
1244.12 0
1244.76 0
1245.4 0
1246.04 0
1246.68 0
1247.32 0
1247.96 0
1248.6 0
1249.24 0
1249.88 0
1250.52 0
1251.16 0
1251.8 0
1252.44 0
1253.08 0
1253.72 0
1254.36 0
1255 0
1255.64 0
1256.28 0
1256.92 0
1257.56 0
1258.2 0
1258.84 0
1259.48 0
1260.12 0
1260.76 0
1261.4 0
1262.04 0
1262.68 0
1263.32 0
1263.96 0
1264.6 0
1265.24 0
1265.88 0
1266.52 0
1267.16 0
1267.8 0
1268.44 0
1269.08 0
1269.72 0
1270.36 0
1271 0
1271.64 0
1272.28 0
1272.92 0
1273.56 0
1274.2 0
1274.84 0
1275.48 0
1276.12 0.305935
1276.76 0.306667
1277.4 0.310274
1278.04 0.323534
1278.68 0.359428
1279.32 0.429429
1279.96 0.52307
1280.6 0.596951
1281.24 0.603357
1281.88 0.537784
1282.52 0.443804
1283.16 0.36846
1283.8 0.327523
1284.44 0.311556
1285.08 0.306972
1285.72 0.30599
1286.36 0
1287 0
1287.64 0
1288.28 0
1288.92 0
1289.56 0
1290.2 0
1290.84 0
1291.48 0
1292.12 0
1292.76 0
1293.4 0
1294.04 0
1294.68 0
1295.32 0
1295.96 0
1296.6 0
1297.24 0
1297.88 0
1298.52 0
1299.16 0
1299.8 0
1300.44 0
1301.08 0
1301.72 0
1302.36 0
1303 0
1303.64 0
1304.28 0
1304.92 0
1305.56 0
1306.2 0
1306.84 0
1307.48 0
1308.12 0
1308.76 0
1309.4 0
1310.04 0
1310.68 0
1311.32 0
1311.96 0
1312.6 0
1313.24 0
1313.88 0
1314.52 0
1315.16 0
1315.8 0
1316.44 0
1317.08 0
1317.72 0
1318.36 0
1319 0
1319.64 0
1320.28 0
1320.92 0
1321.56 0
1322.2 0
1322.84 0
1323.48 0
1324.12 0
1324.76 0
1325.4 0
1326.04 0
1326.68 0
1327.32 0
1327.96 0.23842
1328.6 0.259146
1329.24 0.344186
1329.88 0.604447
1330.52 1.18918
1331.16 2.1231
1331.8 3.10031
1332.44 3.57123
1333.08 3.21622
1333.72 2.27991
1334.36 1.31176
1335 0.670075
1335.64 0.369561
1336.28 0.2664
1336.92 0.239973
1337.56 0
1338.2 0
1338.84 0
1339.48 0
1340.12 0
1340.76 0
1341.4 0
1342.04 0
1342.68 0
1343.32 0
1343.96 0
1344.6 0
1345.24 0
1345.88 0
1346.52 0
1347.16 0
1347.8 0
1348.44 0
1349.08 0
1349.72 0
1350.36 0
1351 0
1351.64 0
1352.28 0
1352.92 0
1353.56 0
1354.2 0
1354.84 0
1355.48 0
1356.12 0
1356.76 0
1357.4 0
1358.04 0
1358.68 0
1359.32 0
1359.96 0
1360.6 0
1361.24 0
1361.88 0
1362.52 0
1363.16 0
1363.8 0
1364.44 0
1365.08 0
1365.72 0
1366.36 0
1367 0
1367.64 0
1368.28 0
1368.92 0
1369.56 0
1370.2 0
1370.84 0
1371.48 0
1372.12 0
1372.76 0
1373.4 0
1374.04 0
1374.68 0
1375.32 0
1375.96 0
1376.6 0
1377.24 0
1377.88 0
1378.52 0
1379.16 0
1379.8 0
1380.44 0
1381.08 0
1381.72 0
1382.36 0
1383 0
1383.64 0
1384.28 0
1384.92 0
1385.56 0
1386.2 0
1386.84 0
1387.48 0
1388.12 0
1388.76 0
1389.4 0
1390.04 0
1390.68 0
1391.32 0
1391.96 0
1392.6 0
1393.24 0
1393.88 0
1394.52 0
1395.16 0
1395.8 0
1396.44 0
1397.08 0
1397.72 0
1398.36 0
1399 0
1399.64 0
1400.28 0
1400.92 0
1401.56 0
1402.2 0
1402.84 0
1403.48 0
1404.12 0
1404.76 0
1405.4 0
1406.04 0
1406.68 0
1407.32 0
1407.96 0
1408.6 0
1409.24 0
1409.88 0
1410.52 0
1411.16 0
1411.8 0
1412.44 0
1413.08 0
1413.72 0
1414.36 0
1415 0
1415.64 0
1416.28 0
1416.92 0
1417.56 0
1418.2 0
1418.84 0
1419.48 0
1420.12 0
1420.76 0
1421.4 0
1422.04 0
1422.68 0
1423.32 0
1423.96 0
1424.6 0
1425.24 0
1425.88 0
1426.52 0
1427.16 0
1427.8 0
1428.44 0
1429.08 0
1429.72 0
1430.36 0
1431 0
1431.64 0
1432.28 0
1432.92 0
1433.56 0
1434.2 0
1434.84 0
1435.48 0
1436.12 0
1436.76 0
1437.4 0
1438.04 0
1438.68 0
1439.32 0
1439.96 0
1440.6 0
1441.24 0
1441.88 0
1442.52 0
1443.16 0
1443.8 0
1444.44 0
1445.08 0
1445.72 0
1446.36 0
1447 0
1447.64 0
1448.28 0
1448.92 0
1449.56 0
1450.2 0
1450.84 0
1451.48 0
1452.12 0
1452.76 0
1453.4 0
1454.04 0
1454.68 0
1455.32 0
1455.96 0.0543302
1456.6 0.0779371
1457.24 0.18035
1457.88 0.518139
1458.52 1.35535
1459.16 2.88078
1459.8 4.82677
1460.44 6.32391
1461.08 6.46527
1461.72 5.15803
1462.36 3.21764
1463 1.5801
1463.64 0.625689
1464.28 0.218559
1464.92 0.0881868
1465.56 0.0564262
1466.2 0
1466.84 0
1467.48 0
1468.12 0
1468.76 0
1469.4 0
1470.04 0
1470.68 0
1471.32 0
1471.96 0
1472.6 0
1473.24 0
1473.88 0
1474.52 0
1475.16 0
1475.8 0
1476.44 0
1477.08 0
1477.72 0
1478.36 0
1479 0
1479.64 0
1480.28 0
1480.92 0
1481.56 0
1482.2 0
1482.84 0
1483.48 0
1484.12 0
1484.76 0
1485.4 0
1486.04 0
1486.68 0
1487.32 0
1487.96 0
1488.6 0
1489.24 0
1489.88 0
1490.52 0
1491.16 0
1491.8 0
1492.44 0
1493.08 0
1493.72 0
1494.36 0
1495 0
1495.64 0
1496.28 0
1496.92 0
1497.56 0
1498.2 0
1498.84 0
1499.48 0
1500.12 0
1500.76 0
1501.4 0
1502.04 0
1502.68 0
1503.32 0
1503.96 0
1504.6 0
1505.24 0
1505.88 0
1506.52 0
1507.16 0
1507.8 0
1508.44 0
1509.08 0
1509.72 0
1510.36 0
1511 0
1511.64 0
1512.28 0
1512.92 0
1513.56 0
1514.2 0
1514.84 0
1515.48 0
1516.12 0
1516.76 0
1517.4 0
1518.04 0
1518.68 0
1519.32 0
1519.96 0
1520.6 0
1521.24 0
1521.88 0
1522.52 0
1523.16 0
1523.8 0
1524.44 0
1525.08 0
1525.72 0
1526.36 0
1527 0
1527.64 0
1528.28 0
1528.92 0
1529.56 0
1530.2 0
1530.84 0
1531.48 0
1532.12 0
1532.76 0
1533.4 0
1534.04 0
1534.68 0
1535.32 0
1535.96 0
1536.6 0
1537.24 0
1537.88 0
1538.52 0
1539.16 0
1539.8 0
1540.44 0
1541.08 0
1541.72 0
1542.36 0
1543 0
1543.64 0
1544.28 0
1544.92 0
1545.56 0
1546.2 0
1546.84 0
1547.48 0
1548.12 0
1548.76 0
1549.4 0
1550.04 0
1550.68 0
1551.32 0
1551.96 0
1552.6 0
1553.24 0
1553.88 0
1554.52 0
1555.16 0
1555.8 0
1556.44 0
1557.08 0
1557.72 0
1558.36 0
1559 0
1559.64 0
1560.28 0
1560.92 0
1561.56 0
1562.2 0
1562.84 0
1563.48 0
1564.12 0
1564.76 0
1565.4 0
1566.04 0
1566.68 0
1567.32 0
1567.96 0
1568.6 0
1569.24 0
1569.88 0
1570.52 0
1571.16 0
1571.8 0
1572.44 0
1573.08 0
1573.72 0
1574.36 0
1575 0
1575.64 0
1576.28 0
1576.92 0
1577.56 0
1578.2 0
1578.84 0
1579.48 0
1580.12 0
1580.76 0
1581.4 0
1582.04 0
1582.68 0
1583.32 0
1583.96 0
1584.6 0
1585.24 0
1585.88 0
1586.52 0
1587.16 0
1587.8 0
1588.44 0
1589.08 0
1589.72 0
1590.36 0
1591 0
1591.64 0
1592.28 0
1592.92 0
1593.56 0
1594.2 0
1594.84 0
1595.48 0
1596.12 0
1596.76 0
1597.4 0
1598.04 0
1598.68 0
1599.32 0
1599.96 0
1600.6 0
1601.24 0
1601.88 0
1602.52 0
1603.16 0
1603.8 0
1604.44 0
1605.08 0
1605.72 0
1606.36 0
1607 0
1607.64 0
1608.28 0
1608.92 0
1609.56 0
1610.2 0
1610.84 0
1611.48 0
1612.12 0
1612.76 0
1613.4 0
1614.04 0
1614.68 0
1615.32 0
1615.96 0
1616.6 0
1617.24 0
1617.88 0
1618.52 0
1619.16 0
1619.8 0
1620.44 0
1621.08 0
1621.72 0
1622.36 0
1623 0
1623.64 0
1624.28 0
1624.92 0
1625.56 0
1626.2 0
1626.84 0
1627.48 0
1628.12 0
1628.76 0
1629.4 0
1630.04 0
1630.68 0
1631.32 0
1631.96 0
1632.6 0
1633.24 0
1633.88 0
1634.52 0
1635.16 0
1635.8 0
1636.44 0
1637.08 0
1637.72 0
1638.36 0
1639 0
1639.64 0
1640.28 0
1640.92 0
1641.56 0
1642.2 0
1642.84 0
1643.48 0
1644.12 0
1644.76 0
1645.4 0
1646.04 0
1646.68 0
1647.32 0
1647.96 0
1648.6 0
1649.24 0
1649.88 0
1650.52 0
1651.16 0
1651.8 0
1652.44 0
1653.08 0
1653.72 0
1654.36 0
1655 0
1655.64 0
1656.28 0
1656.92 0
1657.56 0
1658.2 0
1658.84 0
1659.48 0
1660.12 0
1660.76 0
1661.4 0
1662.04 0
1662.68 0
1663.32 0
1663.96 0
1664.6 0
1665.24 0
1665.88 0
1666.52 0
1667.16 0
1667.8 0
1668.44 0
1669.08 0
1669.72 0
1670.36 0
1671 0
1671.64 0
1672.28 0
1672.92 0
1673.56 0
1674.2 0
1674.84 0
1675.48 0
1676.12 0
1676.76 0
1677.4 0
1678.04 0
1678.68 0
1679.32 0
1679.96 0
1680.6 0
1681.24 0
1681.88 0
1682.52 0
1683.16 0
1683.8 0
1684.44 0
1685.08 0
1685.72 0
1686.36 0
1687 0
1687.64 0
1688.28 0
1688.92 0
1689.56 0
1690.2 0
1690.84 0
1691.48 0
1692.12 0
1692.76 0
1693.4 0
1694.04 0
1694.68 0
1695.32 0
1695.96 0
1696.6 0
1697.24 0
1697.88 0
1698.52 0
1699.16 0
1699.8 0
1700.44 0
1701.08 0
1701.72 0
1702.36 0
1703 0
1703.64 0
1704.28 0
1704.92 0
1705.56 0
1706.2 0
1706.84 0
1707.48 0
1708.12 0
1708.76 0
1709.4 0
1710.04 0
1710.68 0
1711.32 0
1711.96 0
1712.6 0
1713.24 0
1713.88 0
1714.52 0
1715.16 0
1715.8 0
1716.44 0
1717.08 0
1717.72 0
1718.36 0
1719 0
1719.64 0
1720.28 0
1720.92 0
1721.56 0
1722.2 0
1722.84 0
1723.48 0
1724.12 0
1724.76 0
1725.4 0
1726.04 0
1726.68 0
1727.32 0
1727.96 0
1728.6 0
1729.24 0
1729.88 0
1730.52 0
1731.16 0
1731.8 0
1732.44 0
1733.08 0
1733.72 0
1734.36 0
1735 0
1735.64 0
1736.28 0
1736.92 0
1737.56 0
1738.2 0
1738.84 0
1739.48 0
1740.12 0
1740.76 0
1741.4 0
1742.04 0
1742.68 0
1743.32 0
1743.96 0
1744.6 0
1745.24 0
1745.88 0
1746.52 0
1747.16 0
1747.8 0
1748.44 0
1749.08 0
1749.72 0
1750.36 0
1751 0
1751.64 0
1752.28 0
1752.92 0
1753.56 0
1754.2 0
1754.84 0
1755.48 0
1756.12 0
1756.76 0
1757.4 0
1758.04 0
1758.68 0
1759.32 0
1759.96 0.194211
1760.6 0.222061
1761.24 0.31102
1761.88 0.532005
1762.52 0.952154
1763.16 1.54417
1763.8 2.11406
1764.44 2.37831
1765.08 2.18297
1765.72 1.64345
1766.36 1.03837
1767 0.585478
1767.64 0.336004
1768.28 0.231064
1768.92 0.196745
1769.56 0
1770.2 0
1770.84 0
1771.48 0
1772.12 0
1772.76 0
1773.4 0
1774.04 0
1774.68 0
1775.32 0
1775.96 0
1776.6 0
1777.24 0
1777.88 0
1778.52 0
1779.16 0
1779.8 0
1780.44 0
1781.08 0
1781.72 0
1782.36 0
1783 0
1783.64 0
1784.28 0
1784.92 0
1785.56 0
1786.2 0
1786.84 0
1787.48 0
1788.12 0
1788.76 0
1789.4 0
1790.04 0
1790.68 0
1791.32 0
1791.96 0
1792.6 0
1793.24 0
1793.88 0
1794.52 0
1795.16 0
1795.8 0
1796.44 0
1797.08 0
1797.72 0
1798.36 0
1799 0
1799.64 0
1800.28 0
1800.92 0
1801.56 0
1802.2 0
1802.84 0
1803.48 0
1804.12 0
1804.76 0
1805.4 0
1806.04 0
1806.68 0
1807.32 0
1807.96 0
1808.6 0
1809.24 0
1809.88 0
1810.52 0
1811.16 0
1811.8 0
1812.44 0
1813.08 0
1813.72 0
1814.36 0
1815 0
1815.64 0
1816.28 0
1816.92 0
1817.56 0
1818.2 0
1818.84 0
1819.48 0
1820.12 0
1820.76 0
1821.4 0
1822.04 0
1822.68 0
1823.32 0
1823.96 0
1824.6 0
1825.24 0
1825.88 0
1826.52 0
1827.16 0
1827.8 0
1828.44 0
1829.08 0
1829.72 0
1830.36 0
1831 0
1831.64 0
1832.28 0
1832.92 0
1833.56 0
1834.2 0
1834.84 0
1835.48 0
1836.12 0
1836.76 0
1837.4 0
1838.04 0
1838.68 0
1839.32 0
1839.96 0
1840.6 0
1841.24 0
1841.88 0
1842.52 0
1843.16 0
1843.8 0
1844.44 0
1845.08 0
1845.72 0
1846.36 0
1847 0
1847.64 0
1848.28 0
1848.92 0
1849.56 0
1850.2 0
1850.84 0
1851.48 0
1852.12 0
1852.76 0
1853.4 0
1854.04 0
1854.68 0
1855.32 0
1855.96 0
1856.6 0
1857.24 0
1857.88 0
1858.52 0
1859.16 0
1859.8 0
1860.44 0
1861.08 0
1861.72 0
1862.36 0
1863 0
1863.64 0
1864.28 0
1864.92 0
1865.56 0
1866.2 0
1866.84 0
1867.48 0
1868.12 0
1868.76 0
1869.4 0
1870.04 0
1870.68 0
1871.32 0
1871.96 0
1872.6 0
1873.24 0
1873.88 0
1874.52 0
1875.16 0
1875.8 0
1876.44 0
1877.08 0
1877.72 0
1878.36 0
1879 0
1879.64 0
1880.28 0
1880.92 0
1881.56 0
1882.2 0
1882.84 0
1883.48 0
1884.12 0
1884.76 0
1885.4 0
1886.04 0
1886.68 0
1887.32 0
1887.96 0
1888.6 0
1889.24 0
1889.88 0
1890.52 0
1891.16 0
1891.8 0
1892.44 0
1893.08 0
1893.72 0
1894.36 0
1895 0
1895.64 0
1896.28 0
1896.92 0
1897.56 0
1898.2 0
1898.84 0
1899.48 0
1900.12 0
1900.76 0
1901.4 0
1902.04 0
1902.68 0
1903.32 0
1903.96 0
1904.6 0
1905.24 0
1905.88 0
1906.52 0
1907.16 0
1907.8 0
1908.44 0
1909.08 0
1909.72 0
1910.36 0
1911 0
1911.64 0
1912.28 0
1912.92 0
1913.56 0
1914.2 0
1914.84 0
1915.48 0
1916.12 0
1916.76 0
1917.4 0
1918.04 0
1918.68 0
1919.32 0
1919.96 0
1920.6 0
1921.24 0
1921.88 0
1922.52 0
1923.16 0
1923.8 0
1924.44 0
1925.08 0
1925.72 0
1926.36 0
1927 0
1927.64 0
1928.28 0
1928.92 0
1929.56 0
1930.2 0
1930.84 0
1931.48 0
1932.12 0
1932.76 0
1933.4 0
1934.04 0
1934.68 0
1935.32 0
1935.96 0
1936.6 0
1937.24 0
1937.88 0
1938.52 0
1939.16 0
1939.8 0
1940.44 0
1941.08 0
1941.72 0
1942.36 0
1943 0
1943.64 0
1944.28 0
1944.92 0
1945.56 0
1946.2 0
1946.84 0
1947.48 0
1948.12 0
1948.76 0
1949.4 0
1950.04 0
1950.68 0
1951.32 0
1951.96 0
1952.6 0
1953.24 0
1953.88 0
1954.52 0
1955.16 0
1955.8 0
1956.44 0
1957.08 0
1957.72 0
1958.36 0
1959 0
1959.64 0
1960.28 0
1960.92 0
1961.56 0
1962.2 0
1962.84 0
1963.48 0
1964.12 0
1964.76 0
1965.4 0
1966.04 0
1966.68 0
1967.32 0
1967.96 0
1968.6 0
1969.24 0
1969.88 0
1970.52 0
1971.16 0
1971.8 0
1972.44 0
1973.08 0
1973.72 0
1974.36 0
1975 0
1975.64 0
1976.28 0
1976.92 0
1977.56 0
1978.2 0
1978.84 0
1979.48 0
1980.12 0
1980.76 0
1981.4 0
1982.04 0
1982.68 0
1983.32 0
1983.96 0
1984.6 0
1985.24 0
1985.88 0
1986.52 0
1987.16 0
1987.8 0
1988.44 0
1989.08 0
1989.72 0
1990.36 0
1991 0
1991.64 0
1992.28 0
1992.92 0
1993.56 0
1994.2 0
1994.84 0
1995.48 0
1996.12 0
1996.76 0
1997.4 0
1998.04 0
1998.68 0
1999.32 0
1999.96 0
2000.6 0
2001.24 0
2001.88 0
2002.52 0
2003.16 0
2003.8 0
2004.44 0
2005.08 0
2005.72 0
2006.36 0
2007 0
2007.64 0
2008.28 0
2008.92 0
2009.56 0
2010.2 0
2010.84 0
2011.48 0
2012.12 0
2012.76 0
2013.4 0
2014.04 0
2014.68 0
2015.32 0
2015.96 0
2016.6 0
2017.24 0
2017.88 0
2018.52 0
2019.16 0
2019.8 0
2020.44 0
2021.08 0
2021.72 0
2022.36 0
2023 0
2023.64 0
2024.28 0
2024.92 0
2025.56 0
2026.2 0
2026.84 0
2027.48 0
2028.12 0
2028.76 0
2029.4 0
2030.04 0
2030.68 0
2031.32 0
2031.96 0
2032.6 0
2033.24 0
2033.88 0
2034.52 0
2035.16 0
2035.8 0
2036.44 0
2037.08 0
2037.72 0
2038.36 0
2039 0
2039.64 0
2040.28 0
2040.92 0
2041.56 0
2042.2 0
2042.84 0
2043.48 0
2044.12 0
2044.76 0
2045.4 0
2046.04 0
2046.68 0
2047.32 0
2047.96 0
2048.6 0
2049.24 0
2049.88 0
2050.52 0
2051.16 0
2051.8 0
2052.44 0
2053.08 0
2053.72 0
2054.36 0
2055 0
2055.64 0
2056.28 0
2056.92 0
2057.56 0
2058.2 0
2058.84 0
2059.48 0
2060.12 0
2060.76 0
2061.4 0
2062.04 0
2062.68 0
2063.32 0
2063.96 0
2064.6 0
2065.24 0
2065.88 0
2066.52 0
2067.16 0
2067.8 0
2068.44 0
2069.08 0
2069.72 0
2070.36 0
2071 0
2071.64 0
2072.28 0
2072.92 0
2073.56 0
2074.2 0
2074.84 0
2075.48 0
2076.12 0
2076.76 0
2077.4 0
2078.04 0
2078.68 0
2079.32 0
2079.96 0
2080.6 0
2081.24 0
2081.88 0
2082.52 0
2083.16 0
2083.8 0
2084.44 0
2085.08 0
2085.72 0
2086.36 0
2087 0
2087.64 0
2088.28 0
2088.92 0
2089.56 0
2090.2 0
2090.84 0
2091.48 0
2092.12 0
2092.76 0
2093.4 0
2094.04 0
2094.68 0
2095.32 0
2095.96 0
2096.6 0
2097.24 0
2097.88 0
2098.52 0
2099.16 0
2099.8 0
2100.44 0
2101.08 0
2101.72 0
2102.36 0
2103 0
2103.64 0
2104.28 0
2104.92 0
2105.56 0
2106.2 0
2106.84 0
2107.48 0
2108.12 0
2108.76 0
2109.4 0
2110.04 0
2110.68 0
2111.32 0
2111.96 0
2112.6 0
2113.24 0
2113.88 0
2114.52 0
2115.16 0
2115.8 0
2116.44 0
2117.08 0
2117.72 0
2118.36 0
2119 0
2119.64 0
2120.28 0
2120.92 0
2121.56 0
2122.2 0
2122.84 0
2123.48 0
2124.12 0
2124.76 0
2125.4 0
2126.04 0
2126.68 0
2127.32 0
2127.96 0
2128.6 0
2129.24 0
2129.88 0
2130.52 0
2131.16 0
2131.8 0
2132.44 0
2133.08 0
2133.72 0
2134.36 0
2135 0
2135.64 0
2136.28 0
2136.92 0
2137.56 0
2138.2 0
2138.84 0
2139.48 0
2140.12 0
2140.76 0
2141.4 0
2142.04 0
2142.68 0
2143.32 0
2143.96 0
2144.6 0
2145.24 0
2145.88 0
2146.52 0
2147.16 0
2147.8 0
2148.44 0
2149.08 0
2149.72 0
2150.36 0
2151 0
2151.64 0
2152.28 0
2152.92 0
2153.56 0
2154.2 0
2154.84 0
2155.48 0
2156.12 0
2156.76 0
2157.4 0
2158.04 0
2158.68 0
2159.32 0
2159.96 0
2160.6 0
2161.24 0
2161.88 0
2162.52 0
2163.16 0
2163.8 0
2164.44 0
2165.08 0
2165.72 0
2166.36 0
2167 0
2167.64 0
2168.28 0
2168.92 0
2169.56 0
2170.2 0
2170.84 0
2171.48 0
2172.12 0
2172.76 0
2173.4 0
2174.04 0
2174.68 0
2175.32 0
2175.96 0
2176.6 0
2177.24 0
2177.88 0
2178.52 0
2179.16 0
2179.8 0
2180.44 0
2181.08 0
2181.72 0
2182.36 0
2183 0
2183.64 0
2184.28 0
2184.92 0
2185.56 0
2186.2 0
2186.84 0
2187.48 0
2188.12 0
2188.76 0
2189.4 0
2190.04 0
2190.68 0
2191.32 0
2191.96 0
2192.6 0
2193.24 0
2193.88 0
2194.52 0
2195.16 0
2195.8 0
2196.44 0
2197.08 0
2197.72 0
2198.36 0
2199 0
2199.64 0
2200.28 0
2200.92 0
2201.56 0
2202.2 0
2202.84 0
2203.48 0
2204.12 0
2204.76 0
2205.4 0
2206.04 0
2206.68 0
2207.32 0
2207.96 0
2208.6 0
2209.24 0
2209.88 0
2210.52 0
2211.16 0
2211.8 0
2212.44 0
2213.08 0
2213.72 0
2214.36 0
2215 0
2215.64 0
2216.28 0
2216.92 0
2217.56 0
2218.2 0
2218.84 0
2219.48 0
2220.12 0
2220.76 0
2221.4 0
2222.04 0
2222.68 0
2223.32 0
2223.96 0
2224.6 0
2225.24 0
2225.88 0
2226.52 0
2227.16 0
2227.8 0
2228.44 0
2229.08 0
2229.72 0
2230.36 0
2231 0
2231.64 0
2232.28 0
2232.92 0
2233.56 0
2234.2 0
2234.84 0
2235.48 0
2236.12 0
2236.76 0
2237.4 0
2238.04 0
2238.68 0
2239.32 0
2239.96 0
2240.6 0
2241.24 0
2241.88 0
2242.52 0
2243.16 0
2243.8 0
2244.44 0
2245.08 0
2245.72 0
2246.36 0
2247 0
2247.64 0
2248.28 0
2248.92 0
2249.56 0
2250.2 0
2250.84 0
2251.48 0
2252.12 0
2252.76 0
2253.4 0
2254.04 0
2254.68 0
2255.32 0
2255.96 0
2256.6 0
2257.24 0
2257.88 0
2258.52 0
2259.16 0
2259.8 0
2260.44 0
2261.08 0
2261.72 0
2262.36 0
2263 0
2263.64 0
2264.28 0
2264.92 0
2265.56 0
2266.2 0
2266.84 0
2267.48 0
2268.12 0
2268.76 0
2269.4 0
2270.04 0
2270.68 0
2271.32 0
2271.96 0
2272.6 0
2273.24 0
2273.88 0
2274.52 0
2275.16 0
2275.8 0
2276.44 0
2277.08 0
2277.72 0
2278.36 0
2279 0
2279.64 0
2280.28 0
2280.92 0
2281.56 0
2282.2 0
2282.84 0
2283.48 0
2284.12 0
2284.76 0
2285.4 0
2286.04 0
2286.68 0
2287.32 0
2287.96 0
2288.6 0
2289.24 0
2289.88 0
2290.52 0
2291.16 0
2291.8 0
2292.44 0
2293.08 0
2293.72 0
2294.36 0
2295 0
2295.64 0
2296.28 0
2296.92 0
2297.56 0
2298.2 0
2298.84 0
2299.48 0
2300.12 0
2300.76 0
2301.4 0
2302.04 0
2302.68 0
2303.32 0
2303.96 0
2304.6 0
2305.24 0
2305.88 0
2306.52 0
2307.16 0
2307.8 0
2308.44 0
2309.08 0
2309.72 0
2310.36 0
2311 0
2311.64 0
2312.28 0
2312.92 0
2313.56 0
2314.2 0
2314.84 0
2315.48 0
2316.12 0
2316.76 0
2317.4 0
2318.04 0
2318.68 0
2319.32 0
2319.96 0
2320.6 0
2321.24 0
2321.88 0
2322.52 0
2323.16 0
2323.8 0
2324.44 0
2325.08 0
2325.72 0
2326.36 0
2327 0
2327.64 0
2328.28 0
2328.92 0
2329.56 0
2330.2 0
2330.84 0
2331.48 0
2332.12 0
2332.76 0
2333.4 0
2334.04 0
2334.68 0
2335.32 0
2335.96 0
2336.6 0
2337.24 0
2337.88 0
2338.52 0
2339.16 0
2339.8 0
2340.44 0
2341.08 0
2341.72 0
2342.36 0
2343 0
2343.64 0
2344.28 0
2344.92 0
2345.56 0
2346.2 0
2346.84 0
2347.48 0
2348.12 0
2348.76 0
2349.4 0
2350.03 0
2350.67 0
2351.31 0
2351.95 0
2352.59 0
2353.23 0
2353.87 0
2354.51 0
2355.15 0
2355.79 0
2356.43 0
2357.07 0
2357.71 0
2358.35 0
2358.99 0
2359.63 0
2360.27 0
2360.91 0
2361.55 0
2362.19 0
2362.83 0
2363.47 0
2364.11 0
2364.75 0
2365.39 0
2366.03 0
2366.67 0
2367.31 0
2367.95 0
2368.59 0
2369.23 0
2369.87 0
2370.51 0
2371.15 0
2371.79 0
2372.43 0
2373.07 0
2373.71 0
2374.35 0
2374.99 0
2375.63 0
2376.27 0
2376.91 0
2377.55 0
2378.19 0
2378.83 0
2379.47 0
2380.11 0
2380.75 0
2381.39 0
2382.03 0
2382.67 0
2383.31 0
2383.95 0
2384.59 0
2385.23 0
2385.87 0
2386.51 0
2387.15 0
2387.79 0
2388.43 0
2389.07 0
2389.71 0
2390.35 0
2390.99 0
2391.63 0
2392.27 0
2392.91 0
2393.55 0
2394.19 0
2394.83 0
2395.47 0
2396.11 0
2396.75 0
2397.39 0
2398.03 0
2398.67 0
2399.31 0
2399.95 0
2400.59 0
2401.23 0
2401.87 0
2402.51 0
2403.15 0
2403.79 0
2404.43 0
2405.07 0
2405.71 0
2406.35 0
2406.99 0
2407.63 0
2408.27 0
2408.91 0
2409.55 0
2410.19 0
2410.83 0
2411.47 0
2412.11 0
2412.75 0
2413.39 0
2414.03 0
2414.67 0
2415.31 0
2415.95 0
2416.59 0
2417.23 0
2417.87 0
2418.51 0
2419.15 0
2419.79 0
2420.43 0
2421.07 0
2421.71 0
2422.35 0
2422.99 0
2423.63 0
2424.27 0
2424.91 0
2425.55 0
2426.19 0
2426.83 0
2427.47 0
2428.11 0
2428.75 0
2429.39 0
2430.03 0
2430.67 0
2431.31 0
2431.95 0
2432.59 0
2433.23 0
2433.87 0
2434.51 0
2435.15 0
2435.79 0
2436.43 0
2437.07 0
2437.71 0
2438.35 0
2438.99 0
2439.63 0
2440.27 0
2440.91 0
2441.55 0
2442.19 0
2442.83 0
2443.47 0
2444.11 0
2444.75 0
2445.39 0
2446.03 0
2446.67 0
2447.31 0
2447.95 0
2448.59 0
2449.23 0
2449.87 0
2450.51 0
2451.15 0
2451.79 0
2452.43 0
2453.07 0
2453.71 0
2454.35 0
2454.99 0
2455.63 0
2456.27 0
2456.91 0
2457.55 0
2458.19 0
2458.83 0
2459.47 0
2460.11 0
2460.75 0
2461.39 0
2462.03 0
2462.67 0
2463.31 0
2463.95 0
2464.59 0
2465.23 0
2465.87 0
2466.51 0
2467.15 0
2467.79 0
2468.43 0
2469.07 0
2469.71 0
2470.35 0
2470.99 0
2471.63 0
2472.27 0
2472.91 0
2473.55 0
2474.19 0
2474.83 0
2475.47 0
2476.11 0
2476.75 0
2477.39 0
2478.03 0
2478.67 0
2479.31 0
2479.95 0
2480.59 0
2481.23 0
2481.87 0
2482.51 0
2483.15 0
2483.79 0
2484.43 0
2485.07 0
2485.71 0
2486.35 0
2486.99 0
2487.63 0
2488.27 0
2488.91 0
2489.55 0
2490.19 0
2490.83 0
2491.47 0
2492.11 0
2492.75 0
2493.39 0
2494.03 0
2494.67 0
2495.31 0
2495.95 0
2496.59 0
2497.23 0
2497.87 0
2498.51 0
2499.15 0
2499.79 0
2500.43 0
2501.07 0
2501.71 0
2502.35 0
2502.99 0
2503.63 0
2504.27 0
2504.91 0
2505.55 0
2506.19 0
2506.83 0
2507.47 0
2508.11 0
2508.75 0
2509.39 0
2510.03 0
2510.67 0
2511.31 0
2511.95 0
2512.59 0
2513.23 0
2513.87 0
2514.51 0
2515.15 0
2515.79 0
2516.43 0
2517.07 0
2517.71 0
2518.35 0
2518.99 0
2519.63 0
2520.27 0
2520.91 0
2521.55 0
2522.19 0
2522.83 0
2523.47 0
2524.11 0
2524.75 0
2525.39 0
2526.03 0
2526.67 0
2527.31 0
2527.95 0
2528.59 0
2529.23 0
2529.87 0
2530.51 0
2531.15 0
2531.79 0
2532.43 0
2533.07 0
2533.71 0
2534.35 0
2534.99 0
2535.63 0
2536.27 0
2536.91 0
2537.55 0
2538.19 0
2538.83 0
2539.47 0
2540.11 0
2540.75 0
2541.39 0
2542.03 0
2542.67 0
2543.31 0
2543.95 0
2544.59 0
2545.23 0
2545.87 0
2546.51 0
2547.15 0
2547.79 0
2548.43 0
2549.07 0
2549.71 0
2550.35 0
2550.99 0
2551.63 0
2552.27 0
2552.91 0
2553.55 0
2554.19 0
2554.83 0
2555.47 0
2556.11 0
2556.75 0
2557.39 0
2558.03 0
2558.67 0
2559.31 0
2559.95 0
2560.59 0
2561.23 0
2561.87 0
2562.51 0
2563.15 0
2563.79 0
2564.43 0
2565.07 0
2565.71 0
2566.35 0
2566.99 0
2567.63 0
2568.27 0
2568.91 0
2569.55 0
2570.19 0
2570.83 0
2571.47 0
2572.11 0
2572.75 0
2573.39 0
2574.03 0
2574.67 0
2575.31 0
2575.95 0
2576.59 0
2577.23 0
2577.87 0
2578.51 0
2579.15 0
2579.79 0
2580.43 0
2581.07 0
2581.71 0
2582.35 0
2582.99 0
2583.63 0
2584.27 0
2584.91 0
2585.55 0
2586.19 0
2586.83 0
2587.47 0
2588.11 0
2588.75 0
2589.39 0
2590.03 0
2590.67 0
2591.31 0
2591.95 0
2592.59 0
2593.23 0
2593.87 0
2594.51 0
2595.15 0
2595.79 0
2596.43 0
2597.07 0
2597.71 0
2598.35 0
2598.99 0
2599.63 0
2600.27 0
2600.91 0
2601.55 0
2602.19 0
2602.83 0
2603.47 0
2604.11 0
2604.75 0
2605.39 0
2606.03 0
2606.67 0
2607.31 0
2607.95 0
2608.59 0
2609.23 0
2609.87 0.026776
2610.51 0.0572557
2611.15 0.130523
2611.79 0.27513
2612.43 0.506083
2613.07 0.796215
2613.71 1.064
2614.35 1.20475
2614.99 1.15505
2615.63 0.937994
2616.27 0.646211
2616.91 0.379318
2617.55 0.191988
2618.19 0.0867161
2618.83 0.0383951
2619.47 0.0200769
2620.11 0
2620.75 0
2621.39 0
2622.03 0
2622.67 0
2623.31 0
2623.95 0
2624.59 0
2625.23 0
2625.87 0
2626.51 0
2627.15 0
2627.79 0
2628.43 0
2629.07 0
2629.71 0
2630.35 0
2630.99 0
2631.63 0
2632.27 0
2632.91 0
2633.55 0
2634.19 0
2634.83 0
2635.47 0
2636.11 0
2636.75 0
2637.39 0
2638.03 0
2638.67 0
2639.31 0
2639.95 0
2640.59 0
2641.23 0
2641.87 0
2642.51 0
2643.15 0
2643.79 0
2644.43 0
2645.07 0
2645.71 0
2646.35 0
2646.99 0
2647.63 0
2648.27 0
2648.91 0
2649.55 0
2650.19 0
2650.83 0
2651.47 0
2652.11 0
2652.75 0
2653.39 0
2654.03 0
2654.67 0
2655.31 0
2655.95 0
2656.59 0
2657.23 0
2657.87 0
2658.51 0
2659.15 0
2659.79 0
2660.43 0
2661.07 0
2661.71 0
2662.35 0
2662.99 0
2663.63 0
2664.27 0
2664.91 0
2665.55 0
2666.19 0
2666.83 0
2667.47 0
2668.11 0
2668.75 0
2669.39 0
2670.03 0
2670.67 0
2671.31 0
2671.95 0
2672.59 0
2673.23 0
2673.87 0
2674.51 0
2675.15 0
2675.79 0
2676.43 0
2677.07 0
2677.71 0
2678.35 0
2678.99 0
2679.63 0
2680.27 0
2680.91 0
2681.55 0
2682.19 0
2682.83 0
2683.47 0
2684.11 0
2684.75 0
2685.39 0
2686.03 0
2686.67 0
2687.31 0
2687.95 0
2688.59 0
2689.23 0
2689.87 0
2690.51 0
2691.15 0
2691.79 0
2692.43 0
2693.07 0
2693.71 0
2694.35 0
2694.99 0
2695.63 0
2696.27 0
2696.91 0
2697.55 0
2698.19 0
2698.83 0
2699.47 0
2700.11 0
2700.75 0
2701.39 0
2702.03 0
2702.67 0
2703.31 0
2703.95 0
2704.59 0
2705.23 0
2705.87 0
2706.51 0
2707.15 0
2707.79 0
2708.43 0
2709.07 0
2709.71 0
2710.35 0
2710.99 0
2711.63 0
2712.27 0
2712.91 0
2713.55 0
2714.19 0
2714.83 0
2715.47 0
2716.11 0
2716.75 0
2717.39 0
2718.03 0
2718.67 0
2719.31 0
2719.95 0
2720.59 0
2721.23 0
2721.87 0
2722.51 0
2723.15 0
2723.79 0
2724.43 0
2725.07 0
2725.71 0
2726.35 0
2726.99 0
2727.63 0
2728.27 0
2728.91 0
2729.55 0
2730.19 0
2730.83 0
2731.47 0
2732.11 0
2732.75 0
2733.39 0
2734.03 0
2734.67 0
2735.31 0
2735.95 0
2736.59 0
2737.23 0
2737.87 0
2738.51 0
2739.15 0
2739.79 0
2740.43 0
2741.07 0
2741.71 0
2742.35 0
2742.99 0
2743.63 0
2744.27 0
2744.91 0
2745.55 0
2746.19 0
2746.83 0
2747.47 0
2748.11 0
2748.75 0
2749.39 0
2750.03 0
2750.67 0
2751.31 0
2751.95 0
2752.59 0
2753.23 0
2753.87 0
2754.51 0
2755.15 0
2755.79 0
2756.43 0
2757.07 0
2757.71 0
2758.35 0
2758.99 0
2759.63 0
2760.27 0
2760.91 0
2761.55 0
2762.19 0
2762.83 0
2763.47 0
2764.11 0
2764.75 0
2765.39 0
2766.03 0
2766.67 0
2767.31 0
2767.95 0
2768.59 0
2769.23 0
2769.87 0
2770.51 0
2771.15 0
2771.79 0
2772.43 0
2773.07 0
2773.71 0
2774.35 0
2774.99 0
2775.63 0
2776.27 0
2776.91 0
2777.55 0
2778.19 0
2778.83 0
2779.47 0
2780.11 0
2780.75 0
2781.39 0
2782.03 0
2782.67 0
2783.31 0
2783.95 0
2784.59 0
2785.23 0
2785.87 0
2786.51 0
2787.15 0
2787.79 0
2788.43 0
2789.07 0
2789.71 0
2790.35 0
2790.99 0
2791.63 0
2792.27 0
2792.91 0
2793.55 0
2794.19 0
2794.83 0
2795.47 0
2796.11 0
2796.75 0
2797.39 0
2798.03 0
2798.67 0
2799.31 0
2799.95 0
2800.59 0
2801.23 0
2801.87 0
2802.51 0
2803.15 0
2803.79 0
2804.43 0
2805.07 0
2805.71 0
2806.35 0
2806.99 0
2807.63 0
2808.27 0
2808.91 0
2809.55 0
2810.19 0
2810.83 0
2811.47 0
2812.11 0
2812.75 0
2813.39 0
2814.03 0
2814.67 0
2815.31 0
2815.95 0
2816.59 0
2817.23 0
2817.87 0
2818.51 0
2819.15 0
2819.79 0
2820.43 0
2821.07 0
2821.71 0
2822.35 0
2822.99 0
2823.63 0
2824.27 0
2824.91 0
2825.55 0
2826.19 0
2826.83 0
2827.47 0
2828.11 0
2828.75 0
2829.39 0
2830.03 0
2830.67 0
2831.31 0
2831.95 0
2832.59 0
2833.23 0
2833.87 0
2834.51 0
2835.15 0
2835.79 0
2836.43 0
2837.07 0
2837.71 0
2838.35 0
2838.99 0
2839.63 0
2840.27 0
2840.91 0
2841.55 0
2842.19 0
2842.83 0
2843.47 0
2844.11 0
2844.75 0
2845.39 0
2846.03 0
2846.67 0
2847.31 0
2847.95 0
2848.59 0
2849.23 0
2849.87 0
2850.51 0
2851.15 0
2851.79 0
2852.43 0
2853.07 0
2853.71 0
2854.35 0
2854.99 0
2855.63 0
2856.27 0
2856.91 0
2857.55 0
2858.19 0
2858.83 0
2859.47 0
2860.11 0
2860.75 0
2861.39 0
2862.03 0
2862.67 0
2863.31 0
2863.95 0
2864.59 0
2865.23 0
2865.87 0
2866.51 0
2867.15 0
2867.79 0
2868.43 0
2869.07 0
2869.71 0
2870.35 0
2870.99 0
2871.63 0
2872.27 0
2872.91 0
2873.55 0
2874.19 0
2874.83 0
2875.47 0
2876.11 0
2876.75 0
2877.39 0
2878.03 0
2878.67 0
2879.31 0
2879.95 0
2880.59 0
2881.23 0
2881.87 0
2882.51 0
2883.15 0
2883.79 0
2884.43 0
2885.07 0
2885.71 0
2886.35 0
2886.99 0
2887.63 0
2888.27 0
2888.91 0
2889.55 0
2890.19 0
2890.83 0
2891.47 0
2892.11 0
2892.75 0
2893.39 0
2894.03 0
2894.67 0
2895.31 0
2895.95 0
2896.59 0
2897.23 0
2897.87 0
2898.51 0
2899.15 0
2899.79 0
2900.43 0
2901.07 0
2901.71 0
2902.35 0
2902.99 0
2903.63 0
2904.27 0
2904.91 0
2905.55 0
2906.19 0
2906.83 0
2907.47 0
2908.11 0
2908.75 0
2909.39 0
2910.03 0
2910.67 0
2911.31 0
2911.95 0
2912.59 0
2913.23 0
2913.87 0
2914.51 0
2915.15 0
2915.79 0
2916.43 0
2917.07 0
2917.71 0
2918.35 0
2918.99 0
2919.63 0
2920.27 0
2920.91 0
2921.55 0
2922.19 0
2922.83 0
2923.47 0
2924.11 0
2924.75 0
2925.39 0
2926.03 0
2926.67 0
2927.31 0
2927.95 0
2928.59 0
2929.23 0
2929.87 0
2930.51 0
2931.15 0
2931.79 0
2932.43 0
2933.07 0
2933.71 0
2934.35 0
2934.99 0
2935.63 0
2936.27 0
2936.91 0
2937.55 0
2938.19 0
2938.83 0
2939.47 0
2940.11 0
2940.75 0
2941.39 0
2942.03 0
2942.67 0
2943.31 0
2943.95 0
2944.59 0
2945.23 0
2945.87 0
2946.51 0
2947.15 0
2947.79 0
2948.43 0
2949.07 0
2949.71 0
2950.35 0
2950.99 0
2951.63 0
2952.27 0
2952.91 0
2953.55 0
2954.19 0
2954.83 0
2955.47 0
2956.11 0
2956.75 0
2957.39 0
2958.03 0
2958.67 0
2959.31 0
2959.95 0
2960.59 0
2961.23 0
2961.87 0
2962.51 0
2963.15 0
2963.79 0
2964.43 0
2965.07 0
2965.71 0
2966.35 0
2966.99 0
2967.63 0
2968.27 0
2968.91 0
2969.55 0
2970.19 0
2970.83 0
2971.47 0
2972.11 0
2972.75 0
2973.39 0
2974.03 0
2974.67 0
2975.31 0
2975.95 0
2976.59 0
2977.23 0
2977.87 0
2978.51 0
2979.15 0
2979.79 0
2980.43 0
2981.07 0
2981.71 0
2982.35 0
2982.99 0
2983.63 0
2984.27 0
2984.91 0
2985.55 0
2986.19 0
2986.83 0
2987.47 0
2988.11 0
2988.75 0
2989.39 0
2990.03 0
2990.67 0
2991.31 0
2991.95 0
2992.59 0
2993.23 0
2993.87 0
2994.51 0
2995.15 0
2995.79 0
2996.43 0
2997.07 0
2997.71 0
2998.35 0
2998.99 0
2999.63 0
3000.27 0
3000.91 0
3001.55 0
3002.19 0
3002.83 0
3003.47 0
3004.11 0
3004.75 0
3005.39 0
3006.03 0
3006.67 0
3007.31 0
3007.95 0
3008.59 0
3009.23 0
3009.87 0
3010.51 0
3011.15 0
3011.79 0
3012.43 0
3013.07 0
3013.71 0
3014.35 0
3014.99 0
3015.63 0
3016.27 0
3016.91 0
3017.55 0
3018.19 0
3018.83 0
3019.47 0
3020.11 0
3020.75 0
3021.39 0
3022.03 0
3022.67 0
3023.31 0
3023.95 0
3024.59 0
3025.23 0
3025.87 0
3026.51 0
3027.15 0
3027.79 0
3028.43 0
3029.07 0
3029.71 0
3030.35 0
3030.99 0
3031.63 0
3032.27 0
3032.91 0
3033.55 0
3034.19 0
3034.83 0
3035.47 0
3036.11 0
3036.75 0
3037.39 0
3038.03 0
3038.67 0
3039.31 0
3039.95 0
3040.59 0
3041.23 0
3041.87 0
3042.51 0
3043.15 0
3043.79 0
3044.43 0
3045.07 0
3045.71 0
3046.35 0
3046.99 0
3047.63 0
3048.27 0
3048.91 0
3049.55 0
3050.19 0
3050.83 0
3051.47 0
3052.11 0
3052.75 0
3053.39 0
3054.03 0
3054.67 0
3055.31 0
3055.95 0
3056.59 0
3057.23 0
3057.87 0
3058.51 0
3059.15 0
3059.79 0
3060.43 0
3061.07 0
3061.71 0
3062.35 0
3062.99 0
3063.63 0
3064.27 0
3064.91 0
3065.55 0
3066.19 0
3066.83 0
3067.47 0
3068.11 0
3068.75 0
3069.39 0
3070.03 0
3070.67 0
3071.31 0
3071.95 0
3072.59 0
3073.23 0
3073.87 0
3074.51 0
3075.15 0
3075.79 0
3076.43 0
3077.07 0
3077.71 0
3078.35 0
3078.99 0
3079.63 0
3080.27 0
3080.91 0
3081.55 0
3082.19 0
3082.83 0
3083.47 0
3084.11 0
3084.75 0
3085.39 0
3086.03 0
3086.67 0
3087.31 0
3087.95 0
3088.59 0
3089.23 0
3089.87 0
3090.51 0
3091.15 0
3091.79 0
3092.43 0
3093.07 0
3093.71 0
3094.35 0
3094.99 0
3095.63 0
3096.27 0
3096.91 0
3097.55 0
3098.19 0
3098.83 0
3099.47 0
3100.11 0
3100.75 0
3101.39 0
3102.03 0
3102.67 0
3103.31 0
3103.95 0
3104.59 0
3105.23 0
3105.87 0
3106.51 0
3107.15 0
3107.79 0
3108.43 0
3109.07 0
3109.71 0
3110.35 0
3110.99 0
3111.63 0
3112.27 0
3112.91 0
3113.55 0
3114.19 0
3114.83 0
3115.47 0
3116.11 0
3116.75 0
3117.39 0
3118.03 0
3118.67 0
3119.31 0
3119.95 0
3120.59 0
3121.23 0
3121.87 0
3122.51 0
3123.15 0
3123.79 0
3124.43 0
3125.07 0
3125.71 0
3126.35 0
3126.99 0
3127.63 0
3128.27 0
3128.91 0
3129.55 0
3130.19 0
3130.83 0
3131.47 0
3132.11 0
3132.75 0
3133.39 0
3134.03 0
3134.67 0
3135.31 0
3135.95 0
3136.59 0
3137.23 0
3137.87 0
3138.51 0
3139.15 0
3139.79 0
3140.43 0
3141.07 0
3141.71 0
3142.35 0
3142.99 0
3143.63 0
3144.27 0
3144.91 0
3145.55 0
3146.19 0
3146.83 0
3147.47 0
3148.11 0
3148.75 0
3149.39 0
3150.03 0
3150.67 0
3151.31 0
3151.95 0
3152.59 0
3153.23 0
3153.87 0
3154.51 0
3155.15 0
3155.79 0
3156.43 0
3157.07 0
3157.71 0
3158.35 0
3158.99 0
3159.63 0
3160.27 0
3160.91 0
3161.55 0
3162.19 0
3162.83 0
3163.47 0
3164.11 0
3164.75 0
3165.39 0
3166.03 0
3166.67 0
3167.31 0
3167.95 0
3168.59 0
3169.23 0
3169.87 0
3170.51 0
3171.15 0
3171.79 0
3172.43 0
3173.07 0
3173.71 0
3174.35 0
3174.99 0
3175.63 0
3176.27 0
3176.91 0
3177.55 0
3178.19 0
3178.83 0
3179.47 0
3180.11 0
3180.75 0
3181.39 0
3182.03 0
3182.67 0
3183.31 0
3183.95 0
3184.59 0
3185.23 0
3185.87 0
3186.51 0
3187.15 0
3187.79 0
3188.43 0
3189.07 0
3189.71 0
3190.35 0
3190.99 0
3191.63 0
3192.27 0
3192.91 0
3193.55 0
3194.19 0
3194.83 0
3195.47 0
3196.11 0
3196.75 0
3197.39 0
3198.03 0
3198.67 0
3199.31 0
3199.95 0
