0.00383719 0
0.643738 0
1.28364 0
1.92354 0
2.56344 0
3.20334 0
3.84324 0
4.48315 0
5.12305 0
5.76295 0
6.40285 0
7.04275 0
7.68265 0
8.32255 0
8.96245 0
9.60236 0
10.2423 0
10.8822 0
11.5221 0
12.162 0
12.8019 0
13.4418 0
14.0817 0
14.7216 0
15.3615 0
16.0014 0
16.6413 0
17.2812 0
17.9211 0
18.561 0
19.2009 0
19.8408 0
20.4807 0
21.1206 0
21.7605 0
22.4004 0
23.0403 0
23.6802 0
24.3201 0
24.96 0
25.5999 0
26.2398 0
26.8797 0
27.5196 0
28.1595 0
28.7994 0
29.4393 0
30.0792 0
30.7191 0
31.359 0
31.9989 0
32.6388 0
33.2787 0
33.9186 0
34.5585 0
35.1984 0
35.8383 0
36.4782 0
37.1181 0
37.758 0
38.3979 0
39.0378 0
39.6777 0
40.3176 0
40.9575 0
41.5974 0
42.2373 0
42.8772 0
43.5171 0
44.157 0
44.7969 0
45.4368 0
46.0767 0
46.7166 710.52
47.3565 465
47.9964 179.946
48.6363 49.4917
49.2762 21.2761
49.9161 13.7871
50.556 0
51.1959 0
51.8358 0
52.4757 0
53.1156 0
53.7555 0
54.3954 0
55.0353 0
55.6752 0
56.3151 0
56.955 0
57.595 0
58.2349 0
58.8748 0
59.5147 0
60.1546 0
60.7945 0
61.4344 0
62.0743 0
62.7142 0
63.3541 0
63.994 0
64.6339 0
65.2738 0
65.9137 0
66.5536 0
67.1935 0
67.8334 0
68.4733 0
69.1132 0
69.7531 0
70.393 13.4171
71.0329 13.5182
71.6728 13.6196
72.3127 13.7238
72.9526 13.8433
73.5925 14.0054
74.2324 14.219
74.8723 14.5111
75.5122 15.237
76.1521 16.9293
76.792 18.8098
77.4319 18.8779
78.0718 17.1342
78.7117 15.5665
79.3516 14.9941
79.9915 14.952
80.6314 15.0362
81.2713 15.1362
81.9112 15.2373
82.5511 15.3384
83.191 15.4387
83.8309 15.5257
84.4708 15.4996
85.1107 14.9838
85.7506 13.5961
86.3905 12.4034
87.0304 13.415
87.6703 15.744
88.3102 16.8435
88.9501 16.7293
89.59 16.5477
90.2299 16.5646
90.8698 16.654
91.5097 16.7542
92.1496 16.8553
92.7895 0
93.4294 0
94.0693 0
94.7092 0
95.3491 0
95.989 0
96.6289 0
97.2688 0
97.9087 0
98.5486 0
99.1885 0
99.8284 0
100.468 0
101.108 0
101.748 0
102.388 0
103.028 0
103.668 0
104.308 0
104.948 0
105.588 0
106.227 0
106.867 0
107.507 0
108.147 0
108.787 0
109.427 0
110.067 0
110.707 0
111.347 0
111.987 0
112.626 0
113.266 0
113.906 0
114.546 0
115.186 0
115.826 0
116.466 0
117.106 0
117.746 0
118.386 0
119.025 0
119.665 0
120.305 0
120.945 0
121.585 0
122.225 0
122.865 0
123.505 0
124.145 0
124.785 0
125.424 0
126.064 0
126.704 0
127.344 0
127.984 0
128.624 0
129.264 0
129.904 0
130.544 0
131.184 0
131.823 0
132.463 0
133.103 0
133.743 0
134.383 0
135.023 0
135.663 0
136.303 0
136.943 0
137.583 0
138.223 0
138.862 0
139.502 0
140.142 0
140.782 0
141.422 0
142.062 0
142.702 0
143.342 0
143.982 0
144.622 0
145.261 0
145.901 0
146.541 0
147.181 0
147.821 0
148.461 0
149.101 0
149.741 0
150.381 0
151.021 0
151.66 0
152.3 0
152.94 0
153.58 0
154.22 0
154.86 0
155.5 0
156.14 0
156.78 0
157.42 0
158.059 0
158.699 0
159.339 0
159.979 0
160.619 0
161.259 0
161.899 0
162.539 0
163.179 0
163.819 0
164.458 0
165.098 0
165.738 0
166.378 0
167.018 0
167.658 0
168.298 0
168.938 0
169.578 0
170.218 0
170.857 0
171.497 0
172.137 0
172.777 0
173.417 0
174.057 0
174.697 0
175.337 0
175.977 0
176.617 0
177.256 0
177.896 0
178.536 0
179.176 0
179.816 0
180.456 0
181.096 0
181.736 0
182.376 0
183.016 0
183.656 0
184.295 0
184.935 0
185.575 0
186.215 0
186.855 0
187.495 0
188.135 0
188.775 0
189.415 0
190.055 0
190.694 0
191.334 0
191.974 0
192.614 0
193.254 0
193.894 0
194.534 0
195.174 0
195.814 0
196.454 0
197.093 0
197.733 0
198.373 0
199.013 0
199.653 0
200.293 0
200.933 0
201.573 0
202.213 0
202.853 0
203.492 0
204.132 0
204.772 0
205.412 0
206.052 0
206.692 0
207.332 0
207.972 0
208.612 0
209.252 0
209.891 0
210.531 0
211.171 0
211.811 0
212.451 0
213.091 0
213.731 0
214.371 0
215.011 0
215.651 0
216.29 0
216.93 0
217.57 0
218.21 0
218.85 0
219.49 0
220.13 0
220.77 0
221.41 0
222.05 0
222.689 0
223.329 0
223.969 0
224.609 0
225.249 0
225.889 0
226.529 0
227.169 0
227.809 0
228.449 0
229.088 0
229.728 0
230.368 0
231.008 0
231.648 0
232.288 0
232.928 0
233.568 0
234.208 0
234.848 0
235.488 0
236.127 0
236.767 0
237.407 6.18361
238.047 6.16673
238.687 6.14964
239.327 6.13064
239.967 6.10131
240.607 6.04289
241.247 5.95248
241.887 5.88398
242.526 5.89477
243.166 5.95261
243.806 5.99017
244.446 5.99333
245.086 5.9806
245.726 5.96423
246.366 5.9474
247.006 0
247.646 0
248.286 0
248.925 0
249.565 0
250.205 0
250.845 0
251.485 0
252.125 0
252.765 0
253.405 0
254.045 0
254.685 0
255.324 0
255.964 0
256.604 0
257.244 0
257.884 0
258.524 0
259.164 0
259.804 0
260.444 0
261.084 0
261.723 0
262.363 0
263.003 0
263.643 0
264.283 0
264.923 0
265.563 0
266.203 0
266.843 0
267.483 0
268.122 0
268.762 0
269.402 0
270.042 0
270.682 0
271.322 0
271.962 0
272.602 5.18163
273.242 5.12376
273.882 5.06546
274.521 5.00258
275.161 4.91172
275.801 4.72799
276.441 4.40556
277.081 4.09188
277.721 4.04973
278.361 4.26064
279.001 4.45639
279.641 4.51234
280.281 4.48293
280.92 4.42925
281.56 4.37177
282.2 4.31394
282.84 0
283.48 0
284.12 0
284.76 0
285.4 0
286.04 0
286.68 0
287.32 0
287.959 0
288.599 0
289.239 0
289.879 0
290.519 3.7926
291.159 3.80404
291.799 3.81896
292.439 3.86796
293.079 4.10954
293.719 4.93855
294.358 6.54178
294.998 7.92703
295.638 7.65396
296.278 6.05113
296.918 4.66444
297.558 4.08073
298.198 3.94927
298.838 3.94031
299.478 3.94981
300.118 3.96095
300.757 0
301.397 0
302.037 0
302.677 0
303.317 0
303.957 0
304.597 0
305.237 0
305.877 0
306.517 0
307.156 0
307.796 0
308.436 0
309.076 0
309.716 0
310.356 0
310.996 0
311.636 0
312.276 0
312.916 0
313.555 0
314.195 0
314.835 0
315.475 0
316.115 0
316.755 0
317.395 0
318.035 0
318.675 0
319.315 0
319.954 0
320.594 0
321.234 0
321.874 0
322.514 0
323.154 0
323.794 0
324.434 0
325.074 0
325.714 0
326.353 0
326.993 0
327.633 0
328.273 0
328.913 0
329.553 0
330.193 0
330.833 0
331.473 0
332.113 0
332.752 0
333.392 0
334.032 0
334.672 0
335.312 0
335.952 0
336.592 0
337.232 0
337.872 0
338.512 0
339.152 0
339.791 0
340.431 0
341.071 0
341.711 0
342.351 0
342.991 0
343.631 0
344.271 0
344.911 0
345.551 0
346.19 0
346.83 0
347.47 3.0339
348.11 3.04615
348.75 3.07341
349.39 3.21285
350.03 3.83292
350.67 5.52018
351.31 7.9768
351.95 9.20762
352.589 7.87406
353.229 5.44348
353.869 3.84497
354.509 3.28766
355.149 3.18154
355.789 3.17798
356.429 3.18787
357.069 0
357.709 0
358.349 0
358.988 0
359.628 0
360.268 0
360.908 0
361.548 0
362.188 0
362.828 0
363.468 0
364.108 0
364.748 0
365.387 0
366.027 0
366.667 0
367.307 0
367.947 0
368.587 0
369.227 0
369.867 0
370.507 0
371.147 0
371.786 0
372.426 0
373.066 0
373.706 0
374.346 0
374.986 0
375.626 0
376.266 0
376.906 0
377.546 0
378.185 0
378.825 0
379.465 0
380.105 0
380.745 0
381.385 0
382.025 0
382.665 0
383.305 0
383.945 0
384.584 0
385.224 0
385.864 0
386.504 0
387.144 0
387.784 0
388.424 0
389.064 0
389.704 0
390.344 0
390.984 0
391.623 0
392.263 0
392.903 0
393.543 0
394.183 0
394.823 0
395.463 0
396.103 0
396.743 0
397.383 0
398.022 0
398.662 0
399.302 0
399.942 0
400.582 0
401.222 0
401.862 0
402.502 0
403.142 0
403.782 0
404.421 0
405.061 0
405.701 0
406.341 0
406.981 0
407.621 0
408.261 0
408.901 0
409.541 0
410.181 0
410.82 0
411.46 0
412.1 0
412.74 0
413.38 0
414.02 0
414.66 0
415.3 0
415.94 0
416.58 0
417.219 0
417.859 0
418.499 0
419.139 0
419.779 0
420.419 0
421.059 0
421.699 0
422.339 0
422.979 0
423.618 0
424.258 0
424.898 0
425.538 0
426.178 0
426.818 0
427.458 0
428.098 0
428.738 0
429.378 0
430.017 0
430.657 0
431.297 0
431.937 0
432.577 0
433.217 0
433.857 0
434.497 0
435.137 0
435.777 0
436.417 0
437.056 0
437.696 0
438.336 0
438.976 0
439.616 0
440.256 0
440.896 0
441.536 0
442.176 0
442.816 0
443.455 0
444.095 0
444.735 0
445.375 0
446.015 0
446.655 0
447.295 0
447.935 0
448.575 0
449.215 0
449.854 0
450.494 0
451.134 0
451.774 0
452.414 0
453.054 0
453.694 0
454.334 0
454.974 0
455.614 0
456.253 0
456.893 0
457.533 0
458.173 0
458.813 0
459.453 0
460.093 0
460.733 0
461.373 0
462.013 0
462.652 0
463.292 0
463.932 0
464.572 0
465.212 0
465.852 0
466.492 0
467.132 0
467.772 0
468.412 0
469.051 0
469.691 0
470.331 0
470.971 0
471.611 0
472.251 0
472.891 0
473.531 0
474.171 0
474.811 0
475.45 0
476.09 0
476.73 0
477.37 0
478.01 0
478.65 0
479.29 0
479.93 0
480.57 0
481.21 0
481.849 0
482.489 0
483.129 0
483.769 0
484.409 0
485.049 0
485.689 0
486.329 0
486.969 0
487.609 0
488.249 0
488.888 0
489.528 0
490.168 0
490.808 0
491.448 0
492.088 0
492.728 0
493.368 0
494.008 0
494.648 0
495.287 0
495.927 0
496.567 0
497.207 0
497.847 0
498.487 0
499.127 0
499.767 0
500.407 0
501.047 0
501.686 0
502.326 0
502.966 0
503.606 0
504.246 0
504.886 0
505.526 0
506.166 0
506.806 0
507.446 0
508.085 0
508.725 0
509.365 0
510.005 0
510.645 0
511.285 0
511.925 0
512.565 0
513.205 0
513.845 0
514.484 0
515.124 0
515.764 0
516.404 0
517.044 0
517.684 0
518.324 0
518.964 0
519.604 0
520.244 0
520.883 0
521.523 0
522.163 0
522.803 0
523.443 0
524.083 0
524.723 0
525.363 0
526.003 0
526.643 0
527.282 0
527.922 0
528.562 0
529.202 0
529.842 0
530.482 0
531.122 0
531.762 0
532.402 0
533.042 0
533.681 0
534.321 0
534.961 0
535.601 0
536.241 0
536.881 0
537.521 0
538.161 0
538.801 0
539.441 0
540.081 0
540.72 0
541.36 0
542 0
542.64 0
543.28 0
543.92 0
544.56 0
545.2 0
545.84 0
546.48 0
547.119 0
547.759 0
548.399 0
549.039 0
549.679 0
550.319 0
550.959 0
551.599 0
552.239 0
552.879 0
553.518 0
554.158 0
554.798 0
555.438 0
556.078 0
556.718 0
557.358 0
557.998 0
558.638 0
559.278 0
559.917 0
560.557 0
561.197 0
561.837 0
562.477 0
563.117 0
563.757 0
564.397 0
565.037 0
565.677 0
566.316 0
566.956 0
567.596 0
568.236 0
568.876 0
569.516 0
570.156 0
570.796 0
571.436 0
572.076 0
572.715 0
573.355 0
573.995 0
574.635 0
575.275 0
575.915 0
576.555 0
577.195 0
577.835 0
578.475 1.19468
579.114 1.19473
579.754 1.19527
580.394 1.19934
581.034 1.21868
581.674 1.27553
582.314 1.37283
582.954 1.45157
583.594 1.4372
584.234 1.34462
584.874 1.25541
585.513 1.2108
586.153 1.19749
586.793 1.195
587.433 1.1947
588.073 1.19468
588.713 0
589.353 0
589.993 0
590.633 0
591.273 0
591.913 0
592.552 0
593.192 0
593.832 0
594.472 0
595.112 0
595.752 0
596.392 0
597.032 0
597.672 0
598.312 0
598.951 0
599.591 0
600.231 0
600.871 0
601.511 0
602.151 0
602.791 0
603.431 0
604.071 0
604.711 1.11541
605.35 1.11792
605.99 1.14451
606.63 1.32558
607.27 2.10871
607.91 4.19931
608.55 7.40973
609.19 9.56449
609.83 8.57715
610.47 5.45246
611.11 2.77505
611.749 1.5336
612.389 1.18472
613.029 1.12286
613.669 1.1158
614.309 0
614.949 0
615.589 0
616.229 0
616.869 0
617.509 0
618.148 0
618.788 0
619.428 0
620.068 0
620.708 0
621.348 0
621.988 0
622.628 0
623.268 0
623.908 0
624.547 0
625.187 0
625.827 0
626.467 0
627.107 0
627.747 0
628.387 0
629.027 0
629.667 0
630.307 0
630.946 0
631.586 0
632.226 0
632.866 0
633.506 0
634.146 0
634.786 0
635.426 0
636.066 0
636.706 0
637.345 0
637.985 0
638.625 0
639.265 0
639.905 0
640.545 0
641.185 0
641.825 0
642.465 0
643.105 0
643.745 0
644.384 0
645.024 0
645.664 0
646.304 0
646.944 0
647.584 0
648.224 0
648.864 0
649.504 0
650.144 0
650.783 0
651.423 0
652.063 0
652.703 0
653.343 0
653.983 0
654.623 0
655.263 0
655.903 0
656.543 0
657.182 0.997318
657.822 0.996489
658.462 1.01608
659.102 1.1487
659.742 1.65954
660.382 2.85576
661.022 4.43162
661.662 5.1994
662.302 4.4053
662.942 2.83159
663.581 1.67388
664.221 1.24011
664.861 1.19804
665.501 1.21205
666.141 1.15193
666.781 1.05251
667.421 0.980458
668.061 0.948912
668.701 0.938378
669.341 0.933863
669.98 0.9304
670.62 0
671.26 0
671.9 0
672.54 0
673.18 0
673.82 0
674.46 0
675.1 0
675.74 0
676.379 0
677.019 0
677.659 0
678.299 0
678.939 0
679.579 0
680.219 0
680.859 0
681.499 0
682.139 0
682.778 0
683.418 0
684.058 0
684.698 0
685.338 0
685.978 0
686.618 0
687.258 0
687.898 0
688.538 0
689.178 0
689.817 0
690.457 0
691.097 0
691.737 0
692.377 0
693.017 0
693.657 0
694.297 0
694.937 0
695.577 0
696.216 0
696.856 0
697.496 0
698.136 0
698.776 0
699.416 0
700.056 0
700.696 0
701.336 0
701.976 0
702.615 0
703.255 0
703.895 0
704.535 0
705.175 0
705.815 0
706.455 0
707.095 0
707.735 0
708.375 0
709.014 0
709.654 0
710.294 0
710.934 0
711.574 0
712.214 0
712.854 0
713.494 0
714.134 0
714.774 0
715.413 0
716.053 0
716.693 0
717.333 0
717.973 0
718.613 0
719.253 0
719.893 0
720.533 0
721.173 0
721.812 0
722.452 0
723.092 0
723.732 0
724.372 0
725.012 0
725.652 0
726.292 0
726.932 0
727.572 0
728.211 0
728.851 0
729.491 0
730.131 0
730.771 0
731.411 0
732.051 0
732.691 0
733.331 0
733.971 0
734.61 0
735.25 0
735.89 0
736.53 0
737.17 0
737.81 0
738.45 0
739.09 0
739.73 0
740.37 0
741.01 0
741.649 0
742.289 0
742.929 0
743.569 0
744.209 0
744.849 0
745.489 0
746.129 0
746.769 0
747.409 0
748.048 0
748.688 0
749.328 0
749.968 0
750.608 0
751.248 0
751.888 0
752.528 0
753.168 0
753.808 0
754.447 0
755.087 0
755.727 0
756.367 0
757.007 0
757.647 0
758.287 0
758.927 0
759.567 0
760.207 0
760.846 0
761.486 0
762.126 0
762.766 0
763.406 0
764.046 0
764.686 0
765.326 0
765.966 0
766.606 0
767.245 0
767.885 0
768.525 0
769.165 0
769.805 0
770.445 0
771.085 0
771.725 0
772.365 0
773.005 0
773.644 0
774.284 0
774.924 0
775.564 0
776.204 0
776.844 0
777.484 0
778.124 0
778.764 0
779.404 0
780.043 0
780.683 0
781.323 0
781.963 0
782.603 0
783.243 0
783.883 0
784.523 0
785.163 0
785.803 0
786.442 0
787.082 0
787.722 0
788.362 0
789.002 0
789.642 0
790.282 0
790.922 0
791.562 0
792.202 0
792.842 0
793.481 0
794.121 0
794.761 0
795.401 0
796.041 0
796.681 0
797.321 0
797.961 0
798.601 0
799.241 0
799.88 0
800.52 0
801.16 0
801.8 0
802.44 0
803.08 0
803.72 0
804.36 0
805 0
805.64 0
806.279 0
806.919 0
807.559 0
808.199 0
808.839 0
809.479 0
810.119 0
810.759 0
811.399 0
812.039 0
812.678 0
813.318 0
813.958 0
814.598 0
815.238 0
815.878 0
816.518 0
817.158 0
817.798 0
818.438 0
819.077 0
819.717 0
820.357 0
820.997 0
821.637 0
822.277 0
822.917 0
823.557 0
824.197 0
824.837 0
825.476 0
826.116 0
826.756 0
827.396 0
828.036 0
828.676 0
829.316 0
829.956 0
830.596 0
831.236 0
831.875 0
832.515 0
833.155 0
833.795 0
834.435 0
835.075 0
835.715 0
836.355 0
836.995 0
837.635 0
838.274 0
838.914 0
839.554 0
840.194 0
840.834 0
841.474 0
842.114 0
842.754 0
843.394 0
844.034 0
844.674 0
845.313 0
845.953 0
846.593 0
847.233 0
847.873 0
848.513 0
849.153 0
849.793 0
850.433 0
851.073 0
851.712 0
852.352 0
852.992 0
853.632 0
854.272 0
854.912 0
855.552 0
856.192 0
856.832 0
857.472 0
858.111 0
858.751 0
859.391 0
860.031 0
860.671 0
861.311 0
861.951 0
862.591 0
863.231 0
863.871 0
864.51 0
865.15 0
865.79 0
866.43 0
867.07 0
867.71 0
868.35 0
868.99 0
869.63 0
870.27 0
870.909 0
871.549 0
872.189 0
872.829 0
873.469 0
874.109 0
874.749 0
875.389 0
876.029 0
876.669 0
877.308 0
877.948 0
878.588 0
879.228 0
879.868 0
880.508 0
881.148 0
881.788 0
882.428 0
883.068 0
883.707 0
884.347 0
884.987 0
885.627 0
886.267 0
886.907 0
887.547 0
888.187 0
888.827 0
889.467 0
890.106 0
890.746 0
891.386 0
892.026 0
892.666 0
893.306 0
893.946 0
894.586 0
895.226 0
895.866 0
896.506 0
897.145 0
897.785 0
898.425 0
899.065 0
899.705 0
900.345 0
900.985 0
901.625 0
902.265 0
902.905 0
903.544 0
904.184 0
904.824 0
905.464 0
906.104 0
906.744 0
907.384 0
908.024 0
908.664 0
909.304 0
909.943 0
910.583 0
911.223 0
911.863 0
912.503 0
913.143 0
913.783 0
914.423 0
915.063 0
915.703 0
916.342 0
916.982 0
917.622 0
918.262 0
918.902 0
919.542 0
920.182 0
920.822 0
921.462 0
922.102 0
922.741 0
923.381 0
924.021 0
924.661 0
925.301 0
925.941 0
926.581 0
927.221 0
927.861 0
928.501 0
929.14 0
929.78 0
930.42 0
931.06 0
931.7 0
932.34 0
932.98 0
933.62 0
934.26 0
934.9 0
935.539 0
936.179 0
936.819 0
937.459 0
938.099 0
938.739 0
939.379 0
940.019 0
940.659 0
941.299 0
941.939 0
942.578 0
943.218 0
943.858 0
944.498 0
945.138 0
945.778 0
946.418 0
947.058 0
947.698 0
948.338 0
948.977 0
949.617 0
950.257 0
950.897 0
951.537 0
952.177 0
952.817 0
953.457 0
954.097 0
954.737 0
955.376 0
956.016 0
956.656 0
957.296 0
957.936 0
958.576 0
959.216 0
959.856 0
960.496 0
961.136 0
961.775 0
962.415 0
963.055 0
963.695 0
964.335 0
964.975 0
965.615 0
966.255 0
966.895 0
967.535 0
968.174 0
968.814 0
969.454 0
970.094 0
970.734 0
971.374 0
972.014 0
972.654 0
973.294 0
973.934 0
974.573 0
975.213 0
975.853 0
976.493 0
977.133 0
977.773 0
978.413 0
979.053 0
979.693 0
980.333 0
980.972 0
981.612 0
982.252 0
982.892 0
983.532 0
984.172 0
984.812 0
985.452 0
986.092 0
986.732 0
987.371 0
988.011 0
988.651 0
989.291 0
989.931 0
990.571 0
991.211 0
991.851 0
992.491 0
993.131 0
993.771 0
994.41 0
995.05 0
995.69 0
996.33 0
996.97 0
997.61 0
998.25 0
998.89 0
999.53 0
1000.17 0
1000.81 0
1001.45 0
1002.09 0
1002.73 0
1003.37 0
1004.01 0
1004.65 0
1005.29 0
1005.93 0
1006.57 0
1007.21 0
1007.85 0
1008.49 0
1009.13 0
1009.77 0
1010.41 0
1011.05 0
1011.69 0
1012.33 0
1012.97 0
1013.61 0
1014.25 0
1014.89 0
1015.53 0
1016.17 0
1016.81 0
1017.45 0
1018.09 0
1018.73 0
1019.37 0
1020.01 0
1020.65 0
1021.29 0
1021.93 0
1022.57 0
1023.21 0
1023.85 0
1024.49 0
1025.13 0
1025.77 0
1026.41 0
1027.05 0
1027.69 0
1028.33 0
1028.97 0
1029.6 0
1030.24 0
1030.88 0
1031.52 0
1032.16 0
1032.8 0
1033.44 0
1034.08 0
1034.72 0
1035.36 0
1036 0
1036.64 0
1037.28 0
1037.92 0
1038.56 0
1039.2 0
1039.84 0
1040.48 0
1041.12 0
1041.76 0
1042.4 0
1043.04 0
1043.68 0
1044.32 0
1044.96 0
1045.6 0
1046.24 0
1046.88 0
1047.52 0
1048.16 0
1048.8 0
1049.44 0
1050.08 0
1050.72 0
1051.36 0
1052 0
1052.64 0
1053.28 0
1053.92 0
1054.56 0
1055.2 0
1055.84 0
1056.48 0
1057.12 0
1057.76 0
1058.4 0
1059.04 0
1059.68 0
1060.32 0
1060.96 0
1061.6 0
1062.24 0
1062.88 0
1063.52 0
1064.16 0
1064.8 0
1065.44 0
1066.08 0
1066.72 0
1067.36 0
1068 0
1068.64 0
1069.28 0
1069.92 0
1070.56 0
1071.2 0
1071.84 0
1072.48 0
1073.12 0
1073.76 0
1074.4 0
1075.04 0
1075.68 0
1076.32 0
1076.96 0
1077.6 0
1078.24 0
1078.88 0
1079.52 0
1080.16 0
1080.8 0
1081.44 0
1082.08 0
1082.72 0
1083.36 0
1084 0
1084.64 0
1085.28 0
1085.92 0
1086.56 0
1087.2 0
1087.84 0
1088.48 0
1089.12 0
1089.76 0
1090.4 0
1091.04 0
1091.68 0
1092.32 0
1092.96 0
1093.6 0
1094.24 0
1094.87 0
1095.51 0
1096.15 0
1096.79 0
1097.43 0
1098.07 0
1098.71 0
1099.35 0
1099.99 0
1100.63 0
1101.27 0
1101.91 0
1102.55 0
1103.19 0
1103.83 0
1104.47 0
1105.11 0
1105.75 0
1106.39 0
1107.03 0
1107.67 0
1108.31 0
1108.95 0
1109.59 0
1110.23 0
1110.87 0
1111.51 0
1112.15 0
1112.79 0
1113.43 0
1114.07 0
1114.71 0
1115.35 0.459988
1115.99 0.460589
1116.63 0.465451
1117.27 0.49287
1117.91 0.599496
1118.55 0.879888
1119.19 1.35754
1119.83 1.823
1120.47 1.93092
1121.11 1.58832
1121.75 1.07535
1122.39 0.698625
1123.03 0.525786
1123.67 0.472859
1124.31 0.461738
1124.95 0.460112
1125.59 0
1126.23 0
1126.87 0
1127.51 0
1128.15 0
1128.79 0
1129.43 0
1130.07 0
1130.71 0
1131.35 0
1131.99 0
1132.63 0
1133.27 0
1133.91 0
1134.55 0
1135.19 0
1135.83 0
1136.47 0
1137.11 0
1137.75 0
1138.39 0
1139.03 0
1139.67 0
1140.31 0
1140.95 0
1141.59 0
1142.23 0
1142.87 0
1143.51 0
1144.15 0
1144.79 0
1145.43 0
1146.07 0
1146.71 0
1147.35 0
1147.99 0
1148.63 0
1149.27 0
1149.91 0
1150.55 0.319247
1151.19 0.319578
1151.83 0.32181
1152.47 0.332307
1153.11 0.366257
1153.75 0.439748
1154.39 0.539537
1155.03 0.606589
1155.67 0.586751
1156.31 0.497026
1156.95 0.403601
1157.59 0.347817
1158.23 0.326138
1158.87 0.320409
1159.5 0.319358
1160.14 0
1160.78 0
1161.42 0
1162.06 0
1162.7 0
1163.34 0
1163.98 0
1164.62 0
1165.26 0
1165.9 0
1166.54 0
1167.18 0
1167.82 0
1168.46 0.480352
1169.1 0.482337
1169.74 0.496316
1170.38 0.565176
1171.02 0.799574
1171.66 1.33782
1172.3 2.12653
1172.94 2.74014
1173.58 2.6991
1174.22 2.03881
1174.86 1.26361
1175.5 0.762011
1176.14 0.55274
1176.78 0.493529
1177.42 0.481907
1178.06 0.480306
1178.7 0
1179.34 0
1179.98 0
1180.62 0
1181.26 0
1181.9 0
1182.54 0
1183.18 0
1183.82 0
1184.46 0
1185.1 0
1185.74 0
1186.38 0
1187.02 0
1187.66 0
1188.3 0
1188.94 0
1189.58 0
1190.22 0
1190.86 0
1191.5 0
1192.14 0
1192.78 0
1193.42 0
1194.06 0
1194.7 0
1195.34 0
1195.98 0
1196.62 0
1197.26 0
1197.9 0
1198.54 0
1199.18 0
1199.82 0
1200.46 0
1201.1 0
1201.74 0
1202.38 0
1203.02 0
1203.66 0
1204.3 0
1204.94 0
1205.58 0
1206.22 0
1206.86 0
1207.5 0
1208.14 0
1208.78 0
1209.42 0
1210.06 0
1210.7 0
1211.34 0
1211.98 0
1212.62 0
1213.26 0
1213.9 0
1214.54 0
1215.18 0
1215.82 0
1216.46 0
1217.1 0
1217.74 0
1218.38 0
1219.02 0
1219.66 0
1220.3 0
1220.94 0
1221.58 0
1222.22 0
1222.86 0
1223.5 0
1224.13 0
1224.77 0
1225.41 0
1226.05 0
1226.69 0
1227.33 0
1227.97 0
1228.61 0
1229.25 0
1229.89 0
1230.53 0
1231.17 0
1231.81 0
1232.45 0
1233.09 0
1233.73 0
1234.37 0
1235.01 0
1235.65 0
1236.29 0
1236.93 0
1237.57 0
1238.21 0
1238.85 0
1239.49 0
1240.13 0
1240.77 0
1241.41 0
1242.05 0
1242.69 0
1243.33 0
1243.97 0
1244.61 0
1245.25 0
1245.89 0
1246.53 0
1247.17 0
1247.81 0
1248.45 0
1249.09 0
1249.73 0
1250.37 0
1251.01 0
1251.65 0
1252.29 0
1252.93 0
1253.57 0
1254.21 0
1254.85 0
1255.49 0
1256.13 0
1256.77 0
1257.41 0
1258.05 0
1258.69 0
1259.33 0
1259.97 0
1260.61 0
1261.25 0
1261.89 0
1262.53 0
1263.17 0
1263.81 0
1264.45 0
1265.09 0
1265.73 0
1266.37 0
1267.01 0
1267.65 0
1268.29 0
1268.93 0
1269.57 0
1270.21 0
1270.85 0
1271.49 0
1272.13 0
1272.77 0
1273.41 0
1274.05 0
1274.69 0
1275.33 0
1275.97 0.541902
1276.61 0.541811
1277.25 0.541141
1277.89 0.537601
1278.53 0.524461
1279.17 0.490786
1279.81 0.433501
1280.45 0.375495
1281.09 0.356942
1281.73 0.393018
1282.37 0.455092
1283.01 0.505232
1283.65 0.530681
1284.29 0.539419
1284.93 0.54151
1285.57 0.541864
1286.21 0
1286.85 0
1287.49 0
1288.13 0
1288.76 0
1289.4 0
1290.04 0
1290.68 0
1291.32 0
1291.96 0
1292.6 0
1293.24 0
1293.88 0
1294.52 0
1295.16 0
1295.8 0
1296.44 0
1297.08 0
1297.72 0
1298.36 0
1299 0
1299.64 0
1300.28 0
1300.92 0
1301.56 0
1302.2 0
1302.84 0
1303.48 0
1304.12 0
1304.76 0
1305.4 0
1306.04 0
1306.68 0
1307.32 0
1307.96 0
1308.6 0
1309.24 0
1309.88 0
1310.52 0
1311.16 0
1311.8 0
1312.44 0
1313.08 0
1313.72 0
1314.36 0
1315 0
1315.64 0
1316.28 0
1316.92 0
1317.56 0
1318.2 0
1318.84 0
1319.48 0
1320.12 0
1320.76 0
1321.4 0
1322.04 0
1322.68 0
1323.32 0
1323.96 0
1324.6 0
1325.24 0
1325.88 0
1326.52 0
1327.16 0
1327.8 0.0700964
1328.44 0.0755655
1329.08 0.108785
1329.72 0.252269
1330.36 0.687117
1331 1.58789
1331.64 2.78648
1332.28 3.60898
1332.92 3.42714
1333.56 2.38935
1334.2 1.23711
1334.84 0.497653
1335.48 0.18386
1336.12 0.0916947
1336.76 0.0725609
1337.4 0
1338.04 0
1338.68 0
1339.32 0
1339.96 0
1340.6 0
1341.24 0
1341.88 0
1342.52 0
1343.16 0
1343.8 0
1344.44 0
1345.08 0
1345.72 0
1346.36 0
1347 0
1347.64 0
1348.28 0
1348.92 0
1349.56 0
1350.2 0
1350.84 0
1351.48 0
1352.12 0
1352.76 0
1353.4 0
1354.03 0
1354.67 0
1355.31 0
1355.95 0
1356.59 0
1357.23 0
1357.87 0
1358.51 0
1359.15 0
1359.79 0
1360.43 0
1361.07 0
1361.71 0
1362.35 0
1362.99 0
1363.63 0
1364.27 0
1364.91 0
1365.55 0
1366.19 0
1366.83 0
1367.47 0
1368.11 0
1368.75 0
1369.39 0
1370.03 0
1370.67 0
1371.31 0
1371.95 0
1372.59 0
1373.23 0
1373.87 0
1374.51 0
1375.15 0
1375.79 0
1376.43 0
1377.07 0
1377.71 0
1378.35 0
1378.99 0
1379.63 0
1380.27 0
1380.91 0
1381.55 0
1382.19 0
1382.83 0
1383.47 0
1384.11 0
1384.75 0
1385.39 0
1386.03 0
1386.67 0
1387.31 0
1387.95 0
1388.59 0
1389.23 0
1389.87 0
1390.51 0
1391.15 0
1391.79 0
1392.43 0
1393.07 0
1393.71 0
1394.35 0
1394.99 0
1395.63 0
1396.27 0
1396.91 0
1397.55 0
1398.19 0
1398.83 0
1399.47 0
1400.11 0
1400.75 0
1401.39 0
1402.03 0
1402.67 0
1403.31 0
1403.95 0
1404.59 0
1405.23 0
1405.87 0
1406.51 0
1407.15 0
1407.79 0
1408.43 0
1409.07 0
1409.71 0
1410.35 0
1410.99 0
1411.63 0
1412.27 0
1412.91 0
1413.55 0
1414.19 0
1414.83 0
1415.47 0
1416.11 0
1416.75 0
1417.39 0
1418.03 0
1418.66 0
1419.3 0
1419.94 0
1420.58 0
1421.22 0
1421.86 0
1422.5 0
1423.14 0
1423.78 0
1424.42 0
1425.06 0
1425.7 0
1426.34 0
1426.98 0
1427.62 0
1428.26 0
1428.9 0
1429.54 0
1430.18 0
1430.82 0
1431.46 0
1432.1 0
1432.74 0
1433.38 0
1434.02 0
1434.66 0
1435.3 0
1435.94 0
1436.58 0
1437.22 0
1437.86 0
1438.5 0
1439.14 0
1439.78 0
1440.42 0
1441.06 0
1441.7 0
1442.34 0
1442.98 0
1443.62 0
1444.26 0
1444.9 0
1445.54 0
1446.18 0
1446.82 0
1447.46 0
1448.1 0
1448.74 0
1449.38 0
1450.02 0
1450.66 0
1451.3 0
1451.94 0
1452.58 0
1453.22 0
1453.86 0
1454.5 0
1455.14 0
1455.78 0.239101
1456.42 0.243996
1457.06 0.276709
1457.7 0.434897
1458.34 0.982967
1458.98 2.31928
1459.62 4.52729
1460.26 6.75854
1460.9 7.55078
1461.54 6.28943
1462.18 3.93373
1462.82 1.90419
1463.46 0.792827
1464.1 0.374731
1464.74 0.263242
1465.38 0.241837
1466.02 0
1466.66 0
1467.3 0
1467.94 0
1468.58 0
1469.22 0
1469.86 0
1470.5 0
1471.14 0
1471.78 0
1472.42 0
1473.06 0
1473.7 0
1474.34 0
1474.98 0
1475.62 0
1476.26 0
1476.9 0
1477.54 0
1478.18 0
1478.82 0
1479.46 0
1480.1 0
1480.74 0
1481.38 0
1482.02 0
1482.66 0
1483.29 0
1483.93 0
1484.57 0
1485.21 0
1485.85 0
1486.49 0
1487.13 0
1487.77 0
1488.41 0
1489.05 0
1489.69 0
1490.33 0
1490.97 0
1491.61 0
1492.25 0
1492.89 0
1493.53 0
1494.17 0
1494.81 0
1495.45 0
1496.09 0
1496.73 0
1497.37 0
1498.01 0
1498.65 0
1499.29 0
1499.93 0
1500.57 0
1501.21 0
1501.85 0
1502.49 0
1503.13 0
1503.77 0
1504.41 0
1505.05 0
1505.69 0
1506.33 0
1506.97 0
1507.61 0
1508.25 0
1508.89 0
1509.53 0
1510.17 0
1510.81 0
1511.45 0
1512.09 0
1512.73 0
1513.37 0
1514.01 0
1514.65 0
1515.29 0
1515.93 0
1516.57 0
1517.21 0
1517.85 0
1518.49 0
1519.13 0
1519.77 0
1520.41 0
1521.05 0
1521.69 0
1522.33 0
1522.97 0
1523.61 0
1524.25 0
1524.89 0
1525.53 0
1526.17 0
1526.81 0
1527.45 0
1528.09 0
1528.73 0
1529.37 0
1530.01 0
1530.65 0
1531.29 0
1531.93 0
1532.57 0
1533.21 0
1533.85 0
1534.49 0
1535.13 0
1535.77 0
1536.41 0
1537.05 0
1537.69 0
1538.33 0
1538.97 0
1539.61 0
1540.25 0
1540.89 0
1541.53 0
1542.17 0
1542.81 0
1543.45 0
1544.09 0
1544.73 0
1545.37 0
1546.01 0
1546.65 0
1547.29 0
1547.93 0
1548.56 0
1549.2 0
1549.84 0
1550.48 0
1551.12 0
1551.76 0
1552.4 0
1553.04 0
1553.68 0
1554.32 0
1554.96 0
1555.6 0
1556.24 0
1556.88 0
1557.52 0
1558.16 0
1558.8 0
1559.44 0
1560.08 0
1560.72 0
1561.36 0
1562 0
1562.64 0
1563.28 0
1563.92 0
1564.56 0
1565.2 0
1565.84 0
1566.48 0
1567.12 0
1567.76 0
1568.4 0
1569.04 0
1569.68 0
1570.32 0
1570.96 0
1571.6 0
1572.24 0
1572.88 0
1573.52 0
1574.16 0
1574.8 0
1575.44 0
1576.08 0
1576.72 0
1577.36 0
1578 0
1578.64 0
1579.28 0
1579.92 0
1580.56 0
1581.2 0
1581.84 0
1582.48 0
1583.12 0
1583.76 0
1584.4 0
1585.04 0
1585.68 0
1586.32 0
1586.96 0
1587.6 0
1588.24 0
1588.88 0
1589.52 0
1590.16 0
1590.8 0
1591.44 0
1592.08 0
1592.72 0
1593.36 0
1594 0
1594.64 0
1595.28 0
1595.92 0
1596.56 0
1597.2 0
1597.84 0
1598.48 0
1599.12 0
1599.76 0
1600.4 0
1601.04 0
1601.68 0
1602.32 0
1602.96 0
1603.6 0
1604.24 0
1604.88 0
1605.52 0
1606.16 0
1606.8 0
1607.44 0
1608.08 0
1608.72 0
1609.36 0
1610 0
1610.64 0
1611.28 0
1611.92 0
1612.56 0
1613.19 0
1613.83 0
1614.47 0
1615.11 0
1615.75 0
1616.39 0
1617.03 0
1617.67 0
1618.31 0
1618.95 0
1619.59 0
1620.23 0
1620.87 0
1621.51 0
1622.15 0
1622.79 0
1623.43 0
1624.07 0
1624.71 0
1625.35 0
1625.99 0
1626.63 0
1627.27 0
1627.91 0
1628.55 0
1629.19 0
1629.83 0
1630.47 0
1631.11 0
1631.75 0
1632.39 0
1633.03 0
1633.67 0
1634.31 0
1634.95 0
1635.59 0
1636.23 0
1636.87 0
1637.51 0
1638.15 0
1638.79 0
1639.43 0
1640.07 0
1640.71 0
1641.35 0
1641.99 0
1642.63 0
1643.27 0
1643.91 0
1644.55 0
1645.19 0
1645.83 0
1646.47 0
1647.11 0
1647.75 0
1648.39 0
1649.03 0
1649.67 0
1650.31 0
1650.95 0
1651.59 0
1652.23 0
1652.87 0
1653.51 0
1654.15 0
1654.79 0
1655.43 0
1656.07 0
1656.71 0
1657.35 0
1657.99 0
1658.63 0
1659.27 0
1659.91 0
1660.55 0
1661.19 0
1661.83 0
1662.47 0
1663.11 0
1663.75 0
1664.39 0
1665.03 0
1665.67 0
1666.31 0
1666.95 0
1667.59 0
1668.23 0
1668.87 0
1669.51 0
1670.15 0
1670.79 0
1671.43 0
1672.07 0
1672.71 0
1673.35 0
1673.99 0
1674.63 0
1675.27 0
1675.91 0
1676.55 0
1677.19 0
1677.82 0
1678.46 0
1679.1 0
1679.74 0
1680.38 0
1681.02 0
1681.66 0
1682.3 0
1682.94 0
1683.58 0
1684.22 0
1684.86 0
1685.5 0
1686.14 0
1686.78 0
1687.42 0
1688.06 0
1688.7 0
1689.34 0
1689.98 0
1690.62 0
1691.26 0
1691.9 0
1692.54 0
1693.18 0
1693.82 0
1694.46 0
1695.1 0
1695.74 0
1696.38 0
1697.02 0
1697.66 0
1698.3 0
1698.94 0
1699.58 0
1700.22 0
1700.86 0
1701.5 0
1702.14 0
1702.78 0
1703.42 0
1704.06 0
1704.7 0
1705.34 0
1705.98 0
1706.62 0
1707.26 0
1707.9 0
1708.54 0
1709.18 0
1709.82 0
1710.46 0
1711.1 0
1711.74 0
1712.38 0
1713.02 0
1713.66 0
1714.3 0
1714.94 0
1715.58 0
1716.22 0
1716.86 0
1717.5 0
1718.14 0
1718.78 0
1719.42 0
1720.06 0
1720.7 0
1721.34 0
1721.98 0
1722.62 0
1723.26 0
1723.9 0
1724.54 0
1725.18 0
1725.82 0
1726.46 0
1727.1 0
1727.74 0
1728.38 0
1729.02 0
1729.66 0
1730.3 0
1730.94 0
1731.58 0
1732.22 0
1732.86 0
1733.5 0
1734.14 0
1734.78 0
1735.42 0
1736.06 0
1736.7 0
1737.34 0
1737.98 0
1738.62 0
1739.26 0
1739.9 0
1740.54 0
1741.18 0
1741.82 0
1742.45 0
1743.09 0
1743.73 0
1744.37 0
1745.01 0
1745.65 0
1746.29 0
1746.93 0
1747.57 0
1748.21 0
1748.85 0
1749.49 0
1750.13 0
1750.77 0
1751.41 0
1752.05 0
1752.69 0
1753.33 0
1753.97 0
1754.61 0
1755.25 0
1755.89 0
1756.53 0
1757.17 0
1757.81 0
1758.45 0
1759.09 0
1759.73 0.154792
1760.37 0.160386
1761.01 0.187838
1761.65 0.287543
1762.29 0.552141
1762.93 1.0528
1763.57 1.69131
1764.21 2.14667
1764.85 2.1118
1765.49 1.61223
1766.13 0.977498
1766.77 0.506609
1767.41 0.268436
1768.05 0.182078
1768.69 0.159117
1769.33 0
1769.97 0
1770.61 0
1771.25 0
1771.89 0
1772.53 0
1773.17 0
1773.81 0
1774.45 0
1775.09 0
1775.73 0
1776.37 0
1777.01 0
1777.65 0
1778.29 0
1778.93 0
1779.57 0
1780.21 0
1780.85 0
1781.49 0
1782.13 0
1782.77 0
1783.41 0
1784.05 0
1784.69 0
1785.33 0
1785.97 0
1786.61 0
1787.25 0
1787.89 0
1788.53 0
1789.17 0
1789.81 0
1790.45 0
1791.09 0
1791.73 0
1792.37 0
1793.01 0
1793.65 0
1794.29 0
1794.93 0
1795.57 0
1796.21 0
1796.85 0
1797.49 0
1798.13 0
1798.77 0
1799.41 0
1800.05 0
1800.69 0
1801.33 0
1801.97 0
1802.61 0
1803.25 0
1803.89 0
1804.53 0
1805.17 0
1805.81 0
1806.45 0
1807.09 0
1807.72 0
1808.36 0
1809 0
1809.64 0
1810.28 0
1810.92 0
1811.56 0
1812.2 0
1812.84 0
1813.48 0
1814.12 0
1814.76 0
1815.4 0
1816.04 0
1816.68 0
1817.32 0
1817.96 0
1818.6 0
1819.24 0
1819.88 0
1820.52 0
1821.16 0
1821.8 0
1822.44 0
1823.08 0
1823.72 0
1824.36 0
1825 0
1825.64 0
1826.28 0
1826.92 0
1827.56 0
1828.2 0
1828.84 0
1829.48 0
1830.12 0
1830.76 0
1831.4 0
1832.04 0
1832.68 0
1833.32 0
1833.96 0
1834.6 0
1835.24 0
1835.88 0
1836.52 0
1837.16 0
1837.8 0
1838.44 0
1839.08 0
1839.72 0
1840.36 0
1841 0
1841.64 0
1842.28 0
1842.92 0
1843.56 0
1844.2 0
1844.84 0
1845.48 0
1846.12 0
1846.76 0
1847.4 0
1848.04 0
1848.68 0
1849.32 0
1849.96 0
1850.6 0
1851.24 0
1851.88 0
1852.52 0
1853.16 0
1853.8 0
1854.44 0
1855.08 0
1855.72 0
1856.36 0
1857 0
1857.64 0
1858.28 0
1858.92 0
1859.56 0
1860.2 0
1860.84 0
1861.48 0
1862.12 0
1862.76 0
1863.4 0
1864.04 0
1864.68 0
1865.32 0
1865.96 0
1866.6 0
1867.24 0
1867.88 0
1868.52 0
1869.16 0
1869.8 0
1870.44 0
1871.08 0
1871.72 0
1872.35 0
1872.99 0
1873.63 0
1874.27 0
1874.91 0
1875.55 0
1876.19 0
1876.83 0
1877.47 0
1878.11 0
1878.75 0
1879.39 0
1880.03 0
1880.67 0
1881.31 0
1881.95 0
1882.59 0
1883.23 0
1883.87 0
1884.51 0
1885.15 0
1885.79 0
1886.43 0
1887.07 0
1887.71 0
1888.35 0
1888.99 0
1889.63 0
1890.27 0
1890.91 0
1891.55 0
1892.19 0
1892.83 0
1893.47 0
1894.11 0
1894.75 0
1895.39 0
1896.03 0
1896.67 0
1897.31 0
1897.95 0
1898.59 0
1899.23 0
1899.87 0
1900.51 0
1901.15 0
1901.79 0
1902.43 0
1903.07 0
1903.71 0
1904.35 0
1904.99 0
1905.63 0
1906.27 0
1906.91 0
1907.55 0
1908.19 0
1908.83 0
1909.47 0
1910.11 0
1910.75 0
1911.39 0
1912.03 0
1912.67 0
1913.31 0
1913.95 0
1914.59 0
1915.23 0
1915.87 0
1916.51 0
1917.15 0
1917.79 0
1918.43 0
1919.07 0
1919.71 0
1920.35 0
1920.99 0
1921.63 0
1922.27 0
1922.91 0
1923.55 0
1924.19 0
1924.83 0
1925.47 0
1926.11 0
1926.75 0
1927.39 0
1928.03 0
1928.67 0
1929.31 0
1929.95 0
1930.59 0
1931.23 0
1931.87 0
1932.51 0
1933.15 0
1933.79 0
1934.43 0
1935.07 0
1935.71 0
1936.35 0
1936.98 0
1937.62 0
1938.26 0
1938.9 0
1939.54 0
1940.18 0
1940.82 0
1941.46 0
1942.1 0
1942.74 0
1943.38 0
1944.02 0
1944.66 0
1945.3 0
1945.94 0
1946.58 0
1947.22 0
1947.86 0
1948.5 0
1949.14 0
1949.78 0
1950.42 0
1951.06 0
1951.7 0
1952.34 0
1952.98 0
1953.62 0
1954.26 0
1954.9 0
1955.54 0
1956.18 0
1956.82 0
1957.46 0
1958.1 0
1958.74 0
1959.38 0
1960.02 0
1960.66 0
1961.3 0
1961.94 0
1962.58 0
1963.22 0
1963.86 0
1964.5 0
1965.14 0
1965.78 0
1966.42 0
1967.06 0
1967.7 0
1968.34 0
1968.98 0
1969.62 0
1970.26 0
1970.9 0
1971.54 0
1972.18 0
1972.82 0
1973.46 0
1974.1 0
1974.74 0
1975.38 0
1976.02 0
1976.66 0
1977.3 0
1977.94 0
1978.58 0
1979.22 0
1979.86 0
1980.5 0
1981.14 0
1981.78 0
1982.42 0
1983.06 0
1983.7 0
1984.34 0
1984.98 0
1985.62 0
1986.26 0
1986.9 0
1987.54 0
1988.18 0
1988.82 0
1989.46 0
1990.1 0
1990.74 0
1991.38 0
1992.02 0
1992.66 0
1993.3 0
1993.94 0
1994.58 0
1995.22 0
1995.86 0
1996.5 0
1997.14 0
1997.78 0
1998.42 0
1999.06 0
1999.7 0
2000.34 0
2000.98 0
2001.61 0
2002.25 0
2002.89 0
2003.53 0
2004.17 0
2004.81 0
2005.45 0
2006.09 0
2006.73 0
2007.37 0
2008.01 0
2008.65 0
2009.29 0
2009.93 0
2010.57 0
2011.21 0
2011.85 0
2012.49 0
2013.13 0
2013.77 0
2014.41 0
2015.05 0
2015.69 0
2016.33 0
2016.97 0
2017.61 0
2018.25 0
2018.89 0
2019.53 0
2020.17 0
2020.81 0
2021.45 0
2022.09 0
2022.73 0
2023.37 0
2024.01 0
2024.65 0
2025.29 0
2025.93 0
2026.57 0
2027.21 0
2027.85 0
2028.49 0
2029.13 0
2029.77 0
2030.41 0
2031.05 0
2031.69 0
2032.33 0
2032.97 0
2033.61 0
2034.25 0
2034.89 0
2035.53 0
2036.17 0
2036.81 0
2037.45 0
2038.09 0
2038.73 0
2039.37 0
2040.01 0
2040.65 0
2041.29 0
2041.93 0
2042.57 0
2043.21 0
2043.85 0
2044.49 0
2045.13 0
2045.77 0
2046.41 0
2047.05 0
2047.69 0
2048.33 0
2048.97 0
2049.61 0
2050.25 0
2050.89 0
2051.53 0
2052.17 0
2052.81 0
2053.45 0
2054.09 0
2054.73 0
2055.37 0
2056.01 0
2056.65 0
2057.29 0
2057.93 0
2058.57 0
2059.21 0
2059.85 0
2060.49 0
2061.13 0
2061.77 0
2062.41 0
2063.05 0
2063.69 0
2064.33 0
2064.97 0
2065.61 0
2066.25 0
2066.88 0
2067.52 0
2068.16 0
2068.8 0
2069.44 0
2070.08 0
2070.72 0
2071.36 0
2072 0
2072.64 0
2073.28 0
2073.92 0
2074.56 0
2075.2 0
2075.84 0
2076.48 0
2077.12 0
2077.76 0
2078.4 0
2079.04 0
2079.68 0
2080.32 0
2080.96 0
2081.6 0
2082.24 0
2082.88 0
2083.52 0
2084.16 0
2084.8 0
2085.44 0
2086.08 0
2086.72 0
2087.36 0
2088 0
2088.64 0
2089.28 0
2089.92 0
2090.56 0
2091.2 0
2091.84 0
2092.48 0
2093.12 0
2093.76 0
2094.4 0
2095.04 0
2095.68 0
2096.32 0
2096.96 0
2097.6 0
2098.24 0
2098.88 0
2099.52 0
2100.16 0
2100.8 0
2101.44 0
2102.08 0
2102.72 0
2103.36 0
2104 0
2104.64 0
2105.28 0
2105.92 0
2106.56 0
2107.2 0
2107.84 0
2108.48 0
2109.12 0
2109.76 0
2110.4 0
2111.04 0
2111.68 0
2112.32 0
2112.96 0
2113.6 0
2114.24 0
2114.88 0
2115.52 0
2116.16 0
2116.8 0
2117.44 0
2118.08 0
2118.72 0
2119.36 0
2120 0
2120.64 0
2121.28 0
2121.92 0
2122.56 0
2123.2 0
2123.84 0
2124.48 0
2125.12 0
2125.76 0
2126.4 0
2127.04 0
2127.68 0
2128.32 0
2128.96 0
2129.6 0
2130.24 0
2130.88 0
2131.51 0
2132.15 0
2132.79 0
2133.43 0
2134.07 0
2134.71 0
2135.35 0
2135.99 0
2136.63 0
2137.27 0
2137.91 0
2138.55 0
2139.19 0
2139.83 0
2140.47 0
2141.11 0
2141.75 0
2142.39 0
2143.03 0
2143.67 0
2144.31 0
2144.95 0
2145.59 0
2146.23 0
2146.87 0
2147.51 0
2148.15 0
2148.79 0
2149.43 0
2150.07 0
2150.71 0
2151.35 0
2151.99 0
2152.63 0
2153.27 0
2153.91 0
2154.55 0
2155.19 0
2155.83 0
2156.47 0
2157.11 0
2157.75 0
2158.39 0
2159.03 0
2159.67 0
2160.31 0
2160.95 0
2161.59 0
2162.23 0
2162.87 0
2163.51 0
2164.15 0
2164.79 0
2165.43 0
2166.07 0
2166.71 0
2167.35 0
2167.99 0
2168.63 0
2169.27 0
2169.91 0
2170.55 0
2171.19 0
2171.83 0
2172.47 0
2173.11 0
2173.75 0
2174.39 0
2175.03 0
2175.67 0
2176.31 0
2176.95 0
2177.59 0
2178.23 0
2178.87 0
2179.51 0
2180.15 0
2180.79 0
2181.43 0
2182.07 0
2182.71 0
2183.35 0
2183.99 0
2184.63 0
2185.27 0
2185.91 0
2186.55 0
2187.19 0
2187.83 0
2188.47 0
2189.11 0
2189.75 0
2190.39 0
2191.03 0
2191.67 0
2192.31 0
2192.95 0
2193.59 0
2194.23 0
2194.87 0
2195.51 0
2196.14 0
2196.78 0
2197.42 0
2198.06 0
2198.7 0
2199.34 0
2199.98 0
2200.62 0
2201.26 0
2201.9 0
2202.54 0
2203.18 0
2203.82 0
2204.46 0
2205.1 0
2205.74 0
2206.38 0
2207.02 0
2207.66 0
2208.3 0
2208.94 0
2209.58 0
2210.22 0
2210.86 0
2211.5 0
2212.14 0
2212.78 0
2213.42 0
2214.06 0
2214.7 0
2215.34 0
2215.98 0
2216.62 0
2217.26 0
2217.9 0
2218.54 0
2219.18 0
2219.82 0
2220.46 0
2221.1 0
2221.74 0
2222.38 0
2223.02 0
2223.66 0
2224.3 0
2224.94 0
2225.58 0
2226.22 0
2226.86 0
2227.5 0
2228.14 0
2228.78 0
2229.42 0
2230.06 0
2230.7 0
2231.34 0
2231.98 0
2232.62 0
2233.26 0
2233.9 0
2234.54 0
2235.18 0
2235.82 0
2236.46 0
2237.1 0
2237.74 0
2238.38 0
2239.02 0
2239.66 0
2240.3 0
2240.94 0
2241.58 0
2242.22 0
2242.86 0
2243.5 0
2244.14 0
2244.78 0
2245.42 0
2246.06 0
2246.7 0
2247.34 0
2247.98 0
2248.62 0
2249.26 0
2249.9 0
2250.54 0
2251.18 0
2251.82 0
2252.46 0
2253.1 0
2253.74 0
2254.38 0
2255.02 0
2255.66 0
2256.3 0
2256.94 0
2257.58 0
2258.22 0
2258.86 0
2259.5 0
2260.14 0
2260.78 0
2261.41 0
2262.05 0
2262.69 0
2263.33 0
2263.97 0
2264.61 0
2265.25 0
2265.89 0
2266.53 0
2267.17 0
2267.81 0
2268.45 0
2269.09 0
2269.73 0
2270.37 0
2271.01 0
2271.65 0
2272.29 0
2272.93 0
2273.57 0
2274.21 0
2274.85 0
2275.49 0
2276.13 0
2276.77 0
2277.41 0
2278.05 0
2278.69 0
2279.33 0
2279.97 0
2280.61 0
2281.25 0
2281.89 0
2282.53 0
2283.17 0
2283.81 0
2284.45 0
2285.09 0
2285.73 0
2286.37 0
2287.01 0
2287.65 0
2288.29 0
2288.93 0
2289.57 0
2290.21 0
2290.85 0
2291.49 0
2292.13 0
2292.77 0
2293.41 0
2294.05 0
2294.69 0
2295.33 0
2295.97 0
2296.61 0
2297.25 0
2297.89 0
2298.53 0
2299.17 0
2299.81 0
2300.45 0
2301.09 0
2301.73 0
2302.37 0
2303.01 0
2303.65 0
2304.29 0
2304.93 0
2305.57 0
2306.21 0
2306.85 0
2307.49 0
2308.13 0
2308.77 0
2309.41 0
2310.05 0
2310.69 0
2311.33 0
2311.97 0
2312.61 0
2313.25 0
2313.89 0
2314.53 0
2315.17 0
2315.81 0
2316.45 0
2317.09 0
2317.73 0
2318.37 0
2319.01 0
2319.65 0
2320.29 0
2320.93 0
2321.57 0
2322.21 0
2322.85 0
2323.49 0
2324.13 0
2324.77 0
2325.41 0
2326.04 0
2326.68 0
2327.32 0
2327.96 0
2328.6 0
2329.24 0
2329.88 0
2330.52 0
2331.16 0
2331.8 0
2332.44 0
2333.08 0
2333.72 0
2334.36 0
2335 0
2335.64 0
2336.28 0
2336.92 0
2337.56 0
2338.2 0
2338.84 0
2339.48 0
2340.12 0
2340.76 0
2341.4 0
2342.04 0
2342.68 0
2343.32 0
2343.96 0
2344.6 0
2345.24 0
2345.88 0
2346.52 0
2347.16 0
2347.8 0
2348.44 0
2349.08 0
2349.72 0
2350.36 0
2351 0
2351.64 0
2352.28 0
2352.92 0
2353.56 0
2354.2 0
2354.84 0
2355.48 0
2356.12 0
2356.76 0
2357.4 0
2358.04 0
2358.68 0
2359.32 0
2359.96 0
2360.6 0
2361.24 0
2361.88 0
2362.52 0
2363.16 0
2363.8 0
2364.44 0
2365.08 0
2365.72 0
2366.36 0
2367 0
2367.64 0
2368.28 0
2368.92 0
2369.56 0
2370.2 0
2370.84 0
2371.48 0
2372.12 0
2372.76 0
2373.4 0
2374.04 0
2374.68 0
2375.32 0
2375.96 0
2376.6 0
2377.24 0
2377.88 0
2378.52 0
2379.16 0
2379.8 0
2380.44 0
2381.08 0
2381.72 0
2382.36 0
2383 0
2383.64 0
2384.28 0
2384.92 0
2385.56 0
2386.2 0
2386.84 0
2387.48 0
2388.12 0
2388.76 0
2389.4 0
2390.04 0
2390.67 0
2391.31 0
2391.95 0
2392.59 0
2393.23 0
2393.87 0
2394.51 0
2395.15 0
2395.79 0
2396.43 0
2397.07 0
2397.71 0
2398.35 0
2398.99 0
2399.63 0
2400.27 0
2400.91 0
2401.55 0
2402.19 0
2402.83 0
2403.47 0
2404.11 0
2404.75 0
2405.39 0
2406.03 0
2406.67 0
2407.31 0
2407.95 0
2408.59 0
2409.23 0
2409.87 0
2410.51 0
2411.15 0
2411.79 0
2412.43 0
2413.07 0
2413.71 0
2414.35 0
2414.99 0
2415.63 0
2416.27 0
2416.91 0
2417.55 0
2418.19 0
2418.83 0
2419.47 0
2420.11 0
2420.75 0
2421.39 0
2422.03 0
2422.67 0
2423.31 0
2423.95 0
2424.59 0
2425.23 0
2425.87 0
2426.51 0
2427.15 0
2427.79 0
2428.43 0
2429.07 0
2429.71 0
2430.35 0
2430.99 0
2431.63 0
2432.27 0
2432.91 0
2433.55 0
2434.19 0
2434.83 0
2435.47 0
2436.11 0
2436.75 0
2437.39 0
2438.03 0
2438.67 0
2439.31 0
2439.95 0
2440.59 0
2441.23 0
2441.87 0
2442.51 0
2443.15 0
2443.79 0
2444.43 0
2445.07 0
2445.71 0
2446.35 0
2446.99 0
2447.63 0
2448.27 0
2448.91 0
2449.55 0
2450.19 0
2450.83 0
2451.47 0
2452.11 0
2452.75 0
2453.39 0
2454.03 0
2454.67 0
2455.3 0
2455.94 0
2456.58 0
2457.22 0
2457.86 0
2458.5 0
2459.14 0
2459.78 0
2460.42 0
2461.06 0
2461.7 0
2462.34 0
2462.98 0
2463.62 0
2464.26 0
2464.9 0
2465.54 0
2466.18 0
2466.82 0
2467.46 0
2468.1 0
2468.74 0
2469.38 0
2470.02 0
2470.66 0
2471.3 0
2471.94 0
2472.58 0
2473.22 0
2473.86 0
2474.5 0
2475.14 0
2475.78 0
2476.42 0
2477.06 0
2477.7 0
2478.34 0
2478.98 0
2479.62 0
2480.26 0
2480.9 0
2481.54 0
2482.18 0
2482.82 0
2483.46 0
2484.1 0
2484.74 0
2485.38 0
2486.02 0
2486.66 0
2487.3 0
2487.94 0
2488.58 0
2489.22 0
2489.86 0
2490.5 0
2491.14 0
2491.78 0
2492.42 0
2493.06 0
2493.7 0
2494.34 0
2494.98 0
2495.62 0
2496.26 0
2496.9 0
2497.54 0
2498.18 0
2498.82 0
2499.46 0
2500.1 0
2500.74 0
2501.38 0
2502.02 0
2502.66 0
2503.3 0
2503.94 0
2504.58 0
2505.22 0
2505.86 0
2506.5 0
2507.14 0
2507.78 0
2508.42 0
2509.06 0
2509.7 0
2510.34 0
2510.98 0
2511.62 0
2512.26 0
2512.9 0
2513.54 0
2514.18 0
2514.82 0
2515.46 0
2516.1 0
2516.74 0
2517.38 0
2518.02 0
2518.66 0
2519.3 0
2519.94 0
2520.57 0
2521.21 0
2521.85 0
2522.49 0
2523.13 0
2523.77 0
2524.41 0
2525.05 0
2525.69 0
2526.33 0
2526.97 0
2527.61 0
2528.25 0
2528.89 0
2529.53 0
2530.17 0
2530.81 0
2531.45 0
2532.09 0
2532.73 0
2533.37 0
2534.01 0
2534.65 0
2535.29 0
2535.93 0
2536.57 0
2537.21 0
2537.85 0
2538.49 0
2539.13 0
2539.77 0
2540.41 0
2541.05 0
2541.69 0
2542.33 0
2542.97 0
2543.61 0
2544.25 0
2544.89 0
2545.53 0
2546.17 0
2546.81 0
2547.45 0
2548.09 0
2548.73 0
2549.37 0
2550.01 0
2550.65 0
2551.29 0
2551.93 0
2552.57 0
2553.21 0
2553.85 0
2554.49 0
2555.13 0
2555.77 0
2556.41 0
2557.05 0
2557.69 0
2558.33 0
2558.97 0
2559.61 0
2560.25 0
2560.89 0
2561.53 0
2562.17 0
2562.81 0
2563.45 0
2564.09 0
2564.73 0
2565.37 0
2566.01 0
2566.65 0
2567.29 0
2567.93 0
2568.57 0
2569.21 0
2569.85 0
2570.49 0
2571.13 0
2571.77 0
2572.41 0
2573.05 0
2573.69 0
2574.33 0
2574.97 0
2575.61 0
2576.25 0
2576.89 0
2577.53 0
2578.17 0
2578.81 0
2579.45 0
2580.09 0
2580.73 0
2581.37 0
2582.01 0
2582.65 0
2583.29 0
2583.93 0
2584.57 0
2585.2 0
2585.84 0
2586.48 0
2587.12 0
2587.76 0
2588.4 0
2589.04 0
2589.68 0
2590.32 0
2590.96 0
2591.6 0
2592.24 0
2592.88 0
2593.52 0
2594.16 0
2594.8 0
2595.44 0
2596.08 0
2596.72 0
2597.36 0
2598 0
2598.64 0
2599.28 0
2599.92 0
2600.56 0
2601.2 0
2601.84 0
2602.48 0
2603.12 0
2603.76 0
2604.4 0
2605.04 0
2605.68 0
2606.32 0
2606.96 0
2607.6 0
2608.24 0
2608.88 0
2609.52 0.157872
2610.16 0.16455
2610.8 0.189933
2611.44 0.265521
2612.08 0.439985
2612.72 0.746174
2613.36 1.13849
2614 1.46614
2614.64 1.55548
2615.28 1.35361
2615.92 0.977137
2616.56 0.607177
2617.2 0.354733
2617.84 0.226256
2618.48 0.176028
2619.12 0.160715
2619.76 0
2620.4 0
2621.04 0
2621.68 0
2622.32 0
2622.96 0
2623.6 0
2624.24 0
2624.88 0
2625.52 0
2626.16 0
2626.8 0
2627.44 0
2628.08 0
2628.72 0
2629.36 0
2630 0
2630.64 0
2631.28 0
2631.92 0
2632.56 0
2633.2 0
2633.84 0
2634.48 0
2635.12 0
2635.76 0
2636.4 0
2637.04 0
2637.68 0
2638.32 0
2638.96 0
2639.6 0
2640.24 0
2640.88 0
2641.52 0
2642.16 0
2642.8 0
2643.44 0
2644.08 0
2644.72 0
2645.36 0
2646 0
2646.64 0
2647.28 0
2647.92 0
2648.56 0
2649.2 0
2649.83 0
2650.47 0
2651.11 0
2651.75 0
2652.39 0
2653.03 0
2653.67 0
2654.31 0
2654.95 0
2655.59 0
2656.23 0
2656.87 0
2657.51 0
2658.15 0
2658.79 0
2659.43 0
2660.07 0
2660.71 0
2661.35 0
2661.99 0
2662.63 0
2663.27 0
2663.91 0
2664.55 0
2665.19 0
2665.83 0
2666.47 0
2667.11 0
2667.75 0
2668.39 0
2669.03 0
2669.67 0
2670.31 0
2670.95 0
2671.59 0
2672.23 0
2672.87 0
2673.51 0
2674.15 0
2674.79 0
2675.43 0
2676.07 0
2676.71 0
2677.35 0
2677.99 0
2678.63 0
2679.27 0
2679.91 0
2680.55 0
2681.19 0
2681.83 0
2682.47 0
2683.11 0
2683.75 0
2684.39 0
2685.03 0
2685.67 0
2686.31 0
2686.95 0
2687.59 0
2688.23 0
2688.87 0
2689.51 0
2690.15 0
2690.79 0
2691.43 0
2692.07 0
2692.71 0
2693.35 0
2693.99 0
2694.63 0
2695.27 0
2695.91 0
2696.55 0
2697.19 0
2697.83 0
2698.47 0
2699.11 0
2699.75 0
2700.39 0
2701.03 0
2701.67 0
2702.31 0
2702.95 0
2703.59 0
2704.23 0
2704.87 0
2705.51 0
2706.15 0
2706.79 0
2707.43 0
2708.07 0
2708.71 0
2709.35 0
2709.99 0
2710.63 0
2711.27 0
2711.91 0
2712.55 0
2713.19 0
2713.83 0
2714.47 0
2715.1 0
2715.74 0
2716.38 0
2717.02 0
2717.66 0
2718.3 0
2718.94 0
2719.58 0
2720.22 0
2720.86 0
2721.5 0
2722.14 0
2722.78 0
2723.42 0
2724.06 0
2724.7 0
2725.34 0
2725.98 0
2726.62 0
2727.26 0
2727.9 0
2728.54 0
2729.18 0
2729.82 0
2730.46 0
2731.1 0
2731.74 0
2732.38 0
2733.02 0
2733.66 0
2734.3 0
2734.94 0
2735.58 0
2736.22 0
2736.86 0
2737.5 0
2738.14 0
2738.78 0
2739.42 0
2740.06 0
2740.7 0
2741.34 0
2741.98 0
2742.62 0
2743.26 0
2743.9 0
2744.54 0
2745.18 0
2745.82 0
2746.46 0
2747.1 0
2747.74 0
2748.38 0
2749.02 0
2749.66 0
2750.3 0
2750.94 0
2751.58 0
2752.22 0
2752.86 0
2753.5 0
2754.14 0
2754.78 0
2755.42 0
2756.06 0
2756.7 0
2757.34 0
2757.98 0
2758.62 0
2759.26 0
2759.9 0
2760.54 0
2761.18 0
2761.82 0
2762.46 0
2763.1 0
2763.74 0
2764.38 0
2765.02 0
2765.66 0
2766.3 0
2766.94 0
2767.58 0
2768.22 0
2768.86 0
2769.5 0
2770.14 0
2770.78 0
2771.42 0
2772.06 0
2772.7 0
2773.34 0
2773.98 0
2774.62 0
2775.26 0
2775.9 0
2776.54 0
2777.18 0
2777.82 0
2778.46 0
2779.1 0
2779.73 0
2780.37 0
2781.01 0
2781.65 0
2782.29 0
2782.93 0
2783.57 0
2784.21 0
2784.85 0
2785.49 0
2786.13 0
2786.77 0
2787.41 0
2788.05 0
2788.69 0
2789.33 0
2789.97 0
2790.61 0
2791.25 0
2791.89 0
2792.53 0
2793.17 0
2793.81 0
2794.45 0
2795.09 0
2795.73 0
2796.37 0
2797.01 0
2797.65 0
2798.29 0
2798.93 0
2799.57 0
2800.21 0
2800.85 0
2801.49 0
2802.13 0
2802.77 0
2803.41 0
2804.05 0
2804.69 0
2805.33 0
2805.97 0
2806.61 0
2807.25 0
2807.89 0
2808.53 0
2809.17 0
2809.81 0
2810.45 0
2811.09 0
2811.73 0
2812.37 0
2813.01 0
2813.65 0
2814.29 0
2814.93 0
2815.57 0
2816.21 0
2816.85 0
2817.49 0
2818.13 0
2818.77 0
2819.41 0
2820.05 0
2820.69 0
2821.33 0
2821.97 0
2822.61 0
2823.25 0
2823.89 0
2824.53 0
2825.17 0
2825.81 0
2826.45 0
2827.09 0
2827.73 0
2828.37 0
2829.01 0
2829.65 0
2830.29 0
2830.93 0
2831.57 0
2832.21 0
2832.85 0
2833.49 0
2834.13 0
2834.77 0
2835.41 0
2836.05 0
2836.69 0
2837.33 0
2837.97 0
2838.61 0
2839.25 0
2839.89 0
2840.53 0
2841.17 0
2841.81 0
2842.45 0
2843.09 0
2843.73 0
2844.36 0
2845 0
2845.64 0
2846.28 0
2846.92 0
2847.56 0
2848.2 0
2848.84 0
2849.48 0
2850.12 0
2850.76 0
2851.4 0
2852.04 0
2852.68 0
2853.32 0
2853.96 0
2854.6 0
2855.24 0
2855.88 0
2856.52 0
2857.16 0
2857.8 0
2858.44 0
2859.08 0
2859.72 0
2860.36 0
2861 0
2861.64 0
2862.28 0
2862.92 0
2863.56 0
2864.2 0
2864.84 0
2865.48 0
2866.12 0
2866.76 0
2867.4 0
2868.04 0
2868.68 0
2869.32 0
2869.96 0
2870.6 0
2871.24 0
2871.88 0
2872.52 0
2873.16 0
2873.8 0
2874.44 0
2875.08 0
2875.72 0
2876.36 0
2877 0
2877.64 0
2878.28 0
2878.92 0
2879.56 0
2880.2 0
2880.84 0
2881.48 0
2882.12 0
2882.76 0
2883.4 0
2884.04 0
2884.68 0
2885.32 0
2885.96 0
2886.6 0
2887.24 0
2887.88 0
2888.52 0
2889.16 0
2889.8 0
2890.44 0
2891.08 0
2891.72 0
2892.36 0
2893 0
2893.64 0
2894.28 0
2894.92 0
2895.56 0
2896.2 0
2896.84 0
2897.48 0
2898.12 0
2898.76 0
2899.4 0
2900.04 0
2900.68 0
2901.32 0
2901.96 0
2902.6 0
2903.24 0
2903.88 0
2904.52 0
2905.16 0
2905.8 0
2906.44 0
2907.08 0
2907.72 0
2908.36 0
2908.99 0
2909.63 0
2910.27 0
2910.91 0
2911.55 0
2912.19 0
2912.83 0
2913.47 0
2914.11 0
2914.75 0
2915.39 0
2916.03 0
2916.67 0
2917.31 0
2917.95 0
2918.59 0
2919.23 0
2919.87 0
2920.51 0
2921.15 0
2921.79 0
2922.43 0
2923.07 0
2923.71 0
2924.35 0
2924.99 0
2925.63 0
2926.27 0
2926.91 0
2927.55 0
2928.19 0
2928.83 0
2929.47 0
2930.11 0
2930.75 0
2931.39 0
2932.03 0
2932.67 0
2933.31 0
2933.95 0
2934.59 0
2935.23 0
2935.87 0
2936.51 0
2937.15 0
2937.79 0
2938.43 0
2939.07 0
2939.71 0
2940.35 0
2940.99 0
2941.63 0
2942.27 0
2942.91 0
2943.55 0
2944.19 0
2944.83 0
2945.47 0
2946.11 0
2946.75 0
2947.39 0
2948.03 0
2948.67 0
2949.31 0
2949.95 0
2950.59 0
2951.23 0
2951.87 0
2952.51 0
2953.15 0
2953.79 0
2954.43 0
2955.07 0
2955.71 0
2956.35 0
2956.99 0
2957.63 0
2958.27 0
2958.91 0
2959.55 0
2960.19 0
2960.83 0
2961.47 0
2962.11 0
2962.75 0
2963.39 0
2964.03 0
2964.67 0
2965.31 0
2965.95 0
2966.59 0
2967.23 0
2967.87 0
2968.51 0
2969.15 0
2969.79 0
2970.43 0
2971.07 0
2971.71 0
2972.35 0
2972.99 0
2973.63 0
2974.26 0
2974.9 0
2975.54 0
2976.18 0
2976.82 0
2977.46 0
2978.1 0
2978.74 0
2979.38 0
2980.02 0
2980.66 0
2981.3 0
2981.94 0
2982.58 0
2983.22 0
2983.86 0
2984.5 0
2985.14 0
2985.78 0
2986.42 0
2987.06 0
2987.7 0
2988.34 0
2988.98 0
2989.62 0
2990.26 0
2990.9 0
2991.54 0
2992.18 0
2992.82 0
2993.46 0
2994.1 0
2994.74 0
2995.38 0
2996.02 0
2996.66 0
2997.3 0
2997.94 0
2998.58 0
2999.22 0
2999.86 0
3000.5 0
3001.14 0
3001.78 0
3002.42 0
3003.06 0
3003.7 0
3004.34 0
3004.98 0
3005.62 0
3006.26 0
3006.9 0
3007.54 0
3008.18 0
3008.82 0
3009.46 0
3010.1 0
3010.74 0
3011.38 0
3012.02 0
3012.66 0
3013.3 0
3013.94 0
3014.58 0
3015.22 0
3015.86 0
3016.5 0
3017.14 0
3017.78 0
3018.42 0
3019.06 0
3019.7 0
3020.34 0
3020.98 0
3021.62 0
3022.26 0
3022.9 0
3023.54 0
3024.18 0
3024.82 0
3025.46 0
3026.1 0
3026.74 0
3027.38 0
3028.02 0
3028.66 0
3029.3 0
3029.94 0
3030.58 0
3031.22 0
3031.86 0
3032.5 0
3033.14 0
3033.78 0
3034.42 0
3035.06 0
3035.7 0
3036.34 0
3036.98 0
3037.62 0
3038.26 0
3038.89 0
3039.53 0
3040.17 0
3040.81 0
3041.45 0
3042.09 0
3042.73 0
3043.37 0
3044.01 0
3044.65 0
3045.29 0
3045.93 0
3046.57 0
3047.21 0
3047.85 0
3048.49 0
3049.13 0
3049.77 0
3050.41 0
3051.05 0
3051.69 0
3052.33 0
3052.97 0
3053.61 0
3054.25 0
3054.89 0
3055.53 0
3056.17 0
3056.81 0
3057.45 0
3058.09 0
3058.73 0
3059.37 0
3060.01 0
3060.65 0
3061.29 0
3061.93 0
3062.57 0
3063.21 0
3063.85 0
3064.49 0
3065.13 0
3065.77 0
3066.41 0
3067.05 0
3067.69 0
3068.33 0
3068.97 0
3069.61 0
3070.25 0
3070.89 0
3071.53 0
3072.17 0
3072.81 0
3073.45 0
3074.09 0
3074.73 0
3075.37 0
3076.01 0
3076.65 0
3077.29 0
3077.93 0
3078.57 0
3079.21 0
3079.85 0
3080.49 0
3081.13 0
3081.77 0
3082.41 0
3083.05 0
3083.69 0
3084.33 0
3084.97 0
3085.61 0
3086.25 0
3086.89 0
3087.53 0
3088.17 0
3088.81 0
3089.45 0
3090.09 0
3090.73 0
3091.37 0
3092.01 0
3092.65 0
3093.29 0
3093.93 0
3094.57 0
3095.21 0
3095.85 0
3096.49 0
3097.13 0
3097.77 0
3098.41 0
3099.05 0
3099.69 0
3100.33 0
3100.97 0
3101.61 0
3102.25 0
3102.89 0
3103.52 0
3104.16 0
3104.8 0
3105.44 0
3106.08 0
3106.72 0
3107.36 0
3108 0
3108.64 0
3109.28 0
3109.92 0
3110.56 0
3111.2 0
3111.84 0
3112.48 0
3113.12 0
3113.76 0
3114.4 0
3115.04 0
3115.68 0
3116.32 0
3116.96 0
3117.6 0
3118.24 0
3118.88 0
3119.52 0
3120.16 0
3120.8 0
3121.44 0
3122.08 0
3122.72 0
3123.36 0
3124 0
3124.64 0
3125.28 0
3125.92 0
3126.56 0
3127.2 0
3127.84 0
3128.48 0
3129.12 0
3129.76 0
3130.4 0
3131.04 0
3131.68 0
3132.32 0
3132.96 0
3133.6 0
3134.24 0
3134.88 0
3135.52 0
3136.16 0
3136.8 0
3137.44 0
3138.08 0
3138.72 0
3139.36 0
3140 0
3140.64 0
3141.28 0
3141.92 0
3142.56 0
3143.2 0
3143.84 0
3144.48 0
3145.12 0
3145.76 0
3146.4 0
3147.04 0
3147.68 0
3148.32 0
3148.96 0
3149.6 0
3150.24 0
3150.88 0
3151.52 0
3152.16 0
3152.8 0
3153.44 0
3154.08 0
3154.72 0
3155.36 0
3156 0
3156.64 0
3157.28 0
3157.92 0
3158.56 0
3159.2 0
3159.84 0
3160.48 0
3161.12 0
3161.76 0
3162.4 0
3163.04 0
3163.68 0
3164.32 0
3164.96 0
3165.6 0
3166.24 0
3166.88 0
3167.52 0
3168.16 0
3168.79 0
3169.43 0
3170.07 0
3170.71 0
3171.35 0
3171.99 0
3172.63 0
3173.27 0
3173.91 0
3174.55 0
3175.19 0
3175.83 0
3176.47 0
3177.11 0
3177.75 0
3178.39 0
3179.03 0
3179.67 0
3180.31 0
3180.95 0
3181.59 0
3182.23 0
3182.87 0
3183.51 0
3184.15 0
3184.79 0
3185.43 0
3186.07 0
3186.71 0
3187.35 0
3187.99 0
3188.63 0
3189.27 0
3189.91 0
3190.55 0
3191.19 0
3191.83 0
3192.47 0
3193.11 0
3193.75 0
3194.39 0
3195.03 0
3195.67 0
3196.31 0
3196.95 0
3197.59 0
3198.23 0
3198.87 0
3199.51 0
