29.8997 0
30.5332 0
31.1666 0
31.8001 0
32.4336 0
33.0671 0
33.7006 0
34.334 0
34.9675 0
35.601 0
36.2345 0
36.868 0
37.5014 0
38.1349 0
38.7684 0
39.4019 0
40.0354 0
40.6689 0
41.3023 0
41.9358 2319.82
42.5693 2310.42
43.2028 2316.8
43.8363 2424.3
44.4698 2928.11
45.1033 4308.62
45.7367 6489.11
46.3702 8051.22
47.0037 7506.19
47.6372 5393.37
48.2707 3474.21
48.9042 2532.53
49.5377 2246.96
50.1712 2195.23
50.8047 2239.86
51.4381 2446.52
52.0716 2904.25
52.7051 3444.53
53.3386 3621.28
53.9721 3247.38
54.6056 2670.99
55.2391 2278.61
55.8726 2118.69
56.5061 2071.42
57.1396 2054.71
57.7731 2043.06
58.4066 0
59.0401 0
59.6736 0
60.3071 0
60.9406 0
61.5741 0
62.2076 0
62.841 0
63.4745 0
64.108 0
64.7415 0
65.375 0
66.0085 0
66.642 0
67.2755 0
67.909 0
68.5425 0
69.1761 0
69.8096 0
70.4431 0
71.0766 0
71.7101 0
72.3436 0
72.9771 0
73.6106 0
74.2441 0
74.8776 0
75.5111 0
76.1446 0
76.7781 0
77.4116 0
78.0451 0
78.6786 0
79.3121 0
79.9456 0
80.5792 0
81.2127 0
81.8462 0
82.4797 0
83.1132 0
83.7467 0
84.3802 0
85.0137 0
85.6472 0
86.2808 0
86.9143 0
87.5478 0
88.1813 0
88.8148 0
89.4483 0
90.0818 0
90.7154 0
91.3489 0
91.9824 0
92.6159 0
93.2494 0
93.8829 0
94.5165 0
95.15 0
95.7835 0
96.417 0
97.0505 0
97.6841 0
98.3176 0
98.9511 0
99.5846 0
100.218 0
100.852 0
101.485 0
102.119 0
102.752 0
103.386 0
104.019 0
104.653 0
105.286 0
105.92 0
106.553 0
107.187 0
107.82 0
108.454 0
109.087 0
109.721 0
110.355 0
110.988 0
111.622 0
112.255 0
112.889 0
113.522 0
114.156 0
114.789 0
115.423 0
116.056 0
116.69 0
117.323 0
117.957 0
118.59 0
119.224 0
119.858 0
120.491 0
121.125 0
121.758 0
122.392 0
123.025 0
123.659 0
124.292 0
124.926 0
125.559 0
126.193 0
126.826 0
127.46 0
128.093 0
128.727 0
129.361 0
129.994 0
130.628 0
131.261 0
131.895 0
132.528 0
133.162 0
133.795 0
134.429 0
135.062 0
135.696 0
136.33 0
136.963 0
137.597 0
138.23 0
138.864 0
139.497 0
140.131 0
140.764 0
141.398 0
142.031 0
142.665 0
143.299 0
143.932 0
144.566 0
145.199 0
145.833 0
146.466 0
147.1 0
147.733 0
148.367 0
149 0
149.634 0
150.268 0
150.901 0
151.535 0
152.168 0
152.802 0
153.435 0
154.069 0
154.702 0
155.336 0
155.97 0
156.603 0
157.237 0
157.87 0
158.504 0
159.137 0
159.771 0
160.404 0
161.038 0
161.672 0
162.305 0
162.939 0
163.572 0
164.206 0
164.839 0
165.473 0
166.106 0
166.74 0
167.374 0
168.007 0
168.641 0
169.274 0
169.908 0
170.541 0
171.175 0
171.809 0
172.442 0
173.076 0
173.709 0
174.343 0
174.976 0
175.61 0
176.244 0
176.877 0
177.511 0
178.144 0
178.778 0
179.411 0
180.045 0
180.679 0
181.312 5027.32
181.946 5004.05
182.579 4987.83
183.213 5018.63
183.846 5250.43
184.48 6003.4
185.114 7451.84
185.747 8967.97
186.381 9323.51
187.014 8160.74
187.648 6495.56
188.281 5358.87
188.915 4881.18
189.549 4738.25
190.182 4693.64
190.816 4667.23
191.449 0
192.083 0
192.716 0
193.35 0
193.984 0
194.617 0
195.251 0
195.884 0
196.518 0
197.151 0
197.785 0
198.419 0
199.052 0
199.686 0
200.319 0
200.953 0
201.587 0
202.22 0
202.854 0
203.487 0
204.121 0
204.754 0
205.388 0
206.022 0
206.655 0
207.289 0
207.922 0
208.556 0
209.19 0
209.823 0
210.457 0
211.09 0
211.724 0
212.357 0
212.991 0
213.625 0
214.258 0
214.892 0
215.525 0
216.159 0
216.793 0
217.426 0
218.06 0
218.693 0
219.327 0
219.961 0
220.594 0
221.228 0
221.861 0
222.495 0
223.129 0
223.762 0
224.396 0
225.029 0
225.663 0
226.297 0
226.93 0
227.564 0
228.197 0
228.831 0
229.465 0
230.098 0
230.732 0
231.365 0
231.999 0
232.633 0
233.266 0
233.9 0
234.533 0
235.167 0
235.801 0
236.434 0
237.068 2934.09
237.701 2912.08
238.335 2903.18
238.969 2977.92
239.602 3398.38
240.236 4696.61
240.869 7161.48
241.503 9776.27
242.137 10506.7
242.77 8660.6
243.404 5838.9
244.037 3823.39
244.671 2942.36
245.305 2679.5
245.938 2611.42
246.572 2582.32
247.205 0
247.839 0
248.473 0
249.106 0
249.74 0
250.373 0
251.007 0
251.641 0
252.274 0
252.908 0
253.542 0
254.175 2348.43
254.809 2329.61
255.442 2312.59
256.076 2305.17
256.71 2330.49
257.343 2421.93
257.977 2572.35
258.61 2684.55
259.244 2647.5
259.878 2477.87
260.511 2296.91
261.145 2183.32
261.778 2129.57
262.412 2102.11
263.046 2081.68
263.679 2062.46
264.313 0
264.947 0
265.58 0
266.214 0
266.847 0
267.481 0
268.115 0
268.748 0
269.382 0
270.016 1944.22
270.649 1935.58
271.283 1928.13
271.916 1927.3
272.55 1950.45
273.184 2026.03
273.817 2156.79
274.451 2271.21
275.085 2268.08
275.718 2139.39
276.352 1980.99
276.985 1874.69
277.619 1829.04
278.253 1816.64
278.886 1813.72
279.52 1809.69
280.154 1802.9
280.787 1794.65
281.421 1785.95
282.054 1777.17
282.688 0
283.322 0
283.955 0
284.589 0
285.223 0
285.856 0
286.49 0
287.123 0
287.757 0
288.391 0
289.024 0
289.658 0
290.292 1643.62
290.925 1638.44
291.559 1667.08
292.192 1899.78
292.826 2938.01
293.46 5945.04
294.093 11483.1
294.727 17281.3
295.361 18950.4
295.994 14984.1
296.628 8787.71
297.262 4265.78
297.895 2248.72
298.529 1654.85
299.162 1530.93
299.796 1506.32
300.43 0
301.063 0
301.697 0
302.331 0
302.964 0
303.598 0
304.232 0
304.865 0
305.499 0
306.132 0
306.766 0
307.4 0
308.033 0
308.667 0
309.301 0
309.934 0
310.568 0
311.202 0
311.835 0
312.469 0
313.103 0
313.736 0
314.37 0
315.003 0
315.637 0
316.271 0
316.904 0
317.538 0
318.172 0
318.805 0
319.439 0
320.073 0
320.706 0
321.34 0
321.974 0
322.607 0
323.241 0
323.875 0
324.508 0
325.142 0
325.775 0
326.409 0
327.043 0
327.676 0
328.31 0
328.944 0
329.577 0
330.211 0
330.845 0
331.478 0
332.112 0
332.746 0
333.379 0
334.013 0
334.647 0
335.28 0
335.914 0
336.548 0
337.181 0
337.815 0
338.449 0
339.082 0
339.716 0
340.35 0
340.983 0
341.617 0
342.25 0
342.884 0
343.518 0
344.151 0
344.785 0
345.419 0
346.052 0
346.686 0
347.32 959.898
347.953 976.556
348.587 1163.3
349.221 2139.03
349.854 5476.76
350.488 12978
351.122 23398.7
351.755 30435.7
352.389 28221.1
353.023 18703.8
353.656 9059.94
354.29 3505.36
354.924 1441.23
355.557 919.374
356.191 821.539
356.825 800.703
357.458 0
358.092 0
358.726 0
359.359 0
359.993 0
360.627 0
361.26 0
361.894 0
362.528 0
363.161 0
363.795 0
364.429 0
365.062 0
365.696 0
366.33 0
366.963 0
367.597 0
368.231 0
368.864 0
369.498 0
370.132 0
370.765 0
371.399 0
372.033 0
372.667 0
373.3 0
373.934 0
374.568 0
375.201 0
375.835 0
376.469 0
377.102 0
377.736 0
378.37 0
379.003 0
379.637 0
380.271 0
380.904 0
381.538 0
382.172 714.684
382.805 714.153
383.439 715.025
384.073 722.197
384.706 747.783
385.34 805.791
385.974 890.394
386.607 967.354
387.241 1013.59
387.875 1044.67
388.508 1063.54
389.142 1030.79
389.776 933.416
390.41 821.772
391.043 747.042
391.677 714.479
392.311 704.518
392.944 701.924
393.578 700.906
394.212 0
394.845 0
395.479 0
396.113 0
396.746 0
397.38 0
398.014 0
398.647 0
399.281 0
399.915 0
400.548 0
401.182 0
401.816 0
402.45 0
403.083 0
403.717 0
404.351 0
404.984 0
405.618 0
406.252 0
406.885 0
407.519 0
408.153 0
408.786 0
409.42 0
410.054 0
410.688 0
411.321 0
411.955 0
412.589 0
413.222 0
413.856 0
414.49 0
415.123 0
415.757 0
416.391 0
417.024 0
417.658 0
418.292 0
418.926 0
419.559 0
420.193 0
420.827 0
421.46 0
422.094 0
422.728 0
423.361 0
423.995 0
424.629 0
425.263 0
425.896 0
426.53 0
427.164 0
427.797 0
428.431 0
429.065 0
429.698 0
430.332 0
430.966 0
431.6 0
432.233 0
432.867 0
433.501 0
434.134 0
434.768 0
435.402 0
436.035 0
436.669 0
437.303 0
437.937 0
438.57 0
439.204 0
439.838 0
440.471 0
441.105 0
441.739 0
442.373 0
443.006 0
443.64 0
444.274 0
444.907 0
445.541 0
446.175 0
446.809 0
447.442 0
448.076 0
448.71 0
449.343 0
449.977 428.736
450.611 427.306
451.245 426.693
451.878 430.005
452.512 445.84
453.146 486.448
453.779 551.037
454.413 607.389
455.047 611.882
455.68 559.419
456.314 489.913
456.948 440.795
457.582 418.034
458.215 410.393
458.849 409.472
459.483 415.904
460.117 437.567
460.75 479.826
461.384 528.501
462.018 550.182
462.651 525.671
463.285 473.985
463.919 428.519
464.553 403.565
465.186 393.713
465.82 390.13
466.454 388.224
467.087 0
467.721 0
468.355 0
468.989 0
469.622 0
470.256 0
470.89 0
471.523 0
472.157 0
472.791 0
473.425 0
474.058 0
474.692 0
475.326 0
475.96 363.162
476.593 360.748
477.227 360.523
477.861 368.605
478.494 397.107
479.128 454.277
479.762 522.029
480.396 554.59
481.029 523.063
481.663 451.154
482.297 385.529
482.93 348.353
483.564 334.361
484.198 335.928
484.832 359.563
485.465 422.355
486.099 523.643
486.733 614.541
487.367 625.99
488 546.076
488.634 435.03
489.268 353.717
489.901 314.553
490.535 300.299
491.169 294.95
491.803 291.708
492.436 0
493.07 0
493.704 0
494.338 0
494.971 0
495.605 0
496.239 0
496.873 0
497.506 0
498.14 0
498.774 0
499.407 0
500.041 0
500.675 0
501.309 0
501.942 0
502.576 0
503.21 0
503.844 0
504.477 0
505.111 0
505.745 0
506.379 0
507.012 0
507.646 0
508.28 0
508.914 0
509.547 0
510.181 0
510.815 0
511.448 0
512.082 0
512.716 0
513.35 0
513.983 0
514.617 0
515.251 0
515.885 0
516.518 0
517.152 0
517.786 0
518.42 0
519.053 0
519.687 0
520.321 0
520.955 0
521.588 0
522.222 0
522.856 0
523.49 0
524.123 0
524.757 0
525.391 0
526.025 0
526.658 0
527.292 0
527.926 0
528.56 0
529.193 0
529.827 0
530.461 0
531.095 0
531.728 0
532.362 0
532.996 0
533.63 0
534.263 0
534.897 0
535.531 0
536.165 0
536.798 0
537.432 0
538.066 0
538.7 0
539.333 0
539.967 0
540.601 0
541.235 0
541.868 0
542.502 0
543.136 0
543.77 0
544.403 0
545.037 0
545.671 0
546.305 0
546.938 0
547.572 0
548.206 0
548.84 0
549.473 0
550.107 0
550.741 0
551.375 0
552.008 0
552.642 0
553.276 0
553.91 0
554.543 0
555.177 0
555.811 0
556.445 0
557.078 0
557.712 0
558.346 0
558.98 0
559.613 0
560.247 0
560.881 0
561.515 0
562.149 0
562.782 0
563.416 0
564.05 0
564.684 0
565.317 0
565.951 0
566.585 0
567.219 0
567.852 0
568.486 0
569.12 0
569.754 0
570.387 0
571.021 0
571.655 0
572.289 0
572.922 0
573.556 0
574.19 0
574.824 0
575.458 228.509
576.091 227.5
576.725 227.982
577.359 234.425
577.993 256.797
578.626 305.182
579.26 371.39
579.894 418.688
580.528 410.698
581.161 353.27
581.795 287.377
582.429 243.957
583.063 224.449
583.697 216.971
584.33 213.098
584.964 210.252
585.598 208.106
586.232 206.467
586.865 205.071
587.499 203.75
588.133 202.446
588.767 0
589.4 0
590.034 0
590.668 0
591.302 0
591.936 0
592.569 0
593.203 0
593.837 0
594.471 0
595.104 0
595.738 0
596.372 0
597.006 0
597.64 0
598.273 0
598.907 0
599.541 0
600.175 0
600.808 0
601.442 0
602.076 0
602.71 0
603.344 0
603.977 0
604.611 211.964
605.245 247.542
605.879 470.646
606.512 1438.89
607.146 4396.53
607.78 10626.4
608.414 19184.2
609.048 25534.2
609.681 24984.1
610.315 17977.2
610.949 9549.1
611.583 3801.42
612.216 1209.94
612.85 397.256
613.484 215.068
614.118 184.441
614.752 0
615.385 0
616.019 0
616.653 0
617.287 0
617.92 0
618.554 0
619.188 0
619.822 0
620.456 0
621.089 0
621.723 0
622.357 0
622.991 0
623.625 0
624.258 0
624.892 0
625.526 0
626.16 0
626.793 0
627.427 0
628.061 0
628.695 0
629.329 0
629.962 0
630.596 0
631.23 0
631.864 0
632.498 0
633.131 0
633.765 0
634.399 0
635.033 0
635.667 0
636.3 0
636.934 0
637.568 0
638.202 0
638.835 0
639.469 0
640.103 0
640.737 0
641.371 0
642.004 0
642.638 0
643.272 0
643.906 0
644.54 0
645.173 0
645.807 0
646.441 0
647.075 0
647.709 0
648.342 0
648.976 0
649.61 0
650.244 0
650.878 0
651.511 0
652.145 0
652.779 0
653.413 0
654.047 0
654.68 0
655.314 0
655.948 0
656.582 0
657.216 166.126
657.849 165.666
658.483 165.536
659.117 166.481
659.751 169.733
660.385 175.836
661.018 182.91
661.652 188.592
662.286 199.679
662.92 244.934
663.554 371.589
664.187 597.981
664.821 844.052
665.455 951.829
666.089 837.172
666.723 587.278
667.356 358.147
667.99 226.273
668.624 174.097
669.258 159.181
669.892 155.759
670.525 0
671.159 0
671.793 0
672.427 0
673.061 0
673.694 0
674.328 0
674.962 0
675.596 0
676.23 0
676.863 0
677.497 0
678.131 0
678.765 0
679.399 0
680.032 0
680.666 0
681.3 0
681.934 0
682.568 0
683.201 0
683.835 0
684.469 0
685.103 0
685.737 0
686.371 0
687.004 0
687.638 0
688.272 0
688.906 0
689.54 0
690.173 0
690.807 0
691.441 0
692.075 0
692.709 0
693.342 0
693.976 0
694.61 0
695.244 0
695.878 0
696.511 0
697.145 0
697.779 0
698.413 175.99
699.047 176.467
699.681 178.95
700.314 188.828
700.948 217.183
701.582 274.093
702.216 349.387
702.85 403.455
703.483 397.502
704.117 336.196
704.751 262.13
705.385 210.543
706.019 186.496
706.653 178.63
707.286 176.801
707.92 176.518
708.554 0
709.188 0
709.822 0
710.455 0
711.089 0
711.723 0
712.357 0
712.991 0
713.625 0
714.258 0
714.892 153.722
715.526 155.779
716.16 158.709
716.794 165.366
717.427 183.039
718.061 221.972
718.695 283.151
719.329 343.262
719.963 364.594
720.597 332.394
721.23 271.953
721.864 219.934
722.498 191.867
723.132 182.219
723.766 180.933
724.399 182.19
725.033 0
725.667 0
726.301 0
726.935 0
727.569 0
728.202 0
728.836 0
729.47 0
730.104 0
730.738 0
731.372 0
732.005 0
732.639 0
733.273 0
733.907 0
734.541 0
735.174 0
735.808 0
736.442 0
737.076 0
737.71 0
738.344 0
738.977 0
739.611 0
740.245 0
740.879 0
741.513 0
742.147 0
742.78 0
743.414 0
744.048 0
744.682 0
745.316 0
745.95 0
746.583 0
747.217 0
747.851 0
748.485 0
749.119 0
749.753 0
750.386 0
751.02 0
751.654 0
752.288 0
752.922 0
753.556 0
754.189 0
754.823 0
755.457 0
756.091 0
756.725 0
757.359 0
757.992 0
758.626 151.522
759.26 151.765
759.894 151.962
760.528 152.012
761.162 151.749
761.795 151.1
762.429 150.349
763.063 150.167
763.697 151.589
764.331 158.561
764.965 189.683
765.598 303.965
766.232 614.389
766.866 1209.09
767.5 1962.37
768.134 2472.63
768.768 2378.46
769.401 1751.46
770.035 1013.37
770.669 501.183
771.303 260.488
771.937 180.323
772.571 161.112
773.204 157.91
773.838 0
774.472 0
775.106 0
775.74 0
776.374 0
777.007 0
777.641 0
778.275 0
778.909 0
779.543 0
780.177 0
780.811 0
781.444 159.237
782.078 161.967
782.712 174.291
783.346 216.515
783.98 321.056
784.614 501.09
785.247 699.613
785.881 798.334
786.515 724.702
787.149 533.582
787.783 344.901
788.417 228.703
789.05 179.576
789.684 164.871
790.318 161.793
790.952 161.447
791.586 0
792.22 0
792.854 0
793.487 0
794.121 0
794.755 0
795.389 0
796.023 0
796.657 0
797.29 0
797.924 0
798.558 0
799.192 0
799.826 0
800.46 0
801.094 0
801.727 155.009
802.361 158.919
802.995 176.304
803.629 233.994
804.263 372.11
804.897 602.138
805.53 846.438
806.164 958.301
806.798 856.421
807.432 615.529
808.066 382.592
808.7 239.971
809.334 179.398
809.967 160.966
810.601 156.944
811.235 0
811.869 0
812.503 0
813.137 0
813.771 0
814.404 0
815.038 0
815.672 0
816.306 0
816.94 0
817.574 0
818.207 0
818.841 0
819.475 0
820.109 0
820.743 0
821.377 0
822.011 0
822.644 0
823.278 0
823.912 0
824.546 0
825.18 0
825.814 0
826.448 0
827.081 0
827.715 0
828.349 0
828.983 0
829.617 0
830.251 0
830.885 0
831.518 0
832.152 0
832.786 0
833.42 0
834.054 0
834.688 162.214
835.322 164.417
835.955 171.974
836.589 194.595
837.223 245.308
837.857 324.981
838.491 404
839.125 434.072
839.759 393.807
840.392 312.5
841.026 237.923
841.66 193.94
842.294 176.013
842.928 171.037
843.562 170.397
844.196 0
844.829 0
845.463 0
846.097 0
846.731 0
847.365 0
847.999 0
848.633 0
849.266 0
849.9 0
850.534 0
851.168 0
851.802 0
852.436 0
853.07 0
853.704 0
854.337 0
854.971 0
855.605 168.967
856.239 169.398
856.873 169.866
857.507 170.473
858.141 171.45
858.774 173.079
859.408 175.318
860.042 177.431
860.676 178.355
861.31 177.729
861.944 176.291
862.578 175.083
863.211 174.569
863.845 174.612
864.479 174.924
865.113 175.323
865.747 0
866.381 0
867.015 0
867.649 0
868.282 0
868.916 0
869.55 0
870.184 0
870.818 0
871.452 0
872.086 0
872.719 0
873.353 0
873.987 0
874.621 0
875.255 0
875.889 0
876.523 0
877.157 0
877.79 0
878.424 0
879.058 0
879.692 0
880.326 0
880.96 0
881.594 0
882.228 0
882.861 0
883.495 0
884.129 0
884.763 0
885.397 0
886.031 0
886.665 0
887.299 0
887.932 0
888.566 0
889.2 0
889.834 0
890.468 0
891.102 0
891.736 0
892.37 0
893.003 0
893.637 0
894.271 0
894.905 0
895.539 0
896.173 0
896.807 0
897.44 0
898.074 0
898.708 0
899.342 0
899.976 0
900.61 0
901.244 0
901.878 0
902.512 0
903.145 0
903.779 0
904.413 0
905.047 0
905.681 0
906.315 0
906.949 0
907.583 0
908.216 0
908.85 0
909.484 0
910.118 0
910.752 0
911.386 0
912.02 0
912.654 0
913.287 0
913.921 0
914.555 0
915.189 0
915.823 0
916.457 0
917.091 0
917.725 0
918.358 0
918.992 0
919.626 0
920.26 0
920.894 0
921.528 0
922.162 0
922.796 0
923.43 0
924.063 0
924.697 0
925.331 0
925.965 0
926.599 0
927.233 0
927.867 0
928.501 0
929.134 169.068
929.768 170.7
930.402 181.799
931.036 226.817
931.67 357.444
932.304 630.053
932.938 1024.34
933.572 1375.82
934.206 1465.16
934.839 1228.72
935.473 827.672
936.107 478.525
936.741 276.285
937.375 192.604
938.009 166.91
938.643 160.667
939.277 0
939.911 0
940.544 0
941.178 0
941.812 0
942.446 0
943.08 0
943.714 0
944.348 0
944.982 0
945.615 0
946.249 0
946.883 0
947.517 0
948.151 0
948.785 0
949.419 0
950.053 0
950.687 0
951.32 0
951.954 0
952.588 0
953.222 0
953.856 0
954.49 0
955.124 0
955.758 0
956.392 0
957.025 0
957.659 0
958.293 0
958.927 0
959.561 145.171
960.195 145.979
960.829 149.441
961.463 160.431
962.097 185.948
962.73 228.008
963.364 273.579
963.998 297.224
964.632 282.763
965.266 240.32
965.9 195.422
966.534 165.376
967.168 151.265
967.802 146.43
968.436 145.196
969.069 144.956
969.703 0
970.337 0
970.971 0
971.605 0
972.239 0
972.873 0
973.507 0
974.141 0
974.774 0
975.408 0
976.042 0
976.676 0
977.31 0
977.944 0
978.578 0
979.212 0
979.846 0
980.48 0
981.113 0
981.747 0
982.381 0
983.015 0
983.649 0
984.283 0
984.917 0
985.551 0
986.185 0
986.818 0
987.452 0
988.086 0
988.72 0
989.354 0
989.988 0
990.622 0
991.256 0
991.89 0
992.524 0
993.157 0
993.791 0
994.425 0
995.059 0
995.693 0
996.327 0
996.961 0
997.595 0
998.229 0
998.863 0
999.496 0
1000.13 0
1000.76 0
1001.4 0
1002.03 0
1002.67 0
1003.3 0
1003.93 0
1004.57 0
1005.2 0
1005.84 0
1006.47 0
1007.1 0
1007.74 0
1008.37 0
1009 0
1009.64 0
1010.27 0
1010.91 0
1011.54 0
1012.17 0
1012.81 0
1013.44 0
1014.08 0
1014.71 0
1015.34 0
1015.98 0
1016.61 0
1017.25 0
1017.88 0
1018.51 0
1019.15 0
1019.78 0
1020.42 0
1021.05 0
1021.68 0
1022.32 0
1022.95 0
1023.58 0
1024.22 0
1024.85 0
1025.49 0
1026.12 0
1026.75 0
1027.39 0
1028.02 0
1028.66 0
1029.29 0
1029.92 0
1030.56 0
1031.19 0
1031.83 0
1032.46 0
1033.09 0
1033.73 0
1034.36 0
1035 0
1035.63 0
1036.26 0
1036.9 0
1037.53 0
1038.16 0
1038.8 0
1039.43 0
1040.07 0
1040.7 0
1041.33 0
1041.97 0
1042.6 0
1043.24 0
1043.87 0
1044.5 0
1045.14 0
1045.77 0
1046.41 0
1047.04 109.798
1047.67 110.623
1048.31 112.382
1048.94 117.257
1049.57 129.532
1050.21 153.43
1050.84 186.658
1051.48 215.744
1052.11 223.507
1052.74 205.056
1053.38 172.926
1054.01 144.333
1054.65 127.422
1055.28 120.449
1055.91 118.613
1056.55 118.613
1057.18 0
1057.82 0
1058.45 0
1059.08 0
1059.72 0
1060.35 0
1060.99 0
1061.62 0
1062.25 0
1062.89 0
1063.52 0
1064.15 0
1064.79 0
1065.42 119.708
1066.06 119.692
1066.69 121.393
1067.32 127.738
1067.96 142.724
1068.59 167.267
1069.23 193.707
1069.86 207.475
1070.49 199.106
1071.13 173.88
1071.76 146.307
1072.4 126.94
1073.03 117.108
1073.66 113.176
1074.3 111.685
1074.93 110.917
1075.57 0
1076.2 0
1076.83 0
1077.47 0
1078.1 0
1078.73 0
1079.37 0
1080 0
1080.64 0
1081.27 0
1081.9 0
1082.54 0
1083.17 0
1083.81 0
1084.44 0
1085.07 0
1085.71 0
1086.34 0
1086.98 0
1087.61 0
1088.24 0
1088.88 0
1089.51 0
1090.15 0
1090.78 0
1091.41 0
1092.05 0
1092.68 0
1093.32 0
1093.95 0
1094.58 0
1095.22 0
1095.85 0
1096.48 0
1097.12 0
1097.75 0
1098.39 0
1099.02 0
1099.65 0
1100.29 0
1100.92 0
1101.56 0
1102.19 0
1102.82 0
1103.46 0
1104.09 0
1104.73 0
1105.36 0
1105.99 0
1106.63 0
1107.26 0
1107.9 0
1108.53 0
1109.16 0
1109.8 0
1110.43 0
1111.06 0
1111.7 0
1112.33 0
1112.97 0
1113.6 0
1114.23 0
1114.87 0
1115.5 112.633
1116.14 131.284
1116.77 215.782
1117.4 498.668
1118.04 1204.5
1118.67 2492.54
1119.31 4128.77
1119.94 5366.96
1120.57 5444.68
1121.21 4309.93
1121.84 2674.31
1122.48 1322
1123.11 549.925
1123.74 227.682
1124.38 126.606
1125.01 102.095
1125.65 0
1126.28 0
1126.91 0
1127.55 0
1128.18 0
1128.81 113.158
1129.45 112.696
1130.08 113.159
1130.72 116.466
1131.35 125.994
1131.98 144.416
1132.62 168.777
1133.25 188.124
1133.89 190.336
1134.52 173.459
1135.15 147.71
1135.79 125.473
1136.42 112.066
1137.06 105.89
1137.69 103.409
1138.32 102.252
1138.96 0
1139.59 0
1140.23 0
1140.86 0
1141.49 0
1142.13 0
1142.76 0
1143.39 0
1144.03 0
1144.66 0
1145.3 0
1145.93 0
1146.56 0
1147.2 0
1147.83 0
1148.47 0
1149.1 0
1149.73 0
1150.37 109.622
1151 111.155
1151.64 119.346
1152.27 147.743
1152.9 219.801
1153.54 353.57
1154.17 527.71
1154.81 666.042
1155.44 685.202
1156.07 572.268
1156.71 397.924
1157.34 247.704
1157.98 158.602
1158.61 119.83
1159.24 106.97
1159.88 103.478
1160.51 0
1161.14 0
1161.78 0
1162.41 0
1163.05 0
1163.68 0
1164.31 0
1164.95 0
1165.58 0
1166.22 0
1166.85 0
1167.48 0
1168.12 0
1168.75 95.2958
1169.39 95.3545
1170.02 96.0345
1170.65 98.2604
1171.29 103.126
1171.92 110.59
1172.56 118.105
1173.19 121.506
1173.82 118.491
1174.46 110.917
1175.09 102.926
1175.73 97.3666
1176.36 94.5315
1176.99 93.3806
1177.63 92.9375
1178.26 0
1178.9 0
1179.53 0
1180.16 0
1180.8 0
1181.43 0
1182.06 0
1182.7 0
1183.33 0
1183.97 0
1184.6 0
1185.23 0
1185.87 0
1186.5 0
1187.14 0
1187.77 0
1188.4 0
1189.04 0
1189.67 0
1190.31 0
1190.94 0
1191.57 0
1192.21 0
1192.84 0
1193.48 0
1194.11 0
1194.74 0
1195.38 0
1196.01 0
1196.65 0
1197.28 0
1197.91 0
1198.55 0
1199.18 0
1199.81 0
1200.45 0
1201.08 0
1201.72 0
1202.35 0
1202.98 84.0814
1203.62 84.6777
1204.25 87.6258
1204.89 97.0287
1205.52 118.929
1206.15 156.084
1206.79 199.622
1207.42 228.599
1208.06 225.096
1208.69 191.301
1209.32 147.279
1209.96 112.396
1210.59 92.8732
1211.23 84.7196
1211.86 82.0527
1212.49 81.2769
1213.13 0
1213.76 0
1214.4 0
1215.03 0
1215.66 0
1216.3 0
1216.93 0
1217.57 0
1218.2 0
1218.83 0
1219.47 0
1220.1 0
1220.73 0
1221.37 0
1222 0
1222.64 0
1223.27 0
1223.9 0
1224.54 0
1225.17 0
1225.81 0
1226.44 0
1227.07 0
1227.71 0
1228.34 0
1228.98 0
1229.61 0
1230.24 0
1230.88 0
1231.51 0
1232.15 0
1232.78 0
1233.41 86.6523
1234.05 96.9108
1234.68 137.845
1235.32 262.295
1235.95 547.638
1236.58 1029.26
1237.22 1594.71
1237.85 1976.78
1238.49 1943.37
1239.12 1516.3
1239.75 949.263
1240.39 493.89
1241.02 236.136
1241.65 128.036
1242.29 93.6549
1242.92 85.2327
1243.56 0
1244.19 0
1244.82 0
1245.46 0
1246.09 0
1246.73 0
1247.36 0
1247.99 0
1248.63 0
1249.26 0
1249.9 0
1250.53 0
1251.16 0
1251.8 0
1252.43 0
1253.07 0
1253.7 0
1254.33 0
1254.97 0
1255.6 0
1256.24 0
1256.87 0
1257.5 0
1258.14 0
1258.77 0
1259.41 0
1260.04 0
1260.67 0
1261.31 0
1261.94 0
1262.57 0
1263.21 0
1263.84 0
1264.48 0
1265.11 0
1265.74 0
1266.38 0
1267.01 0
1267.65 0
1268.28 0
1268.91 0
1269.55 0
1270.18 0
1270.82 0
1271.45 0
1272.08 0
1272.72 0
1273.35 0
1273.99 0
1274.62 0
1275.25 0
1275.89 0
1276.52 76.9164
1277.16 82.8568
1277.79 100.773
1278.42 146.736
1279.06 237.874
1279.69 370.316
1280.33 499.13
1280.96 556.275
1281.59 506.696
1282.23 382.354
1282.86 251.019
1283.49 159.623
1284.13 113.877
1284.76 97.1691
1285.4 93.1179
1286.03 0
1286.66 0
1287.3 0
1287.93 0
1288.57 0
1289.2 0
1289.83 0
1290.47 0
1291.1 0
1291.74 0
1292.37 0
1293 0
1293.64 0
1294.27 0
1294.91 0
1295.54 0
1296.17 0
1296.81 0
1297.44 0
1298.08 0
1298.71 0
1299.34 0
1299.98 0
1300.61 0
1301.25 0
1301.88 0
1302.51 0
1303.15 0
1303.78 0
1304.42 0
1305.05 0
1305.68 0
1306.32 0
1306.95 0
1307.58 0
1308.22 0
1308.85 0
1309.49 0
1310.12 0
1310.75 0
1311.39 0
1312.02 0
1312.66 0
1313.29 0
1313.92 0
1314.56 0
1315.19 0
1315.83 0
1316.46 0
1317.09 0
1317.73 0
1318.36 0
1319 0
1319.63 0
1320.26 0
1320.9 0
1321.53 0
1322.17 0
1322.8 0
1323.43 0
1324.07 0
1324.7 0
1325.34 0
1325.97 0
1326.6 0
1327.24 0
1327.87 93.0084
1328.51 92.8681
1329.14 92.3633
1329.77 90.9496
1330.41 87.9381
1331.04 83.2001
1331.67 78.0447
1332.31 74.9834
1332.94 75.8567
1333.58 80.1125
1334.21 85.3452
1334.84 89.4078
1335.48 91.6685
1336.11 92.61
1336.75 92.9083
1337.38 92.9796
1338.01 0
1338.65 0
1339.28 0
1339.92 0
1340.55 0
1341.18 0
1341.82 0
1342.45 0
1343.09 0
1343.72 0
1344.35 0
1344.99 0
1345.62 0
1346.26 0
1346.89 0
1347.52 0
1348.16 0
1348.79 0
1349.43 0
1350.06 0
1350.69 0
1351.33 0
1351.96 0
1352.6 0
1353.23 0
1353.86 0
1354.5 0
1355.13 0
1355.76 0
1356.4 0
1357.03 0
1357.67 0
1358.3 0
1358.93 0
1359.57 0
1360.2 0
1360.84 0
1361.47 0
1362.1 0
1362.74 0
1363.37 0
1364.01 0
1364.64 0
1365.27 0
1365.91 0
1366.54 0
1367.18 0
1367.81 0
1368.44 0
1369.08 0
1369.71 0
1370.35 0
1370.98 0
1371.61 0
1372.25 0
1372.88 76.7834
1373.52 83.4603
1374.15 109.387
1374.78 186.389
1375.42 360.796
1376.05 655.833
1376.69 1010.38
1377.32 1268.95
1377.95 1283.1
1378.59 1044.12
1379.22 691.226
1379.86 385.366
1380.49 198.621
1381.12 114.611
1381.76 89.7714
1382.39 96.463
1383.02 128.599
1383.66 186.434
1384.29 257.59
1384.93 311.32
1385.56 317.013
1386.19 271.084
1386.83 200.363
1387.46 137.635
1388.1 98.5288
1388.73 80.3246
1389.36 73.7883
1390 71.8963
1390.63 0
1391.27 0
1391.9 0
1392.53 0
1393.17 0
1393.8 0
1394.44 0
1395.07 0
1395.7 0
1396.34 0
1396.97 77.2184
1397.61 80.9042
1398.24 94.0159
1398.87 129.073
1399.51 199.917
1400.14 305.377
1400.78 412.873
1401.41 468.698
1402.04 439.392
1402.68 342.986
1403.31 232.477
1403.95 153.67
1404.58 126.902
1405.21 161.844
1405.85 271.14
1406.48 453.062
1407.12 657.253
1407.75 787.386
1408.38 767.227
1409.02 609.101
1409.65 401.875
1410.28 233.053
1410.92 134.434
1411.55 91.0646
1412.19 76.3246
1412.82 72.3236
1413.45 0
1414.09 0
1414.72 0
1415.36 0
1415.99 0
1416.62 0
1417.26 0
1417.89 0
1418.53 0
1419.16 0
1419.79 0
1420.43 0
1421.06 0
1421.7 0
1422.33 0
1422.96 0
1423.6 0
1424.23 0
1424.87 0
1425.5 0
1426.13 0
1426.77 0
1427.4 0
1428.04 0
1428.67 0
1429.3 0
1429.94 0
1430.57 0
1431.21 0
1431.84 0
1432.47 0
1433.11 0
1433.74 0
1434.37 0
1435.01 0
1435.64 0
1436.28 0
1436.91 0
1437.54 0
1438.18 0
1438.81 0
1439.45 0
1440.08 0
1440.71 0
1441.35 0
1441.98 0
1442.62 0
1443.25 0
1443.88 0
1444.52 0
1445.15 0
1445.79 0
1446.42 0
1447.05 0
1447.69 0
1448.32 0
1448.96 0
1449.59 0
1450.22 0
1450.86 0
1451.49 0
1452.13 0
1452.76 0
1453.39 0
1454.03 0
1454.66 0
1455.3 0
1455.93 84.8153
1456.56 85.0104
1457.2 85.1816
1457.83 85.2887
1458.47 85.2704
1459.1 85.0883
1459.73 84.807
1460.37 84.6218
1461 84.7451
1461.63 85.2252
1462.27 85.9011
1462.9 86.5487
1463.54 87.0436
1464.17 87.3897
1464.8 87.6467
1465.44 87.8658
1466.07 0
1466.71 0
1467.34 0
1467.97 0
1468.61 0
1469.24 0
1469.88 0
1470.51 0
1471.14 0
1471.78 0
1472.41 0
1473.05 0
1473.68 0
1474.31 0
1474.95 0
1475.58 0
1476.22 0
1476.85 0
1477.48 0
1478.12 0
1478.75 0
1479.39 0
1480.02 0
1480.65 0
1481.29 0
1481.92 0
1482.56 0
1483.19 0
1483.82 0
1484.46 0
1485.09 0
1485.73 0
1486.36 0
1486.99 0
1487.63 0
1488.26 0
1488.9 0
1489.53 0
1490.16 0
1490.8 0
1491.43 0
1492.06 0
1492.7 0
1493.33 0
1493.97 0
1494.6 0
1495.23 0
1495.87 0
1496.5 0
1497.14 0
1497.77 0
1498.4 0
1499.04 0
1499.67 0
1500.31 0
1500.94 0
1501.57 0
1502.21 0
1502.84 0
1503.48 0
1504.11 0
1504.74 95.7648
1505.38 103.666
1506.01 128.721
1506.65 190.555
1507.28 307.254
1507.91 470.143
1508.55 624.634
1509.18 693.043
1509.82 635.312
1510.45 485.574
1511.08 320.747
1511.72 199.062
1512.35 132.88
1512.99 105.403
1513.62 96.5509
1514.25 0
1514.89 0
1515.52 0
1516.16 0
1516.79 0
1517.42 0
1518.06 0
1518.69 0
1519.32 0
1519.96 0
1520.59 0
1521.23 0
1521.86 0
1522.49 0
1523.13 0
1523.76 0
1524.4 0
1525.03 0
1525.66 0
1526.3 0
1526.93 0
1527.57 0
1528.2 0
1528.83 0
1529.47 0
1530.1 0
1530.74 0
1531.37 0
1532 0
1532.64 0
1533.27 0
1533.91 102.333
1534.54 102.02
1535.17 104.495
1535.81 113.36
1536.44 132.656
1537.08 162.406
1537.71 193.877
1538.34 211.742
1538.98 205.257
1539.61 178.323
1540.25 147.065
1540.88 127.812
1541.51 127.453
1542.15 141.422
1542.78 157.174
1543.42 161.582
1544.05 149.493
1544.68 126.528
1545.32 103.08
1545.95 86.1154
1546.58 76.5014
1547.22 71.7287
1547.85 69.196
1548.49 0
1549.12 0
1549.75 0
1550.39 0
1551.02 0
1551.66 0
1552.29 0
1552.92 0
1553.56 0
1554.19 0
1554.83 0
1555.46 0
1556.09 0
1556.73 0
1557.36 0
1558 0
1558.63 0
1559.26 0
1559.9 0
1560.53 0
1561.17 0
1561.8 0
1562.43 0
1563.07 0
1563.7 0
1564.34 0
1564.97 0
1565.6 0
1566.24 0
1566.87 0
1567.51 0
1568.14 0
1568.77 0
1569.41 0
1570.04 0
1570.68 0
1571.31 0
1571.94 0
1572.58 0
1573.21 0
1573.84 0
1574.48 0
1575.11 0
1575.75 0
1576.38 0
1577.01 0
1577.65 0
1578.28 57.4988
1578.92 58.728
1579.55 62.6762
1580.18 73.6597
1580.82 98.0201
1581.45 139.526
1582.09 191.395
1582.72 233.598
1583.35 244.087
1583.99 216.883
1584.62 167.495
1585.26 119.225
1585.89 86.256
1586.52 69.4294
1587.16 62.8846
1587.79 60.9953
1588.43 0
1589.06 0
1589.69 0
1590.33 58.1809
1590.96 59.3576
1591.6 62.941
1592.23 71.4117
1592.86 86.7575
1593.5 107.353
1594.13 126.059
1594.77 133.587
1595.4 125.971
1596.03 108.665
1596.67 92.5251
1597.3 85.9671
1597.94 90.2021
1598.57 99.5884
1599.2 105.711
1599.84 103.02
1600.47 92.3019
1601.1 78.9683
1601.74 68.1817
1602.37 61.7896
1603.01 58.8907
1603.64 57.8596
1604.27 57.563
1604.91 0
1605.54 0
1606.18 0
1606.81 0
1607.44 0
1608.08 0
1608.71 0
1609.35 0
1609.98 0
1610.61 0
1611.25 0
1611.88 0
1612.52 0
1613.15 0
1613.78 0
1614.42 0
1615.05 0
1615.69 0
1616.32 0
1616.95 0
1617.59 0
1618.22 0
1618.86 0
1619.49 0
1620.12 0
1620.76 0
1621.39 0
1622.03 0
1622.66 0
1623.29 0
1623.93 0
1624.56 0
1625.19 0
1625.83 0
1626.46 0
1627.1 0
1627.73 0
1628.36 0
1629 0
1629.63 0
1630.27 0
1630.9 0
1631.53 0
1632.17 0
1632.8 0
1633.44 0
1634.07 0
1634.7 0
1635.34 0
1635.97 0
1636.61 0
1637.24 0
1637.87 0
1638.51 0
1639.14 0
1639.78 0
1640.41 0
1641.04 0
1641.68 0
1642.31 0
1642.95 0
1643.58 0
1644.21 0
1644.85 0
1645.48 0
1646.12 0
1646.75 0
1647.38 0
1648.02 0
1648.65 0
1649.28 0
1649.92 0
1650.55 0
1651.19 0
1651.82 0
1652.45 0
1653.09 0
1653.72 0
1654.36 0
1654.99 0
1655.62 0
1656.26 0
1656.89 44.3285
1657.53 48.1833
1658.16 61.2267
1658.79 92.1182
1659.43 146.886
1660.06 218.229
1660.7 280.296
1661.33 301.528
1661.96 269.342
1662.6 201.266
1663.23 129.561
1663.87 77.0792
1664.5 48.0092
1665.13 35.179
1665.77 30.27
1666.4 0
1667.04 0
1667.67 0
1668.3 0
1668.94 0
1669.57 0
1670.21 0
1670.84 0
1671.47 0
1672.11 0
1672.74 0
1673.38 0
1674.01 0
1674.64 0
1675.28 0
1675.91 0
1676.54 0
1677.18 0
1677.81 0
1678.45 0
1679.08 23.9653
1679.71 24.2311
1680.35 25.3414
1680.98 28.5606
1681.62 35.6715
1682.25 47.6431
1682.88 62.4553
1683.52 74.4543
1684.15 77.4738
1684.79 69.7664
1685.42 55.5475
1686.05 41.3579
1686.69 31.3777
1687.32 26.0602
1687.96 23.8323
1688.59 23.0632
1689.22 0
1689.86 0
1690.49 0
1691.13 0
1691.76 0
1692.39 0
1693.03 0
1693.66 0
1694.3 0
1694.93 0
1695.56 0
1696.2 0
1696.83 0
1697.46 0
1698.1 0
1698.73 0
1699.37 0
1700 0
1700.63 0
1701.27 0
1701.9 0
1702.54 0
1703.17 0
1703.8 0
1704.44 0
1705.07 0
1705.71 0
1706.34 0
1706.97 0
1707.61 0
1708.24 0
1708.88 0
1709.51 0
1710.14 0
1710.78 0
1711.41 0
1712.05 0
1712.68 0
1713.31 0
1713.95 0
1714.58 0
1715.22 0
1715.85 0
1716.48 0
1717.12 0
1717.75 0
1718.39 0
1719.02 0
1719.65 0
1720.29 0
1720.92 0
1721.55 0
1722.19 0
1722.82 0
1723.46 0
1724.09 0
1724.72 19.7875
1725.36 25.5887
1725.99 44.3864
1726.63 94.2313
1727.26 198.711
1727.89 367.329
1728.53 567.359
1729.16 720.266
1729.8 747.661
1730.43 634.405
1731.06 441.855
1731.7 255.99
1732.33 128.229
1732.97 61.6408
1733.6 34.6971
1734.23 26.2382
1734.87 0
1735.5 0
1736.14 0
1736.77 0
1737.4 0
1738.04 0
1738.67 0
1739.31 0
1739.94 0
1740.57 0
1741.21 0
1741.84 0
1742.47 0
1743.11 0
1743.74 0
1744.38 0
1745.01 0
1745.64 0
1746.28 0
1746.91 0
1747.55 0
1748.18 0
1748.81 0
1749.45 0
1750.08 0
1750.72 0
1751.35 0
1751.98 0
1752.62 0
1753.25 0
1753.89 0
1754.52 0
1755.15 0
1755.79 0
1756.42 0
1757.06 0
1757.69 0
1758.32 0
1758.96 0
1759.59 20.6062
1760.23 49.0413
1760.86 143.263
1761.49 394.645
1762.13 923.724
1762.76 1782.74
1763.39 2812.65
1764.03 3618.22
1764.66 3792.43
1765.3 3239.08
1765.93 2256.22
1766.56 1285.06
1767.2 603.311
1767.83 239.974
1768.47 88.9657
1769.1 39.5514
1769.73 0
1770.37 0
1771 0
1771.64 0
1772.27 0
1772.9 0
1773.54 0
1774.17 0
1774.81 0
1775.44 0
1776.07 0
1776.71 0
1777.34 0
1777.98 0
1778.61 0
1779.24 0
1779.88 0
1780.51 0
1781.15 0
1781.78 0
1782.41 0
1783.05 0
1783.68 0
1784.31 0
1784.95 0
1785.58 0
1786.22 0
1786.85 0
1787.48 0
1788.12 0
1788.75 0
1789.39 0
1790.02 0
1790.65 0
1791.29 0
1791.92 0
1792.56 0
1793.19 0
1793.82 0
1794.46 0
1795.09 0
1795.73 0
1796.36 0
1796.99 0
1797.63 0
1798.26 0
1798.9 0
1799.53 0
1800.16 0
1800.8 0
1801.43 0
1802.06 0
1802.7 0
1803.33 0
1803.97 0
1804.6 0
1805.23 0
1805.87 0
1806.5 0
1807.14 0
1807.77 0
1808.4 0
1809.04 0
1809.67 0
1810.31 0
1810.94 0
1811.57 0
1812.21 0
1812.84 0
1813.48 0
1814.11 0
1814.74 0
1815.38 0
1816.01 0
1816.65 0
1817.28 0
1817.91 0
1818.55 0
1819.18 0
1819.82 0
1820.45 0
1821.08 0
1821.72 0
1822.35 0
1822.98 0
1823.62 0
1824.25 0
1824.89 0
1825.52 0
1826.15 0
1826.79 0
1827.42 0
1828.06 0
1828.69 0
1829.32 0
1829.96 0
1830.59 0
1831.23 0
1831.86 0
1832.49 0
1833.13 0
1833.76 17.876
1834.4 19.2203
1835.03 23.0204
1835.66 31.8118
1836.3 47.8793
1836.93 70.3107
1837.57 92.6361
1838.2 104.97
1838.83 100.842
1839.47 82.5559
1840.1 59.2191
1840.73 39.6633
1841.37 27.5516
1842 21.9785
1842.64 21.0259
1843.27 25.1959
1843.9 40.1321
1844.54 77.8768
1845.17 152.498
1845.81 266.161
1846.44 393.051
1847.07 481.911
1847.71 487.573
1848.34 407.031
1848.98 281.98
1849.61 164.989
1850.24 85.5561
1850.88 44.1586
1851.51 27.2046
1852.15 21.7056
1852.78 0
1853.41 0
1854.05 0
1854.68 0
1855.32 0
1855.95 0
1856.58 0
1857.22 0
1857.85 0
1858.48 0
1859.12 0
1859.75 0
1860.39 0
1861.02 0
1861.65 0
1862.29 0
1862.92 0
1863.56 0
1864.19 0
1864.82 0
1865.46 0
1866.09 0
1866.73 0
1867.36 0
1867.99 0
1868.63 21.6958
1869.26 22.5265
1869.9 24.8881
1870.53 30.2325
1871.16 39.708
1871.8 52.4735
1872.43 64.5908
1873.06 70.5695
1873.7 67.2517
1874.33 56.4287
1874.97 43.3267
1875.6 32.6492
1876.23 26.1334
1876.87 23.0376
1877.5 21.871
1878.14 21.5191
1878.77 0
1879.4 0
1880.04 0
1880.67 0
1881.31 0
1881.94 0
1882.57 0
1883.21 0
1883.84 0
1884.48 0
1885.11 0
1885.74 0
1886.38 0
1887.01 0
1887.65 0
1888.28 0
1888.91 0
1889.55 0
1890.18 0
1890.81 0
1891.45 0
1892.08 0
1892.72 0
1893.35 0
1893.98 0
1894.62 0
1895.25 0
1895.89 0
1896.52 0
1897.15 0
1897.79 0
1898.42 0
1899.06 0
1899.69 0
1900.32 0
1900.96 0
1901.59 0
1902.23 0
1902.86 0
1903.49 0
1904.13 0
1904.76 0
1905.39 0
1906.03 0
1906.66 0
1907.3 0
1907.93 0
1908.56 0
1909.2 0
1909.83 0
1910.47 0
1911.1 0
1911.73 0
1912.37 0
1913 0
1913.64 0
1914.27 0
1914.9 0
1915.54 0
1916.17 0
1916.81 0
1917.44 0
1918.07 0
1918.71 0
1919.34 0
1919.97 0
1920.61 0
1921.24 0
1921.88 0
1922.51 0
1923.14 0
1923.78 0
1924.41 0
1925.05 0
1925.68 0
1926.31 0
1926.95 0
1927.58 0
1928.22 0
1928.85 0
1929.48 0
1930.12 0
1930.75 0
1931.39 0
1932.02 0
1932.65 0
1933.29 0
1933.92 0
1934.55 0
1935.19 0
1935.82 0
1936.46 0
1937.09 0
1937.72 0
1938.36 0
1938.99 0
1939.63 0
1940.26 0
1940.89 0
1941.53 0
1942.16 0
1942.8 0
1943.43 0
1944.06 0
1944.7 0
1945.33 0
1945.97 0
1946.6 0
1947.23 0
1947.87 0
1948.5 0
1949.13 0
1949.77 0
1950.4 0
1951.04 0
1951.67 0
1952.3 0
1952.94 0
1953.57 0
1954.21 0
1954.84 0
1955.47 0
1956.11 0
1956.74 0
1957.38 0
1958.01 0
1958.64 0
1959.28 0
1959.91 0
1960.55 0
1961.18 0
1961.81 0
1962.45 0
1963.08 0
1963.71 0
1964.35 0
1964.98 0
1965.62 0
1966.25 0
1966.88 0
1967.52 0
1968.15 0
1968.79 0
1969.42 0
1970.05 0
1970.69 0
1971.32 0
1971.96 0
1972.59 0
1973.22 0
1973.86 0
1974.49 0
1975.12 0
1975.76 0
1976.39 0
1977.03 0
1977.66 0
1978.29 0
1978.93 0
1979.56 0
1980.2 0
1980.83 0
1981.46 0
1982.1 0
1982.73 0
1983.37 0
1984 0
1984.63 0
1985.27 0
1985.9 0
1986.54 0
1987.17 0
1987.8 0
1988.44 0
1989.07 0
1989.7 0
1990.34 0
1990.97 0
1991.61 0
1992.24 0
1992.87 0
1993.51 0
1994.14 0
1994.78 0
1995.41 0
1996.04 0
1996.68 0
1997.31 0
1997.95 0
1998.58 0
1999.21 0
1999.85 0
2000.48 0
2001.11 0
2001.75 0
2002.38 0
2003.02 0
2003.65 0
2004.28 0
2004.92 0
2005.55 0
2006.19 0
2006.82 0
2007.45 0
2008.09 0
2008.72 0
2009.36 0
2009.99 0
2010.62 0
2011.26 0
2011.89 0
2012.52 0
2013.16 0
2013.79 0
2014.43 0
2015.06 0
2015.69 0
2016.33 0
2016.96 0
2017.6 0
2018.23 0
2018.86 0
2019.5 0
2020.13 0
2020.77 0
2021.4 0
2022.03 0
2022.67 0
2023.3 0
2023.93 0
2024.57 0
2025.2 0
2025.84 0
2026.47 0
2027.1 0
2027.74 0
2028.37 0
2029.01 0
2029.64 0
2030.27 0
2030.91 0
2031.54 0
2032.18 0
2032.81 0
2033.44 0
2034.08 0
2034.71 0
2035.34 0
2035.98 0
2036.61 0
2037.25 0
2037.88 0
2038.51 0
2039.15 0
2039.78 0
2040.42 0
2041.05 0
2041.68 0
2042.32 0
2042.95 0
2043.59 0
2044.22 0
2044.85 0
2045.49 0
2046.12 0
2046.75 0
2047.39 0
2048.02 0
2048.66 0
2049.29 0
2049.92 0
2050.56 0
2051.19 0
2051.83 0
2052.46 0
2053.09 0
2053.73 0
2054.36 0
2055 0
2055.63 0
2056.26 0
2056.9 0
2057.53 0
2058.16 0
2058.8 0
2059.43 0
2060.07 0
2060.7 0
2061.33 0
2061.97 0
2062.6 0
2063.24 0
2063.87 0
2064.5 0
2065.14 0
2065.77 0
2066.41 0
2067.04 0
2067.67 0
2068.31 0
2068.94 0
2069.57 0
2070.21 0
2070.84 0
2071.48 0
2072.11 0
2072.74 0
2073.38 0
2074.01 0
2074.65 0
2075.28 0
2075.91 0
2076.55 0
2077.18 0
2077.82 0
2078.45 0
2079.08 0
2079.72 0
2080.35 0
2080.98 0
2081.62 0
2082.25 0
2082.89 0
2083.52 0
2084.15 0
2084.79 0
2085.42 0
2086.06 0
2086.69 0
2087.32 0
2087.96 0
2088.59 0
2089.22 0
2089.86 0
2090.49 0
2091.13 0
2091.76 0
2092.39 0
2093.03 0
2093.66 0
2094.3 0
2094.93 0
2095.56 0
2096.2 0
2096.83 0
2097.47 0
2098.1 0
2098.73 0
2099.37 0
2100 0
2100.63 0
2101.27 0
2101.9 0
2102.54 0
2103.17 0
2103.8 0
2104.44 0
2105.07 0
2105.71 0
2106.34 0
2106.97 0
2107.61 0
2108.24 0
2108.87 0
2109.51 0
2110.14 0
2110.78 0
2111.41 0
2112.04 0
2112.68 0
2113.31 0
2113.95 7.02623
2114.58 11.8089
2115.21 24.7419
2115.85 52.6537
2116.48 100.355
2117.12 163.168
2117.75 222.548
2118.38 253.164
2119.02 239.785
2119.65 189.168
2120.28 124.648
2120.92 69.159
2121.55 33.0664
2122.19 14.5477
2122.82 6.87577
2123.45 4.24339
2124.09 0
2124.72 0
2125.36 0
2125.99 0
2126.62 0
2127.26 0
2127.89 0
2128.52 0
2129.16 0
2129.79 0
2130.43 0
2131.06 0
2131.69 0
2132.33 0
2132.96 0
2133.6 0
2134.23 0
2134.86 0
2135.5 0
2136.13 0
2136.77 0
2137.4 0
2138.03 0
2138.67 0
2139.3 0
2139.93 0
2140.57 0
2141.2 0
2141.84 0
2142.47 0
2143.1 0
2143.74 0
2144.37 0
2145.01 0
2145.64 0
2146.27 0
2146.91 0
2147.54 0
2148.17 0
2148.81 0
2149.44 0
2150.08 0
2150.71 0
2151.34 0
2151.98 0
2152.61 0
2153.25 0
2153.88 0
2154.51 0
2155.15 0
2155.78 0
2156.41 0
2157.05 0
2157.68 0
2158.32 0
2158.95 0
2159.58 0
2160.22 0
2160.85 0
2161.49 0
2162.12 0
2162.75 0
2163.39 0
2164.02 0
2164.65 0
2165.29 0
2165.92 0
2166.56 0
2167.19 0
2167.82 0
2168.46 0
2169.09 0
2169.73 0
2170.36 0
2170.99 0
2171.63 0
2172.26 0
2172.89 0
2173.53 0
2174.16 0
2174.8 0
2175.43 0
2176.06 0
2176.7 0
2177.33 0
2177.97 0
2178.6 0
2179.23 0
2179.87 0
2180.5 0
2181.13 0
2181.77 0
2182.4 0
2183.04 0
2183.67 0
2184.3 0
2184.94 0
2185.57 0
2186.21 0
2186.84 0
2187.47 0
2188.11 0
2188.74 0
2189.37 0
2190.01 0
2190.64 0
2191.28 0
2191.91 0
2192.54 0
2193.18 0
2193.81 0
2194.45 0
2195.08 0
2195.71 0
2196.35 0
2196.98 0
2197.61 0
2198.25 0
2198.88 0
2199.52 14.8322
2200.15 36.3138
2200.78 92.0452
2201.42 208.513
2202.05 402.188
2202.69 651.059
2203.32 880.551
2203.95 993.568
2204.59 934.917
2205.22 733.706
2205.85 480.513
2206.49 263.053
2207.12 120.941
2207.76 47.3797
2208.39 16.5832
2209.02 5.96868
2209.66 0
2210.29 0
2210.93 0
2211.56 0
2212.19 0
2212.83 0
2213.46 0
2214.09 0
2214.73 0
2215.36 0
2216 0
2216.63 0
2217.26 0
2217.9 0
2218.53 0
2219.17 0
2219.8 0
2220.43 0
2221.07 0
2221.7 0
2222.33 0
2222.97 0
2223.6 0
2224.24 0
2224.87 0
2225.5 0
2226.14 0
2226.77 0
2227.41 0
2228.04 0
2228.67 0
2229.31 0
2229.94 0
2230.57 0
2231.21 0
2231.84 0
2232.48 0
2233.11 0
2233.74 0
2234.38 0
2235.01 0
2235.65 0
2236.28 0
2236.91 0
2237.55 0
2238.18 0
2238.81 0
2239.45 0
2240.08 0
2240.72 0
2241.35 0
2241.98 0
2242.62 0
2243.25 0
2243.88 0
2244.52 0
2245.15 0
2245.79 0
2246.42 0
2247.05 0
2247.69 0
2248.32 0
2248.96 0
2249.59 0
2250.22 0
2250.86 0
2251.49 0
2252.12 0
2252.76 0
2253.39 0
2254.03 0
2254.66 0
2255.29 0
2255.93 0
2256.56 0
2257.2 0
2257.83 0
2258.46 0
2259.1 0
2259.73 0
2260.36 0
2261 0
2261.63 0
2262.27 0
2262.9 0
2263.53 0
2264.17 0
2264.8 0
2265.43 0
2266.07 0
2266.7 0
2267.34 0
2267.97 0
2268.6 0
2269.24 0
2269.87 0
2270.51 0
2271.14 0
2271.77 0
2272.41 0
2273.04 0
2273.67 0
2274.31 0
2274.94 0
2275.58 0
2276.21 0
2276.84 0
2277.48 0
2278.11 0
2278.75 0
2279.38 0
2280.01 0
2280.65 0
2281.28 0
2281.91 0
2282.55 0
2283.18 0
2283.82 0
2284.45 0
2285.08 0
2285.72 0
2286.35 0
2286.98 0
2287.62 0
2288.25 0
2288.89 5.12453
2289.52 6.38429
2290.15 9.75256
2290.79 16.6907
2291.42 27.9271
2292.06 41.917
2292.69 54.2921
2293.32 59.7562
2293.96 55.6052
2294.59 43.7751
2295.22 29.3581
2295.86 17.0957
2296.49 9.0538
2297.13 4.80472
2297.76 2.92173
2298.39 0
2299.03 0
2299.66 0
2300.29 0
2300.93 0
2301.56 0
2302.2 0
2302.83 0
2303.46 0
2304.1 0
2304.73 0
2305.37 0
2306 0
2306.63 0
2307.27 0
2307.9 0
2308.53 0
2309.17 0
2309.8 0
2310.44 0
2311.07 0
2311.7 0
2312.34 0
2312.97 0
2313.6 0
2314.24 0
2314.87 0
2315.51 0
2316.14 0
2316.77 0
2317.41 0
2318.04 0
2318.68 0
2319.31 0
2319.94 0
2320.58 0
2321.21 0
2321.84 0
2322.48 0
2323.11 0
2323.75 0
2324.38 0
2325.01 0
2325.65 0
2326.28 0
2326.91 0
2327.55 0
2328.18 0
2328.82 0
2329.45 0
2330.08 0
2330.72 0
2331.35 0
2331.98 0
2332.62 0
2333.25 0
2333.89 0
2334.52 0
2335.15 0
2335.79 0
2336.42 0
2337.06 0
2337.69 0
2338.32 0
2338.96 0
2339.59 0
2340.22 0
2340.86 0
2341.49 0
2342.13 0
2342.76 0
2343.39 0
2344.03 0
2344.66 0
2345.29 0
2345.93 0
2346.56 0
2347.2 0
2347.83 0
2348.46 0
2349.1 0
2349.73 0
2350.37 0
2351 0
2351.63 0
2352.27 0
2352.9 0
2353.53 0
2354.17 0
2354.8 0
2355.44 0
2356.07 0
2356.7 0
2357.34 0
2357.97 0
2358.6 0
2359.24 0
2359.87 0
2360.51 0
2361.14 0
2361.77 0
2362.41 0
2363.04 0
2363.67 0
2364.31 0
2364.94 0
2365.58 0
2366.21 0
2366.84 0
2367.48 0
2368.11 0
2368.74 0
2369.38 0
2370.01 0
2370.65 0
2371.28 0
2371.91 0
2372.55 0
2373.18 0
2373.82 0
2374.45 0
2375.08 0
2375.72 0
2376.35 0
2376.98 0
2377.62 0
2378.25 0
2378.89 0
2379.52 0
2380.15 0
2380.79 0
2381.42 0
2382.05 0
2382.69 0
2383.32 0
2383.96 0
2384.59 0
2385.22 0
2385.86 0
2386.49 0
2387.12 0
2387.76 0
2388.39 0
2389.03 0
2389.66 0
2390.29 0
2390.93 0
2391.56 0
2392.19 0
2392.83 0
2393.46 0
2394.1 0
2394.73 0
2395.36 0
2396 0
2396.63 0
2397.26 0
2397.9 0
2398.53 0
2399.17 0
2399.8 0
2400.43 0
2401.07 0
2401.7 0
2402.33 0
2402.97 0
2403.6 0
2404.24 0
2404.87 0
2405.5 0
2406.14 0
2406.77 0
2407.41 0
2408.04 0
2408.67 0
2409.31 0
2409.94 0
2410.57 0
2411.21 0
2411.84 0
2412.48 0
2413.11 0
2413.74 0
2414.38 0
2415.01 0
2415.64 0
2416.28 0
2416.91 0
2417.55 0
2418.18 0
2418.81 0
2419.45 0
2420.08 0
2420.71 0
2421.35 0
2421.98 0
2422.62 0
2423.25 0
2423.88 0
2424.52 0
2425.15 0
2425.78 0
2426.42 0
2427.05 0
2427.69 0
2428.32 0
2428.95 0
2429.59 0
2430.22 0
2430.85 0
2431.49 0
2432.12 0
2432.76 0
2433.39 0
2434.02 0
2434.66 0
2435.29 0
2435.92 0
2436.56 0
2437.19 0
2437.83 0
2438.46 0
2439.09 0
2439.73 0
2440.36 0
2440.99 0
2441.63 0
2442.26 0
2442.9 2.43341
2443.53 7.25289
2444.16 19.8662
2444.8 46.972
2445.43 94.2319
2446.06 159.609
2446.7 227.913
2447.33 274.24
2447.97 278.034
2448.6 237.52
2449.23 171.016
2449.87 103.834
2450.5 53.2372
2451.13 23.1459
2451.77 8.65387
2452.4 2.92648
2453.04 0
2453.67 0
2454.3 0
2454.94 0
2455.57 0
2456.2 0
2456.84 0
2457.47 0
2458.11 0
2458.74 0
2459.37 0
2460.01 0
2460.64 0
2461.27 0
2461.91 0
2462.54 0
2463.18 0
2463.81 0
2464.44 0
2465.08 0
2465.71 0
2466.34 0
2466.98 0
2467.61 0
2468.25 0
2468.88 0
2469.51 0
2470.15 0
2470.78 0
2471.41 0
2472.05 0
2472.68 0
2473.32 0
2473.95 0
2474.58 0
2475.22 0
2475.85 0
2476.48 0
2477.12 0
2477.75 0
2478.39 0
2479.02 0
2479.65 0
2480.29 0
2480.92 0
2481.55 0
2482.19 0
2482.82 0
2483.46 0
2484.09 0
2484.72 0
2485.36 0
2485.99 0
2486.62 0
2487.26 0
2487.89 0
2488.53 0
2489.16 0
2489.79 0
2490.43 0
2491.06 0
2491.69 0
2492.33 0
2492.96 0
2493.6 0
2494.23 0
2494.86 0
2495.5 0
2496.13 0
2496.76 0
2497.4 0
2498.03 0
2498.66 0
2499.3 0
2499.93 0
2500.57 0
2501.2 0
2501.83 0
2502.47 0
2503.1 0
2503.73 0
2504.37 0
2505 0
2505.64 0
2506.27 0
2506.9 0
2507.54 0
2508.17 0
2508.8 0
2509.44 0
2510.07 0
2510.71 0
2511.34 0
2511.97 0
2512.61 0
2513.24 0
2513.87 0
2514.51 0
2515.14 0
2515.78 0
2516.41 0
2517.04 0
2517.68 0
2518.31 0
2518.94 0
2519.58 0
2520.21 0
2520.85 0
2521.48 0
2522.11 0
2522.75 0
2523.38 0
2524.01 0
2524.65 0
2525.28 0
2525.92 0
2526.55 0
2527.18 0
2527.82 0
2528.45 0
2529.08 0
2529.72 0
2530.35 0
2530.98 0
2531.62 0
2532.25 0
2532.89 0
2533.52 0
2534.15 0
2534.79 0
2535.42 0
2536.05 0
2536.69 0
2537.32 0
2537.96 0
2538.59 0
2539.22 0
2539.86 0
2540.49 0
2541.12 0
2541.76 0
2542.39 0
2543.03 0
2543.66 0
2544.29 0
2544.93 0
2545.56 0
2546.19 0
2546.83 0
2547.46 0
2548.09 0
2548.73 0
2549.36 0
2550 0
2550.63 0
2551.26 0
2551.9 0
2552.53 0
2553.16 0
2553.8 0
2554.43 0
2555.07 0
2555.7 0
2556.33 0
2556.97 0
2557.6 0
2558.23 0
2558.87 0
2559.5 0
2560.14 0
2560.77 0
2561.4 0
2562.04 0
2562.67 0
2563.3 0
2563.94 0
2564.57 0
2565.2 0
2565.84 0
2566.47 0
2567.11 0
2567.74 0
2568.37 0
2569.01 0
2569.64 0
2570.27 0
2570.91 0
2571.54 0
2572.18 0
2572.81 0
2573.44 0
2574.08 0
2574.71 0
2575.34 0
2575.98 0
2576.61 0
2577.25 0
2577.88 0
2578.51 0
2579.15 0
2579.78 0
2580.41 0
2581.05 0
2581.68 0
2582.31 0
2582.95 0
2583.58 0
2584.22 0
2584.85 0
2585.48 0
2586.12 0
2586.75 0
2587.38 0
2588.02 0
2588.65 0
2589.29 0
2589.92 0
2590.55 0
2591.19 0
2591.82 0
2592.45 0
2593.09 0
2593.72 0
2594.35 0
2594.99 0
2595.62 0
2596.26 0
2596.89 0
2597.52 0
2598.16 0
2598.79 0
2599.42 0
2600.06 0
2600.69 0
2601.33 0
2601.96 0
2602.59 0
2603.23 0
2603.86 0
2604.49 0
2605.13 0
2605.76 0
2606.39 0
2607.03 0
2607.66 0
2608.3 0
2608.93 0
2609.56 0
2610.2 0
2610.83 0
2611.46 0
2612.1 0
2612.73 0
2613.37 0
2614 0
2614.63 0
2615.27 0
2615.9 0
2616.53 0
2617.17 0
2617.8 0
2618.43 0
2619.07 0
2619.7 0
2620.34 0
2620.97 0
2621.6 0
2622.24 0
2622.87 0
2623.5 0
2624.14 0
2624.77 0
2625.4 0
2626.04 0
2626.67 0
2627.31 0
2627.94 0
2628.57 0
2629.21 0
2629.84 0
2630.47 0
2631.11 0
2631.74 0
2632.38 0
2633.01 0
2633.64 0
2634.28 0
2634.91 0
2635.54 0
2636.18 0
2636.81 0
2637.44 0
2638.08 0
2638.71 0
2639.35 0
2639.98 0
2640.61 0
2641.25 0
2641.88 0
2642.51 0
2643.15 0
2643.78 0
2644.41 0
2645.05 0
2645.68 0
2646.32 0
2646.95 0
2647.58 0
2648.22 0
2648.85 0
2649.48 0
2650.12 0
2650.75 0
2651.38 0
2652.02 0
2652.65 0
2653.29 0
2653.92 0
2654.55 0
2655.19 0
2655.82 0
2656.45 0
2657.09 0
2657.72 0
2658.36 0
2658.99 0
2659.62 0
2660.26 0
2660.89 0
2661.52 0
2662.16 0
2662.79 0
2663.42 0
2664.06 0
2664.69 0
2665.33 0
2665.96 0
2666.59 0
2667.23 0
2667.86 0
2668.49 0
2669.13 0
2669.76 0
2670.39 0
2671.03 0
2671.66 0
2672.3 0
2672.93 0
2673.56 0
2674.2 0
2674.83 0
2675.46 0
2676.1 0
2676.73 0
2677.36 0
2678 0
2678.63 0
2679.27 0
2679.9 0
2680.53 0
2681.17 0
2681.8 0
2682.43 0
2683.07 0
2683.7 0
2684.33 0
2684.97 0
2685.6 0
2686.24 0
2686.87 0
2687.5 0
2688.14 0
2688.77 0
2689.4 0
2690.04 0
2690.67 0
2691.3 0
2691.94 0
2692.57 0
2693.21 0
2693.84 0
2694.47 0
2695.11 0
2695.74 0
2696.37 0
2697.01 0
2697.64 0
2698.27 0
2698.91 0
2699.54 0
2700.18 0
2700.81 0
2701.44 0
2702.08 0
2702.71 0
2703.34 0
2703.98 0
2704.61 0
2705.24 0
2705.88 0
2706.51 0
2707.15 0
2707.78 0
2708.41 0
2709.05 0
2709.68 0
2710.31 0
2710.95 0
2711.58 0
2712.21 0
2712.85 0
2713.48 0
2714.12 0
2714.75 0
2715.38 0
2716.02 0
2716.65 0
2717.28 0
2717.92 0
2718.55 0
2719.18 0
2719.82 0
2720.45 0
2721.09 0
2721.72 0
2722.35 0
2722.99 0
2723.62 0
2724.25 0
2724.89 0
2725.52 0
2726.15 0
2726.79 0
2727.42 0
2728.05 0
2728.69 0
2729.32 0
2729.96 0
2730.59 0
2731.22 0
2731.86 0
2732.49 0
2733.12 0
2733.76 0
2734.39 0
2735.02 0
2735.66 0
2736.29 0
2736.93 0
2737.56 0
2738.19 0
2738.83 0
2739.46 0
2740.09 0
2740.73 0
2741.36 0
2741.99 0
2742.63 0
2743.26 0
2743.9 0
2744.53 0
2745.16 0
2745.8 0
2746.43 0
2747.06 0
2747.7 0
2748.33 0
2748.96 0
2749.6 0
2750.23 0
2750.86 0
2751.5 0
2752.13 0
2752.77 0
2753.4 0
2754.03 0
2754.67 0
2755.3 0
2755.93 0
2756.57 0
2757.2 0
2757.83 0
2758.47 0
2759.1 0
2759.74 0
2760.37 0
2761 0
2761.64 0
2762.27 0
2762.9 0
2763.54 0
2764.17 0
2764.8 0
2765.44 0
2766.07 0
2766.7 0
2767.34 0
2767.97 0
2768.61 0
2769.24 0
2769.87 0
2770.51 0
2771.14 0
2771.77 0
2772.41 0
2773.04 0
2773.67 0
2774.31 0
2774.94 0
2775.57 0
2776.21 0
2776.84 0
2777.48 0
2778.11 0
2778.74 0
2779.38 0
2780.01 0
2780.64 0
2781.28 0
2781.91 0
2782.54 0
2783.18 0
2783.81 0
2784.45 0
2785.08 0
2785.71 0
2786.35 0
2786.98 0
2787.61 0
2788.25 0
2788.88 0
2789.51 0
2790.15 0
2790.78 0
2791.41 0
2792.05 0
2792.68 0
2793.32 0
2793.95 0
2794.58 0
2795.22 0
2795.85 0
2796.48 0
2797.12 0
2797.75 0
2798.38 0
2799.02 0
2799.65 0
2800.28 0
2800.92 0
2801.55 0
2802.19 0
2802.82 0
2803.45 0
2804.09 0
2804.72 0
2805.35 0
2805.99 0
2806.62 0
2807.25 0
2807.89 0
2808.52 0
2809.15 0
2809.79 0
2810.42 0
2811.06 0
2811.69 0
2812.32 0
2812.96 0
2813.59 0
2814.22 0
2814.86 0
2815.49 0
2816.12 0
2816.76 0
2817.39 0
2818.02 0
2818.66 0
2819.29 0
2819.93 0
2820.56 0
2821.19 0
2821.83 0
2822.46 0
2823.09 0
2823.73 0
2824.36 0
2824.99 0
2825.63 0
2826.26 0
2826.89 0
2827.53 0
2828.16 0
2828.79 0
2829.43 0
2830.06 0
2830.7 0
2831.33 0
2831.96 0
2832.6 0
2833.23 0
2833.86 0
2834.5 0
2835.13 0
2835.76 0
2836.4 0
2837.03 0
2837.66 0
2838.3 0
2838.93 0
2839.57 0
2840.2 0
2840.83 0
2841.47 0
2842.1 0
2842.73 0
2843.37 0
2844 0
2844.63 0
2845.27 0
2845.9 0
2846.53 0
2847.17 0
2847.8 0
2848.44 0
2849.07 0
2849.7 0
2850.34 0
2850.97 0
2851.6 0
2852.24 0
2852.87 0
2853.5 0
2854.14 0
2854.77 0
2855.4 0
2856.04 0
2856.67 0
2857.3 0
2857.94 0
2858.57 0
2859.21 0
2859.84 0
2860.47 0
2861.11 0
2861.74 0
2862.37 0
2863.01 0
2863.64 0
2864.27 0
2864.91 0
2865.54 0
2866.17 0
2866.81 0
2867.44 0
2868.07 0
2868.71 0
2869.34 0
2869.98 0
2870.61 0
2871.24 0
2871.88 0
2872.51 0
2873.14 0
2873.78 0
2874.41 0
2875.04 0
2875.68 0
2876.31 0
2876.94 0
2877.58 0
2878.21 0
2878.84 0
2879.48 0
2880.11 0
2880.75 0
2881.38 0
2882.01 0
2882.65 0
2883.28 0
2883.91 0
2884.55 0
2885.18 0
2885.81 0
2886.45 0
2887.08 0
2887.71 0
2888.35 0
2888.98 0
2889.61 0
2890.25 0
2890.88 0
2891.52 0
2892.15 0
2892.78 0
2893.42 0
2894.05 0
2894.68 0
2895.32 0
2895.95 0
2896.58 0
2897.22 0
2897.85 0
2898.48 0
2899.12 0
2899.75 0
2900.38 0
2901.02 0
2901.65 0
2902.28 0
2902.92 0
2903.55 0
2904.19 0
2904.82 0
2905.45 0
2906.09 0
2906.72 0
2907.35 0
2907.99 0
2908.62 0
2909.25 0
2909.89 0
2910.52 0
2911.15 0
2911.79 0
2912.42 0
2913.05 0
2913.69 0
2914.32 0
2914.96 0
2915.59 0
2916.22 0
2916.86 0
2917.49 0
2918.12 0
2918.76 0
2919.39 0
2920.02 0
2920.66 0
2921.29 0
2921.92 0
2922.56 0
2923.19 0
2923.82 0
2924.46 0
2925.09 0
2925.72 0
2926.36 0
2926.99 0
2927.63 0
2928.26 0
2928.89 0
2929.53 0
2930.16 0
2930.79 0
2931.43 0
2932.06 0
2932.69 0
2933.33 0
2933.96 0
2934.59 0
2935.23 0
2935.86 0
2936.49 0
2937.13 0
2937.76 0
2938.39 0
2939.03 0
2939.66 0
2940.29 0
2940.93 0
2941.56 0
2942.2 0
2942.83 0
2943.46 0
2944.1 0
2944.73 0
2945.36 0
2946 0
2946.63 0
2947.26 0
2947.9 0
2948.53 0
2949.16 0
2949.8 0
2950.43 0
2951.06 0
2951.7 0
2952.33 0
2952.96 0
2953.6 0
2954.23 0
2954.87 0
2955.5 0
2956.13 0
2956.77 0
2957.4 0
2958.03 0
2958.67 0
2959.3 0
2959.93 0
2960.57 0
2961.2 0
2961.83 0
2962.47 0
2963.1 0
2963.73 0
2964.37 0
2965 0
2965.63 0
2966.27 0
2966.9 0
2967.53 0
2968.17 0
2968.8 0
2969.43 0
2970.07 0
2970.7 0
2971.34 0
2971.97 0
2972.6 0
2973.24 0
2973.87 0
2974.5 0
2975.14 0
2975.77 0
2976.4 0
2977.04 0
2977.67 0
2978.3 0
2978.94 0
2979.57 0
2980.2 0
2980.84 0
2981.47 0
2982.1 0
2982.74 0
2983.37 0
2984 0
2984.64 0
2985.27 0
2985.9 0
2986.54 0
2987.17 0
2987.81 0
2988.44 0
2989.07 0
2989.71 0
2990.34 0
2990.97 0
2991.61 0
2992.24 0
2992.87 0
2993.51 0
2994.14 0
2994.77 0
2995.41 0
2996.04 0
2996.67 0
2997.31 0
2997.94 0
2998.57 0
2999.21 0
2999.84 0
3000.47 0
3001.11 0
3001.74 0
3002.37 0
3003.01 0
3003.64 0
3004.28 0
3004.91 0
3005.54 0
3006.18 0
3006.81 0
3007.44 0
3008.08 0
3008.71 0
3009.34 0
3009.98 0
3010.61 0
3011.24 0
3011.88 0
3012.51 0
3013.14 0
3013.78 0
3014.41 0
3015.04 0
3015.68 0
3016.31 0
3016.94 0
3017.58 0
3018.21 0
3018.84 0
3019.48 0
3020.11 0
3020.74 0
3021.38 0
3022.01 0
3022.64 0
3023.28 0
3023.91 0
3024.55 0
3025.18 0
3025.81 0
3026.45 0
3027.08 0
3027.71 0
3028.35 0
3028.98 0
3029.61 0
3030.25 0
3030.88 0
3031.51 0
3032.15 0
3032.78 0
3033.41 0
3034.05 0
3034.68 0
3035.31 0
3035.95 0
3036.58 0
3037.21 0
3037.85 0
3038.48 0
3039.11 0
3039.75 0
3040.38 0
3041.01 0
3041.65 0
3042.28 0
3042.91 0
3043.55 0
3044.18 0
3044.81 0
3045.45 0
3046.08 0
3046.71 0
3047.35 0
3047.98 0
3048.62 0
3049.25 0
3049.88 0
3050.52 0
3051.15 0
3051.78 0
3052.42 0
3053.05 0
3053.68 0
3054.32 0
3054.95 0
3055.58 0
3056.22 0
3056.85 0
3057.48 0
3058.12 0
3058.75 0
3059.38 0
3060.02 0
3060.65 0
3061.28 0
3061.92 0
3062.55 0
3063.18 0
3063.82 0
3064.45 0
3065.08 0
3065.72 0
3066.35 0
3066.98 0
3067.62 0
3068.25 0
3068.88 0
3069.52 0
3070.15 0
3070.78 0
3071.42 0
3072.05 0
3072.68 0
3073.32 0
3073.95 0
3074.58 0
3075.22 0
3075.85 0
3076.48 0
3077.12 0
3077.75 0
3078.39 0
3079.02 0
3079.65 0
3080.29 0
3080.92 0
3081.55 0
3082.19 0
3082.82 0
3083.45 0
3084.09 0
3084.72 0
3085.35 0
3085.99 0
3086.62 0
3087.25 0
3087.89 0
3088.52 0
3089.15 0
3089.79 0
3090.42 0
3091.05 0
3091.69 0
3092.32 0
3092.95 0
3093.59 0
3094.22 0
3094.85 0
3095.49 0
3096.12 0
3096.75 0
3097.39 0
3098.02 0
3098.65 0
3099.29 0
3099.92 0
3100.55 0
3101.19 0
3101.82 0
3102.45 0
3103.09 0
3103.72 0
3104.35 0
3104.99 0
3105.62 0
3106.25 0
3106.89 0
3107.52 0
3108.15 0
3108.79 0
3109.42 0
3110.05 0
3110.69 0
3111.32 0
3111.95 0
3112.59 0
3113.22 0
3113.85 0
3114.49 0
3115.12 0
3115.75 0
3116.39 0
3117.02 0
3117.65 0
3118.29 0
3118.92 0
3119.55 0
3120.19 0
3120.82 0
3121.45 0
3122.09 0
3122.72 0
3123.35 0
3123.99 0
3124.62 0
3125.26 0
3125.89 0
3126.52 0
3127.16 0
3127.79 0
3128.42 0
3129.06 0
3129.69 0
3130.32 0
3130.96 0
3131.59 0
3132.22 0
3132.86 0
3133.49 0
3134.12 0
3134.76 0
3135.39 0
3136.02 0
3136.66 0
3137.29 0
3137.92 0
3138.56 0
3139.19 0
3139.82 0
3140.46 0
3141.09 0
3141.72 0
3142.36 0
3142.99 0
3143.62 0
3144.26 0
3144.89 0
3145.52 0
3146.16 0
3146.79 0
3147.42 0
3148.06 0
3148.69 0
3149.32 0
3149.96 0
3150.59 0
3151.22 0
3151.86 0
3152.49 0
3153.12 0
3153.76 0
3154.39 0
3155.02 0
3155.66 0
3156.29 0
3156.92 0
3157.56 0
3158.19 0
3158.82 0
3159.46 0
3160.09 0
3160.72 0
3161.36 0
3161.99 0
3162.62 0
3163.26 0
3163.89 0
3164.52 0
3165.16 0
3165.79 0
3166.42 0
3167.06 0
3167.69 0
3168.32 0
3168.96 0
3169.59 0
3170.22 0
3170.86 0
3171.49 0
3172.12 0
3172.76 0
3173.39 0
3174.02 0
3174.66 0
3175.29 0
3175.92 0
3176.56 0
3177.19 0
3177.82 0
3178.46 0
3179.09 0
3179.72 0
3180.36 0
3180.99 0
3181.62 0
3182.26 0
3182.89 0
3183.52 0
3184.16 0
3184.79 0
3185.42 0
3186.06 0
3186.69 0
3187.32 0
3187.96 0
3188.59 0
3189.22 0
3189.86 0
3190.49 0
3191.12 0
3191.76 0
3192.39 0
3193.02 0
3193.66 0
3194.29 0
3194.92 0
3195.56 0
3196.19 0
3196.82 0
3197.46 0
3198.09 0
3198.72 0
