29.9113 0
30.5448 0
31.1783 0
31.8118 0
32.4452 0
33.0787 0
33.7122 0
34.3457 0
34.9792 0
35.6126 0
36.2461 0
36.8796 0
37.5131 0
38.1466 0
38.7801 0
39.4135 0
40.047 0
40.6805 0
41.314 0
41.9475 453.511
42.581 451.863
43.2145 453.655
43.8479 476.973
44.4814 582.863
45.1149 867.404
45.7484 1309.07
46.3819 1617.85
47.0154 1500.15
47.6489 1072.05
48.2824 686.815
48.9159 498.406
49.5494 441.37
50.1829 431.32
50.8163 441.099
51.4498 484.165
52.0833 577.573
52.7168 685.775
53.3503 719.335
53.9838 642.959
54.6173 527.409
55.2508 449.251
55.8843 417.533
56.5178 408.273
57.1513 405.116
57.7848 402.979
58.4183 0
59.0518 0
59.6853 0
60.3188 0
60.9523 0
61.5858 0
62.2193 0
62.8528 0
63.4863 0
64.1198 0
64.7533 0
65.3868 0
66.0203 0
66.6538 0
67.2873 0
67.9208 0
68.5543 0
69.1878 0
69.8213 0
70.4548 0
71.0883 0
71.7218 0
72.3554 0
72.9889 0
73.6224 0
74.2559 0
74.8894 0
75.5229 0
76.1564 0
76.7899 0
77.4234 0
78.0569 0
78.6905 0
79.324 0
79.9575 0
80.591 0
81.2245 0
81.858 0
82.4915 0
83.125 0
83.7586 0
84.3921 0
85.0256 0
85.6591 0
86.2926 0
86.9261 0
87.5597 0
88.1932 0
88.8267 0
89.4602 0
90.0937 0
90.7273 0
91.3608 0
91.9943 0
92.6278 0
93.2613 0
93.8949 0
94.5284 0
95.1619 0
95.7954 0
96.429 0
97.0625 0
97.696 0
98.3295 0
98.9631 0
99.5966 0
100.23 0
100.864 0
101.497 0
102.131 0
102.764 0
103.398 0
104.031 0
104.665 0
105.298 0
105.932 0
106.565 0
107.199 0
107.832 0
108.466 0
109.1 0
109.733 0
110.367 0
111 0
111.634 0
112.267 0
112.901 0
113.534 0
114.168 0
114.801 0
115.435 0
116.068 0
116.702 0
117.335 0
117.969 0
118.603 0
119.236 0
119.87 0
120.503 0
121.137 0
121.77 0
122.404 0
123.037 0
123.671 0
124.304 0
124.938 0
125.572 0
126.205 0
126.839 0
127.472 0
128.106 0
128.739 0
129.373 0
130.006 0
130.64 0
131.273 0
131.907 0
132.541 0
133.174 0
133.808 0
134.441 0
135.075 0
135.708 0
136.342 0
136.975 0
137.609 0
138.242 0
138.876 0
139.51 0
140.143 0
140.777 0
141.41 0
142.044 0
142.677 0
143.311 0
143.944 0
144.578 0
145.212 0
145.845 0
146.479 0
147.112 0
147.746 0
148.379 0
149.013 0
149.646 0
150.28 0
150.914 0
151.547 0
152.181 0
152.814 0
153.448 0
154.081 0
154.715 0
155.348 0
155.982 0
156.616 0
157.249 0
157.883 0
158.516 0
159.15 0
159.783 0
160.417 0
161.051 0
161.684 0
162.318 0
162.951 0
163.585 0
164.218 0
164.852 0
165.486 0
166.119 0
166.753 0
167.386 0
168.02 0
168.653 0
169.287 0
169.921 0
170.554 0
171.188 0
171.821 0
172.455 0
173.088 0
173.722 0
174.356 0
174.989 0
175.623 0
176.256 0
176.89 0
177.523 0
178.157 0
178.791 0
179.424 0
180.058 0
180.691 0
181.325 990.492
181.958 986.03
182.592 983.181
183.226 990.84
183.859 1042.4
184.493 1205.26
185.126 1512.56
185.76 1827.9
186.394 1895.73
187.027 1648.11
187.661 1299.83
188.294 1063.52
188.928 964.5
189.561 935.06
190.195 926.1
190.829 920.956
191.462 0
192.096 0
192.729 0
193.363 0
193.997 0
194.63 0
195.264 0
195.897 0
196.531 0
197.164 0
197.798 0
198.432 0
199.065 0
199.699 0
200.332 0
200.966 0
201.6 0
202.233 0
202.867 0
203.5 0
204.134 0
204.768 0
205.401 0
206.035 0
206.668 0
207.302 0
207.936 0
208.569 0
209.203 0
209.836 0
210.47 0
211.104 0
211.737 0
212.371 0
213.004 0
213.638 0
214.272 0
214.905 0
215.539 0
216.172 0
216.806 0
217.44 0
218.073 0
218.707 0
219.34 0
219.974 0
220.608 0
221.241 0
221.875 0
222.508 0
223.142 0
223.776 0
224.409 0
225.043 0
225.676 0
226.31 0
226.944 0
227.577 0
228.211 0
228.844 0
229.478 0
230.112 0
230.745 0
231.379 0
232.012 0
232.646 0
233.28 0
233.913 0
234.547 0
235.181 0
235.814 0
236.448 0
237.081 579.883
237.715 576.907
238.349 576.74
238.982 594.049
239.616 681.946
240.249 944.994
240.883 1434.23
241.517 1942.85
242.15 2075.36
242.784 1707.72
243.418 1156.99
244.051 766.499
244.685 596.751
245.318 546.889
245.952 534.869
246.586 530.46
247.219 0
247.853 0
248.486 0
249.12 0
249.754 0
250.387 0
251.021 0
251.655 0
252.288 0
252.922 0
253.555 0
254.189 464.215
254.823 461.32
255.456 458.85
256.09 458.59
256.724 465.698
257.357 487.33
257.991 521.409
258.624 546.432
259.258 538.772
259.892 502.754
260.525 464.707
261.159 441.352
261.793 430.913
262.426 426.142
263.06 422.89
263.693 419.903
264.327 0
264.961 0
265.594 0
266.228 0
266.862 0
267.495 0
268.129 0
268.762 0
269.396 0
270.03 390.613
270.663 388.615
271.297 386.858
271.931 386.415
272.564 390.621
273.198 404.752
273.832 428.951
274.465 449.468
275.099 447.459
275.732 421.615
276.366 389.852
277 368.089
277.633 359.105
278.267 357.923
278.901 358.895
279.534 358.995
280.168 357.844
280.802 356.051
281.435 354.064
282.069 352.039
282.702 0
283.336 0
283.97 0
284.603 0
285.237 0
285.871 0
286.504 0
287.138 0
287.772 0
288.405 0
289.039 0
289.673 0
290.306 326.207
290.94 325.512
291.573 332.201
292.207 382.341
292.841 599.978
293.474 1217.44
294.108 2333.55
294.742 3478.03
295.375 3782.85
296.009 2974.5
296.643 1740.5
297.276 846.482
297.91 448.587
298.544 331.4
299.177 307.012
299.811 302.326
300.445 0
301.078 0
301.712 0
302.345 0
302.979 0
303.613 0
304.246 0
304.88 0
305.514 0
306.147 0
306.781 0
307.415 0
308.048 0
308.682 0
309.316 0
309.949 0
310.583 0
311.217 0
311.85 0
312.484 0
313.118 0
313.751 0
314.385 0
315.019 0
315.652 0
316.286 0
316.92 0
317.553 0
318.187 0
318.821 0
319.454 0
320.088 0
320.722 0
321.355 0
321.989 0
322.623 0
323.256 0
323.89 0
324.524 0
325.157 0
325.791 0
326.424 0
327.058 0
327.692 0
328.325 0
328.959 0
329.593 0
330.226 0
330.86 0
331.494 0
332.127 0
332.761 0
333.395 0
334.028 0
334.662 0
335.296 0
335.93 0
336.563 0
337.197 0
337.831 0
338.464 0
339.098 0
339.732 0
340.365 0
340.999 0
341.633 0
342.266 0
342.9 0
343.534 0
344.167 0
344.801 0
345.435 0
346.068 0
346.702 0
347.336 189.91
347.969 193.877
348.603 234.594
349.237 441.573
349.87 1134.44
350.504 2661.42
351.138 4741.51
351.771 6104.01
352.405 5615.28
353.039 3702.2
353.672 1788.98
354.306 692.4
354.94 285.166
355.573 181.934
356.207 162.482
356.841 158.331
357.474 0
358.108 0
358.742 0
359.376 0
360.009 0
360.643 0
361.277 0
361.91 0
362.544 0
363.178 0
363.811 0
364.445 0
365.079 0
365.712 0
366.346 0
366.98 0
367.613 0
368.247 0
368.881 0
369.514 0
370.148 0
370.782 0
371.416 0
372.049 0
372.683 0
373.317 0
373.95 0
374.584 0
375.218 0
375.851 0
376.485 0
377.119 0
377.752 0
378.386 0
379.02 0
379.654 0
380.287 0
380.921 0
381.555 0
382.188 143.283
382.822 143.312
383.456 143.604
384.089 145.045
384.723 149.77
385.357 160.15
385.991 175.097
386.624 188.944
387.258 198.304
387.892 205.842
388.525 210.782
389.159 205
389.793 186.488
390.426 165.307
391.06 151.233
391.694 145.183
392.327 143.42
392.961 143.055
393.595 142.99
394.229 0
394.862 0
395.496 0
396.13 0
396.763 0
397.397 0
398.031 0
398.665 0
399.298 0
399.932 0
400.566 0
401.199 0
401.833 0
402.467 0
403.1 0
403.734 0
404.368 0
405.002 0
405.635 0
406.269 0
406.903 0
407.536 0
408.17 0
408.804 0
409.438 0
410.071 0
410.705 0
411.339 0
411.972 0
412.606 0
413.24 0
413.873 0
414.507 0
415.141 0
415.775 0
416.408 0
417.042 0
417.676 0
418.309 0
418.943 0
419.577 0
420.211 0
420.844 0
421.478 0
422.112 0
422.745 0
423.379 0
424.013 0
424.647 0
425.28 0
425.914 0
426.548 0
427.181 0
427.815 0
428.449 0
429.083 0
429.716 0
430.35 0
430.984 0
431.618 0
432.251 0
432.885 0
433.519 0
434.152 0
434.786 0
435.42 0
436.054 0
436.687 0
437.321 0
437.955 0
438.588 0
439.222 0
439.856 0
440.49 0
441.123 0
441.757 0
442.391 0
443.025 0
443.658 0
444.292 0
444.926 0
445.559 0
446.193 0
446.827 0
447.461 0
448.094 0
448.728 0
449.362 0
449.996 86.6662
450.629 86.2734
451.263 86.0113
451.897 86.3605
452.53 88.6104
453.164 94.5201
453.798 103.823
454.432 111.692
455.065 111.884
455.699 103.893
456.333 93.5908
456.967 86.3143
457.6 82.8556
458.234 81.6066
458.868 81.5072
459.502 83.1175
460.135 88.4027
460.769 98.5188
461.403 109.906
462.036 114.67
462.67 108.551
463.304 96.2302
463.938 85.5132
464.571 79.6379
465.205 77.2902
465.839 76.403
466.473 75.9076
467.106 0
467.74 0
468.374 0
469.008 0
469.641 0
470.275 0
470.909 0
471.543 0
472.176 0
472.81 0
473.444 0
474.078 0
474.711 0
475.345 0
475.979 73.5848
476.612 73.1048
477.246 73.0494
477.88 74.5632
478.514 79.834
479.147 90.2111
479.781 102.228
480.415 107.67
481.049 101.652
481.682 88.6369
482.316 76.9038
482.95 70.2733
483.584 67.7866
484.217 68.2047
484.851 72.9211
485.485 85.1422
486.119 104.435
486.752 121.273
487.386 122.817
488.02 107.321
488.654 86.3157
489.287 71.0661
489.921 63.7302
490.555 61.0377
491.189 60.0034
491.822 59.3624
492.456 0
493.09 0
493.724 0
494.357 0
494.991 0
495.625 0
496.259 0
496.892 0
497.526 0
498.16 0
498.794 0
499.427 0
500.061 0
500.695 0
501.329 0
501.962 0
502.596 0
503.23 0
503.864 0
504.497 0
505.131 0
505.765 0
506.399 0
507.032 0
507.666 0
508.3 0
508.934 0
509.567 0
510.201 0
510.835 0
511.469 0
512.103 0
512.736 0
513.37 0
514.004 0
514.638 0
515.271 0
515.905 0
516.539 0
517.173 0
517.806 0
518.44 0
519.074 0
519.708 0
520.341 0
520.975 0
521.609 0
522.243 0
522.876 0
523.51 0
524.144 0
524.778 0
525.412 0
526.045 0
526.679 0
527.313 0
527.947 0
528.58 0
529.214 0
529.848 0
530.482 0
531.115 0
531.749 0
532.383 0
533.017 0
533.651 0
534.284 0
534.918 0
535.552 0
536.186 0
536.819 0
537.453 0
538.087 0
538.721 0
539.354 0
539.988 0
540.622 0
541.256 0
541.89 0
542.523 0
543.157 0
543.791 0
544.425 0
545.058 0
545.692 0
546.326 0
546.96 0
547.594 0
548.227 0
548.861 0
549.495 0
550.129 0
550.762 0
551.396 0
552.03 0
552.664 0
553.297 0
553.931 0
554.565 0
555.199 0
555.833 0
556.466 0
557.1 0
557.734 0
558.368 0
559.002 0
559.635 0
560.269 0
560.903 0
561.537 0
562.17 0
562.804 0
563.438 0
564.072 0
564.706 0
565.339 0
565.973 0
566.607 0
567.241 0
567.874 0
568.508 0
569.142 0
569.776 0
570.41 0
571.043 0
571.677 0
572.311 0
572.945 0
573.579 0
574.212 0
574.846 0
575.48 43.8061
576.114 43.8731
576.747 44.2784
577.381 45.9996
578.015 51.1409
578.649 61.6915
579.283 75.6903
579.916 85.3829
580.55 83.431
581.184 71.2623
581.818 57.2896
582.452 47.8953
583.085 43.7376
583.719 42.713
584.353 42.921
584.987 43.3425
585.621 43.6154
586.254 43.7265
586.888 43.7568
587.522 43.7615
588.156 43.7607
588.789 0
589.423 0
590.057 0
590.691 0
591.325 0
591.958 0
592.592 0
593.226 0
593.86 0
594.494 0
595.127 0
595.761 0
596.395 0
597.029 0
597.663 0
598.296 0
598.93 0
599.564 0
600.198 0
600.832 0
601.465 0
602.099 0
602.733 0
603.367 0
604.001 0
604.634 39.4189
605.268 48.0866
605.902 97.6143
606.536 304.936
607.17 921.764
607.803 2190.72
608.437 3892.4
609.071 5110.55
609.705 4945.72
610.339 3529.89
610.972 1866.23
611.606 743.553
612.24 240.228
612.874 83.002
613.508 48.1503
614.141 42.7571
614.775 0
615.409 0
616.043 0
616.677 0
617.31 0
617.944 0
618.578 0
619.212 0
619.846 0
620.479 0
621.113 0
621.747 0
622.381 0
623.015 0
623.649 0
624.282 0
624.916 0
625.55 0
626.184 0
626.818 0
627.451 0
628.085 0
628.719 0
629.353 0
629.987 0
630.62 0
631.254 0
631.888 0
632.522 0
633.156 0
633.789 0
634.423 0
635.057 0
635.691 0
636.325 0
636.959 0
637.592 0
638.226 0
638.86 0
639.494 0
640.128 0
640.761 0
641.395 0
642.029 0
642.663 0
643.297 0
643.931 0
644.564 0
645.198 0
645.832 0
646.466 0
647.1 0
647.733 0
648.367 0
649.001 0
649.635 0
650.269 0
650.903 0
651.536 0
652.17 0
652.804 0
653.438 0
654.072 0
654.705 0
655.339 0
655.973 0
656.607 0
657.241 34.7438
657.875 34.5066
658.508 34.3427
659.142 34.4104
659.776 34.9609
660.41 36.0853
661.044 37.3785
661.677 38.3951
662.311 40.6425
662.945 50.0581
663.579 75.9437
664.213 121.185
664.847 169.004
665.48 188.372
666.114 164.09
666.748 114.314
667.382 69.4302
668.016 43.7561
668.65 33.5487
669.283 30.5246
669.917 29.7125
670.551 0
671.185 0
671.819 0
672.452 0
673.086 0
673.72 0
674.354 0
674.988 0
675.622 0
676.255 0
676.889 0
677.523 0
678.157 0
678.791 0
679.425 0
680.058 0
680.692 0
681.326 0
681.96 0
682.594 0
683.228 0
683.861 0
684.495 0
685.129 0
685.763 0
686.397 0
687.031 0
687.664 0
688.298 0
688.932 0
689.566 0
690.2 0
690.834 0
691.467 0
692.101 0
692.735 0
693.369 0
694.003 0
694.637 0
695.27 0
695.904 0
696.538 0
697.172 0
697.806 0
698.44 35.6728
699.073 35.7763
699.707 36.3524
700.341 38.6196
700.975 44.987
701.609 57.4687
702.243 73.562
702.876 84.651
703.51 82.7719
704.144 69.3697
704.778 53.6014
705.412 42.7483
706.046 37.7159
706.68 36.0664
707.313 35.6737
707.947 35.6026
708.581 0
709.215 0
709.849 0
710.483 0
711.116 0
711.75 0
712.384 0
713.018 0
713.652 0
714.286 0
714.919 32.3386
715.553 32.4591
716.187 32.7825
716.821 33.9456
717.455 37.5176
718.089 45.5903
718.723 58.1451
719.356 70.1011
719.99 73.7235
720.624 66.3392
721.258 53.4173
721.892 42.4397
722.526 36.4303
723.159 34.1759
723.793 33.6145
724.427 33.5667
725.061 0
725.695 0
726.329 0
726.963 0
727.596 0
728.23 0
728.864 0
729.498 0
730.132 0
730.766 0
731.399 0
732.033 0
732.667 0
733.301 0
733.935 0
734.569 0
735.203 0
735.836 0
736.47 0
737.104 0
737.738 0
738.372 0
739.006 0
739.64 0
740.273 0
740.907 0
741.541 0
742.175 0
742.809 0
743.443 0
744.076 0
744.71 0
745.344 0
745.978 0
746.612 0
747.246 0
747.88 0
748.513 0
749.147 0
749.781 0
750.415 0
751.049 0
751.683 0
752.317 0
752.95 0
753.584 0
754.218 0
754.852 0
755.486 0
756.12 0
756.754 0
757.387 0
758.021 0
758.655 30.4793
759.289 30.483
759.923 30.4813
760.557 30.4632
761.191 30.4114
761.824 30.3199
762.458 30.2215
763.092 30.1965
763.726 30.4341
764.36 31.8535
764.994 38.5763
765.628 63.0523
766.261 128.043
766.895 249.492
767.529 399.132
768.163 495.859
768.797 471.164
769.431 343.58
770.065 197.444
770.699 97.3507
771.332 50.6417
771.966 35.1121
772.6 31.3586
773.234 30.6946
773.868 0
774.502 0
775.136 0
775.769 0
776.403 0
777.037 0
777.671 0
778.305 0
778.939 0
779.573 0
780.206 0
780.84 0
781.474 33.3772
782.108 33.7266
782.742 36.3057
783.376 45.5505
784.01 68.0199
784.644 105.3
785.277 144.068
785.911 160.112
786.545 141.169
787.179 100.969
787.813 63.7838
788.447 41.9341
789.081 33.0036
789.714 30.2779
790.348 29.51
790.982 29.1659
791.616 0
792.25 0
792.884 0
793.518 0
794.152 0
794.785 0
795.419 0
796.053 0
796.687 0
797.321 0
797.955 0
798.589 0
799.223 0
799.856 0
800.49 0
801.124 0
801.758 32.8482
802.392 33.5763
803.026 37.2207
803.66 49.3171
804.294 77.7197
804.927 123.88
805.561 171.394
806.195 191.375
806.829 169.251
807.463 120.949
808.097 75.232
808.731 47.5084
809.365 35.7285
809.998 32.0531
810.632 31.1365
811.266 0
811.9 0
812.534 0
813.168 0
813.802 0
814.436 0
815.069 0
815.703 0
816.337 0
816.971 0
817.605 0
818.239 0
818.873 0
819.507 0
820.14 0
820.774 0
821.408 0
822.042 0
822.676 0
823.31 0
823.944 0
824.578 0
825.211 0
825.845 0
826.479 0
827.113 0
827.747 0
828.381 0
829.015 0
829.649 0
830.283 0
830.916 0
831.55 0
832.184 0
832.818 0
833.452 0
834.086 34.0899
834.72 34.1187
835.354 34.435
835.987 35.8659
836.621 40.3343
837.255 50.2706
837.889 65.5436
838.523 80.1848
839.157 85.0908
839.791 76.6956
840.425 60.9181
841.059 46.7317
841.692 38.4033
842.326 34.9478
842.96 33.8895
843.594 33.6301
844.228 0
844.862 0
845.496 0
846.13 0
846.764 0
847.397 0
848.031 0
848.665 0
849.299 0
849.933 0
850.567 0
851.201 0
851.835 0
852.468 0
853.102 0
853.736 0
854.37 0
855.004 0
855.638 32.8725
856.272 33.2022
856.906 33.5219
857.54 33.8048
858.174 33.9921
858.807 34.0176
859.441 33.9011
860.075 33.8305
860.709 34.0606
861.343 34.6647
861.977 35.4538
862.611 36.1784
863.245 36.7335
863.879 37.1553
864.512 37.5136
865.146 37.8513
865.78 0
866.414 0
867.048 0
867.682 0
868.316 0
868.95 0
869.584 0
870.217 0
870.851 0
871.485 0
872.119 0
872.753 0
873.387 0
874.021 0
874.655 0
875.289 0
875.922 0
876.556 0
877.19 0
877.824 0
878.458 0
879.092 0
879.726 0
880.36 0
880.994 0
881.628 0
882.261 0
882.895 0
883.529 0
884.163 0
884.797 0
885.431 0
886.065 0
886.699 0
887.333 0
887.967 0
888.6 0
889.234 0
889.868 0
890.502 0
891.136 0
891.77 0
892.404 0
893.038 0
893.672 0
894.306 0
894.939 0
895.573 0
896.207 0
896.841 0
897.475 0
898.109 0
898.743 0
899.377 0
900.011 0
900.645 0
901.278 0
901.912 0
902.546 0
903.18 0
903.814 0
904.448 0
905.082 0
905.716 0
906.35 0
906.984 0
907.617 0
908.251 0
908.885 0
909.519 0
910.153 0
910.787 0
911.421 0
912.055 0
912.689 0
913.323 0
913.957 0
914.59 0
915.224 0
915.858 0
916.492 0
917.126 0
917.76 0
918.394 0
919.028 0
919.662 0
920.296 0
920.93 0
921.563 0
922.197 0
922.831 0
923.465 0
924.099 0
924.733 0
925.367 0
926.001 0
926.635 0
927.269 0
927.902 0
928.536 0
929.17 32.278
929.804 32.8955
930.438 35.5813
931.072 45.4329
931.706 72.7637
932.34 127.968
932.974 205.394
933.608 271.746
934.242 285.521
934.876 237.113
935.509 159.188
936.143 92.8035
936.777 54.928
937.411 39.5101
938.045 34.9501
938.679 34.0108
939.313 0
939.947 0
940.581 0
941.215 0
941.849 0
942.482 0
943.116 0
943.75 0
944.384 0
945.018 0
945.652 0
946.286 0
946.92 0
947.554 0
948.188 0
948.822 0
949.456 0
950.089 0
950.723 0
951.357 0
951.991 0
952.625 0
953.259 0
953.893 0
954.527 0
955.161 0
955.795 0
956.429 0
957.062 0
957.696 0
958.33 0
958.964 0
959.598 30.6895
960.232 30.735
960.866 31.3075
961.5 33.3236
962.134 38.0248
962.768 45.6244
963.402 53.5839
964.036 57.3343
964.67 54.2326
965.303 46.3397
965.937 38.2268
966.571 32.8404
967.205 30.2706
967.839 29.315
968.473 28.981
969.107 0
969.741 0
970.375 0
971.009 0
971.643 0
972.277 0
972.91 0
973.544 0
974.178 0
974.812 0
975.446 0
976.08 0
976.714 0
977.348 0
977.982 0
978.616 0
979.25 0
979.884 0
980.518 0
981.151 0
981.785 0
982.419 0
983.053 0
983.687 0
984.321 0
984.955 0
985.589 0
986.223 0
986.857 0
987.491 0
988.125 0
988.759 0
989.392 0
990.026 0
990.66 0
991.294 0
991.928 0
992.562 0
993.196 0
993.83 0
994.464 0
995.098 0
995.732 0
996.366 0
997 0
997.633 0
998.267 0
998.901 0
999.535 0
1000.17 0
1000.8 0
1001.44 0
1002.07 0
1002.7 0
1003.34 0
1003.97 0
1004.61 0
1005.24 0
1005.87 0
1006.51 0
1007.14 0
1007.78 0
1008.41 0
1009.04 0
1009.68 0
1010.31 0
1010.95 0
1011.58 0
1012.21 0
1012.85 0
1013.48 0
1014.12 0
1014.75 0
1015.38 0
1016.02 0
1016.65 0
1017.29 0
1017.92 0
1018.55 0
1019.19 0
1019.82 0
1020.45 0
1021.09 0
1021.72 0
1022.36 0
1022.99 0
1023.62 0
1024.26 0
1024.89 0
1025.53 0
1026.16 0
1026.79 0
1027.43 0
1028.06 0
1028.7 0
1029.33 0
1029.96 0
1030.6 0
1031.23 0
1031.87 0
1032.5 0
1033.13 0
1033.77 0
1034.4 0
1035.04 0
1035.67 0
1036.3 0
1036.94 0
1037.57 0
1038.21 0
1038.84 0
1039.47 0
1040.11 0
1040.74 0
1041.37 0
1042.01 0
1042.64 0
1043.28 0
1043.91 0
1044.54 0
1045.18 0
1045.81 0
1046.45 0
1047.08 22.26
1047.71 22.3165
1048.35 22.577
1048.98 23.4949
1049.62 25.9181
1050.25 30.6067
1050.88 36.9649
1051.52 42.2774
1052.15 43.3215
1052.79 39.3919
1053.42 33.0361
1054.05 27.5032
1054.69 24.235
1055.32 22.838
1055.96 22.3943
1056.59 22.2886
1057.22 0
1057.86 0
1058.49 0
1059.12 0
1059.76 0
1060.39 0
1061.03 0
1061.66 0
1062.29 0
1062.93 0
1063.56 0
1064.2 0
1064.83 0
1065.46 21.7112
1066.1 21.9217
1066.73 22.5332
1067.37 24.1914
1068 27.7213
1068.63 33.2041
1069.27 38.8839
1069.9 41.6933
1070.54 39.8306
1071.17 34.5917
1071.8 29.0318
1072.44 25.2544
1073.07 23.4536
1073.71 22.8528
1074.34 22.7434
1074.97 0
1075.61 0
1076.24 0
1076.88 0
1077.51 0
1078.14 0
1078.78 0
1079.41 0
1080.04 0
1080.68 0
1081.31 0
1081.95 0
1082.58 0
1083.21 0
1083.85 0
1084.48 0
1085.12 0
1085.75 0
1086.38 0
1087.02 0
1087.65 0
1088.29 0
1088.92 0
1089.55 0
1090.19 0
1090.82 0
1091.46 0
1092.09 0
1092.72 0
1093.36 0
1093.99 0
1094.63 0
1095.26 0
1095.89 0
1096.53 0
1097.16 0
1097.8 0
1098.43 0
1099.06 0
1099.7 0
1100.33 0
1100.97 0
1101.6 0
1102.23 0
1102.87 0
1103.5 0
1104.13 0
1104.77 0
1105.4 0
1106.04 0
1106.67 0
1107.3 0
1107.94 0
1108.57 0
1109.21 0
1109.84 0
1110.47 0
1111.11 0
1111.74 0
1112.38 0
1113.01 0
1113.64 0
1114.28 0
1114.91 0
1115.55 22.5991
1116.18 27.0012
1116.81 46.0782
1117.45 107.791
1118.08 256.977
1118.72 520.854
1119.35 844.738
1119.98 1076.92
1120.62 1073.93
1121.25 837.808
1121.89 513.904
1122.52 252.218
1123.15 105.02
1123.79 44.216
1124.42 25.2843
1125.06 20.7256
1125.69 0
1126.32 0
1126.96 0
1127.59 0
1128.22 0
1128.86 22.1757
1129.49 22.1017
1130.13 22.2277
1130.76 22.9468
1131.39 24.9139
1132.03 28.5831
1132.66 33.265
1133.3 36.7927
1133.93 36.944
1134.56 33.5315
1135.2 28.5923
1135.83 24.4276
1136.47 21.9542
1137.1 20.8254
1137.73 20.3734
1138.37 20.1618
1139 0
1139.64 0
1140.27 0
1140.9 0
1141.54 0
1142.17 0
1142.81 0
1143.44 0
1144.07 0
1144.71 0
1145.34 0
1145.98 0
1146.61 0
1147.24 0
1147.88 0
1148.51 0
1149.15 0
1149.78 0
1150.41 20.5737
1151.05 20.9672
1151.68 22.8832
1152.32 29.2516
1152.95 44.8759
1153.58 72.9653
1154.22 108.285
1154.85 134.915
1155.48 136.732
1156.12 112.503
1156.75 77.131
1157.39 47.4025
1158.02 30.0496
1158.65 22.5849
1159.29 20.1313
1159.92 19.4723
1160.56 0
1161.19 0
1161.82 0
1162.46 0
1163.09 0
1163.73 0
1164.36 0
1164.99 0
1165.63 0
1166.26 0
1166.9 0
1167.53 0
1168.16 0
1168.8 17.8289
1169.43 17.9418
1170.07 18.1993
1170.7 18.8032
1171.33 19.9738
1171.97 21.6646
1172.6 23.2998
1173.24 24.0129
1173.87 23.3825
1174.5 21.8508
1175.14 20.2842
1175.77 19.2438
1176.41 18.7653
1177.04 18.627
1177.67 18.6301
1178.31 0
1178.94 0
1179.58 0
1180.21 0
1180.84 0
1181.48 0
1182.11 0
1182.75 0
1183.38 0
1184.01 0
1184.65 0
1185.28 0
1185.91 0
1186.55 0
1187.18 0
1187.82 0
1188.45 0
1189.08 0
1189.72 0
1190.35 0
1190.99 0
1191.62 0
1192.25 0
1192.89 0
1193.52 0
1194.16 0
1194.79 0
1195.42 0
1196.06 0
1196.69 0
1197.33 0
1197.96 0
1198.59 0
1199.23 0
1199.86 0
1200.5 0
1201.13 0
1201.76 0
1202.4 0
1203.03 17.7216
1203.67 17.8548
1204.3 18.5423
1204.93 20.6949
1205.57 25.5702
1206.2 33.5869
1206.84 42.637
1207.47 48.2574
1208.1 46.9522
1208.74 39.5308
1209.37 30.2952
1210.01 23.1388
1210.64 19.1845
1211.27 17.5373
1211.91 16.9868
1212.54 16.8109
1213.18 0
1213.81 0
1214.44 0
1215.08 0
1215.71 0
1216.35 0
1216.98 0
1217.61 0
1218.25 0
1218.88 0
1219.51 0
1220.15 0
1220.78 0
1221.42 0
1222.05 0
1222.68 0
1223.32 0
1223.95 0
1224.59 0
1225.22 0
1225.85 0
1226.49 0
1227.12 0
1227.76 0
1228.39 0
1229.02 0
1229.66 0
1230.29 0
1230.93 0
1231.56 0
1232.19 0
1232.83 0
1233.46 16.3144
1234.1 18.9137
1234.73 28.2735
1235.36 55.3498
1236 115.171
1236.63 212.728
1237.27 322.978
1237.9 392.701
1238.53 379.591
1239.17 292.235
1239.8 181.553
1240.44 94.8231
1241.07 46.6111
1241.7 26.7525
1242.34 20.6413
1242.97 19.3232
1243.61 0
1244.24 0
1244.87 0
1245.51 0
1246.14 0
1246.78 0
1247.41 0
1248.04 0
1248.68 0
1249.31 0
1249.95 0
1250.58 0
1251.21 0
1251.85 0
1252.48 0
1253.12 0
1253.75 0
1254.38 0
1255.02 0
1255.65 0
1256.28 0
1256.92 0
1257.55 0
1258.19 0
1258.82 0
1259.45 0
1260.09 0
1260.72 0
1261.36 0
1261.99 0
1262.62 0
1263.26 0
1263.89 0
1264.53 0
1265.16 0
1265.79 0
1266.43 0
1267.06 0
1267.7 0
1268.33 0
1268.96 0
1269.6 0
1270.23 0
1270.87 0
1271.5 0
1272.13 0
1272.77 0
1273.4 0
1274.04 0
1274.67 0
1275.3 0
1275.94 0
1276.57 16.1194
1277.21 17.3991
1277.84 21.1851
1278.47 30.6127
1279.11 48.7179
1279.74 74.1406
1280.38 97.7946
1281.01 107.03
1281.64 96.2264
1282.28 72.2318
1282.91 47.7675
1283.55 31.1019
1284.18 22.8925
1284.81 19.9402
1285.45 19.2479
1286.08 0
1286.72 0
1287.35 0
1287.98 0
1288.62 0
1289.25 0
1289.89 0
1290.52 0
1291.15 0
1291.79 0
1292.42 0
1293.06 0
1293.69 0
1294.32 0
1294.96 0
1295.59 0
1296.22 0
1296.86 0
1297.49 0
1298.13 0
1298.76 0
1299.39 0
1300.03 0
1300.66 0
1301.3 0
1301.93 0
1302.56 0
1303.2 0
1303.83 0
1304.47 0
1305.1 0
1305.73 0
1306.37 0
1307 0
1307.64 0
1308.27 0
1308.9 0
1309.54 0
1310.17 0
1310.81 0
1311.44 0
1312.07 0
1312.71 0
1313.34 0
1313.98 0
1314.61 0
1315.24 0
1315.88 0
1316.51 0
1317.15 0
1317.78 0
1318.41 0
1319.05 0
1319.68 0
1320.32 0
1320.95 0
1321.58 0
1322.22 0
1322.85 0
1323.49 0
1324.12 0
1324.75 0
1325.39 0
1326.02 0
1326.66 0
1327.29 0
1327.92 15.9481
1328.56 15.9621
1329.19 15.9882
1329.83 16.0434
1330.46 16.1475
1331.09 16.301
1331.73 16.4609
1332.36 16.5521
1333 16.5254
1333.63 16.403
1334.26 16.2574
1334.9 16.1493
1335.53 16.0943
1336.17 16.077
1336.8 16.0778
1337.43 16.0849
1338.07 0
1338.7 0
1339.34 0
1339.97 0
1340.6 0
1341.24 0
1341.87 0
1342.51 0
1343.14 0
1343.77 0
1344.41 0
1345.04 0
1345.67 0
1346.31 0
1346.94 0
1347.58 0
1348.21 0
1348.84 0
1349.48 0
1350.11 0
1350.75 0
1351.38 0
1352.01 0
1352.65 0
1353.28 0
1353.92 0
1354.55 0
1355.18 0
1355.82 0
1356.45 0
1357.09 0
1357.72 0
1358.35 0
1358.99 0
1359.62 0
1360.26 0
1360.89 0
1361.52 0
1362.16 0
1362.79 0
1363.43 0
1364.06 0
1364.69 0
1365.33 0
1365.96 0
1366.6 0
1367.23 0
1367.86 0
1368.5 0
1369.13 0
1369.77 0
1370.4 0
1371.03 0
1371.67 0
1372.3 0
1372.94 14.3874
1373.57 16.1017
1374.2 22.1402
1374.84 39.2053
1375.47 76.4075
1376.11 137.124
1376.74 207.258
1377.37 255.216
1378.01 253.423
1378.64 203.076
1379.28 132.977
1379.91 73.9347
1380.54 38.621
1381.18 23.0709
1381.81 18.7697
1382.45 20.5584
1383.08 27.3409
1383.71 38.9733
1384.35 52.7088
1384.98 62.489
1385.62 62.7873
1386.25 53.4906
1386.88 39.9975
1387.52 28.391
1388.15 21.344
1388.79 18.1799
1389.42 17.1397
1390.05 16.9338
1390.69 0
1391.32 0
1391.96 0
1392.59 0
1393.22 0
1393.86 0
1394.49 0
1395.12 0
1395.76 0
1396.39 0
1397.03 15.4375
1397.66 16.2493
1398.29 19.1809
1398.93 26.8502
1399.56 41.8884
1400.2 63.5148
1400.83 84.5886
1401.46 94.3657
1402.1 86.9534
1402.73 66.8151
1403.37 44.7305
1404 29.5251
1404.63 25.0493
1405.27 33.3277
1405.9 56.8028
1406.54 94.3387
1407.17 134.722
1407.8 158.445
1408.44 151.543
1409.07 118.161
1409.71 76.586
1410.34 43.5857
1410.97 24.6246
1411.61 16.3571
1412.24 13.5282
1412.88 12.7145
1413.51 0
1414.14 0
1414.78 0
1415.41 0
1416.05 0
1416.68 0
1417.31 0
1417.95 0
1418.58 0
1419.22 0
1419.85 0
1420.48 0
1421.12 0
1421.75 0
1422.39 0
1423.02 0
1423.65 0
1424.29 0
1424.92 0
1425.56 0
1426.19 0
1426.82 0
1427.46 0
1428.09 0
1428.73 0
1429.36 0
1429.99 0
1430.63 0
1431.26 0
1431.9 0
1432.53 0
1433.16 0
1433.8 0
1434.43 0
1435.07 0
1435.7 0
1436.33 0
1436.97 0
1437.6 0
1438.24 0
1438.87 0
1439.5 0
1440.14 0
1440.77 0
1441.41 0
1442.04 0
1442.67 0
1443.31 0
1443.94 0
1444.58 0
1445.21 0
1445.84 0
1446.48 0
1447.11 0
1447.75 0
1448.38 0
1449.01 0
1449.65 0
1450.28 0
1450.91 0
1451.55 0
1452.18 0
1452.82 0
1453.45 0
1454.08 0
1454.72 0
1455.35 0
1455.99 14.9785
1456.62 14.9648
1457.25 14.9931
1457.89 15.1297
1458.52 15.469
1459.16 16.0584
1459.79 16.7772
1460.42 17.313
1461.06 17.3548
1461.69 16.8603
1462.33 16.0948
1462.96 15.3956
1463.59 14.9358
1464.23 14.6991
1464.86 14.593
1465.5 14.5414
1466.13 0
1466.76 0
1467.4 0
1468.03 0
1468.67 0
1469.3 0
1469.93 0
1470.57 0
1471.2 0
1471.84 0
1472.47 0
1473.1 0
1473.74 0
1474.37 0
1475.01 0
1475.64 0
1476.27 0
1476.91 0
1477.54 0
1478.18 0
1478.81 0
1479.44 0
1480.08 0
1480.71 0
1481.35 0
1481.98 0
1482.61 0
1483.25 0
1483.88 0
1484.52 0
1485.15 0
1485.78 0
1486.42 0
1487.05 0
1487.69 0
1488.32 0
1488.95 0
1489.59 0
1490.22 0
1490.86 0
1491.49 0
1492.12 0
1492.76 0
1493.39 0
1494.03 0
1494.66 0
1495.29 0
1495.93 0
1496.56 0
1497.2 0
1497.83 0
1498.46 0
1499.1 0
1499.73 0
1500.37 0
1501 0
1501.63 0
1502.27 0
1502.9 0
1503.53 0
1504.17 0
1504.8 18.5171
1505.44 20.3225
1506.07 25.9679
1506.7 39.5031
1507.34 64.2182
1507.97 97.4641
1508.61 127.463
1509.24 138.88
1509.87 125.016
1510.51 93.9074
1511.14 61.0354
1511.78 37.3354
1512.41 24.6414
1513.04 19.4052
1513.68 17.6948
1514.31 0
1514.95 0
1515.58 0
1516.21 0
1516.85 0
1517.48 0
1518.12 0
1518.75 0
1519.38 0
1520.02 0
1520.65 0
1521.29 0
1521.92 0
1522.55 0
1523.19 0
1523.82 0
1524.46 0
1525.09 0
1525.72 0
1526.36 0
1526.99 0
1527.63 0
1528.26 0
1528.89 0
1529.53 0
1530.16 0
1530.8 0
1531.43 0
1532.06 0
1532.7 0
1533.33 0
1533.97 19.4026
1534.6 19.4546
1535.23 20.0871
1535.87 21.996
1536.5 25.8897
1537.14 31.6231
1537.77 37.4076
1538.4 40.4012
1539.04 38.8432
1539.67 33.7332
1540.31 28.1593
1540.94 25.0517
1541.57 25.5023
1542.21 28.4667
1542.84 31.4767
1543.48 32.1103
1544.11 29.585
1544.74 25.1311
1545.38 20.7395
1546.01 17.6514
1546.65 15.9572
1547.28 15.1569
1547.91 14.7631
1548.55 0
1549.18 0
1549.82 0
1550.45 0
1551.08 0
1551.72 0
1552.35 0
1552.99 0
1553.62 0
1554.25 0
1554.89 0
1555.52 0
1556.15 0
1556.79 0
1557.42 0
1558.06 0
1558.69 0
1559.32 0
1559.96 0
1560.59 0
1561.23 0
1561.86 0
1562.49 0
1563.13 0
1563.76 0
1564.4 0
1565.03 0
1565.66 0
1566.3 0
1566.93 0
1567.57 0
1568.2 0
1568.83 0
1569.47 0
1570.1 0
1570.74 0
1571.37 0
1572 0
1572.64 0
1573.27 0
1573.91 0
1574.54 0
1575.17 0
1575.81 0
1576.44 0
1577.08 0
1577.71 0
1578.34 12.1823
1578.98 12.5009
1579.61 13.4533
1580.25 15.9789
1580.88 21.3643
1581.51 30.2037
1582.15 40.8115
1582.78 48.9433
1583.42 50.3285
1584.05 44.2075
1584.68 34.0147
1585.32 24.4012
1585.95 17.9927
1586.59 14.7907
1587.22 13.5788
1587.85 13.253
1588.49 0
1589.12 0
1589.76 12.9592
1590.39 12.8719
1591.02 12.9626
1591.66 13.5194
1592.29 14.9824
1592.93 17.6522
1593.56 21.1431
1594.19 24.1317
1594.83 25.0517
1595.46 23.3973
1596.1 20.3211
1596.73 17.8367
1597.36 17.4176
1598 19.1092
1598.63 21.5461
1599.27 22.8182
1599.9 21.7802
1600.53 18.8162
1601.17 15.3306
1601.8 12.5555
1602.43 10.88
1603.07 10.0485
1603.7 9.65898
1604.34 9.44081
1604.97 0
1605.6 0
1606.24 0
1606.87 0
1607.51 0
1608.14 0
1608.77 0
1609.41 0
1610.04 0
1610.68 0
1611.31 0
1611.94 0
1612.58 0
1613.21 0
1613.85 0
1614.48 0
1615.11 0
1615.75 0
1616.38 0
1617.02 0
1617.65 0
1618.28 0
1618.92 0
1619.55 0
1620.19 0
1620.82 0
1621.45 0
1622.09 0
1622.72 0
1623.36 0
1623.99 0
1624.62 0
1625.26 0
1625.89 0
1626.53 0
1627.16 0
1627.79 0
1628.43 0
1629.06 0
1629.7 0
1630.33 0
1630.96 0
1631.6 0
1632.23 0
1632.87 0
1633.5 0
1634.13 0
1634.77 0
1635.4 0
1636.04 0
1636.67 0
1637.3 0
1637.94 0
1638.57 0
1639.21 0
1639.84 0
1640.47 0
1641.11 0
1641.74 0
1642.38 0
1643.01 0
1643.64 0
1644.28 0
1644.91 0
1645.54 0
1646.18 0
1646.81 0
1647.45 0
1648.08 0
1648.71 0
1649.35 0
1649.98 0
1650.62 0
1651.25 0
1651.88 0
1652.52 0
1653.15 0
1653.79 0
1654.42 0
1655.05 0
1655.69 0
1656.32 5.96117
1656.96 6.35292
1657.59 7.55657
1658.22 10.7961
1658.86 17.8163
1659.49 29.6114
1660.13 44.2984
1660.76 56.4115
1661.39 59.8509
1662.03 52.7183
1662.66 38.9887
1663.3 25.0801
1663.93 15.2203
1664.56 9.97204
1665.2 7.82966
1665.83 7.17421
1666.47 0
1667.1 0
1667.73 0
1668.37 0
1669 0
1669.64 0
1670.27 0
1670.9 0
1671.54 0
1672.17 0
1672.81 0
1673.44 0
1674.07 0
1674.71 0
1675.34 0
1675.98 0
1676.61 0
1677.24 0
1677.88 0
1678.51 0
1679.15 6.20232
1679.78 6.19858
1680.41 6.36808
1681.05 6.95232
1681.68 8.26749
1682.31 10.441
1682.95 13.0334
1683.58 14.991
1684.22 15.2651
1684.85 13.6593
1685.48 11.0013
1686.12 8.44224
1686.75 6.66446
1687.39 5.70295
1688.02 5.26752
1688.65 5.07605
1689.29 0
1689.92 0
1690.56 0
1691.19 0
1691.82 0
1692.46 0
1693.09 0
1693.73 0
1694.36 0
1694.99 0
1695.63 0
1696.26 0
1696.9 0
1697.53 0
1698.16 0
1698.8 0
1699.43 0
1700.07 0
1700.7 0
1701.33 0
1701.97 0
1702.6 0
1703.24 0
1703.87 0
1704.5 0
1705.14 0
1705.77 0
1706.41 0
1707.04 0
1707.67 0
1708.31 0
1708.94 0
1709.58 0
1710.21 0
1710.84 0
1711.48 0
1712.11 0
1712.75 0
1713.38 0
1714.01 0
1714.65 0
1715.28 0
1715.91 0
1716.55 0
1717.18 0
1717.82 0
1718.45 0
1719.08 0
1719.72 0
1720.35 0
1720.99 0
1721.62 0
1722.25 0
1722.89 0
1723.52 0
1724.16 0
1724.79 3.49371
1725.42 4.77624
1726.06 8.9542
1726.69 19.7615
1727.33 41.6963
1727.96 75.8576
1728.59 114.716
1729.23 142.456
1729.86 144.721
1730.5 120.26
1731.13 82.0114
1731.76 46.3777
1732.4 22.4304
1733.03 10.1348
1733.67 5.18893
1734.3 3.6095
1734.93 0
1735.57 0
1736.2 0
1736.84 0
1737.47 0
1738.1 0
1738.74 0
1739.37 0
1740.01 0
1740.64 0
1741.27 0
1741.91 0
1742.54 0
1743.18 0
1743.81 0
1744.44 0
1745.08 0
1745.71 0
1746.34 0
1746.98 0
1747.61 0
1748.25 0
1748.88 0
1749.51 0
1750.15 0
1750.78 0
1751.42 0
1752.05 0
1752.68 0
1753.32 0
1753.95 0
1754.59 0
1755.22 0
1755.85 0
1756.49 0
1757.12 0
1757.76 0
1758.39 0
1759.02 0
1759.66 3.7571
1760.29 10.6646
1760.93 32.3579
1761.56 87.9035
1762.19 200.508
1762.83 376.614
1763.46 579.026
1764.1 727.299
1764.73 746.006
1765.36 625.064
1766 428.387
1766.63 241.089
1767.27 112.791
1767.9 45.7213
1768.53 18.3472
1769.17 9.6206
1769.8 0
1770.44 0
1771.07 0
1771.7 0
1772.34 0
1772.97 0
1773.6 0
1774.24 0
1774.87 0
1775.51 0
1776.14 0
1776.77 0
1777.41 0
1778.04 0
1778.68 0
1779.31 0
1779.94 0
1780.58 0
1781.21 0
1781.85 0
1782.48 0
1783.11 0
1783.75 0
1784.38 0
1785.02 0
1785.65 0
1786.28 0
1786.92 0
1787.55 0
1788.19 0
1788.82 0
1789.45 0
1790.09 0
1790.72 0
1791.36 0
1791.99 0
1792.62 0
1793.26 0
1793.89 0
1794.53 0
1795.16 0
1795.79 0
1796.43 0
1797.06 0
1797.7 0
1798.33 0
1798.96 0
1799.6 0
1800.23 0
1800.86 0
1801.5 0
1802.13 0
1802.77 0
1803.4 0
1804.03 0
1804.67 0
1805.3 0
1805.94 0
1806.57 0
1807.2 0
1807.84 0
1808.47 0
1809.11 0
1809.74 0
1810.37 0
1811.01 0
1811.64 0
1812.28 0
1812.91 0
1813.54 0
1814.18 0
1814.81 0
1815.45 0
1816.08 0
1816.71 0
1817.35 0
1817.98 0
1818.62 0
1819.25 0
1819.88 0
1820.52 0
1821.15 0
1821.78 0
1822.42 0
1823.05 0
1823.69 0
1824.32 0
1824.95 0
1825.59 0
1826.22 0
1826.86 0
1827.49 0
1828.12 0
1828.76 0
1829.39 0
1830.03 0
1830.66 0
1831.29 0
1831.93 0
1832.56 0
1833.2 0
1833.83 4.01623
1834.46 4.26193
1835.1 5.04557
1835.73 6.87505
1836.37 10.1496
1837 14.57
1837.63 18.7549
1838.27 20.7861
1838.9 19.5661
1839.54 15.728
1840.17 11.1
1840.8 7.32456
1841.44 5.01401
1842.07 3.95221
1842.71 3.80456
1843.34 4.78919
1843.97 8.21098
1844.61 16.624
1845.24 32.7248
1845.87 56.3761
1846.51 81.6371
1847.14 97.9759
1847.78 97.0148
1848.41 79.2566
1849.04 53.6527
1849.68 30.5
1850.31 15.1184
1850.95 7.21024
1851.58 3.97811
1852.21 2.89861
1852.85 0
1853.48 0
1854.12 0
1854.75 0
1855.38 0
1856.02 0
1856.65 0
1857.29 0
1857.92 0
1858.55 0
1859.19 0
1859.82 0
1860.46 0
1861.09 0
1861.72 0
1862.36 0
1862.99 0
1863.62 0
1864.26 0
1864.89 0
1865.53 0
1866.16 0
1866.79 0
1867.43 0
1868.06 0
1868.7 4.35129
1869.33 4.51782
1869.96 4.98788
1870.6 6.02322
1871.23 7.79894
1871.87 10.1012
1872.5 12.1752
1873.13 13.0613
1873.77 12.2884
1874.4 10.2631
1875.04 7.9313
1875.67 6.08297
1876.3 4.9748
1876.94 4.45236
1877.57 4.25298
1878.21 0
1878.84 0
1879.47 0
1880.11 0
1880.74 0
1881.38 0
1882.01 0
1882.64 0
1883.28 0
1883.91 0
1884.54 0
1885.18 0
1885.81 0
1886.45 0
1887.08 0
1887.71 0
1888.35 0
1888.98 0
1889.62 0
1890.25 0
1890.88 0
1891.52 0
1892.15 0
1892.79 0
1893.42 0
1894.05 0
1894.69 0
1895.32 0
1895.96 0
1896.59 0
1897.22 0
1897.86 0
1898.49 0
1899.13 0
1899.76 0
1900.39 0
1901.03 0
1901.66 0
1902.29 0
1902.93 0
1903.56 0
1904.2 0
1904.83 0
1905.46 0
1906.1 0
1906.73 0
1907.37 0
1908 0
1908.63 0
1909.27 0
1909.9 0
1910.54 0
1911.17 0
1911.8 0
1912.44 0
1913.07 0
1913.71 0
1914.34 0
1914.97 0
1915.61 0
1916.24 0
1916.88 0
1917.51 0
1918.14 0
1918.78 0
1919.41 0
1920.04 0
1920.68 0
1921.31 0
1921.95 0
1922.58 0
1923.21 0
1923.85 0
1924.48 0
1925.12 0
1925.75 0
1926.38 0
1927.02 0
1927.65 0
1928.29 0
1928.92 0
1929.55 0
1930.19 0
1930.82 0
1931.46 0
1932.09 0
1932.72 0
1933.36 0
1933.99 0
1934.62 0
1935.26 0
1935.89 0
1936.53 0
1937.16 0
1937.79 0
1938.43 0
1939.06 0
1939.7 0
1940.33 0
1940.96 0
1941.6 0
1942.23 0
1942.87 0
1943.5 0
1944.13 0
1944.77 0
1945.4 0
1946.04 0
1946.67 0
1947.3 0
1947.94 0
1948.57 0
1949.2 0
1949.84 0
1950.47 0
1951.11 0
1951.74 0
1952.37 0
1953.01 0
1953.64 0
1954.28 0
1954.91 0
1955.54 0
1956.18 0
1956.81 0
1957.45 0
1958.08 0
1958.71 0
1959.35 0
1959.98 0
1960.62 0
1961.25 0
1961.88 0
1962.52 0
1963.15 0
1963.78 0
1964.42 0
1965.05 0
1965.69 0
1966.32 0
1966.95 0
1967.59 0
1968.22 0
1968.86 0
1969.49 0
1970.12 0
1970.76 0
1971.39 0
1972.03 0
1972.66 0
1973.29 0
1973.93 0
1974.56 0
1975.2 0
1975.83 0
1976.46 0
1977.1 0
1977.73 0
1978.36 0
1979 0
1979.63 0
1980.27 0
1980.9 0
1981.53 0
1982.17 0
1982.8 0
1983.44 0
1984.07 0
1984.7 0
1985.34 0
1985.97 0
1986.61 0
1987.24 0
1987.87 0
1988.51 0
1989.14 0
1989.78 0
1990.41 0
1991.04 0
1991.68 0
1992.31 0
1992.94 0
1993.58 0
1994.21 0
1994.85 0
1995.48 0
1996.11 0
1996.75 0
1997.38 0
1998.02 0
1998.65 0
1999.28 0
1999.92 0
2000.55 0
2001.19 0
2001.82 0
2002.45 0
2003.09 0
2003.72 0
2004.36 0
2004.99 0
2005.62 0
2006.26 0
2006.89 0
2007.52 0
2008.16 0
2008.79 0
2009.43 0
2010.06 0
2010.69 0
2011.33 0
2011.96 0
2012.6 0
2013.23 0
2013.86 0
2014.5 0
2015.13 0
2015.77 0
2016.4 0
2017.03 0
2017.67 0
2018.3 0
2018.93 0
2019.57 0
2020.2 0
2020.84 0
2021.47 0
2022.1 0
2022.74 0
2023.37 0
2024.01 0
2024.64 0
2025.27 0
2025.91 0
2026.54 0
2027.18 0
2027.81 0
2028.44 0
2029.08 0
2029.71 0
2030.34 0
2030.98 0
2031.61 0
2032.25 0
2032.88 0
2033.51 0
2034.15 0
2034.78 0
2035.42 0
2036.05 0
2036.68 0
2037.32 0
2037.95 0
2038.59 0
2039.22 0
2039.85 0
2040.49 0
2041.12 0
2041.75 0
2042.39 0
2043.02 0
2043.66 0
2044.29 0
2044.92 0
2045.56 0
2046.19 0
2046.83 0
2047.46 0
2048.09 0
2048.73 0
2049.36 0
2050 0
2050.63 0
2051.26 0
2051.9 0
2052.53 0
2053.16 0
2053.8 0
2054.43 0
2055.07 0
2055.7 0
2056.33 0
2056.97 0
2057.6 0
2058.24 0
2058.87 0
2059.5 0
2060.14 0
2060.77 0
2061.41 0
2062.04 0
2062.67 0
2063.31 0
2063.94 0
2064.57 0
2065.21 0
2065.84 0
2066.48 0
2067.11 0
2067.74 0
2068.38 0
2069.01 0
2069.65 0
2070.28 0
2070.91 0
2071.55 0
2072.18 0
2072.82 0
2073.45 0
2074.08 0
2074.72 0
2075.35 0
2075.98 0
2076.62 0
2077.25 0
2077.89 0
2078.52 0
2079.15 0
2079.79 0
2080.42 0
2081.06 0
2081.69 0
2082.32 0
2082.96 0
2083.59 0
2084.23 0
2084.86 0
2085.49 0
2086.13 0
2086.76 0
2087.39 0
2088.03 0
2088.66 0
2089.3 0
2089.93 0
2090.56 0
2091.2 0
2091.83 0
2092.47 0
2093.1 0
2093.73 0
2094.37 0
2095 0
2095.64 0
2096.27 0
2096.9 0
2097.54 0
2098.17 0
2098.8 0
2099.44 0
2100.07 0
2100.71 0
2101.34 0
2101.97 0
2102.61 0
2103.24 0
2103.88 0
2104.51 0
2105.14 0
2105.78 0
2106.41 0
2107.04 0
2107.68 0
2108.31 0
2108.95 0
2109.58 0
2110.21 0
2110.85 0
2111.48 0
2112.12 0
2112.75 0
2113.38 0
2114.02 1.77244
2114.65 2.82365
2115.29 5.52032
2115.92 11.1092
2116.55 20.3098
2117.19 31.9596
2117.82 42.4302
2118.45 47.1885
2119.09 43.8817
2119.72 34.1707
2120.36 22.4191
2120.99 12.6077
2121.62 6.36494
2122.26 3.22356
2122.89 1.95153
2123.53 0
2124.16 0
2124.79 0
2125.43 0
2126.06 0
2126.69 0
2127.33 0
2127.96 0
2128.6 0
2129.23 0
2129.86 0
2130.5 0
2131.13 0
2131.77 0
2132.4 0
2133.03 0
2133.67 0
2134.3 0
2134.93 0
2135.57 0
2136.2 0
2136.84 0
2137.47 0
2138.1 0
2138.74 0
2139.37 0
2140.01 0
2140.64 0
2141.27 0
2141.91 0
2142.54 0
2143.18 0
2143.81 0
2144.44 0
2145.08 0
2145.71 0
2146.34 0
2146.98 0
2147.61 0
2148.25 0
2148.88 0
2149.51 0
2150.15 0
2150.78 0
2151.42 0
2152.05 0
2152.68 0
2153.32 0
2153.95 0
2154.58 0
2155.22 0
2155.85 0
2156.49 0
2157.12 0
2157.75 0
2158.39 0
2159.02 0
2159.66 0
2160.29 0
2160.92 0
2161.56 0
2162.19 0
2162.82 0
2163.46 0
2164.09 0
2164.73 0
2165.36 0
2165.99 0
2166.63 0
2167.26 0
2167.9 0
2168.53 0
2169.16 0
2169.8 0
2170.43 0
2171.06 0
2171.7 0
2172.33 0
2172.97 0
2173.6 0
2174.23 0
2174.87 0
2175.5 0
2176.14 0
2176.77 0
2177.4 0
2178.04 0
2178.67 0
2179.3 0
2179.94 0
2180.57 0
2181.21 0
2181.84 0
2182.47 0
2183.11 0
2183.74 0
2184.38 0
2185.01 0
2185.64 0
2186.28 0
2186.91 0
2187.54 0
2188.18 0
2188.81 0
2189.45 0
2190.08 0
2190.71 0
2191.35 0
2191.98 0
2192.62 0
2193.25 0
2193.88 0
2194.52 0
2195.15 0
2195.78 0
2196.42 0
2197.05 0
2197.69 0
2198.32 0
2198.95 0
2199.59 3.43506
2200.22 8.47386
2200.86 21.0144
2201.49 46.2807
2202.12 86.8247
2202.76 136.962
2203.39 180.901
2204.02 199.785
2204.66 184.432
2205.29 142.374
2205.93 92.0342
2206.56 50.0122
2207.19 23.1105
2207.83 9.41719
2208.46 3.77637
2209.1 0
2209.73 0
2210.36 0
2211 0
2211.63 0
2212.26 0
2212.9 0
2213.53 0
2214.17 0
2214.8 0
2215.43 0
2216.07 0
2216.7 0
2217.34 0
2217.97 0
2218.6 0
2219.24 0
2219.87 0
2220.5 0
2221.14 0
2221.77 0
2222.41 0
2223.04 0
2223.67 0
2224.31 0
2224.94 0
2225.57 0
2226.21 0
2226.84 0
2227.48 0
2228.11 0
2228.74 0
2229.38 0
2230.01 0
2230.65 0
2231.28 0
2231.91 0
2232.55 0
2233.18 0
2233.81 0
2234.45 0
2235.08 0
2235.72 0
2236.35 0
2236.98 0
2237.62 0
2238.25 0
2238.89 0
2239.52 0
2240.15 0
2240.79 0
2241.42 0
2242.05 0
2242.69 0
2243.32 0
2243.96 0
2244.59 0
2245.22 0
2245.86 0
2246.49 0
2247.12 0
2247.76 0
2248.39 0
2249.03 0
2249.66 0
2250.29 0
2250.93 0
2251.56 0
2252.2 0
2252.83 0
2253.46 0
2254.1 0
2254.73 0
2255.36 0
2256 0
2256.63 0
2257.27 0
2257.9 0
2258.53 0
2259.17 0
2259.8 0
2260.44 0
2261.07 0
2261.7 0
2262.34 0
2262.97 0
2263.6 0
2264.24 0
2264.87 0
2265.51 0
2266.14 0
2266.77 0
2267.41 0
2268.04 0
2268.67 0
2269.31 0
2269.94 0
2270.58 0
2271.21 0
2271.84 0
2272.48 0
2273.11 0
2273.75 0
2274.38 0
2275.01 0
2275.65 0
2276.28 0
2276.91 0
2277.55 0
2278.18 0
2278.82 0
2279.45 0
2280.08 0
2280.72 0
2281.35 0
2281.98 0
2282.62 0
2283.25 0
2283.89 0
2284.52 0
2285.15 0
2285.79 0
2286.42 0
2287.06 0
2287.69 0
2288.32 0
2288.96 0.360325
2289.59 0.74687
2290.22 1.67165
2290.86 3.46836
2291.49 6.25503
2292.13 9.58664
2292.76 12.3891
2293.39 13.4641
2294.03 12.2978
2294.66 9.44806
2295.29 6.12381
2295.93 3.37654
2296.56 1.6216
2297.2 0.725134
2297.83 0.35272
2298.46 0
2299.1 0
2299.73 0
2300.37 0
2301 0
2301.63 0
2302.27 0
2302.9 0
2303.53 0
2304.17 0
2304.8 0
2305.44 0
2306.07 0
2306.7 0
2307.34 0
2307.97 0
2308.6 0
2309.24 0
2309.87 0
2310.51 0
2311.14 0
2311.77 0
2312.41 0
2313.04 0
2313.67 0
2314.31 0
2314.94 0
2315.58 0
2316.21 0
2316.84 0
2317.48 0
2318.11 0
2318.75 0
2319.38 0
2320.01 0
2320.65 0
2321.28 0
2321.91 0
2322.55 0
2323.18 0
2323.82 0
2324.45 0
2325.08 0
2325.72 0
2326.35 0
2326.98 0
2327.62 0
2328.25 0
2328.89 0
2329.52 0
2330.15 0
2330.79 0
2331.42 0
2332.05 0
2332.69 0
2333.32 0
2333.96 0
2334.59 0
2335.22 0
2335.86 0
2336.49 0
2337.12 0
2337.76 0
2338.39 0
2339.03 0
2339.66 0
2340.29 0
2340.93 0
2341.56 0
2342.2 0
2342.83 0
2343.46 0
2344.1 0
2344.73 0
2345.36 0
2346 0
2346.63 0
2347.27 0
2347.9 0
2348.53 0
2349.17 0
2349.8 0
2350.43 0
2351.07 0
2351.7 0
2352.34 0
2352.97 0
2353.6 0
2354.24 0
2354.87 0
2355.5 0
2356.14 0
2356.77 0
2357.41 0
2358.04 0
2358.67 0
2359.31 0
2359.94 0
2360.57 0
2361.21 0
2361.84 0
2362.48 0
2363.11 0
2363.74 0
2364.38 0
2365.01 0
2365.64 0
2366.28 0
2366.91 0
2367.55 0
2368.18 0
2368.81 0
2369.45 0
2370.08 0
2370.72 0
2371.35 0
2371.98 0
2372.62 0
2373.25 0
2373.88 0
2374.52 0
2375.15 0
2375.79 0
2376.42 0
2377.05 0
2377.69 0
2378.32 0
2378.95 0
2379.59 0
2380.22 0
2380.86 0
2381.49 0
2382.12 0
2382.76 0
2383.39 0
2384.02 0
2384.66 0
2385.29 0
2385.93 0
2386.56 0
2387.19 0
2387.83 0
2388.46 0
2389.09 0
2389.73 0
2390.36 0
2391 0
2391.63 0
2392.26 0
2392.9 0
2393.53 0
2394.16 0
2394.8 0
2395.43 0
2396.07 0
2396.7 0
2397.33 0
2397.97 0
2398.6 0
2399.23 0
2399.87 0
2400.5 0
2401.14 0
2401.77 0
2402.4 0
2403.04 0
2403.67 0
2404.3 0
2404.94 0
2405.57 0
2406.21 0
2406.84 0
2407.47 0
2408.11 0
2408.74 0
2409.37 0
2410.01 0
2410.64 0
2411.28 0
2411.91 0
2412.54 0
2413.18 0
2413.81 0
2414.44 0
2415.08 0
2415.71 0
2416.35 0
2416.98 0
2417.61 0
2418.25 0
2418.88 0
2419.51 0
2420.15 0
2420.78 0
2421.42 0
2422.05 0
2422.68 0
2423.32 0
2423.95 0
2424.58 0
2425.22 0
2425.85 0
2426.49 0
2427.12 0
2427.75 0
2428.39 0
2429.02 0
2429.65 0
2430.29 0
2430.92 0
2431.56 0
2432.19 0
2432.82 0
2433.46 0
2434.09 0
2434.72 0
2435.36 0
2435.99 0
2436.63 0
2437.26 0
2437.89 0
2438.53 0
2439.16 0
2439.79 0
2440.43 0
2441.06 0
2441.7 0
2442.33 0
2442.96 0.678309
2443.6 1.723
2444.23 4.36943
2444.86 9.87912
2445.5 19.1872
2446.13 31.6444
2446.77 44.1515
2447.4 52.0488
2448.03 51.8246
2448.67 43.5872
2449.3 30.9826
2449.93 18.6405
2450.57 9.53144
2451.2 4.19332
2451.84 1.65078
2452.47 0.654126
2453.1 0
2453.74 0
2454.37 0
2455 0
2455.64 0
2456.27 0
2456.91 0
2457.54 0
2458.17 0
2458.81 0
2459.44 0
2460.07 0
2460.71 0
2461.34 0
2461.97 0
2462.61 0
2463.24 0
2463.88 0
2464.51 0
2465.14 0
2465.78 0
2466.41 0
2467.04 0
2467.68 0
2468.31 0
2468.95 0
2469.58 0
2470.21 0
2470.85 0
2471.48 0
2472.11 0
2472.75 0
2473.38 0
2474.02 0
2474.65 0
2475.28 0
2475.92 0
2476.55 0
2477.18 0
2477.82 0
2478.45 0
2479.09 0
2479.72 0
2480.35 0
2480.99 0
2481.62 0
2482.25 0
2482.89 0
2483.52 0
2484.16 0
2484.79 0
2485.42 0
2486.06 0
2486.69 0
2487.32 0
2487.96 0
2488.59 0
2489.22 0
2489.86 0
2490.49 0
2491.13 0
2491.76 0
2492.39 0
2493.03 0
2493.66 0
2494.29 0
2494.93 0
2495.56 0
2496.2 0
2496.83 0
2497.46 0
2498.1 0
2498.73 0
2499.36 0
2500 0
2500.63 0
2501.27 0
2501.9 0
2502.53 0
2503.17 0
2503.8 0
2504.43 0
2505.07 0
2505.7 0
2506.33 0
2506.97 0
2507.6 0
2508.24 0
2508.87 0
2509.5 0
2510.14 0
2510.77 0
2511.4 0
2512.04 0
2512.67 0
2513.31 0
2513.94 0
2514.57 0
2515.21 0
2515.84 0
2516.47 0
2517.11 0
2517.74 0
2518.38 0
2519.01 0
2519.64 0
2520.28 0
2520.91 0
2521.54 0
2522.18 0
2522.81 0
2523.44 0
2524.08 0
2524.71 0
2525.35 0
2525.98 0
2526.61 0
2527.25 0
2527.88 0
2528.51 0
2529.15 0
2529.78 0
2530.42 0
2531.05 0
2531.68 0
2532.32 0
2532.95 0
2533.58 0
2534.22 0
2534.85 0
2535.48 0
2536.12 0
2536.75 0
2537.39 0
2538.02 0
2538.65 0
2539.29 0
2539.92 0
2540.55 0
2541.19 0
2541.82 0
2542.46 0
2543.09 0
2543.72 0
2544.36 0
2544.99 0
2545.62 0
2546.26 0
2546.89 0
2547.52 0
2548.16 0
2548.79 0
2549.43 0
2550.06 0
2550.69 0
2551.33 0
2551.96 0
2552.59 0
2553.23 0
2553.86 0
2554.5 0
2555.13 0
2555.76 0
2556.4 0
2557.03 0
2557.66 0
2558.3 0
2558.93 0
2559.56 0
2560.2 0
2560.83 0
2561.47 0
2562.1 0
2562.73 0
2563.37 0
2564 0
2564.63 0
2565.27 0
2565.9 0
2566.54 0
2567.17 0
2567.8 0
2568.44 0
2569.07 0
2569.7 0
2570.34 0
2570.97 0
2571.6 0
2572.24 0
2572.87 0
2573.51 0
2574.14 0
2574.77 0
2575.41 0
2576.04 0
2576.67 0
2577.31 0
2577.94 0
2578.57 0
2579.21 0
2579.84 0
2580.48 0
2581.11 0
2581.74 0
2582.38 0
2583.01 0
2583.64 0
2584.28 0
2584.91 0
2585.55 0
2586.18 0
2586.81 0
2587.45 0
2588.08 0
2588.71 0
2589.35 0
2589.98 0
2590.61 0
2591.25 0
2591.88 0
2592.52 0
2593.15 0
2593.78 0
2594.42 0
2595.05 0
2595.68 0
2596.32 0
2596.95 0
2597.58 0
2598.22 0
2598.85 0
2599.49 0
2600.12 0
2600.75 0
2601.39 0
2602.02 0
2602.65 0
2603.29 0
2603.92 0
2604.55 0
2605.19 0
2605.82 0
2606.46 0
2607.09 0
2607.72 0
2608.36 0
2608.99 0
2609.62 0
2610.26 0
2610.89 0
2611.52 0
2612.16 0
2612.79 0
2613.43 0
2614.06 0
2614.69 0
2615.33 0
2615.96 0
2616.59 0
2617.23 0
2617.86 0
2618.49 0
2619.13 0
2619.76 0
2620.4 0
2621.03 0
2621.66 0
2622.3 0
2622.93 0
2623.56 0
2624.2 0
2624.83 0
2625.46 0
2626.1 0
2626.73 0
2627.37 0
2628 0
2628.63 0
2629.27 0
2629.9 0
2630.53 0
2631.17 0
2631.8 0
2632.43 0
2633.07 0
2633.7 0
2634.34 0
2634.97 0
2635.6 0
2636.24 0
2636.87 0
2637.5 0
2638.14 0
2638.77 0
2639.4 0
2640.04 0
2640.67 0
2641.31 0
2641.94 0
2642.57 0
2643.21 0
2643.84 0
2644.47 0
2645.11 0
2645.74 0
2646.37 0
2647.01 0
2647.64 0
2648.28 0
2648.91 0
2649.54 0
2650.18 0
2650.81 0
2651.44 0
2652.08 0
2652.71 0
2653.34 0
2653.98 0
2654.61 0
2655.25 0
2655.88 0
2656.51 0
2657.15 0
2657.78 0
2658.41 0
2659.05 0
2659.68 0
2660.31 0
2660.95 0
2661.58 0
2662.22 0
2662.85 0
2663.48 0
2664.12 0
2664.75 0
2665.38 0
2666.02 0
2666.65 0
2667.28 0
2667.92 0
2668.55 0
2669.19 0
2669.82 0
2670.45 0
2671.09 0
2671.72 0
2672.35 0
2672.99 0
2673.62 0
2674.25 0
2674.89 0
2675.52 0
2676.15 0
2676.79 0
2677.42 0
2678.06 0
2678.69 0
2679.32 0
2679.96 0
2680.59 0
2681.22 0
2681.86 0
2682.49 0
2683.12 0
2683.76 0
2684.39 0
2685.03 0
2685.66 0
2686.29 0
2686.93 0
2687.56 0
2688.19 0
2688.83 0
2689.46 0
2690.09 0
2690.73 0
2691.36 0
2691.99 0
2692.63 0
2693.26 0
2693.9 0
2694.53 0
2695.16 0
2695.8 0
2696.43 0
2697.06 0
2697.7 0
2698.33 0
2698.96 0
2699.6 0
2700.23 0
2700.87 0
2701.5 0
2702.13 0
2702.77 0
2703.4 0
2704.03 0
2704.67 0
2705.3 0
2705.93 0
2706.57 0
2707.2 0
2707.83 0
2708.47 0
2709.1 0
2709.74 0
2710.37 0
2711 0
2711.64 0
2712.27 0
2712.9 0
2713.54 0
2714.17 0
2714.8 0
2715.44 0
2716.07 0
2716.7 0
2717.34 0
2717.97 0
2718.61 0
2719.24 0
2719.87 0
2720.51 0
2721.14 0
2721.77 0
2722.41 0
2723.04 0
2723.67 0
2724.31 0
2724.94 0
2725.58 0
2726.21 0
2726.84 0
2727.48 0
2728.11 0
2728.74 0
2729.38 0
2730.01 0
2730.64 0
2731.28 0
2731.91 0
2732.54 0
2733.18 0
2733.81 0
2734.45 0
2735.08 0
2735.71 0
2736.35 0
2736.98 0
2737.61 0
2738.25 0
2738.88 0
2739.51 0
2740.15 0
2740.78 0
2741.41 0
2742.05 0
2742.68 0
2743.32 0
2743.95 0
2744.58 0
2745.22 0
2745.85 0
2746.48 0
2747.12 0
2747.75 0
2748.38 0
2749.02 0
2749.65 0
2750.28 0
2750.92 0
2751.55 0
2752.18 0
2752.82 0
2753.45 0
2754.09 0
2754.72 0
2755.35 0
2755.99 0
2756.62 0
2757.25 0
2757.89 0
2758.52 0
2759.15 0
2759.79 0
2760.42 0
2761.05 0
2761.69 0
2762.32 0
2762.96 0
2763.59 0
2764.22 0
2764.86 0
2765.49 0
2766.12 0
2766.76 0
2767.39 0
2768.02 0
2768.66 0
2769.29 0
2769.92 0
2770.56 0
2771.19 0
2771.83 0
2772.46 0
2773.09 0
2773.73 0
2774.36 0
2774.99 0
2775.63 0
2776.26 0
2776.89 0
2777.53 0
2778.16 0
2778.79 0
2779.43 0
2780.06 0
2780.69 0
2781.33 0
2781.96 0
2782.6 0
2783.23 0
2783.86 0
2784.5 0
2785.13 0
2785.76 0
2786.4 0
2787.03 0
2787.66 0
2788.3 0
2788.93 0
2789.56 0
2790.2 0
2790.83 0
2791.46 0
2792.1 0
2792.73 0
2793.37 0
2794 0
2794.63 0
2795.27 0
2795.9 0
2796.53 0
2797.17 0
2797.8 0
2798.43 0
2799.07 0
2799.7 0
2800.33 0
2800.97 0
2801.6 0
2802.23 0
2802.87 0
2803.5 0
2804.14 0
2804.77 0
2805.4 0
2806.04 0
2806.67 0
2807.3 0
2807.94 0
2808.57 0
2809.2 0
2809.84 0
2810.47 0
2811.1 0
2811.74 0
2812.37 0
2813 0
2813.64 0
2814.27 0
2814.91 0
2815.54 0
2816.17 0
2816.81 0
2817.44 0
2818.07 0
2818.71 0
2819.34 0
2819.97 0
2820.61 0
2821.24 0
2821.87 0
2822.51 0
2823.14 0
2823.77 0
2824.41 0
2825.04 0
2825.68 0
2826.31 0
2826.94 0
2827.58 0
2828.21 0
2828.84 0
2829.48 0
2830.11 0
2830.74 0
2831.38 0
2832.01 0
2832.64 0
2833.28 0
2833.91 0
2834.54 0
2835.18 0
2835.81 0
2836.44 0
2837.08 0
2837.71 0
2838.35 0
2838.98 0
2839.61 0
2840.25 0
2840.88 0
2841.51 0
2842.15 0
2842.78 0
2843.41 0
2844.05 0
2844.68 0
2845.31 0
2845.95 0
2846.58 0
2847.21 0
2847.85 0
2848.48 0
2849.11 0
2849.75 0
2850.38 0
2851.02 0
2851.65 0
2852.28 0
2852.92 0
2853.55 0
2854.18 0
2854.82 0
2855.45 0
2856.08 0
2856.72 0
2857.35 0
2857.98 0
2858.62 0
2859.25 0
2859.88 0
2860.52 0
2861.15 0
2861.78 0
2862.42 0
2863.05 0
2863.69 0
2864.32 0
2864.95 0
2865.59 0
2866.22 0
2866.85 0
2867.49 0
2868.12 0
2868.75 0
2869.39 0
2870.02 0
2870.65 0
2871.29 0
2871.92 0
2872.55 0
2873.19 0
2873.82 0
2874.45 0
2875.09 0
2875.72 0
2876.35 0
2876.99 0
2877.62 0
2878.26 0
2878.89 0
2879.52 0
2880.16 0
2880.79 0
2881.42 0
2882.06 0
2882.69 0
2883.32 0
2883.96 0
2884.59 0
2885.22 0
2885.86 0
2886.49 0
2887.12 0
2887.76 0
2888.39 0
2889.02 0
2889.66 0
2890.29 0
2890.92 0
2891.56 0
2892.19 0
2892.82 0
2893.46 0
2894.09 0
2894.73 0
2895.36 0
2895.99 0
2896.63 0
2897.26 0
2897.89 0
2898.53 0
2899.16 0
2899.79 0
2900.43 0
2901.06 0
2901.69 0
2902.33 0
2902.96 0
2903.59 0
2904.23 0
2904.86 0
2905.49 0
2906.13 0
2906.76 0
2907.39 0
2908.03 0
2908.66 0
2909.29 0
2909.93 0
2910.56 0
2911.2 0
2911.83 0
2912.46 0
2913.1 0
2913.73 0
2914.36 0
2915 0
2915.63 0
2916.26 0
2916.9 0
2917.53 0
2918.16 0
2918.8 0
2919.43 0
2920.06 0
2920.7 0
2921.33 0
2921.96 0
2922.6 0
2923.23 0
2923.86 0
2924.5 0
2925.13 0
2925.76 0
2926.4 0
2927.03 0
2927.66 0
2928.3 0
2928.93 0
2929.57 0
2930.2 0
2930.83 0
2931.47 0
2932.1 0
2932.73 0
2933.37 0
2934 0
2934.63 0
2935.27 0
2935.9 0
2936.53 0
2937.17 0
2937.8 0
2938.43 0
2939.07 0
2939.7 0
2940.33 0
2940.97 0
2941.6 0
2942.23 0
2942.87 0
2943.5 0
2944.13 0
2944.77 0
2945.4 0
2946.03 0
2946.67 0
2947.3 0
2947.93 0
2948.57 0
2949.2 0
2949.83 0
2950.47 0
2951.1 0
2951.74 0
2952.37 0
2953 0
2953.64 0
2954.27 0
2954.9 0
2955.54 0
2956.17 0
2956.8 0
2957.44 0
2958.07 0
2958.7 0
2959.34 0
2959.97 0
2960.6 0
2961.24 0
2961.87 0
2962.5 0
2963.14 0
2963.77 0
2964.4 0
2965.04 0
2965.67 0
2966.3 0
2966.94 0
2967.57 0
2968.2 0
2968.84 0
2969.47 0
2970.1 0
2970.74 0
2971.37 0
2972 0
2972.64 0
2973.27 0
2973.9 0
2974.54 0
2975.17 0
2975.8 0
2976.44 0
2977.07 0
2977.71 0
2978.34 0
2978.97 0
2979.61 0
2980.24 0
2980.87 0
2981.51 0
2982.14 0
2982.77 0
2983.41 0
2984.04 0
2984.67 0
2985.31 0
2985.94 0
2986.57 0
2987.21 0
2987.84 0
2988.47 0
2989.11 0
2989.74 0
2990.37 0
2991.01 0
2991.64 0
2992.27 0
2992.91 0
2993.54 0
2994.17 0
2994.81 0
2995.44 0
2996.07 0
2996.71 0
2997.34 0
2997.97 0
2998.61 0
2999.24 0
2999.87 0
3000.51 0
3001.14 0
3001.77 0
3002.41 0
3003.04 0
3003.67 0
3004.31 0
3004.94 0
3005.57 0
3006.21 0
3006.84 0
3007.47 0
3008.11 0
3008.74 0
3009.37 0
3010.01 0
3010.64 0
3011.27 0
3011.91 0
3012.54 0
3013.18 0
3013.81 0
3014.44 0
3015.08 0
3015.71 0
3016.34 0
3016.98 0
3017.61 0
3018.24 0
3018.88 0
3019.51 0
3020.14 0
3020.78 0
3021.41 0
3022.04 0
3022.68 0
3023.31 0
3023.94 0
3024.58 0
3025.21 0
3025.84 0
3026.48 0
3027.11 0
3027.74 0
3028.38 0
3029.01 0
3029.64 0
3030.28 0
3030.91 0
3031.54 0
3032.18 0
3032.81 0
3033.44 0
3034.08 0
3034.71 0
3035.34 0
3035.98 0
3036.61 0
3037.24 0
3037.88 0
3038.51 0
3039.14 0
3039.78 0
3040.41 0
3041.04 0
3041.68 0
3042.31 0
3042.94 0
3043.58 0
3044.21 0
3044.84 0
3045.48 0
3046.11 0
3046.74 0
3047.38 0
3048.01 0
3048.64 0
3049.28 0
3049.91 0
3050.54 0
3051.18 0
3051.81 0
3052.44 0
3053.08 0
3053.71 0
3054.34 0
3054.98 0
3055.61 0
3056.24 0
3056.88 0
3057.51 0
3058.14 0
3058.78 0
3059.41 0
3060.04 0
3060.68 0
3061.31 0
3061.94 0
3062.58 0
3063.21 0
3063.84 0
3064.48 0
3065.11 0
3065.74 0
3066.38 0
3067.01 0
3067.64 0
3068.28 0
3068.91 0
3069.54 0
3070.18 0
3070.81 0
3071.44 0
3072.08 0
3072.71 0
3073.34 0
3073.98 0
3074.61 0
3075.24 0
3075.88 0
3076.51 0
3077.14 0
3077.78 0
3078.41 0
3079.04 0
3079.68 0
3080.31 0
3080.94 0
3081.58 0
3082.21 0
3082.84 0
3083.48 0
3084.11 0
3084.74 0
3085.38 0
3086.01 0
3086.64 0
3087.28 0
3087.91 0
3088.54 0
3089.18 0
3089.81 0
3090.44 0
3091.08 0
3091.71 0
3092.34 0
3092.98 0
3093.61 0
3094.24 0
3094.88 0
3095.51 0
3096.14 0
3096.78 0
3097.41 0
3098.04 0
3098.68 0
3099.31 0
3099.94 0
3100.58 0
3101.21 0
3101.84 0
3102.48 0
3103.11 0
3103.74 0
3104.38 0
3105.01 0
3105.64 0
3106.28 0
3106.91 0
3107.54 0
3108.18 0
3108.81 0
3109.44 0
3110.08 0
3110.71 0
3111.34 0
3111.98 0
3112.61 0
3113.24 0
3113.88 0
3114.51 0
3115.14 0
3115.78 0
3116.41 0
3117.04 0
3117.68 0
3118.31 0
3118.94 0
3119.58 0
3120.21 0
3120.84 0
3121.48 0
3122.11 0
3122.74 0
3123.37 0
3124.01 0
3124.64 0
3125.27 0
3125.91 0
3126.54 0
3127.17 0
3127.81 0
3128.44 0
3129.07 0
3129.71 0
3130.34 0
3130.97 0
3131.61 0
3132.24 0
3132.87 0
3133.51 0
3134.14 0
3134.77 0
3135.41 0
3136.04 0
3136.67 0
3137.31 0
3137.94 0
3138.57 0
3139.21 0
3139.84 0
3140.47 0
3141.11 0
3141.74 0
3142.37 0
3143.01 0
3143.64 0
3144.27 0
3144.91 0
3145.54 0
3146.17 0
3146.81 0
3147.44 0
3148.07 0
3148.71 0
3149.34 0
3149.97 0
3150.61 0
3151.24 0
3151.87 0
3152.51 0
3153.14 0
3153.77 0
3154.41 0
3155.04 0
3155.67 0
3156.31 0
3156.94 0
3157.57 0
3158.2 0
3158.84 0
3159.47 0
3160.1 0
3160.74 0
3161.37 0
3162 0
3162.64 0
3163.27 0
3163.9 0
3164.54 0
3165.17 0
3165.8 0
3166.44 0
3167.07 0
3167.7 0
3168.34 0
3168.97 0
3169.6 0
3170.24 0
3170.87 0
3171.5 0
3172.14 0
3172.77 0
3173.4 0
3174.04 0
3174.67 0
3175.3 0
3175.94 0
3176.57 0
3177.2 0
3177.84 0
3178.47 0
3179.1 0
3179.74 0
3180.37 0
3181 0
3181.64 0
3182.27 0
3182.9 0
3183.53 0
3184.17 0
3184.8 0
3185.43 0
3186.07 0
3186.7 0
3187.33 0
3187.97 0
3188.6 0
3189.23 0
3189.87 0
3190.5 0
3191.13 0
3191.77 0
3192.4 0
3193.03 0
3193.67 0
3194.3 0
3194.93 0
3195.57 0
3196.2 0
3196.83 0
3197.47 0
3198.1 0
3198.73 0
