0.317252 0
0.957379 0
1.59751 0
2.23764 0
2.87776 0
3.51789 0
4.15802 0
4.79815 0
5.43827 0
6.0784 0
6.71853 0
7.35866 0
7.99879 0
8.63891 0
9.27904 0
9.91917 0
10.5593 0
11.1994 0
11.8396 0
12.4797 0
13.1198 0
13.7599 0
14.4001 0
15.0402 0
15.6803 0
16.3204 0
16.9606 0
17.6007 0
18.2408 0
18.881 0
19.5211 0
20.1612 0
20.8013 0
21.4415 0
22.0816 0
22.7217 0
23.3619 0
24.002 0
24.6421 0
25.2822 0
25.9224 0
26.5625 0
27.2026 0
27.8427 0
28.4829 0
29.123 0
29.7631 0
30.4033 0
31.0434 0
31.6835 0
32.3236 0
32.9638 0
33.6039 0
34.244 0
34.8842 0
35.5243 0
36.1644 0
36.8045 0
37.4447 0
38.0848 0
38.7249 0
39.365 0
40.0052 0
40.6453 0
41.2854 0
41.9256 0
42.5657 0
43.2058 0
43.8459 0
44.4861 0
45.1262 0
45.7663 0
46.4065 0
47.0466 0
47.6867 0
48.3268 0
48.967 0
49.6071 0
50.2472 0
50.8873 0
51.5275 0
52.1676 0
52.8077 0
53.4479 0
54.088 0
54.7281 0
55.3682 0
56.0084 0
56.6485 0
57.2886 0
57.9288 0
58.5689 0
59.209 0
59.8491 0
60.4893 0
61.1294 0
61.7695 0
62.4096 0
63.0498 0
63.6899 0
64.33 0
64.9702 0
65.6103 0
66.2504 0
66.8905 0
67.5307 0
68.1708 0
68.8109 0
69.4511 0
70.0912 0
70.7313 0
71.3714 0
72.0116 0
72.6517 0
73.2918 0
73.9319 0
74.5721 0
75.2122 0
75.8523 0
76.4925 0
77.1326 0
77.7727 0
78.4128 0
79.053 0
79.6931 0
80.3332 0
80.9734 0
81.6135 0
82.2536 0
82.8937 0
83.5339 0
84.174 0
84.8141 0
85.4542 0
86.0944 0
86.7345 0
87.3746 0
88.0148 0
88.6549 0
89.295 0
89.9351 0
90.5753 0
91.2154 0
91.8555 0
92.4957 0
93.1358 0
93.7759 0
94.416 0
95.0562 0
95.6963 0
96.3364 0
96.9765 0
97.6167 0
98.2568 0
98.8969 0
99.5371 0
100.177 0
100.817 0
101.457 0
102.098 0
102.738 0
103.378 0
104.018 0
104.658 0
105.298 0
105.938 0
106.578 0
107.219 0
107.859 0
108.499 0
109.139 0
109.779 0
110.419 0
111.059 0
111.699 0
112.34 0
112.98 0
113.62 0
114.26 0
114.9 0
115.54 0
116.18 0
116.821 0
117.461 0
118.101 0
118.741 0
119.381 0
120.021 0
120.661 0
121.301 0
121.942 0
122.582 0
123.222 0
123.862 0
124.502 0
125.142 0
125.782 0
126.422 0
127.063 0
127.703 0
128.343 0
128.983 0
129.623 0
130.263 0
130.903 0
131.543 0
132.184 0
132.824 0
133.464 0
134.104 0
134.744 0
135.384 0
136.024 0
136.664 0
137.305 0
137.945 0
138.585 0
139.225 0
139.865 0
140.505 0
141.145 0
141.785 0
142.426 0
143.066 0
143.706 0
144.346 0
144.986 0
145.626 0
146.266 0
146.907 0
147.547 0
148.187 0
148.827 0
149.467 0
150.107 0
150.747 0
151.387 0
152.028 0
152.668 0
153.308 0
153.948 0
154.588 0
155.228 0
155.868 0
156.508 0
157.149 0
157.789 0
158.429 0
159.069 0
159.709 0
160.349 0
160.989 0
161.629 0
162.27 0
162.91 0
163.55 0
164.19 0
164.83 0
165.47 0
166.11 0
166.75 0
167.391 0
168.031 0
168.671 0
169.311 0
169.951 0
170.591 0
171.231 0
171.872 0
172.512 0
173.152 0
173.792 0
174.432 0
175.072 0
175.712 0
176.352 0
176.993 0
177.633 0
178.273 0
178.913 0
179.553 0
180.193 0
180.833 0
181.473 0
182.114 0
182.754 0
183.394 0
184.034 0
184.674 0
185.314 0
185.954 0
186.594 0
187.235 0
187.875 0
188.515 0
189.155 0
189.795 0
190.435 0
191.075 0
191.715 0
192.356 0
192.996 0
193.636 0
194.276 0
194.916 0
195.556 0
196.196 0
196.836 0
197.477 0
198.117 0
198.757 0
199.397 0
200.037 0
200.677 0
201.317 0
201.958 0
202.598 0
203.238 0
203.878 0
204.518 0
205.158 0
205.798 0
206.438 0
207.079 0
207.719 0
208.359 0
208.999 0
209.639 0
210.279 0
210.919 0
211.559 0
212.2 0
212.84 0
213.48 0
214.12 0
214.76 0
215.4 0
216.04 0
216.68 0
217.321 0
217.961 0
218.601 0
219.241 0
219.881 0
220.521 0
221.161 0
221.801 0
222.442 0
223.082 0
223.722 0
224.362 0
225.002 0
225.642 0
226.282 0
226.922 0
227.563 0
228.203 0
228.843 0
229.483 0
230.123 0
230.763 0
231.403 0
232.044 0
232.684 0
233.324 0
233.964 0
234.604 0
235.244 0
235.884 0
236.524 0
237.165 0
237.805 0
238.445 0
239.085 0
239.725 0
240.365 0
241.005 0
241.645 0
242.286 0
242.926 0
243.566 0
244.206 0
244.846 0
245.486 0
246.126 0
246.766 0
247.407 0
248.047 0
248.687 0
249.327 0
249.967 0
250.607 0
251.247 0
251.887 0
252.528 0
253.168 0
253.808 0
254.448 0
255.088 0
255.728 0
256.368 0
257.009 0
257.649 0
258.289 0
258.929 0
259.569 0
260.209 0
260.849 0
261.489 0
262.13 0
262.77 0
263.41 0
264.05 0
264.69 0
265.33 0
265.97 0
266.61 0
267.251 0
267.891 0
268.531 0
269.171 0
269.811 0
270.451 0
271.091 0
271.731 0
272.372 0
273.012 99.0826
273.652 98.6041
274.292 98.1227
274.932 97.5988
275.572 96.754
276.212 94.8378
276.852 91.8882
277.493 90.452
278.133 91.8732
278.773 93.6394
279.413 94.0969
280.053 93.8007
280.693 93.34
281.333 92.8625
281.973 92.384
282.614 0
283.254 0
283.894 0
284.534 0
285.174 0
285.814 0
286.454 0
287.095 0
287.735 0
288.375 0
289.015 0
289.655 0
290.295 0
290.935 0
291.575 0
292.216 0
292.856 0
293.496 0
294.136 0
294.776 0
295.416 0
296.056 0
296.696 0
297.337 0
297.977 0
298.617 0
299.257 0
299.897 0
300.537 0
301.177 0
301.817 0
302.458 0
303.098 0
303.738 0
304.378 0
305.018 0
305.658 0
306.298 0
306.938 0
307.579 0
308.219 0
308.859 0
309.499 0
310.139 0
310.779 0
311.419 0
312.059 0
312.7 0
313.34 0
313.98 0
314.62 0
315.26 0
315.9 0
316.54 0
317.181 0
317.821 0
318.461 0
319.101 0
319.741 0
320.381 0
321.021 0
321.661 0
322.302 0
322.942 0
323.582 0
324.222 0
324.862 0
325.502 0
326.142 0
326.782 0
327.423 0
328.063 0
328.703 0
329.343 0
329.983 0
330.623 0
331.263 0
331.903 0
332.544 0
333.184 0
333.824 0
334.464 0
335.104 0
335.744 0
336.384 0
337.024 0
337.665 0
338.305 0
338.945 0
339.585 0
340.225 0
340.865 0
341.505 0
342.145 0
342.786 69.0468
343.426 68.615
344.066 68.1822
344.706 67.7356
345.346 67.2054
345.986 66.4388
346.626 65.4838
347.267 64.8618
347.907 64.8237
348.547 64.8795
349.187 64.6727
349.827 64.292
350.467 63.8664
351.107 63.4351
351.747 63.0035
352.388 0
353.028 0
353.668 0
354.308 0
354.948 0
355.588 0
356.228 0
356.868 0
357.509 0
358.149 0
358.789 0
359.429 0
360.069 0
360.709 0
361.349 0
361.989 0
362.63 0
363.27 0
363.91 0
364.55 0
365.19 0
365.83 0
366.47 0
367.11 0
367.751 0
368.391 0
369.031 0
369.671 0
370.311 0
370.951 0
371.591 0
372.232 0
372.872 0
373.512 0
374.152 0
374.792 0
375.432 0
376.072 0
376.712 0
377.353 0
377.993 0
378.633 0
379.273 0
379.913 0
380.553 0
381.193 0
381.833 0
382.474 0
383.114 0
383.754 0
384.394 0
385.034 0
385.674 0
386.314 0
386.954 0
387.595 0
388.235 0
388.875 0
389.515 0
390.155 0
390.795 0
391.435 0
392.075 0
392.716 0
393.356 0
393.996 0
394.636 0
395.276 0
395.916 0
396.556 0
397.196 0
397.837 0
398.477 0
399.117 0
399.757 0
400.397 0
401.037 0
401.677 0
402.318 0
402.958 0
403.598 0
404.238 0
404.878 0
405.518 0
406.158 0
406.798 0
407.439 0
408.079 0
408.719 0
409.359 0
409.999 0
410.639 0
411.279 0
411.919 0
412.56 0
413.2 0
413.84 0
414.48 0
415.12 0
415.76 0
416.4 0
417.04 0
417.681 0
418.321 0
418.961 0
419.601 0
420.241 0
420.881 0
421.521 0
422.161 0
422.802 0
423.442 0
424.082 0
424.722 0
425.362 0
426.002 0
426.642 0
427.282 0
427.923 0
428.563 0
429.203 0
429.843 0
430.483 0
431.123 0
431.763 0
432.404 0
433.044 0
433.684 0
434.324 0
434.964 0
435.604 0
436.244 0
436.884 0
437.525 0
438.165 0
438.805 0
439.445 0
440.085 0
440.725 0
441.365 0
442.005 0
442.646 0
443.286 0
443.926 0
444.566 0
445.206 0
445.846 0
446.486 0
447.126 0
447.767 0
448.407 0
449.047 0
449.687 0
450.327 0
450.967 0
451.607 0
452.247 0
452.888 0
453.528 0
454.168 0
454.808 0
455.448 0
456.088 0
456.728 0
457.369 0
458.009 0
458.649 0
459.289 0
459.929 0
460.569 0
461.209 0
461.849 0
462.49 0
463.13 0
463.77 0
464.41 0
465.05 0
465.69 0
466.33 0
466.97 0
467.611 0
468.251 0
468.891 0
469.531 0
470.171 0
470.811 0
471.451 0
472.091 0
472.732 0
473.372 0
474.012 0
474.652 0
475.292 0
475.932 0
476.572 0
477.212 0
477.853 0
478.493 0
479.133 0
479.773 0
480.413 0
481.053 0
481.693 0
482.333 0
482.974 0
483.614 0
484.254 0
484.894 0
485.534 0
486.174 0
486.814 0
487.455 0
488.095 0
488.735 0
489.375 0
490.015 0
490.655 0
491.295 0
491.935 0
492.576 0
493.216 0
493.856 0
494.496 0
495.136 0
495.776 0
496.416 0
497.056 0
497.697 0
498.337 0
498.977 0
499.617 0
500.257 0
500.897 0
501.537 0
502.177 0
502.818 0
503.458 0
504.098 0
504.738 0
505.378 0
506.018 0
506.658 0
507.298 0
507.939 0
508.579 0
509.219 0
509.859 0
510.499 0
511.139 0
511.779 0
512.419 0
513.06 0
513.7 0
514.34 0
514.98 0
515.62 0
516.26 0
516.9 0
517.541 0
518.181 0
518.821 0
519.461 0
520.101 0
520.741 0
521.381 0
522.021 0
522.662 0
523.302 0
523.942 0
524.582 0
525.222 0
525.862 0
526.502 0
527.142 0
527.783 0
528.423 0
529.063 0
529.703 0
530.343 0
530.983 0
531.623 0
532.263 0
532.904 0
533.544 0
534.184 0
534.824 0
535.464 0
536.104 0
536.744 0
537.384 0
538.025 0
538.665 0
539.305 0
539.945 0
540.585 0
541.225 0
541.865 0
542.506 0
543.146 0
543.786 0
544.426 0
545.066 0
545.706 0
546.346 0
546.986 0
547.627 0
548.267 0
548.907 0
549.547 0
550.187 0
550.827 0
551.467 0
552.107 0
552.748 0
553.388 0
554.028 0
554.668 0
555.308 0
555.948 0
556.588 0
557.228 0
557.869 0
558.509 0
559.149 0
559.789 0
560.429 0
561.069 0
561.709 0
562.349 0
562.99 0
563.63 0
564.27 0
564.91 0
565.55 0
566.19 0
566.83 0
567.47 0
568.111 0
568.751 0
569.391 0
570.031 0
570.671 0
571.311 0
571.951 0
572.592 0
573.232 0
573.872 0
574.512 0
575.152 0
575.792 0
576.432 0
577.072 0
577.713 0
578.353 29.1308
578.993 28.9045
579.633 28.6789
580.273 28.4612
580.913 28.2883
581.553 28.2578
582.193 28.4408
582.834 28.6321
583.474 28.4318
584.114 27.8116
584.754 27.1596
585.394 26.7156
586.034 26.4259
586.674 26.1885
587.314 25.9608
587.955 25.7343
588.595 0
589.235 0
589.875 0
590.515 0
591.155 0
591.795 0
592.435 0
593.076 0
593.716 0
594.356 0
594.996 0
595.636 0
596.276 0
596.916 0
597.556 0
598.197 0
598.837 0
599.477 0
600.117 0
600.757 0
601.397 0
602.037 0
602.678 0
603.318 0
603.958 0
604.598 29.8345
605.238 29.6022
605.878 29.3729
606.518 29.1682
607.158 29.0849
607.799 29.3327
608.439 29.9792
609.079 30.4918
609.719 30.1355
610.359 29.0456
610.999 28.0114
611.639 27.4002
612.279 27.0635
612.92 26.8135
613.56 26.5791
614.2 26.3465
614.84 0
615.48 0
616.12 0
616.76 0
617.4 0
618.041 0
618.681 0
619.321 0
619.961 0
620.601 0
621.241 0
621.881 0
622.521 0
623.162 0
623.802 0
624.442 0
625.082 0
625.722 0
626.362 0
627.002 0
627.642 0
628.283 0
628.923 0
629.563 0
630.203 0
630.843 0
631.483 0
632.123 0
632.764 0
633.404 0
634.044 0
634.684 0
635.324 0
635.964 0
636.604 0
637.244 0
637.885 0
638.525 0
639.165 0
639.805 0
640.445 0
641.085 0
641.725 0
642.365 0
643.006 0
643.646 0
644.286 0
644.926 0
645.566 0
646.206 0
646.846 0
647.486 0
648.127 0
648.767 0
649.407 0
650.047 0
650.687 0
651.327 0
651.967 0
652.607 0
653.248 0
653.888 0
654.528 0
655.168 0
655.808 0
656.448 0
657.088 0
657.729 0
658.369 0
659.009 0
659.649 0
660.289 0
660.929 0
661.569 0
662.209 0
662.85 0
663.49 0
664.13 0
664.77 0
665.41 0
666.05 0
666.69 0
667.33 0
667.971 0
668.611 0
669.251 0
669.891 0
670.531 0
671.171 0
671.811 0
672.451 0
673.092 0
673.732 0
674.372 0
675.012 0
675.652 0
676.292 0
676.932 0
677.572 0
678.213 0
678.853 0
679.493 0
680.133 0
680.773 0
681.413 0
682.053 0
682.693 0
683.334 0
683.974 0
684.614 0
685.254 0
685.894 0
686.534 0
687.174 0
687.815 0
688.455 0
689.095 0
689.735 0
690.375 0
691.015 0
691.655 0
692.295 0
692.936 0
693.576 0
694.216 0
694.856 0
695.496 0
696.136 0
696.776 0
697.416 0
698.057 0
698.697 0
699.337 0
699.977 0
700.617 0
701.257 0
701.897 0
702.537 0
703.178 0
703.818 0
704.458 0
705.098 0
705.738 0
706.378 0
707.018 0
707.658 0
708.299 0
708.939 0
709.579 0
710.219 0
710.859 0
711.499 0
712.139 0
712.779 0
713.42 0
714.06 0
714.7 0
715.34 0
715.98 0
716.62 0
717.26 0
717.901 0
718.541 0
719.181 0
719.821 0
720.461 0
721.101 0
721.741 0
722.381 0
723.022 0
723.662 0
724.302 0
724.942 0
725.582 0
726.222 0
726.862 0
727.502 0
728.143 0
728.783 0
729.423 0
730.063 0
730.703 0
731.343 0
731.983 0
732.623 0
733.264 0
733.904 0
734.544 0
735.184 0
735.824 0
736.464 0
737.104 0
737.744 0
738.385 0
739.025 0
739.665 0
740.305 0
740.945 0
741.585 0
742.225 0
742.866 0
743.506 0
744.146 0
744.786 0
745.426 0
746.066 0
746.706 0
747.346 0
747.987 0
748.627 0
749.267 0
749.907 0
750.547 0
751.187 0
751.827 0
752.467 0
753.108 0
753.748 0
754.388 0
755.028 0
755.668 0
756.308 0
756.948 0
757.588 0
758.229 27.9939
758.869 28.0519
759.509 28.1053
760.149 28.1269
760.789 28.0086
761.429 27.5228
762.069 26.5547
762.709 25.5771
763.35 25.4556
763.99 26.3645
764.63 27.5348
765.27 28.2884
765.91 28.5767
766.55 28.5823
767.19 28.4116
767.83 28.1978
768.471 28.1642
769.111 28.4002
769.751 28.7409
770.391 28.9969
771.031 29.1366
771.671 29.2162
772.311 29.2782
772.952 29.337
773.592 0
774.232 0
774.872 0
775.512 0
776.152 0
776.792 0
777.432 0
778.073 0
778.713 0
779.353 0
779.993 0
780.633 0
781.273 0
781.913 0
782.553 0
783.194 0
783.834 0
784.474 0
785.114 0
785.754 0
786.394 0
787.034 0
787.674 0
788.315 0
788.955 0
789.595 0
790.235 0
790.875 0
791.515 0
792.155 0
792.795 0
793.436 0
794.076 0
794.716 0
795.356 0
795.996 0
796.636 0
797.276 0
797.916 0
798.557 0
799.197 0
799.837 0
800.477 0
801.117 0
801.757 26.7028
802.397 27.1208
803.038 27.5507
803.678 28.0357
804.318 28.6784
804.958 29.5642
805.598 30.5364
806.238 31.1781
806.878 31.279
807.518 31.1284
808.159 31.1183
808.799 31.3457
809.439 31.7086
810.079 32.1148
810.719 32.5298
811.359 0
811.999 0
812.639 0
813.28 0
813.92 0
814.56 0
815.2 0
815.84 0
816.48 0
817.12 0
817.76 0
818.401 0
819.041 0
819.681 0
820.321 0
820.961 0
821.601 0
822.241 0
822.881 0
823.522 34.4224
824.162 33.7971
824.802 32.8355
825.442 31.7083
826.082 30.9756
826.722 30.9992
827.362 31.4488
828.002 31.7564
828.643 31.7273
829.283 31.4848
829.923 31.1679
830.563 30.8348
831.203 0
831.843 0
832.483 0
833.124 0
833.764 0
834.404 0
835.044 0
835.684 0
836.324 0
836.964 0
837.604 0
838.245 0
838.885 0
839.525 0
840.165 0
840.805 0
841.445 0
842.085 0
842.725 0
843.366 0
844.006 0
844.646 0
845.286 0
845.926 0
846.566 0
847.206 0
847.846 0
848.487 0
849.127 0
849.767 0
850.407 0
851.047 0
851.687 0
852.327 0
852.967 0
853.608 0
854.248 0
854.888 0
855.528 0
856.168 36.0413
856.808 36.0882
857.448 36.113
858.089 36.0451
858.729 35.7354
859.369 35.0878
860.009 34.3618
860.649 34.1366
861.289 34.6619
861.929 35.5192
862.569 36.176
863.21 36.5007
863.85 36.6317
864.49 36.6982
865.13 36.7509
865.77 0
866.41 0
867.05 0
867.69 0
868.331 0
868.971 0
869.611 0
870.251 0
870.891 0
871.531 0
872.171 0
872.811 0
873.452 0
874.092 0
874.732 0
875.372 0
876.012 0
876.652 0
877.292 0
877.932 0
878.573 0
879.213 0
879.853 0
880.493 0
881.133 0
881.773 0
882.413 0
883.053 0
883.694 0
884.334 0
884.974 0
885.614 0
886.254 0
886.894 0
887.534 0
888.175 0
888.815 0
889.455 0
890.095 0
890.735 0
891.375 0
892.015 0
892.655 0
893.296 0
893.936 0
894.576 0
895.216 0
895.856 0
896.496 0
897.136 0
897.776 0
898.417 0
899.057 0
899.697 0
900.337 0
900.977 0
901.617 0
902.257 0
902.897 0
903.538 0
904.178 0
904.818 0
905.458 0
906.098 0
906.738 0
907.378 0
908.018 0
908.659 0
909.299 0
909.939 0
910.579 0
911.219 0
911.859 0
912.499 0
913.139 0
913.78 0
914.42 0
915.06 0
915.7 0
916.34 0
916.98 0
917.62 0
918.261 0
918.901 0
919.541 0
920.181 0
920.821 0
921.461 0
922.101 0
922.741 0
923.382 0
924.022 0
924.662 0
925.302 0
925.942 0
926.582 0
927.222 0
927.862 0
928.503 0
929.143 44.0939
929.783 44.1933
930.423 44.2975
931.063 44.4276
931.703 44.6495
932.343 45.0723
932.983 45.7186
933.624 46.3376
934.264 46.5335
934.904 46.2216
935.544 45.7395
936.184 45.4274
936.824 45.3446
937.464 45.3899
938.104 45.4779
938.745 45.5752
939.385 0
940.025 0
940.665 0
941.305 0
941.945 0
942.585 0
943.226 0
943.866 0
944.506 0
945.146 0
945.786 0
946.426 0
947.066 0
947.706 0
948.347 0
948.987 0
949.627 0
950.267 0
950.907 0
951.547 0
952.187 0
952.827 0
953.468 0
954.108 0
954.748 0
955.388 0
956.028 0
956.668 0
957.308 0
957.948 0
958.589 0
959.229 0
959.869 0
960.509 0
961.149 0
961.789 0
962.429 0
963.069 0
963.71 0
964.35 0
964.99 0
965.63 0
966.27 0
966.91 0
967.55 0
968.19 0
968.831 0
969.471 0
970.111 0
970.751 0
971.391 0
972.031 0
972.671 0
973.312 0
973.952 0
974.592 0
975.232 0
975.872 0
976.512 0
977.152 0
977.792 0
978.433 0
979.073 0
979.713 0
980.353 0
980.993 0
981.633 0
982.273 0
982.913 0
983.554 0
984.194 0
984.834 0
985.474 0
986.114 0
986.754 0
987.394 0
988.034 0
988.675 0
989.315 0
989.955 0
990.595 0
991.235 0
991.875 0
992.515 0
993.155 0
993.796 0
994.436 0
995.076 0
995.716 0
996.356 0
996.996 0
997.636 0
998.276 0
998.917 0
999.557 0
1000.2 0
1000.84 0
1001.48 0
1002.12 0
1002.76 0
1003.4 0
1004.04 0
1004.68 0
1005.32 0
1005.96 0
1006.6 0
1007.24 0
1007.88 0
1008.52 0
1009.16 0
1009.8 0
1010.44 0
1011.08 0
1011.72 0
1012.36 0
1013 0
1013.64 0
1014.28 0
1014.92 0
1015.56 0
1016.2 0
1016.84 0
1017.48 0
1018.12 0
1018.76 0
1019.4 0
1020.04 0
1020.68 0
1021.32 0
1021.96 0
1022.6 0
1023.24 0
1023.88 0
1024.52 0
1025.16 0
1025.8 0
1026.44 0
1027.08 0
1027.72 0
1028.36 0
1029 0
1029.64 0
1030.28 0
1030.92 0
1031.56 0
1032.2 0
1032.84 0
1033.48 0
1034.12 0
1034.76 0
1035.4 0
1036.04 0
1036.68 0
1037.32 0
1037.96 0
1038.6 0
1039.24 0
1039.88 0
1040.52 0
1041.17 0
1041.81 0
1042.45 0
1043.09 0
1043.73 0
1044.37 0
1045.01 0
1045.65 0
1046.29 0
1046.93 0
1047.57 0
1048.21 0
1048.85 0
1049.49 0
1050.13 0
1050.77 0
1051.41 0
1052.05 0
1052.69 0
1053.33 0
1053.97 0
1054.61 0
1055.25 0
1055.89 0
1056.53 0
1057.17 0
1057.81 0
1058.45 0
1059.09 0
1059.73 0
1060.37 0
1061.01 0
1061.65 0
1062.29 0
1062.93 0
1063.57 0
1064.21 0
1064.85 0
1065.49 0
1066.13 0
1066.77 0
1067.41 0
1068.05 0
1068.69 0
1069.33 0
1069.97 0
1070.61 0
1071.25 0
1071.89 0
1072.53 0
1073.17 0
1073.81 0
1074.45 0
1075.09 0
1075.73 0
1076.37 0
1077.01 0
1077.65 0
1078.29 0
1078.93 0
1079.57 0
1080.21 0
1080.85 0
1081.49 0
1082.13 0
1082.77 0
1083.41 0
1084.05 0
1084.69 0
1085.33 0
1085.97 0
1086.61 0
1087.25 0
1087.89 0
1088.53 0
1089.17 0
1089.81 0
1090.45 0
1091.1 0
1091.74 0
1092.38 0
1093.02 0
1093.66 0
1094.3 0
1094.94 0
1095.58 0
1096.22 0
1096.86 0
1097.5 0
1098.14 0
1098.78 0
1099.42 0
1100.06 0
1100.7 0
1101.34 0
1101.98 0
1102.62 0
1103.26 0
1103.9 0
1104.54 0
1105.18 0
1105.82 0
1106.46 0
1107.1 0
1107.74 0
1108.38 0
1109.02 0
1109.66 0
1110.3 0
1110.94 0
1111.58 0
1112.22 0
1112.86 0
1113.5 0
1114.14 0
1114.78 0
1115.42 28.9981
1116.06 28.4826
1116.7 27.9862
1117.34 27.5698
1117.98 27.3804
1118.62 27.5982
1119.26 28.1727
1119.9 28.5871
1120.54 28.1823
1121.18 26.8688
1121.82 25.2328
1122.46 23.8762
1123.1 22.9469
1123.74 22.2886
1124.38 21.7358
1125.02 21.2108
1125.66 0
1126.3 0
1126.94 0
1127.58 0
1128.22 0
1128.86 0
1129.5 0
1130.14 0
1130.78 0
1131.42 0
1132.06 0
1132.7 0
1133.34 0
1133.98 0
1134.62 0
1135.26 0
1135.9 0
1136.54 0
1137.18 0
1137.82 0
1138.46 0
1139.1 0
1139.74 0
1140.38 0
1141.02 0
1141.67 0
1142.31 0
1142.95 0
1143.59 0
1144.23 0
1144.87 0
1145.51 0
1146.15 0
1146.79 0
1147.43 0
1148.07 0
1148.71 0
1149.35 0
1149.99 0
1150.63 18.5645
1151.27 18.4214
1151.91 18.2867
1152.55 18.1802
1153.19 18.1377
1153.83 18.1809
1154.47 18.2568
1155.11 18.235
1155.75 18.0232
1156.39 17.673
1157.03 17.319
1157.67 17.0441
1158.31 16.8442
1158.95 16.6828
1159.59 16.5342
1160.23 0
1160.87 0
1161.51 0
1162.15 0
1162.79 0
1163.43 0
1164.07 0
1164.71 0
1165.35 0
1165.99 0
1166.63 0
1167.27 0
1167.91 0
1168.55 26.683
1169.19 30.679
1169.83 55.8622
1170.47 155.877
1171.11 434.073
1171.75 970.223
1172.39 1643.9
1173.03 2082.61
1173.67 1966.56
1174.31 1384.75
1174.95 730.189
1175.59 292.937
1176.23 95.2526
1176.87 31.6617
1177.51 16.3662
1178.15 13.0681
1178.79 0
1179.43 0
1180.07 0
1180.71 0
1181.35 0
1181.99 0
1182.63 0
1183.27 0
1183.91 0
1184.55 0
1185.19 0
1185.83 0
1186.47 0
1187.11 0
1187.75 0
1188.39 0
1189.03 0
1189.67 0
1190.31 0
1190.95 0
1191.6 0
1192.24 0
1192.88 0
1193.52 0
1194.16 0
1194.8 0
1195.44 0
1196.08 0
1196.72 0
1197.36 0
1198 0
1198.64 0
1199.28 0
1199.92 0
1200.56 0
1201.2 0
1201.84 0
1202.48 0
1203.12 0
1203.76 0
1204.4 0
1205.04 0
1205.68 0
1206.32 0
1206.96 0
1207.6 0
1208.24 0
1208.88 0
1209.52 0
1210.16 0
1210.8 0
1211.44 0
1212.08 0
1212.72 0
1213.36 0
1214 0
1214.64 0
1215.28 0
1215.92 0
1216.56 0
1217.2 0
1217.84 0
1218.48 0
1219.12 0
1219.76 0
1220.4 0
1221.04 0
1221.68 0
1222.32 0
1222.96 0
1223.6 0
1224.24 0
1224.88 0
1225.52 0
1226.16 0
1226.8 0
1227.44 0
1228.08 0
1228.72 0
1229.36 0
1230 0
1230.64 0
1231.28 0
1231.92 0
1232.56 0
1233.2 5.93662
1233.84 5.86978
1234.48 5.81018
1235.12 5.77809
1235.76 5.81834
1236.4 5.98145
1237.04 6.24897
1237.68 6.47173
1238.32 6.45783
1238.96 6.16698
1239.6 5.75603
1240.24 5.40932
1240.88 5.19133
1241.53 5.06622
1242.17 4.98224
1242.81 4.91068
1243.45 0
1244.09 0
1244.73 0
1245.37 0
1246.01 0
1246.65 0
1247.29 0
1247.93 0
1248.57 0
1249.21 0
1249.85 0
1250.49 0
1251.13 0
1251.77 0
1252.41 0
1253.05 0
1253.69 0
1254.33 0
1254.97 0
1255.61 0
1256.25 0
1256.89 0
1257.53 0
1258.17 0
1258.81 0
1259.45 0
1260.09 0
1260.73 0
1261.37 0
1262.01 0
1262.65 0
1263.29 0
1263.93 0
1264.57 0
1265.21 0
1265.85 0
1266.49 0
1267.13 0
1267.77 0
1268.41 0
1269.05 0
1269.69 0
1270.33 0
1270.97 0
1271.61 0
1272.25 0
1272.89 0
1273.53 0
1274.17 0
1274.81 0
1275.45 0
1276.09 3.87953
1276.73 3.87921
1277.37 3.8741
1278.01 3.85183
1278.65 3.78688
1279.29 3.65355
1279.93 3.46744
1280.57 3.31376
1281.21 3.29359
1281.85 3.4221
1282.49 3.61172
1283.13 3.76444
1283.77 3.84708
1284.41 3.87925
1285.05 3.88882
1285.69 3.89144
1286.33 0
1286.97 0
1287.61 0
1288.25 0
1288.89 0
1289.53 0
1290.17 0
1290.81 0
1291.46 0
1292.1 0
1292.74 0
1293.38 0
1294.02 0
1294.66 0
1295.3 0
1295.94 0
1296.58 0
1297.22 0
1297.86 0
1298.5 0
1299.14 0
1299.78 0
1300.42 0
1301.06 0
1301.7 0
1302.34 0
1302.98 0
1303.62 0
1304.26 0
1304.9 0
1305.54 0
1306.18 0
1306.82 0
1307.46 0
1308.1 0
1308.74 0
1309.38 0
1310.02 0
1310.66 0
1311.3 0
1311.94 0
1312.58 0
1313.22 0
1313.86 0
1314.5 0
1315.14 0
1315.78 0
1316.42 0
1317.06 0
1317.7 0
1318.34 0
1318.98 0
1319.62 0
1320.26 0
1320.9 0
1321.54 0
1322.18 0
1322.82 0
1323.46 0
1324.1 0
1324.74 0
1325.38 0
1326.02 0
1326.66 0
1327.3 0
1327.94 11.1845
1328.58 20.269
1329.22 61.3639
1329.86 193.79
1330.5 502.963
1331.14 1012.68
1331.78 1561.76
1332.42 1839.38
1333.06 1653.45
1333.7 1134.66
1334.34 594.951
1334.98 238.943
1335.62 74.0626
1336.26 18.1704
1336.9 3.76678
1337.54 0
1338.18 0
1338.82 0
1339.46 0
1340.1 0
1340.74 0
1341.38 0
1342.03 0
1342.67 0
1343.31 0
1343.95 0
1344.59 0
1345.23 0
1345.87 0
1346.51 0
1347.15 0
1347.79 0
1348.43 0
1349.07 0
1349.71 0
1350.35 0
1350.99 0
1351.63 0
1352.27 0
1352.91 0
1353.55 0
1354.19 0
1354.83 0
1355.47 0
1356.11 0
1356.75 0
1357.39 0
1358.03 0
1358.67 0
1359.31 0
1359.95 0
1360.59 0
1361.23 0
1361.87 0
1362.51 0
1363.15 0
1363.79 0
1364.43 0
1365.07 0
1365.71 0
1366.35 0
1366.99 0
1367.63 0
1368.27 0
1368.91 0
1369.55 0
1370.19 0
1370.83 0
1371.47 0
1372.11 0
1372.75 1.0306
1373.39 1.02921
1374.03 1.0224
1374.67 0.997504
1375.31 0.929878
1375.95 0.796352
1376.59 0.613074
1377.23 0.459728
1377.87 0.431599
1378.51 0.548122
1379.15 0.732222
1379.79 0.88894
1380.43 0.979031
1381.07 1.0163
1381.71 1.02771
1382.35 1.03032
1382.99 0
1383.63 0
1384.27 0
1384.91 0
1385.55 0
1386.19 0
1386.83 0
1387.47 0
1388.11 0
1388.75 0
1389.39 0
1390.03 0
1390.67 0
1391.31 0
1391.96 0
1392.6 0
1393.24 0
1393.88 0
1394.52 0
1395.16 0
1395.8 0
1396.44 0
1397.08 1.18725
1397.72 1.18589
1398.36 1.18064
1399 1.16549
1399.64 1.13338
1400.28 1.0852
1400.92 1.03869
1401.56 1.02084
1402.2 1.04374
1402.84 1.09192
1403.48 1.13822
1404.12 1.16613
1404.76 1.17275
1405.4 1.15699
1406.04 1.11376
1406.68 1.04477
1407.32 0.974066
1407.96 0.941487
1408.6 0.968906
1409.24 1.03774
1409.88 1.10838
1410.52 1.15527
1411.16 1.1774
1411.8 1.18509
1412.44 1.1871
1413.08 0
1413.72 0
1414.36 0
1415 0
1415.64 0
1416.28 0
1416.92 0
1417.56 0
1418.2 0
1418.84 0
1419.48 0
1420.12 0
1420.76 0
1421.4 0
1422.04 0
1422.68 0
1423.32 0
1423.96 0
1424.6 0
1425.24 0
1425.88 0
1426.52 0
1427.16 0
1427.8 0
1428.44 0
1429.08 0
1429.72 0
1430.36 0
1431 0
1431.64 0
1432.28 0
1432.92 0
1433.56 0
1434.2 0
1434.84 0
1435.48 0
1436.12 0
1436.76 0
1437.4 0
1438.04 0
1438.68 0
1439.32 0
1439.96 0
1440.6 0
1441.24 0
1441.89 0
1442.53 0
1443.17 0
1443.81 0
1444.45 0
1445.09 0
1445.73 0
1446.37 0
1447.01 0
1447.65 0
1448.29 0
1448.93 0
1449.57 0
1450.21 0
1450.85 0
1451.49 0
1452.13 0
1452.77 0
1453.41 0
1454.05 0
1454.69 0
1455.33 0
1455.97 1.28648
1456.61 1.2942
1457.25 1.32821
1457.89 1.4419
1458.53 1.72656
1459.17 2.24882
1459.81 2.91728
1460.45 3.43034
1461.09 3.47385
1461.73 3.01905
1462.37 2.35194
1463.01 1.79497
1463.65 1.47439
1464.29 1.33964
1464.93 1.29723
1465.57 1.2871
1466.21 0
1466.85 0
1467.49 0
1468.13 0
1468.77 0
1469.41 0
1470.05 0
1470.69 0
1471.33 0
1471.97 0
1472.61 0
1473.25 0
1473.89 0
1474.53 0
1475.17 0
1475.81 0
1476.45 0
1477.09 0
1477.73 0
1478.37 0
1479.01 0
1479.65 0
1480.29 0
1480.93 0
1481.57 0
1482.21 0
1482.85 0
1483.49 0
1484.13 0
1484.77 0
1485.41 0
1486.05 0
1486.69 0
1487.33 0
1487.97 0
1488.61 0
1489.25 0
1489.89 0
1490.53 0
1491.17 0
1491.82 0
1492.46 0
1493.1 0
1493.74 0
1494.38 0
1495.02 0
1495.66 0
1496.3 0
1496.94 0
1497.58 0
1498.22 0
1498.86 0
1499.5 0
1500.14 0
1500.78 0
1501.42 0
1502.06 0
1502.7 0
1503.34 0
1503.98 0
1504.62 0.521323
1505.26 0.523576
1505.9 0.532143
1506.54 0.556886
1507.18 0.610357
1507.82 0.694275
1508.46 0.783152
1509.1 0.830651
1509.74 0.806659
1510.38 0.726854
1511.02 0.636875
1511.66 0.57191
1512.3 0.538392
1512.94 0.52553
1513.58 0.521789
1514.22 0
1514.86 0
1515.5 0
1516.14 0
1516.78 0
1517.42 0
1518.06 0
1518.7 0
1519.34 0
1519.98 0
1520.62 0
1521.26 0
1521.9 0
1522.54 0
1523.18 0
1523.82 0
1524.46 0
1525.1 0
1525.74 0
1526.38 0
1527.02 0
1527.66 0
1528.3 0
1528.94 0
1529.58 0
1530.22 0
1530.86 0
1531.5 0
1532.14 0
1532.78 0
1533.42 0
1534.06 0
1534.7 0
1535.34 0
1535.98 0
1536.62 0
1537.26 0
1537.9 0
1538.54 0
1539.18 0
1539.82 0
1540.46 0
1541.1 0
1541.74 0
1542.39 0
1543.03 0
1543.67 0
1544.31 0
1544.95 0
1545.59 0
1546.23 0
1546.87 0
1547.51 0
1548.15 0
1548.79 0
1549.43 0
1550.07 0
1550.71 0
1551.35 0
1551.99 0
1552.63 0
1553.27 0
1553.91 0
1554.55 0
1555.19 0
1555.83 0
1556.47 0
1557.11 0
1557.75 0
1558.39 0
1559.03 0
1559.67 0
1560.31 0
1560.95 0
1561.59 0
1562.23 0
1562.87 0
1563.51 0
1564.15 0
1564.79 0
1565.43 0
1566.07 0
1566.71 0
1567.35 0
1567.99 0
1568.63 0
1569.27 0
1569.91 0
1570.55 0
1571.19 0
1571.83 0
1572.47 0
1573.11 0
1573.75 0
1574.39 0
1575.03 0
1575.67 0
1576.31 0
1576.95 0
1577.59 0
1578.23 0
1578.87 0
1579.51 0
1580.15 0
1580.79 0
1581.43 0
1582.07 0
1582.71 0
1583.35 0
1583.99 0
1584.63 0
1585.27 0
1585.91 0
1586.55 0
1587.19 0
1587.83 0
1588.47 0
1589.11 0
1589.75 0
1590.39 0
1591.03 0
1591.67 0
1592.32 0
1592.96 0
1593.6 0
1594.24 0
1594.88 0
1595.52 0
1596.16 0
1596.8 0
1597.44 0
1598.08 0
1598.72 0
1599.36 0
1600 0
1600.64 0
1601.28 0
1601.92 0
1602.56 0
1603.2 0
1603.84 0
1604.48 0
1605.12 0
1605.76 0
1606.4 0
1607.04 0
1607.68 0
1608.32 0
1608.96 0
1609.6 0
1610.24 0
1610.88 0
1611.52 0
1612.16 0
1612.8 0
1613.44 0
1614.08 0
1614.72 0
1615.36 0
1616 0
1616.64 0
1617.28 0
1617.92 0
1618.56 0
1619.2 0
1619.84 0
1620.48 0
1621.12 0
1621.76 0
1622.4 0
1623.04 0
1623.68 0
1624.32 0
1624.96 0
1625.6 0
1626.24 0
1626.88 0
1627.52 0
1628.16 0
1628.8 0
1629.44 0
1630.08 0
1630.72 0
1631.36 0
1632 0
1632.64 0
1633.28 0
1633.92 0
1634.56 0
1635.2 0
1635.84 0
1636.48 0
1637.12 0
1637.76 0
1638.4 0
1639.04 0
1639.68 0
1640.32 0
1640.96 0
1641.6 0
1642.25 0
1642.89 0
1643.53 0
1644.17 0
1644.81 0
1645.45 0
1646.09 0
1646.73 0
1647.37 0
1648.01 0
1648.65 0
1649.29 0
1649.93 0
1650.57 0
1651.21 0
1651.85 0
1652.49 0
1653.13 0
1653.77 0
1654.41 0
1655.05 0
1655.69 0
1656.33 0.479026
1656.97 0.479056
1657.61 0.479176
1658.25 0.479543
1658.89 0.480404
1659.53 0.481925
1660.17 0.483866
1660.81 0.485442
1661.45 0.485784
1662.09 0.484683
1662.73 0.482791
1663.37 0.481016
1664.01 0.47986
1664.65 0.479301
1665.29 0.479094
1665.93 0.479035
1666.57 0
1667.21 0
1667.85 0
1668.49 0
1669.13 0
1669.77 0
1670.41 0
1671.05 0
1671.69 0
1672.33 0
1672.97 0
1673.61 0
1674.25 0
1674.89 0
1675.53 0
1676.17 0
1676.81 0
1677.45 0
1678.09 0
1678.73 0
1679.37 0
1680.01 0
1680.65 0
1681.29 0
1681.93 0
1682.57 0
1683.21 0
1683.85 0
1684.49 0
1685.13 0
1685.77 0
1686.41 0
1687.05 0
1687.69 0
1688.33 0
1688.97 0
1689.61 0
1690.25 0
1690.89 0
1691.53 0
1692.18 0
1692.82 0
1693.46 0
1694.1 0
1694.74 0
1695.38 0
1696.02 0
1696.66 0
1697.3 0
1697.94 0
1698.58 0
1699.22 0
1699.86 0
1700.5 0
1701.14 0
1701.78 0
1702.42 0
1703.06 0
1703.7 0
1704.34 0
1704.98 0
1705.62 0
1706.26 0
1706.9 0
1707.54 0
1708.18 0
1708.82 0
1709.46 0
1710.1 0
1710.74 0
1711.38 0
1712.02 0
1712.66 0
1713.3 0
1713.94 0
1714.58 0
1715.22 0
1715.86 0
1716.5 0
1717.14 0
1717.78 0
1718.42 0
1719.06 0
1719.7 0
1720.34 0
1720.98 0
1721.62 0
1722.26 0
1722.9 0
1723.54 0
1724.18 0
1724.82 0.291764
1725.46 0.295116
1726.1 0.306913
1726.74 0.339299
1727.38 0.40779
1728.02 0.516701
1728.66 0.639921
1729.3 0.722681
1729.94 0.718516
1730.58 0.629982
1731.22 0.506224
1731.86 0.400415
1732.5 0.33551
1733.14 0.305443
1733.78 0.294679
1734.42 0.291664
1735.06 0
1735.7 0
1736.34 0
1736.98 0
1737.62 0
1738.26 0
1738.9 0
1739.54 0
1740.18 0
1740.82 0
1741.46 0
1742.11 0
1742.75 0
1743.39 0
1744.03 0
1744.67 0
1745.31 0
1745.95 0
1746.59 0
1747.23 0
1747.87 0
1748.51 0
1749.15 0
1749.79 0
1750.43 0
1751.07 0
1751.71 0
1752.35 0
1752.99 0
1753.63 0
1754.27 0
1754.91 0
1755.55 0
1756.19 0
1756.83 0
1757.47 0
1758.11 0
1758.75 0
1759.39 0
1760.03 0.323403
1760.67 0.3368
1761.31 0.377807
1761.95 0.47555
1762.59 0.653895
1763.23 0.894402
1763.87 1.11304
1764.51 1.1992
1765.15 1.1029
1765.79 0.880006
1766.43 0.641709
1767.07 0.468265
1767.71 0.374566
1768.35 0.335703
1768.99 0.323119
1769.63 0
1770.27 0
1770.91 0
1771.55 0
1772.19 0
1772.83 0
1773.47 0
1774.11 0
1774.75 0
1775.39 0
1776.03 0
1776.67 0
1777.31 0
1777.95 0
1778.59 0
1779.23 0
1779.87 0
1780.51 0
1781.15 0
1781.79 0
1782.43 0
1783.07 0
1783.71 0
1784.35 0
1784.99 0
1785.63 0
1786.27 0
1786.91 0
1787.55 0
1788.19 0
1788.83 0
1789.47 0
1790.11 0
1790.75 0
1791.39 0
1792.03 0
1792.68 0
1793.32 0
1793.96 0
1794.6 0
1795.24 0
1795.88 0
1796.52 0
1797.16 0
1797.8 0
1798.44 0
1799.08 0
1799.72 0
1800.36 0
1801 0
1801.64 0
1802.28 0
1802.92 0
1803.56 0
1804.2 0
1804.84 0
1805.48 0
1806.12 0
1806.76 0
1807.4 0
1808.04 0
1808.68 0
1809.32 0
1809.96 0
1810.6 0
1811.24 0
1811.88 0
1812.52 0
1813.16 0
1813.8 0
1814.44 0
1815.08 0
1815.72 0
1816.36 0
1817 0
1817.64 0
1818.28 0
1818.92 0
1819.56 0
1820.2 0
1820.84 0
1821.48 0
1822.12 0
1822.76 0
1823.4 0
1824.04 0
1824.68 0
1825.32 0
1825.96 0
1826.6 0
1827.24 0
1827.88 0
1828.52 0
1829.16 0
1829.8 0
1830.44 0
1831.08 0
1831.72 0
1832.36 0
1833 0
1833.64 0
1834.28 0
1834.92 0
1835.56 0
1836.2 0
1836.84 0
1837.48 0
1838.12 0
1838.76 0
1839.4 0
1840.04 0
1840.68 0
1841.32 0
1841.96 0
1842.61 0.306012
1843.25 0.306727
1843.89 0.309115
1844.53 0.315413
1845.17 0.328361
1845.81 0.348653
1846.45 0.37168
1847.09 0.387781
1847.73 0.388394
1848.37 0.37318
1849.01 0.350318
1849.65 0.329626
1850.29 0.316132
1850.93 0.309433
1851.57 0.306837
1852.21 0.306043
1852.85 0
1853.49 0
1854.13 0
1854.77 0
1855.41 0
1856.05 0
1856.69 0
1857.33 0
1857.97 0
1858.61 0
1859.25 0
1859.89 0
1860.53 0
1861.17 0
1861.81 0
1862.45 0
1863.09 0
1863.73 0
1864.37 0
1865.01 0
1865.65 0
1866.29 0
1866.93 0
1867.57 0
1868.21 0
1868.85 0
1869.49 0
1870.13 0
1870.77 0
1871.41 0
1872.05 0
1872.69 0
1873.33 0
1873.97 0
1874.61 0
1875.25 0
1875.89 0
1876.53 0
1877.17 0
1877.81 0
1878.45 0
1879.09 0
1879.73 0
1880.37 0
1881.01 0
1881.65 0
1882.29 0
1882.93 0
1883.57 0
1884.21 0
1884.85 0
1885.49 0
1886.13 0
1886.77 0
1887.41 0
1888.05 0
1888.69 0
1889.33 0
1889.97 0
1890.61 0
1891.25 0
1891.89 0
1892.54 0
1893.18 0
1893.82 0
1894.46 0
1895.1 0
1895.74 0
1896.38 0
1897.02 0
1897.66 0
1898.3 0
1898.94 0
1899.58 0
1900.22 0
1900.86 0
1901.5 0
1902.14 0
1902.78 0
1903.42 0
1904.06 0
1904.7 0
1905.34 0
1905.98 0
1906.62 0
1907.26 0
1907.9 0
1908.54 0
1909.18 0
1909.82 0
1910.46 0
1911.1 0
1911.74 0
1912.38 0
1913.02 0
1913.66 0
1914.3 0
1914.94 0
1915.58 0
1916.22 0
1916.86 0
1917.5 0
1918.14 0
1918.78 0
1919.42 0
1920.06 0
1920.7 0
1921.34 0
1921.98 0
1922.62 0
1923.26 0
1923.9 0
1924.54 0
1925.18 0
1925.82 0
1926.46 0
1927.1 0
1927.74 0
1928.38 0
1929.02 0
1929.66 0
1930.3 0
1930.94 0
1931.58 0
1932.22 0
1932.86 0
1933.5 0
1934.14 0
1934.78 0
1935.42 0
1936.06 0
1936.7 0
1937.34 0
1937.98 0
1938.62 0
1939.26 0
1939.9 0
1940.54 0
1941.18 0
1941.82 0
1942.47 0
1943.11 0
1943.75 0
1944.39 0
1945.03 0
1945.67 0
1946.31 0
1946.95 0
1947.59 0
1948.23 0
1948.87 0
1949.51 0
1950.15 0
1950.79 0
1951.43 0
1952.07 0
1952.71 0
1953.35 0
1953.99 0
1954.63 0
1955.27 0
1955.91 0
1956.55 0
1957.19 0
1957.83 0
1958.47 0
1959.11 0
1959.75 0
1960.39 0
1961.03 0
1961.67 0
1962.31 0
1962.95 0
1963.59 0
1964.23 0
1964.87 0
1965.51 0
1966.15 0
1966.79 0
1967.43 0
1968.07 0
1968.71 0
1969.35 0
1969.99 0
1970.63 0
1971.27 0
1971.91 0
1972.55 0
1973.19 0
1973.83 0
1974.47 0
1975.11 0
1975.75 0
1976.39 0
1977.03 0
1977.67 0
1978.31 0
1978.95 0
1979.59 0
1980.23 0
1980.87 0
1981.51 0
1982.15 0
1982.79 0
1983.43 0
1984.07 0
1984.71 0
1985.35 0
1985.99 0
1986.63 0
1987.27 0
1987.91 0
1988.55 0
1989.19 0
1989.83 0
1990.47 0
1991.11 0
1991.75 0
1992.39 0
1993.04 0
1993.68 0
1994.32 0
1994.96 0
1995.6 0
1996.24 0
1996.88 0
1997.52 0
1998.16 0
1998.8 0
1999.44 0
2000.08 0
2000.72 0
2001.36 0
2002 0
2002.64 0
2003.28 0
2003.92 0
2004.56 0
2005.2 0
2005.84 0
2006.48 0
2007.12 0
2007.76 0
2008.4 0
2009.04 0
2009.68 0
2010.32 0
2010.96 0
2011.6 0
2012.24 0
2012.88 0
2013.52 0
2014.16 0
2014.8 0
2015.44 0
2016.08 0
2016.72 0
2017.36 0
2018 0
2018.64 0
2019.28 0
2019.92 0
2020.56 0
2021.2 0
2021.84 0
2022.48 0
2023.12 0
2023.76 0
2024.4 0
2025.04 0
2025.68 0
2026.32 0
2026.96 0
2027.6 0
2028.24 0
2028.88 0
2029.52 0
2030.16 0
2030.8 0
2031.44 0
2032.08 0
2032.72 0
2033.36 0
2034 0
2034.64 0
2035.28 0
2035.92 0
2036.56 0
2037.2 0
2037.84 0
2038.48 0
2039.12 0
2039.76 0
2040.4 0
2041.04 0
2041.68 0
2042.32 0
2042.97 0
2043.61 0
2044.25 0
2044.89 0
2045.53 0
2046.17 0
2046.81 0
2047.45 0
2048.09 0
2048.73 0
2049.37 0
2050.01 0
2050.65 0
2051.29 0
2051.93 0
2052.57 0
2053.21 0
2053.85 0
2054.49 0
2055.13 0
2055.77 0
2056.41 0
2057.05 0
2057.69 0
2058.33 0
2058.97 0
2059.61 0
2060.25 0
2060.89 0
2061.53 0
2062.17 0
2062.81 0
2063.45 0
2064.09 0
2064.73 0
2065.37 0
2066.01 0
2066.65 0
2067.29 0
2067.93 0
2068.57 0
2069.21 0
2069.85 0
2070.49 0
2071.13 0
2071.77 0
2072.41 0
2073.05 0
2073.69 0
2074.33 0
2074.97 0
2075.61 0
2076.25 0
2076.89 0
2077.53 0
2078.17 0
2078.81 0
2079.45 0
2080.09 0
2080.73 0
2081.37 0
2082.01 0
2082.65 0
2083.29 0
2083.93 0
2084.57 0
2085.21 0
2085.85 0
2086.49 0
2087.13 0
2087.77 0
2088.41 0
2089.05 0
2089.69 0
2090.33 0
2090.97 0
2091.61 0
2092.25 0
2092.9 0
2093.54 0
2094.18 0
2094.82 0
2095.46 0
2096.1 0
2096.74 0
2097.38 0
2098.02 0
2098.66 0
2099.3 0
2099.94 0
2100.58 0
2101.22 0
2101.86 0
2102.5 0
2103.14 0
2103.78 0
2104.42 0
2105.06 0
2105.7 0
2106.34 0
2106.98 0
2107.62 0
2108.26 0
2108.9 0
2109.54 0
2110.18 0
2110.82 0
2111.46 0
2112.1 0
2112.74 0
2113.38 0
2114.02 0.205889
2114.66 0.202066
2115.3 0.19211
2115.94 0.171317
2116.58 0.137055
2117.22 0.0939912
2117.86 0.0561432
2118.5 0.0404688
2119.14 0.05493
2119.78 0.0921321
2120.42 0.135267
2121.06 0.17004
2121.7 0.191395
2122.34 0.201746
2122.98 0.205773
2123.62 0
2124.26 0
2124.9 0
2125.54 0
2126.18 0
2126.82 0
2127.46 0
2128.1 0
2128.74 0
2129.38 0
2130.02 0
2130.66 0
2131.3 0
2131.94 0
2132.58 0
2133.22 0
2133.86 0
2134.5 0
2135.14 0
2135.78 0
2136.42 0
2137.06 0
2137.7 0
2138.34 0
2138.98 0
2139.62 0
2140.26 0
2140.9 0
2141.54 0
