29.9113 0
30.5448 0
31.1783 0
31.8118 0
32.4453 0
33.0787 0
33.7122 0
34.3457 0
34.9792 0
35.6127 0
36.2462 0
36.8797 0
37.5132 0
38.1466 0
38.7801 0
39.4136 0
40.0471 0
40.6806 0
41.3141 0
41.9476 463.056
42.5811 460.894
43.2146 462.154
43.8481 484.832
44.4815 589.684
45.115 872.361
45.7485 1311.46
46.382 1618.25
47.0155 1500.49
47.649 1073.8
48.2825 689.905
48.916 501.948
49.5495 444.732
50.183 434.424
50.8165 444.736
51.45 490.88
52.0835 591.373
52.717 707.84
53.3505 743.701
53.984 660.862
54.6175 535.763
55.251 451.061
55.8845 416.495
56.5179 406.158
57.1514 402.402
57.7849 399.745
58.4184 0
59.0519 0
59.6854 0
60.3189 0
60.9524 0
61.5859 0
62.2194 0
62.853 0
63.4865 0
64.12 0
64.7535 0
65.387 0
66.0205 0
66.654 0
67.2875 0
67.921 0
68.5545 0
69.188 0
69.8215 0
70.455 0
71.0885 0
71.722 0
72.3555 0
72.989 0
73.6225 0
74.256 0
74.8895 0
75.5231 0
76.1566 0
76.7901 0
77.4236 0
78.0571 0
78.6906 0
79.3241 0
79.9576 0
80.5911 0
81.2247 0
81.8582 0
82.4917 0
83.1252 0
83.7587 0
84.3922 0
85.0257 0
85.6592 0
86.2928 0
86.9263 0
87.5598 0
88.1933 0
88.8268 0
89.4603 0
90.0939 0
90.7274 0
91.3609 0
91.9944 0
92.6279 0
93.2614 0
93.895 0
94.5285 0
95.162 0
95.7955 0
96.429 0
97.0626 0
97.6961 0
98.3296 0
98.9631 0
99.5966 0
100.23 0
100.864 0
101.497 0
102.131 0
102.764 0
103.398 0
104.031 0
104.665 0
105.298 0
105.932 0
106.565 0
107.199 0
107.832 0
108.466 0
109.1 0
109.733 0
110.367 0
111 0
111.634 0
112.267 0
112.901 0
113.534 0
114.168 0
114.801 0
115.435 0
116.068 0
116.702 0
117.335 0
117.969 0
118.602 0
119.236 0
119.87 0
120.503 0
121.137 0
121.77 0
122.404 0
123.037 0
123.671 0
124.304 0
124.938 0
125.571 0
126.205 0
126.838 0
127.472 0
128.105 0
128.739 0
129.373 0
130.006 0
130.64 0
131.273 0
131.907 0
132.54 0
133.174 0
133.807 0
134.441 0
135.074 0
135.708 0
136.341 0
136.975 0
137.609 0
138.242 0
138.876 0
139.509 0
140.143 0
140.776 0
141.41 0
142.043 0
142.677 0
143.31 0
143.944 0
144.578 0
145.211 0
145.845 0
146.478 0
147.112 0
147.745 0
148.379 0
149.012 0
149.646 0
150.279 0
150.913 0
151.547 0
152.18 0
152.814 0
153.447 0
154.081 0
154.714 0
155.348 0
155.981 0
156.615 0
157.249 0
157.882 0
158.516 0
159.149 0
159.783 0
160.416 0
161.05 0
161.683 0
162.317 0
162.95 0
163.584 0
164.218 0
164.851 0
165.485 0
166.118 0
166.752 0
167.385 0
168.019 0
168.653 0
169.286 0
169.92 0
170.553 0
171.187 0
171.82 0
172.454 0
173.087 0
173.721 0
174.355 0
174.988 0
175.622 0
176.255 0
176.889 0
177.522 0
178.156 0
178.789 0
179.423 0
180.057 0
180.69 0
181.324 1012.38
181.957 1005.79
182.591 1000.76
183.224 1005.88
183.858 1053.56
184.492 1209.46
185.125 1506.29
185.759 1811.64
186.392 1876.2
187.026 1633.05
187.659 1291.42
188.293 1058.87
188.927 960.165
189.56 929.271
190.194 918.316
190.827 911.069
191.461 0
192.094 0
192.728 0
193.362 0
193.995 0
194.629 0
195.262 0
195.896 0
196.529 0
197.163 0
197.797 0
198.43 0
199.064 0
199.697 0
200.331 0
200.964 0
201.598 0
202.232 0
202.865 0
203.499 0
204.132 0
204.766 0
205.399 0
206.033 0
206.667 0
207.3 0
207.934 0
208.567 0
209.201 0
209.834 0
210.468 0
211.102 0
211.735 0
212.369 0
213.002 0
213.636 0
214.27 0
214.903 0
215.537 0
216.17 0
216.804 0
217.437 0
218.071 0
218.705 0
219.338 0
219.972 0
220.605 0
221.239 0
221.873 0
222.506 0
223.14 0
223.773 0
224.407 0
225.04 0
225.674 0
226.308 0
226.941 0
227.575 0
228.208 0
228.842 0
229.476 0
230.109 0
230.743 0
231.376 0
232.01 0
232.643 0
233.277 0
233.911 0
234.544 0
235.178 0
235.811 0
236.445 0
237.079 570.364
237.712 567.537
238.346 567.539
238.979 585.236
239.613 674.744
240.247 943.287
240.88 1444.44
241.514 1967.63
242.147 2106.4
242.781 1730.99
243.415 1165.96
244.048 764.851
244.682 590.568
245.315 539.564
245.949 527.461
246.583 523.173
247.216 0
247.85 0
248.483 0
249.117 0
249.751 0
250.384 0
251.018 0
251.651 0
252.285 0
252.919 0
253.552 0
254.186 469.537
254.819 466.48
255.453 463.721
256.087 462.528
256.72 466.583
257.354 481.042
257.987 504.505
258.621 521.595
259.255 515.259
259.888 488.477
260.522 460.157
261.155 442.376
261.789 433.889
262.423 429.483
263.056 426.169
263.69 423.046
264.323 0
264.957 0
265.591 0
266.224 0
266.858 0
267.491 0
268.125 0
268.759 0
269.392 0
270.026 394.763
270.659 392.812
271.293 391.121
271.927 390.861
272.56 395.695
273.194 411.47
273.827 438.45
274.461 461.526
275.095 459.768
275.728 431.553
276.362 396.668
276.996 372.798
277.629 363.069
278.263 361.991
278.896 363.316
279.53 363.685
280.164 362.672
280.797 360.948
281.431 359.01
282.064 357.03
282.698 0
283.332 0
283.965 0
284.599 0
285.233 0
285.866 0
286.5 0
287.133 0
287.767 0
288.401 0
289.034 0
289.668 0
290.301 329.915
290.935 328.279
291.569 333.764
292.202 381.443
292.836 592.857
293.47 1197.81
294.103 2298.14
294.737 3433.92
295.37 3744.04
296.004 2949.09
296.638 1726.24
297.271 837.426
297.905 440.776
298.538 323.259
299.172 298.091
299.806 292.524
300.439 0
301.073 0
301.707 0
302.34 0
302.974 0
303.607 0
304.241 0
304.875 0
305.508 0
306.142 0
306.776 0
307.409 0
308.043 0
308.676 0
309.31 0
309.944 0
310.577 0
311.211 0
311.845 0
312.478 0
313.112 0
313.745 0
314.379 0
315.013 0
315.646 0
316.28 0
316.914 0
317.547 0
318.181 0
318.815 0
319.448 0
320.082 0
320.715 0
321.349 0
321.983 0
322.616 0
323.25 0
323.884 0
324.517 0
325.151 0
325.784 0
326.418 0
327.052 0
327.685 0
328.319 0
328.953 0
329.586 0
330.22 0
330.854 0
331.487 0
332.121 0
332.754 0
333.388 0
334.022 0
334.655 0
335.289 0
335.923 0
336.556 0
337.19 0
337.824 0
338.457 0
339.091 0
339.724 0
340.358 0
340.992 0
341.625 0
342.259 0
342.893 0
343.526 0
344.16 0
344.794 0
345.427 0
346.061 0
346.695 0
347.328 184.304
347.962 188.386
348.595 228.321
349.229 431.937
349.863 1118.24
350.496 2641.97
351.13 4734.65
351.764 6125
352.397 5656.68
353.031 3739.99
353.665 1809.29
354.298 698.644
354.932 285.468
355.566 180.87
356.199 161.445
356.833 157.581
357.467 0
358.1 0
358.734 0
359.367 0
360.001 0
360.635 0
361.268 0
361.902 0
362.536 0
363.169 0
363.803 0
364.437 0
365.07 0
365.704 0
366.338 0
366.971 0
367.605 0
368.239 0
368.872 0
369.506 0
370.14 0
370.773 0
371.407 0
372.04 0
372.674 0
373.308 0
373.941 0
374.575 0
375.209 0
375.842 0
376.476 0
377.11 0
377.743 0
378.377 0
379.011 0
379.644 0
380.278 0
380.912 0
381.545 0
382.179 141.806
382.813 141.823
383.446 142.143
384.08 143.802
384.714 149.324
385.347 161.574
385.981 179.331
386.615 195.78
387.248 206.642
387.882 215.093
388.516 220.652
389.149 213.965
389.783 192.414
390.417 167.584
391.05 150.996
391.684 143.832
392.318 141.728
392.951 141.279
393.585 141.187
394.219 0
394.852 0
395.486 0
396.12 0
396.753 0
397.387 0
398.021 0
398.654 0
399.288 0
399.922 0
400.555 0
401.189 0
401.823 0
402.456 0
403.09 0
403.724 0
404.357 0
404.991 0
405.625 0
406.258 0
406.892 0
407.526 0
408.159 0
408.793 0
409.427 0
410.06 0
410.694 0
411.328 0
411.961 0
412.595 0
413.229 0
413.862 0
414.496 0
415.13 0
415.763 0
416.397 0
417.031 0
417.664 0
418.298 0
418.932 0
419.565 0
420.199 0
420.833 0
421.466 0
422.1 0
422.734 0
423.367 0
424.001 0
424.635 0
425.268 0
425.902 0
426.536 0
427.169 0
427.803 0
428.437 0
429.07 0
429.704 0
430.338 0
430.972 0
431.605 0
432.239 0
432.873 0
433.506 0
434.14 0
434.774 0
435.407 0
436.041 0
436.675 0
437.308 0
437.942 0
438.576 0
439.209 0
439.843 0
440.477 0
441.11 0
441.744 0
442.378 0
443.011 0
443.645 0
444.279 0
444.913 0
445.546 0
446.18 0
446.814 0
447.447 0
448.081 0
448.715 0
449.348 0
449.982 86.2302
450.616 85.8128
451.249 85.5504
451.883 86.0226
452.517 88.8104
453.15 96.1271
453.784 107.759
454.418 117.798
455.052 118.368
455.685 108.62
456.319 95.8105
456.953 86.7086
457.586 82.3975
458.22 80.8602
458.854 80.6488
459.487 82.127
460.121 87.1837
460.755 97.0308
461.388 108.296
462.022 113.198
462.656 107.339
463.289 95.1848
463.923 84.491
464.557 78.5753
465.191 76.1849
465.824 75.2642
466.458 74.7395
467.092 0
467.725 0
468.359 0
468.993 0
469.626 0
470.26 0
470.894 0
471.528 0
472.161 0
472.795 0
473.429 0
474.062 0
474.696 0
475.33 0
475.963 71.789
476.597 71.4021
477.231 71.4358
477.864 73.0482
478.498 78.4998
479.132 89.2812
479.766 101.957
480.399 108.011
481.033 102.138
481.667 88.7801
482.3 76.5986
482.934 69.7128
483.568 67.1766
484.201 67.6573
484.835 72.5548
485.469 85.2657
486.103 105.561
486.736 123.661
487.37 125.919
488.004 110.071
488.637 88.0734
489.271 71.9722
489.905 64.2421
490.539 61.4787
491.172 60.5012
491.806 59.9492
492.44 0
493.073 0
493.707 0
494.341 0
494.974 0
495.608 0
496.242 0
496.876 0
497.509 0
498.143 0
498.777 0
499.41 0
500.044 0
500.678 0
501.312 0
501.945 0
502.579 0
503.213 0
503.846 0
504.48 0
505.114 0
505.747 0
506.381 0
507.015 0
507.649 0
508.282 0
508.916 0
509.55 0
510.183 0
510.817 0
511.451 0
512.085 0
512.718 0
513.352 0
513.986 0
514.619 0
515.253 0
515.887 0
516.521 0
517.154 0
517.788 0
518.422 0
519.055 0
519.689 0
520.323 0
520.957 0
521.59 0
522.224 0
522.858 0
523.491 0
524.125 0
524.759 0
525.393 0
526.026 0
526.66 0
527.294 0
527.927 0
528.561 0
529.195 0
529.829 0
530.462 0
531.096 0
531.73 0
532.363 0
532.997 0
533.631 0
534.265 0
534.898 0
535.532 0
536.166 0
536.8 0
537.433 0
538.067 0
538.701 0
539.334 0
539.968 0
540.602 0
541.236 0
541.869 0
542.503 0
543.137 0
543.77 0
544.404 0
545.038 0
545.672 0
546.305 0
546.939 0
547.573 0
548.207 0
548.84 0
549.474 0
550.108 0
550.741 0
551.375 0
552.009 0
552.643 0
553.276 0
553.91 0
554.544 0
555.178 0
555.811 0
556.445 0
557.079 0
557.712 0
558.346 0
558.98 0
559.614 0
560.247 0
560.881 0
561.515 0
562.149 0
562.782 0
563.416 0
564.05 0
564.683 0
565.317 0
565.951 0
566.585 0
567.218 0
567.852 0
568.486 0
569.12 0
569.753 0
570.387 0
571.021 0
571.655 0
572.288 0
572.922 0
573.556 0
574.189 0
574.823 0
575.457 43.6563
576.091 43.5689
576.724 43.8178
577.358 45.3998
577.992 50.5197
578.626 61.3822
579.259 76.1516
579.893 86.7364
580.527 85.1552
581.161 72.7097
581.794 58.4255
582.428 49.1044
583.062 44.9928
583.696 43.3952
584.329 42.4841
584.963 41.8012
585.597 41.3456
586.231 41.0694
586.864 40.8804
587.498 40.7191
588.132 40.5639
588.765 0
589.399 0
590.033 0
590.667 0
591.3 0
591.934 0
592.568 0
593.202 0
593.835 0
594.469 0
595.103 0
595.737 0
596.37 0
597.004 0
597.638 0
598.272 0
598.905 0
599.539 0
600.173 0
600.807 0
601.44 0
602.074 0
602.708 0
603.342 0
603.975 0
604.609 39.7573
605.243 46.9424
605.877 91.9491
606.51 286.118
607.144 876.128
607.778 2114.24
608.412 3811.67
609.045 5072.33
609.679 4968.93
610.313 3584.44
610.947 1910.65
611.58 762.815
612.214 241.726
612.848 76.9259
613.482 39.5735
614.115 33.1748
614.749 0
615.383 0
616.017 0
616.65 0
617.284 0
617.918 0
618.552 0
619.185 0
619.819 0
620.453 0
621.087 0
621.72 0
622.354 0
622.988 0
623.622 0
624.255 0
624.889 0
625.523 0
626.157 0
626.79 0
627.424 0
628.058 0
628.692 0
629.325 0
629.959 0
630.593 0
631.227 0
631.86 0
632.494 0
633.128 0
633.762 0
634.395 0
635.029 0
635.663 0
636.297 0
636.93 0
637.564 0
638.198 0
638.832 0
639.465 0
640.099 0
640.733 0
641.367 0
642 0
642.634 0
643.268 0
643.902 0
644.535 0
645.169 0
645.803 0
646.437 0
647.071 0
647.704 0
648.338 0
648.972 0
649.606 0
650.239 0
650.873 0
651.507 0
652.141 0
652.774 0
653.408 0
654.042 0
654.676 0
655.309 0
655.943 0
656.577 0
657.211 34.6172
657.844 34.4495
658.478 34.2872
659.112 34.1421
659.746 34.0345
660.38 33.9803
661.013 34.0128
661.647 34.4857
662.281 37.1858
662.915 47.3019
663.548 73.2344
664.182 118.154
664.816 166.595
665.45 187.998
666.083 165.884
666.717 117.023
667.351 71.8757
667.985 45.6638
668.619 35.1655
669.252 32.0919
669.886 31.334
670.52 0
671.154 0
671.787 0
672.421 0
673.055 0
673.689 0
674.322 0
674.956 0
675.59 0
676.224 0
676.858 0
677.491 0
678.125 0
678.759 0
679.393 0
680.026 0
680.66 0
681.294 0
681.928 0
682.561 0
683.195 0
683.829 0
684.463 0
685.097 0
685.73 0
686.364 0
686.998 0
687.632 0
688.265 0
688.899 0
689.533 0
690.167 0
690.801 0
691.434 0
692.068 0
692.702 0
693.336 0
693.969 0
694.603 0
695.237 0
695.871 0
696.504 0
697.138 0
697.772 0
698.406 32.6753
699.04 33.0824
699.673 33.8573
700.307 35.9829
700.941 41.4759
701.575 52.1746
702.208 66.2543
702.842 76.5342
703.476 75.9092
704.11 65.1182
704.744 51.8696
705.377 42.6549
706.011 38.488
706.645 37.3241
707.279 37.2942
707.913 37.5581
708.546 0
709.18 0
709.814 0
710.448 0
711.081 0
711.715 0
712.349 0
712.983 0
713.617 0
714.25 0
714.884 29.8789
715.518 30.1806
716.152 30.6674
716.785 31.9407
717.419 35.534
718.053 43.6038
718.687 56.3781
719.321 68.9925
719.954 73.5053
720.588 66.71
721.222 53.8318
721.856 42.6175
722.49 36.4429
723.123 34.2025
723.757 33.7708
724.391 33.8959
725.025 0
725.658 0
726.292 0
726.926 0
727.56 0
728.194 0
728.827 0
729.461 0
730.095 0
730.729 0
731.363 0
731.996 0
732.63 0
733.264 0
733.898 0
734.531 0
735.165 0
735.799 0
736.433 0
737.067 0
737.7 0
738.334 0
738.968 0
739.602 0
740.236 0
740.869 0
741.503 0
742.137 0
742.771 0
743.405 0
744.038 0
744.672 0
745.306 0
745.94 0
746.573 0
747.207 0
747.841 0
748.475 0
749.109 0
749.742 0
750.376 0
751.01 0
751.644 0
752.278 0
752.911 0
753.545 0
754.179 0
754.813 0
755.447 0
756.08 0
756.714 0
757.348 0
757.982 0
758.616 31.8714
759.249 31.7683
759.883 31.6186
760.517 31.3212
761.151 30.7111
761.785 29.7116
762.418 28.5983
763.052 27.9856
763.686 28.3968
764.32 30.4203
764.954 37.2697
765.587 60.3735
766.221 122.242
766.855 240.798
767.489 391.705
768.123 495.327
768.756 478.669
769.39 354.256
770.024 205.691
770.658 101.393
771.292 51.751
771.925 34.9209
772.559 30.7245
773.193 29.894
773.827 0
774.461 0
775.094 0
775.728 0
776.362 0
776.996 0
777.63 0
778.263 0
778.897 0
779.531 0
780.165 0
780.799 0
781.432 31.5442
782.066 32.0395
782.7 34.3976
783.334 42.5812
783.968 62.9972
784.601 98.4958
785.235 138.291
785.869 159.112
786.503 145.827
787.137 108.283
787.77 70.142
788.404 46.0519
789.038 35.5748
789.672 32.3168
790.306 31.5789
790.939 31.4552
791.573 0
792.207 0
792.841 0
793.475 0
794.108 0
794.742 0
795.376 0
796.01 0
796.644 0
797.277 0
797.911 0
798.545 0
799.179 0
799.813 0
800.446 0
801.08 0
801.714 30.0499
802.348 30.8864
802.982 34.4627
803.616 46.2385
804.249 74.4308
804.883 121.562
805.517 172.056
806.151 195.915
806.785 175.929
807.418 126.753
808.052 78.5117
808.686 48.6234
809.32 35.792
809.954 31.8618
810.587 31.0215
811.221 0
811.855 0
812.489 0
813.123 0
813.757 0
814.39 0
815.024 0
815.658 0
816.292 0
816.926 0
817.559 0
818.193 0
818.827 0
819.461 0
820.095 0
820.728 0
821.362 0
821.996 0
822.63 0
823.264 0
823.898 0
824.531 0
825.165 0
825.799 0
826.433 0
827.067 0
827.7 0
828.334 0
828.968 0
829.602 0
830.236 0
830.869 0
831.503 0
832.137 0
832.771 0
833.405 0
834.039 0
834.672 34.9227
835.306 35.1715
835.94 36.4216
836.574 40.4956
837.208 49.8636
837.841 64.764
838.475 79.7112
839.109 85.5634
839.743 78.0606
840.377 62.5362
841.011 48.0617
841.644 39.3419
842.278 35.6396
842.912 34.474
843.546 34.1715
844.18 0
844.813 0
845.447 0
846.081 0
846.715 0
847.349 0
847.983 0
848.616 0
849.25 0
849.884 0
850.518 0
851.152 0
851.786 0
852.419 0
853.053 0
853.687 0
854.321 0
854.955 0
855.588 33.2508
856.222 33.4489
856.856 33.6648
857.49 33.9487
858.124 34.4152
858.758 35.205
859.391 36.3021
860.025 37.3481
860.659 37.8129
861.293 37.5014
861.927 36.7695
862.561 36.1391
863.194 35.8526
863.828 35.8492
864.462 35.9843
865.096 36.1654
865.73 0
866.363 0
866.997 0
867.631 0
868.265 0
868.899 0
869.533 0
870.166 0
870.8 0
871.434 0
872.068 0
872.702 0
873.336 0
873.969 0
874.603 0
875.237 0
875.871 0
876.505 0
877.139 0
877.772 0
878.406 0
879.04 0
879.674 0
880.308 0
880.941 0
881.575 0
882.209 0
882.843 0
883.477 0
884.111 0
884.744 0
885.378 0
886.012 0
886.646 0
887.28 0
887.914 0
888.547 0
889.181 0
889.815 0
890.449 0
891.083 0
891.717 0
892.35 0
892.984 0
893.618 0
894.252 0
894.886 0
895.52 0
896.153 0
896.787 0
897.421 0
898.055 0
898.689 0
899.323 0
899.956 0
900.59 0
901.224 0
901.858 0
902.492 0
903.126 0
903.759 0
904.393 0
905.027 0
905.661 0
906.295 0
906.929 0
907.562 0
908.196 0
908.83 0
909.464 0
910.098 0
910.732 0
911.365 0
911.999 0
912.633 0
913.267 0
913.901 0
914.535 0
915.169 0
915.802 0
916.436 0
917.07 0
917.704 0
918.338 0
918.972 0
919.605 0
920.239 0
920.873 0
921.507 0
922.141 0
922.775 0
923.408 0
924.042 0
924.676 0
925.31 0
925.944 0
926.578 0
927.211 0
927.845 0
928.479 0
929.113 33.0687
929.747 33.3706
930.381 35.5496
931.015 44.4807
931.648 70.5635
932.282 125.404
932.916 205.561
933.55 278.37
934.184 298.907
934.818 252.617
935.451 171.048
936.085 98.665
936.719 56.0426
937.353 38.1148
937.987 32.5124
938.621 31.1229
939.254 0
939.888 0
940.522 0
941.156 0
941.79 0
942.424 0
943.058 0
943.691 0
944.325 0
944.959 0
945.593 0
946.227 0
946.861 0
947.494 0
948.128 0
948.762 0
949.396 0
950.03 0
950.664 0
951.298 0
951.931 0
952.565 0
953.199 0
953.833 0
954.467 0
955.101 0
955.734 0
956.368 0
957.002 0
957.636 0
958.27 0
958.904 0
959.538 30.6661
960.171 30.6441
960.805 31.1876
961.439 33.3446
962.073 38.6482
962.707 47.6069
963.341 57.4891
963.974 62.7573
964.608 59.7036
965.242 50.3269
965.876 40.1849
966.51 33.2136
967.144 29.7827
967.778 28.4611
968.411 27.9748
969.045 27.7236
969.679 0
970.313 0
970.947 0
971.581 0
972.215 0
972.848 0
973.482 0
974.116 0
974.75 0
975.384 0
976.018 0
976.651 0
977.285 0
977.919 0
978.553 0
979.187 0
979.821 0
980.455 0
981.088 0
981.722 0
982.356 0
982.99 0
983.624 0
984.258 0
984.892 0
985.525 0
986.159 0
986.793 0
987.427 0
988.061 0
988.695 0
989.329 0
989.962 0
990.596 0
991.23 0
991.864 0
992.498 0
993.132 0
993.766 0
994.399 0
995.033 0
995.667 0
996.301 0
996.935 0
997.569 0
998.203 0
998.836 0
999.47 0
1000.1 0
1000.74 0
1001.37 0
1002.01 0
1002.64 0
1003.27 0
1003.91 0
1004.54 0
1005.17 0
1005.81 0
1006.44 0
1007.08 0
1007.71 0
1008.34 0
1008.98 0
1009.61 0
1010.25 0
1010.88 0
1011.51 0
1012.15 0
1012.78 0
1013.42 0
1014.05 0
1014.68 0
1015.32 0
1015.95 0
1016.58 0
1017.22 0
1017.85 0
1018.49 0
1019.12 0
1019.75 0
1020.39 0
1021.02 0
1021.66 0
1022.29 0
1022.92 0
1023.56 0
1024.19 0
1024.82 0
1025.46 0
1026.09 0
1026.73 0
1027.36 0
1027.99 0
1028.63 0
1029.26 0
1029.9 0
1030.53 0
1031.16 0
1031.8 0
1032.43 0
1033.06 0
1033.7 0
1034.33 0
1034.97 0
1035.6 0
1036.23 0
1036.87 0
1037.5 0
1038.14 0
1038.77 0
1039.4 0
1040.04 0
1040.67 0
1041.31 0
1041.94 0
1042.57 0
1043.21 0
1043.84 0
1044.47 0
1045.11 0
1045.74 0
1046.38 0
1047.01 22.1564
1047.64 22.1344
1048.28 22.2887
1048.91 23.0368
1049.55 25.2106
1050.18 29.6626
1050.81 36.0195
1051.45 41.709
1052.08 43.309
1052.71 39.6898
1053.35 33.1943
1053.98 27.2518
1054.62 23.59
1055.25 21.94
1055.88 21.3558
1056.52 21.1612
1057.15 0
1057.79 0
1058.42 0
1059.05 0
1059.69 0
1060.32 0
1060.95 0
1061.59 0
1062.22 0
1062.86 0
1063.49 0
1064.12 0
1064.76 0
1065.39 24.1954
1066.03 24.1411
1066.66 24.3971
1067.29 25.5015
1067.93 28.2078
1068.56 32.7355
1069.2 37.723
1069.83 40.4498
1070.46 39.0314
1071.1 34.3232
1071.73 29.0277
1072.36 25.2162
1073 23.2243
1073.63 22.3902
1074.27 22.0468
1074.9 21.852
1075.53 0
1076.17 0
1076.8 0
1077.44 0
1078.07 0
1078.7 0
1079.34 0
1079.97 0
1080.6 0
1081.24 0
1081.87 0
1082.51 0
1083.14 0
1083.77 0
1084.41 0
1085.04 0
1085.68 0
1086.31 0
1086.94 0
1087.58 0
1088.21 0
1088.85 0
1089.48 0
1090.11 0
1090.75 0
1091.38 0
1092.01 0
1092.65 0
1093.28 0
1093.92 0
1094.55 0
1095.18 0
1095.82 0
1096.45 0
1097.09 0
1097.72 0
1098.35 0
1098.99 0
1099.62 0
1100.26 0
1100.89 0
1101.52 0
1102.16 0
1102.79 0
1103.42 0
1104.06 0
1104.69 0
1105.33 0
1105.96 0
1106.59 0
1107.23 0
1107.86 0
1108.5 0
1109.13 0
1109.76 0
1110.4 0
1111.03 0
1111.66 0
1112.3 0
1112.93 0
1113.57 0
1114.2 0
1114.83 0
1115.47 22.2834
1116.1 25.7625
1116.74 41.7112
1117.37 95.649
1118 231.784
1118.64 483.741
1119.27 810.037
1119.91 1065.99
1120.54 1096.05
1121.17 880.147
1121.81 554.276
1122.44 277.812
1123.07 116.483
1123.71 47.7261
1124.34 25.7056
1124.98 20.2576
1125.61 0
1126.24 0
1126.88 0
1127.51 0
1128.15 0
1128.78 23.0558
1129.41 22.9624
1130.05 23.0822
1130.68 23.8647
1131.32 26.1184
1131.95 30.5248
1132.58 36.4609
1133.22 41.349
1133.85 42.1877
1134.48 38.3197
1135.12 32.1036
1135.75 26.5956
1136.39 23.2142
1137.02 21.6433
1137.65 21.0236
1138.29 20.7532
1138.92 0
1139.56 0
1140.19 0
1140.82 0
1141.46 0
1142.09 0
1142.72 0
1143.36 0
1143.99 0
1144.63 0
1145.26 0
1145.89 0
1146.53 0
1147.16 0
1147.8 0
1148.43 0
1149.06 0
1149.7 0
1150.33 22.7862
1150.97 22.7842
1151.6 24.0585
1152.23 29.2523
1152.87 43.0509
1153.5 69.3099
1154.13 104.282
1154.77 133.023
1155.4 138.295
1156.04 116.386
1156.67 80.8814
1157.3 49.3942
1157.94 30.1722
1158.57 21.4683
1159.21 18.3342
1159.84 17.2649
1160.47 0
1161.11 0
1161.74 0
1162.38 0
1163.01 0
1163.64 0
1164.28 0
1164.91 0
1165.54 0
1166.18 0
1166.81 0
1167.45 0
1168.08 0
1168.71 20.2636
1169.35 20.2863
1169.98 20.3526
1170.62 20.5287
1171.25 20.8964
1171.88 21.4602
1172.52 22.0431
1173.15 22.3394
1173.79 22.1641
1174.42 21.6362
1175.05 21.0584
1175.69 20.6523
1176.32 20.4503
1176.95 20.3786
1177.59 20.3631
1178.22 20.3652
1178.86 0
1179.49 0
1180.12 0
1180.76 0
1181.39 0
1182.03 0
1182.66 0
1183.29 0
1183.93 0
1184.56 0
1185.2 0
1185.83 0
1186.46 0
1187.1 0
1187.73 0
1188.36 0
1189 0
1189.63 0
1190.27 0
1190.9 0
1191.53 0
1192.17 0
1192.8 0
1193.44 0
1194.07 0
1194.7 0
1195.34 0
1195.97 0
1196.61 0
1197.24 0
1197.87 0
1198.51 0
1199.14 0
1199.77 0
1200.41 0
1201.04 0
1201.68 0
1202.31 0
1202.94 16.1272
1203.58 16.4195
1204.21 17.1562
1204.85 19.1304
1205.48 23.5471
1206.11 31.0406
1206.75 40.001
1207.38 46.3226
1208.02 46.2595
1208.65 39.9521
1209.28 31.2826
1209.92 24.2525
1210.55 20.302
1211.18 18.7211
1211.82 18.3171
1212.45 18.3297
1213.09 0
1213.72 0
1214.35 0
1214.99 0
1215.62 0
1216.26 0
1216.89 0
1217.52 0
1218.16 0
1218.79 0
1219.43 0
1220.06 0
1220.69 0
1221.33 0
1221.96 0
1222.59 0
1223.23 0
1223.86 0
1224.5 0
1225.13 0
1225.76 0
1226.4 0
1227.03 0
1227.67 0
1228.3 0
1228.93 0
1229.57 0
1230.2 0
1230.84 0
1231.47 0
1232.1 0
1232.74 0
1233.37 17.4396
1234.01 19.1757
1234.64 26.7557
1235.27 50.495
1235.91 106.005
1236.54 201.575
1237.17 316.685
1237.81 398.43
1238.44 397.698
1239.08 314.881
1239.71 199.435
1240.34 103.931
1240.98 48.4288
1241.61 24.4858
1242.25 16.5629
1242.88 14.4355
1243.51 0
1244.15 0
1244.78 0
1245.42 0
1246.05 0
1246.68 0
1247.32 0
1247.95 0
1248.58 0
1249.22 0
1249.85 0
1250.49 0
1251.12 0
1251.75 0
1252.39 0
1253.02 0
1253.66 0
1254.29 0
1254.92 0
1255.56 0
1256.19 0
1256.83 0
1257.46 0
1258.09 0
1258.73 0
1259.36 0
1259.99 0
1260.63 0
1261.26 0
1261.9 0
1262.53 0
1263.16 0
1263.8 0
1264.43 0
1265.07 0
1265.7 0
1266.33 0
1266.97 0
1267.6 0
1268.24 0
1268.87 0
1269.5 0
1270.14 0
1270.77 0
1271.41 0
1272.04 0
1272.67 0
1273.31 0
1273.94 0
1274.57 0
1275.21 0
1275.84 0
1276.48 16.7224
1277.11 17.5512
1277.74 20.4968
1278.38 28.4925
1279.01 44.8339
1279.65 69.2046
1280.28 93.6948
1280.91 105.541
1281.55 97.3946
1282.18 74.392
1282.82 49.1358
1283.45 30.9873
1284.08 21.554
1284.72 17.871
1285.35 16.77
1285.98 0
1286.62 0
1287.25 0
1287.89 0
1288.52 0
1289.15 0
1289.79 0
1290.42 0
1291.06 0
1291.69 0
1292.32 0
1292.96 0
1293.59 0
1294.23 0
1294.86 0
1295.49 0
1296.13 0
1296.76 0
1297.39 0
1298.03 0
1298.66 0
1299.3 0
1299.93 0
1300.56 0
1301.2 0
1301.83 0
1302.47 0
1303.1 0
1303.73 0
1304.37 0
1305 0
1305.64 0
1306.27 0
1306.9 0
1307.54 0
1308.17 0
1308.81 0
1309.44 0
1310.07 0
1310.71 0
1311.34 0
1311.97 0
1312.61 0
1313.24 0
1313.88 0
1314.51 0
1315.14 0
1315.78 0
1316.41 0
1317.05 0
1317.68 0
1318.31 0
1318.95 0
1319.58 0
1320.22 0
1320.85 0
1321.48 0
1322.12 0
1322.75 0
1323.39 0
1324.02 0
1324.65 0
1325.29 0
1325.92 0
1326.55 0
1327.19 0
1327.82 18.4286
1328.46 18.3133
1329.09 18.1572
1329.72 17.8971
1330.36 17.4496
1330.99 16.7907
1331.63 16.0635
1332.26 15.565
1332.89 15.5319
1333.53 15.9219
1334.16 16.4552
1334.8 16.8627
1335.43 17.0529
1336.06 17.0771
1336.7 17.0177
1337.33 16.9279
1337.96 0
1338.6 0
1339.23 0
1339.87 0
1340.5 0
1341.13 0
1341.77 0
1342.4 0
1343.04 0
1343.67 0
1344.3 0
1344.94 0
1345.57 0
1346.21 0
1346.84 0
1347.47 0
1348.11 0
1348.74 0
1349.38 0
1350.01 0
1350.64 0
1351.28 0
1351.91 0
1352.54 0
1353.18 0
1353.81 0
1354.45 0
1355.08 0
1355.71 0
1356.35 0
1356.98 0
1357.62 0
1358.25 0
1358.88 0
1359.52 0
1360.15 0
1360.79 0
1361.42 0
1362.05 0
1362.69 0
1363.32 0
1363.96 0
1364.59 0
1365.22 0
1365.86 0
1366.49 0
1367.12 0
1367.76 0
1368.39 0
1369.03 0
1369.66 0
1370.29 0
1370.93 0
1371.56 0
1372.2 0
1372.83 15.1787
1373.46 16.4033
1374.1 21.1618
1374.73 35.4816
1375.37 68.4914
1376 125.557
1376.63 196.151
1377.27 250.455
1377.9 257.833
1378.54 213.747
1379.17 144.096
1379.8 81.5403
1380.44 42.2286
1381.07 24.0376
1381.7 18.3673
1382.34 19.3372
1382.97 25.464
1383.61 36.8334
1384.24 51.2378
1384.87 62.6928
1385.51 64.8008
1386.14 56.2666
1386.78 42.1246
1387.41 29.1168
1388.04 20.7766
1388.68 16.8027
1389.31 15.3562
1389.95 14.9476
1390.58 0
1391.21 0
1391.85 0
1392.48 0
1393.11 0
1393.75 0
1394.38 0
1395.02 0
1395.65 0
1396.28 0
1396.92 14.3222
1397.55 15.1182
1398.19 17.6875
1398.82 24.4763
1399.45 38.3498
1400.09 59.4568
1400.72 81.7422
1401.36 94.4374
1401.99 90.0957
1402.62 71.462
1403.26 48.9696
1403.89 32.2599
1404.53 25.796
1405.16 31.4002
1405.79 51.3453
1406.43 85.6524
1407.06 125.474
1407.69 152.642
1408.33 151.535
1408.96 122.889
1409.6 83.0408
1410.23 49.4496
1410.86 29.2967
1411.5 20.2568
1412.13 17.1821
1412.77 16.4153
1413.4 0
1414.03 0
1414.67 0
1415.3 0
1415.94 0
1416.57 0
1417.2 0
1417.84 0
1418.47 0
1419.11 0
1419.74 0
1420.37 0
1421.01 0
1421.64 0
1422.27 0
1422.91 0
1423.54 0
1424.18 0
1424.81 0
1425.44 0
1426.08 0
1426.71 0
1427.35 0
1427.98 0
1428.61 0
1429.25 0
1429.88 0
1430.52 0
1431.15 0
1431.78 0
1432.42 0
1433.05 0
1433.69 0
1434.32 0
1434.95 0
1435.59 0
1436.22 0
1436.85 0
1437.49 0
1438.12 0
1438.76 0
1439.39 0
1440.02 0
1440.66 0
1441.29 0
1441.93 0
1442.56 0
1443.19 0
1443.83 0
1444.46 0
1445.1 0
1445.73 0
1446.36 0
1447 0
1447.63 0
1448.27 0
1448.9 0
1449.53 0
1450.17 0
1450.8 0
1451.43 0
1452.07 0
1452.7 0
1453.34 0
1453.97 0
1454.6 0
1455.24 0
1455.87 15.0888
1456.51 15.2231
1457.14 15.3554
1457.77 15.482
1458.41 15.5973
1459.04 15.6973
1459.68 15.7869
1460.31 15.8836
1460.94 16.008
1461.58 16.1663
1462.21 16.3451
1462.85 16.5229
1463.48 16.6869
1464.11 16.8365
1464.75 16.9772
1465.38 17.1139
1466.01 0
1466.65 0
1467.28 0
1467.92 0
1468.55 0
1469.18 0
1469.82 0
1470.45 0
1471.09 0
1471.72 0
1472.35 0
1472.99 0
1473.62 0
1474.26 0
1474.89 0
1475.52 0
1476.16 0
1476.79 0
1477.43 0
1478.06 0
1478.69 0
1479.33 0
1479.96 0
1480.59 0
1481.23 0
1481.86 0
1482.5 0
1483.13 0
1483.76 0
1484.4 0
1485.03 0
1485.67 0
1486.3 0
1486.93 0
1487.57 0
1488.2 0
1488.84 0
1489.47 0
1490.1 0
1490.74 0
1491.37 0
1492.01 0
1492.64 0
1493.27 0
1493.91 0
1494.54 0
1495.18 0
1495.81 0
1496.44 0
1497.08 0
1497.71 0
1498.34 0
1498.98 0
1499.61 0
1500.25 0
1500.88 0
1501.51 0
1502.15 0
1502.78 0
1503.42 0
1504.05 0
1504.68 20.5944
1505.32 21.8654
1505.95 26.2717
1506.59 37.575
1507.22 59.5342
1507.85 91.1291
1508.49 122.384
1509.12 137.94
1509.76 128.706
1510.39 100.075
1511.02 66.949
1511.66 41.5958
1512.29 27.3224
1512.92 21.1451
1513.56 19.0063
1514.19 18.3523
1514.83 0
1515.46 0
1516.09 0
1516.73 0
1517.36 0
1518 0
1518.63 0
1519.26 0
1519.9 0
1520.53 0
1521.17 0
1521.8 0
1522.43 0
1523.07 0
1523.7 0
1524.34 0
1524.97 0
1525.6 0
1526.24 0
1526.87 0
1527.5 0
1528.14 0
1528.77 0
1529.41 0
1530.04 0
1530.67 0
1531.31 0
1531.94 0
1532.58 0
1533.21 0
1533.84 18.3508
1534.48 18.3333
1535.11 18.8511
1535.75 20.6274
1536.38 24.5263
1537.01 30.6788
1537.65 37.4442
1538.28 41.6723
1538.92 40.9047
1539.55 35.6188
1540.18 28.9997
1540.82 24.5235
1541.45 23.832
1542.08 26.2193
1542.72 29.3098
1543.35 30.4737
1543.99 28.4984
1544.62 24.2701
1545.25 19.7562
1545.89 16.3996
1546.52 14.4738
1547.16 13.5341
1547.79 13.0672
1548.42 0
1549.06 0
1549.69 0
1550.33 0
1550.96 0
1551.59 0
1552.23 0
1552.86 0
1553.5 0
1554.13 0
1554.76 0
1555.4 0
1556.03 0
1556.66 0
1557.3 0
1557.93 0
1558.57 0
1559.2 0
1559.83 0
1560.47 0
1561.1 0
1561.74 0
1562.37 0
1563 0
1563.64 0
1564.27 0
1564.91 0
1565.54 0
1566.17 0
1566.81 0
1567.44 0
1568.08 0
1568.71 0
1569.34 0
1569.98 0
1570.61 0
1571.24 0
1571.88 0
1572.51 0
1573.15 0
1573.78 0
1574.41 0
1575.05 0
1575.68 0
1576.32 0
1576.95 0
1577.58 0
1578.22 13.4963
1578.85 13.5381
1579.49 14.0358
1580.12 15.7416
1580.75 19.8134
1581.39 27.0529
1582.02 36.4482
1582.66 44.4914
1583.29 46.9904
1583.92 42.429
1584.56 33.3332
1585.19 24.0267
1585.83 17.3969
1586.46 13.8271
1587.09 12.2954
1587.73 11.7204
1588.36 0
1588.99 0
1589.63 0
1590.26 12.33
1590.9 12.5586
1591.53 13.2036
1592.16 14.7184
1592.8 17.5062
1593.43 21.3541
1594.07 25.0187
1594.7 26.7436
1595.33 25.6334
1595.97 22.5539
1596.6 19.5331
1597.24 18.2907
1597.87 19.2095
1598.5 21.2661
1599.14 22.7553
1599.77 22.4355
1600.41 20.3446
1601.04 17.5657
1601.67 15.2338
1602.31 13.8186
1602.94 13.174
1603.57 12.9582
1604.21 12.9169
1604.84 0
1605.48 0
1606.11 0
1606.74 0
1607.38 0
1608.01 0
1608.65 0
1609.28 0
1609.91 0
1610.55 0
1611.18 0
1611.82 0
1612.45 0
1613.08 0
1613.72 0
1614.35 0
1614.99 0
1615.62 0
1616.25 0
1616.89 0
1617.52 0
1618.15 0
1618.79 0
1619.42 0
1620.06 0
1620.69 0
1621.32 0
1621.96 0
1622.59 0
1623.23 0
1623.86 0
1624.49 0
1625.13 0
1625.76 0
1626.4 0
1627.03 0
1627.66 0
1628.3 0
1628.93 0
1629.57 0
1630.2 0
1630.83 0
1631.47 0
1632.1 0
1632.73 0
1633.37 0
1634 0
1634.64 0
1635.27 0
1635.9 0
1636.54 0
1637.17 0
1637.81 0
1638.44 0
1639.07 0
1639.71 0
1640.34 0
1640.98 0
1641.61 0
1642.24 0
1642.88 0
1643.51 0
1644.15 0
1644.78 0
1645.41 0
1646.05 0
1646.68 0
1647.31 0
1647.95 0
1648.58 0
1649.22 0
1649.85 0
1650.48 0
1651.12 0
1651.75 0
1652.39 0
1653.02 0
1653.65 0
1654.29 0
1654.92 0
1655.56 0
1656.19 0
1656.82 9.39481
1657.46 9.99475
1658.09 12.2981
1658.73 18.0122
1659.36 28.4908
1659.99 42.6346
1660.63 55.5915
1661.26 60.9146
1661.89 55.4662
1662.53 42.1698
1663.16 27.4333
1663.8 16.2316
1664.43 9.80353
1665.06 6.85564
1665.7 5.67189
1666.33 0
1666.97 0
1667.6 0
1668.23 0
1668.87 0
1669.5 0
1670.14 0
1670.77 0
1671.4 0
1672.04 0
1672.67 0
1673.31 0
1673.94 0
1674.57 0
1675.21 0
1675.84 0
1676.48 0
1677.11 0
1677.74 0
1678.38 0
1679.01 0
1679.64 5.07659
1680.28 5.28722
1680.91 5.93043
1681.55 7.39781
1682.18 9.94455
1682.81 13.2107
1683.45 16.0117
1684.08 16.9387
1684.72 15.458
1685.35 12.3792
1685.98 9.15234
1686.62 6.7969
1687.25 5.49795
1687.89 4.93353
1688.52 4.72938
1689.15 0
1689.79 0
1690.42 0
1691.06 0
1691.69 0
1692.32 0
1692.96 0
1693.59 0
1694.22 0
1694.86 0
1695.49 0
1696.13 0
1696.76 0
1697.39 0
1698.03 0
1698.66 0
1699.3 0
1699.93 0
1700.56 0
1701.2 0
1701.83 0
1702.47 0
1703.1 0
1703.73 0
1704.37 0
1705 0
1705.64 0
1706.27 0
1706.9 0
1707.54 0
1708.17 0
1708.8 0
1709.44 0
1710.07 0
1710.71 0
1711.34 0
1711.97 0
1712.61 0
1713.24 0
1713.88 0
1714.51 0
1715.14 0
1715.78 0
1716.41 0
1717.05 0
1717.68 0
1718.31 0
1718.95 0
1719.58 0
1720.22 0
1720.85 0
1721.48 0
1722.12 0
1722.75 0
1723.38 0
1724.02 0
1724.65 4.46476
1725.29 5.35062
1725.92 8.55442
1726.55 17.4482
1727.19 36.7004
1727.82 68.7613
1728.46 108.256
1729.09 140.387
1729.72 148.983
1730.36 129.224
1730.99 91.8388
1731.63 53.9608
1732.26 26.9136
1732.89 12.2848
1733.53 6.09739
1734.16 3.99957
1734.8 0
1735.43 0
1736.06 0
1736.7 0
1737.33 0
1737.96 0
1738.6 0
1739.23 0
1739.87 0
1740.5 0
1741.13 0
1741.77 0
1742.4 0
1743.04 0
1743.67 0
1744.3 0
1744.94 0
1745.57 0
1746.21 0
1746.84 0
1747.47 0
1748.11 0
1748.74 0
1749.38 0
1750.01 0
1750.64 0
1751.28 0
1751.91 0
1752.54 0
1753.18 0
1753.81 0
1754.45 0
1755.08 0
1755.71 0
1756.35 0
1756.98 0
1757.62 0
1758.25 0
1758.88 0
1759.52 5.32925
1760.15 10.1609
1760.79 26.7516
1761.42 72.2193
1762.05 170.487
1762.69 334.824
1763.32 539.321
1763.95 709.466
1764.59 761.237
1765.22 666.119
1765.86 475.689
1766.49 277.836
1767.12 133.618
1767.76 54.1022
1768.39 19.9153
1769.03 8.28136
1769.66 0
1770.29 0
1770.93 0
1771.56 0
1772.2 0
1772.83 0
1773.46 0
1774.1 0
1774.73 0
1775.37 0
1776 0
1776.63 0
1777.27 0
1777.9 0
1778.53 0
1779.17 0
1779.8 0
1780.44 0
1781.07 0
1781.7 0
1782.34 0
1782.97 0
1783.61 0
1784.24 0
1784.87 0
1785.51 0
1786.14 0
1786.78 0
1787.41 0
1788.04 0
1788.68 0
1789.31 0
1789.95 0
1790.58 0
1791.21 0
1791.85 0
1792.48 0
1793.11 0
1793.75 0
1794.38 0
1795.02 0
1795.65 0
1796.28 0
1796.92 0
1797.55 0
1798.19 0
1798.82 0
1799.45 0
1800.09 0
1800.72 0
1801.36 0
1801.99 0
1802.62 0
1803.26 0
1803.89 0
1804.53 0
1805.16 0
1805.79 0
1806.43 0
1807.06 0
1807.69 0
1808.33 0
1808.96 0
1809.6 0
1810.23 0
1810.86 0
1811.5 0
1812.13 0
1812.77 0
1813.4 0
1814.03 0
1814.67 0
1815.3 0
1815.94 0
1816.57 0
1817.2 0
1817.84 0
1818.47 0
1819.1 0
1819.74 0
1820.37 0
1821.01 0
1821.64 0
1822.27 0
1822.91 0
1823.54 0
1824.18 0
1824.81 0
1825.44 0
1826.08 0
1826.71 0
1827.35 0
1827.98 0
1828.61 0
1829.25 0
1829.88 0
1830.52 0
1831.15 0
1831.78 0
1832.42 0
1833.05 0
1833.68 4.78025
1834.32 4.92985
1834.95 5.45692
1835.59 6.77555
1836.22 9.29737
1836.85 12.9585
1837.49 16.7761
1838.12 19.0981
1838.76 18.697
1839.39 15.7722
1840.02 11.7789
1840.66 8.27759
1841.29 6.01054
1841.93 4.89952
1842.56 4.63127
1843.19 5.29096
1843.83 7.90707
1844.46 14.7744
1845.1 28.7749
1845.73 50.8037
1846.36 76.4255
1847 95.7376
1847.63 99.0973
1848.26 84.6668
1848.9 59.9701
1849.53 35.7234
1850.17 18.6198
1850.8 9.37699
1851.43 5.43593
1852.07 4.07857
1852.7 0
1853.34 0
1853.97 0
1854.6 0
1855.24 0
1855.87 0
1856.51 0
1857.14 0
1857.77 0
1858.41 0
1859.04 0
1859.67 0
1860.31 0
1860.94 0
1861.58 0
1862.21 0
1862.84 0
1863.48 0
1864.11 0
1864.75 0
1865.38 0
1866.01 0
1866.65 0
1867.28 0
1867.92 0
1868.55 3.9219
1869.18 4.16561
1869.82 4.69993
1870.45 5.8191
1871.09 7.78513
1871.72 10.49
1872.35 13.1875
1872.99 14.7359
1873.62 14.3763
1874.25 12.3528
1874.89 9.70604
1875.52 7.46943
1876.16 6.08906
1876.79 5.45796
1877.42 5.26838
1878.06 5.27238
1878.69 0
1879.33 0
1879.96 0
1880.59 0
1881.23 0
1881.86 0
1882.5 0
1883.13 0
1883.76 0
1884.4 0
1885.03 0
1885.66 0
1886.3 0
1886.93 0
1887.57 0
1888.2 0
1888.83 0
1889.47 0
1890.1 0
1890.74 0
1891.37 0
1892 0
1892.64 0
1893.27 0
1893.91 0
1894.54 0
1895.17 0
1895.81 0
1896.44 0
1897.07 0
1897.71 0
1898.34 0
1898.98 0
1899.61 0
1900.24 0
1900.88 0
1901.51 0
1902.15 0
1902.78 0
1903.41 0
1904.05 0
1904.68 0
1905.32 0
1905.95 0
1906.58 0
1907.22 0
1907.85 0
1908.49 0
1909.12 0
1909.75 0
1910.39 0
1911.02 0
1911.65 0
1912.29 0
1912.92 0
1913.56 0
1914.19 0
1914.82 0
1915.46 0
1916.09 0
1916.73 0
1917.36 0
1917.99 0
1918.63 0
1919.26 0
1919.9 0
1920.53 0
1921.16 0
1921.8 0
1922.43 0
1923.06 0
1923.7 0
1924.33 0
1924.97 0
1925.6 0
1926.23 0
1926.87 0
1927.5 0
1928.14 0
1928.77 0
1929.4 0
1930.04 0
1930.67 0
1931.31 0
1931.94 0
1932.57 0
1933.21 0
1933.84 0
1934.47 0
1935.11 0
1935.74 0
1936.38 0
1937.01 0
1937.64 0
1938.28 0
1938.91 0
1939.55 0
1940.18 0
1940.81 0
1941.45 0
1942.08 0
1942.72 0
1943.35 0
1943.98 0
1944.62 0
1945.25 0
1945.88 0
1946.52 0
1947.15 0
1947.79 0
1948.42 0
1949.05 0
1949.69 0
1950.32 0
1950.96 0
1951.59 0
1952.22 0
1952.86 0
1953.49 0
1954.13 0
1954.76 0
1955.39 0
1956.03 0
1956.66 0
1957.29 0
1957.93 0
1958.56 0
1959.2 0
1959.83 0
1960.46 0
1961.1 0
1961.73 0
1962.37 0
1963 0
1963.63 0
1964.27 0
1964.9 0
1965.54 0
1966.17 0
1966.8 0
1967.44 0
1968.07 0
1968.7 0
1969.34 0
1969.97 0
1970.61 0
1971.24 0
1971.87 0
1972.51 0
1973.14 0
1973.78 0
1974.41 0
1975.04 0
1975.68 0
1976.31 0
1976.95 0
1977.58 0
1978.21 0
1978.85 0
1979.48 0
1980.11 0
1980.75 0
1981.38 0
1982.02 0
1982.65 0
1983.28 0
1983.92 0
1984.55 0
1985.19 0
1985.82 0
1986.45 0
1987.09 0
1987.72 0
1988.36 0
1988.99 0
1989.62 0
1990.26 0
1990.89 0
1991.52 0
1992.16 0
1992.79 0
1993.43 0
1994.06 0
1994.69 0
1995.33 0
1995.96 0
1996.6 0
1997.23 0
1997.86 0
1998.5 0
1999.13 0
1999.77 0
2000.4 0
2001.03 0
2001.67 0
2002.3 0
2002.93 0
2003.57 0
2004.2 0
2004.84 0
2005.47 0
2006.1 0
2006.74 0
2007.37 0
2008.01 0
2008.64 0
2009.27 0
2009.91 0
2010.54 0
2011.18 0
2011.81 0
2012.44 0
2013.08 0
2013.71 0
2014.34 0
2014.98 0
2015.61 0
2016.25 0
2016.88 0
2017.51 0
2018.15 0
2018.78 0
2019.42 0
2020.05 0
2020.68 0
2021.32 0
2021.95 0
2022.59 0
2023.22 0
2023.85 0
2024.49 0
2025.12 0
2025.75 0
2026.39 0
2027.02 0
2027.66 0
2028.29 0
2028.92 0
2029.56 0
2030.19 0
2030.83 0
2031.46 0
2032.09 0
2032.73 0
2033.36 0
2033.99 0
2034.63 0
2035.26 0
2035.9 0
2036.53 0
2037.16 0
2037.8 0
2038.43 0
2039.07 0
2039.7 0
2040.33 0
2040.97 0
2041.6 0
2042.24 0
2042.87 0
2043.5 0
2044.14 0
2044.77 0
2045.4 0
2046.04 0
2046.67 0
2047.31 0
2047.94 0
2048.57 0
2049.21 0
2049.84 0
2050.48 0
2051.11 0
2051.74 0
2052.38 0
2053.01 0
2053.65 0
2054.28 0
2054.91 0
2055.55 0
2056.18 0
2056.81 0
2057.45 0
2058.08 0
2058.72 0
2059.35 0
2059.98 0
2060.62 0
2061.25 0
2061.89 0
2062.52 0
2063.15 0
2063.79 0
2064.42 0
2065.05 0
2065.69 0
2066.32 0
2066.96 0
2067.59 0
2068.22 0
2068.86 0
2069.49 0
2070.13 0
2070.76 0
2071.39 0
2072.03 0
2072.66 0
2073.3 0
2073.93 0
2074.56 0
2075.2 0
2075.83 0
2076.46 0
2077.1 0
2077.73 0
2078.37 0
2079 0
2079.63 0
2080.27 0
2080.9 0
2081.54 0
2082.17 0
2082.8 0
2083.44 0
2084.07 0
2084.7 0
2085.34 0
2085.97 0
2086.61 0
2087.24 0
2087.87 0
2088.51 0
2089.14 0
2089.78 0
2090.41 0
2091.04 0
2091.68 0
2092.31 0
2092.95 0
2093.58 0
2094.21 0
2094.85 0
2095.48 0
2096.11 0
2096.75 0
2097.38 0
2098.02 0
2098.65 0
2099.28 0
2099.92 0
2100.55 0
2101.19 0
2101.82 0
2102.45 0
2103.09 0
2103.72 0
2104.35 0
2104.99 0
2105.62 0
2106.26 0
2106.89 0
2107.52 0
2108.16 0
2108.79 0
2109.43 0
2110.06 0
2110.69 0
2111.33 0
2111.96 0
2112.59 0
2113.23 0
2113.86 1.90164
2114.5 2.75376
2115.13 5.08023
2115.76 10.2093
2116.4 19.2176
2117.03 31.4926
2117.67 43.6876
2118.3 50.7876
2118.93 49.3241
2119.57 40.0443
2120.2 27.3112
2120.84 15.8719
2121.47 8.16782
2122.1 4.09524
2122.74 2.36897
2123.37 1.77521
2124 0
2124.64 0
2125.27 0
2125.91 0
2126.54 0
2127.17 0
2127.81 0
2128.44 0
2129.08 0
2129.71 0
2130.34 0
2130.98 0
2131.61 0
2132.24 0
2132.88 0
2133.51 0
2134.15 0
2134.78 0
2135.41 0
2136.05 0
2136.68 0
2137.32 0
2137.95 0
2138.58 0
2139.22 0
2139.85 0
2140.48 0
2141.12 0
2141.75 0
2142.39 0
2143.02 0
2143.65 0
2144.29 0
2144.92 0
2145.56 0
2146.19 0
2146.82 0
2147.46 0
2148.09 0
2148.72 0
2149.36 0
2149.99 0
2150.63 0
2151.26 0
2151.89 0
2152.53 0
2153.16 0
2153.8 0
2154.43 0
2155.06 0
2155.7 0
2156.33 0
2156.97 0
2157.6 0
2158.23 0
2158.87 0
2159.5 0
2160.13 0
2160.77 0
2161.4 0
2162.04 0
2162.67 0
2163.3 0
2163.94 0
2164.57 0
2165.21 0
2165.84 0
2166.47 0
2167.11 0
2167.74 0
2168.37 0
2169.01 0
2169.64 0
2170.28 0
2170.91 0
2171.54 0
2172.18 0
2172.81 0
2173.45 0
2174.08 0
2174.71 0
2175.35 0
2175.98 0
2176.61 0
2177.25 0
2177.88 0
2178.52 0
2179.15 0
2179.78 0
2180.42 0
2181.05 0
2181.69 0
2182.32 0
2182.95 0
2183.59 0
2184.22 0
2184.85 0
2185.49 0
2186.12 0
2186.76 0
2187.39 0
2188.02 0
2188.66 0
2189.29 0
2189.93 0
2190.56 0
2191.19 0
2191.83 0
2192.46 0
2193.09 0
2193.73 0
2194.36 0
2195 0
2195.63 0
2196.26 0
2196.9 0
2197.53 0
2198.17 0
2198.8 0
2199.43 2.06128
2200.07 5.73244
2200.7 15.4206
2201.33 36.1469
2201.97 71.5895
2202.6 118.729
2203.24 164.439
2203.87 190.027
2204.5 183.189
2205.14 147.342
2205.77 98.9343
2206.41 55.5443
2207.04 26.1924
2207.67 10.5278
2208.31 3.79445
2208.94 1.43673
2209.57 0
2210.21 0
2210.84 0
2211.48 0
2212.11 0
2212.74 0
2213.38 0
2214.01 0
2214.65 0
2215.28 0
2215.91 0
2216.55 0
2217.18 0
2217.81 0
2218.45 0
2219.08 0
2219.72 0
2220.35 0
2220.98 0
2221.62 0
2222.25 0
2222.89 0
2223.52 0
2224.15 0
2224.79 0
2225.42 0
2226.05 0
2226.69 0
2227.32 0
2227.96 0
2228.59 0
2229.22 0
2229.86 0
2230.49 0
2231.13 0
2231.76 0
2232.39 0
2233.03 0
2233.66 0
2234.29 0
2234.93 0
2235.56 0
2236.2 0
2236.83 0
2237.46 0
2238.1 0
2238.73 0
2239.37 0
2240 0
2240.63 0
2241.27 0
2241.9 0
2242.53 0
2243.17 0
2243.8 0
2244.44 0
2245.07 0
2245.7 0
2246.34 0
2246.97 0
2247.6 0
2248.24 0
2248.87 0
2249.51 0
2250.14 0
2250.77 0
2251.41 0
2252.04 0
2252.68 0
2253.31 0
2253.94 0
2254.58 0
2255.21 0
2255.84 0
2256.48 0
2257.11 0
2257.75 0
2258.38 0
2259.01 0
2259.65 0
2260.28 0
2260.92 0
2261.55 0
2262.18 0
2262.82 0
2263.45 0
2264.08 0
2264.72 0
2265.35 0
2265.99 0
2266.62 0
2267.25 0
2267.89 0
2268.52 0
2269.16 0
2269.79 0
2270.42 0
2271.06 0
2271.69 0
2272.32 0
2272.96 0
2273.59 0
2274.23 0
2274.86 0
2275.49 0
2276.13 0
2276.76 0
2277.39 0
2278.03 0
2278.66 0
2279.3 0
2279.93 0
2280.56 0
2281.2 0
2281.83 0
2282.47 0
2283.1 0
2283.73 0
2284.37 0
2285 0
2285.63 0
2286.27 0
2286.9 0
2287.54 0
2288.17 0
2288.8 0.290925
2289.44 0.603366
2290.07 1.39482
2290.71 3.02526
2291.34 5.71675
2291.97 9.1754
2292.61 12.4008
2293.24 14.0716
2293.87 13.3951
2294.51 10.7015
2295.14 7.18921
2295.78 4.08383
2296.41 1.99285
2297.04 0.87524
2297.68 0.391652
2298.31 0.220404
2298.94 0
2299.58 0
2300.21 0
2300.85 0
2301.48 0
2302.11 0
2302.75 0
2303.38 0
2304.02 0
2304.65 0
2305.28 0
2305.92 0
2306.55 0
2307.18 0
2307.82 0
2308.45 0
2309.09 0
2309.72 0
2310.35 0
2310.99 0
2311.62 0
2312.26 0
2312.89 0
2313.52 0
2314.16 0
2314.79 0
2315.42 0
2316.06 0
2316.69 0
2317.33 0
2317.96 0
2318.59 0
2319.23 0
2319.86 0
2320.49 0
2321.13 0
2321.76 0
2322.4 0
2323.03 0
2323.66 0
2324.3 0
2324.93 0
2325.57 0
2326.2 0
2326.83 0
2327.47 0
2328.1 0
2328.73 0
2329.37 0
2330 0
2330.64 0
2331.27 0
2331.9 0
2332.54 0
2333.17 0
2333.8 0
2334.44 0
2335.07 0
2335.71 0
2336.34 0
2336.97 0
2337.61 0
2338.24 0
2338.88 0
2339.51 0
2340.14 0
2340.78 0
2341.41 0
2342.04 0
2342.68 0
2343.31 0
2343.95 0
2344.58 0
2345.21 0
2345.85 0
2346.48 0
2347.11 0
2347.75 0
2348.38 0
2349.02 0
2349.65 0
2350.28 0
2350.92 0
2351.55 0
2352.19 0
2352.82 0
2353.45 0
2354.09 0
2354.72 0
2355.35 0
2355.99 0
2356.62 0
2357.26 0
2357.89 0
2358.52 0
2359.16 0
2359.79 0
2360.42 0
2361.06 0
2361.69 0
2362.33 0
2362.96 0
2363.59 0
2364.23 0
2364.86 0
2365.5 0
2366.13 0
2366.76 0
2367.4 0
2368.03 0
2368.66 0
2369.3 0
2369.93 0
2370.57 0
2371.2 0
2371.83 0
2372.47 0
2373.1 0
2373.73 0
2374.37 0
2375 0
2375.64 0
2376.27 0
2376.9 0
2377.54 0
2378.17 0
2378.81 0
2379.44 0
2380.07 0
2380.71 0
2381.34 0
2381.97 0
2382.61 0
2383.24 0
2383.88 0
2384.51 0
2385.14 0
2385.78 0
2386.41 0
2387.04 0
2387.68 0
2388.31 0
2388.95 0
2389.58 0
2390.21 0
2390.85 0
2391.48 0
2392.11 0
2392.75 0
2393.38 0
2394.02 0
2394.65 0
2395.28 0
2395.92 0
2396.55 0
2397.19 0
2397.82 0
2398.45 0
2399.09 0
2399.72 0
2400.35 0
2400.99 0
2401.62 0
2402.26 0
2402.89 0
2403.52 0
2404.16 0
2404.79 0
2405.42 0
2406.06 0
2406.69 0
2407.33 0
2407.96 0
2408.59 0
2409.23 0
2409.86 0
2410.49 0
2411.13 0
2411.76 0
2412.4 0
2413.03 0
2413.66 0
2414.3 0
2414.93 0
2415.57 0
2416.2 0
2416.83 0
2417.47 0
2418.1 0
2418.73 0
2419.37 0
2420 0
2420.64 0
2421.27 0
2421.9 0
2422.54 0
2423.17 0
2423.8 0
2424.44 0
2425.07 0
2425.71 0
2426.34 0
2426.97 0
2427.61 0
2428.24 0
2428.87 0
2429.51 0
2430.14 0
2430.78 0
2431.41 0
2432.04 0
2432.68 0
2433.31 0
2433.94 0
2434.58 0
2435.21 0
2435.85 0
2436.48 0
2437.11 0
2437.75 0
2438.38 0
2439.02 0
2439.65 0
2440.28 0
2440.92 0
2441.55 0
2442.18 0
2442.82 0.565342
2443.45 1.41032
2444.09 3.66719
2444.72 8.62453
2445.35 17.48
2445.99 30.0833
2446.62 43.7565
2447.25 53.7046
2447.89 55.5932
2448.52 48.5371
2449.16 35.7557
2449.79 22.2505
2450.42 11.7333
2451.06 5.29219
2451.69 2.10335
2452.32 0.808831
2452.96 0
2453.59 0
2454.23 0
2454.86 0
2455.49 0
2456.13 0
2456.76 0
2457.39 0
2458.03 0
2458.66 0
2459.3 0
2459.93 0
2460.56 0
2461.2 0
2461.83 0
2462.46 0
2463.1 0
2463.73 0
2464.37 0
2465 0
2465.63 0
2466.27 0
2466.9 0
2467.54 0
2468.17 0
2468.8 0
2469.44 0
2470.07 0
2470.7 0
2471.34 0
2471.97 0
2472.61 0
2473.24 0
2473.87 0
2474.51 0
2475.14 0
2475.77 0
2476.41 0
2477.04 0
2477.68 0
2478.31 0
2478.94 0
2479.58 0
2480.21 0
2480.84 0
2481.48 0
2482.11 0
2482.75 0
2483.38 0
2484.01 0
2484.65 0
2485.28 0
2485.91 0
2486.55 0
2487.18 0
2487.82 0
2488.45 0
2489.08 0
2489.72 0
2490.35 0
2490.98 0
2491.62 0
2492.25 0
2492.89 0
2493.52 0
2494.15 0
2494.79 0
2495.42 0
2496.05 0
2496.69 0
2497.32 0
2497.96 0
2498.59 0
2499.22 0
2499.86 0
2500.49 0
2501.12 0
2501.76 0
2502.39 0
2503.03 0
2503.66 0
2504.29 0
2504.93 0
2505.56 0
2506.19 0
2506.83 0
2507.46 0
2508.1 0
2508.73 0
2509.36 0
2510 0
2510.63 0
2511.26 0
2511.9 0
2512.53 0
2513.17 0
2513.8 0
2514.43 0
2515.07 0
2515.7 0
2516.33 0
2516.97 0
2517.6 0
2518.24 0
2518.87 0
2519.5 0
2520.14 0
2520.77 0
2521.4 0
2522.04 0
2522.67 0
2523.31 0
2523.94 0
2524.57 0
2525.21 0
2525.84 0
2526.47 0
2527.11 0
2527.74 0
2528.38 0
2529.01 0
2529.64 0
2530.28 0
2530.91 0
2531.54 0
2532.18 0
2532.81 0
2533.45 0
2534.08 0
2534.71 0
2535.35 0
2535.98 0
2536.61 0
2537.25 0
2537.88 0
2538.52 0
2539.15 0
2539.78 0
2540.42 0
2541.05 0
2541.68 0
2542.32 0
2542.95 0
2543.59 0
2544.22 0
2544.85 0
2545.49 0
2546.12 0
2546.75 0
2547.39 0
2548.02 0
2548.66 0
2549.29 0
2549.92 0
2550.56 0
2551.19 0
2551.82 0
2552.46 0
2553.09 0
2553.73 0
2554.36 0
2554.99 0
2555.63 0
2556.26 0
2556.89 0
2557.53 0
2558.16 0
2558.8 0
2559.43 0
2560.06 0
2560.7 0
2561.33 0
2561.96 0
2562.6 0
2563.23 0
2563.87 0
2564.5 0
2565.13 0
2565.77 0
2566.4 0
2567.03 0
2567.67 0
2568.3 0
2568.94 0
2569.57 0
2570.2 0
2570.84 0
2571.47 0
2572.1 0
2572.74 0
2573.37 0
2574.01 0
2574.64 0
2575.27 0
2575.91 0
2576.54 0
2577.17 0
2577.81 0
2578.44 0
2579.08 0
2579.71 0
2580.34 0
2580.98 0
2581.61 0
2582.24 0
2582.88 0
2583.51 0
2584.15 0
2584.78 0
2585.41 0
2586.05 0
2586.68 0
2587.31 0
2587.95 0
2588.58 0
2589.22 0
2589.85 0
2590.48 0
2591.12 0
2591.75 0
2592.38 0
2593.02 0
2593.65 0
2594.29 0
2594.92 0
2595.55 0
2596.19 0
2596.82 0
2597.45 0
2598.09 0
2598.72 0
2599.35 0
2599.99 0
2600.62 0
2601.26 0
2601.89 0
2602.52 0
2603.16 0
2603.79 0
2604.42 0
2605.06 0
2605.69 0
2606.33 0
2606.96 0
2607.59 0
2608.23 0
2608.86 0
2609.49 0
2610.13 0
2610.76 0
2611.4 0
2612.03 0
2612.66 0
2613.3 0
2613.93 0
2614.56 0
2615.2 0
2615.83 0
2616.47 0
2617.1 0
2617.73 0
2618.37 0
2619 0
2619.63 0
2620.27 0
2620.9 0
2621.54 0
2622.17 0
2622.8 0
2623.44 0
2624.07 0
2624.7 0
2625.34 0
2625.97 0
2626.6 0
2627.24 0
2627.87 0
2628.51 0
2629.14 0
2629.77 0
2630.41 0
2631.04 0
2631.67 0
2632.31 0
2632.94 0
2633.58 0
2634.21 0
2634.84 0
2635.48 0
2636.11 0
2636.74 0
2637.38 0
2638.01 0
2638.65 0
2639.28 0
2639.91 0
2640.55 0
2641.18 0
2641.81 0
2642.45 0
2643.08 0
2643.72 0
2644.35 0
2644.98 0
2645.62 0
2646.25 0
2646.88 0
2647.52 0
2648.15 0
2648.78 0
2649.42 0
2650.05 0
2650.69 0
2651.32 0
2651.95 0
2652.59 0
2653.22 0
2653.85 0
2654.49 0
2655.12 0
2655.76 0
2656.39 0
2657.02 0
2657.66 0
2658.29 0
2658.92 0
2659.56 0
2660.19 0
2660.83 0
2661.46 0
2662.09 0
2662.73 0
2663.36 0
2663.99 0
2664.63 0
2665.26 0
2665.89 0
2666.53 0
2667.16 0
2667.8 0
2668.43 0
2669.06 0
2669.7 0
2670.33 0
2670.96 0
2671.6 0
2672.23 0
2672.87 0
2673.5 0
2674.13 0
2674.77 0
2675.4 0
2676.03 0
2676.67 0
2677.3 0
2677.94 0
2678.57 0
2679.2 0
2679.84 0
2680.47 0
2681.1 0
2681.74 0
2682.37 0
2683 0
2683.64 0
2684.27 0
2684.91 0
2685.54 0
2686.17 0
2686.81 0
2687.44 0
2688.07 0
2688.71 0
2689.34 0
2689.98 0
2690.61 0
2691.24 0
2691.88 0
2692.51 0
2693.14 0
2693.78 0
2694.41 0
2695.04 0
2695.68 0
2696.31 0
2696.95 0
2697.58 0
2698.21 0
2698.85 0
2699.48 0
2700.11 0
2700.75 0
2701.38 0
2702.02 0
2702.65 0
2703.28 0
2703.92 0
2704.55 0
2705.18 0
2705.82 0
2706.45 0
2707.08 0
2707.72 0
2708.35 0
2708.99 0
2709.62 0
2710.25 0
2710.89 0
2711.52 0
2712.15 0
2712.79 0
2713.42 0
2714.06 0
2714.69 0
2715.32 0
2715.96 0
2716.59 0
2717.22 0
2717.86 0
2718.49 0
2719.12 0
2719.76 0
2720.39 0
2721.03 0
2721.66 0
2722.29 0
2722.93 0
2723.56 0
2724.19 0
2724.83 0
2725.46 0
2726.1 0
2726.73 0
2727.36 0
2728 0
2728.63 0
2729.26 0
2729.9 0
2730.53 0
2731.16 0
2731.8 0
2732.43 0
2733.07 0
2733.7 0
2734.33 0
2734.97 0
2735.6 0
2736.23 0
2736.87 0
2737.5 0
2738.13 0
2738.77 0
2739.4 0
2740.04 0
2740.67 0
2741.3 0
2741.94 0
2742.57 0
2743.2 0
2743.84 0
2744.47 0
2745.11 0
2745.74 0
2746.37 0
2747.01 0
2747.64 0
2748.27 0
2748.91 0
2749.54 0
2750.17 0
2750.81 0
2751.44 0
2752.08 0
2752.71 0
2753.34 0
2753.98 0
2754.61 0
2755.24 0
2755.88 0
2756.51 0
2757.14 0
2757.78 0
2758.41 0
2759.05 0
2759.68 0
2760.31 0
2760.95 0
2761.58 0
2762.21 0
2762.85 0
2763.48 0
2764.12 0
2764.75 0
2765.38 0
2766.02 0
2766.65 0
2767.28 0
2767.92 0
2768.55 0
2769.18 0
2769.82 0
2770.45 0
2771.09 0
2771.72 0
2772.35 0
2772.99 0
2773.62 0
2774.25 0
2774.89 0
2775.52 0
2776.15 0
2776.79 0
2777.42 0
2778.06 0
2778.69 0
2779.32 0
2779.96 0
2780.59 0
2781.22 0
2781.86 0
2782.49 0
2783.12 0
2783.76 0
2784.39 0
2785.03 0
2785.66 0
2786.29 0
2786.93 0
2787.56 0
2788.19 0
2788.83 0
2789.46 0
2790.1 0
2790.73 0
2791.36 0
2792 0
2792.63 0
2793.26 0
2793.9 0
2794.53 0
2795.16 0
2795.8 0
2796.43 0
2797.07 0
2797.7 0
2798.33 0
2798.97 0
2799.6 0
2800.23 0
2800.87 0
2801.5 0
2802.13 0
2802.77 0
2803.4 0
2804.04 0
2804.67 0
2805.3 0
2805.94 0
2806.57 0
2807.2 0
2807.84 0
2808.47 0
2809.1 0
2809.74 0
2810.37 0
2811.01 0
2811.64 0
2812.27 0
2812.91 0
2813.54 0
2814.17 0
2814.81 0
2815.44 0
2816.07 0
2816.71 0
2817.34 0
2817.98 0
2818.61 0
2819.24 0
2819.88 0
2820.51 0
2821.14 0
2821.78 0
2822.41 0
2823.04 0
2823.68 0
2824.31 0
2824.95 0
2825.58 0
2826.21 0
2826.85 0
2827.48 0
2828.11 0
2828.75 0
2829.38 0
2830.01 0
2830.65 0
2831.28 0
2831.92 0
2832.55 0
2833.18 0
2833.82 0
2834.45 0
2835.08 0
2835.72 0
2836.35 0
2836.98 0
2837.62 0
2838.25 0
2838.89 0
2839.52 0
2840.15 0
2840.79 0
2841.42 0
2842.05 0
2842.69 0
2843.32 0
2843.95 0
2844.59 0
2845.22 0
2845.85 0
2846.49 0
2847.12 0
2847.76 0
2848.39 0
2849.02 0
2849.66 0
2850.29 0
2850.92 0
2851.56 0
2852.19 0
2852.82 0
2853.46 0
2854.09 0
2854.73 0
2855.36 0
2855.99 0
2856.63 0
2857.26 0
2857.89 0
2858.53 0
2859.16 0
2859.79 0
2860.43 0
2861.06 0
2861.7 0
2862.33 0
2862.96 0
2863.6 0
2864.23 0
2864.86 0
2865.5 0
2866.13 0
2866.76 0
2867.4 0
2868.03 0
2868.67 0
2869.3 0
2869.93 0
2870.57 0
2871.2 0
2871.83 0
2872.47 0
2873.1 0
2873.73 0
2874.37 0
2875 0
2875.63 0
2876.27 0
2876.9 0
2877.54 0
2878.17 0
2878.8 0
2879.44 0
2880.07 0
2880.7 0
2881.34 0
2881.97 0
2882.6 0
2883.24 0
2883.87 0
2884.51 0
2885.14 0
2885.77 0
2886.41 0
2887.04 0
2887.67 0
2888.31 0
2888.94 0
2889.57 0
2890.21 0
2890.84 0
2891.48 0
2892.11 0
2892.74 0
2893.38 0
2894.01 0
2894.64 0
2895.28 0
2895.91 0
2896.54 0
2897.18 0
2897.81 0
2898.44 0
2899.08 0
2899.71 0
2900.35 0
2900.98 0
2901.61 0
2902.25 0
2902.88 0
2903.51 0
2904.15 0
2904.78 0
2905.41 0
2906.05 0
2906.68 0
2907.32 0
2907.95 0
2908.58 0
2909.22 0
2909.85 0
2910.48 0
2911.12 0
2911.75 0
2912.38 0
2913.02 0
2913.65 0
2914.28 0
2914.92 0
2915.55 0
2916.19 0
2916.82 0
2917.45 0
2918.09 0
2918.72 0
2919.35 0
2919.99 0
2920.62 0
2921.25 0
2921.89 0
2922.52 0
2923.15 0
2923.79 0
2924.42 0
2925.06 0
2925.69 0
2926.32 0
2926.96 0
2927.59 0
2928.22 0
2928.86 0
2929.49 0
2930.12 0
2930.76 0
2931.39 0
2932.02 0
2932.66 0
2933.29 0
2933.93 0
2934.56 0
2935.19 0
2935.83 0
2936.46 0
2937.09 0
2937.73 0
2938.36 0
2938.99 0
2939.63 0
2940.26 0
2940.9 0
2941.53 0
2942.16 0
2942.8 0
2943.43 0
2944.06 0
2944.7 0
2945.33 0
2945.96 0
2946.6 0
2947.23 0
2947.86 0
2948.5 0
2949.13 0
2949.77 0
2950.4 0
2951.03 0
2951.67 0
2952.3 0
2952.93 0
2953.57 0
2954.2 0
2954.83 0
2955.47 0
2956.1 0
2956.73 0
2957.37 0
2958 0
2958.64 0
2959.27 0
2959.9 0
2960.54 0
2961.17 0
2961.8 0
2962.44 0
2963.07 0
2963.7 0
2964.34 0
2964.97 0
2965.6 0
2966.24 0
2966.87 0
2967.51 0
2968.14 0
2968.77 0
2969.41 0
2970.04 0
2970.67 0
2971.31 0
2971.94 0
2972.57 0
2973.21 0
2973.84 0
2974.47 0
2975.11 0
2975.74 0
2976.37 0
2977.01 0
2977.64 0
2978.28 0
2978.91 0
2979.54 0
2980.18 0
2980.81 0
2981.44 0
2982.08 0
2982.71 0
2983.34 0
2983.98 0
2984.61 0
2985.24 0
2985.88 0
2986.51 0
2987.15 0
2987.78 0
2988.41 0
2989.05 0
2989.68 0
2990.31 0
2990.95 0
2991.58 0
2992.21 0
2992.85 0
2993.48 0
2994.11 0
2994.75 0
2995.38 0
2996.02 0
2996.65 0
2997.28 0
2997.92 0
2998.55 0
2999.18 0
2999.82 0
3000.45 0
3001.08 0
3001.72 0
3002.35 0
3002.98 0
3003.62 0
3004.25 0
3004.88 0
3005.52 0
3006.15 0
3006.79 0
3007.42 0
3008.05 0
3008.69 0
3009.32 0
3009.95 0
3010.59 0
3011.22 0
3011.85 0
3012.49 0
3013.12 0
3013.75 0
3014.39 0
3015.02 0
3015.65 0
3016.29 0
3016.92 0
3017.56 0
3018.19 0
3018.82 0
3019.46 0
3020.09 0
3020.72 0
3021.36 0
3021.99 0
3022.62 0
3023.26 0
3023.89 0
3024.52 0
3025.16 0
3025.79 0
3026.43 0
3027.06 0
3027.69 0
3028.33 0
3028.96 0
3029.59 0
3030.23 0
3030.86 0
3031.49 0
3032.13 0
3032.76 0
3033.39 0
3034.03 0
3034.66 0
3035.29 0
3035.93 0
3036.56 0
3037.2 0
3037.83 0
3038.46 0
3039.1 0
3039.73 0
3040.36 0
3041 0
3041.63 0
3042.26 0
3042.9 0
3043.53 0
3044.16 0
3044.8 0
3045.43 0
3046.06 0
3046.7 0
3047.33 0
3047.97 0
3048.6 0
3049.23 0
3049.87 0
3050.5 0
3051.13 0
3051.77 0
3052.4 0
3053.03 0
3053.67 0
3054.3 0
3054.93 0
3055.57 0
3056.2 0
3056.83 0
3057.47 0
3058.1 0
3058.73 0
3059.37 0
3060 0
3060.64 0
3061.27 0
3061.9 0
3062.54 0
3063.17 0
3063.8 0
3064.44 0
3065.07 0
3065.7 0
3066.34 0
3066.97 0
3067.6 0
3068.24 0
3068.87 0
3069.5 0
3070.14 0
3070.77 0
3071.41 0
3072.04 0
3072.67 0
3073.31 0
3073.94 0
3074.57 0
3075.21 0
3075.84 0
3076.47 0
3077.11 0
3077.74 0
3078.37 0
3079.01 0
3079.64 0
3080.27 0
3080.91 0
3081.54 0
3082.17 0
3082.81 0
3083.44 0
3084.08 0
3084.71 0
3085.34 0
3085.98 0
3086.61 0
3087.24 0
3087.88 0
3088.51 0
3089.14 0
3089.78 0
3090.41 0
3091.04 0
3091.68 0
3092.31 0
3092.94 0
3093.58 0
3094.21 0
3094.84 0
3095.48 0
3096.11 0
3096.75 0
3097.38 0
3098.01 0
3098.65 0
3099.28 0
3099.91 0
3100.55 0
3101.18 0
3101.81 0
3102.45 0
3103.08 0
3103.71 0
3104.35 0
3104.98 0
3105.61 0
3106.25 0
3106.88 0
3107.51 0
3108.15 0
3108.78 0
3109.42 0
3110.05 0
3110.68 0
3111.32 0
3111.95 0
3112.58 0
3113.22 0
3113.85 0
3114.48 0
3115.12 0
3115.75 0
3116.38 0
3117.02 0
3117.65 0
3118.28 0
3118.92 0
3119.55 0
3120.18 0
3120.82 0
3121.45 0
3122.08 0
3122.72 0
3123.35 0
3123.99 0
3124.62 0
3125.25 0
3125.89 0
3126.52 0
3127.15 0
3127.79 0
3128.42 0
3129.05 0
3129.69 0
3130.32 0
3130.95 0
3131.59 0
3132.22 0
3132.85 0
3133.49 0
3134.12 0
3134.75 0
3135.39 0
3136.02 0
3136.65 0
3137.29 0
3137.92 0
3138.56 0
3139.19 0
3139.82 0
3140.46 0
3141.09 0
3141.72 0
3142.36 0
3142.99 0
3143.62 0
3144.26 0
3144.89 0
3145.52 0
3146.16 0
3146.79 0
3147.42 0
3148.06 0
3148.69 0
3149.32 0
3149.96 0
3150.59 0
3151.22 0
3151.86 0
3152.49 0
3153.12 0
3153.76 0
3154.39 0
3155.03 0
3155.66 0
3156.29 0
3156.93 0
3157.56 0
3158.19 0
3158.83 0
3159.46 0
3160.09 0
3160.73 0
3161.36 0
3161.99 0
3162.63 0
3163.26 0
3163.89 0
3164.53 0
3165.16 0
3165.79 0
3166.43 0
3167.06 0
3167.69 0
3168.33 0
3168.96 0
3169.59 0
3170.23 0
3170.86 0
3171.5 0
3172.13 0
3172.76 0
3173.4 0
3174.03 0
3174.66 0
3175.3 0
3175.93 0
3176.56 0
3177.2 0
3177.83 0
3178.46 0
3179.1 0
3179.73 0
3180.36 0
3181 0
3181.63 0
3182.26 0
3182.9 0
3183.53 0
3184.16 0
3184.8 0
3185.43 0
3186.06 0
3186.7 0
3187.33 0
3187.96 0
3188.6 0
3189.23 0
3189.87 0
3190.5 0
3191.13 0
3191.77 0
3192.4 0
3193.03 0
3193.67 0
3194.3 0
3194.93 0
3195.57 0
3196.2 0
3196.83 0
3197.47 0
3198.1 0
3198.73 0
