0.639384 0
1.27938 0
1.91938 0
2.55938 0
3.19938 0
3.83938 0
4.47938 0
5.11938 0
5.75938 0
6.39938 0
7.03938 0
7.67938 0
8.31938 0
8.95938 0
9.59938 0
10.2394 0
10.8794 0
11.5194 0
12.1594 0
12.7994 0
13.4394 0
14.0794 0
14.7194 0
15.3594 0
15.9994 0
16.6394 0
17.2794 0
17.9194 0
18.5594 0
19.1994 0
19.8394 0
20.4794 0
21.1194 0
21.7594 0
22.3994 0
23.0394 0
23.6794 0
24.3194 0
24.9594 0
25.5994 0
26.2394 0
26.8794 0
27.5194 0
28.1594 0
28.7994 0
29.4394 0
30.0794 0
30.7194 0
31.3594 0
31.9994 0
32.6394 0
33.2794 0
33.9194 0
34.5594 0
35.1994 0
35.8394 0
36.4794 0
37.1194 0
37.7594 0
38.3994 0
39.0394 0
39.6794 0
40.3194 0
40.9594 0
41.5994 0
42.2394 0
42.8794 0
43.5194 0
44.1594 0
44.7994 0
45.4394 0
46.0794 0
46.7194 0
47.3594 0
47.9994 0
48.6394 0
49.2794 0
49.9194 0
50.5594 0
51.1994 0
51.8394 0
52.4794 0
53.1194 0
53.7594 0
54.3994 0
55.0394 0
55.6794 0
56.3194 0
56.9594 0
57.5994 0
58.2394 0
58.8794 0
59.5194 0
60.1594 0
60.7994 0
61.4394 0
62.0794 0
62.7194 0
63.3594 0
63.9994 0
64.6394 0
65.2794 0
65.9194 0
66.5594 0
67.1994 0
67.8394 0
68.4794 0
69.1194 0
69.7594 0
70.3994 0
71.0394 0
71.6794 0
72.3194 0
72.9594 0
73.5994 0
74.2394 0
74.8794 0
75.5194 0
76.1594 0
76.7994 0
77.4394 0
78.0794 0
78.7194 0
79.3594 0
79.9994 0
80.6394 0
81.2794 0
81.9194 0
82.5594 0
83.1994 0
83.8394 0
84.4794 0
85.1194 0
85.7594 0
86.3994 0
87.0394 0
87.6794 0
88.3194 0
88.9594 0
89.5994 0
90.2394 0
90.8794 0
91.5194 0
92.1594 0
92.7994 0
93.4394 0
94.0794 0
94.7194 0
95.3594 0
95.9994 0
96.6394 0
97.2794 0
97.9194 0
98.5594 0
99.1994 0
99.8394 0
100.479 0
101.119 0
101.759 0
102.399 0
103.039 0
103.679 0
104.319 0
104.959 0
105.599 0
106.239 0
106.879 0
107.519 0
108.159 0
108.799 0
109.439 0
110.079 0
110.719 0
111.359 0
111.999 0
112.639 0
113.279 0
113.919 0
114.559 0
115.199 0
115.839 0
116.479 0
117.119 0
117.759 0
118.399 0
119.039 0
119.679 0
120.319 0
120.959 0
121.599 0
122.239 0
122.879 0
123.519 0
124.159 0
124.799 0
125.439 0
126.079 0
126.719 0
127.359 0
127.999 0
128.639 0
129.279 0
129.919 0
130.559 0
131.199 0
131.839 0
132.479 0
133.119 0
133.759 0
134.399 0
135.039 0
135.679 0
136.319 0
136.959 0
137.599 0
138.239 0
138.879 0
139.519 0
140.159 0
140.799 0
141.439 0
142.079 0
142.719 0
143.359 0
143.999 0
144.639 0
145.279 0
145.919 0
146.559 0
147.199 0
147.839 0
148.479 0
149.119 0
149.759 0
150.399 0
151.039 0
151.679 0
152.319 0
152.959 0
153.599 0
154.239 0
154.879 0
155.519 0
156.159 0
156.799 0
157.439 0
158.079 0
158.719 0
159.359 0
159.999 0
160.639 0
161.279 0
161.919 0
162.559 0
163.199 0
163.839 0
164.479 0
165.119 0
165.759 0
166.399 0
167.039 0
167.679 0
168.319 0
168.959 0
169.599 0
170.239 0
170.879 0
171.519 0
172.159 0
172.799 0
173.439 0
174.079 0
174.719 0
175.359 0
175.999 0
176.639 0
177.279 0
177.919 0
178.559 0
179.199 0
179.839 0
180.479 0
181.119 0
181.759 0
182.399 0
183.039 0
183.679 0
184.319 0
184.959 0
185.599 0
186.239 0
186.879 0
187.519 0
188.159 0
188.799 0
189.439 0
190.079 0
190.719 0
191.359 0
191.999 0
192.639 0
193.279 0
193.919 0
194.559 0
195.199 0
195.839 0
196.479 0
197.119 0
197.759 0
198.399 0
199.039 0
199.679 0
200.319 0
200.959 0
201.599 0
202.239 0
202.879 0
203.519 0
204.159 0
204.799 0
205.439 0
206.079 0
206.719 0
207.359 0
207.999 0
208.639 0
209.279 0
209.919 0
210.559 0
211.199 0
211.839 0
212.479 0
213.119 0
213.759 0
214.399 0
215.039 0
215.679 0
216.319 0
216.959 0
217.599 0
218.239 0
218.879 0
219.519 0
220.159 0
220.799 0
221.439 0
222.079 0
222.719 0
223.359 0
223.999 0
224.639 0
225.279 0
225.919 0
226.559 0
227.199 0
227.839 0
228.479 0
229.119 0
229.759 0
230.399 0
231.039 0
231.679 0
232.319 0
232.959 0
233.599 0
234.239 0
234.879 0
235.519 0
236.159 0
236.799 0
237.439 0
238.079 0
238.719 0
239.359 0
239.999 0
240.639 0
241.279 0
241.919 0
242.559 0
243.199 0
243.839 0
244.479 0
245.119 0
245.759 0
246.399 0
247.039 0
247.679 0
248.319 0
248.959 0
249.599 0
250.239 0
250.879 0
251.519 0
252.159 0
252.799 0
253.439 0
254.079 0
254.719 0
255.359 0
255.999 0
256.639 0
257.279 0
257.919 0
258.559 0
259.199 0
259.839 0
260.479 0
261.119 0
261.759 0
262.399 0
263.039 0
263.679 0
264.319 0
264.959 0
265.599 0
266.239 0
266.879 0
267.519 0
268.159 0
268.799 0
269.439 0
270.079 0
270.719 0
271.359 0
271.999 0
272.639 0
273.279 0
273.919 0
274.559 0
275.199 0
275.839 0
276.479 0
277.119 0
277.759 0
278.399 0
279.039 0
279.679 0
280.319 0
280.959 0
281.599 0
282.239 0
282.879 0
283.519 0
284.159 0
284.799 0
285.439 0
286.079 0
286.719 0
287.359 0
287.999 0
288.639 0
289.279 0
289.919 0
290.559 0
291.199 0
291.839 0
292.479 0
293.119 0
293.759 0
294.399 0
295.039 0
295.679 0
296.319 0
296.959 0
297.599 0
298.239 0
298.879 0
299.519 0
300.159 0
300.799 0
301.439 0
302.079 0
302.719 0
303.359 0
303.999 0
304.639 0
305.279 0
305.919 0
306.559 0
307.199 0
307.839 0
308.479 0
309.119 0
309.759 0
310.399 0
311.039 0
311.679 0
312.319 0
312.959 0
313.599 0
314.239 0
314.879 0
315.519 0
316.159 0
316.799 0
317.439 0
318.079 0
318.719 0
319.359 0
319.999 0
320.639 0
321.279 0
321.919 0
322.559 0
323.199 0
323.839 0
324.479 0
325.119 0
325.759 0
326.399 0
327.039 0
327.679 0
328.319 0
328.959 0
329.599 0
330.239 0
330.879 0
331.519 0
332.159 0
332.799 0
333.439 0
334.079 0
334.719 0
335.359 0
335.999 0
336.639 0
337.279 0
337.919 0
338.559 0
339.199 0
339.839 0
340.479 0
341.119 0
341.759 0
342.399 0
343.039 0
343.679 0
344.319 0
344.959 0
345.599 0
346.239 0
346.879 0
347.519 0
348.159 0
348.799 0
349.439 0
350.079 0
350.719 0
351.359 0
351.999 0
352.639 0
353.279 0
353.919 0
354.559 0
355.199 0
355.839 0
356.479 0
357.119 0
357.759 0
358.399 0
359.039 0
359.679 0
360.319 0
360.959 0
361.599 0
362.239 0
362.879 0
363.519 0
364.159 0
364.799 0
365.439 0
366.079 0
366.719 0
367.359 0
367.999 0
368.639 0
369.279 0
369.919 0
370.559 0
371.199 0
371.839 0
372.479 0
373.119 0
373.759 0
374.399 0
375.039 0
375.679 0
376.319 0
376.959 0
377.599 0
378.239 0
378.879 0
379.519 0
380.159 0
380.799 0
381.439 0
382.079 0
382.719 0
383.359 0
383.999 0
384.639 0
385.279 0
385.919 0
386.559 0
387.199 0
387.839 0
388.479 0
389.119 0
389.759 0
390.399 0
391.039 0
391.679 0
392.319 0
392.959 0
393.599 0
394.239 0
394.879 0
395.519 0
396.159 0
396.799 0
397.439 0
398.079 0
398.719 0
399.359 0
399.999 0
400.639 0
401.279 0
401.919 0
402.559 0
403.199 0
403.839 0
404.479 0
405.119 0
405.759 0
406.399 0
407.039 0
407.679 0
408.319 0
408.959 0
409.599 0
410.239 0
410.879 0
411.519 0
412.159 0
412.799 0
413.439 0
414.079 0
414.719 0
415.359 0
415.999 0
416.639 0
417.279 0
417.919 0
418.559 0
419.199 0
419.839 0
420.479 0
421.119 0
421.759 0
422.399 0
423.039 0
423.679 0
424.319 0
424.959 0
425.599 0
426.239 0
426.879 0
427.519 0
428.159 0
428.799 0
429.439 0
430.079 0
430.719 0
431.359 0
431.999 0
432.639 0
433.279 0
433.919 0
434.559 0
435.199 0
435.839 0
436.479 0
437.119 0
437.759 0
438.399 0
439.039 0
439.679 0
440.319 0
440.959 0
441.599 0
442.239 0
442.879 0
443.519 0
444.159 0
444.799 0
445.439 0
446.079 0
446.719 0
447.359 0
447.999 0
448.639 0
449.279 0
449.919 0
450.559 0
451.199 0
451.839 0
452.479 0
453.119 0
453.759 0
454.399 0
455.039 0
455.679 0
456.319 0
456.959 0
457.599 0
458.239 0
458.879 0
459.519 0
460.159 0
460.799 0
461.439 0
462.079 0
462.719 0
463.359 0
463.999 0
464.639 0
465.279 0
465.919 0
466.559 0
467.199 0
467.839 0
468.479 0
469.119 0
469.759 0
470.399 0
471.039 0
471.679 0
472.319 0
472.959 0
473.599 0
474.239 0
474.879 0
475.519 0
476.159 0
476.799 0
477.439 0
478.079 0
478.719 0
479.359 0
479.999 0
480.639 0
481.279 0
481.919 0
482.559 0
483.199 0
483.839 0
484.479 0
485.119 0
485.759 0
486.399 0
487.039 0
487.679 0
488.319 0
488.959 0
489.599 0
490.239 0
490.879 0
491.519 0
492.159 0
492.799 0
493.439 0
494.079 0
494.719 0
495.359 0
495.999 0
496.639 0
497.279 0
497.919 0
498.559 0
499.199 0
499.839 0
500.479 0
501.119 0
501.759 0
502.399 0
503.039 0
503.679 0
504.319 0
504.959 0
505.599 0
506.239 0
506.879 0
507.519 0
508.159 0
508.799 0
509.439 0
510.079 0
510.719 0
511.359 0
511.999 0
512.639 0
513.279 0
513.919 0
514.559 0
515.199 0
515.839 0
516.479 0
517.119 0
517.759 0
518.399 0
519.039 0
519.679 0
520.319 0
520.959 0
521.599 0
522.239 0
522.879 0
523.519 0
524.159 0
524.799 0
525.439 0
526.079 0
526.719 0
527.359 0
527.999 0
528.639 0
529.279 0
529.919 0
530.559 0
531.199 0
531.839 0
532.479 0
533.119 0
533.759 0
534.399 0
535.039 0
535.679 0
536.319 0
536.959 0
537.599 0
538.239 0
538.879 0
539.519 0
540.159 0
540.799 0
541.439 0
542.079 0
542.719 0
543.359 0
543.999 0
544.639 0
545.279 0
545.919 0
546.559 0
547.199 0
547.839 0
548.479 0
549.119 0
549.759 0
550.399 0
551.039 0
551.679 0
552.319 0
552.959 0
553.599 0
554.239 0
554.879 0
555.519 0
556.159 0
556.799 0
557.439 0
558.079 0
558.719 0
559.359 0
559.999 0
560.639 0
561.279 0
561.919 0
562.559 0
563.199 0
563.839 0
564.479 0
565.119 0
565.759 0
566.399 0
567.039 0
567.679 0
568.319 0
568.959 0
569.599 0
570.239 0
570.879 0
571.519 0
572.159 0
572.799 0
573.439 0
574.079 0
574.719 0
575.359 0
575.999 0
576.639 0
577.279 0
577.919 0
578.559 0
579.199 0
579.839 0
580.479 0
581.119 0
581.759 0
582.399 0
583.039 0
583.679 0
584.319 0
584.959 0
585.599 0
586.239 0
586.879 0
587.519 0
588.159 0
588.799 0
589.439 0
590.079 0
590.719 0
591.359 0
591.999 0
592.639 0
593.279 0
593.919 0
594.559 0
595.199 0
595.839 0
596.479 0
597.119 0
597.759 0
598.399 0
599.039 0
599.679 0
600.319 0
600.959 0
601.599 0
602.239 0
602.879 0
603.519 0
604.159 0
604.799 0
605.439 0
606.079 0
606.719 0
607.359 0
607.999 0
608.639 0
609.279 0
609.919 0
610.559 0
611.199 0
611.839 0
612.479 0
613.119 0
613.759 0
614.399 0
615.039 0
615.679 0
616.319 0
616.959 0
617.599 0
618.239 0
618.879 0
619.519 0
620.159 0
620.799 0
621.439 0
622.079 0
622.719 0
623.359 0
623.999 0
624.639 0
625.279 0
625.919 0
626.559 0
627.199 0
627.839 0
628.479 0
629.119 0
629.759 0
630.399 0
631.039 0
631.679 0
632.319 0
632.959 0
633.599 0
634.239 0
634.879 0
635.519 0
636.159 0
636.799 0
637.439 0
638.079 0
638.719 0
639.359 0
639.999 0
640.639 0
641.279 0
641.919 0
642.559 0
643.199 0
643.839 0
644.479 0
645.119 0
645.759 0
646.399 0
647.039 0
647.679 0
648.319 0
648.959 0
649.599 0
650.239 0
650.879 0
651.519 0
652.159 0
652.799 0
653.439 0
654.079 0
654.719 0
655.359 0
655.999 0
656.639 0
657.279 0
657.919 0
658.559 0
659.199 0
659.839 0
660.479 0
661.119 0
661.759 1286.93
662.399 983.153
663.039 500.323
663.679 170.149
664.319 39.5598
664.959 7.68957
665.599 2.66897
666.239 1.59028
666.879 0.785401
667.519 0.280923
668.159 0.0874131
668.799 0.0405832
669.439 0.033243
670.079 0
670.719 0
671.359 0
671.999 0
672.639 0
673.279 0
673.919 0
674.559 0
675.199 0
675.839 0
676.479 0
677.119 0
677.759 0
678.399 0
679.039 0
679.679 0
680.319 0
680.959 0
681.599 0
682.239 0
682.879 0
683.519 0
684.159 0
684.799 0
685.439 0
686.079 0
686.719 0
687.359 0
687.999 0
688.639 0
689.279 0
689.919 0
690.559 0
691.199 0
691.839 0
692.479 0
693.119 0
693.759 0
694.399 0
695.039 0
695.679 0
696.319 0
696.959 0
697.599 0
698.239 0
698.879 0
699.519 0
700.159 0
700.799 0
701.439 0
702.079 0
702.719 0
703.359 0
703.999 0
704.639 0
705.279 0
705.919 0
706.559 0
707.199 0
707.839 0
708.479 0
709.119 0
709.759 0
710.399 0
711.039 0
711.679 0
712.319 0
712.959 0
713.599 0
714.239 0
714.879 0
715.519 0
716.159 0
716.799 0
717.439 0
718.079 0
718.719 0
719.359 0
719.999 0
720.639 0
721.279 0
721.919 0
722.559 0
723.199 0
723.839 0
724.479 0
725.119 0
725.759 0
726.399 0
727.039 0
727.679 0
728.319 0
728.959 0
729.599 0
730.239 0
730.879 0
731.519 0
732.159 0
732.799 0
733.439 0
734.079 0
734.719 0
735.359 0
735.999 0
736.639 0
737.279 0
737.919 0
738.559 0
739.199 0
739.839 0
740.479 0
741.119 0
741.759 0
742.399 0
743.039 0
743.679 0
744.319 0
744.959 0
745.599 0
746.239 0
746.879 0
747.519 0
748.159 0
748.799 0
749.439 0
750.079 0
750.719 0
751.359 0
751.999 0
752.639 0
753.279 0
753.919 0
754.559 0
755.199 0
755.839 0
756.479 0
757.119 0
757.759 0
758.399 0
759.039 0
759.679 0
760.319 0
760.959 0
761.599 0
762.239 0
762.879 0
763.519 0
764.159 0
764.799 0
765.439 0
766.079 0
766.719 0
767.359 0
767.999 0
768.639 0
769.279 0
769.919 0
770.559 0
771.199 0
771.839 0
772.479 0
773.119 0
773.759 0
774.399 0
775.039 0
775.679 0
776.319 0
776.959 0
777.599 0
778.239 0
778.879 0
779.519 0
780.159 0
780.799 0
781.439 0
782.079 0
782.719 0
783.359 0
783.999 0
784.639 0
785.279 0
785.919 0
786.559 0
787.199 0
787.839 0
788.479 0
789.119 0
789.759 0
790.399 0
791.039 0
791.679 0
792.319 0
792.959 0
793.599 0
794.239 0
794.879 0
795.519 0
796.159 0
796.799 0
797.439 0
798.079 0
798.719 0
799.359 0
799.999 0
800.639 0
801.279 0
801.919 0
802.559 0
803.199 0
803.839 0
804.479 0
805.119 0
805.759 0
806.399 0
807.039 0
807.679 0
808.319 0
808.959 0
809.599 0
810.239 0
810.879 0
811.519 0
812.159 0
812.799 0
813.439 0
814.079 0
814.719 0
815.359 0
815.999 0
816.639 0
817.279 0
817.919 0
818.559 0
819.199 0
819.839 0
820.479 0
821.119 0
821.759 0
822.399 0
823.039 0
823.679 0
824.319 0
824.959 0
825.599 0
826.239 0
826.879 0
827.519 0
828.159 0
828.799 0
829.439 0
830.079 0
830.719 0
831.359 0
831.999 0
832.639 0
833.279 0
833.919 0
834.559 0
835.199 0
835.839 0
836.479 0
837.119 0
837.759 0
838.399 0
839.039 0
839.679 0
840.319 0
840.959 0
841.599 0
842.239 0
842.879 0
843.519 0
844.159 0
844.799 0
845.439 0
846.079 0
846.719 0
847.359 0
847.999 0
848.639 0
849.279 0
849.919 0
850.559 0
851.199 0
851.839 0
852.479 0
853.119 0
853.759 0
854.399 0
855.039 0
855.679 0
856.319 0
856.959 0
857.599 0
858.239 0
858.879 0
859.519 0
860.159 0
860.799 0
861.439 0
862.079 0
862.719 0
863.359 0
863.999 0
864.639 0
865.279 0
865.919 0
866.559 0
867.199 0
867.839 0
868.479 0
869.119 0
869.759 0
870.399 0
871.039 0
871.679 0
872.319 0
872.959 0
873.599 0
874.239 0
874.879 0
875.519 0
876.159 0
876.799 0
877.439 0
878.079 0
878.719 0
879.359 0
879.999 0
880.639 0
881.279 0
881.919 0
882.559 0
883.199 0
883.839 0
884.479 0
885.119 0
885.759 0
886.399 0
887.039 0
887.679 0
888.319 0
888.959 0
889.599 0
890.239 0
890.879 0
891.519 0
892.159 0
892.799 0
893.439 0
894.079 0
894.719 0
895.359 0
895.999 0
896.639 0
897.279 0
897.919 0
898.559 0
899.199 0
899.839 0
900.479 0
901.119 0
901.759 0
902.399 0
903.039 0
903.679 0
904.319 0
904.959 0
905.599 0
906.239 0
906.879 0
907.519 0
908.159 0
908.799 0
909.439 0
910.079 0
910.719 0
911.359 0
911.999 0
912.639 0
913.279 0
913.919 0
914.559 0
915.199 0
915.839 0
916.479 0
917.119 0
917.759 0
918.399 0
919.039 0
919.679 0
920.319 0
920.959 0
921.599 0
922.239 0
922.879 0
923.519 0
924.159 0
924.799 0
925.439 0
926.079 0
926.719 0
927.359 0
927.999 0
928.639 0
929.279 0
929.919 0
930.559 0
931.199 0
931.839 0
932.479 0
933.119 0
933.759 0
934.399 0
935.039 0
935.679 0
936.319 0
936.959 0
937.599 0
938.239 0
938.879 0
939.519 0
940.159 0
940.799 0
941.439 0
942.079 0
942.719 0
943.359 0
943.999 0
944.639 0
945.279 0
945.919 0
946.559 0
947.199 0
947.839 0
948.479 0
949.119 0
949.759 0
950.399 0
951.039 0
951.679 0
952.319 0
952.959 0
953.599 0
954.239 0
954.879 0
955.519 0
956.159 0
956.799 0
957.439 0
958.079 0
958.719 0
959.359 0
959.999 0
960.639 0
961.279 0
961.919 0
962.559 0
963.199 0
963.839 0
964.479 0
965.119 0
965.759 0
966.399 0
967.039 0
967.679 0
968.319 0
968.959 0
969.599 0
970.239 0
970.879 0
971.519 0
972.159 0
972.799 0
973.439 0
974.079 0
974.719 0
975.359 0
975.999 0
976.639 0
977.279 0
977.919 0
978.559 0
979.199 0
979.839 0
980.479 0
981.119 0
981.759 0
982.399 0
983.039 0
983.679 0
984.319 0
984.959 0
985.599 0
986.239 0
986.879 0
987.519 0
988.159 0
988.799 0
989.439 0
990.079 0
990.719 0
991.359 0
991.999 0
992.639 0
993.279 0
993.919 0
994.559 0
995.199 0
995.839 0
996.479 0
997.119 0
997.759 0
998.399 0
999.039 0
999.679 0
1000.32 0
1000.96 0
1001.6 0
1002.24 0
1002.88 0
1003.52 0
1004.16 0
1004.8 0
1005.44 0
1006.08 0
1006.72 0
1007.36 0
1008 0
1008.64 0
1009.28 0
1009.92 0
1010.56 0
1011.2 0
1011.84 0
1012.48 0
1013.12 0
1013.76 0
1014.4 0
1015.04 0
1015.68 0
1016.32 0
1016.96 0
1017.6 0
1018.24 0
1018.88 0
1019.52 0
1020.16 0
1020.8 0
1021.44 0
1022.08 0
1022.72 0
1023.36 0
1024 0
1024.64 0
1025.28 0
1025.92 0
1026.56 0
1027.2 0
1027.84 0
1028.48 0
1029.12 0
1029.76 0
1030.4 0
1031.04 0
1031.68 0
1032.32 0
1032.96 0
1033.6 0
1034.24 0
1034.88 0
1035.52 0
1036.16 0
1036.8 0
1037.44 0
1038.08 0
1038.72 0
1039.36 0
1040 0
1040.64 0
1041.28 0
1041.92 0
1042.56 0
1043.2 0
1043.84 0
1044.48 0
1045.12 0
1045.76 0
1046.4 0
1047.04 0
1047.68 0
1048.32 0
1048.96 0
1049.6 0
1050.24 0
1050.88 0
1051.52 0
1052.16 0
1052.8 0
1053.44 0
1054.08 0
1054.72 0
1055.36 0
1056 0
1056.64 0
1057.28 0
1057.92 0
1058.56 0
1059.2 0
1059.84 0
1060.48 0
1061.12 0
1061.76 0
1062.4 0
1063.04 0
1063.68 0
1064.32 0
1064.96 0
1065.6 0
1066.24 0
1066.88 0
1067.52 0
1068.16 0
1068.8 0
1069.44 0
1070.08 0
1070.72 0
1071.36 0
1072 0
1072.64 0
1073.28 0
1073.92 0
1074.56 0
1075.2 0
1075.84 0
1076.48 0
1077.12 0
1077.76 0
1078.4 0
1079.04 0
1079.68 0
1080.32 0
1080.96 0
1081.6 0
1082.24 0
1082.88 0
1083.52 0
1084.16 0
1084.8 0
1085.44 0
1086.08 0
1086.72 0
1087.36 0
1088 0
1088.64 0
1089.28 0
1089.92 0
1090.56 0
1091.2 0
1091.84 0
1092.48 0
1093.12 0
1093.76 0
1094.4 0
1095.04 0
1095.68 0
1096.32 0
1096.96 0
1097.6 0
1098.24 0
1098.88 0
1099.52 0
1100.16 0
1100.8 0
1101.44 0
1102.08 0
1102.72 0
1103.36 0
1104 0
1104.64 0
1105.28 0
1105.92 0
1106.56 0
1107.2 0
1107.84 0
1108.48 0
1109.12 0
1109.76 0
1110.4 0
1111.04 0
1111.68 0
1112.32 0
1112.96 0
1113.6 0
1114.24 0
1114.88 0
1115.52 0
1116.16 0
1116.8 0
1117.44 0
1118.08 0
1118.72 0
1119.36 0
1120 0
1120.64 0
1121.28 0
1121.92 0
1122.56 0
1123.2 0
1123.84 0
1124.48 0
1125.12 0
1125.76 0
1126.4 0
1127.04 0
1127.68 0
1128.32 0
1128.96 0
1129.6 0
1130.24 0
1130.88 0
1131.52 0
1132.16 0
1132.8 0
1133.44 0
1134.08 0
1134.72 0
1135.36 0
1136 0
1136.64 0
1137.28 0
1137.92 0
1138.56 0
1139.2 0
1139.84 0
1140.48 0
1141.12 0
1141.76 0
1142.4 0
1143.04 0
1143.68 0
1144.32 0
1144.96 0
1145.6 0
1146.24 0
1146.88 0
1147.52 0
1148.16 0
1148.8 0
1149.44 0
1150.08 0
1150.72 0
1151.36 0
1152 0
1152.64 0
1153.28 0
1153.92 0
1154.56 0
1155.2 0
1155.84 0
1156.48 0
1157.12 0
1157.76 0
1158.4 0
1159.04 0
1159.68 0
1160.32 0
1160.96 0
1161.6 0
1162.24 0
1162.88 0
1163.52 0
1164.16 0
1164.8 0
1165.44 0
1166.08 0
1166.72 0
1167.36 0
1168 0
1168.64 0.0610429
1169.28 0.0639013
1169.92 0.0737946
1170.56 0.100185
1171.2 0.153636
1171.84 0.233424
1172.48 0.314972
1173.12 0.357539
1173.76 0.335659
1174.4 0.262846
1175.04 0.178638
1175.68 0.115231
1176.32 0.0805569
1176.96 0.0662255
1177.6 0.0616616
1178.24 0
1178.88 0
1179.52 0
1180.16 0
1180.8 0
1181.44 0
1182.08 0
1182.72 0
1183.36 0
1184 0
1184.64 0
1185.28 0
1185.92 0
1186.56 0
1187.2 0
1187.84 0
1188.48 0
1189.12 0
1189.76 0
1190.4 0
1191.04 0
1191.68 0
1192.32 0
1192.96 0
1193.6 0
1194.24 0
1194.88 0
1195.52 0
1196.16 0
1196.8 0
1197.44 0
1198.08 0
1198.72 0
1199.36 0
1200 0
1200.64 0
1201.28 0
1201.92 0
1202.56 0
1203.2 0
1203.84 0
1204.48 0
1205.12 0
1205.76 0
1206.4 0
1207.04 0
1207.68 0
1208.32 0
1208.96 0
1209.6 0
1210.24 0
1210.88 0
1211.52 0
1212.16 0
1212.8 0
1213.44 0
1214.08 0
1214.72 0
1215.36 0
1216 0
1216.64 0
1217.28 0
1217.92 0
1218.56 0
1219.2 0
1219.84 0
1220.48 0
1221.12 0
1221.76 0
1222.4 0
1223.04 0
1223.68 0
1224.32 0
1224.96 0
1225.6 0
1226.24 0
1226.88 0
1227.52 0
1228.16 0
1228.8 0
1229.44 0
1230.08 0
1230.72 0
1231.36 0
1232 0
1232.64 0
1233.28 0
1233.92 0
1234.56 0
1235.2 0
1235.84 0
1236.48 0
1237.12 0
1237.76 0
1238.4 0
1239.04 0
1239.68 0
1240.32 0
1240.96 0
1241.6 0
1242.24 0
1242.88 0
1243.52 0
1244.16 0
1244.8 0
1245.44 0
1246.08 0
1246.72 0
1247.36 0
1248 0
1248.64 0
1249.28 0
1249.92 0
1250.56 0
1251.2 0
1251.84 0
1252.48 0
1253.12 0
1253.76 0
1254.4 0
1255.04 0
1255.68 0
1256.32 0
1256.96 0
1257.6 0
1258.24 0
1258.88 0
1259.52 0
1260.16 0
1260.8 0
1261.44 0
1262.08 0
1262.72 0
1263.36 0
1264 0
1264.64 0
1265.28 0
1265.92 0
1266.56 0
1267.2 0
1267.84 0
1268.48 0
1269.12 0
1269.76 0
1270.4 0
1271.04 0
1271.68 0
1272.32 0
1272.96 0
1273.6 0
1274.24 0
1274.88 0
1275.52 0
1276.16 0
1276.8 0
1277.44 0
1278.08 0
1278.72 0
1279.36 0
1280 0
1280.64 0
1281.28 0
1281.92 0
1282.56 0
1283.2 0
1283.84 0
1284.48 0
1285.12 0
1285.76 0
1286.4 0
1287.04 0
1287.68 0
1288.32 0
1288.96 0
1289.6 0
1290.24 0
1290.88 0
1291.52 0
1292.16 0
1292.8 0
1293.44 0
1294.08 0
1294.72 0
1295.36 0
1296 0
1296.64 0
1297.28 0
1297.92 0
1298.56 0
1299.2 0
1299.84 0
1300.48 0
1301.12 0
1301.76 0
1302.4 0
1303.04 0
1303.68 0
1304.32 0
1304.96 0
1305.6 0
1306.24 0
1306.88 0
1307.52 0
1308.16 0
1308.8 0
1309.44 0
1310.08 0
1310.72 0
1311.36 0
1312 0
1312.64 0
1313.28 0
1313.92 0
1314.56 0
1315.2 0
1315.84 0
1316.48 0
1317.12 0
1317.76 0
1318.4 0
1319.04 0
1319.68 0
1320.32 0
1320.96 0
1321.6 0
1322.24 0
1322.88 0
1323.52 0
1324.16 0
1324.8 0
1325.44 0
1326.08 0
1326.72 0
1327.36 0
1328 0.00186437
1328.64 0.00699125
1329.28 0.0215277
1329.92 0.0541071
1330.56 0.110881
1331.2 0.185262
1331.84 0.252421
1332.48 0.280534
1333.12 0.254385
1333.76 0.188267
1334.4 0.113755
1335.04 0.0561371
1335.68 0.02264
1336.32 0.00747343
1336.96 0.00203128
1337.6 0
1338.24 0
1338.88 0
1339.52 0
1340.16 0
1340.8 0
1341.44 0
1342.08 0
1342.72 0
1343.36 0
1344 0
1344.64 0
1345.28 0
1345.92 0
1346.56 0
1347.2 0
1347.84 0
1348.48 0
1349.12 0
1349.76 0
1350.4 0
1351.04 0
1351.68 0
1352.32 0
1352.96 0
1353.6 0
1354.24 0
1354.88 0
1355.52 0
1356.16 0
1356.8 0
1357.44 0
1358.08 0
1358.72 0
1359.36 0
1360 0
1360.64 0
1361.28 0
1361.92 0
1362.56 0
1363.2 0
1363.84 0
1364.48 0
1365.12 0
1365.76 0
1366.4 0
1367.04 0
1367.68 0
1368.32 0
1368.96 0
1369.6 0
1370.24 0
1370.88 0
1371.52 0
1372.16 0
1372.8 0
1373.44 0
1374.08 0
1374.72 0
1375.36 0
1376 0
1376.64 0
1377.28 0
1377.92 0
1378.56 0
1379.2 0
1379.84 0
1380.48 0
1381.12 0
1381.76 0
1382.4 0
1383.04 0
1383.68 0
1384.32 0
1384.96 0
1385.6 0
1386.24 0
1386.88 0
1387.52 0
1388.16 0
1388.8 0
1389.44 0
1390.08 0
1390.72 0
1391.36 0
1392 0
1392.64 0
1393.28 0
1393.92 0
1394.56 0
1395.2 0
1395.84 0
1396.48 0
1397.12 0
1397.76 0
1398.4 0
1399.04 0
1399.68 0
1400.32 0
1400.96 0
1401.6 0
1402.24 0
1402.88 0
1403.52 0
1404.16 0
1404.8 0
1405.44 0
1406.08 0
1406.72 0
1407.36 0
1408 0
1408.64 0
1409.28 0
1409.92 0
1410.56 0
1411.2 0
1411.84 0
1412.48 0
1413.12 0
1413.76 0
1414.4 0
1415.04 0
1415.68 0
1416.32 0
1416.96 0
1417.6 0
1418.24 0
1418.88 0
1419.52 0
1420.16 0
1420.8 0
1421.44 0
1422.08 0
1422.72 0
1423.36 0
1424 0
1424.64 0
1425.28 0
1425.92 0
1426.56 0
1427.2 0
1427.84 0
1428.48 0
1429.12 0
1429.76 0
1430.4 0
1431.04 0
1431.68 0
1432.32 0
1432.96 0
1433.6 0
1434.24 0
1434.88 0
1435.52 0
1436.16 0
1436.8 0
1437.44 0
1438.08 0
1438.72 0
1439.36 0
1440 0
1440.64 0
1441.28 0
1441.92 0
1442.56 0
1443.2 0
1443.84 0
1444.48 0
1445.12 0
1445.76 0
1446.4 0
1447.04 0
1447.68 0
1448.32 0
1448.96 0
1449.6 0
1450.24 0
1450.88 0
1451.52 0
1452.16 0
1452.8 0
1453.44 0
1454.08 0
1454.72 0
1455.36 0
1456 0.00390646
1456.64 0.0142307
1457.28 0.0435937
1457.92 0.111135
1458.56 0.235266
1459.2 0.413419
1459.84 0.603072
1460.48 0.730425
1461.12 0.734694
1461.76 0.613858
1462.4 0.42616
1463.04 0.245895
1463.68 0.117971
1464.32 0.0470979
1464.96 0.015684
1465.6 0.00439814
1466.24 0
1466.88 0
1467.52 0
1468.16 0
1468.8 0
1469.44 0
1470.08 0
1470.72 0
1471.36 0
1472 0
1472.64 0
1473.28 0
1473.92 0
1474.56 0
1475.2 0
1475.84 0
1476.48 0
1477.12 0
1477.76 0
1478.4 0
1479.04 0
1479.68 0
1480.32 0
1480.96 0
1481.6 0
1482.24 0
1482.88 0
1483.52 0
1484.16 0
1484.8 0
1485.44 0
1486.08 0
1486.72 0
1487.36 0
1488 0
1488.64 0
1489.28 0
1489.92 0
1490.56 0
1491.2 0
1491.84 0
1492.48 0
1493.12 0
1493.76 0
1494.4 0
1495.04 0
1495.68 0
1496.32 0
1496.96 0
1497.6 0
1498.24 0
1498.88 0
1499.52 0
1500.16 0
1500.8 0
1501.44 0
1502.08 0
1502.72 0
1503.36 0
1504 0
1504.64 0
1505.28 0
1505.92 0
1506.56 0
1507.2 0
1507.84 0
1508.48 0
1509.12 0
1509.76 0
1510.4 0
1511.04 0
1511.68 0
1512.32 0
1512.96 0
1513.6 0
1514.24 0
1514.88 0
1515.52 0
1516.16 0
1516.8 0
1517.44 0
1518.08 0
1518.72 0
1519.36 0
1520 0
1520.64 0
1521.28 0
1521.92 0
1522.56 0
1523.2 0
1523.84 0
1524.48 0
1525.12 0
1525.76 0
1526.4 0
1527.04 0
1527.68 0
1528.32 0
1528.96 0
1529.6 0
1530.24 0
1530.88 0
1531.52 0
1532.16 0
1532.8 0
1533.44 0
1534.08 0
1534.72 0
1535.36 0
1536 0
1536.64 0
1537.28 0
1537.92 0
1538.56 0
1539.2 0
1539.84 0
1540.48 0
1541.12 0
1541.76 0
1542.4 0
1543.04 0
1543.68 0
1544.32 0
1544.96 0
1545.6 0
1546.24 0
1546.88 0
1547.52 0
1548.16 0
1548.8 0
1549.44 0
1550.08 0
1550.72 0
1551.36 0
1552 0
1552.64 0
1553.28 0
1553.92 0
1554.56 0
1555.2 0
1555.84 0
1556.48 0
1557.12 0
1557.76 0
1558.4 0
1559.04 0
1559.68 0
1560.32 0
1560.96 0
1561.6 0
1562.24 0
1562.88 0
1563.52 0
1564.16 0
1564.8 0
1565.44 0
1566.08 0
1566.72 0
1567.36 0
1568 0
1568.64 0
1569.28 0
1569.92 0
1570.56 0
1571.2 0
1571.84 0
1572.48 0
1573.12 0
1573.76 0
1574.4 0
1575.04 0
1575.68 0
1576.32 0
1576.96 0
1577.6 0
1578.24 0
1578.88 0
1579.52 0
1580.16 0
1580.8 0
1581.44 0
1582.08 0
1582.72 0
1583.36 0
1584 0
1584.64 0
1585.28 0
1585.92 0
1586.56 0
1587.2 0
1587.84 0
1588.48 0
1589.12 0
1589.76 0
1590.4 0
1591.04 0
1591.68 0
1592.32 0
1592.96 0
1593.6 0
1594.24 0
1594.88 0
1595.52 0
1596.16 0
1596.8 0
1597.44 0
1598.08 0
1598.72 0
1599.36 0
1600 0
1600.64 0
1601.28 0
1601.92 0
1602.56 0
1603.2 0
1603.84 0
1604.48 0
1605.12 0
1605.76 0
1606.4 0
1607.04 0
1607.68 0
1608.32 0
1608.96 0
1609.6 0
1610.24 0
1610.88 0
1611.52 0
1612.16 0
1612.8 0
1613.44 0
1614.08 0
1614.72 0
1615.36 0
1616 0
1616.64 0
1617.28 0
1617.92 0
1618.56 0
1619.2 0
1619.84 0
1620.48 0
1621.12 0
1621.76 0
1622.4 0
1623.04 0
1623.68 0
1624.32 0
1624.96 0
1625.6 0
1626.24 0
1626.88 0
1627.52 0
1628.16 0
1628.8 0
1629.44 0
1630.08 0
1630.72 0
1631.36 0
1632 0
1632.64 0
1633.28 0
1633.92 0
1634.56 0
1635.2 0
1635.84 0
1636.48 0
1637.12 0
1637.76 0
1638.4 0
1639.04 0
1639.68 0
1640.32 0
1640.96 0
1641.6 0
1642.24 0
1642.88 0
1643.52 0
1644.16 0
1644.8 0
1645.44 0
1646.08 0
1646.72 0
1647.36 0
1648 0
1648.64 0
1649.28 0
1649.92 0
1650.56 0
1651.2 0
1651.84 0
1652.48 0
1653.12 0
1653.76 0
1654.4 0
1655.04 0
1655.68 0
1656.32 0
1656.96 0
1657.6 0
1658.24 0
1658.88 0
1659.52 0
1660.16 0
1660.8 0
1661.44 0
1662.08 0
1662.72 0
1663.36 0
1664 0
1664.64 0
1665.28 0
1665.92 0
1666.56 0
1667.2 0
1667.84 0
1668.48 0
1669.12 0
1669.76 0
1670.4 0
1671.04 0
1671.68 0
1672.32 0
1672.96 0
1673.6 0
1674.24 0
1674.88 0
1675.52 0
1676.16 0
1676.8 0
1677.44 0
1678.08 0
1678.72 0
1679.36 0
1680 0
1680.64 0
1681.28 0
1681.92 0
1682.56 0
1683.2 0
1683.84 0
1684.48 0
1685.12 0
1685.76 0
1686.4 0
1687.04 0
1687.68 0
1688.32 0
1688.96 0
1689.6 0
1690.24 0
1690.88 0
1691.52 0
1692.16 0
1692.8 0
1693.44 0
1694.08 0
1694.72 0
1695.36 0
1696 0
1696.64 0
1697.28 0
1697.92 0
1698.56 0
1699.2 0
1699.84 0
1700.48 0
1701.12 0
1701.76 0
1702.4 0
1703.04 0
1703.68 0
1704.32 0
1704.96 0
1705.6 0
1706.24 0
1706.88 0
1707.52 0
1708.16 0
1708.8 0
1709.44 0
1710.08 0
1710.72 0
1711.36 0
1712 0
1712.64 0
1713.28 0
1713.92 0
1714.56 0
1715.2 0
1715.84 0
1716.48 0
1717.12 0
1717.76 0
1718.4 0
1719.04 0
1719.68 0
1720.32 0
1720.96 0
1721.6 0
1722.24 0
1722.88 0
1723.52 0
1724.16 0
1724.8 0
1725.44 0
1726.08 0
1726.72 0
1727.36 0
1728 0
1728.64 0
1729.28 0
1729.92 0
1730.56 0
1731.2 0
1731.84 0
1732.48 0
1733.12 0
1733.76 0
1734.4 0
1735.04 0
1735.68 0
1736.32 0
1736.96 0
1737.6 0
1738.24 0
1738.88 0
1739.52 0
1740.16 0
1740.8 0
1741.44 0
1742.08 0
1742.72 0
1743.36 0
1744 0
1744.64 0
1745.28 0
1745.92 0
1746.56 0
1747.2 0
1747.84 0
1748.48 0
1749.12 0
1749.76 0
1750.4 0
1751.04 0
1751.68 0
1752.32 0
1752.96 0
1753.6 0
1754.24 0
1754.88 0
1755.52 0
1756.16 0
1756.8 0
1757.44 0
1758.08 0
1758.72 0
1759.36 0
1760 0.00120214
1760.64 0.0031089
1761.28 0.00714436
1761.92 0.0142339
1762.56 0.0244021
1763.2 0.0359116
1763.84 0.045334
1764.48 0.0490819
1765.12 0.0455785
1765.76 0.0363118
1766.4 0.0248312
1767.04 0.0145902
1767.68 0.00738515
1768.32 0.00324418
1768.96 0.00126593
1769.6 0
1770.24 0
1770.88 0
1771.52 0
1772.16 0
1772.8 0
1773.44 0
1774.08 0
1774.72 0
1775.36 0
1776 0
1776.64 0
1777.28 0
1777.92 0
1778.56 0
1779.2 0
1779.84 0
1780.48 0
1781.12 0
1781.76 0
1782.4 0
1783.04 0
1783.68 0
1784.32 0
1784.96 0
1785.6 0
1786.24 0
1786.88 0
1787.52 0
1788.16 0
1788.8 0
1789.44 0
1790.08 0
1790.72 0
1791.36 0
1792 0
1792.64 0
1793.28 0
1793.92 0
1794.56 0
1795.2 0
1795.84 0
1796.48 0
1797.12 0
1797.76 0
1798.4 0
1799.04 0
1799.68 0
1800.32 0
1800.96 0
1801.6 0
1802.24 0
1802.88 0
1803.52 0
1804.16 0
1804.8 0
1805.44 0
1806.08 0
1806.72 0
1807.36 0
1808 0
1808.64 0
1809.28 0
1809.92 0
1810.56 0
1811.2 0
1811.84 0
1812.48 0
1813.12 0
1813.76 0
1814.4 0
1815.04 0
1815.68 0
1816.32 0
1816.96 0
1817.6 0
1818.24 0
1818.88 0
1819.52 0
1820.16 0
1820.8 0
1821.44 0
1822.08 0
1822.72 0
1823.36 0
1824 0
1824.64 0
1825.28 0
1825.92 0
1826.56 0
1827.2 0
1827.84 0
1828.48 0
1829.12 0
1829.76 0
1830.4 0
1831.04 0
1831.68 0
1832.32 0
1832.96 0
1833.6 0
1834.24 0
1834.88 0
1835.52 0
1836.16 0
1836.8 0
1837.44 0
1838.08 0
1838.72 0
1839.36 0
1840 0
1840.64 0
1841.28 0
1841.92 0
1842.56 0
1843.2 0
1843.84 0
1844.48 0
1845.12 0
1845.76 0
1846.4 0
1847.04 0
1847.68 0
1848.32 0
1848.96 0
1849.6 0
1850.24 0
1850.88 0
1851.52 0
1852.16 0
1852.8 0
1853.44 0
1854.08 0
1854.72 0
1855.36 0
1856 0
1856.64 0
1857.28 0
1857.92 0
1858.56 0
1859.2 0
1859.84 0
1860.48 0
1861.12 0
1861.76 0
1862.4 0
1863.04 0
1863.68 0
1864.32 0
1864.96 0
1865.6 0
1866.24 0
1866.88 0
1867.52 0
1868.16 0
1868.8 0
1869.44 0
1870.08 0
1870.72 0
1871.36 0
1872 0
1872.64 0
1873.28 0
1873.92 0
1874.56 0
1875.2 0
1875.84 0
1876.48 0
1877.12 0
1877.76 0
1878.4 0
1879.04 0
1879.68 0
1880.32 0
1880.96 0
1881.6 0
1882.24 0
1882.88 0
1883.52 0
1884.16 0
1884.8 0
1885.44 0
1886.08 0
1886.72 0
1887.36 0
1888 0
1888.64 0
1889.28 0
1889.92 0
1890.56 0
1891.2 0
1891.84 0
1892.48 0
1893.12 0
1893.76 0
1894.4 0
1895.04 0
1895.68 0
1896.32 0
1896.96 0
1897.6 0
1898.24 0
1898.88 0
1899.52 0
1900.16 0
1900.8 0
1901.44 0
1902.08 0
1902.72 0
1903.36 0
1904 0
1904.64 0
1905.28 0
1905.92 0
1906.56 0
1907.2 0
1907.84 0
1908.48 0
1909.12 0
1909.76 0
1910.4 0
1911.04 0
1911.68 0
1912.32 0
1912.96 0
1913.6 0
1914.24 0
1914.88 0
1915.52 0
1916.16 0
1916.8 0
1917.44 0
1918.08 0
1918.72 0
1919.36 0
1920 0
1920.64 0
1921.28 0
1921.92 0
1922.56 0
1923.2 0
1923.84 0
1924.48 0
1925.12 0
1925.76 0
1926.4 0
1927.04 0
1927.68 0
1928.32 0
1928.96 0
1929.6 0
1930.24 0
1930.88 0
1931.52 0
1932.16 0
1932.8 0
1933.44 0
1934.08 0
1934.72 0
1935.36 0
1936 0
1936.64 0
1937.28 0
1937.92 0
1938.56 0
1939.2 0
1939.84 0
1940.48 0
1941.12 0
1941.76 0
1942.4 0
1943.04 0
1943.68 0
1944.32 0
1944.96 0
1945.6 0
1946.24 0
1946.88 0
1947.52 0
1948.16 0
1948.8 0
1949.44 0
1950.08 0
1950.72 0
1951.36 0
1952 0
1952.64 0
1953.28 0
1953.92 0
1954.56 0
1955.2 0
1955.84 0
1956.48 0
1957.12 0
1957.76 0
1958.4 0
1959.04 0
1959.68 0
1960.32 0
1960.96 0
1961.6 0
1962.24 0
1962.88 0
1963.52 0
1964.16 0
1964.8 0
1965.44 0
1966.08 0
1966.72 0
1967.36 0
1968 0
1968.64 0
1969.28 0
1969.92 0
1970.56 0
1971.2 0
1971.84 0
1972.48 0
1973.12 0
1973.76 0
1974.4 0
1975.04 0
1975.68 0
1976.32 0
1976.96 0
1977.6 0
1978.24 0
1978.88 0
1979.52 0
1980.16 0
1980.8 0
1981.44 0
1982.08 0
1982.72 0
1983.36 0
1984 0
1984.64 0
1985.28 0
1985.92 0
1986.56 0
1987.2 0
1987.84 0
1988.48 0
1989.12 0
1989.76 0
1990.4 0
1991.04 0
1991.68 0
1992.32 0
1992.96 0
1993.6 0
1994.24 0
1994.88 0
1995.52 0
1996.16 0
1996.8 0
1997.44 0
1998.08 0
1998.72 0
1999.36 0
2000 0
2000.64 0
2001.28 0
2001.92 0
2002.56 0
2003.2 0
2003.84 0
2004.48 0
2005.12 0
2005.76 0
2006.4 0
2007.04 0
2007.68 0
2008.32 0
2008.96 0
2009.6 0
2010.24 0
2010.88 0
2011.52 0
2012.16 0
2012.8 0
2013.44 0
2014.08 0
2014.72 0
2015.36 0
2016 0
2016.64 0
2017.28 0
2017.92 0
2018.56 0
2019.2 0
2019.84 0
2020.48 0
2021.12 0
2021.76 0
2022.4 0
2023.04 0
2023.68 0
2024.32 0
2024.96 0
2025.6 0
2026.24 0
2026.88 0
2027.52 0
2028.16 0
2028.8 0
2029.44 0
2030.08 0
2030.72 0
2031.36 0
2032 0
2032.64 0
2033.28 0
2033.92 0
2034.56 0
2035.2 0
2035.84 0
2036.48 0
2037.12 0
2037.76 0
2038.4 0
2039.04 0
2039.68 0
2040.32 0
2040.96 0
2041.6 0
2042.24 0
2042.88 0
2043.52 0
2044.16 0
2044.8 0
2045.44 0
2046.08 0
2046.72 0
2047.36 0
2048 0
2048.64 0
2049.28 0
2049.92 0
2050.56 0
2051.2 0
2051.84 0
2052.48 0
2053.12 0
2053.76 0
2054.4 0
2055.04 0
2055.68 0
2056.32 0
2056.96 0
2057.6 0
2058.24 0
2058.88 0
2059.52 0
2060.16 0
2060.8 0
2061.44 0
2062.08 0
2062.72 0
2063.36 0
2064 0
2064.64 0
2065.28 0
2065.92 0
2066.56 0
2067.2 0
2067.84 0
2068.48 0
2069.12 0
2069.76 0
2070.4 0
2071.04 0
2071.68 0
2072.32 0
2072.96 0
2073.6 0
2074.24 0
2074.88 0
2075.52 0
2076.16 0
2076.8 0
2077.44 0
2078.08 0
2078.72 0
2079.36 0
2080 0
2080.64 0
2081.28 0
2081.92 0
2082.56 0
2083.2 0
2083.84 0
2084.48 0
2085.12 0
2085.76 0
2086.4 0
2087.04 0
2087.68 0
2088.32 0
2088.96 0
2089.6 0
2090.24 0
2090.88 0
2091.52 0
2092.16 0
2092.8 0
2093.44 0
2094.08 0
2094.72 0
2095.36 0
2096 0
2096.64 0
2097.28 0
2097.92 0
2098.56 0
2099.2 0
2099.84 0
2100.48 0
2101.12 0
2101.76 0
2102.4 0
2103.04 0
2103.68 0
2104.32 0
2104.96 0
2105.6 0
2106.24 0
2106.88 0
2107.52 0
2108.16 0
2108.8 0
2109.44 0
2110.08 0
2110.72 0
2111.36 0
2112 0
2112.64 0
2113.28 0
2113.92 0
2114.56 0
2115.2 0
2115.84 0
2116.48 0
2117.12 0
2117.76 0
2118.4 0
2119.04 0
2119.68 0
2120.32 0
2120.96 0
2121.6 0
2122.24 0
2122.88 0
2123.52 0
2124.16 0
2124.8 0
2125.44 0
2126.08 0
2126.72 0
2127.36 0
2128 0
2128.64 0
2129.28 0
2129.92 0
2130.56 0
2131.2 0
2131.84 0
2132.48 0
2133.12 0
2133.76 0
2134.4 0
2135.04 0
2135.68 0
2136.32 0
2136.96 0
2137.6 0
2138.24 0
2138.88 0
2139.52 0
2140.16 0
2140.8 0
2141.44 0
2142.08 0
2142.72 0
2143.36 0
2144 0
2144.64 0
2145.28 0
2145.92 0
2146.56 0
2147.2 0
2147.84 0
2148.48 0
2149.12 0
2149.76 0
2150.4 0
2151.04 0
2151.68 0
2152.32 0
2152.96 0
2153.6 0
2154.24 0
2154.88 0
2155.52 0
2156.16 0
2156.8 0
2157.44 0
2158.08 0
2158.72 0
2159.36 0
2160 0
2160.64 0
2161.28 0
2161.92 0
2162.56 0
2163.2 0
2163.84 0
2164.48 0
2165.12 0
2165.76 0
2166.4 0
2167.04 0
2167.68 0
2168.32 0
2168.96 0
2169.6 0
2170.24 0
2170.88 0
2171.52 0
2172.16 0
2172.8 0
2173.44 0
2174.08 0
2174.72 0
2175.36 0
2176 0
2176.64 0
2177.28 0
2177.92 0
2178.56 0
2179.2 0
2179.84 0
2180.48 0
2181.12 0
2181.76 0
2182.4 0
2183.04 0
2183.68 0
2184.32 0
2184.96 0
2185.6 0
2186.24 0
2186.88 0
2187.52 0
2188.16 0
2188.8 0
2189.44 0
2190.08 0
2190.72 0
2191.36 0
2192 0
2192.64 0
2193.28 0
2193.92 0
2194.56 0
2195.2 0
2195.84 0
2196.48 0
2197.12 0
2197.76 0
2198.4 0
2199.04 0
2199.68 0
2200.32 0
2200.96 0
2201.6 0
2202.24 0
2202.88 0
2203.52 0
2204.16 0
2204.8 0
2205.44 0
2206.08 0
2206.72 0
2207.36 0
2208 0
2208.64 0
2209.28 0
2209.92 0
2210.56 0
2211.2 0
2211.84 0
2212.48 0
2213.12 0
2213.76 0
2214.4 0
2215.04 0
2215.68 0
2216.32 0
2216.96 0
2217.6 0
2218.24 0
2218.88 0
2219.52 0
2220.16 0
2220.8 0
2221.44 0
2222.08 0
2222.72 0
2223.36 0
2224 0
2224.64 0
2225.28 0
2225.92 0
2226.56 0
2227.2 0
2227.84 0
2228.48 0
2229.12 0
2229.76 0
2230.4 0
2231.04 0
2231.68 0
2232.32 0
2232.96 0
2233.6 0
2234.24 0
2234.88 0
2235.52 0
2236.16 0
2236.8 0
2237.44 0
2238.08 0
2238.72 0
2239.36 0
2240 0
2240.64 0
2241.28 0
2241.92 0
2242.56 0
2243.2 0
2243.84 0
2244.48 0
2245.12 0
2245.76 0
2246.4 0
2247.04 0
2247.68 0
2248.32 0
2248.96 0
2249.6 0
2250.24 0
2250.88 0
2251.52 0
2252.16 0
2252.8 0
2253.44 0
2254.08 0
2254.72 0
2255.36 0
2256 0
2256.64 0
2257.28 0
2257.92 0
2258.56 0
2259.2 0
2259.84 0
2260.48 0
2261.12 0
2261.76 0
2262.4 0
2263.04 0
2263.68 0
2264.32 0
2264.96 0
2265.6 0
2266.24 0
2266.88 0
2267.52 0
2268.16 0
2268.8 0
2269.44 0
2270.08 0
2270.72 0
2271.36 0
2272 0
2272.64 0
2273.28 0
2273.92 0
2274.56 0
2275.2 0
2275.84 0
2276.48 0
2277.12 0
2277.76 0
2278.4 0
2279.04 0
2279.68 0
2280.32 0
2280.96 0
2281.6 0
2282.24 0
2282.88 0
2283.52 0
2284.16 0
2284.8 0
2285.44 0
2286.08 0
2286.72 0
2287.36 0
2288 0
2288.64 0
2289.28 0
2289.92 0
2290.56 0
2291.2 0
2291.84 0
2292.48 0
2293.12 0
2293.76 0
2294.4 0
2295.04 0
2295.68 0
2296.32 0
2296.96 0
2297.6 0
2298.24 0
2298.88 0
2299.52 0
2300.16 0
2300.8 0
2301.44 0
2302.08 0
2302.72 0
2303.36 0
2304 0
2304.64 0
2305.28 0
2305.92 0
2306.56 0
2307.2 0
2307.84 0
2308.48 0
2309.12 0
2309.76 0
2310.4 0
2311.04 0
2311.68 0
2312.32 0
2312.96 0
2313.6 0
2314.24 0
2314.88 0
2315.52 0
2316.16 0
2316.8 0
2317.44 0
2318.08 0
2318.72 0
2319.36 0
2320 0
2320.64 0
2321.28 0
2321.92 0
2322.56 0
2323.2 0
2323.84 0
2324.48 0
2325.12 0
2325.76 0
2326.4 0
2327.04 0
2327.68 0
2328.32 0
2328.96 0
2329.6 0
2330.24 0
2330.88 0
2331.52 0
2332.16 0
2332.8 0
2333.44 0
2334.08 0
2334.72 0
2335.36 0
2336 0
2336.64 0
2337.28 0
2337.92 0
2338.56 0
2339.2 0
2339.84 0
2340.48 0
2341.12 0
2341.76 0
2342.4 0
2343.04 0
2343.68 0
2344.32 0
2344.96 0
2345.6 0
2346.24 0
2346.88 0
2347.52 0
2348.16 0
2348.8 0
2349.44 0
2350.08 0
2350.72 0
2351.36 0
2352 0
2352.64 0
2353.28 0
2353.92 0
2354.56 0
2355.2 0
2355.84 0
2356.48 0
2357.12 0
2357.76 0
2358.4 0
2359.04 0
2359.68 0
2360.32 0
2360.96 0
2361.6 0
2362.24 0
2362.88 0
2363.52 0
2364.16 0
2364.8 0
2365.44 0
2366.08 0
2366.72 0
2367.36 0
2368 0
2368.64 0
2369.28 0
2369.92 0
2370.56 0
2371.2 0
2371.84 0
2372.48 0
2373.12 0
2373.76 0
2374.4 0
2375.04 0
2375.68 0
2376.32 0
2376.96 0
2377.6 0
2378.24 0
2378.88 0
2379.52 0
2380.16 0
2380.8 0
2381.44 0
2382.08 0
2382.72 0
2383.36 0
2384 0
2384.64 0
2385.28 0
2385.92 0
2386.56 0
2387.2 0
2387.84 0
2388.48 0
2389.12 0
2389.76 0
2390.4 0
2391.04 0
2391.68 0
2392.32 0
2392.96 0
2393.6 0
2394.24 0
2394.88 0
2395.52 0
2396.16 0
2396.8 0
2397.44 0
2398.08 0
2398.72 0
2399.36 0
2400 0
2400.64 0
2401.28 0
2401.92 0
2402.56 0
2403.2 0
2403.84 0
2404.48 0
2405.12 0
2405.76 0
2406.4 0
2407.04 0
2407.68 0
2408.32 0
2408.96 0
2409.6 0
2410.24 0
2410.88 0
2411.52 0
2412.16 0
2412.8 0
2413.44 0
2414.08 0
2414.72 0
2415.36 0
2416 0
2416.64 0
2417.28 0
2417.92 0
2418.56 0
2419.2 0
2419.84 0
2420.48 0
2421.12 0
2421.76 0
2422.4 0
2423.04 0
2423.68 0
2424.32 0
2424.96 0
2425.6 0
2426.24 0
2426.88 0
2427.52 0
2428.16 0
2428.8 0
2429.44 0
2430.08 0
2430.72 0
2431.36 0
2432 0
2432.64 0
2433.28 0
2433.92 0
2434.56 0
2435.2 0
2435.84 0
2436.48 0
2437.12 0
2437.76 0
2438.4 0
2439.04 0
2439.68 0
2440.32 0
2440.96 0
2441.6 0
2442.24 0
2442.88 0
2443.52 0
2444.16 0
2444.8 0
2445.44 0
2446.08 0
2446.72 0
2447.36 0
2448 0
2448.64 0
2449.28 0
2449.92 0
2450.56 0
2451.2 0
2451.84 0
2452.48 0
2453.12 0
2453.76 0
2454.4 0
2455.04 0
2455.68 0
2456.32 0
2456.96 0
2457.6 0
2458.24 0
2458.88 0
2459.52 0
2460.16 0
2460.8 0
2461.44 0
2462.08 0
2462.72 0
2463.36 0
2464 0
2464.64 0
2465.28 0
2465.92 0
2466.56 0
2467.2 0
2467.84 0
2468.48 0
2469.12 0
2469.76 0
2470.4 0
2471.04 0
2471.68 0
2472.32 0
2472.96 0
2473.6 0
2474.24 0
2474.88 0
2475.52 0
2476.16 0
2476.8 0
2477.44 0
2478.08 0
2478.72 0
2479.36 0
2480 0
2480.64 0
2481.28 0
2481.92 0
2482.56 0
2483.2 0
2483.84 0
2484.48 0
2485.12 0
2485.76 0
2486.4 0
2487.04 0
2487.68 0
2488.32 0
2488.96 0
2489.6 0
2490.24 0
2490.88 0
2491.52 0
2492.16 0
2492.8 0
2493.44 0
2494.08 0
2494.72 0
2495.36 0
2496 0
2496.64 0
2497.28 0
2497.92 0
2498.56 0
2499.2 0
2499.84 0
2500.48 0
2501.12 0
2501.76 0
2502.4 0
2503.04 0
2503.68 0
2504.32 0
2504.96 0
2505.6 0
2506.24 0
2506.88 0
2507.52 0
2508.16 0
2508.8 0
2509.44 0
2510.08 0
2510.72 0
2511.36 0
2512 0
2512.64 0
2513.28 0
2513.92 0
2514.56 0
2515.2 0
2515.84 0
2516.48 0
2517.12 0
2517.76 0
2518.4 0
2519.04 0
2519.68 0
2520.32 0
2520.96 0
2521.6 0
2522.24 0
2522.88 0
2523.52 0
2524.16 0
2524.8 0
2525.44 0
2526.08 0
2526.72 0
2527.36 0
2528 0
2528.64 0
2529.28 0
2529.92 0
2530.56 0
2531.2 0
2531.84 0
2532.48 0
2533.12 0
2533.76 0
2534.4 0
2535.04 0
2535.68 0
2536.32 0
2536.96 0
2537.6 0
2538.24 0
2538.88 0
2539.52 0
2540.16 0
2540.8 0
2541.44 0
2542.08 0
2542.72 0
2543.36 0
2544 0
2544.64 0
2545.28 0
2545.92 0
2546.56 0
2547.2 0
2547.84 0
2548.48 0
2549.12 0
2549.76 0
2550.4 0
2551.04 0
2551.68 0
2552.32 0
2552.96 0
2553.6 0
2554.24 0
2554.88 0
2555.52 0
2556.16 0
2556.8 0
2557.44 0
2558.08 0
2558.72 0
2559.36 0
2560 0
2560.64 0
2561.28 0
2561.92 0
2562.56 0
2563.2 0
2563.84 0
2564.48 0
2565.12 0
2565.76 0
2566.4 0
2567.04 0
2567.68 0
2568.32 0
2568.96 0
2569.6 0
2570.24 0
2570.88 0
2571.52 0
2572.16 0
2572.8 0
2573.44 0
2574.08 0
2574.72 0
2575.36 0
2576 0
2576.64 0
2577.28 0
2577.92 0
2578.56 0
2579.2 0
2579.84 0
2580.48 0
2581.12 0
2581.76 0
2582.4 0
2583.04 0
2583.68 0
2584.32 0
2584.96 0
2585.6 0
2586.24 0
2586.88 0
2587.52 0
2588.16 0
2588.8 0
2589.44 0
2590.08 0
2590.72 0
2591.36 0
2592 0
2592.64 0
2593.28 0
2593.92 0
2594.56 0
2595.2 0
2595.84 0
2596.48 0
2597.12 0
2597.76 0
2598.4 0
2599.04 0
2599.68 0
2600.32 0
2600.96 0
2601.6 0
2602.24 0
2602.88 0
2603.52 0
2604.16 0
2604.8 0
2605.44 0
2606.08 0
2606.72 0
2607.36 0
2608 0
2608.64 0
2609.28 0
2609.92 0.00281325
2610.56 0.00562462
2611.2 0.0101446
2611.84 0.0164938
2612.48 0.0241682
2613.12 0.0319143
2613.76 0.0379794
2614.4 0.040734
2615.04 0.0393768
2615.68 0.034311
2616.32 0.0269512
2616.96 0.0190864
2617.6 0.0121885
2618.24 0.00702075
2618.88 0.0036501
2619.52 0
2620.16 0
2620.8 0
2621.44 0
2622.08 0
2622.72 0
2623.36 0
2624 0
2624.64 0
2625.28 0
2625.92 0
2626.56 0
2627.2 0
2627.84 0
2628.48 0
2629.12 0
2629.76 0
2630.4 0
2631.04 0
2631.68 0
2632.32 0
2632.96 0
2633.6 0
2634.24 0
2634.88 0
2635.52 0
2636.16 0
2636.8 0
2637.44 0
2638.08 0
2638.72 0
2639.36 0
2640 0
2640.64 0
2641.28 0
2641.92 0
2642.56 0
2643.2 0
2643.84 0
2644.48 0
2645.12 0
2645.76 0
2646.4 0
2647.04 0
2647.68 0
2648.32 0
2648.96 0
2649.6 0
2650.24 0
2650.88 0
2651.52 0
2652.16 0
2652.8 0
2653.44 0
2654.08 0
2654.72 0
2655.36 0
2656 0
2656.64 0
2657.28 0
2657.92 0
2658.56 0
2659.2 0
2659.84 0
2660.48 0
2661.12 0
2661.76 0
2662.4 0
2663.04 0
2663.68 0
2664.32 0
2664.96 0
2665.6 0
2666.24 0
2666.88 0
2667.52 0
2668.16 0
2668.8 0
2669.44 0
2670.08 0
2670.72 0
2671.36 0
2672 0
2672.64 0
2673.28 0
2673.92 0
2674.56 0
2675.2 0
2675.84 0
2676.48 0
2677.12 0
2677.76 0
2678.4 0
2679.04 0
2679.68 0
2680.32 0
2680.96 0
2681.6 0
2682.24 0
2682.88 0
2683.52 0
2684.16 0
2684.8 0
2685.44 0
2686.08 0
2686.72 0
2687.36 0
2688 0
2688.64 0
2689.28 0
2689.92 0
2690.56 0
2691.2 0
2691.84 0
2692.48 0
2693.12 0
2693.76 0
2694.4 0
2695.04 0
2695.68 0
2696.32 0
2696.96 0
2697.6 0
2698.24 0
2698.88 0
2699.52 0
2700.16 0
2700.8 0
2701.44 0
2702.08 0
2702.72 0
2703.36 0
2704 0
2704.64 0
2705.28 0
2705.92 0
2706.56 0
2707.2 0
2707.84 0
2708.48 0
2709.12 0
2709.76 0
2710.4 0
2711.04 0
2711.68 0
2712.32 0
2712.96 0
2713.6 0
2714.24 0
2714.88 0
2715.52 0
2716.16 0
2716.8 0
2717.44 0
2718.08 0
2718.72 0
2719.36 0
2720 0
2720.64 0
2721.28 0
2721.92 0
2722.56 0
2723.2 0
2723.84 0
2724.48 0
2725.12 0
2725.76 0
2726.4 0
2727.04 0
2727.68 0
2728.32 0
2728.96 0
2729.6 0
2730.24 0
2730.88 0
2731.52 0
2732.16 0
2732.8 0
2733.44 0
2734.08 0
2734.72 0
2735.36 0
2736 0
2736.64 0
2737.28 0
2737.92 0
2738.56 0
2739.2 0
2739.84 0
2740.48 0
2741.12 0
2741.76 0
2742.4 0
2743.04 0
2743.68 0
2744.32 0
2744.96 0
2745.6 0
2746.24 0
2746.88 0
2747.52 0
2748.16 0
2748.8 0
2749.44 0
2750.08 0
2750.72 0
2751.36 0
2752 0
2752.64 0
2753.28 0
2753.92 0
2754.56 0
2755.2 0
2755.84 0
2756.48 0
2757.12 0
2757.76 0
2758.4 0
2759.04 0
2759.68 0
2760.32 0
2760.96 0
2761.6 0
2762.24 0
2762.88 0
2763.52 0
2764.16 0
2764.8 0
2765.44 0
2766.08 0
2766.72 0
2767.36 0
2768 0
2768.64 0
2769.28 0
2769.92 0
2770.56 0
2771.2 0
2771.84 0
2772.48 0
2773.12 0
2773.76 0
2774.4 0
2775.04 0
2775.68 0
2776.32 0
2776.96 0
2777.6 0
2778.24 0
2778.88 0
2779.52 0
2780.16 0
2780.8 0
2781.44 0
2782.08 0
2782.72 0
2783.36 0
2784 0
2784.64 0
2785.28 0
2785.92 0
2786.56 0
2787.2 0
2787.84 0
2788.48 0
2789.12 0
2789.76 0
2790.4 0
2791.04 0
2791.68 0
2792.32 0
2792.96 0
2793.6 0
2794.24 0
2794.88 0
2795.52 0
2796.16 0
2796.8 0
2797.44 0
2798.08 0
2798.72 0
2799.36 0
2800 0
2800.64 0
2801.28 0
2801.92 0
2802.56 0
2803.2 0
2803.84 0
2804.48 0
2805.12 0
2805.76 0
2806.4 0
2807.04 0
2807.68 0
2808.32 0
2808.96 0
2809.6 0
2810.24 0
2810.88 0
2811.52 0
2812.16 0
2812.8 0
2813.44 0
2814.08 0
2814.72 0
2815.36 0
2816 0
2816.64 0
2817.28 0
2817.92 0
2818.56 0
2819.2 0
2819.84 0
2820.48 0
2821.12 0
2821.76 0
2822.4 0
2823.04 0
2823.68 0
2824.32 0
2824.96 0
2825.6 0
2826.24 0
2826.88 0
2827.52 0
2828.16 0
2828.8 0
2829.44 0
2830.08 0
2830.72 0
2831.36 0
2832 0
2832.64 0
2833.28 0
2833.92 0
2834.56 0
2835.2 0
2835.84 0
2836.48 0
2837.12 0
2837.76 0
2838.4 0
2839.04 0
2839.68 0
2840.32 0
2840.96 0
2841.6 0
2842.24 0
2842.88 0
2843.52 0
2844.16 0
2844.8 0
2845.44 0
2846.08 0
2846.72 0
2847.36 0
2848 0
2848.64 0
2849.28 0
2849.92 0
2850.56 0
2851.2 0
2851.84 0
2852.48 0
2853.12 0
2853.76 0
2854.4 0
2855.04 0
2855.68 0
2856.32 0
2856.96 0
2857.6 0
2858.24 0
2858.88 0
2859.52 0
2860.16 0
2860.8 0
2861.44 0
2862.08 0
2862.72 0
2863.36 0
2864 0
2864.64 0
2865.28 0
2865.92 0
2866.56 0
2867.2 0
2867.84 0
2868.48 0
2869.12 0
2869.76 0
2870.4 0
2871.04 0
2871.68 0
2872.32 0
2872.96 0
2873.6 0
2874.24 0
2874.88 0
2875.52 0
2876.16 0
2876.8 0
2877.44 0
2878.08 0
2878.72 0
2879.36 0
2880 0
2880.64 0
2881.28 0
2881.92 0
2882.56 0
2883.2 0
2883.84 0
2884.48 0
2885.12 0
2885.76 0
2886.4 0
2887.04 0
2887.68 0
2888.32 0
2888.96 0
2889.6 0
2890.24 0
2890.88 0
2891.52 0
2892.16 0
2892.8 0
2893.44 0
2894.08 0
2894.72 0
2895.36 0
2896 0
2896.64 0
2897.28 0
2897.92 0
2898.56 0
2899.2 0
2899.84 0
2900.48 0
2901.12 0
2901.76 0
2902.4 0
2903.04 0
2903.68 0
2904.32 0
2904.96 0
2905.6 0
2906.24 0
2906.88 0
2907.52 0
2908.16 0
2908.8 0
2909.44 0
2910.08 0
2910.72 0
2911.36 0
2912 0
2912.64 0
2913.28 0
2913.92 0
2914.56 0
2915.2 0
2915.84 0
2916.48 0
2917.12 0
2917.76 0
2918.4 0
2919.04 0
2919.68 0
2920.32 0
2920.96 0
2921.6 0
2922.24 0
2922.88 0
2923.52 0
2924.16 0
2924.8 0
2925.44 0
2926.08 0
2926.72 0
2927.36 0
2928 0
2928.64 0
2929.28 0
2929.92 0
2930.56 0
2931.2 0
2931.84 0
2932.48 0
2933.12 0
2933.76 0
2934.4 0
2935.04 0
2935.68 0
2936.32 0
2936.96 0
2937.6 0
2938.24 0
2938.88 0
2939.52 0
2940.16 0
2940.8 0
2941.44 0
2942.08 0
2942.72 0
2943.36 0
2944 0
2944.64 0
2945.28 0
2945.92 0
2946.56 0
2947.2 0
2947.84 0
2948.48 0
2949.12 0
2949.76 0
2950.4 0
2951.04 0
2951.68 0
2952.32 0
2952.96 0
2953.6 0
2954.24 0
2954.88 0
2955.52 0
2956.16 0
2956.8 0
2957.44 0
2958.08 0
2958.72 0
2959.36 0
2960 0
2960.64 0
2961.28 0
2961.92 0
2962.56 0
2963.2 0
2963.84 0
2964.48 0
2965.12 0
2965.76 0
2966.4 0
2967.04 0
2967.68 0
2968.32 0
2968.96 0
2969.6 0
2970.24 0
2970.88 0
2971.52 0
2972.16 0
2972.8 0
2973.44 0
2974.08 0
2974.72 0
2975.36 0
2976 0
2976.64 0
2977.28 0
2977.92 0
2978.56 0
2979.2 0
2979.84 0
2980.48 0
2981.12 0
2981.76 0
2982.4 0
2983.04 0
2983.68 0
2984.32 0
2984.96 0
2985.6 0
2986.24 0
2986.88 0
2987.52 0
2988.16 0
2988.8 0
2989.44 0
2990.08 0
2990.72 0
2991.36 0
2992 0
2992.64 0
2993.28 0
2993.92 0
2994.56 0
2995.2 0
2995.84 0
2996.48 0
2997.12 0
2997.76 0
2998.4 0
2999.04 0
2999.68 0
3000.32 0
3000.96 0
3001.6 0
3002.24 0
3002.88 0
3003.52 0
3004.16 0
3004.8 0
3005.44 0
3006.08 0
3006.72 0
3007.36 0
3008 0
3008.64 0
3009.28 0
3009.92 0
3010.56 0
3011.2 0
3011.84 0
3012.48 0
3013.12 0
3013.76 0
3014.4 0
3015.04 0
3015.68 0
3016.32 0
3016.96 0
3017.6 0
3018.24 0
3018.88 0
3019.52 0
3020.16 0
3020.8 0
3021.44 0
3022.08 0
3022.72 0
3023.36 0
3024 0
3024.64 0
3025.28 0
3025.92 0
3026.56 0
3027.2 0
3027.84 0
3028.48 0
3029.12 0
3029.76 0
3030.4 0
3031.04 0
3031.68 0
3032.32 0
3032.96 0
3033.6 0
3034.24 0
3034.88 0
3035.52 0
3036.16 0
3036.8 0
3037.44 0
3038.08 0
3038.72 0
3039.36 0
3040 0
3040.64 0
3041.28 0
3041.92 0
3042.56 0
3043.2 0
3043.84 0
3044.48 0
3045.12 0
3045.76 0
3046.4 0
3047.04 0
3047.68 0
3048.32 0
3048.96 0
3049.6 0
3050.24 0
3050.88 0
3051.52 0
3052.16 0
3052.8 0
3053.44 0
3054.08 0
3054.72 0
3055.36 0
3056 0
3056.64 0
3057.28 0
3057.92 0
3058.56 0
3059.2 0
3059.84 0
3060.48 0
3061.12 0
3061.76 0
3062.4 0
3063.04 0
3063.68 0
3064.32 0
3064.96 0
3065.6 0
3066.24 0
3066.88 0
3067.52 0
3068.16 0
3068.8 0
3069.44 0
3070.08 0
3070.72 0
3071.36 0
3072 0
3072.64 0
3073.28 0
3073.92 0
3074.56 0
3075.2 0
3075.84 0
3076.48 0
3077.12 0
3077.76 0
3078.4 0
3079.04 0
3079.68 0
3080.32 0
3080.96 0
3081.6 0
3082.24 0
3082.88 0
3083.52 0
3084.16 0
3084.8 0
3085.44 0
3086.08 0
3086.72 0
3087.36 0
3088 0
3088.64 0
3089.28 0
3089.92 0
3090.56 0
3091.2 0
3091.84 0
3092.48 0
3093.12 0
3093.76 0
3094.4 0
3095.04 0
3095.68 0
3096.32 0
3096.96 0
3097.6 0
3098.24 0
3098.88 0
3099.52 0
3100.16 0
3100.8 0
3101.44 0
3102.08 0
3102.72 0
3103.36 0
3104 0
3104.64 0
3105.28 0
3105.92 0
3106.56 0
3107.2 0
3107.84 0
3108.48 0
3109.12 0
3109.76 0
3110.4 0
3111.04 0
3111.68 0
3112.32 0
3112.96 0
3113.6 0
3114.24 0
3114.88 0
3115.52 0
3116.16 0
3116.8 0
3117.44 0
3118.08 0
3118.72 0
3119.36 0
3120 0
3120.64 0
3121.28 0
3121.92 0
3122.56 0
3123.2 0
3123.84 0
3124.48 0
3125.12 0
3125.76 0
3126.4 0
3127.04 0
3127.68 0
3128.32 0
3128.96 0
3129.6 0
3130.24 0
3130.88 0
3131.52 0
3132.16 0
3132.8 0
3133.44 0
3134.08 0
3134.72 0
3135.36 0
3136 0
3136.64 0
3137.28 0
3137.92 0
3138.56 0
3139.2 0
3139.84 0
3140.48 0
3141.12 0
3141.76 0
3142.4 0
3143.04 0
3143.68 0
3144.32 0
3144.96 0
3145.6 0
3146.24 0
3146.88 0
3147.52 0
3148.16 0
3148.8 0
3149.44 0
3150.08 0
3150.72 0
3151.36 0
3152 0
3152.64 0
3153.28 0
3153.92 0
3154.56 0
3155.2 0
3155.84 0
3156.48 0
3157.12 0
3157.76 0
3158.4 0
3159.04 0
3159.68 0
3160.32 0
3160.96 0
3161.6 0
3162.24 0
3162.88 0
3163.52 0
3164.16 0
3164.8 0
3165.44 0
3166.08 0
3166.72 0
3167.36 0
3168 0
3168.64 0
3169.28 0
3169.92 0
3170.56 0
3171.2 0
3171.84 0
3172.48 0
3173.12 0
3173.76 0
3174.4 0
3175.04 0
3175.68 0
3176.32 0
3176.96 0
3177.6 0
3178.24 0
3178.88 0
3179.52 0
3180.16 0
3180.8 0
3181.44 0
3182.08 0
3182.72 0
3183.36 0
3184 0
3184.64 0
3185.28 0
3185.92 0
3186.56 0
3187.2 0
3187.84 0
3188.48 0
3189.12 0
3189.76 0
3190.4 0
3191.04 0
3191.68 0
3192.32 0
3192.96 0
3193.6 0
3194.24 0
3194.88 0
3195.52 0
3196.16 0
3196.8 0
3197.44 0
3198.08 0
3198.72 0
3199.36 0
3200 0
