0.590161 0
1.23011 0
1.87005 0
2.51 0
3.14995 0
3.78989 0
4.42984 0
5.06978 0
5.70973 0
6.34968 0
6.98962 0
7.62957 0
8.26952 0
8.90946 0
9.54941 0
10.1894 0
10.8293 0
11.4692 0
12.1092 0
12.7491 0
13.3891 0
14.029 0
14.669 0
15.3089 0
15.9489 0
16.5888 0
17.2288 0
17.8687 0
18.5087 0
19.1486 0
19.7885 0
20.4285 0
21.0684 0
21.7084 0
22.3483 0
22.9883 0
23.6282 0
24.2682 0
24.9081 0
25.5481 0
26.188 0
26.828 0
27.4679 0
28.1078 0
28.7478 0
29.3877 0
30.0277 0
30.6676 0
31.3076 0
31.9475 0
32.5875 0
33.2274 0
33.8674 0
34.5073 0
35.1473 0
35.7872 0
36.4271 0
37.0671 0
37.707 0
38.347 0
38.9869 0
39.6269 0
40.2668 0
40.9068 0
41.5467 0
42.1867 0
42.8266 0
43.4666 0
44.1065 0
44.7464 0
45.3864 0
46.0263 0
46.6663 653.656
47.3062 445.662
47.9462 178.877
48.5861 50.1152
49.2261 20.7508
49.866 16.9488
50.506 0
51.1459 0
51.7859 0
52.4258 0
53.0657 0
53.7057 0
54.3456 0
54.9856 0
55.6255 0
56.2655 0
56.9054 0
57.5454 0
58.1853 0
58.8253 0
59.4652 0
60.1052 0
60.7451 0
61.385 0
62.025 0
62.6649 0
63.3049 0
63.9448 0
64.5848 0
65.2247 0
65.8647 0
66.5046 0
67.1446 0
67.7845 0
68.4245 0
69.0644 0
69.7043 0
70.3443 21.9607
70.9842 22.1412
71.6242 22.3234
72.2641 22.525
72.9041 22.8411
73.544 23.491
74.184 24.4826
74.8239 25.2207
75.4639 25.5334
76.1038 26.4646
76.7438 28.0079
77.3837 28.2124
78.0237 26.6674
78.6636 25.1826
79.3035 24.6606
79.9435 24.6863
80.5834 24.8479
81.2234 25.027
81.8633 25.2073
82.5033 25.3876
83.1432 25.5685
83.7832 25.7573
84.4231 26.0142
85.0631 26.5492
85.703 27.4267
86.343 27.5473
86.9829 25.7507
87.6228 24.0035
88.2628 24.5798
88.9027 26.181
89.5427 27.1465
90.1826 27.524
90.8226 27.7304
91.4625 27.9126
92.1025 28.0931
92.7424 0
93.3824 0
94.0223 0
94.6623 0
95.3022 0
95.9421 0
96.5821 0
97.222 0
97.862 0
98.5019 0
99.1419 0
99.7818 0
100.422 0
101.062 0
101.702 0
102.342 0
102.982 0
103.621 0
104.261 0
104.901 0
105.541 0
106.181 0
106.821 0
107.461 0
108.101 0
108.741 0
109.381 0
110.021 0
110.661 0
111.301 0
111.941 0
112.581 0
113.221 0
113.861 0
114.501 0
115.141 0
115.78 0
116.42 0
117.06 0
117.7 0
118.34 0
118.98 0
119.62 0
120.26 0
120.9 0
121.54 0
122.18 0
122.82 0
123.46 0
124.1 0
124.74 0
125.38 0
126.02 0
126.66 0
127.3 0
127.939 0
128.579 0
129.219 0
129.859 0
130.499 0
131.139 0
131.779 0
132.419 0
133.059 0
133.699 0
134.339 0
134.979 0
135.619 0
136.259 0
136.899 0
137.539 0
138.179 0
138.819 0
139.458 0
140.098 0
140.738 0
141.378 0
142.018 0
142.658 0
143.298 0
143.938 0
144.578 0
145.218 0
145.858 0
146.498 0
147.138 0
147.778 0
148.418 0
149.058 0
149.698 0
150.338 0
150.978 0
151.617 0
152.257 0
152.897 0
153.537 0
154.177 0
154.817 0
155.457 0
156.097 0
156.737 0
157.377 0
158.017 0
158.657 0
159.297 0
159.937 0
160.577 0
161.217 0
161.857 0
162.497 0
163.136 0
163.776 0
164.416 0
165.056 0
165.696 0
166.336 0
166.976 0
167.616 0
168.256 0
168.896 0
169.536 0
170.176 0
170.816 0
171.456 0
172.096 0
172.736 0
173.376 0
174.016 0
174.656 0
175.295 0
175.935 0
176.575 0
177.215 0
177.855 0
178.495 0
179.135 0
179.775 0
180.415 0
181.055 0
181.695 0
182.335 0
182.975 0
183.615 0
184.255 0
184.895 0
185.535 0
186.175 0
186.815 0
187.454 0
188.094 0
188.734 0
189.374 0
190.014 0
190.654 0
191.294 0
191.934 0
192.574 0
193.214 0
193.854 0
194.494 0
195.134 0
195.774 0
196.414 0
197.054 0
197.694 0
198.334 0
198.973 0
199.613 0
200.253 0
200.893 0
201.533 0
202.173 0
202.813 0
203.453 0
204.093 0
204.733 0
205.373 0
206.013 0
206.653 0
207.293 0
207.933 0
208.573 0
209.213 0
209.853 0
210.493 0
211.132 0
211.772 0
212.412 0
213.052 0
213.692 0
214.332 0
214.972 0
215.612 0
216.252 0
216.892 0
217.532 0
218.172 0
218.812 0
219.452 0
220.092 0
220.732 0
221.372 0
222.012 0
222.651 0
223.291 0
223.931 0
224.571 0
225.211 0
225.851 0
226.491 0
227.131 0
227.771 0
228.411 0
229.051 0
229.691 0
230.331 0
230.971 0
231.611 0
232.251 0
232.891 0
233.531 0
234.171 0
234.81 0
235.45 0
236.09 0
236.73 0
237.37 9.11495
238.01 9.15966
238.65 9.20978
239.29 9.31293
239.93 9.71061
240.57 10.9704
241.21 13.2508
241.85 14.9869
242.49 14.3217
243.13 12.0852
243.77 10.3865
244.41 9.76513
245.05 9.66671
245.69 9.69318
246.329 9.73621
246.969 0
247.609 0
248.249 0
248.889 0
249.529 0
250.169 0
250.809 0
251.449 0
252.089 0
252.729 0
253.369 0
254.009 0
254.649 0
255.289 0
255.929 0
256.569 0
257.209 0
257.849 0
258.488 0
259.128 0
259.768 0
260.408 0
261.048 0
261.688 0
262.328 0
262.968 0
263.608 0
264.248 0
264.888 0
265.528 0
266.168 0
266.808 0
267.448 0
268.088 0
268.728 0
269.368 0
270.008 0
270.647 0
271.287 0
271.927 0
272.567 8.56321
273.207 8.46158
273.847 8.35972
274.487 8.25529
275.127 8.13483
275.767 7.9595
276.407 7.69811
277.047 7.43399
277.687 7.33113
278.327 7.39083
278.967 7.44974
279.607 7.4229
280.247 7.34063
280.887 7.24195
281.527 7.1406
282.166 7.039
282.806 0
283.446 0
284.086 0
284.726 0
285.366 0
286.006 0
286.646 0
287.286 0
287.926 0
288.566 0
289.206 0
289.846 0
290.486 6.93756
291.126 7.00062
291.766 7.06763
292.406 7.17412
293.046 7.50855
293.686 8.55814
294.325 10.5995
294.965 12.4628
295.605 12.2896
296.245 10.353
296.885 8.59857
297.525 7.85942
298.165 7.72316
298.805 7.75681
299.445 7.81705
300.085 7.87972
300.725 0
301.365 0
302.005 0
302.645 0
303.285 0
303.925 0
304.565 0
305.205 0
305.844 0
306.484 0
307.124 0
307.764 0
308.404 0
309.044 0
309.684 0
310.324 0
310.964 0
311.604 0
312.244 0
312.884 0
313.524 0
314.164 0
314.804 0
315.444 0
316.084 0
316.724 0
317.364 0
318.003 0
318.643 0
319.283 0
319.923 0
320.563 0
321.203 0
321.843 0
322.483 0
323.123 0
323.763 0
324.403 0
325.043 0
325.683 0
326.323 0
326.963 0
327.603 0
328.243 0
328.883 0
329.523 0
330.162 0
330.802 0
331.442 0
332.082 0
332.722 0
333.362 0
334.002 0
334.642 0
335.282 0
335.922 0
336.562 0
337.202 0
337.842 0
338.482 0
339.122 0
339.762 0
340.402 0
341.042 0
341.681 0
342.321 0
342.961 0
343.601 0
344.241 0
344.881 0
345.521 0
346.161 0
346.801 0
347.441 4.89499
348.081 4.94269
348.721 5.01326
349.361 5.25668
350.001 6.25197
350.641 8.95821
351.281 12.9933
351.921 15.1922
352.561 13.2163
353.201 9.27519
353.84 6.59172
354.48 5.64085
355.12 5.47411
355.76 5.49252
356.4 5.53615
357.04 0
357.68 0
358.32 0
358.96 0
359.6 0
360.24 0
360.88 0
361.52 0
362.16 0
362.8 0
363.44 0
364.08 0
364.72 0
365.359 0
365.999 0
366.639 0
367.279 0
367.919 0
368.559 0
369.199 0
369.839 0
370.479 0
371.119 0
371.759 0
372.399 0
373.039 0
373.679 0
374.319 0
374.959 0
375.599 0
376.239 0
376.879 0
377.518 0
378.158 0
378.798 0
379.438 0
380.078 0
380.718 0
381.358 0
381.998 0
382.638 0
383.278 0
383.918 0
384.558 0
385.198 0
385.838 0
386.478 0
387.118 0
387.758 0
388.398 0
389.037 0
389.677 0
390.317 0
390.957 0
391.597 0
392.237 0
392.877 0
393.517 0
394.157 0
394.797 0
395.437 0
396.077 0
396.717 0
397.357 0
397.997 0
398.637 0
399.277 0
399.917 0
400.557 0
401.196 0
401.836 0
402.476 0
403.116 0
403.756 0
404.396 0
405.036 0
405.676 0
406.316 0
406.956 0
407.596 0
408.236 0
408.876 0
409.516 0
410.156 0
410.796 0
411.436 0
412.076 0
412.716 0
413.355 0
413.995 0
414.635 0
415.275 0
415.915 0
416.555 0
417.195 0
417.835 0
418.475 0
419.115 0
419.755 0
420.395 0
421.035 0
421.675 0
422.315 0
422.955 0
423.595 0
424.235 0
424.874 0
425.514 0
426.154 0
426.794 0
427.434 0
428.074 0
428.714 0
429.354 0
429.994 0
430.634 0
431.274 0
431.914 0
432.554 0
433.194 0
433.834 0
434.474 0
435.114 0
435.754 0
436.394 0
437.033 0
437.673 0
438.313 0
438.953 0
439.593 0
440.233 0
440.873 0
441.513 0
442.153 0
442.793 0
443.433 0
444.073 0
444.713 0
445.353 0
445.993 0
446.633 0
447.273 0
447.913 0
448.552 0
449.192 0
449.832 0
450.472 0
451.112 0
451.752 0
452.392 0
453.032 0
453.672 0
454.312 0
454.952 0
455.592 0
456.232 0
456.872 0
457.512 0
458.152 0
458.792 0
459.432 0
460.072 0
460.711 0
461.351 0
461.991 0
462.631 0
463.271 0
463.911 0
464.551 0
465.191 0
465.831 0
466.471 0
467.111 0
467.751 0
468.391 0
469.031 0
469.671 0
470.311 0
470.951 0
471.591 0
472.231 0
472.87 0
473.51 0
474.15 0
474.79 0
475.43 0
476.07 0
476.71 0
477.35 0
477.99 0
478.63 0
479.27 0
479.91 0
480.55 0
481.19 0
481.83 0
482.47 0
483.11 0
483.75 0
484.389 0
485.029 0
485.669 0
486.309 0
486.949 0
487.589 0
488.229 0
488.869 0
489.509 0
490.149 0
490.789 0
491.429 0
492.069 0
492.709 0
493.349 0
493.989 0
494.629 0
495.269 0
495.909 0
496.548 0
497.188 0
497.828 0
498.468 0
499.108 0
499.748 0
500.388 0
501.028 0
501.668 0
502.308 0
502.948 0
503.588 0
504.228 0
504.868 0
505.508 0
506.148 0
506.788 0
507.428 0
508.067 0
508.707 0
509.347 0
509.987 0
510.627 0
511.267 0
511.907 0
512.547 0
513.187 0
513.827 0
514.467 0
515.107 0
515.747 0
516.387 0
517.027 0
517.667 0
518.307 0
518.947 0
519.587 0
520.226 0
520.866 0
521.506 0
522.146 0
522.786 0
523.426 0
524.066 0
524.706 0
525.346 0
525.986 0
526.626 0
527.266 0
527.906 0
528.546 0
529.186 0
529.826 0
530.466 0
531.106 0
531.745 0
532.385 0
533.025 0
533.665 0
534.305 0
534.945 0
535.585 0
536.225 0
536.865 0
537.505 0
538.145 0
538.785 0
539.425 0
540.065 0
540.705 0
541.345 0
541.985 0
542.625 0
543.265 0
543.904 0
544.544 0
545.184 0
545.824 0
546.464 0
547.104 0
547.744 0
548.384 0
549.024 0
549.664 0
550.304 0
550.944 0
551.584 0
552.224 0
552.864 0
553.504 0
554.144 0
554.784 0
555.424 0
556.063 0
556.703 0
557.343 0
557.983 0
558.623 0
559.263 0
559.903 0
560.543 0
561.183 0
561.823 0
562.463 0
563.103 0
563.743 0
564.383 0
565.023 0
565.663 0
566.303 0
566.943 0
567.582 0
568.222 0
568.862 0
569.502 0
570.142 0
570.782 0
571.422 0
572.062 0
572.702 0
573.342 0
573.982 0
574.622 0
575.262 0
575.902 0
576.542 0
577.182 0
577.822 0
578.462 1.89602
579.102 1.89931
579.741 1.90385
580.381 1.91714
581.021 1.96775
581.661 2.10916
582.301 2.34866
582.941 2.54552
583.581 2.51896
584.221 2.29954
584.861 2.08276
585.501 1.97311
586.141 1.94159
586.781 1.93805
587.421 1.94038
588.061 1.94348
588.701 0
589.341 0
589.981 0
590.621 0
591.26 0
591.9 0
592.54 0
593.18 0
593.82 0
594.46 0
595.1 0
595.74 0
596.38 0
597.02 0
597.66 0
598.3 0
598.94 0
599.58 0
600.22 0
600.86 0
601.5 0
602.14 0
602.78 0
603.419 0
604.059 0
604.699 1.18076
605.339 1.22318
605.979 1.31207
606.619 1.69231
607.259 3.18863
607.899 7.0827
608.539 13.0299
609.179 17.0889
609.819 15.42
610.459 9.74171
611.099 4.76903
611.739 2.4246
612.379 1.77245
613.019 1.6832
613.659 1.70557
614.299 0
614.939 0
615.578 0
616.218 0
616.858 0
617.498 0
618.138 0
618.778 0
619.418 0
620.058 0
620.698 0
621.338 0
621.978 0
622.618 0
623.258 0
623.898 0
624.538 0
625.178 0
625.818 0
626.458 0
627.097 0
627.737 0
628.377 0
629.017 0
629.657 0
630.297 0
630.937 0
631.577 0
632.217 0
632.857 0
633.497 0
634.137 0
634.777 0
635.417 0
636.057 0
636.697 0
637.337 0
637.977 0
638.617 0
639.256 0
639.896 0
640.536 0
641.176 0
641.816 0
642.456 0
643.096 0
643.736 0
644.376 0
645.016 0
645.656 0
646.296 0
646.936 0
647.576 0
648.216 0
648.856 0
649.496 0
650.136 0
650.775 0
651.415 0
652.055 0
652.695 0
653.335 0
653.975 0
654.615 0
655.255 0
655.895 0
656.535 0
657.175 1.39756
657.815 1.41046
658.455 1.45371
659.095 1.66042
659.735 2.40264
660.375 4.10051
661.015 6.32203
661.655 7.42601
662.295 6.35872
662.934 4.18146
663.574 2.57751
664.214 2.02763
664.854 2.06056
665.494 2.13064
666.134 2.00967
666.774 1.79088
667.414 1.63366
668.054 1.57274
668.694 1.56338
669.334 1.56929
669.974 1.57798
670.614 0
671.254 0
671.894 0
672.534 0
673.174 0
673.814 0
674.453 0
675.093 0
675.733 0
676.373 0
677.013 0
677.653 0
678.293 0
678.933 0
679.573 0
680.213 0
680.853 0
681.493 0
682.133 0
682.773 0
683.413 0
684.053 0
684.693 0
685.333 0
685.973 0
686.612 0
687.252 0
687.892 0
688.532 0
689.172 0
689.812 0
690.452 0
691.092 0
691.732 0
692.372 0
693.012 0
693.652 0
694.292 0
694.932 0
695.572 0
696.212 0
696.852 0
697.492 0
698.132 0
698.771 0
699.411 0
700.051 0
700.691 0
701.331 0
701.971 0
702.611 0
703.251 0
703.891 0
704.531 0
705.171 0
705.811 0
706.451 0
707.091 0
707.731 0
708.371 0
709.011 0
709.651 0
710.29 0
710.93 0
711.57 0
712.21 0
712.85 0
713.49 0
714.13 0
714.77 0
715.41 0
716.05 0
716.69 0
717.33 0
717.97 0
718.61 0
719.25 0
719.89 0
720.53 0
721.17 0
721.81 0
722.449 0
723.089 0
723.729 0
724.369 0
725.009 0
725.649 0
726.289 0
726.929 0
727.569 0
728.209 0
728.849 0
729.489 0
730.129 0
730.769 0
731.409 0
732.049 0
732.689 0
733.329 0
733.968 0
734.608 0
735.248 0
735.888 0
736.528 0
737.168 0
737.808 0
738.448 0
739.088 0
739.728 0
740.368 0
741.008 0
741.648 0
742.288 0
742.928 0
743.568 0
744.208 0
744.848 0
745.488 0
746.127 0
746.767 0
747.407 0
748.047 0
748.687 0
749.327 0
749.967 0
750.607 0
751.247 0
751.887 0
752.527 0
753.167 0
753.807 0
754.447 0
755.087 0
755.727 0
756.367 0
757.007 0
757.647 0
758.286 0
758.926 0
759.566 0
760.206 0
760.846 0
761.486 0
762.126 0
762.766 0
763.406 0
764.046 0
764.686 0
765.326 0
765.966 0
766.606 0
767.246 0
767.886 0
768.526 0
769.166 0
769.805 0
770.445 0
771.085 0
771.725 0
772.365 0
773.005 0
773.645 0
774.285 0
774.925 0
775.565 0
776.205 0
776.845 0
777.485 0
778.125 0
778.765 0
779.405 0
780.045 0
780.685 0
781.325 0
781.964 0
782.604 0
783.244 0
783.884 0
784.524 0
785.164 0
785.804 0
786.444 0
787.084 0
787.724 0
788.364 0
789.004 0
789.644 0
790.284 0
790.924 0
791.564 0
792.204 0
792.844 0
793.483 0
794.123 0
794.763 0
795.403 0
796.043 0
796.683 0
797.323 0
797.963 0
798.603 0
799.243 0
799.883 0
800.523 0
801.163 0
801.803 0
802.443 0
803.083 0
803.723 0
804.363 0
805.003 0
805.642 0
806.282 0
806.922 0
807.562 0
808.202 0
808.842 0
809.482 0
810.122 0
810.762 0
811.402 0
812.042 0
812.682 0
813.322 0
813.962 0
814.602 0
815.242 0
815.882 0
816.522 0
817.161 0
817.801 0
818.441 0
819.081 0
819.721 0
820.361 0
821.001 0
821.641 0
822.281 0
822.921 0
823.561 0
824.201 0
824.841 0
825.481 0
826.121 0
826.761 0
827.401 0
828.041 0
828.681 0
829.32 0
829.96 0
830.6 0
831.24 0
831.88 0
832.52 0
833.16 0
833.8 0
834.44 0
835.08 0
835.72 0
836.36 0
837 0
837.64 0
838.28 0
838.92 0
839.56 0
840.2 0
840.84 0
841.479 0
842.119 0
842.759 0
843.399 0
844.039 0
844.679 0
845.319 0
845.959 0
846.599 0
847.239 0
847.879 0
848.519 0
849.159 0
849.799 0
850.439 0
851.079 0
851.719 0
852.359 0
852.998 0
853.638 0
854.278 0
854.918 0
855.558 0
856.198 0
856.838 0
857.478 0
858.118 0
858.758 0
859.398 0
860.038 0
860.678 0
861.318 0
861.958 0
862.598 0
863.238 0
863.878 0
864.518 0
865.157 0
865.797 0
866.437 0
867.077 0
867.717 0
868.357 0
868.997 0
869.637 0
870.277 0
870.917 0
871.557 0
872.197 0
872.837 0
873.477 0
874.117 0
874.757 0
875.397 0
876.037 0
876.676 0
877.316 0
877.956 0
878.596 0
879.236 0
879.876 0
880.516 0
881.156 0
881.796 0
882.436 0
883.076 0
883.716 0
884.356 0
884.996 0
885.636 0
886.276 0
886.916 0
887.556 0
888.196 0
888.835 0
889.475 0
890.115 0
890.755 0
891.395 0
892.035 0
892.675 0
893.315 0
893.955 0
894.595 0
895.235 0
895.875 0
896.515 0
897.155 0
897.795 0
898.435 0
899.075 0
899.715 0
900.355 0
900.994 0
901.634 0
902.274 0
902.914 0
903.554 0
904.194 0
904.834 0
905.474 0
906.114 0
906.754 0
907.394 0
908.034 0
908.674 0
909.314 0
909.954 0
910.594 0
911.234 0
911.874 0
912.513 0
913.153 0
913.793 0
914.433 0
915.073 0
915.713 0
916.353 0
916.993 0
917.633 0
918.273 0
918.913 0
919.553 0
920.193 0
920.833 0
921.473 0
922.113 0
922.753 0
923.393 0
924.033 0
924.672 0
925.312 0
925.952 0
926.592 0
927.232 0
927.872 0
928.512 0
929.152 0
929.792 0
930.432 0
931.072 0
931.712 0
932.352 0
932.992 0
933.632 0
934.272 0
934.912 0
935.552 0
936.191 0
936.831 0
937.471 0
938.111 0
938.751 0
939.391 0
940.031 0
940.671 0
941.311 0
941.951 0
942.591 0
943.231 0
943.871 0
944.511 0
945.151 0
945.791 0
946.431 0
947.071 0
947.711 0
948.35 0
948.99 0
949.63 0
950.27 0
950.91 0
951.55 0
952.19 0
952.83 0
953.47 0
954.11 0
954.75 0
955.39 0
956.03 0
956.67 0
957.31 0
957.95 0
958.59 0
959.23 0
959.869 0
960.509 0
961.149 0
961.789 0
962.429 0
963.069 0
963.709 0
964.349 0
964.989 0
965.629 0
966.269 0
966.909 0
967.549 0
968.189 0
968.829 0
969.469 0
970.109 0
970.749 0
971.389 0
972.028 0
972.668 0
973.308 0
973.948 0
974.588 0
975.228 0
975.868 0
976.508 0
977.148 0
977.788 0
978.428 0
979.068 0
979.708 0
980.348 0
980.988 0
981.628 0
982.268 0
982.908 0
983.548 0
984.187 0
984.827 0
985.467 0
986.107 0
986.747 0
987.387 0
988.027 0
988.667 0
989.307 0
989.947 0
990.587 0
991.227 0
991.867 0
992.507 0
993.147 0
993.787 0
994.427 0
995.067 0
995.706 0
996.346 0
996.986 0
997.626 0
998.266 0
998.906 0
999.546 0
1000.19 0
1000.83 0
1001.47 0
1002.11 0
1002.75 0
1003.39 0
1004.03 0
1004.67 0
1005.31 0
1005.95 0
1006.59 0
1007.23 0
1007.87 0
1008.51 0
1009.15 0
1009.79 0
1010.43 0
1011.07 0
1011.71 0
1012.35 0
1012.99 0
1013.62 0
1014.26 0
1014.9 0
1015.54 0
1016.18 0
1016.82 0
1017.46 0
1018.1 0
1018.74 0
1019.38 0
1020.02 0
1020.66 0
1021.3 0
1021.94 0
1022.58 0
1023.22 0
1023.86 0
1024.5 0
1025.14 0
1025.78 0
1026.42 0
1027.06 0
1027.7 0
1028.34 0
1028.98 0
1029.62 0
1030.26 0
1030.9 0
1031.54 0
1032.18 0
1032.82 0
1033.46 0
1034.1 0
1034.74 0
1035.38 0
1036.02 0
1036.66 0
1037.3 0
1037.94 0
1038.58 0
1039.22 0
1039.86 0
1040.5 0
1041.14 0
1041.78 0
1042.42 0
1043.06 0
1043.7 0
1044.34 0
1044.98 0
1045.62 0
1046.26 0
1046.9 0
1047.54 0
1048.18 0
1048.82 0
1049.46 0
1050.1 0
1050.74 0
1051.38 0
1052.02 0
1052.66 0
1053.3 0
1053.94 0
1054.58 0
1055.22 0
1055.86 0
1056.5 0
1057.14 0
1057.78 0
1058.42 0
1059.06 0
1059.7 0
1060.34 0
1060.98 0
1061.62 0
1062.26 0
1062.9 0
1063.54 0
1064.18 0
1064.82 0
1065.46 0
1066.1 0
1066.74 0
1067.38 0
1068.02 0
1068.66 0
1069.3 0
1069.94 0
1070.58 0
1071.22 0
1071.86 0
1072.5 0
1073.14 0
1073.78 0
1074.42 0
1075.06 0
1075.7 0
1076.34 0
1076.98 0
1077.62 0
1078.26 0
1078.9 0
1079.54 0
1080.18 0
1080.82 0
1081.46 0
1082.1 0
1082.74 0
1083.38 0
1084.02 0
1084.66 0
1085.3 0
1085.94 0
1086.58 0
1087.22 0
1087.86 0
1088.5 0
1089.14 0
1089.78 0
1090.42 0
1091.06 0
1091.7 0
1092.34 0
1092.98 0
1093.62 0
1094.26 0
1094.9 0
1095.54 0
1096.18 0
1096.82 0
1097.46 0
1098.1 0
1098.74 0
1099.38 0
1100.02 0
1100.66 0
1101.3 0
1101.94 0
1102.58 0
1103.22 0
1103.86 0
1104.5 0
1105.14 0
1105.78 0
1106.42 0
1107.06 0
1107.7 0
1108.34 0
1108.98 0
1109.62 0
1110.26 0
1110.9 0
1111.54 0
1112.18 0
1112.82 0
1113.46 0
1114.1 0
1114.74 0
1115.38 0.827478
1116.02 0.829313
1116.66 0.843131
1117.3 0.916269
1117.94 1.18542
1118.58 1.86026
1119.22 2.96297
1119.86 3.99313
1120.5 4.19279
1121.14 3.39368
1121.78 2.23144
1122.42 1.37865
1123.06 0.982702
1123.7 0.858746
1124.34 0.831865
1124.98 0.827771
1125.62 0
1126.26 0
1126.9 0
1127.54 0
1128.18 0
1128.82 0
1129.46 0
1130.1 0
1130.74 0
1131.38 0
1132.02 0
1132.65 0
1133.29 0
1133.93 0
1134.57 0
1135.21 0
1135.85 0
1136.49 0
1137.13 0
1137.77 0
1138.41 0
1139.05 0
1139.69 0
1140.33 0
1140.97 0
1141.61 0
1142.25 0
1142.89 0
1143.53 0
1144.17 0
1144.81 0
1145.45 0
1146.09 0
1146.73 0
1147.37 0
1148.01 0
1148.65 0
1149.29 0
1149.93 0
1150.57 0.847159
1151.21 0.846912
1151.85 0.845357
1152.49 0.83848
1153.13 0.817399
1153.77 0.773838
1154.41 0.717148
1155.05 0.681154
1155.69 0.694481
1156.33 0.74599
1156.97 0.798856
1157.61 0.830549
1158.25 0.843058
1158.89 0.84645
1159.53 0.847094
1160.17 0
1160.81 0
1161.45 0
1162.09 0
1162.73 0
1163.37 0
1164.01 0
1164.65 0
1165.29 0
1165.93 0
1166.57 0
1167.21 0
1167.85 0
1168.49 0.830953
1169.13 0.835693
1169.77 0.866739
1170.41 1.01024
1171.05 1.47227
1171.69 2.4831
1172.33 3.90101
1172.97 4.94796
1173.61 4.81646
1174.25 3.61675
1174.89 2.23715
1175.53 1.34349
1176.17 0.965623
1176.81 0.856156
1177.45 0.833944
1178.09 0.83075
1178.73 0
1179.37 0
1180.01 0
1180.65 0
1181.29 0
1181.93 0
1182.57 0
1183.21 0
1183.85 0
1184.49 0
1185.13 0
1185.77 0
1186.41 0
1187.05 0
1187.69 0
1188.33 0
1188.97 0
1189.61 0
1190.25 0
1190.89 0
1191.53 0
1192.17 0
1192.81 0
1193.45 0
1194.09 0
1194.73 0
1195.37 0
1196.01 0
1196.65 0
1197.29 0
1197.93 0
1198.57 0
1199.21 0
1199.85 0
1200.49 0
1201.13 0
1201.77 0
1202.41 0
1203.05 0
1203.69 0
1204.33 0
1204.97 0
1205.61 0
1206.25 0
1206.89 0
1207.53 0
1208.17 0
1208.81 0
1209.45 0
1210.09 0
1210.73 0
1211.37 0
1212.01 0
1212.65 0
1213.29 0
1213.93 0
1214.57 0
1215.21 0
1215.85 0
1216.49 0
1217.13 0
1217.77 0
1218.41 0
1219.05 0
1219.69 0
1220.33 0
1220.97 0
1221.61 0
1222.25 0
1222.89 0
1223.53 0
1224.17 0
1224.81 0
1225.45 0
1226.09 0
1226.73 0
1227.37 0
1228.01 0
1228.65 0
1229.29 0
1229.93 0
1230.57 0
1231.21 0
1231.85 0
1232.49 0
1233.13 0
1233.77 0
1234.41 0
1235.05 0
1235.69 0
1236.33 0
1236.97 0
1237.61 0
1238.25 0
1238.89 0
1239.53 0
1240.17 0
1240.81 0
1241.45 0
1242.09 0
1242.73 0
1243.37 0
1244.01 0
1244.65 0
1245.29 0
1245.93 0
1246.57 0
1247.21 0
1247.85 0
1248.49 0
1249.13 0
1249.77 0
1250.41 0
1251.05 0
1251.68 0
1252.32 0
1252.96 0
1253.6 0
1254.24 0
1254.88 0
1255.52 0
1256.16 0
1256.8 0
1257.44 0
1258.08 0
1258.72 0
1259.36 0
1260 0
1260.64 0
1261.28 0
1261.92 0
1262.56 0
1263.2 0
1263.84 0
1264.48 0
1265.12 0
1265.76 0
1266.4 0
1267.04 0
1267.68 0
1268.32 0
1268.96 0
1269.6 0
1270.24 0
1270.88 0
1271.52 0
1272.16 0
1272.8 0
1273.44 0
1274.08 0
1274.72 0
1275.36 0
1276 0.663792
1276.64 0.663658
1277.28 0.662738
1277.92 0.658219
1278.56 0.642478
1279.2 0.604335
1279.84 0.542637
1280.48 0.48338
1281.12 0.467412
1281.76 0.507502
1282.4 0.572832
1283.04 0.625075
1283.68 0.651742
1284.32 0.661057
1284.96 0.663348
1285.6 0.663751
1286.24 0
1286.88 0
1287.52 0
1288.16 0
1288.8 0
1289.44 0
1290.08 0
1290.72 0
1291.36 0
1292 0
1292.64 0
1293.28 0
1293.92 0
1294.56 0
1295.2 0
1295.84 0
1296.48 0
1297.12 0
1297.76 0
1298.4 0
1299.04 0
1299.68 0
1300.32 0
1300.96 0
1301.6 0
1302.24 0
1302.88 0
1303.52 0
1304.16 0
1304.8 0
1305.44 0
1306.08 0
1306.72 0
1307.36 0
1308 0
1308.64 0
1309.28 0
1309.92 0
1310.56 0
1311.2 0
1311.84 0
1312.48 0
1313.12 0
1313.76 0
1314.4 0
1315.04 0
1315.68 0
1316.32 0
1316.96 0
1317.6 0
1318.24 0
1318.88 0
1319.52 0
1320.16 0
1320.8 0
1321.44 0
1322.08 0
1322.72 0
1323.36 0
1324 0
1324.64 0
1325.28 0
1325.92 0
1326.56 0
1327.2 0
1327.84 0.369128
1328.48 0.379116
1329.12 0.4352
1329.76 0.661081
1330.4 1.30457
1331.04 2.56609
1331.68 4.15896
1332.32 5.17395
1332.96 4.84757
1333.6 3.43848
1334.24 1.91598
1334.88 0.942025
1335.52 0.524477
1336.16 0.399207
1336.8 0.372371
1337.44 0
1338.08 0
1338.72 0
1339.36 0
1340 0
1340.64 0
1341.28 0
1341.92 0
1342.56 0
1343.2 0
1343.84 0
1344.48 0
1345.12 0
1345.76 0
1346.4 0
1347.04 0
1347.68 0
1348.32 0
1348.96 0
1349.6 0
1350.24 0
1350.88 0
1351.52 0
1352.16 0
1352.8 0
1353.44 0
1354.08 0
1354.72 0
1355.36 0
1356 0
1356.64 0
1357.28 0
1357.92 0
1358.56 0
1359.2 0
1359.84 0
1360.48 0
1361.12 0
1361.76 0
1362.4 0
1363.04 0
1363.68 0
1364.32 0
1364.96 0
1365.6 0
1366.24 0
1366.88 0
1367.52 0
1368.16 0
1368.8 0
1369.44 0
1370.08 0
1370.71 0
1371.35 0
1371.99 0
1372.63 0
1373.27 0
1373.91 0
1374.55 0
1375.19 0
1375.83 0
1376.47 0
1377.11 0
1377.75 0
1378.39 0
1379.03 0
1379.67 0
1380.31 0
1380.95 0
1381.59 0
1382.23 0
1382.87 0
1383.51 0
1384.15 0
1384.79 0
1385.43 0
1386.07 0
1386.71 0
1387.35 0
1387.99 0
1388.63 0
1389.27 0
1389.91 0
1390.55 0
1391.19 0
1391.83 0
1392.47 0
1393.11 0
1393.75 0
1394.39 0
1395.03 0
1395.67 0
1396.31 0
1396.95 0
1397.59 0
1398.23 0
1398.87 0
1399.51 0
1400.15 0
1400.79 0
1401.43 0
1402.07 0
1402.71 0
1403.35 0
1403.99 0
1404.63 0
1405.27 0
1405.91 0
1406.55 0
1407.19 0
1407.83 0
1408.47 0
1409.11 0
1409.75 0
1410.39 0
1411.03 0
1411.67 0
1412.31 0
1412.95 0
1413.59 0
1414.23 0
1414.87 0
1415.51 0
1416.15 0
1416.79 0
1417.43 0
1418.07 0
1418.71 0
1419.35 0
1419.99 0
1420.63 0
1421.27 0
1421.91 0
1422.55 0
1423.19 0
1423.83 0
1424.47 0
1425.11 0
1425.75 0
1426.39 0
1427.03 0
1427.67 0
1428.31 0
1428.95 0
1429.59 0
1430.23 0
1430.87 0
1431.51 0
1432.15 0
1432.79 0
1433.43 0
1434.07 0
1434.71 0
1435.35 0
1435.99 0
1436.63 0
1437.27 0
1437.91 0
1438.55 0
1439.19 0
1439.83 0
1440.47 0
1441.11 0
1441.75 0
1442.39 0
1443.03 0
1443.67 0
1444.31 0
1444.95 0
1445.59 0
1446.23 0
1446.87 0
1447.51 0
1448.15 0
1448.79 0
1449.43 0
1450.07 0
1450.71 0
1451.35 0
1451.99 0
1452.63 0
1453.27 0
1453.91 0
1454.55 0
1455.19 0
1455.83 0.474903
1456.47 0.488466
1457.11 0.571447
1457.75 0.942034
1458.39 2.13787
1459.03 4.87383
1459.67 9.13662
1460.31 13.1773
1460.95 14.3522
1461.59 11.7717
1462.23 7.32825
1462.87 3.57353
1463.51 1.5186
1464.15 0.73602
1464.79 0.522429
1465.43 0.48002
1466.07 0
1466.71 0
1467.35 0
1467.99 0
1468.63 0
1469.27 0
1469.91 0
1470.55 0
1471.19 0
1471.83 0
1472.47 0
1473.11 0
1473.75 0
1474.39 0
1475.03 0
1475.67 0
1476.31 0
1476.95 0
1477.59 0
1478.23 0
1478.87 0
1479.51 0
1480.15 0
1480.79 0
1481.43 0
1482.07 0
1482.71 0
1483.35 0
1483.99 0
1484.63 0
1485.27 0
1485.91 0
1486.55 0
1487.19 0
1487.83 0
1488.47 0
1489.1 0
1489.74 0
1490.38 0
1491.02 0
1491.66 0
1492.3 0
1492.94 0
1493.58 0
1494.22 0
1494.86 0
1495.5 0
1496.14 0
1496.78 0
1497.42 0
1498.06 0
1498.7 0
1499.34 0
1499.98 0
1500.62 0
1501.26 0
1501.9 0
1502.54 0
1503.18 0
1503.82 0
1504.46 0
1505.1 0
1505.74 0
1506.38 0
1507.02 0
1507.66 0
1508.3 0
1508.94 0
1509.58 0
1510.22 0
1510.86 0
1511.5 0
1512.14 0
1512.78 0
1513.42 0
1514.06 0
1514.7 0
1515.34 0
1515.98 0
1516.62 0
1517.26 0
1517.9 0
1518.54 0
1519.18 0
1519.82 0
1520.46 0
1521.1 0
1521.74 0
1522.38 0
1523.02 0
1523.66 0
1524.3 0
1524.94 0
1525.58 0
1526.22 0
1526.86 0
1527.5 0
1528.14 0
1528.78 0
1529.42 0
1530.06 0
1530.7 0
1531.34 0
1531.98 0
1532.62 0
1533.26 0
1533.9 0
1534.54 0
1535.18 0
1535.82 0
1536.46 0
1537.1 0
1537.74 0
1538.38 0
1539.02 0
1539.66 0
1540.3 0
1540.94 0
1541.58 0
1542.22 0
1542.86 0
1543.5 0
1544.14 0
1544.78 0
1545.42 0
1546.06 0
1546.7 0
1547.34 0
1547.98 0
1548.62 0
1549.26 0
1549.9 0
1550.54 0
1551.18 0
1551.82 0
1552.46 0
1553.1 0
1553.74 0
1554.38 0
1555.02 0
1555.66 0
1556.3 0
1556.94 0
1557.58 0
1558.22 0
1558.86 0
1559.5 0
1560.14 0
1560.78 0
1561.42 0
1562.06 0
1562.7 0
1563.34 0
1563.98 0
1564.62 0
1565.26 0
1565.9 0
1566.54 0
1567.18 0
1567.82 0
1568.46 0
1569.1 0
1569.74 0
1570.38 0
1571.02 0
1571.66 0
1572.3 0
1572.94 0
1573.58 0
1574.22 0
1574.86 0
1575.5 0
1576.14 0
1576.78 0
1577.42 0
1578.06 0
1578.7 0
1579.34 0
1579.98 0
1580.62 0
1581.26 0
1581.9 0
1582.54 0
1583.18 0
1583.82 0
1584.46 0
1585.1 0
1585.74 0
1586.38 0
1587.02 0
1587.66 0
1588.3 0
1588.94 0
1589.58 0
1590.22 0
1590.86 0
1591.5 0
1592.14 0
1592.78 0
1593.42 0
1594.06 0
1594.7 0
1595.34 0
1595.98 0
1596.62 0
1597.26 0
1597.9 0
1598.54 0
1599.18 0
1599.82 0
1600.46 0
1601.1 0
1601.74 0
1602.38 0
1603.02 0
1603.66 0
1604.3 0
1604.94 0
1605.58 0
1606.22 0
1606.86 0
1607.5 0
1608.13 0
1608.77 0
1609.41 0
1610.05 0
1610.69 0
1611.33 0
1611.97 0
1612.61 0
1613.25 0
1613.89 0
1614.53 0
1615.17 0
1615.81 0
1616.45 0
1617.09 0
1617.73 0
1618.37 0
1619.01 0
1619.65 0
1620.29 0
1620.93 0
1621.57 0
1622.21 0
1622.85 0
1623.49 0
1624.13 0
1624.77 0
1625.41 0
1626.05 0
1626.69 0
1627.33 0
1627.97 0
1628.61 0
1629.25 0
1629.89 0
1630.53 0
1631.17 0
1631.81 0
1632.45 0
1633.09 0
1633.73 0
1634.37 0
1635.01 0
1635.65 0
1636.29 0
1636.93 0
1637.57 0
1638.21 0
1638.85 0
1639.49 0
1640.13 0
1640.77 0
1641.41 0
1642.05 0
1642.69 0
1643.33 0
1643.97 0
1644.61 0
1645.25 0
1645.89 0
1646.53 0
1647.17 0
1647.81 0
1648.45 0
1649.09 0
1649.73 0
1650.37 0
1651.01 0
1651.65 0
1652.29 0
1652.93 0
1653.57 0
1654.21 0
1654.85 0
1655.49 0
1656.13 0
1656.77 0
1657.41 0
1658.05 0
1658.69 0
1659.33 0
1659.97 0
1660.61 0
1661.25 0
1661.89 0
1662.53 0
1663.17 0
1663.81 0
1664.45 0
1665.09 0
1665.73 0
1666.37 0
1667.01 0
1667.65 0
1668.29 0
1668.93 0
1669.57 0
1670.21 0
1670.85 0
1671.49 0
1672.13 0
1672.77 0
1673.41 0
1674.05 0
1674.69 0
1675.33 0
1675.97 0
1676.61 0
1677.25 0
1677.89 0
1678.53 0
1679.17 0
1679.81 0
1680.45 0
1681.09 0
1681.73 0
1682.37 0
1683.01 0
1683.65 0
1684.29 0
1684.93 0
1685.57 0
1686.21 0
1686.85 0
1687.49 0
1688.13 0
1688.77 0
1689.41 0
1690.05 0
1690.69 0
1691.33 0
1691.97 0
1692.61 0
1693.25 0
1693.89 0
1694.53 0
1695.17 0
1695.81 0
1696.45 0
1697.09 0
1697.73 0
1698.37 0
1699.01 0
1699.65 0
1700.29 0
1700.93 0
1701.57 0
1702.21 0
1702.85 0
1703.49 0
1704.13 0
1704.77 0
1705.41 0
1706.05 0
1706.69 0
1707.33 0
1707.97 0
1708.61 0
1709.25 0
1709.89 0
1710.53 0
1711.17 0
1711.81 0
1712.45 0
1713.09 0
1713.73 0
1714.37 0
1715.01 0
1715.65 0
1716.29 0
1716.93 0
1717.57 0
1718.21 0
1718.85 0
1719.49 0
1720.13 0
1720.77 0
1721.41 0
1722.05 0
1722.69 0
1723.33 0
1723.97 0
1724.61 0
1725.25 0
1725.89 0
1726.53 0
1727.16 0
1727.8 0
1728.44 0
1729.08 0
1729.72 0
1730.36 0
1731 0
1731.64 0
1732.28 0
1732.92 0
1733.56 0
1734.2 0
1734.84 0
1735.48 0
1736.12 0
1736.76 0
1737.4 0
1738.04 0
1738.68 0
1739.32 0
1739.96 0
1740.6 0
1741.24 0
1741.88 0
1742.52 0
1743.16 0
1743.8 0
1744.44 0
1745.08 0
1745.72 0
1746.36 0
1747 0
1747.64 0
1748.28 0
1748.92 0
1749.56 0
1750.2 0
1750.84 0
1751.48 0
1752.12 0
1752.76 0
1753.4 0
1754.04 0
1754.68 0
1755.32 0
1755.96 0
1756.6 0
1757.24 0
1757.88 0
1758.52 0
1759.16 0
1759.8 0.231768
1760.44 0.245478
1761.08 0.306736
1761.72 0.511052
1762.36 1.01287
1763 1.89665
1763.64 2.94495
1764.28 3.61543
1764.92 3.46217
1765.56 2.59302
1766.2 1.55299
1766.84 0.797099
1767.48 0.415831
1768.12 0.276163
1768.76 0.238214
1769.4 0
1770.04 0
1770.68 0
1771.32 0
1771.96 0
1772.6 0
1773.24 0
1773.88 0
1774.52 0
1775.16 0
1775.8 0
1776.44 0
1777.08 0
1777.72 0
1778.36 0
1779 0
1779.64 0
1780.28 0
1780.92 0
1781.56 0
1782.2 0
1782.84 0
1783.48 0
1784.12 0
1784.76 0
1785.4 0
1786.04 0
1786.68 0
1787.32 0
1787.96 0
1788.6 0
1789.24 0
1789.88 0
1790.52 0
1791.16 0
1791.8 0
1792.44 0
1793.08 0
1793.72 0
1794.36 0
1795 0
1795.64 0
1796.28 0
1796.92 0
1797.56 0
1798.2 0
1798.84 0
1799.48 0
1800.12 0
1800.76 0
1801.4 0
1802.04 0
1802.68 0
1803.32 0
1803.96 0
1804.6 0
1805.24 0
1805.88 0
1806.52 0
1807.16 0
1807.8 0
1808.44 0
1809.08 0
1809.72 0
1810.36 0
1811 0
1811.64 0
1812.28 0
1812.92 0
1813.56 0
1814.2 0
1814.84 0
1815.48 0
1816.12 0
1816.76 0
1817.4 0
1818.04 0
1818.68 0
1819.32 0
1819.96 0
1820.6 0
1821.24 0
1821.88 0
1822.52 0
1823.16 0
1823.8 0
1824.44 0
1825.08 0
1825.72 0
1826.36 0
1827 0
1827.64 0
1828.28 0
1828.92 0
1829.56 0
1830.2 0
1830.84 0
1831.48 0
1832.12 0
1832.76 0
1833.4 0
1834.04 0
1834.68 0
1835.32 0
1835.96 0
1836.6 0
1837.24 0
1837.88 0
1838.52 0
1839.16 0
1839.8 0
1840.44 0
1841.08 0
1841.72 0
1842.36 0
1843 0
1843.64 0
1844.28 0
1844.92 0
1845.56 0
1846.19 0
1846.83 0
1847.47 0
1848.11 0
1848.75 0
1849.39 0
1850.03 0
1850.67 0
1851.31 0
1851.95 0
1852.59 0
1853.23 0
1853.87 0
1854.51 0
1855.15 0
1855.79 0
1856.43 0
1857.07 0
1857.71 0
1858.35 0
1858.99 0
1859.63 0
1860.27 0
1860.91 0
1861.55 0
1862.19 0
1862.83 0
1863.47 0
1864.11 0
1864.75 0
1865.39 0
1866.03 0
1866.67 0
1867.31 0
1867.95 0
1868.59 0
1869.23 0
1869.87 0
1870.51 0
1871.15 0
1871.79 0
1872.43 0
1873.07 0
1873.71 0
1874.35 0
1874.99 0
1875.63 0
1876.27 0
1876.91 0
1877.55 0
1878.19 0
1878.83 0
1879.47 0
1880.11 0
1880.75 0
1881.39 0
1882.03 0
1882.67 0
1883.31 0
1883.95 0
1884.59 0
1885.23 0
1885.87 0
1886.51 0
1887.15 0
1887.79 0
1888.43 0
1889.07 0
1889.71 0
1890.35 0
1890.99 0
1891.63 0
1892.27 0
1892.91 0
1893.55 0
1894.19 0
1894.83 0
1895.47 0
1896.11 0
1896.75 0
1897.39 0
1898.03 0
1898.67 0
1899.31 0
1899.95 0
1900.59 0
1901.23 0
1901.87 0
1902.51 0
1903.15 0
1903.79 0
1904.43 0
1905.07 0
1905.71 0
1906.35 0
1906.99 0
1907.63 0
1908.27 0
1908.91 0
1909.55 0
1910.19 0
1910.83 0
1911.47 0
1912.11 0
1912.75 0
1913.39 0
1914.03 0
1914.67 0
1915.31 0
1915.95 0
1916.59 0
1917.23 0
1917.87 0
1918.51 0
1919.15 0
1919.79 0
1920.43 0
1921.07 0
1921.71 0
1922.35 0
1922.99 0
1923.63 0
1924.27 0
1924.91 0
1925.55 0
1926.19 0
1926.83 0
1927.47 0
1928.11 0
1928.75 0
1929.39 0
1930.03 0
1930.67 0
1931.31 0
1931.95 0
1932.59 0
1933.23 0
1933.87 0
1934.51 0
1935.15 0
1935.79 0
1936.43 0
1937.07 0
1937.71 0
1938.35 0
1938.99 0
1939.63 0
1940.27 0
1940.91 0
1941.55 0
1942.19 0
1942.83 0
1943.47 0
1944.11 0
1944.75 0
1945.39 0
1946.03 0
1946.67 0
1947.31 0
1947.95 0
1948.59 0
1949.23 0
1949.87 0
1950.51 0
1951.15 0
1951.79 0
1952.43 0
1953.07 0
1953.71 0
1954.35 0
1954.99 0
1955.63 0
1956.27 0
1956.91 0
1957.55 0
1958.19 0
1958.83 0
1959.47 0
1960.11 0
1960.75 0
1961.39 0
1962.03 0
1962.67 0
1963.31 0
1963.95 0
1964.59 0
1965.22 0
1965.86 0
1966.5 0
1967.14 0
1967.78 0
1968.42 0
1969.06 0
1969.7 0
1970.34 0
1970.98 0
1971.62 0
1972.26 0
1972.9 0
1973.54 0
1974.18 0
1974.82 0
1975.46 0
1976.1 0
1976.74 0
1977.38 0
1978.02 0
1978.66 0
1979.3 0
1979.94 0
1980.58 0
1981.22 0
1981.86 0
1982.5 0
1983.14 0
1983.78 0
1984.42 0
1985.06 0
1985.7 0
1986.34 0
1986.98 0
1987.62 0
1988.26 0
1988.9 0
1989.54 0
1990.18 0
1990.82 0
1991.46 0
1992.1 0
1992.74 0
1993.38 0
1994.02 0
1994.66 0
1995.3 0
1995.94 0
1996.58 0
1997.22 0
1997.86 0
1998.5 0
1999.14 0
1999.78 0
2000.42 0
2001.06 0
2001.7 0
2002.34 0
2002.98 0
2003.62 0
2004.26 0
2004.9 0
2005.54 0
2006.18 0
2006.82 0
2007.46 0
2008.1 0
2008.74 0
2009.38 0
2010.02 0
2010.66 0
2011.3 0
2011.94 0
2012.58 0
2013.22 0
2013.86 0
2014.5 0
2015.14 0
2015.78 0
2016.42 0
2017.06 0
2017.7 0
2018.34 0
2018.98 0
2019.62 0
2020.26 0
2020.9 0
2021.54 0
2022.18 0
2022.82 0
2023.46 0
2024.1 0
2024.74 0
2025.38 0
2026.02 0
2026.66 0
2027.3 0
2027.94 0
2028.58 0
2029.22 0
2029.86 0
2030.5 0
2031.14 0
2031.78 0
2032.42 0
2033.06 0
2033.7 0
2034.34 0
2034.98 0
2035.62 0
2036.26 0
2036.9 0
2037.54 0
2038.18 0
2038.82 0
2039.46 0
2040.1 0
2040.74 0
2041.38 0
2042.02 0
2042.66 0
2043.3 0
2043.94 0
2044.58 0
2045.22 0
2045.86 0
2046.5 0
2047.14 0
2047.78 0
2048.42 0
2049.06 0
2049.7 0
2050.34 0
2050.98 0
2051.62 0
2052.26 0
2052.9 0
2053.54 0
2054.18 0
2054.82 0
2055.46 0
2056.1 0
2056.74 0
2057.38 0
2058.02 0
2058.66 0
2059.3 0
2059.94 0
2060.58 0
2061.22 0
2061.86 0
2062.5 0
2063.14 0
2063.78 0
2064.42 0
2065.06 0
2065.7 0
2066.34 0
2066.98 0
2067.62 0
2068.26 0
2068.9 0
2069.54 0
2070.18 0
2070.82 0
2071.46 0
2072.1 0
2072.74 0
2073.38 0
2074.02 0
2074.66 0
2075.3 0
2075.94 0
2076.58 0
2077.22 0
2077.86 0
2078.5 0
2079.14 0
2079.78 0
2080.42 0
2081.06 0
2081.7 0
2082.34 0
2082.98 0
2083.62 0
2084.25 0
2084.89 0
2085.53 0
2086.17 0
2086.81 0
2087.45 0
2088.09 0
2088.73 0
2089.37 0
2090.01 0
2090.65 0
2091.29 0
2091.93 0
2092.57 0
2093.21 0
2093.85 0
2094.49 0
2095.13 0
2095.77 0
2096.41 0
2097.05 0
2097.69 0
2098.33 0
2098.97 0
2099.61 0
2100.25 0
2100.89 0
2101.53 0
2102.17 0
2102.81 0
2103.45 0
2104.09 0
2104.73 0
2105.37 0
2106.01 0
2106.65 0
2107.29 0
2107.93 0
2108.57 0
2109.21 0
2109.85 0
2110.49 0
2111.13 0
2111.77 0
2112.41 0
2113.05 0
2113.69 0
2114.33 0
2114.97 0
2115.61 0
2116.25 0
2116.89 0
2117.53 0
2118.17 0
2118.81 0
2119.45 0
2120.09 0
2120.73 0
2121.37 0
2122.01 0
2122.65 0
2123.29 0
2123.93 0
2124.57 0
2125.21 0
2125.85 0
2126.49 0
2127.13 0
2127.77 0
2128.41 0
2129.05 0
2129.69 0
2130.33 0
2130.97 0
2131.61 0
2132.25 0
2132.89 0
2133.53 0
2134.17 0
2134.81 0
2135.45 0
2136.09 0
2136.73 0
2137.37 0
2138.01 0
2138.65 0
2139.29 0
2139.93 0
2140.57 0
2141.21 0
2141.85 0
2142.49 0
2143.13 0
2143.77 0
2144.41 0
2145.05 0
2145.69 0
2146.33 0
2146.97 0
2147.61 0
2148.25 0
2148.89 0
2149.53 0
2150.17 0
2150.81 0
2151.45 0
2152.09 0
2152.73 0
2153.37 0
2154.01 0
2154.65 0
2155.29 0
2155.93 0
2156.57 0
2157.21 0
2157.85 0
2158.49 0
2159.13 0
2159.77 0
2160.41 0
2161.05 0
2161.69 0
2162.33 0
2162.97 0
2163.61 0
2164.25 0
2164.89 0
2165.53 0
2166.17 0
2166.81 0
2167.45 0
2168.09 0
2168.73 0
2169.37 0
2170.01 0
2170.65 0
2171.29 0
2171.93 0
2172.57 0
2173.21 0
2173.85 0
2174.49 0
2175.13 0
2175.77 0
2176.41 0
2177.05 0
2177.69 0
2178.33 0
2178.97 0
2179.61 0
2180.25 0
2180.89 0
2181.53 0
2182.17 0
2182.81 0
2183.45 0
2184.09 0
2184.73 0
2185.37 0
2186.01 0
2186.65 0
2187.29 0
2187.93 0
2188.57 0
2189.21 0
2189.85 0
2190.49 0
2191.13 0
2191.77 0
2192.41 0
2193.05 0
2193.69 0
2194.33 0
2194.97 0
2195.61 0
2196.25 0
2196.89 0
2197.53 0
2198.17 0
2198.81 0
2199.45 0
2200.09 0
2200.73 0
2201.37 0
2202.01 0
2202.64 0
2203.28 0
2203.92 0
2204.56 0
2205.2 0
2205.84 0
2206.48 0
2207.12 0
2207.76 0
2208.4 0
2209.04 0
2209.68 0
2210.32 0
2210.96 0
2211.6 0
2212.24 0
2212.88 0
2213.52 0
2214.16 0
2214.8 0
2215.44 0
2216.08 0
2216.72 0
2217.36 0
2218 0
2218.64 0
2219.28 0
2219.92 0
2220.56 0
2221.2 0
2221.84 0
2222.48 0
2223.12 0
2223.76 0
2224.4 0
2225.04 0
2225.68 0
2226.32 0
2226.96 0
2227.6 0
2228.24 0
2228.88 0
2229.52 0
2230.16 0
2230.8 0
2231.44 0
2232.08 0
2232.72 0
2233.36 0
2234 0
2234.64 0
2235.28 0
2235.92 0
2236.56 0
2237.2 0
2237.84 0
2238.48 0
2239.12 0
2239.76 0
2240.4 0
2241.04 0
2241.68 0
2242.32 0
2242.96 0
2243.6 0
2244.24 0
2244.88 0
2245.52 0
2246.16 0
2246.8 0
2247.44 0
2248.08 0
2248.72 0
2249.36 0
2250 0
2250.64 0
2251.28 0
2251.92 0
2252.56 0
2253.2 0
2253.84 0
2254.48 0
2255.12 0
2255.76 0
2256.4 0
2257.04 0
2257.68 0
2258.32 0
2258.96 0
2259.6 0
2260.24 0
2260.88 0
2261.52 0
2262.16 0
2262.8 0
2263.44 0
2264.08 0
2264.72 0
2265.36 0
2266 0
2266.64 0
2267.28 0
2267.92 0
2268.56 0
2269.2 0
2269.84 0
2270.48 0
2271.12 0
2271.76 0
2272.4 0
2273.04 0
2273.68 0
2274.32 0
2274.96 0
2275.6 0
2276.24 0
2276.88 0
2277.52 0
2278.16 0
2278.8 0
2279.44 0
2280.08 0
2280.72 0
2281.36 0
2282 0
2282.64 0
2283.28 0
2283.92 0
2284.56 0
2285.2 0
2285.84 0
2286.48 0
2287.12 0
2287.76 0
2288.4 0
2289.04 0
2289.68 0
2290.32 0
2290.96 0
2291.6 0
2292.24 0
2292.88 0
2293.52 0
2294.16 0
2294.8 0
2295.44 0
2296.08 0
2296.72 0
2297.36 0
2298 0
2298.64 0
2299.28 0
2299.92 0
2300.56 0
2301.2 0
2301.84 0
2302.48 0
2303.12 0
2303.76 0
2304.4 0
2305.04 0
2305.68 0
2306.32 0
2306.96 0
2307.6 0
2308.24 0
2308.88 0
2309.52 0
2310.16 0
2310.8 0
2311.44 0
2312.08 0
2312.72 0
2313.36 0
2314 0
2314.64 0
2315.28 0
2315.92 0
2316.56 0
2317.2 0
2317.84 0
2318.48 0
2319.12 0
2319.76 0
2320.4 0
2321.04 0
2321.67 0
2322.31 0
2322.95 0
2323.59 0
2324.23 0
2324.87 0
2325.51 0
2326.15 0
2326.79 0
2327.43 0
2328.07 0
2328.71 0
2329.35 0
2329.99 0
2330.63 0
2331.27 0
2331.91 0
2332.55 0
2333.19 0
2333.83 0
2334.47 0
2335.11 0
2335.75 0
2336.39 0
2337.03 0
2337.67 0
2338.31 0
2338.95 0
2339.59 0
2340.23 0
2340.87 0
2341.51 0
2342.15 0
2342.79 0
2343.43 0
2344.07 0
2344.71 0
2345.35 0
2345.99 0
2346.63 0
2347.27 0
2347.91 0
2348.55 0
2349.19 0
2349.83 0
2350.47 0
2351.11 0
2351.75 0
2352.39 0
2353.03 0
2353.67 0
2354.31 0
2354.95 0
2355.59 0
2356.23 0
2356.87 0
2357.51 0
2358.15 0
2358.79 0
2359.43 0
2360.07 0
2360.71 0
2361.35 0
2361.99 0
2362.63 0
2363.27 0
2363.91 0
2364.55 0
2365.19 0
2365.83 0
2366.47 0
2367.11 0
2367.75 0
2368.39 0
2369.03 0
2369.67 0
2370.31 0
2370.95 0
2371.59 0
2372.23 0
2372.87 0
2373.51 0
2374.15 0
2374.79 0
2375.43 0
2376.07 0
2376.71 0
2377.35 0
2377.99 0
2378.63 0
2379.27 0
2379.91 0
2380.55 0
2381.19 0
2381.83 0
2382.47 0
2383.11 0
2383.75 0
2384.39 0
2385.03 0
2385.67 0
2386.31 0
2386.95 0
2387.59 0
2388.23 0
2388.87 0
2389.51 0
2390.15 0
2390.79 0
2391.43 0
2392.07 0
2392.71 0
2393.35 0
2393.99 0
2394.63 0
2395.27 0
2395.91 0
2396.55 0
2397.19 0
2397.83 0
2398.47 0
2399.11 0
2399.75 0
2400.39 0
2401.03 0
2401.67 0
2402.31 0
2402.95 0
2403.59 0
2404.23 0
2404.87 0
2405.51 0
2406.15 0
2406.79 0
2407.43 0
2408.07 0
2408.71 0
2409.35 0
2409.99 0
2410.63 0
2411.27 0
2411.91 0
2412.55 0
2413.19 0
2413.83 0
2414.47 0
2415.11 0
2415.75 0
2416.39 0
2417.03 0
2417.67 0
2418.31 0
2418.95 0
2419.59 0
2420.23 0
2420.87 0
2421.51 0
2422.15 0
2422.79 0
2423.43 0
2424.07 0
2424.71 0
2425.35 0
2425.99 0
2426.63 0
2427.27 0
2427.91 0
2428.55 0
2429.19 0
2429.83 0
2430.47 0
2431.11 0
2431.75 0
2432.39 0
2433.03 0
2433.67 0
2434.31 0
2434.95 0
2435.59 0
2436.23 0
2436.87 0
2437.51 0
2438.15 0
2438.79 0
2439.43 0
2440.07 0
2440.7 0
2441.34 0
2441.98 0
2442.62 0
2443.26 0
2443.9 0
2444.54 0
2445.18 0
2445.82 0
2446.46 0
2447.1 0
2447.74 0
2448.38 0
2449.02 0
2449.66 0
2450.3 0
2450.94 0
2451.58 0
2452.22 0
2452.86 0
2453.5 0
2454.14 0
2454.78 0
2455.42 0
2456.06 0
2456.7 0
2457.34 0
2457.98 0
2458.62 0
2459.26 0
2459.9 0
2460.54 0
2461.18 0
2461.82 0
2462.46 0
2463.1 0
2463.74 0
2464.38 0
2465.02 0
2465.66 0
2466.3 0
2466.94 0
2467.58 0
2468.22 0
2468.86 0
2469.5 0
2470.14 0
2470.78 0
2471.42 0
2472.06 0
2472.7 0
2473.34 0
2473.98 0
2474.62 0
2475.26 0
2475.9 0
2476.54 0
2477.18 0
2477.82 0
2478.46 0
2479.1 0
2479.74 0
2480.38 0
2481.02 0
2481.66 0
2482.3 0
2482.94 0
2483.58 0
2484.22 0
2484.86 0
2485.5 0
2486.14 0
2486.78 0
2487.42 0
2488.06 0
2488.7 0
2489.34 0
2489.98 0
2490.62 0
2491.26 0
2491.9 0
2492.54 0
2493.18 0
2493.82 0
2494.46 0
2495.1 0
2495.74 0
2496.38 0
2497.02 0
2497.66 0
2498.3 0
2498.94 0
2499.58 0
2500.22 0
2500.86 0
2501.5 0
2502.14 0
2502.78 0
2503.42 0
2504.06 0
2504.7 0
2505.34 0
2505.98 0
2506.62 0
2507.26 0
2507.9 0
2508.54 0
2509.18 0
2509.82 0
2510.46 0
2511.1 0
2511.74 0
2512.38 0
2513.02 0
2513.66 0
2514.3 0
2514.94 0
2515.58 0
2516.22 0
2516.86 0
2517.5 0
2518.14 0
2518.78 0
2519.42 0
2520.06 0
2520.7 0
2521.34 0
2521.98 0
2522.62 0
2523.26 0
2523.9 0
2524.54 0
2525.18 0
2525.82 0
2526.46 0
2527.1 0
2527.74 0
2528.38 0
2529.02 0
2529.66 0
2530.3 0
2530.94 0
2531.58 0
2532.22 0
2532.86 0
2533.5 0
2534.14 0
2534.78 0
2535.42 0
2536.06 0
2536.7 0
2537.34 0
2537.98 0
2538.62 0
2539.26 0
2539.9 0
2540.54 0
2541.18 0
2541.82 0
2542.46 0
2543.1 0
2543.74 0
2544.38 0
2545.02 0
2545.66 0
2546.3 0
2546.94 0
2547.58 0
2548.22 0
2548.86 0
2549.5 0
2550.14 0
2550.78 0
2551.42 0
2552.06 0
2552.7 0
2553.34 0
2553.98 0
2554.62 0
2555.26 0
2555.9 0
2556.54 0
2557.18 0
2557.82 0
2558.46 0
2559.1 0
2559.73 0
2560.37 0
2561.01 0
2561.65 0
2562.29 0
2562.93 0
2563.57 0
2564.21 0
2564.85 0
2565.49 0
2566.13 0
2566.77 0
2567.41 0
2568.05 0
2568.69 0
2569.33 0
2569.97 0
2570.61 0
2571.25 0
2571.89 0
2572.53 0
2573.17 0
2573.81 0
2574.45 0
2575.09 0
2575.73 0
2576.37 0
2577.01 0
2577.65 0
2578.29 0
2578.93 0
2579.57 0
2580.21 0
2580.85 0
2581.49 0
2582.13 0
2582.77 0
2583.41 0
2584.05 0
2584.69 0
2585.33 0
2585.97 0
2586.61 0
2587.25 0
2587.89 0
2588.53 0
2589.17 0
2589.81 0
2590.45 0
2591.09 0
2591.73 0
2592.37 0
2593.01 0
2593.65 0
2594.29 0
2594.93 0
2595.57 0
2596.21 0
2596.85 0
2597.49 0
2598.13 0
2598.77 0
2599.41 0
2600.05 0
2600.69 0
2601.33 0
2601.97 0
2602.61 0
2603.25 0
2603.89 0
2604.53 0
2605.17 0
2605.81 0
2606.45 0
2607.09 0
2607.73 0
2608.37 0
2609.01 0
2609.65 0.0813702
2610.29 0.0996015
2610.93 0.161553
2611.57 0.327764
2612.21 0.675711
2612.85 1.23166
2613.49 1.87745
2614.13 2.34767
2614.77 2.39356
2615.41 1.98903
2616.05 1.35382
2616.69 0.766763
2617.33 0.378277
2617.97 0.183143
2618.61 0.106833
2619.25 0.0832866
2619.89 0
2620.53 0
2621.17 0
2621.81 0
2622.45 0
2623.09 0
2623.73 0
2624.37 0
2625.01 0
2625.65 0
2626.29 0
2626.93 0
2627.57 0
2628.21 0
2628.85 0
2629.49 0
2630.13 0
2630.77 0
2631.41 0
2632.05 0
2632.69 0
2633.33 0
2633.97 0
2634.61 0
2635.25 0
2635.89 0
2636.53 0
2637.17 0
2637.81 0
2638.45 0
2639.09 0
2639.73 0
2640.37 0
2641.01 0
2641.65 0
2642.29 0
2642.93 0
2643.57 0
2644.21 0
2644.85 0
2645.49 0
2646.13 0
2646.77 0
2647.41 0
2648.05 0
2648.69 0
2649.33 0
2649.97 0
2650.61 0
2651.25 0
2651.89 0
2652.53 0
2653.17 0
2653.81 0
2654.45 0
2655.09 0
2655.73 0
2656.37 0
2657.01 0
2657.65 0
2658.29 0
2658.93 0
2659.57 0
2660.21 0
2660.85 0
2661.49 0
2662.13 0
2662.77 0
2663.41 0
2664.05 0
2664.69 0
2665.33 0
2665.97 0
2666.61 0
2667.25 0
2667.89 0
2668.53 0
2669.17 0
2669.81 0
2670.45 0
2671.09 0
2671.73 0
2672.37 0
2673.01 0
2673.65 0
2674.29 0
2674.93 0
2675.57 0
2676.21 0
2676.85 0
2677.49 0
2678.13 0
2678.76 0
2679.4 0
2680.04 0
2680.68 0
2681.32 0
2681.96 0
2682.6 0
2683.24 0
2683.88 0
2684.52 0
2685.16 0
2685.8 0
2686.44 0
2687.08 0
2687.72 0
2688.36 0
2689 0
2689.64 0
2690.28 0
2690.92 0
2691.56 0
2692.2 0
2692.84 0
2693.48 0
2694.12 0
2694.76 0
2695.4 0
2696.04 0
2696.68 0
2697.32 0
2697.96 0
2698.6 0
2699.24 0
2699.88 0
2700.52 0
2701.16 0
2701.8 0
2702.44 0
2703.08 0
2703.72 0
2704.36 0
2705 0
2705.64 0
2706.28 0
2706.92 0
2707.56 0
2708.2 0
2708.84 0
2709.48 0
2710.12 0
2710.76 0
2711.4 0
2712.04 0
2712.68 0
2713.32 0
2713.96 0
2714.6 0
2715.24 0
2715.88 0
2716.52 0
2717.16 0
2717.8 0
2718.44 0
2719.08 0
2719.72 0
2720.36 0
2721 0
2721.64 0
2722.28 0
2722.92 0
2723.56 0
2724.2 0
2724.84 0
2725.48 0
2726.12 0
2726.76 0
2727.4 0
2728.04 0
2728.68 0
2729.32 0
2729.96 0
2730.6 0
2731.24 0
2731.88 0
2732.52 0
2733.16 0
2733.8 0
2734.44 0
2735.08 0
2735.72 0
2736.36 0
2737 0
2737.64 0
2738.28 0
2738.92 0
2739.56 0
2740.2 0
2740.84 0
2741.48 0
2742.12 0
2742.76 0
2743.4 0
2744.04 0
2744.68 0
2745.32 0
2745.96 0
2746.6 0
2747.24 0
2747.88 0
2748.52 0
2749.16 0
2749.8 0
2750.44 0
2751.08 0
2751.72 0
2752.36 0
2753 0
2753.64 0
2754.28 0
2754.92 0
2755.56 0
2756.2 0
2756.84 0
2757.48 0
2758.12 0
2758.76 0
2759.4 0
2760.04 0
2760.68 0
2761.32 0
2761.96 0
2762.6 0
2763.24 0
2763.88 0
2764.52 0
2765.16 0
2765.8 0
2766.44 0
2767.08 0
2767.72 0
2768.36 0
2769 0
2769.64 0
2770.28 0
2770.92 0
2771.56 0
2772.2 0
2772.84 0
2773.48 0
2774.12 0
2774.76 0
2775.4 0
2776.04 0
2776.68 0
2777.32 0
2777.96 0
2778.6 0
2779.24 0
2779.88 0
2780.52 0
2781.16 0
2781.8 0
2782.44 0
2783.08 0
2783.72 0
2784.36 0
2785 0
2785.64 0
2786.28 0
2786.92 0
2787.56 0
2788.2 0
2788.84 0
2789.48 0
2790.12 0
2790.76 0
2791.4 0
2792.04 0
2792.68 0
2793.32 0
2793.96 0
2794.6 0
2795.24 0
2795.88 0
2796.52 0
2797.16 0
2797.79 0
2798.43 0
2799.07 0
2799.71 0
2800.35 0
2800.99 0
2801.63 0
2802.27 0
2802.91 0
2803.55 0
2804.19 0
2804.83 0
2805.47 0
2806.11 0
2806.75 0
2807.39 0
2808.03 0
2808.67 0
2809.31 0
2809.95 0
2810.59 0
2811.23 0
2811.87 0
2812.51 0
2813.15 0
2813.79 0
2814.43 0
2815.07 0
2815.71 0
2816.35 0
2816.99 0
2817.63 0
2818.27 0
2818.91 0
2819.55 0
2820.19 0
2820.83 0
2821.47 0
2822.11 0
2822.75 0
2823.39 0
2824.03 0
2824.67 0
2825.31 0
2825.95 0
2826.59 0
2827.23 0
2827.87 0
2828.51 0
2829.15 0
2829.79 0
2830.43 0
2831.07 0
2831.71 0
2832.35 0
2832.99 0
2833.63 0
2834.27 0
2834.91 0
2835.55 0
2836.19 0
2836.83 0
2837.47 0
2838.11 0
2838.75 0
2839.39 0
2840.03 0
2840.67 0
2841.31 0
2841.95 0
2842.59 0
2843.23 0
2843.87 0
2844.51 0
2845.15 0
2845.79 0
2846.43 0
2847.07 0
2847.71 0
2848.35 0
2848.99 0
2849.63 0
2850.27 0
2850.91 0
2851.55 0
2852.19 0
2852.83 0
2853.47 0
2854.11 0
2854.75 0
2855.39 0
2856.03 0
2856.67 0
2857.31 0
2857.95 0
2858.59 0
2859.23 0
2859.87 0
2860.51 0
2861.15 0
2861.79 0
2862.43 0
2863.07 0
2863.71 0
2864.35 0
2864.99 0
2865.63 0
2866.27 0
2866.91 0
2867.55 0
2868.19 0
2868.83 0
2869.47 0
2870.11 0
2870.75 0
2871.39 0
2872.03 0
2872.67 0
2873.31 0
2873.95 0
2874.59 0
2875.23 0
2875.87 0
2876.51 0
2877.15 0
2877.79 0
2878.43 0
2879.07 0
2879.71 0
2880.35 0
2880.99 0
2881.63 0
2882.27 0
2882.91 0
2883.55 0
2884.19 0
2884.83 0
2885.47 0
2886.11 0
2886.75 0
2887.39 0
2888.03 0
2888.67 0
2889.31 0
2889.95 0
2890.59 0
2891.23 0
2891.87 0
2892.51 0
2893.15 0
2893.79 0
2894.43 0
2895.07 0
2895.71 0
2896.35 0
2896.99 0
2897.63 0
2898.27 0
2898.91 0
2899.55 0
2900.19 0
2900.83 0
2901.47 0
2902.11 0
2902.75 0
2903.39 0
2904.03 0
2904.67 0
2905.31 0
2905.95 0
2906.59 0
2907.23 0
2907.87 0
2908.51 0
2909.15 0
2909.79 0
2910.43 0
2911.07 0
2911.71 0
2912.35 0
2912.99 0
2913.63 0
2914.27 0
2914.91 0
2915.55 0
2916.18 0
2916.82 0
2917.46 0
2918.1 0
2918.74 0
2919.38 0
2920.02 0
2920.66 0
2921.3 0
2921.94 0
2922.58 0
2923.22 0
2923.86 0
2924.5 0
2925.14 0
2925.78 0
2926.42 0
2927.06 0
2927.7 0
2928.34 0
2928.98 0
2929.62 0
2930.26 0
2930.9 0
2931.54 0
2932.18 0
2932.82 0
2933.46 0
2934.1 0
2934.74 0
2935.38 0
2936.02 0
2936.66 0
2937.3 0
2937.94 0
2938.58 0
2939.22 0
2939.86 0
2940.5 0
2941.14 0
2941.78 0
2942.42 0
2943.06 0
2943.7 0
2944.34 0
2944.98 0
2945.62 0
2946.26 0
2946.9 0
2947.54 0
2948.18 0
2948.82 0
2949.46 0
2950.1 0
2950.74 0
2951.38 0
2952.02 0
2952.66 0
2953.3 0
2953.94 0
2954.58 0
2955.22 0
2955.86 0
2956.5 0
2957.14 0
2957.78 0
2958.42 0
2959.06 0
2959.7 0
2960.34 0
2960.98 0
2961.62 0
2962.26 0
2962.9 0
2963.54 0
2964.18 0
2964.82 0
2965.46 0
2966.1 0
2966.74 0
2967.38 0
2968.02 0
2968.66 0
2969.3 0
2969.94 0
2970.58 0
2971.22 0
2971.86 0
2972.5 0
2973.14 0
2973.78 0
2974.42 0
2975.06 0
2975.7 0
2976.34 0
2976.98 0
2977.62 0
2978.26 0
2978.9 0
2979.54 0
2980.18 0
2980.82 0
2981.46 0
2982.1 0
2982.74 0
2983.38 0
2984.02 0
2984.66 0
2985.3 0
2985.94 0
2986.58 0
2987.22 0
2987.86 0
2988.5 0
2989.14 0
2989.78 0
2990.42 0
2991.06 0
2991.7 0
2992.34 0
2992.98 0
2993.62 0
2994.26 0
2994.9 0
2995.54 0
2996.18 0
2996.82 0
2997.46 0
2998.1 0
2998.74 0
2999.38 0
3000.02 0
3000.66 0
3001.3 0
3001.94 0
3002.58 0
3003.22 0
3003.86 0
3004.5 0
3005.14 0
3005.78 0
3006.42 0
3007.06 0
3007.7 0
3008.34 0
3008.98 0
3009.62 0
3010.26 0
3010.9 0
3011.54 0
3012.18 0
3012.82 0
3013.46 0
3014.1 0
3014.74 0
3015.38 0
3016.02 0
3016.66 0
3017.3 0
3017.94 0
3018.58 0
3019.22 0
3019.86 0
3020.5 0
3021.14 0
3021.78 0
3022.42 0
3023.06 0
3023.7 0
3024.34 0
3024.98 0
3025.62 0
3026.26 0
3026.9 0
3027.54 0
3028.18 0
3028.82 0
3029.46 0
3030.1 0
3030.74 0
3031.38 0
3032.02 0
3032.66 0
3033.3 0
3033.94 0
3034.58 0
3035.21 0
3035.85 0
3036.49 0
3037.13 0
3037.77 0
3038.41 0
3039.05 0
3039.69 0
3040.33 0
3040.97 0
3041.61 0
3042.25 0
3042.89 0
3043.53 0
3044.17 0
3044.81 0
3045.45 0
3046.09 0
3046.73 0
3047.37 0
3048.01 0
3048.65 0
3049.29 0
3049.93 0
3050.57 0
3051.21 0
3051.85 0
3052.49 0
3053.13 0
3053.77 0
3054.41 0
3055.05 0
3055.69 0
3056.33 0
3056.97 0
3057.61 0
3058.25 0
3058.89 0
3059.53 0
3060.17 0
3060.81 0
3061.45 0
3062.09 0
3062.73 0
3063.37 0
3064.01 0
3064.65 0
3065.29 0
3065.93 0
3066.57 0
3067.21 0
3067.85 0
3068.49 0
3069.13 0
3069.77 0
3070.41 0
3071.05 0
3071.69 0
3072.33 0
3072.97 0
3073.61 0
3074.25 0
3074.89 0
3075.53 0
3076.17 0
3076.81 0
3077.45 0
3078.09 0
3078.73 0
3079.37 0
3080.01 0
3080.65 0
3081.29 0
3081.93 0
3082.57 0
3083.21 0
3083.85 0
3084.49 0
3085.13 0
3085.77 0
3086.41 0
3087.05 0
3087.69 0
3088.33 0
3088.97 0
3089.61 0
3090.25 0
3090.89 0
3091.53 0
3092.17 0
3092.81 0
3093.45 0
3094.09 0
3094.73 0
3095.37 0
3096.01 0
3096.65 0
3097.29 0
3097.93 0
3098.57 0
3099.21 0
3099.85 0
3100.49 0
3101.13 0
3101.77 0
3102.41 0
3103.05 0
3103.69 0
3104.33 0
3104.97 0
3105.61 0
3106.25 0
3106.89 0
3107.53 0
3108.17 0
3108.81 0
3109.45 0
3110.09 0
3110.73 0
3111.37 0
3112.01 0
3112.65 0
3113.29 0
3113.93 0
3114.57 0
3115.21 0
3115.85 0
3116.49 0
3117.13 0
3117.77 0
3118.41 0
3119.05 0
3119.69 0
3120.33 0
3120.97 0
3121.61 0
3122.25 0
3122.89 0
3123.53 0
3124.17 0
3124.81 0
3125.45 0
3126.09 0
3126.73 0
3127.37 0
3128.01 0
3128.65 0
3129.29 0
3129.93 0
3130.57 0
3131.21 0
3131.85 0
3132.49 0
3133.13 0
3133.77 0
3134.41 0
3135.05 0
3135.69 0
3136.33 0
3136.97 0
3137.61 0
3138.25 0
3138.89 0
3139.53 0
3140.17 0
3140.81 0
3141.45 0
3142.09 0
3142.73 0
3143.37 0
3144.01 0
3144.65 0
3145.29 0
3145.93 0
3146.57 0
3147.21 0
3147.85 0
3148.49 0
3149.13 0
3149.77 0
3150.41 0
3151.05 0
3151.69 0
3152.33 0
3152.97 0
3153.61 0
3154.24 0
3154.88 0
3155.52 0
3156.16 0
3156.8 0
3157.44 0
3158.08 0
3158.72 0
3159.36 0
3160 0
3160.64 0
3161.28 0
3161.92 0
3162.56 0
3163.2 0
3163.84 0
3164.48 0
3165.12 0
3165.76 0
3166.4 0
3167.04 0
3167.68 0
3168.32 0
3168.96 0
3169.6 0
3170.24 0
3170.88 0
3171.52 0
3172.16 0
3172.8 0
3173.44 0
3174.08 0
3174.72 0
3175.36 0
3176 0
3176.64 0
3177.28 0
3177.92 0
3178.56 0
3179.2 0
3179.84 0
3180.48 0
3181.12 0
3181.76 0
3182.4 0
3183.04 0
3183.68 0
3184.32 0
3184.96 0
3185.6 0
3186.24 0
3186.88 0
3187.52 0
3188.16 0
3188.8 0
3189.44 0
3190.08 0
3190.72 0
3191.36 0
3192 0
3192.64 0
3193.28 0
3193.92 0
3194.56 0
3195.2 0
3195.84 0
3196.48 0
3197.12 0
3197.76 0
3198.4 0
3199.04 0
3199.68 0
