0.166109 0
0.806286 0
1.44646 0
2.08664 0
2.72682 0
3.367 0
4.00718 0
4.64735 0
5.28753 0
5.92771 0
6.56789 0
7.20807 0
7.84824 0
8.48842 0
9.1286 0
9.76878 0
10.409 0
11.0491 0
11.6893 0
12.3295 0
12.9697 0
13.6098 0
14.25 0
14.8902 0
15.5304 0
16.1706 0
16.8107 0
17.4509 0
18.0911 0
18.7313 0
19.3714 0
20.0116 0
20.6518 0
21.292 0
21.9322 0
22.5723 0
23.2125 0
23.8527 0
24.4929 0
25.133 0
25.7732 0
26.4134 0
27.0536 0
27.6938 0
28.3339 0
28.9741 0
29.6143 0
30.2545 0
30.8946 0
31.5348 0
32.175 0
32.8152 0
33.4554 0
34.0955 0
34.7357 0
35.3759 0
36.0161 0
36.6562 0
37.2964 0
37.9366 0
38.5768 0
39.217 0
39.8571 0
40.4973 0
41.1375 0
41.7777 0
42.4178 0
43.058 0
43.6982 0
44.3384 0
44.9786 0
45.6187 0
46.2589 446.368
46.8991 421.657
47.5393 225.164
48.1794 78.6125
48.8196 28.2279
49.4598 13.3796
50.1 0
50.7402 0
51.3803 0
52.0205 0
52.6607 0
53.3009 0
53.941 0
54.5812 0
55.2214 0
55.8616 0
56.5018 0
57.1419 0
57.7821 0
58.4223 0
59.0625 0
59.7026 0
60.3428 0
60.983 0
61.6232 0
62.2634 0
62.9035 0
63.5437 0
64.1839 0
64.8241 0
65.4643 0
66.1044 0
66.7446 0
67.3848 0
68.025 0
68.6651 0
69.3053 0
69.9455 18.513
70.5857 18.7254
71.2259 18.9379
71.866 19.1556
72.5062 19.4368
73.1464 20.109
73.7866 21.8203
74.4267 24.1195
75.0669 24.8518
75.7071 24.344
76.3473 25.5453
76.9875 27.3794
77.6276 26.3303
78.2678 23.5735
78.908 22.023
79.5482 21.7657
80.1883 21.9157
80.8285 22.1237
81.4687 22.336
82.1089 22.5483
82.7491 22.7607
83.3892 22.9727
84.0294 23.1776
84.6696 23.3139
85.3098 23.1616
85.9499 22.6825
86.5901 22.9399
87.2303 24.5668
87.8705 25.7119
88.5107 25.4893
89.1508 25.1169
89.791 25.1297
90.4312 25.3118
91.0714 25.5219
91.7115 25.7342
92.3517 0
92.9919 0
93.6321 0
94.2723 0
94.9124 0
95.5526 0
96.1928 0
96.833 0
97.4731 0
98.1133 0
98.7535 0
99.3937 0
100.034 0
100.674 0
101.314 0
101.954 0
102.595 0
103.235 0
103.875 0
104.515 0
105.155 0
105.795 0
106.436 0
107.076 0
107.716 0
108.356 0
108.996 0
109.637 0
110.277 0
110.917 0
111.557 0
112.197 0
112.837 0
113.478 0
114.118 0
114.758 0
115.398 0
116.038 0
116.678 0
117.319 0
117.959 0
118.599 0
119.239 0
119.879 0
120.52 0
121.16 0
121.8 0
122.44 0
123.08 0
123.72 0
124.361 0
125.001 0
125.641 0
126.281 0
126.921 0
127.562 0
128.202 0
128.842 0
129.482 0
130.122 0
130.762 0
131.403 0
132.043 0
132.683 0
133.323 0
133.963 0
134.603 0
135.244 0
135.884 0
136.524 0
137.164 0
137.804 0
138.445 0
139.085 0
139.725 0
140.365 0
141.005 0
141.645 0
142.286 0
142.926 0
143.566 0
144.206 0
144.846 0
145.486 0
146.127 0
146.767 0
147.407 0
148.047 0
148.687 0
149.328 0
149.968 0
150.608 0
151.248 0
151.888 0
152.528 0
153.169 0
153.809 0
154.449 0
155.089 0
155.729 0
156.37 0
157.01 0
157.65 0
158.29 0
158.93 0
159.57 0
160.211 0
160.851 0
161.491 0
162.131 0
162.771 0
163.411 0
164.052 0
164.692 0
165.332 0
165.972 0
166.612 0
167.253 0
167.893 0
168.533 0
169.173 0
169.813 0
170.453 0
171.094 0
171.734 0
172.374 0
173.014 0
173.654 0
174.294 0
174.935 0
175.575 0
176.215 0
176.855 0
177.495 0
178.136 0
178.776 0
179.416 0
180.056 0
180.696 0
181.336 0
181.977 0
182.617 0
183.257 0
183.897 0
184.537 0
185.178 0
185.818 0
186.458 0
187.098 0
187.738 0
188.378 0
189.019 0
189.659 0
190.299 0
190.939 0
191.579 0
192.219 0
192.86 0
193.5 0
194.14 0
194.78 0
195.42 0
196.061 0
196.701 0
197.341 0
197.981 0
198.621 0
199.261 0
199.902 0
200.542 0
201.182 0
201.822 0
202.462 0
203.102 0
203.743 0
204.383 0
205.023 0
205.663 0
206.303 0
206.944 0
207.584 0
208.224 0
208.864 0
209.504 0
210.144 0
210.785 0
211.425 0
212.065 0
212.705 0
213.345 0
213.986 0
214.626 0
215.266 0
215.906 0
216.546 0
217.186 0
217.827 0
218.467 0
219.107 0
219.747 0
220.387 0
221.027 0
221.668 0
222.308 0
222.948 0
223.588 0
224.228 0
224.869 0
225.509 0
226.149 0
226.789 0
227.429 0
228.069 0
228.71 0
229.35 0
229.99 0
230.63 0
231.27 0
231.91 0
232.551 0
233.191 0
233.831 0
234.471 0
235.111 0
235.752 0
236.392 0
237.032 10.1651
237.672 10.087
238.312 10.0089
238.952 9.93051
239.593 9.84952
240.233 9.75715
240.873 9.64044
241.513 9.51135
242.153 9.41839
242.794 9.37931
243.434 9.35047
244.074 9.29793
244.714 9.22687
245.354 9.14988
245.994 9.07189
246.635 0
247.275 0
247.915 0
248.555 0
249.195 0
249.835 0
250.476 0
251.116 0
251.756 0
252.396 0
253.036 0
253.677 0
254.317 0
254.957 0
255.597 0
256.237 0
256.877 0
257.518 0
258.158 0
258.798 0
259.438 0
260.078 0
260.718 0
261.359 0
261.999 0
262.639 0
263.279 0
263.919 0
264.56 0
265.2 0
265.84 0
266.48 0
267.12 0
267.76 0
268.401 0
269.041 0
269.681 0
270.321 0
270.961 0
271.602 0
272.242 6.32088
272.882 6.46646
273.522 6.61201
274.162 6.75715
274.802 6.89878
275.443 7.0234
276.083 7.10588
276.723 7.15248
277.363 7.24387
278.003 7.4414
278.643 7.6859
279.284 7.89575
279.924 8.06311
280.564 8.21291
281.204 8.35897
281.844 8.50458
282.485 0
283.125 0
283.765 0
284.405 0
285.045 0
285.685 0
286.326 0
286.966 0
287.606 0
288.246 0
288.886 0
289.527 0
290.167 7.0655
290.807 7.02551
291.447 6.98645
292.087 6.95955
292.727 7.02678
293.368 7.50319
294.008 8.87939
294.648 10.8438
295.288 11.67
295.928 10.3789
296.568 8.35152
297.209 7.10194
297.849 6.66823
298.489 6.55402
299.129 6.50564
299.769 6.46504
300.41 0
301.05 0
301.69 0
302.33 0
302.97 0
303.61 0
304.251 0
304.891 0
305.531 0
306.171 0
306.811 0
307.451 0
308.092 0
308.732 0
309.372 0
310.012 0
310.652 0
311.293 0
311.933 0
312.573 0
313.213 0
313.853 0
314.493 0
315.134 0
315.774 0
316.414 0
317.054 0
317.694 0
318.335 0
318.975 0
319.615 0
320.255 0
320.895 0
321.535 0
322.176 0
322.816 0
323.456 0
324.096 0
324.736 0
325.376 0
326.017 0
326.657 0
327.297 0
327.937 0
328.577 0
329.218 0
329.858 0
330.498 0
331.138 0
331.778 0
332.418 0
333.059 0
333.699 0
334.339 0
334.979 0
335.619 0
336.259 0
336.9 0
337.54 0
338.18 0
338.82 0
339.46 0
340.101 0
340.741 0
341.381 0
342.021 0
342.661 0
343.301 0
343.942 0
344.582 0
345.222 0
345.862 0
346.502 0
347.143 5.13746
347.783 5.13778
348.423 5.14609
349.063 5.2276
349.703 5.70612
350.343 7.3852
350.984 10.7327
351.624 13.9224
352.264 13.846
352.904 10.5924
353.544 7.29764
354.184 5.67738
354.825 5.22085
355.465 5.14306
356.105 5.13469
356.745 0
357.385 0
358.026 0
358.666 0
359.306 0
359.946 0
360.586 0
361.226 0
361.867 0
362.507 0
363.147 0
363.787 0
364.427 0
365.067 0
365.708 0
366.348 0
366.988 0
367.628 0
368.268 0
368.909 0
369.549 0
370.189 0
370.829 0
371.469 0
372.109 0
372.75 0
373.39 0
374.03 0
374.67 0
375.31 0
375.951 0
376.591 0
377.231 0
377.871 0
378.511 0
379.151 0
379.792 0
380.432 0
381.072 0
381.712 0
382.352 0
382.992 0
383.633 0
384.273 0
384.913 0
385.553 0
386.193 0
386.834 0
387.474 0
388.114 0
388.754 0
389.394 0
390.034 0
390.675 0
391.315 0
391.955 0
392.595 0
393.235 0
393.875 0
394.516 0
395.156 0
395.796 0
396.436 0
397.076 0
397.717 0
398.357 0
398.997 0
399.637 0
400.277 0
400.917 0
401.558 0
402.198 0
402.838 0
403.478 0
404.118 0
404.759 0
405.399 0
406.039 0
406.679 0
407.319 0
407.959 0
408.6 0
409.24 0
409.88 0
410.52 0
411.16 0
411.8 0
412.441 0
413.081 0
413.721 0
414.361 0
415.001 0
415.642 0
416.282 0
416.922 0
417.562 0
418.202 0
418.842 0
419.483 0
420.123 0
420.763 0
421.403 0
422.043 0
422.683 0
423.324 0
423.964 0
424.604 0
425.244 0
425.884 0
426.525 0
427.165 0
427.805 0
428.445 0
429.085 0
429.725 0
430.366 0
431.006 0
431.646 0
432.286 0
432.926 0
433.567 0
434.207 0
434.847 0
435.487 0
436.127 0
436.767 0
437.408 0
438.048 0
438.688 0
439.328 0
439.968 0
440.608 0
441.249 0
441.889 0
442.529 0
443.169 0
443.809 0
444.45 0
445.09 0
445.73 0
446.37 0
447.01 0
447.65 0
448.291 0
448.931 0
449.571 0
450.211 0
450.851 0
451.491 0
452.132 0
452.772 0
453.412 0
454.052 0
454.692 0
455.333 0
455.973 0
456.613 0
457.253 0
457.893 0
458.533 0
459.174 0
459.814 0
460.454 0
461.094 0
461.734 0
462.375 0
463.015 0
463.655 0
464.295 0
464.935 0
465.575 0
466.216 0
466.856 0
467.496 0
468.136 0
468.776 0
469.416 0
470.057 0
470.697 0
471.337 0
471.977 0
472.617 0
473.258 0
473.898 0
474.538 0
475.178 0
475.818 0
476.458 0
477.099 0
477.739 0
478.379 0
479.019 0
479.659 0
480.3 0
480.94 0
481.58 0
482.22 0
482.86 0
483.5 0
484.141 0
484.781 0
485.421 0
486.061 0
486.701 0
487.341 0
487.982 0
488.622 0
489.262 0
489.902 0
490.542 0
491.183 0
491.823 0
492.463 0
493.103 0
493.743 0
494.383 0
495.024 0
495.664 0
496.304 0
496.944 0
497.584 0
498.224 0
498.865 0
499.505 0
500.145 0
500.785 0
501.425 0
502.066 0
502.706 0
503.346 0
503.986 0
504.626 0
505.266 0
505.907 0
506.547 0
507.187 0
507.827 0
508.467 0
509.108 0
509.748 0
510.388 0
511.028 0
511.668 0
512.308 0
512.949 0
513.589 0
514.229 0
514.869 0
515.509 0
516.149 0
516.79 0
517.43 0
518.07 0
518.71 0
519.35 0
519.991 0
520.631 0
521.271 0
521.911 0
522.551 0
523.191 0
523.832 0
524.472 0
525.112 0
525.752 0
526.392 0
527.032 0
527.673 0
528.313 0
528.953 0
529.593 0
530.233 0
530.874 0
531.514 0
532.154 0
532.794 0
533.434 0
534.074 0
534.715 0
535.355 0
535.995 0
536.635 0
537.275 0
537.916 0
538.556 0
539.196 0
539.836 0
540.476 0
541.116 0
541.757 0
542.397 0
543.037 0
543.677 0
544.317 0
544.957 0
545.598 0
546.238 0
546.878 0
547.518 0
548.158 0
548.799 0
549.439 0
550.079 0
550.719 0
551.359 0
551.999 0
552.64 0
553.28 0
553.92 0
554.56 0
555.2 0
555.84 0
556.481 0
557.121 0
557.761 0
558.401 0
559.041 0
559.682 0
560.322 0
560.962 0
561.602 0
562.242 0
562.882 0
563.523 0
564.163 0
564.803 0
565.443 0
566.083 0
566.724 0
567.364 0
568.004 0
568.644 0
569.284 0
569.924 0
570.565 0
571.205 0
571.845 0
572.485 0
573.125 0
573.765 0
574.406 0
575.046 0
575.686 0
576.326 0
576.966 0
577.607 0
578.247 2.10282
578.887 2.06639
579.527 2.02959
580.167 1.9904
580.807 1.94142
581.448 1.86798
582.088 1.76317
582.728 1.65685
583.368 1.60434
584.008 1.62058
584.648 1.65942
585.289 1.67439
585.929 1.65928
586.569 1.6286
587.209 1.59323
587.849 1.55696
588.49 0
589.13 0
589.77 0
590.41 0
591.05 0
591.69 0
592.331 0
592.971 0
593.611 0
594.251 0
594.891 0
595.532 0
596.172 0
596.812 0
597.452 0
598.092 0
598.732 0
599.373 0
600.013 0
600.653 0
601.293 0
601.933 0
602.573 0
603.214 0
603.854 0
604.494 1.47883
605.134 1.5314
605.774 1.61377
606.415 1.86489
607.055 2.73119
607.695 4.94715
608.335 8.57978
608.975 11.7793
609.615 11.9673
610.256 9.01946
610.896 5.43232
611.536 3.18964
612.176 2.34045
612.816 2.158
613.456 2.16669
614.097 0
614.737 0
615.377 0
616.017 0
616.657 0
617.298 0
617.938 0
618.578 0
619.218 0
619.858 0
620.498 0
621.139 0
621.779 0
622.419 0
623.059 0
623.699 0
624.34 0
624.98 0
625.62 0
626.26 0
626.9 0
627.54 0
628.181 0
628.821 0
629.461 0
630.101 0
630.741 0
631.381 0
632.022 0
632.662 0
633.302 0
633.942 0
634.582 0
635.223 0
635.863 0
636.503 0
637.143 0
637.783 0
638.423 0
639.064 0
639.704 0
640.344 0
640.984 0
641.624 0
642.265 0
642.905 0
643.545 0
644.185 0
644.825 0
645.465 0
646.106 0
646.746 0
647.386 0
648.026 0
648.666 0
649.306 0
649.947 0
650.587 0
651.227 0
651.867 0
652.507 0
653.148 0
653.788 0
654.428 0
655.068 0
655.708 0
656.348 0
656.989 1.52342
657.629 1.48192
658.269 1.47212
658.909 1.6119
659.549 2.2065
660.189 3.6157
660.83 5.61363
661.47 6.97146
662.11 6.52214
662.75 4.64311
663.39 2.7811
664.031 1.8122
664.671 1.58848
665.311 1.58415
665.951 1.45854
666.591 1.19811
667.231 0.946639
667.872 0.786145
668.512 0.698673
669.152 0.642287
669.792 0.594186
670.432 0
671.073 0
671.713 0
672.353 0
672.993 0
673.633 0
674.273 0
674.914 0
675.554 0
676.194 0
676.834 0
677.474 0
678.114 0
678.755 0
679.395 0
680.035 0
680.675 0
681.315 0
681.956 0
682.596 0
683.236 0
683.876 0
684.516 0
685.156 0
685.797 0
686.437 0
687.077 0
687.717 0
688.357 0
688.997 0
689.638 0
690.278 0
690.918 0
691.558 0
692.198 0
692.839 0
693.479 0
694.119 0
694.759 0
695.399 0
696.039 0
696.68 0
697.32 0
697.96 0
698.6 0
699.24 0
699.881 0
700.521 0
701.161 0
701.801 0
702.441 0
703.081 0
703.722 0
704.362 0
705.002 0
705.642 0
706.282 0
706.922 0
707.563 0
708.203 0
708.843 0
709.483 0
710.123 0
710.764 0
711.404 0
712.044 0
712.684 0
713.324 0
713.964 0
714.605 0
715.245 0
715.885 0
716.525 0
717.165 0
717.805 0
718.446 0
719.086 0
719.726 0
720.366 0
721.006 0
721.647 0
722.287 0
722.927 0
723.567 0
724.207 0
724.847 0
725.488 0
726.128 0
726.768 0
727.408 0
728.048 0
728.689 0
729.329 0
729.969 0
730.609 0
731.249 0
731.889 0
732.53 0
733.17 0
733.81 0
734.45 0
735.09 0
735.73 0
736.371 0
737.011 0
737.651 0
738.291 0
738.931 0
739.572 0
740.212 0
740.852 0
741.492 0
742.132 0
742.772 0
743.413 0
744.053 0
744.693 0
745.333 0
745.973 0
746.613 0
747.254 0
747.894 0
748.534 0
749.174 0
749.814 0
750.455 0
751.095 0
751.735 0
752.375 0
753.015 0
753.655 0
754.296 0
754.936 0
755.576 0
756.216 0
756.856 0
757.497 0
758.137 0
758.777 0
759.417 0
760.057 0
760.697 0
761.338 0
761.978 0
762.618 0
763.258 0
763.898 0
764.538 0
765.179 0
765.819 0
766.459 0
767.099 0
767.739 0
768.38 0
769.02 0
769.66 0
770.3 0
770.94 0
771.58 0
772.221 0
772.861 0
773.501 0
774.141 0
774.781 0
775.421 0
776.062 0
776.702 0
777.342 0
777.982 0
778.622 0
779.263 0
779.903 0
780.543 0
781.183 0
781.823 0
782.463 0
783.104 0
783.744 0
784.384 0
785.024 0
785.664 0
786.305 0
786.945 0
787.585 0
788.225 0
788.865 0
789.505 0
790.146 0
790.786 0
791.426 0
792.066 0
792.706 0
793.346 0
793.987 0
794.627 0
795.267 0
795.907 0
796.547 0
797.188 0
797.828 0
798.468 0
799.108 0
799.748 0
800.388 0
801.029 0
801.669 0
802.309 0
802.949 0
803.589 0
804.23 0
804.87 0
805.51 0
806.15 0
806.79 0
807.43 0
808.071 0
808.711 0
809.351 0
809.991 0
810.631 0
811.271 0
811.912 0
812.552 0
813.192 0
813.832 0
814.472 0
815.113 0
815.753 0
816.393 0
817.033 0
817.673 0
818.313 0
818.954 0
819.594 0
820.234 0
820.874 0
821.514 0
822.154 0
822.795 0
823.435 0
824.075 0
824.715 0
825.355 0
825.996 0
826.636 0
827.276 0
827.916 0
828.556 0
829.196 0
829.837 0
830.477 0
831.117 0
831.757 0
832.397 0
833.038 0
833.678 0
834.318 0
834.958 0
835.598 0
836.238 0
836.879 0
837.519 0
838.159 0
838.799 0
839.439 0
840.079 0
840.72 0
841.36 0
842 0
842.64 0
843.28 0
843.921 0
844.561 0
845.201 0
845.841 0
846.481 0
847.121 0
847.762 0
848.402 0
849.042 0
849.682 0
850.322 0
850.962 0
851.603 0
852.243 0
852.883 0
853.523 0
854.163 0
854.804 0
855.444 0
856.084 0
856.724 0
857.364 0
858.004 0
858.645 0
859.285 0
859.925 0
860.565 0
861.205 0
861.846 0
862.486 0
863.126 0
863.766 0
864.406 0
865.046 0
865.687 0
866.327 0
866.967 0
867.607 0
868.247 0
868.887 0
869.528 0
870.168 0
870.808 0
871.448 0
872.088 0
872.729 0
873.369 0
874.009 0
874.649 0
875.289 0
875.929 0
876.57 0
877.21 0
877.85 0
878.49 0
879.13 0
879.77 0
880.411 0
881.051 0
881.691 0
882.331 0
882.971 0
883.612 0
884.252 0
884.892 0
885.532 0
886.172 0
886.812 0
887.453 0
888.093 0
888.733 0
889.373 0
890.013 0
890.654 0
891.294 0
891.934 0
892.574 0
893.214 0
893.854 0
894.495 0
895.135 0
895.775 0
896.415 0
897.055 0
897.695 0
898.336 0
898.976 0
899.616 0
900.256 0
900.896 0
901.537 0
902.177 0
902.817 0
903.457 0
904.097 0
904.737 0
905.378 0
906.018 0
906.658 0
907.298 0
907.938 0
908.578 0
909.219 0
909.859 0
910.499 0
911.139 0
911.779 0
912.42 0
913.06 0
913.7 0
914.34 0
914.98 0
915.62 0
916.261 0
916.901 0
917.541 0
918.181 0
918.821 0
919.462 0
920.102 0
920.742 0
921.382 0
922.022 0
922.662 0
923.303 0
923.943 0
924.583 0
925.223 0
925.863 0
926.503 0
927.144 0
927.784 0
928.424 0
929.064 0
929.704 0
930.345 0
930.985 0
931.625 0
932.265 0
932.905 0
933.545 0
934.186 0
934.826 0
935.466 0
936.106 0
936.746 0
937.386 0
938.027 0
938.667 0
939.307 0
939.947 0
940.587 0
941.228 0
941.868 0
942.508 0
943.148 0
943.788 0
944.428 0
945.069 0
945.709 0
946.349 0
946.989 0
947.629 0
948.27 0
948.91 0
949.55 0
950.19 0
950.83 0
951.47 0
952.111 0
952.751 0
953.391 0
954.031 0
954.671 0
955.311 0
955.952 0
956.592 0
957.232 0
957.872 0
958.512 0
959.153 0
959.793 0
960.433 0
961.073 0
961.713 0
962.353 0
962.994 0
963.634 0
964.274 0
964.914 0
965.554 0
966.194 0
966.835 0
967.475 0
968.115 0
968.755 0
969.395 0
970.036 0
970.676 0
971.316 0
971.956 0
972.596 0
973.236 0
973.877 0
974.517 0
975.157 0
975.797 0
976.437 0
977.078 0
977.718 0
978.358 0
978.998 0
979.638 0
980.278 0
980.919 0
981.559 0
982.199 0
982.839 0
983.479 0
984.119 0
984.76 0
985.4 0
986.04 0
986.68 0
987.32 0
987.961 0
988.601 0
989.241 0
989.881 0
990.521 0
991.161 0
991.802 0
992.442 0
993.082 0
993.722 0
994.362 0
995.003 0
995.643 0
996.283 0
996.923 0
997.563 0
998.203 0
998.844 0
999.484 0
1000.12 0
1000.76 0
1001.4 0
1002.04 0
1002.68 0
1003.32 0
1003.96 0
1004.61 0
1005.25 0
1005.89 0
1006.53 0
1007.17 0
1007.81 0
1008.45 0
1009.09 0
1009.73 0
1010.37 0
1011.01 0
1011.65 0
1012.29 0
1012.93 0
1013.57 0
1014.21 0
1014.85 0
1015.49 0
1016.13 0
1016.77 0
1017.41 0
1018.05 0
1018.69 0
1019.33 0
1019.97 0
1020.61 0
1021.25 0
1021.89 0
1022.53 0
1023.17 0
1023.81 0
1024.45 0
1025.09 0
1025.73 0
1026.37 0
1027.01 0
1027.65 0
1028.29 0
1028.93 0
1029.57 0
1030.21 0
1030.85 0
1031.49 0
1032.13 0
1032.77 0
1033.41 0
1034.05 0
1034.69 0
1035.33 0
1035.97 0
1036.61 0
1037.25 0
1037.89 0
1038.53 0
1039.17 0
1039.81 0
1040.46 0
1041.1 0
1041.74 0
1042.38 0
1043.02 0
1043.66 0
1044.3 0
1044.94 0
1045.58 0
1046.22 0
1046.86 0
1047.5 0
1048.14 0
1048.78 0
1049.42 0
1050.06 0
1050.7 0
1051.34 0
1051.98 0
1052.62 0
1053.26 0
1053.9 0
1054.54 0
1055.18 0
1055.82 0
1056.46 0
1057.1 0
1057.74 0
1058.38 0
1059.02 0
1059.66 0
1060.3 0
1060.94 0
1061.58 0
1062.22 0
1062.86 0
1063.5 0
1064.14 0
1064.78 0
1065.42 0
1066.06 0
1066.7 0
1067.34 0
1067.98 0
1068.62 0
1069.26 0
1069.9 0
1070.54 0
1071.18 0
1071.82 0
1072.46 0
1073.1 0
1073.74 0
1074.38 0
1075.02 0
1075.66 0
1076.31 0
1076.95 0
1077.59 0
1078.23 0
1078.87 0
1079.51 0
1080.15 0
1080.79 0
1081.43 0
1082.07 0
1082.71 0
1083.35 0
1083.99 0
1084.63 0
1085.27 0
1085.91 0
1086.55 0
1087.19 0
1087.83 0
1088.47 0
1089.11 0
1089.75 0
1090.39 0
1091.03 0
1091.67 0
1092.31 0
1092.95 0
1093.59 0
1094.23 0
1094.87 0
1095.51 0
1096.15 0
1096.79 0
1097.43 0
1098.07 0
1098.71 0
1099.35 0
1099.99 0
1100.63 0
1101.27 0
1101.91 0
1102.55 0
1103.19 0
1103.83 0
1104.47 0
1105.11 0
1105.75 0
1106.39 0
1107.03 0
1107.67 0
1108.31 0
1108.95 0
1109.59 0
1110.23 0
1110.87 0
1111.51 0
1112.16 0
1112.8 0
1113.44 0
1114.08 0
1114.72 0
1115.36 0.467722
1116 0.475089
1116.64 0.510577
1117.28 0.639272
1117.92 0.98685
1118.56 1.67208
1119.2 2.61616
1119.84 3.41748
1120.48 3.58616
1121.12 3.007
1121.76 2.06061
1122.4 1.23744
1123.04 0.75391
1123.68 0.549084
1124.32 0.48475
1124.96 0.469551
1125.6 0
1126.24 0
1126.88 0
1127.52 0
1128.16 0
1128.8 0
1129.44 0
1130.08 0
1130.72 0
1131.36 0
1132 0
1132.64 0
1133.28 0
1133.92 0
1134.56 0
1135.2 0
1135.84 0
1136.48 0
1137.12 0
1137.76 0
1138.4 0
1139.04 0
1139.68 0
1140.32 0
1140.96 0
1141.6 0
1142.24 0
1142.88 0
1143.52 0
1144.16 0
1144.8 0
1145.44 0
1146.08 0
1146.72 0
1147.36 0
1148.01 0
1148.65 0
1149.29 0
1149.93 0
1150.57 0.880096
1151.21 0.878712
1151.85 0.873031
1152.49 0.855458
1153.13 0.815079
1153.77 0.748068
1154.41 0.67298
1155.05 0.628798
1155.69 0.644151
1156.33 0.708634
1156.97 0.783675
1157.61 0.8382
1158.25 0.866129
1158.89 0.876654
1159.53 0.879633
1160.17 0
1160.81 0
1161.45 0
1162.09 0
1162.73 0
1163.37 0
1164.01 0
1164.65 0
1165.29 0
1165.93 0
1166.57 0
1167.21 0
1167.85 0
1168.49 0.50532
1169.13 0.516238
1169.77 0.562197
1170.41 0.708513
1171.05 1.05627
1171.69 1.65801
1172.33 2.37316
1172.97 2.85225
1173.61 2.79306
1174.25 2.2358
1174.89 1.52101
1175.53 0.967492
1176.17 0.667656
1176.81 0.548375
1177.45 0.512743
1178.09 0.504653
1178.73 0
1179.37 0
1180.01 0
1180.65 0
1181.29 0
1181.93 0
1182.57 0
1183.21 0
1183.85 0
1184.5 0
1185.14 0
1185.78 0
1186.42 0
1187.06 0
1187.7 0
1188.34 0
1188.98 0
1189.62 0
1190.26 0
1190.9 0
1191.54 0
1192.18 0
1192.82 0
1193.46 0
1194.1 0
1194.74 0
1195.38 0
1196.02 0
1196.66 0
1197.3 0
1197.94 0
1198.58 0
1199.22 0
1199.86 0
1200.5 0
1201.14 0
1201.78 0
1202.42 0
1203.06 0
1203.7 0
1204.34 0
1204.98 0
1205.62 0
1206.26 0
1206.9 0
1207.54 0
1208.18 0
1208.82 0
1209.46 0
1210.1 0
1210.74 0
1211.38 0
1212.02 0
1212.66 0
1213.3 0
1213.94 0
1214.58 0
1215.22 0
1215.86 0
1216.5 0
1217.14 0
1217.78 0
1218.42 0
1219.06 0
1219.7 0
1220.35 0
1220.99 0
1221.63 0
1222.27 0
1222.91 0
1223.55 0
1224.19 0
1224.83 0
1225.47 0
1226.11 0
1226.75 0
1227.39 0
1228.03 0
1228.67 0
1229.31 0
1229.95 0
1230.59 0
1231.23 0
1231.87 0
1232.51 0
1233.15 0
1233.79 0
1234.43 0
1235.07 0
1235.71 0
1236.35 0
1236.99 0
1237.63 0
1238.27 0
1238.91 0
1239.55 0
1240.19 0
1240.83 0
1241.47 0
1242.11 0
1242.75 0
1243.39 0
1244.03 0
1244.67 0
1245.31 0
1245.95 0
1246.59 0
1247.23 0
1247.87 0
1248.51 0
1249.15 0
1249.79 0
1250.43 0
1251.07 0
1251.71 0
1252.35 0
1252.99 0
1253.63 0
1254.27 0
1254.91 0
1255.55 0
1256.2 0
1256.84 0
1257.48 0
1258.12 0
1258.76 0
1259.4 0
1260.04 0
1260.68 0
1261.32 0
1261.96 0
1262.6 0
1263.24 0
1263.88 0
1264.52 0
1265.16 0
1265.8 0
1266.44 0
1267.08 0
1267.72 0
1268.36 0
1269 0
1269.64 0
1270.28 0
1270.92 0
1271.56 0
1272.2 0
1272.84 0
1273.48 0
1274.12 0
1274.76 0
1275.4 0
1276.04 0.529565
1276.68 0.530134
1277.32 0.532516
1277.96 0.540174
1278.6 0.5589
1279.24 0.593028
1279.88 0.637404
1280.52 0.673664
1281.16 0.681057
1281.8 0.654904
1282.44 0.611182
1283.08 0.571382
1283.72 0.546392
1284.36 0.53484
1285 0.530797
1285.64 0.52971
1286.28 0
1286.92 0
1287.56 0
1288.2 0
1288.84 0
1289.48 0
1290.12 0
1290.76 0
1291.4 0
1292.05 0
1292.69 0
1293.33 0
1293.97 0
1294.61 0
1295.25 0
1295.89 0
1296.53 0
1297.17 0
1297.81 0
1298.45 0
1299.09 0
1299.73 0
1300.37 0
1301.01 0
1301.65 0
1302.29 0
1302.93 0
1303.57 0
1304.21 0
1304.85 0
1305.49 0
1306.13 0
1306.77 0
1307.41 0
1308.05 0
1308.69 0
1309.33 0
1309.97 0
1310.61 0
1311.25 0
1311.89 0
1312.53 0
1313.17 0
1313.81 0
1314.45 0
1315.09 0
1315.73 0
1316.37 0
1317.01 0
1317.65 0
1318.29 0
1318.93 0
1319.57 0
1320.21 0
1320.85 0
1321.49 0
1322.13 0
1322.77 0
1323.41 0
1324.05 0
1324.69 0
1325.33 0
1325.97 0
1326.61 0
1327.25 0
1327.89 0.272572
1328.54 0.296857
1329.18 0.382104
1329.82 0.612428
1330.46 1.08432
1331.1 1.79605
1331.74 2.53069
1332.38 2.92012
1333.02 2.7294
1333.66 2.07713
1334.3 1.32105
1334.94 0.75311
1335.58 0.444325
1336.22 0.31783
1336.86 0.278029
1337.5 0
1338.14 0
1338.78 0
1339.42 0
1340.06 0
1340.7 0
1341.34 0
1341.98 0
1342.62 0
1343.26 0
1343.9 0
1344.54 0
1345.18 0
1345.82 0
1346.46 0
1347.1 0
1347.74 0
1348.38 0
1349.02 0
1349.66 0
1350.3 0
1350.94 0
1351.58 0
1352.22 0
1352.86 0
1353.5 0
1354.14 0
1354.78 0
1355.42 0
1356.06 0
1356.7 0
1357.34 0
1357.98 0
1358.62 0
1359.26 0
1359.9 0
1360.54 0
1361.18 0
1361.82 0
1362.46 0
1363.1 0
1363.74 0
1364.39 0
1365.03 0
1365.67 0
1366.31 0
1366.95 0
1367.59 0
1368.23 0
1368.87 0
1369.51 0
1370.15 0
1370.79 0
1371.43 0
1372.07 0
1372.71 0
1373.35 0
1373.99 0
1374.63 0
1375.27 0
1375.91 0
1376.55 0
1377.19 0
1377.83 0
1378.47 0
1379.11 0
1379.75 0
1380.39 0
1381.03 0
1381.67 0
1382.31 0
1382.95 0
1383.59 0
1384.23 0
1384.87 0
1385.51 0
1386.15 0
1386.79 0
1387.43 0
1388.07 0
1388.71 0
1389.35 0
1389.99 0
1390.63 0
1391.27 0
1391.91 0
1392.55 0
1393.19 0
1393.83 0
1394.47 0
1395.11 0
1395.75 0
1396.39 0
1397.03 0
1397.67 0
1398.31 0
1398.95 0
1399.59 0
1400.24 0
1400.88 0
1401.52 0
1402.16 0
1402.8 0
1403.44 0
1404.08 0
1404.72 0
1405.36 0
1406 0
1406.64 0
1407.28 0
1407.92 0
1408.56 0
1409.2 0
1409.84 0
1410.48 0
1411.12 0
1411.76 0
1412.4 0
1413.04 0
1413.68 0
1414.32 0
1414.96 0
1415.6 0
1416.24 0
1416.88 0
1417.52 0
1418.16 0
1418.8 0
1419.44 0
1420.08 0
1420.72 0
1421.36 0
1422 0
1422.64 0
1423.28 0
1423.92 0
1424.56 0
1425.2 0
1425.84 0
1426.48 0
1427.12 0
1427.76 0
1428.4 0
1429.04 0
1429.68 0
1430.32 0
1430.96 0
1431.6 0
1432.24 0
1432.88 0
1433.52 0
1434.16 0
1434.8 0
1435.44 0
1436.09 0
1436.73 0
1437.37 0
1438.01 0
1438.65 0
1439.29 0
1439.93 0
1440.57 0
1441.21 0
1441.85 0
1442.49 0
1443.13 0
1443.77 0
1444.41 0
1445.05 0
1445.69 0
1446.33 0
1446.97 0
1447.61 0
1448.25 0
1448.89 0
1449.53 0
1450.17 0
1450.81 0
1451.45 0
1452.09 0
1452.73 0
1453.37 0
1454.01 0
1454.65 0
1455.29 0
1455.93 0.0374197
1456.57 0.110226
1457.21 0.372421
1457.85 1.11258
1458.49 2.73179
1459.13 5.41904
1459.77 8.64797
1460.41 11.0906
1461.05 11.428
1461.69 9.46291
1462.33 6.2997
1462.97 3.3755
1463.61 1.46051
1464.25 0.516363
1464.89 0.156589
1465.53 0.0491584
1466.17 0
1466.81 0
1467.45 0
1468.09 0
1468.73 0
1469.37 0
1470.01 0
1470.65 0
1471.29 0
1471.94 0
1472.58 0
1473.22 0
1473.86 0
1474.5 0
1475.14 0
1475.78 0
1476.42 0
1477.06 0
1477.7 0
1478.34 0
1478.98 0
1479.62 0
1480.26 0
1480.9 0
1481.54 0
1482.18 0
1482.82 0
1483.46 0
1484.1 0
1484.74 0
1485.38 0
1486.02 0
1486.66 0
1487.3 0
1487.94 0
1488.58 0
1489.22 0
1489.86 0
1490.5 0
1491.14 0
1491.78 0
1492.42 0
1493.06 0
1493.7 0
1494.34 0
1494.98 0
1495.62 0
1496.26 0
1496.9 0
1497.54 0
1498.18 0
1498.82 0
1499.46 0
1500.1 0
1500.74 0
1501.38 0
1502.02 0
1502.66 0
1503.3 0
1503.94 0
1504.58 0
1505.22 0
1505.86 0
1506.5 0
1507.14 0
1507.78 0
1508.43 0
1509.07 0
1509.71 0
1510.35 0
1510.99 0
1511.63 0
1512.27 0
1512.91 0
1513.55 0
1514.19 0
1514.83 0
1515.47 0
1516.11 0
1516.75 0
1517.39 0
1518.03 0
1518.67 0
1519.31 0
1519.95 0
1520.59 0
1521.23 0
1521.87 0
1522.51 0
1523.15 0
1523.79 0
1524.43 0
1525.07 0
1525.71 0
1526.35 0
1526.99 0
1527.63 0
1528.27 0
1528.91 0
1529.55 0
1530.19 0
1530.83 0
1531.47 0
1532.11 0
1532.75 0
1533.39 0
1534.03 0
1534.67 0
1535.31 0
1535.95 0
1536.59 0
1537.23 0
1537.87 0
1538.51 0
1539.15 0
1539.79 0
1540.43 0
1541.07 0
1541.71 0
1542.35 0
1542.99 0
1543.63 0
1544.28 0
1544.92 0
1545.56 0
1546.2 0
1546.84 0
1547.48 0
1548.12 0
1548.76 0
1549.4 0
1550.04 0
1550.68 0
1551.32 0
1551.96 0
1552.6 0
1553.24 0
1553.88 0
1554.52 0
1555.16 0
1555.8 0
1556.44 0
1557.08 0
1557.72 0
1558.36 0
1559 0
1559.64 0
1560.28 0
1560.92 0
1561.56 0
1562.2 0
1562.84 0
1563.48 0
1564.12 0
1564.76 0
1565.4 0
1566.04 0
1566.68 0
1567.32 0
1567.96 0
1568.6 0
1569.24 0
1569.88 0
1570.52 0
1571.16 0
1571.8 0
1572.44 0
1573.08 0
1573.72 0
1574.36 0
1575 0
1575.64 0
1576.28 0
1576.92 0
1577.56 0
1578.2 0
1578.84 0
1579.48 0
1580.13 0
1580.77 0
1581.41 0
1582.05 0
1582.69 0
1583.33 0
1583.97 0
1584.61 0
1585.25 0
1585.89 0
1586.53 0
1587.17 0
1587.81 0
1588.45 0
1589.09 0
1589.73 0
1590.37 0
1591.01 0
1591.65 0
1592.29 0
1592.93 0
1593.57 0
1594.21 0
1594.85 0
1595.49 0
1596.13 0
1596.77 0
1597.41 0
1598.05 0
1598.69 0
1599.33 0
1599.97 0
1600.61 0
1601.25 0
1601.89 0
1602.53 0
1603.17 0
1603.81 0
1604.45 0
1605.09 0
1605.73 0
1606.37 0
1607.01 0
1607.65 0
1608.29 0
1608.93 0
1609.57 0
1610.21 0
1610.85 0
1611.49 0
1612.13 0
1612.77 0
1613.41 0
1614.05 0
1614.69 0
1615.33 0
1615.98 0
1616.62 0
1617.26 0
1617.9 0
1618.54 0
1619.18 0
1619.82 0
1620.46 0
1621.1 0
1621.74 0
1622.38 0
1623.02 0
1623.66 0
1624.3 0
1624.94 0
1625.58 0
1626.22 0
1626.86 0
1627.5 0
1628.14 0
1628.78 0
1629.42 0
1630.06 0
1630.7 0
1631.34 0
1631.98 0
1632.62 0
1633.26 0
1633.9 0
1634.54 0
1635.18 0
1635.82 0
1636.46 0
1637.1 0
1637.74 0
1638.38 0
1639.02 0
1639.66 0
1640.3 0
1640.94 0
1641.58 0
1642.22 0
1642.86 0
1643.5 0
1644.14 0
1644.78 0
1645.42 0
1646.06 0
1646.7 0
1647.34 0
1647.98 0
1648.62 0
1649.26 0
1649.9 0
1650.54 0
1651.18 0
1651.82 0
1652.47 0
1653.11 0
1653.75 0
1654.39 0
1655.03 0
1655.67 0
1656.31 0
1656.95 0
1657.59 0
1658.23 0
1658.87 0
1659.51 0
1660.15 0
1660.79 0
1661.43 0
1662.07 0
1662.71 0
1663.35 0
1663.99 0
1664.63 0
1665.27 0
1665.91 0
1666.55 0
1667.19 0
1667.83 0
1668.47 0
1669.11 0
1669.75 0
1670.39 0
1671.03 0
1671.67 0
1672.31 0
1672.95 0
1673.59 0
1674.23 0
1674.87 0
1675.51 0
1676.15 0
1676.79 0
1677.43 0
1678.07 0
1678.71 0
1679.35 0
1679.99 0
1680.63 0
1681.27 0
1681.91 0
1682.55 0
1683.19 0
1683.83 0
1684.47 0
1685.11 0
1685.75 0
1686.39 0
1687.03 0
1687.67 0
1688.32 0
1688.96 0
1689.6 0
1690.24 0
1690.88 0
1691.52 0
1692.16 0
1692.8 0
1693.44 0
1694.08 0
1694.72 0
1695.36 0
1696 0
1696.64 0
1697.28 0
1697.92 0
1698.56 0
1699.2 0
1699.84 0
1700.48 0
1701.12 0
1701.76 0
1702.4 0
1703.04 0
1703.68 0
1704.32 0
1704.96 0
1705.6 0
1706.24 0
1706.88 0
1707.52 0
1708.16 0
1708.8 0
1709.44 0
1710.08 0
1710.72 0
1711.36 0
1712 0
1712.64 0
1713.28 0
1713.92 0
1714.56 0
1715.2 0
1715.84 0
1716.48 0
1717.12 0
1717.76 0
1718.4 0
1719.04 0
1719.68 0
1720.32 0
1720.96 0
1721.6 0
1722.24 0
1722.88 0
1723.52 0
1724.17 0
1724.81 0
1725.45 0
1726.09 0
1726.73 0
1727.37 0
1728.01 0
1728.65 0
1729.29 0
1729.93 0
1730.57 0
1731.21 0
1731.85 0
1732.49 0
1733.13 0
1733.77 0
1734.41 0
1735.05 0
1735.69 0
1736.33 0
1736.97 0
1737.61 0
1738.25 0
1738.89 0
1739.53 0
1740.17 0
1740.81 0
1741.45 0
1742.09 0
1742.73 0
1743.37 0
1744.01 0
1744.65 0
1745.29 0
1745.93 0
1746.57 0
1747.21 0
1747.85 0
1748.49 0
1749.13 0
1749.77 0
1750.41 0
1751.05 0
1751.69 0
1752.33 0
1752.97 0
1753.61 0
1754.25 0
1754.89 0
1755.53 0
1756.17 0
1756.81 0
1757.45 0
1758.09 0
1758.73 0
1759.37 0
1760.02 0.129855
1760.66 0.214036
1761.3 0.435033
1761.94 0.89911
1762.58 1.66554
1763.22 2.6272
1763.86 3.46507
1764.5 3.79764
1765.14 3.4537
1765.78 2.6109
1766.42 1.65159
1767.06 0.89073
1767.7 0.43138
1768.34 0.212901
1768.98 0.129629
1769.62 0
1770.26 0
1770.9 0
1771.54 0
1772.18 0
1772.82 0
1773.46 0
1774.1 0
1774.74 0
1775.38 0
1776.02 0
1776.66 0
1777.3 0
1777.94 0
1778.58 0
1779.22 0
1779.86 0
1780.5 0
1781.14 0
1781.78 0
1782.42 0
1783.06 0
1783.7 0
1784.34 0
1784.98 0
1785.62 0
1786.26 0
1786.9 0
1787.54 0
1788.18 0
1788.82 0
1789.46 0
1790.1 0
1790.74 0
1791.38 0
1792.02 0
1792.66 0
1793.3 0
1793.94 0
1794.58 0
1795.22 0
1795.87 0
1796.51 0
1797.15 0
1797.79 0
1798.43 0
1799.07 0
1799.71 0
1800.35 0
1800.99 0
1801.63 0
1802.27 0
1802.91 0
1803.55 0
1804.19 0
1804.83 0
1805.47 0
1806.11 0
1806.75 0
1807.39 0
1808.03 0
1808.67 0
1809.31 0
1809.95 0
1810.59 0
1811.23 0
1811.87 0
1812.51 0
1813.15 0
1813.79 0
1814.43 0
1815.07 0
1815.71 0
1816.35 0
1816.99 0
1817.63 0
1818.27 0
1818.91 0
1819.55 0
1820.19 0
1820.83 0
1821.47 0
1822.11 0
1822.75 0
1823.39 0
1824.03 0
1824.67 0
1825.31 0
1825.95 0
1826.59 0
1827.23 0
1827.87 0
1828.51 0
1829.15 0
1829.79 0
1830.43 0
1831.07 0
1831.71 0
1832.36 0
1833 0
1833.64 0
1834.28 0
1834.92 0
1835.56 0
1836.2 0
1836.84 0
1837.48 0
1838.12 0
1838.76 0
1839.4 0
1840.04 0
1840.68 0
1841.32 0
1841.96 0
1842.6 0
1843.24 0
1843.88 0
1844.52 0
1845.16 0
1845.8 0
1846.44 0
1847.08 0
1847.72 0
1848.36 0
1849 0
1849.64 0
1850.28 0
1850.92 0
1851.56 0
1852.2 0
1852.84 0
1853.48 0
1854.12 0
1854.76 0
1855.4 0
1856.04 0
1856.68 0
1857.32 0
1857.96 0
1858.6 0
1859.24 0
1859.88 0
1860.52 0
1861.16 0
1861.8 0
1862.44 0
1863.08 0
1863.72 0
1864.36 0
1865 0
1865.64 0
1866.28 0
1866.92 0
1867.56 0
1868.21 0
1868.85 0
1869.49 0
1870.13 0
1870.77 0
1871.41 0
1872.05 0
1872.69 0
1873.33 0
1873.97 0
1874.61 0
1875.25 0
1875.89 0
1876.53 0
1877.17 0
1877.81 0
1878.45 0
1879.09 0
1879.73 0
1880.37 0
1881.01 0
1881.65 0
1882.29 0
1882.93 0
1883.57 0
1884.21 0
1884.85 0
1885.49 0
1886.13 0
1886.77 0
1887.41 0
1888.05 0
1888.69 0
1889.33 0
1889.97 0
1890.61 0
1891.25 0
1891.89 0
1892.53 0
1893.17 0
1893.81 0
1894.45 0
1895.09 0
1895.73 0
1896.37 0
1897.01 0
1897.65 0
1898.29 0
1898.93 0
1899.57 0
1900.21 0
1900.85 0
1901.49 0
1902.13 0
1902.77 0
1903.41 0
1904.06 0
1904.7 0
1905.34 0
1905.98 0
1906.62 0
1907.26 0
1907.9 0
1908.54 0
1909.18 0
1909.82 0
1910.46 0
1911.1 0
1911.74 0
1912.38 0
1913.02 0
1913.66 0
1914.3 0
1914.94 0
1915.58 0
1916.22 0
1916.86 0
1917.5 0
1918.14 0
1918.78 0
1919.42 0
1920.06 0
1920.7 0
1921.34 0
1921.98 0
1922.62 0
1923.26 0
1923.9 0
1924.54 0
1925.18 0
1925.82 0
1926.46 0
1927.1 0
1927.74 0
1928.38 0
1929.02 0
1929.66 0
1930.3 0
1930.94 0
1931.58 0
1932.22 0
1932.86 0
1933.5 0
1934.14 0
1934.78 0
1935.42 0
1936.06 0
1936.7 0
1937.34 0
1937.98 0
1938.62 0
1939.26 0
1939.91 0
1940.55 0
1941.19 0
1941.83 0
1942.47 0
1943.11 0
1943.75 0
1944.39 0
1945.03 0
1945.67 0
1946.31 0
1946.95 0
1947.59 0
1948.23 0
1948.87 0
1949.51 0
1950.15 0
1950.79 0
1951.43 0
1952.07 0
1952.71 0
1953.35 0
1953.99 0
1954.63 0
1955.27 0
1955.91 0
1956.55 0
1957.19 0
1957.83 0
1958.47 0
1959.11 0
1959.75 0
1960.39 0
1961.03 0
1961.67 0
1962.31 0
1962.95 0
1963.59 0
1964.23 0
1964.87 0
1965.51 0
1966.15 0
1966.79 0
1967.43 0
1968.07 0
1968.71 0
1969.35 0
1969.99 0
1970.63 0
1971.27 0
1971.91 0
1972.55 0
1973.19 0
1973.83 0
1974.47 0
1975.11 0
1975.75 0
1976.4 0
1977.04 0
1977.68 0
1978.32 0
1978.96 0
1979.6 0
1980.24 0
1980.88 0
1981.52 0
1982.16 0
1982.8 0
1983.44 0
1984.08 0
1984.72 0
1985.36 0
1986 0
1986.64 0
1987.28 0
1987.92 0
1988.56 0
1989.2 0
1989.84 0
1990.48 0
1991.12 0
1991.76 0
1992.4 0
1993.04 0
1993.68 0
1994.32 0
1994.96 0
1995.6 0
1996.24 0
1996.88 0
1997.52 0
1998.16 0
1998.8 0
1999.44 0
2000.08 0
2000.72 0
2001.36 0
2002 0
2002.64 0
2003.28 0
2003.92 0
2004.56 0
2005.2 0
2005.84 0
2006.48 0
2007.12 0
2007.76 0
2008.4 0
2009.04 0
2009.68 0
2010.32 0
2010.96 0
2011.6 0
2012.25 0
2012.89 0
2013.53 0
2014.17 0
2014.81 0
2015.45 0
2016.09 0
2016.73 0
2017.37 0
2018.01 0
2018.65 0
2019.29 0
2019.93 0
2020.57 0
2021.21 0
2021.85 0
2022.49 0
2023.13 0
2023.77 0
2024.41 0
2025.05 0
2025.69 0
2026.33 0
2026.97 0
2027.61 0
2028.25 0
2028.89 0
2029.53 0
2030.17 0
2030.81 0
2031.45 0
2032.09 0
2032.73 0
2033.37 0
2034.01 0
2034.65 0
2035.29 0
2035.93 0
2036.57 0
2037.21 0
2037.85 0
2038.49 0
2039.13 0
2039.77 0
2040.41 0
2041.05 0
2041.69 0
2042.33 0
2042.97 0
2043.61 0
2044.25 0
2044.89 0
2045.53 0
2046.17 0
2046.81 0
2047.45 0
2048.1 0
2048.74 0
2049.38 0
2050.02 0
2050.66 0
2051.3 0
2051.94 0
2052.58 0
2053.22 0
2053.86 0
2054.5 0
2055.14 0
2055.78 0
2056.42 0
2057.06 0
2057.7 0
2058.34 0
2058.98 0
2059.62 0
2060.26 0
2060.9 0
2061.54 0
2062.18 0
2062.82 0
2063.46 0
2064.1 0
2064.74 0
2065.38 0
2066.02 0
2066.66 0
2067.3 0
2067.94 0
2068.58 0
2069.22 0
2069.86 0
2070.5 0
2071.14 0
2071.78 0
2072.42 0
2073.06 0
2073.7 0
2074.34 0
2074.98 0
2075.62 0
2076.26 0
2076.9 0
2077.54 0
2078.18 0
2078.82 0
2079.46 0
2080.1 0
2080.74 0
2081.38 0
2082.02 0
2082.66 0
2083.3 0
2083.95 0
2084.59 0
2085.23 0
2085.87 0
2086.51 0
2087.15 0
2087.79 0
2088.43 0
2089.07 0
2089.71 0
2090.35 0
2090.99 0
2091.63 0
2092.27 0
2092.91 0
2093.55 0
2094.19 0
2094.83 0
2095.47 0
2096.11 0
2096.75 0
2097.39 0
2098.03 0
2098.67 0
2099.31 0
2099.95 0
2100.59 0
2101.23 0
2101.87 0
2102.51 0
2103.15 0
2103.79 0
2104.43 0
2105.07 0
2105.71 0
2106.35 0
2106.99 0
2107.63 0
2108.27 0
2108.91 0
2109.55 0
2110.19 0
2110.83 0
2111.47 0
2112.11 0
2112.75 0
2113.39 0
2114.03 0
2114.67 0
2115.31 0
2115.95 0
2116.59 0
2117.23 0
2117.87 0
2118.51 0
2119.15 0
2119.8 0
2120.44 0
2121.08 0
2121.72 0
2122.36 0
2123 0
2123.64 0
2124.28 0
2124.92 0
2125.56 0
2126.2 0
2126.84 0
2127.48 0
2128.12 0
2128.76 0
2129.4 0
2130.04 0
2130.68 0
2131.32 0
2131.96 0
2132.6 0
2133.24 0
2133.88 0
2134.52 0
2135.16 0
2135.8 0
2136.44 0
2137.08 0
2137.72 0
2138.36 0
2139 0
2139.64 0
2140.28 0
2140.92 0
2141.56 0
2142.2 0
2142.84 0
2143.48 0
2144.12 0
2144.76 0
2145.4 0
2146.04 0
2146.68 0
2147.32 0
2147.96 0
2148.6 0
2149.24 0
2149.88 0
2150.52 0
2151.16 0
2151.8 0
2152.44 0
2153.08 0
2153.72 0
2154.36 0
2155 0
2155.64 0
2156.29 0
2156.93 0
2157.57 0
2158.21 0
2158.85 0
2159.49 0
2160.13 0
2160.77 0
2161.41 0
2162.05 0
2162.69 0
2163.33 0
2163.97 0
2164.61 0
2165.25 0
2165.89 0
2166.53 0
2167.17 0
2167.81 0
2168.45 0
2169.09 0
2169.73 0
2170.37 0
2171.01 0
2171.65 0
2172.29 0
2172.93 0
2173.57 0
2174.21 0
2174.85 0
2175.49 0
2176.13 0
2176.77 0
2177.41 0
2178.05 0
2178.69 0
2179.33 0
2179.97 0
2180.61 0
2181.25 0
2181.89 0
2182.53 0
2183.17 0
2183.81 0
2184.45 0
2185.09 0
2185.73 0
2186.37 0
2187.01 0
2187.65 0
2188.29 0
2188.93 0
2189.57 0
2190.21 0
2190.85 0
2191.49 0
2192.14 0
2192.78 0
2193.42 0
2194.06 0
2194.7 0
2195.34 0
2195.98 0
2196.62 0
2197.26 0
2197.9 0
2198.54 0
2199.18 0
2199.82 0
2200.46 0
2201.1 0
2201.74 0
2202.38 0
2203.02 0
2203.66 0
2204.3 0
2204.94 0
2205.58 0
2206.22 0
2206.86 0
2207.5 0
2208.14 0
2208.78 0
2209.42 0
2210.06 0
2210.7 0
2211.34 0
2211.98 0
2212.62 0
2213.26 0
2213.9 0
2214.54 0
2215.18 0
2215.82 0
2216.46 0
2217.1 0
2217.74 0
2218.38 0
2219.02 0
2219.66 0
2220.3 0
2220.94 0
2221.58 0
2222.22 0
2222.86 0
2223.5 0
2224.14 0
2224.78 0
2225.42 0
2226.06 0
2226.7 0
2227.34 0
2227.99 0
2228.63 0
2229.27 0
2229.91 0
2230.55 0
2231.19 0
2231.83 0
2232.47 0
2233.11 0
2233.75 0
2234.39 0
2235.03 0
2235.67 0
2236.31 0
2236.95 0
2237.59 0
2238.23 0
2238.87 0
2239.51 0
2240.15 0
2240.79 0
2241.43 0
2242.07 0
2242.71 0
2243.35 0
2243.99 0
2244.63 0
2245.27 0
2245.91 0
2246.55 0
2247.19 0
2247.83 0
2248.47 0
2249.11 0
2249.75 0
2250.39 0
2251.03 0
2251.67 0
2252.31 0
2252.95 0
2253.59 0
2254.23 0
2254.87 0
2255.51 0
2256.15 0
2256.79 0
2257.43 0
2258.07 0
2258.71 0
2259.35 0
2259.99 0
2260.63 0
2261.27 0
2261.91 0
2262.55 0
2263.19 0
2263.84 0
2264.48 0
2265.12 0
2265.76 0
2266.4 0
2267.04 0
2267.68 0
2268.32 0
2268.96 0
2269.6 0
2270.24 0
2270.88 0
2271.52 0
2272.16 0
2272.8 0
2273.44 0
2274.08 0
2274.72 0
2275.36 0
2276 0
2276.64 0
2277.28 0
2277.92 0
2278.56 0
2279.2 0
2279.84 0
2280.48 0
2281.12 0
2281.76 0
2282.4 0
2283.04 0
2283.68 0
2284.32 0
2284.96 0
2285.6 0
2286.24 0
2286.88 0
2287.52 0
2288.16 0
2288.8 0
2289.44 0
2290.08 0
2290.72 0
2291.36 0
2292 0
2292.64 0
2293.28 0
2293.92 0
2294.56 0
2295.2 0
2295.84 0
2296.48 0
2297.12 0
2297.76 0
2298.4 0
2299.04 0
2299.68 0
2300.33 0
2300.97 0
2301.61 0
2302.25 0
2302.89 0
2303.53 0
2304.17 0
2304.81 0
2305.45 0
2306.09 0
2306.73 0
2307.37 0
2308.01 0
2308.65 0
2309.29 0
2309.93 0
2310.57 0
2311.21 0
2311.85 0
2312.49 0
2313.13 0
2313.77 0
2314.41 0
2315.05 0
2315.69 0
2316.33 0
2316.97 0
2317.61 0
2318.25 0
2318.89 0
2319.53 0
2320.17 0
2320.81 0
2321.45 0
2322.09 0
2322.73 0
2323.37 0
2324.01 0
2324.65 0
2325.29 0
2325.93 0
2326.57 0
2327.21 0
2327.85 0
2328.49 0
2329.13 0
2329.77 0
2330.41 0
2331.05 0
2331.69 0
2332.33 0
2332.97 0
2333.61 0
2334.25 0
2334.89 0
2335.53 0
2336.18 0
2336.82 0
2337.46 0
2338.1 0
2338.74 0
2339.38 0
2340.02 0
2340.66 0
2341.3 0
2341.94 0
2342.58 0
2343.22 0
2343.86 0
2344.5 0
2345.14 0
2345.78 0
2346.42 0
2347.06 0
2347.7 0
2348.34 0
2348.98 0
2349.62 0
2350.26 0
2350.9 0
2351.54 0
2352.18 0
2352.82 0
2353.46 0
2354.1 0
2354.74 0
2355.38 0
2356.02 0
2356.66 0
2357.3 0
2357.94 0
2358.58 0
2359.22 0
2359.86 0
2360.5 0
2361.14 0
2361.78 0
2362.42 0
2363.06 0
2363.7 0
2364.34 0
2364.98 0
2365.62 0
2366.26 0
2366.9 0
2367.54 0
2368.18 0
2368.82 0
2369.46 0
2370.1 0
2370.74 0
2371.38 0
2372.03 0
2372.67 0
2373.31 0
2373.95 0
2374.59 0
2375.23 0
2375.87 0
2376.51 0
2377.15 0
2377.79 0
2378.43 0
2379.07 0
2379.71 0
2380.35 0
2380.99 0
2381.63 0
2382.27 0
2382.91 0
2383.55 0
2384.19 0
2384.83 0
2385.47 0
2386.11 0
2386.75 0
2387.39 0
2388.03 0
2388.67 0
2389.31 0
2389.95 0
2390.59 0
2391.23 0
2391.87 0
2392.51 0
2393.15 0
2393.79 0
2394.43 0
2395.07 0
2395.71 0
2396.35 0
2396.99 0
2397.63 0
2398.27 0
2398.91 0
2399.55 0
2400.19 0
2400.83 0
2401.47 0
2402.11 0
2402.75 0
2403.39 0
2404.03 0
2404.67 0
2405.31 0
2405.95 0
2406.59 0
2407.23 0
2407.88 0
2408.52 0
2409.16 0
2409.8 0
2410.44 0
2411.08 0
2411.72 0
2412.36 0
2413 0
2413.64 0
2414.28 0
2414.92 0
2415.56 0
2416.2 0
2416.84 0
2417.48 0
2418.12 0
2418.76 0
2419.4 0
2420.04 0
2420.68 0
2421.32 0
2421.96 0
2422.6 0
2423.24 0
2423.88 0
2424.52 0
2425.16 0
2425.8 0
2426.44 0
2427.08 0
2427.72 0
2428.36 0
2429 0
2429.64 0
2430.28 0
2430.92 0
2431.56 0
2432.2 0
2432.84 0
2433.48 0
2434.12 0
2434.76 0
2435.4 0
2436.04 0
2436.68 0
2437.32 0
2437.96 0
2438.6 0
2439.24 0
2439.88 0
2440.52 0
2441.16 0
2441.8 0
2442.44 0
2443.08 0
2443.72 0
2444.37 0
2445.01 0
2445.65 0
2446.29 0
2446.93 0
2447.57 0
2448.21 0
2448.85 0
2449.49 0
2450.13 0
2450.77 0
2451.41 0
2452.05 0
2452.69 0
2453.33 0
2453.97 0
2454.61 0
2455.25 0
2455.89 0
2456.53 0
2457.17 0
2457.81 0
2458.45 0
2459.09 0
2459.73 0
2460.37 0
2461.01 0
2461.65 0
2462.29 0
2462.93 0
2463.57 0
2464.21 0
2464.85 0
2465.49 0
2466.13 0
2466.77 0
2467.41 0
2468.05 0
2468.69 0
2469.33 0
2469.97 0
2470.61 0
2471.25 0
2471.89 0
2472.53 0
2473.17 0
2473.81 0
2474.45 0
2475.09 0
2475.73 0
2476.37 0
2477.01 0
2477.65 0
2478.29 0
2478.93 0
2479.57 0
2480.22 0
2480.86 0
2481.5 0
2482.14 0
2482.78 0
2483.42 0
2484.06 0
2484.7 0
2485.34 0
2485.98 0
2486.62 0
2487.26 0
2487.9 0
2488.54 0
2489.18 0
2489.82 0
2490.46 0
2491.1 0
2491.74 0
2492.38 0
2493.02 0
2493.66 0
2494.3 0
2494.94 0
2495.58 0
2496.22 0
2496.86 0
2497.5 0
2498.14 0
2498.78 0
2499.42 0
2500.06 0
2500.7 0
2501.34 0
2501.98 0
2502.62 0
2503.26 0
2503.9 0
2504.54 0
2505.18 0
2505.82 0
2506.46 0
2507.1 0
2507.74 0
2508.38 0
2509.02 0
2509.66 0
2510.3 0
2510.94 0
2511.58 0
2512.22 0
2512.86 0
2513.5 0
2514.14 0
2514.78 0
2515.42 0
2516.07 0
2516.71 0
2517.35 0
2517.99 0
2518.63 0
2519.27 0
2519.91 0
2520.55 0
2521.19 0
2521.83 0
2522.47 0
2523.11 0
2523.75 0
2524.39 0
2525.03 0
2525.67 0
2526.31 0
2526.95 0
2527.59 0
2528.23 0
2528.87 0
2529.51 0
2530.15 0
2530.79 0
2531.43 0
2532.07 0
2532.71 0
2533.35 0
2533.99 0
2534.63 0
2535.27 0
2535.91 0
2536.55 0
2537.19 0
2537.83 0
2538.47 0
2539.11 0
2539.75 0
2540.39 0
2541.03 0
2541.67 0
2542.31 0
2542.95 0
2543.59 0
2544.23 0
2544.87 0
2545.51 0
2546.15 0
2546.79 0
2547.43 0
2548.07 0
2548.71 0
2549.35 0
2549.99 0
2550.63 0
2551.27 0
2551.92 0
2552.56 0
2553.2 0
2553.84 0
2554.48 0
2555.12 0
2555.76 0
2556.4 0
2557.04 0
2557.68 0
2558.32 0
2558.96 0
2559.6 0
2560.24 0
2560.88 0
2561.52 0
2562.16 0
2562.8 0
2563.44 0
2564.08 0
2564.72 0
2565.36 0
2566 0
2566.64 0
2567.28 0
2567.92 0
2568.56 0
2569.2 0
2569.84 0
2570.48 0
2571.12 0
2571.76 0
2572.4 0
2573.04 0
2573.68 0
2574.32 0
2574.96 0
2575.6 0
2576.24 0
2576.88 0
2577.52 0
2578.16 0
2578.8 0
2579.44 0
2580.08 0
2580.72 0
2581.36 0
2582 0
2582.64 0
2583.28 0
2583.92 0
2584.56 0
2585.2 0
2585.84 0
2586.48 0
2587.12 0
2587.77 0
2588.41 0
2589.05 0
2589.69 0
2590.33 0
2590.97 0
2591.61 0
2592.25 0
2592.89 0
2593.53 0
2594.17 0
2594.81 0
2595.45 0
2596.09 0
2596.73 0
2597.37 0
2598.01 0
2598.65 0
2599.29 0
2599.93 0
2600.57 0
2601.21 0
2601.85 0
2602.49 0
2603.13 0
2603.77 0
2604.41 0
2605.05 0
2605.69 0
2606.33 0
2606.97 0
2607.61 0
2608.25 0
2608.89 0
2609.53 0
2610.17 0.0963899
2610.81 0.230537
2611.45 0.484403
2612.09 0.886801
2612.73 1.4107
2613.37 1.94825
2614.01 2.33521
2614.65 2.42915
2615.29 2.19308
2615.93 1.71868
2616.57 1.16951
2617.21 0.691462
2617.85 0.355781
2618.49 0.160031
2619.13 0.0638067
2619.77 0.0235853
2620.41 0
2621.05 0
2621.69 0
2622.33 0
2622.97 0
2623.61 0
2624.26 0
2624.9 0
2625.54 0
2626.18 0
2626.82 0
2627.46 0
2628.1 0
2628.74 0
2629.38 0
2630.02 0
2630.66 0
2631.3 0
2631.94 0
2632.58 0
2633.22 0
2633.86 0
2634.5 0
2635.14 0
2635.78 0
2636.42 0
2637.06 0
2637.7 0
2638.34 0
2638.98 0
2639.62 0
2640.26 0
2640.9 0
2641.54 0
2642.18 0
2642.82 0
2643.46 0
2644.1 0
2644.74 0
2645.38 0
2646.02 0
2646.66 0
2647.3 0
2647.94 0
2648.58 0
2649.22 0
2649.86 0
2650.5 0
2651.14 0
2651.78 0
2652.42 0
2653.06 0
2653.7 0
2654.34 0
2654.98 0
2655.62 0
2656.26 0
2656.9 0
2657.54 0
2658.18 0
2658.82 0
2659.46 0
2660.11 0
2660.75 0
2661.39 0
2662.03 0
2662.67 0
2663.31 0
2663.95 0
2664.59 0
2665.23 0
2665.87 0
2666.51 0
2667.15 0
2667.79 0
2668.43 0
2669.07 0
2669.71 0
2670.35 0
2670.99 0
2671.63 0
2672.27 0
2672.91 0
2673.55 0
2674.19 0
2674.83 0
2675.47 0
2676.11 0
2676.75 0
2677.39 0
2678.03 0
2678.67 0
2679.31 0
2679.95 0
2680.59 0
2681.23 0
2681.87 0
2682.51 0
2683.15 0
2683.79 0
2684.43 0
2685.07 0
2685.71 0
2686.35 0
2686.99 0
2687.63 0
2688.27 0
2688.91 0
2689.55 0
2690.19 0
2690.83 0
2691.47 0
2692.11 0
2692.75 0
2693.39 0
2694.03 0
2694.67 0
2695.31 0
2695.96 0
2696.6 0
2697.24 0
2697.88 0
2698.52 0
2699.16 0
2699.8 0
2700.44 0
2701.08 0
2701.72 0
2702.36 0
2703 0
2703.64 0
2704.28 0
2704.92 0
2705.56 0
2706.2 0
2706.84 0
2707.48 0
2708.12 0
2708.76 0
2709.4 0
2710.04 0
2710.68 0
2711.32 0
2711.96 0
2712.6 0
2713.24 0
2713.88 0
2714.52 0
2715.16 0
2715.8 0
2716.44 0
2717.08 0
2717.72 0
2718.36 0
2719 0
2719.64 0
2720.28 0
2720.92 0
2721.56 0
2722.2 0
2722.84 0
2723.48 0
2724.12 0
2724.76 0
2725.4 0
2726.04 0
2726.68 0
2727.32 0
2727.96 0
2728.6 0
2729.24 0
2729.88 0
2730.52 0
2731.16 0
2731.81 0
2732.45 0
2733.09 0
2733.73 0
2734.37 0
2735.01 0
2735.65 0
2736.29 0
2736.93 0
2737.57 0
2738.21 0
2738.85 0
2739.49 0
2740.13 0
2740.77 0
2741.41 0
2742.05 0
2742.69 0
2743.33 0
2743.97 0
2744.61 0
2745.25 0
2745.89 0
2746.53 0
2747.17 0
2747.81 0
2748.45 0
2749.09 0
2749.73 0
2750.37 0
2751.01 0
2751.65 0
2752.29 0
2752.93 0
2753.57 0
2754.21 0
2754.85 0
2755.49 0
2756.13 0
2756.77 0
2757.41 0
2758.05 0
2758.69 0
2759.33 0
2759.97 0
2760.61 0
2761.25 0
2761.89 0
2762.53 0
2763.17 0
2763.81 0
2764.45 0
2765.09 0
2765.73 0
2766.37 0
2767.01 0
2767.65 0
2768.3 0
2768.94 0
2769.58 0
2770.22 0
2770.86 0
2771.5 0
2772.14 0
2772.78 0
2773.42 0
2774.06 0
2774.7 0
2775.34 0
2775.98 0
2776.62 0
2777.26 0
2777.9 0
2778.54 0
2779.18 0
2779.82 0
2780.46 0
2781.1 0
2781.74 0
2782.38 0
2783.02 0
2783.66 0
2784.3 0
2784.94 0
2785.58 0
2786.22 0
2786.86 0
2787.5 0
2788.14 0
2788.78 0
2789.42 0
2790.06 0
2790.7 0
2791.34 0
2791.98 0
2792.62 0
2793.26 0
2793.9 0
2794.54 0
2795.18 0
2795.82 0
2796.46 0
2797.1 0
2797.74 0
2798.38 0
2799.02 0
2799.66 0
2800.3 0
2800.94 0
2801.58 0
2802.22 0
2802.86 0
2803.5 0
2804.15 0
2804.79 0
2805.43 0
2806.07 0
2806.71 0
2807.35 0
2807.99 0
2808.63 0
2809.27 0
2809.91 0
2810.55 0
2811.19 0
2811.83 0
2812.47 0
2813.11 0
2813.75 0
2814.39 0
2815.03 0
2815.67 0
2816.31 0
2816.95 0
2817.59 0
2818.23 0
2818.87 0
2819.51 0
2820.15 0
2820.79 0
2821.43 0
2822.07 0
2822.71 0
2823.35 0
2823.99 0
2824.63 0
2825.27 0
2825.91 0
2826.55 0
2827.19 0
2827.83 0
2828.47 0
2829.11 0
2829.75 0
2830.39 0
2831.03 0
2831.67 0
2832.31 0
2832.95 0
2833.59 0
2834.23 0
2834.87 0
2835.51 0
2836.15 0
2836.79 0
2837.43 0
2838.07 0
2838.71 0
2839.35 0
2840 0
2840.64 0
2841.28 0
2841.92 0
2842.56 0
2843.2 0
2843.84 0
2844.48 0
2845.12 0
2845.76 0
2846.4 0
2847.04 0
2847.68 0
2848.32 0
2848.96 0
2849.6 0
2850.24 0
2850.88 0
2851.52 0
2852.16 0
2852.8 0
2853.44 0
2854.08 0
2854.72 0
2855.36 0
2856 0
2856.64 0
2857.28 0
2857.92 0
2858.56 0
2859.2 0
2859.84 0
2860.48 0
2861.12 0
2861.76 0
2862.4 0
2863.04 0
2863.68 0
2864.32 0
2864.96 0
2865.6 0
2866.24 0
2866.88 0
2867.52 0
2868.16 0
2868.8 0
2869.44 0
2870.08 0
2870.72 0
2871.36 0
2872 0
2872.64 0
2873.28 0
2873.92 0
2874.56 0
2875.2 0
2875.85 0
2876.49 0
2877.13 0
2877.77 0
2878.41 0
2879.05 0
2879.69 0
2880.33 0
2880.97 0
2881.61 0
2882.25 0
2882.89 0
2883.53 0
2884.17 0
2884.81 0
2885.45 0
2886.09 0
2886.73 0
2887.37 0
2888.01 0
2888.65 0
2889.29 0
2889.93 0
2890.57 0
2891.21 0
2891.85 0
2892.49 0
2893.13 0
2893.77 0
2894.41 0
2895.05 0
2895.69 0
2896.33 0
2896.97 0
2897.61 0
2898.25 0
2898.89 0
2899.53 0
2900.17 0
2900.81 0
2901.45 0
2902.09 0
2902.73 0
2903.37 0
2904.01 0
2904.65 0
2905.29 0
2905.93 0
2906.57 0
2907.21 0
2907.85 0
2908.49 0
2909.13 0
2909.77 0
2910.41 0
2911.05 0
2911.7 0
2912.34 0
2912.98 0
2913.62 0
2914.26 0
2914.9 0
2915.54 0
2916.18 0
2916.82 0
2917.46 0
2918.1 0
2918.74 0
2919.38 0
2920.02 0
2920.66 0
2921.3 0
2921.94 0
2922.58 0
2923.22 0
2923.86 0
2924.5 0
2925.14 0
2925.78 0
2926.42 0
2927.06 0
2927.7 0
2928.34 0
2928.98 0
2929.62 0
2930.26 0
2930.9 0
2931.54 0
2932.18 0
2932.82 0
2933.46 0
2934.1 0
2934.74 0
2935.38 0
2936.02 0
2936.66 0
2937.3 0
2937.94 0
2938.58 0
2939.22 0
2939.86 0
2940.5 0
2941.14 0
2941.78 0
2942.42 0
2943.06 0
2943.7 0
2944.34 0
2944.98 0
2945.62 0
2946.26 0
2946.9 0
2947.54 0
2948.19 0
2948.83 0
2949.47 0
2950.11 0
2950.75 0
2951.39 0
2952.03 0
2952.67 0
2953.31 0
2953.95 0
2954.59 0
2955.23 0
2955.87 0
2956.51 0
2957.15 0
2957.79 0
2958.43 0
2959.07 0
2959.71 0
2960.35 0
2960.99 0
2961.63 0
2962.27 0
2962.91 0
2963.55 0
2964.19 0
2964.83 0
2965.47 0
2966.11 0
2966.75 0
2967.39 0
2968.03 0
2968.67 0
2969.31 0
2969.95 0
2970.59 0
2971.23 0
2971.87 0
2972.51 0
2973.15 0
2973.79 0
2974.43 0
2975.07 0
2975.71 0
2976.35 0
2976.99 0
2977.63 0
2978.27 0
2978.91 0
2979.55 0
2980.19 0
2980.83 0
2981.47 0
2982.11 0
2982.75 0
2983.39 0
2984.04 0
2984.68 0
2985.32 0
2985.96 0
2986.6 0
2987.24 0
2987.88 0
2988.52 0
2989.16 0
2989.8 0
2990.44 0
2991.08 0
2991.72 0
2992.36 0
2993 0
2993.64 0
2994.28 0
2994.92 0
2995.56 0
2996.2 0
2996.84 0
2997.48 0
2998.12 0
2998.76 0
2999.4 0
3000.04 0
3000.68 0
3001.32 0
3001.96 0
3002.6 0
3003.24 0
3003.88 0
3004.52 0
3005.16 0
3005.8 0
3006.44 0
3007.08 0
3007.72 0
3008.36 0
3009 0
3009.64 0
3010.28 0
3010.92 0
3011.56 0
3012.2 0
3012.84 0
3013.48 0
3014.12 0
3014.76 0
3015.4 0
3016.04 0
3016.68 0
3017.32 0
3017.96 0
3018.6 0
3019.24 0
3019.89 0
3020.53 0
3021.17 0
3021.81 0
3022.45 0
3023.09 0
3023.73 0
3024.37 0
3025.01 0
3025.65 0
3026.29 0
3026.93 0
3027.57 0
3028.21 0
3028.85 0
3029.49 0
3030.13 0
3030.77 0
3031.41 0
3032.05 0
3032.69 0
3033.33 0
3033.97 0
3034.61 0
3035.25 0
3035.89 0
3036.53 0
3037.17 0
3037.81 0
3038.45 0
3039.09 0
3039.73 0
3040.37 0
3041.01 0
3041.65 0
3042.29 0
3042.93 0
3043.57 0
3044.21 0
3044.85 0
3045.49 0
3046.13 0
3046.77 0
3047.41 0
3048.05 0
3048.69 0
3049.33 0
3049.97 0
3050.61 0
3051.25 0
3051.89 0
3052.53 0
3053.17 0
3053.81 0
3054.45 0
3055.09 0
3055.74 0
3056.38 0
3057.02 0
3057.66 0
3058.3 0
3058.94 0
3059.58 0
3060.22 0
3060.86 0
3061.5 0
3062.14 0
3062.78 0
3063.42 0
3064.06 0
3064.7 0
3065.34 0
3065.98 0
3066.62 0
3067.26 0
3067.9 0
3068.54 0
3069.18 0
3069.82 0
3070.46 0
3071.1 0
3071.74 0
3072.38 0
3073.02 0
3073.66 0
3074.3 0
3074.94 0
3075.58 0
3076.22 0
3076.86 0
3077.5 0
3078.14 0
3078.78 0
3079.42 0
3080.06 0
3080.7 0
3081.34 0
3081.98 0
3082.62 0
3083.26 0
3083.9 0
3084.54 0
3085.18 0
3085.82 0
3086.46 0
3087.1 0
3087.74 0
3088.38 0
3089.02 0
3089.66 0
3090.3 0
3090.94 0
3091.58 0
3092.23 0
3092.87 0
3093.51 0
3094.15 0
3094.79 0
3095.43 0
3096.07 0
3096.71 0
3097.35 0
3097.99 0
3098.63 0
3099.27 0
3099.91 0
3100.55 0
3101.19 0
3101.83 0
3102.47 0
3103.11 0
3103.75 0
3104.39 0
3105.03 0
3105.67 0
3106.31 0
3106.95 0
3107.59 0
3108.23 0
3108.87 0
3109.51 0
3110.15 0
3110.79 0
3111.43 0
3112.07 0
3112.71 0
3113.35 0
3113.99 0
3114.63 0
3115.27 0
3115.91 0
3116.55 0
3117.19 0
3117.83 0
3118.47 0
3119.11 0
3119.75 0
3120.39 0
3121.03 0
3121.67 0
3122.31 0
3122.95 0
3123.59 0
3124.23 0
3124.87 0
3125.51 0
3126.15 0
3126.79 0
3127.43 0
3128.08 0
3128.72 0
3129.36 0
3130 0
3130.64 0
3131.28 0
3131.92 0
3132.56 0
3133.2 0
3133.84 0
3134.48 0
3135.12 0
3135.76 0
3136.4 0
3137.04 0
3137.68 0
3138.32 0
3138.96 0
3139.6 0
3140.24 0
3140.88 0
3141.52 0
3142.16 0
3142.8 0
3143.44 0
3144.08 0
3144.72 0
3145.36 0
3146 0
3146.64 0
3147.28 0
3147.92 0
3148.56 0
3149.2 0
3149.84 0
3150.48 0
3151.12 0
3151.76 0
3152.4 0
3153.04 0
3153.68 0
3154.32 0
3154.96 0
3155.6 0
3156.24 0
3156.88 0
3157.52 0
3158.16 0
3158.8 0
3159.44 0
3160.08 0
3160.72 0
3161.36 0
3162 0
3162.64 0
3163.28 0
3163.93 0
3164.57 0
3165.21 0
3165.85 0
3166.49 0
3167.13 0
3167.77 0
3168.41 0
3169.05 0
3169.69 0
3170.33 0
3170.97 0
3171.61 0
3172.25 0
3172.89 0
3173.53 0
3174.17 0
3174.81 0
3175.45 0
3176.09 0
3176.73 0
3177.37 0
3178.01 0
3178.65 0
3179.29 0
3179.93 0
3180.57 0
3181.21 0
3181.85 0
3182.49 0
3183.13 0
3183.77 0
3184.41 0
3185.05 0
3185.69 0
3186.33 0
3186.97 0
3187.61 0
3188.25 0
3188.89 0
3189.53 0
3190.17 0
3190.81 0
3191.45 0
3192.09 0
3192.73 0
3193.37 0
3194.01 0
3194.65 0
3195.29 0
3195.93 0
3196.57 0
3197.21 0
3197.85 0
3198.49 0
3199.13 0
3199.78 0
3200.42 0
