0.0664572 0
0.706423 0
1.34639 0
1.98636 0
2.62632 0
3.26629 0
3.90625 0
4.54622 0
5.18619 0
5.82615 0
6.46612 0
7.10608 0
7.74605 0
8.38602 0
9.02598 0
9.66595 0
10.3059 0
10.9459 0
11.5858 0
12.2258 0
12.8658 0
13.5057 0
14.1457 0
14.7857 0
15.4256 0
16.0656 0
16.7056 0
17.3455 0
17.9855 0
18.6255 0
19.2654 0
19.9054 0
20.5454 0
21.1853 0
21.8253 0
22.4653 0
23.1052 0
23.7452 0
24.3852 0
25.0251 0
25.6651 0
26.3051 0
26.945 0
27.585 0
28.225 0
28.8649 0
29.5049 0
30.1449 0
30.7848 0
31.4248 0
32.0648 0
32.7047 0
33.3447 0
33.9847 0
34.6246 0
35.2646 0
35.9046 0
36.5445 0
37.1845 0
37.8245 0
38.4644 0
39.1044 0
39.7444 0
40.3843 0
41.0243 0
41.6643 0
42.3042 0
42.9442 0
43.5842 0
44.2241 0
44.8641 0
45.5041 0
46.144 0
46.784 0
47.4239 0
48.0639 0
48.7039 0
49.3438 0
49.9838 0
50.6238 0
51.2637 0
51.9037 0
52.5437 0
53.1836 0
53.8236 0
54.4636 0
55.1035 0
55.7435 0
56.3835 0
57.0234 0
57.6634 0
58.3034 0
58.9433 0
59.5833 0
60.2233 0
60.8632 0
61.5032 0
62.1432 0
62.7831 0
63.4231 0
64.0631 0
64.703 0
65.343 0
65.983 0
66.6229 0
67.2629 0
67.9029 0
68.5428 0
69.1828 0
69.8228 0
70.4627 0
71.1027 0
71.7427 0
72.3826 0
73.0226 0
73.6626 0
74.3025 0
74.9425 0
75.5825 0
76.2224 0
76.8624 0
77.5024 0
78.1423 0
78.7823 0
79.4223 0
80.0622 0
80.7022 0
81.3422 0
81.9821 0
82.6221 0
83.2621 0
83.902 0
84.542 0
85.1819 0
85.8219 0
86.4619 0
87.1018 0
87.7418 0
88.3818 0
89.0217 0
89.6617 0
90.3017 0
90.9416 0
91.5816 0
92.2216 0
92.8615 0
93.5015 0
94.1415 0
94.7814 0
95.4214 0
96.0614 0
96.7013 0
97.3413 0
97.9813 0
98.6212 0
99.2612 0
99.9012 0
100.541 0
101.181 0
101.821 0
102.461 0
103.101 0
103.741 0
104.381 0
105.021 0
105.661 0
106.301 0
106.941 0
107.581 0
108.221 0
108.861 0
109.501 0
110.141 0
110.781 0
111.421 0
112.061 0
112.7 0
113.34 0
113.98 0
114.62 0
115.26 0
115.9 0
116.54 0
117.18 0
117.82 0
118.46 0
119.1 0
119.74 0
120.38 0
121.02 0
121.66 0
122.3 0
122.94 0
123.58 0
124.22 0
124.86 0
125.5 0
126.14 0
126.78 0
127.42 0
128.06 0
128.7 0
129.34 0
129.98 0
130.62 0
131.26 0
131.899 0
132.539 0
133.179 0
133.819 0
134.459 0
135.099 0
135.739 0
136.379 0
137.019 0
137.659 0
138.299 0
138.939 0
139.579 0
140.219 0
140.859 0
141.499 0
142.139 0
142.779 0
143.419 0
144.059 0
144.699 0
145.339 0
145.979 0
146.619 0
147.259 0
147.899 0
148.539 0
149.179 0
149.819 0
150.458 0
151.098 0
151.738 0
152.378 0
153.018 0
153.658 0
154.298 0
154.938 0
155.578 0
156.218 0
156.858 0
157.498 0
158.138 0
158.778 0
159.418 0
160.058 0
160.698 0
161.338 0
161.978 0
162.618 0
163.258 0
163.898 0
164.538 0
165.178 0
165.818 0
166.458 0
167.098 0
167.738 0
168.378 0
169.018 0
169.657 0
170.297 0
170.937 0
171.577 0
172.217 0
172.857 0
173.497 0
174.137 0
174.777 0
175.417 0
176.057 0
176.697 0
177.337 0
177.977 0
178.617 0
179.257 0
179.897 0
180.537 0
181.177 0
181.817 0
182.457 0
183.097 0
183.737 0
184.377 0
185.017 0
185.657 0
186.297 0
186.937 0
187.577 0
188.216 0
188.856 0
189.496 0
190.136 0
190.776 0
191.416 0
192.056 0
192.696 0
193.336 0
193.976 0
194.616 0
195.256 0
195.896 0
196.536 0
197.176 0
197.816 0
198.456 0
199.096 0
199.736 0
200.376 0
201.016 0
201.656 0
202.296 0
202.936 0
203.576 0
204.216 0
204.856 0
205.496 0
206.136 0
206.776 0
207.415 0
208.055 0
208.695 0
209.335 0
209.975 0
210.615 0
211.255 0
211.895 0
212.535 0
213.175 0
213.815 0
214.455 0
215.095 0
215.735 0
216.375 0
217.015 0
217.655 0
218.295 0
218.935 0
219.575 0
220.215 0
220.855 0
221.495 0
222.135 0
222.775 0
223.415 0
224.055 0
224.695 0
225.335 0
225.974 0
226.614 0
227.254 0
227.894 0
228.534 0
229.174 0
229.814 0
230.454 0
231.094 0
231.734 0
232.374 0
233.014 0
233.654 0
234.294 0
234.934 0
235.574 0
236.214 0
236.854 0
237.494 0
238.134 0
238.774 0
239.414 0
240.054 0
240.694 0
241.334 0
241.974 0
242.614 0
243.254 0
243.894 0
244.534 0
245.173 0
245.813 0
246.453 0
247.093 0
247.733 0
248.373 0
249.013 0
249.653 0
250.293 0
250.933 0
251.573 0
252.213 0
252.853 0
253.493 0
254.133 0
254.773 0
255.413 0
256.053 0
256.693 0
257.333 0
257.973 0
258.613 0
259.253 0
259.893 0
260.533 0
261.173 0
261.813 0
262.453 0
263.093 0
263.732 0
264.372 0
265.012 0
265.652 0
266.292 0
266.932 0
267.572 0
268.212 0
268.852 0
269.492 0
270.132 0
270.772 0
271.412 0
272.052 0
272.692 0
273.332 0
273.972 0
274.612 0
275.252 0
275.892 0
276.532 0
277.172 0
277.812 0
278.452 0
279.092 0
279.732 0
280.372 0
281.012 0
281.652 0
282.292 0
282.931 0
283.571 0
284.211 0
284.851 0
285.491 0
286.131 0
286.771 0
287.411 0
288.051 0
288.691 0
289.331 0
289.971 0
290.611 0
291.251 0
291.891 0
292.531 0
293.171 0
293.811 0
294.451 0
295.091 0
295.731 0
296.371 0
297.011 0
297.651 0
298.291 0
298.931 0
299.571 0
300.211 0
300.851 0
301.49 0
302.13 0
302.77 0
303.41 0
304.05 0
304.69 0
305.33 0
305.97 0
306.61 0
307.25 0
307.89 0
308.53 0
309.17 0
309.81 0
310.45 0
311.09 0
311.73 0
312.37 0
313.01 0
313.65 0
314.29 0
314.93 0
315.57 0
316.21 0
316.85 0
317.49 0
318.13 0
318.77 0
319.41 0
320.05 0
320.689 0
321.329 0
321.969 0
322.609 0
323.249 0
323.889 0
324.529 0
325.169 0
325.809 0
326.449 0
327.089 0
327.729 0
328.369 0
329.009 0
329.649 0
330.289 0
330.929 0
331.569 0
332.209 0
332.849 0
333.489 0
334.129 0
334.769 0
335.409 0
336.049 0
336.689 0
337.329 0
337.969 0
338.609 0
339.248 0
339.888 0
340.528 0
341.168 0
341.808 0
342.448 0
343.088 0
343.728 0
344.368 0
345.008 0
345.648 0
346.288 0
346.928 0
347.568 0
348.208 0
348.848 0
349.488 0
350.128 0
350.768 0
351.408 0
352.048 0
352.688 0
353.328 0
353.968 0
354.608 0
355.248 0
355.888 0
356.528 0
357.168 0
357.808 0
358.447 0
359.087 0
359.727 0
360.367 0
361.007 0
361.647 0
362.287 0
362.927 0
363.567 0
364.207 0
364.847 0
365.487 0
366.127 0
366.767 0
367.407 0
368.047 0
368.687 0
369.327 0
369.967 0
370.607 0
371.247 0
371.887 0
372.527 0
373.167 0
373.807 0
374.447 0
375.087 0
375.727 0
376.367 0
377.006 0
377.646 0
378.286 0
378.926 0
379.566 0
380.206 0
380.846 0
381.486 0
382.126 0
382.766 0
383.406 0
384.046 0
384.686 0
385.326 0
385.966 0
386.606 0
387.246 0
387.886 0
388.526 0
389.166 0
389.806 0
390.446 0
391.086 0
391.726 0
392.366 0
393.006 0
393.646 0
394.286 0
394.926 0
395.566 0
396.205 0
396.845 0
397.485 0
398.125 0
398.765 0
399.405 0
400.045 0
400.685 0
401.325 0
401.965 0
402.605 0
403.245 0
403.885 0
404.525 0
405.165 0
405.805 0
406.445 0
407.085 0
407.725 0
408.365 0
409.005 0
409.645 0
410.285 0
410.925 0
411.565 0
412.205 0
412.845 0
413.485 0
414.125 0
414.764 0
415.404 0
416.044 0
416.684 0
417.324 0
417.964 0
418.604 0
419.244 0
419.884 0
420.524 0
421.164 0
421.804 0
422.444 0
423.084 0
423.724 0
424.364 0
425.004 0
425.644 0
426.284 0
426.924 0
427.564 0
428.204 0
428.844 0
429.484 0
430.124 0
430.764 0
431.404 0
432.044 0
432.684 0
433.324 0
433.963 0
434.603 0
435.243 0
435.883 0
436.523 0
437.163 0
437.803 0
438.443 0
439.083 0
439.723 0
440.363 0
441.003 0
441.643 0
442.283 0
442.923 0
443.563 0
444.203 0
444.843 0
445.483 0
446.123 0
446.763 0
447.403 0
448.043 0
448.683 0
449.323 0
449.963 0
450.603 0
451.243 0
451.883 0
452.522 0
453.162 0
453.802 0
454.442 0
455.082 0
455.722 0
456.362 0
457.002 0
457.642 0
458.282 0
458.922 0
459.562 0
460.202 0
460.842 0
461.482 0
462.122 0
462.762 0
463.402 0
464.042 0
464.682 0
465.322 0
465.962 0
466.602 0
467.242 0
467.882 0
468.522 0
469.162 0
469.802 0
470.442 0
471.082 0
471.721 0
472.361 0
473.001 0
473.641 0
474.281 0
474.921 0
475.561 0
476.201 0
476.841 0
477.481 0
478.121 0
478.761 0
479.401 0
480.041 0
480.681 0
481.321 0
481.961 0
482.601 0
483.241 0
483.881 0
484.521 0
485.161 0
485.801 0
486.441 0
487.081 0
487.721 0
488.361 0
489.001 0
489.641 0
490.28 0
490.92 0
491.56 0
492.2 0
492.84 0
493.48 0
494.12 0
494.76 0
495.4 0
496.04 0
496.68 0
497.32 0
497.96 0
498.6 0
499.24 0
499.88 0
500.52 0
501.16 0
501.8 0
502.44 0
503.08 0
503.72 0
504.36 0
505 0
505.64 0
506.28 0
506.92 0
507.56 0
508.2 0
508.84 0
509.479 0
510.119 0
510.759 0
511.399 0
512.039 0
512.679 0
513.319 0
513.959 0
514.599 0
515.239 0
515.879 0
516.519 0
517.159 0
517.799 0
518.439 0
519.079 0
519.719 0
520.359 0
520.999 0
521.639 0
522.279 0
522.919 0
523.559 0
524.199 0
524.839 0
525.479 0
526.119 0
526.759 0
527.399 0
528.038 0
528.678 0
529.318 0
529.958 0
530.598 0
531.238 0
531.878 0
532.518 0
533.158 0
533.798 0
534.438 0
535.078 0
535.718 0
536.358 0
536.998 0
537.638 0
538.278 0
538.918 0
539.558 0
540.198 0
540.838 0
541.478 0
542.118 0
542.758 0
543.398 0
544.038 0
544.678 0
545.318 0
545.958 0
546.598 0
547.237 0
547.877 0
548.517 0
549.157 0
549.797 0
550.437 0
551.077 0
551.717 0
552.357 0
552.997 0
553.637 0
554.277 0
554.917 0
555.557 0
556.197 0
556.837 0
557.477 0
558.117 0
558.757 0
559.397 0
560.037 0
560.677 0
561.317 0
561.957 0
562.597 0
563.237 0
563.877 0
564.517 0
565.157 0
565.796 0
566.436 0
567.076 0
567.716 0
568.356 0
568.996 0
569.636 0
570.276 0
570.916 0
571.556 0
572.196 0
572.836 0
573.476 0
574.116 0
574.756 0
575.396 0
576.036 0
576.676 0
577.316 0
577.956 0
578.596 29.9534
579.236 30.0756
579.876 30.2058
580.516 30.3906
581.156 30.7997
581.796 31.7143
582.436 33.0701
583.076 34.0032
583.716 33.702
584.356 32.6088
584.995 31.7382
585.635 31.4247
586.275 31.432
586.915 31.5348
587.555 31.6543
588.195 31.7757
588.835 0
589.475 0
590.115 0
590.755 0
591.395 0
592.035 0
592.675 0
593.315 0
593.955 0
594.595 0
595.235 0
595.875 0
596.515 0
597.155 0
597.795 0
598.435 0
599.075 0
599.715 0
600.355 0
600.995 0
601.635 0
602.275 0
602.915 0
603.554 0
604.194 0
604.834 31.6309
605.474 31.769
606.114 31.9337
606.754 32.2586
607.394 33.1629
608.034 35.1919
608.674 37.9244
609.314 39.3832
609.954 38.2358
610.594 35.7799
611.234 34.002
611.874 33.3504
612.514 33.2883
613.154 33.3924
613.794 33.5245
614.434 0
615.074 0
615.714 0
616.354 0
616.994 0
617.634 0
618.274 0
618.914 0
619.554 0
620.194 0
620.834 0
621.474 0
622.114 0
622.753 0
623.393 0
624.033 0
624.673 0
625.313 0
625.953 0
626.593 0
627.233 0
627.873 0
628.513 0
629.153 0
629.793 0
630.433 0
631.073 0
631.713 0
632.353 0
632.993 0
633.633 0
634.273 0
634.913 0
635.553 0
636.193 0
636.833 0
637.473 0
638.113 0
638.753 0
639.393 0
640.033 0
640.673 0
641.312 0
641.952 0
642.592 0
643.232 0
643.872 0
644.512 0
645.152 0
645.792 0
646.432 0
647.072 0
647.712 0
648.352 0
648.992 0
649.632 0
650.272 0
650.912 0
651.552 0
652.192 0
652.832 0
653.472 0
654.112 0
654.752 0
655.392 0
656.032 0
656.672 0
657.312 30.732
657.952 30.5813
658.592 30.4573
659.232 30.4672
659.872 30.8766
660.511 31.9031
661.151 33.0958
661.791 33.3573
662.431 32.2988
663.071 30.8952
663.711 30.2852
664.351 30.7094
664.991 31.473
665.631 31.5371
666.271 30.6105
666.911 29.4025
667.551 28.5797
668.191 28.1757
668.831 27.9627
669.471 27.7994
670.111 27.6442
670.751 0
671.391 0
672.031 0
672.671 0
673.311 0
673.951 0
674.591 0
675.231 0
675.871 0
676.511 0
677.151 0
677.791 0
678.431 0
679.07 0
679.71 0
680.35 0
680.99 0
681.63 0
682.27 0
682.91 0
683.55 0
684.19 0
684.83 0
685.47 0
686.11 0
686.75 0
687.39 0
688.03 0
688.67 0
689.31 0
689.95 0
690.59 0
691.23 0
691.87 0
692.51 0
693.15 0
693.79 0
694.43 0
695.07 0
695.71 0
696.35 0
696.99 0
697.63 0
698.269 0
698.909 0
699.549 0
700.189 0
700.829 0
701.469 0
702.109 0
702.749 0
703.389 0
704.029 0
704.669 0
705.309 0
705.949 0
706.589 0
707.229 0
707.869 0
708.509 0
709.149 0
709.789 0
710.429 0
711.069 0
711.709 0
712.349 0
712.989 0
713.629 0
714.269 0
714.909 0
715.549 0
716.189 0
716.829 0
717.468 0
718.108 0
718.748 0
719.388 0
720.028 0
720.668 0
721.308 0
721.948 0
722.588 0
723.228 0
723.868 0
724.508 0
725.148 0
725.788 0
726.428 0
727.068 0
727.708 0
728.348 0
728.988 0
729.628 0
730.268 0
730.908 0
731.548 0
732.188 0
732.828 0
733.468 0
734.108 0
734.748 0
735.388 0
736.027 0
736.667 0
737.307 0
737.947 0
738.587 0
739.227 0
739.867 0
740.507 0
741.147 0
741.787 0
742.427 0
743.067 0
743.707 0
744.347 0
744.987 0
745.627 0
746.267 0
746.907 0
747.547 0
748.187 0
748.827 0
749.467 0
750.107 0
750.747 0
751.387 0
752.027 0
752.667 0
753.307 0
753.947 0
754.587 0
755.226 0
755.866 0
756.506 0
757.146 0
757.786 0
758.426 0
759.066 0
759.706 0
760.346 0
760.986 0
761.626 0
762.266 0
762.906 0
763.546 0
764.186 0
764.826 0
765.466 0
766.106 0
766.746 0
767.386 0
768.026 0
768.666 0
769.306 0
769.946 0
770.586 0
771.226 0
771.866 0
772.506 0
773.146 0
773.785 0
774.425 0
775.065 0
775.705 0
776.345 0
776.985 0
777.625 0
778.265 0
778.905 0
779.545 0
780.185 0
780.825 0
781.465 0
782.105 0
782.745 0
783.385 0
784.025 0
784.665 0
785.305 0
785.945 0
786.585 0
787.225 0
787.865 0
788.505 0
789.145 0
789.785 0
790.425 0
791.065 0
791.705 0
792.345 0
792.984 0
793.624 0
794.264 0
794.904 0
795.544 0
796.184 0
796.824 0
797.464 0
798.104 0
798.744 0
799.384 0
800.024 0
800.664 0
801.304 0
801.944 0
802.584 0
803.224 0
803.864 0
804.504 0
805.144 0
805.784 0
806.424 0
807.064 0
807.704 0
808.344 0
808.984 0
809.624 0
810.264 0
810.904 0
811.543 0
812.183 0
812.823 0
813.463 0
814.103 0
814.743 0
815.383 0
816.023 0
816.663 0
817.303 0
817.943 0
818.583 0
819.223 0
819.863 0
820.503 0
821.143 0
821.783 0
822.423 0
823.063 0
823.703 0
824.343 0
824.983 0
825.623 0
826.263 0
826.903 0
827.543 0
828.183 0
828.823 0
829.463 0
830.103 0
830.742 0
831.382 0
832.022 0
832.662 0
833.302 0
833.942 0
834.582 0
835.222 0
835.862 0
836.502 0
837.142 0
837.782 0
838.422 0
839.062 0
839.702 0
840.342 0
840.982 0
841.622 0
842.262 0
842.902 0
843.542 0
844.182 0
844.822 0
845.462 0
846.102 0
846.742 0
847.382 0
848.022 0
848.662 0
849.301 0
849.941 0
850.581 0
851.221 0
851.861 0
852.501 0
853.141 0
853.781 0
854.421 0
855.061 0
855.701 0
856.341 0
856.981 0
857.621 0
858.261 0
858.901 0
859.541 0
860.181 0
860.821 0
861.461 0
862.101 0
862.741 0
863.381 0
864.021 0
864.661 0
865.301 0
865.941 0
866.581 0
867.221 0
867.861 0
868.5 0
869.14 0
869.78 0
870.42 0
871.06 0
871.7 0
872.34 0
872.98 0
873.62 0
874.26 0
874.9 0
875.54 0
876.18 0
876.82 0
877.46 0
878.1 0
878.74 0
879.38 0
880.02 0
880.66 0
881.3 0
881.94 0
882.58 0
883.22 0
883.86 0
884.5 0
885.14 0
885.78 0
886.42 0
887.059 0
887.699 0
888.339 0
888.979 0
889.619 0
890.259 0
890.899 0
891.539 0
892.179 0
892.819 0
893.459 0
894.099 0
894.739 0
895.379 0
896.019 0
896.659 0
897.299 0
897.939 0
898.579 0
899.219 0
899.859 0
900.499 0
901.139 0
901.779 0
902.419 0
903.059 0
903.699 0
904.339 0
904.979 0
905.619 0
906.258 0
906.898 0
907.538 0
908.178 0
908.818 0
909.458 0
910.098 0
910.738 0
911.378 0
912.018 0
912.658 0
913.298 0
913.938 0
914.578 0
915.218 0
915.858 0
916.498 0
917.138 0
917.778 0
918.418 0
919.058 0
919.698 0
920.338 0
920.978 0
921.618 0
922.258 0
922.898 0
923.538 0
924.178 0
924.817 0
925.457 0
926.097 0
926.737 0
927.377 0
928.017 0
928.657 0
929.297 0
929.937 0
930.577 0
931.217 0
931.857 0
932.497 0
933.137 0
933.777 0
934.417 0
935.057 0
935.697 0
936.337 0
936.977 0
937.617 0
938.257 0
938.897 0
939.537 0
940.177 0
940.817 0
941.457 0
942.097 0
942.737 0
943.377 0
944.016 0
944.656 0
945.296 0
945.936 0
946.576 0
947.216 0
947.856 0
948.496 0
949.136 0
949.776 0
950.416 0
951.056 0
951.696 0
952.336 0
952.976 0
953.616 0
954.256 0
954.896 0
955.536 0
956.176 0
956.816 0
957.456 0
958.096 0
958.736 0
959.376 0
960.016 0
960.656 0
961.296 0
961.936 0
962.575 0
963.215 0
963.855 0
964.495 0
965.135 0
965.775 0
966.415 0
967.055 0
967.695 0
968.335 0
968.975 0
969.615 0
970.255 0
970.895 0
971.535 0
972.175 0
972.815 0
973.455 0
974.095 0
974.735 0
975.375 0
976.015 0
976.655 0
977.295 0
977.935 0
978.575 0
979.215 0
979.855 0
980.495 0
981.135 0
981.774 0
982.414 0
983.054 0
983.694 0
984.334 0
984.974 0
985.614 0
986.254 0
986.894 0
987.534 0
988.174 0
988.814 0
989.454 0
990.094 0
990.734 0
991.374 0
992.014 0
992.654 0
993.294 0
993.934 0
994.574 0
995.214 0
995.854 0
996.494 0
997.134 0
997.774 0
998.414 0
999.054 0
999.694 0
1000.33 0
1000.97 0
1001.61 0
1002.25 0
1002.89 0
1003.53 0
1004.17 0
1004.81 0
1005.45 0
1006.09 0
1006.73 0
1007.37 0
1008.01 0
1008.65 0
1009.29 0
1009.93 0
1010.57 0
1011.21 0
1011.85 0
1012.49 0
1013.13 0
1013.77 0
1014.41 0
1015.05 0
1015.69 0
1016.33 0
1016.97 0
1017.61 0
1018.25 0
1018.89 0
1019.53 0
1020.17 0
1020.81 0
1021.45 0
1022.09 0
1022.73 0
1023.37 0
1024.01 0
1024.65 0
1025.29 0
1025.93 0
1026.57 0
1027.21 0
1027.85 0
1028.49 0
1029.13 0
1029.77 0
1030.41 0
1031.05 0
1031.69 0
1032.33 0
1032.97 0
1033.61 0
1034.25 0
1034.89 0
1035.53 0
1036.17 0
1036.81 0
1037.45 0
1038.09 0
1038.73 0
1039.37 0
1040.01 0
1040.65 0
1041.29 0
1041.93 0
1042.57 0
1043.21 0
1043.85 0
1044.49 0
1045.13 0
1045.77 0
1046.41 0
1047.05 0
1047.69 0
1048.33 0
1048.97 0
1049.61 0
1050.25 0
1050.89 0
1051.53 0
1052.17 0
1052.81 0
1053.45 0
1054.09 0
1054.73 0
1055.37 0
1056.01 0
1056.65 0
1057.29 0
1057.93 0
1058.57 0
1059.21 0
1059.85 0
1060.49 0
1061.13 0
1061.77 0
1062.41 0
1063.05 0
1063.69 0
1064.33 0
1064.97 0
1065.61 0
1066.25 0
1066.89 0
1067.53 0
1068.17 0
1068.81 0
1069.45 0
1070.09 0
1070.73 0
1071.37 0
1072.01 0
1072.65 0
1073.29 0
1073.93 0
1074.57 0
1075.21 0
1075.85 0
1076.49 0
1077.13 0
1077.77 0
1078.41 0
1079.05 0
1079.69 0
1080.33 0
1080.97 0
1081.61 0
1082.25 0
1082.89 0
1083.53 0
1084.17 0
1084.81 0
1085.45 0
1086.09 0
1086.73 0
1087.37 0
1088.01 0
1088.65 0
1089.29 0
1089.93 0
1090.57 0
1091.21 0
1091.85 0
1092.49 0
1093.13 0
1093.77 0
1094.41 0
1095.05 0
1095.69 0
1096.33 0
1096.97 0
1097.61 0
1098.25 0
1098.89 0
1099.53 0
1100.17 0
1100.81 0
1101.45 0
1102.09 0
1102.73 0
1103.37 0
1104.01 0
1104.65 0
1105.29 0
1105.93 0
1106.57 0
1107.21 0
1107.85 0
1108.49 0
1109.13 0
1109.77 0
1110.41 0
1111.05 0
1111.69 0
1112.33 0
1112.97 0
1113.61 0
1114.25 0
1114.89 0
1115.53 25.6716
1116.17 25.512
1116.81 25.3578
1117.45 25.2245
1118.09 25.145
1118.73 25.1519
1119.37 25.2187
1120.01 25.2274
1120.65 25.056
1121.29 24.7129
1121.93 24.327
1122.57 24.008
1123.21 23.7733
1123.85 23.5884
1124.49 23.4219
1125.13 23.2602
1125.77 0
1126.41 0
1127.05 0
1127.69 0
1128.33 0
1128.97 0
1129.61 0
1130.25 0
1130.89 0
1131.53 0
1132.17 0
1132.81 0
1133.45 0
1134.09 0
1134.73 0
1135.37 0
1136.01 0
1136.65 0
1137.29 0
1137.93 0
1138.57 0
1139.21 0
1139.85 0
1140.49 0
1141.13 0
1141.77 0
1142.41 0
1143.05 0
1143.69 0
1144.33 0
1144.97 0
1145.61 0
1146.25 0
1146.89 0
1147.53 0
1148.17 0
1148.81 0
1149.45 0
1150.09 0
1150.73 16.0971
1151.37 15.9008
1152.01 15.7128
1152.65 15.5511
1153.29 15.4438
1153.93 15.4007
1154.57 15.3689
1155.21 15.2453
1155.85 14.9737
1156.49 14.6091
1157.13 14.2546
1157.77 13.9639
1158.41 13.7278
1159.05 13.5184
1159.69 13.3175
1160.33 0
1160.96 0
1161.6 0
1162.24 0
1162.88 0
1163.52 0
1164.16 0
1164.8 0
1165.44 0
1166.08 0
1166.72 0
1167.36 0
1168 0
1168.64 11.6949
1169.28 11.6629
1169.92 11.6561
1170.56 11.7313
1171.2 11.9865
1171.84 12.4753
1172.48 13.0473
1173.12 13.3475
1173.76 13.128
1174.4 12.5258
1175.04 11.9049
1175.68 11.4968
1176.32 11.2979
1176.96 11.21
1177.6 11.1606
1178.24 0
1178.88 0
1179.52 0
1180.16 0
1180.8 0
1181.44 0
1182.08 0
1182.72 0
1183.36 0
1184 0
1184.64 0
1185.28 0
1185.92 0
1186.56 0
1187.2 0
1187.84 0
1188.48 0
1189.12 0
1189.76 0
1190.4 0
1191.04 0
1191.68 0
1192.32 0
1192.96 0
1193.6 0
1194.24 0
1194.88 0
1195.52 0
1196.16 0
1196.8 0
1197.44 0
1198.08 0
1198.72 0
1199.36 0
1200 0
1200.64 0
1201.28 0
1201.92 0
1202.56 0
1203.2 0
1203.84 0
1204.48 0
1205.12 0
1205.76 0
1206.4 0
1207.04 0
1207.68 0
1208.32 0
1208.96 0
1209.6 0
1210.24 0
1210.88 0
1211.52 0
1212.16 0
1212.8 0
1213.44 0
1214.08 0
1214.72 0
1215.36 0
1216 0
1216.64 0
1217.28 0
1217.92 0
1218.56 0
1219.2 0
1219.84 0
1220.48 0
1221.12 0
1221.76 0
1222.4 0
1223.04 0
1223.68 0
1224.32 0
1224.96 0
1225.6 0
1226.24 0
1226.88 0
1227.52 0
1228.16 0
1228.8 0
1229.44 0
1230.08 0
1230.72 0
1231.36 0
1232 0
1232.64 0
1233.28 0
1233.92 0
1234.56 0
1235.2 0
1235.84 0
1236.48 0
1237.12 0
1237.76 0
1238.4 0
1239.04 0
1239.68 0
1240.32 0
1240.96 0
1241.6 0
1242.24 0
1242.88 0
1243.52 0
1244.16 0
1244.8 0
1245.44 0
1246.08 0
1246.72 0
1247.36 0
1248 0
1248.64 0
1249.28 0
1249.92 0
1250.56 0
1251.2 0
1251.84 0
1252.48 0
1253.12 0
1253.76 0
1254.4 0
1255.04 0
1255.68 0
1256.32 0
1256.96 0
1257.6 0
1258.24 0
1258.88 0
1259.52 0
1260.16 0
1260.8 0
1261.44 0
1262.08 0
1262.72 0
1263.36 0
1264 0
1264.64 0
1265.28 0
1265.92 0
1266.56 0
1267.2 0
1267.84 0
1268.48 0
1269.12 0
1269.76 15.2494
1270.4 24.5284
1271.04 72.3802
1271.68 249.464
1272.32 725.689
1272.96 1638.01
1273.6 2817.79
1274.24 3679.31
1274.88 3643.55
1275.52 2736.96
1276.16 1561.19
1276.8 678.517
1277.44 227.595
1278.08 62.3492
1278.72 17.5861
1279.36 8.05954
1280 5.91835
1280.64 5.03336
1281.28 4.57896
1281.92 4.43906
1282.56 4.40612
1283.2 4.2823
1283.84 4.01117
1284.48 3.63884
1285.12 3.22254
1285.76 2.793
1286.4 0
1287.04 0
1287.68 0
1288.32 0
1288.96 0
1289.6 0
1290.24 0
1290.88 0
1291.52 0
1292.16 0
1292.8 0
1293.44 0
1294.08 0
1294.72 0
1295.36 0
1296 0
1296.64 0
1297.28 0
1297.92 0
1298.56 0
1299.2 0
1299.84 0
1300.48 0
1301.12 0
1301.76 0
1302.4 0
1303.04 0
1303.68 0
1304.32 0
1304.96 0
1305.6 0
1306.24 0
1306.88 0
1307.52 0
1308.16 0
1308.8 0
1309.44 0
1310.08 0
1310.72 0
1311.36 0
1312 0
1312.64 0
1313.28 0
1313.92 0
1314.56 0
1315.2 0
1315.84 0
1316.48 0
1317.12 0
1317.76 0
1318.4 0
1319.04 0
1319.68 0
1320.32 0
1320.96 0
1321.6 0
1322.24 0
1322.88 0
1323.52 0
1324.16 0
1324.8 0
1325.44 0
1326.08 0
1326.72 0
1327.36 0
1328 2.29028
1328.64 2.34726
1329.28 2.45524
1329.92 2.70318
1330.56 3.21023
1331.2 3.9919
1331.84 4.79505
1332.48 5.17925
1333.12 4.90702
1333.76 4.19649
1334.4 3.48778
1335.04 3.04745
1335.68 2.8704
1336.32 2.83913
1336.96 2.86222
1337.6 0
1338.24 0
1338.88 0
1339.52 0
1340.16 0
1340.8 0
1341.44 0
1342.08 0
1342.72 0
1343.36 0
1344 0
1344.64 0
1345.28 0
1345.92 0
1346.56 0
1347.2 0
1347.84 0
1348.48 0
1349.12 0
1349.75 0
1350.39 0
1351.03 0
1351.67 0
1352.31 0
1352.95 0
1353.59 0
1354.23 0
1354.87 0
1355.51 0
1356.15 0
1356.79 0
1357.43 0
1358.07 0
1358.71 0
1359.35 0
1359.99 0
1360.63 0
1361.27 0
1361.91 0
1362.55 0
1363.19 0
1363.83 0
1364.47 0
1365.11 0
1365.75 0
1366.39 0
1367.03 0
1367.67 0
1368.31 0
1368.95 0
1369.59 0
1370.23 0
1370.87 0
1371.51 0
1372.15 0
1372.79 0
1373.43 0
1374.07 0
1374.71 0
1375.35 0
1375.99 0
1376.63 0
1377.27 0
1377.91 0
1378.55 0
1379.19 0
1379.83 0
1380.47 0
1381.11 0
1381.75 0
1382.39 0
1383.03 0
1383.67 0
1384.31 0
1384.95 0
1385.59 0
1386.23 0
1386.87 0
1387.51 0
1388.15 0
1388.79 0
1389.43 0
1390.07 0
1390.71 0
1391.35 0
1391.99 0
1392.63 0
1393.27 0
1393.91 0
1394.55 0
1395.19 0
1395.83 0
1396.47 0
1397.11 0
1397.75 0
1398.39 0
1399.03 0
1399.67 0
1400.31 0
1400.95 0
1401.59 0
1402.23 0
1402.87 0
1403.51 0
1404.15 0
1404.79 0
1405.43 0
1406.07 0
1406.71 0
1407.35 0
1407.99 0
1408.63 0
1409.27 0
1409.91 0
1410.55 0
1411.19 0
1411.83 0
1412.47 0
1413.11 0
1413.75 0
1414.39 0
1415.03 0
1415.67 0
1416.31 0
1416.95 0
1417.59 0
1418.23 0
1418.87 0
1419.51 0
1420.15 0
1420.79 0
1421.43 0
1422.07 0
1422.71 0
1423.35 0
1423.99 0
1424.63 0
1425.27 0
1425.91 0
1426.55 0
1427.19 0
1427.83 0
1428.47 0
1429.11 0
1429.75 0
1430.39 0
1431.03 0
1431.67 0
1432.31 0
1432.95 0
1433.59 0
1434.23 0
1434.87 0
1435.51 0
1436.15 0
1436.79 0
1437.43 0
1438.07 0
1438.71 0
1439.35 0
1439.99 0
1440.63 0
1441.27 0
1441.91 0
1442.55 0
1443.19 0
1443.83 0
1444.47 0
1445.11 0
1445.75 0
1446.39 0
1447.03 0
1447.67 0
1448.31 0
1448.95 0
1449.59 0
1450.23 0
1450.87 0
1451.51 0
1452.15 0
1452.79 0
1453.43 0
1454.07 0
1454.71 0
1455.35 0
1455.99 2.27516
1456.63 2.24789
1457.27 2.31719
1457.91 2.67544
1458.55 3.6453
1459.19 5.44966
1459.83 7.74236
1460.47 9.44855
1461.11 9.48441
1461.75 7.78978
1462.39 5.389
1463.03 3.39989
1463.67 2.24174
1464.31 1.72623
1464.95 1.52665
1465.59 1.43658
1466.23 0
1466.87 0
1467.51 0
1468.15 0
1468.79 0
1469.43 0
1470.07 0
1470.71 0
1471.35 0
1471.99 0
1472.63 0
1473.27 0
1473.91 0
1474.55 0
1475.19 0
1475.83 0
1476.47 0
1477.11 0
1477.75 0
1478.39 0
1479.03 0
1479.67 0
1480.31 0
1480.95 0
1481.59 0
1482.23 0
1482.87 0
1483.51 0
1484.15 0
1484.79 0
1485.43 0
1486.07 0
1486.71 0
1487.35 0
1487.99 0
1488.63 0
1489.27 0
1489.91 0
1490.55 0
1491.19 0
1491.83 0
1492.47 0
1493.11 0
1493.75 0
1494.39 0
1495.03 0
1495.67 0
1496.31 0
1496.95 0
1497.59 0
1498.23 0
1498.87 0
1499.51 0
1500.15 0
1500.79 0
1501.43 0
1502.07 0
1502.71 0
1503.35 0
1503.99 0
1504.63 0
1505.27 0
1505.91 0
1506.55 0
1507.19 0
1507.83 0
1508.47 0
1509.11 0
1509.75 0
1510.39 0
1511.03 0
1511.67 0
1512.31 0
1512.95 0
1513.59 0
1514.23 0
1514.87 0
1515.51 0
1516.15 0
1516.79 0
1517.43 0
1518.07 0
1518.71 0
1519.35 0
1519.99 0
1520.63 0
1521.27 0
1521.91 0
1522.55 0
1523.19 0
1523.83 0
1524.47 0
1525.11 0
1525.75 0
1526.39 0
1527.03 0
1527.67 0
1528.31 0
1528.95 0
1529.59 0
1530.23 0
1530.87 0
1531.51 0
1532.15 0
1532.79 0
1533.43 0
1534.07 0
1534.71 0
1535.35 0
1535.99 0
1536.63 0
1537.27 0
1537.91 0
1538.54 0
1539.18 0
1539.82 0
1540.46 0
1541.1 0
1541.74 0
1542.38 0
1543.02 0
1543.66 0
1544.3 0
1544.94 0
1545.58 0
1546.22 0
1546.86 0
1547.5 0
1548.14 0
1548.78 0
1549.42 0
1550.06 0
1550.7 0
1551.34 0
1551.98 0
1552.62 0
1553.26 0
1553.9 0
1554.54 0
1555.18 0
1555.82 0
1556.46 0
1557.1 0
1557.74 0
1558.38 0
1559.02 0
1559.66 0
1560.3 0
1560.94 0
1561.58 0
1562.22 0
1562.86 0
1563.5 0
1564.14 0
1564.78 0
1565.42 0
1566.06 0
1566.7 0
1567.34 0
1567.98 0
1568.62 0
1569.26 0
1569.9 0
1570.54 0
1571.18 0
1571.82 0
1572.46 0
1573.1 0
1573.74 0
1574.38 0
1575.02 0
1575.66 0
1576.3 0
1576.94 0
1577.58 0
1578.22 0
1578.86 0
1579.5 0
1580.14 0
1580.78 0
1581.42 0
1582.06 0
1582.7 0
1583.34 0
1583.98 0
1584.62 0
1585.26 0
1585.9 0
1586.54 0
1587.18 0
1587.82 0
1588.46 0
1589.1 0
1589.74 0
1590.38 0
1591.02 0
1591.66 0
1592.3 0
1592.94 0
1593.58 0
1594.22 0
1594.86 0
1595.5 0
1596.14 0
1596.78 0
1597.42 0
1598.06 0
1598.7 0
1599.34 0
1599.98 0
1600.62 0
1601.26 0
1601.9 0
1602.54 0
1603.18 0
1603.82 0
1604.46 0
1605.1 0
1605.74 0
1606.38 0
1607.02 0
1607.66 0
1608.3 0
1608.94 0
1609.58 0
1610.22 0
1610.86 0
1611.5 0
1612.14 0
1612.78 0
1613.42 0
1614.06 0
1614.7 0
1615.34 0
1615.98 0
1616.62 0
1617.26 0
1617.9 0
1618.54 0
1619.18 0
1619.82 0
1620.46 0
1621.1 0
1621.74 0
1622.38 0
1623.02 0
1623.66 0
1624.3 0
1624.94 0
1625.58 0
1626.22 0
1626.86 0
1627.5 0
1628.14 0
1628.78 0
1629.42 0
1630.06 0
1630.7 0
1631.34 0
1631.98 0
1632.62 0
1633.26 0
1633.9 0
1634.54 0
1635.18 0
1635.82 0
1636.46 0
1637.1 0
1637.74 0
1638.38 0
1639.02 0
1639.66 0
1640.3 0
1640.94 0
1641.58 0
1642.22 0
1642.86 0
1643.5 0
1644.14 0
1644.78 0
1645.42 0
1646.06 0
1646.7 0
1647.34 0
1647.98 0
1648.62 0
1649.26 0
1649.9 0
1650.54 0
1651.18 0
1651.82 0
1652.46 0
1653.1 0
1653.74 0
1654.38 0
1655.02 0
1655.66 0
1656.3 0
1656.94 0
1657.58 0
1658.22 0
1658.86 0
1659.5 0
1660.14 0
1660.78 0
1661.42 0
1662.06 0
1662.7 0
1663.34 0
1663.98 0
1664.62 0
1665.26 0
1665.9 0
1666.54 0
1667.18 0
1667.82 0
1668.46 0
1669.1 0
1669.74 0
1670.38 0
1671.02 0
1671.66 0
1672.3 0
1672.94 0
1673.58 0
1674.22 0
1674.86 0
1675.5 0
1676.14 0
1676.78 0
1677.42 0
1678.06 0
1678.7 0
1679.34 0
1679.98 0
1680.62 0
1681.26 0
1681.9 0
1682.54 0
1683.18 0
1683.82 0
1684.46 0
1685.1 0
1685.74 0
1686.38 0
1687.02 0
1687.66 0
1688.3 0
1688.94 0
1689.58 0
1690.22 0
1690.86 0
1691.5 0
1692.14 0
1692.78 0
1693.42 0
1694.06 0
1694.7 0
1695.34 0
1695.98 0
1696.62 0
1697.26 0
1697.9 0
1698.54 0
1699.18 0
1699.82 0
1700.46 0
1701.1 0
1701.74 0
1702.38 0
1703.02 0
1703.66 0
1704.3 0
1704.94 0
1705.58 0
1706.22 0
1706.86 0
1707.5 0
1708.14 0
1708.78 0
1709.42 0
1710.06 0
1710.7 0
1711.34 0
1711.98 0
1712.62 0
1713.26 0
1713.9 0
1714.54 0
1715.18 0
1715.82 0
1716.46 0
1717.1 0
1717.74 0
1718.38 0
1719.02 0
1719.66 0
1720.3 0
1720.94 0
1721.58 0
1722.22 0
1722.86 0
1723.5 0
1724.14 0
1724.78 0
1725.42 0
1726.06 0
1726.7 0
1727.33 0
1727.97 0
1728.61 0
1729.25 0
1729.89 0
1730.53 0
1731.17 0
1731.81 0
1732.45 0
1733.09 0
1733.73 0
1734.37 0
1735.01 0
1735.65 0
1736.29 0
1736.93 0
1737.57 0
1738.21 0
1738.85 0
1739.49 0
1740.13 0
1740.77 0
1741.41 0
1742.05 0
1742.69 0
1743.33 0
1743.97 0
1744.61 0
1745.25 0
1745.89 0
1746.53 0
1747.17 0
1747.81 0
1748.45 0
1749.09 0
1749.73 0
1750.37 0
1751.01 0
1751.65 0
1752.29 0
1752.93 0
1753.57 0
1754.21 0
1754.85 0
1755.49 0
1756.13 0
1756.77 0
1757.41 0
1758.05 0
1758.69 0
1759.33 0
1759.97 0.448914
1760.61 0.485323
1761.25 0.600463
1761.89 0.883781
1762.53 1.41754
1763.17 2.16271
1763.81 2.87199
1764.45 3.19175
1765.09 2.93611
1765.73 2.25543
1766.37 1.49853
1767.01 0.934416
1767.65 0.624361
1768.29 0.49404
1768.93 0.451401
1769.57 0
1770.21 0
1770.85 0
1771.49 0
1772.13 0
1772.77 0
1773.41 0
1774.05 0
1774.69 0
1775.33 0
1775.97 0
1776.61 0
1777.25 0
1777.89 0
1778.53 0
1779.17 0
1779.81 0
1780.45 0
1781.09 0
1781.73 0
1782.37 0
1783.01 0
1783.65 0
1784.29 0
1784.93 0
1785.57 0
1786.21 0
1786.85 0
1787.49 0
1788.13 0
1788.77 0
1789.41 0
1790.05 0
1790.69 0
1791.33 0
1791.97 0
1792.61 0
1793.25 0
1793.89 0
1794.53 0
1795.17 0
1795.81 0
1796.45 0
1797.09 0
1797.73 0
1798.37 0
1799.01 0
1799.65 0
1800.29 0
1800.93 0
1801.57 0
1802.21 0
1802.85 0
1803.49 0
1804.13 0
1804.77 0
1805.41 0
1806.05 0
1806.69 0
1807.33 0
1807.97 0
1808.61 0
1809.25 0
1809.89 0
1810.53 0
1811.17 0
1811.81 0
1812.45 0
1813.09 0
1813.73 0
1814.37 0
1815.01 0
1815.65 0
1816.29 0
1816.93 0
1817.57 0
1818.21 0
1818.85 0
1819.49 0
1820.13 0
1820.77 0
1821.41 0
1822.05 0
1822.69 0
1823.33 0
1823.97 0
1824.61 0
1825.25 0
1825.89 0
1826.53 0
1827.17 0
1827.81 0
1828.45 0
1829.09 0
1829.73 0
1830.37 0
1831.01 0
1831.65 0
1832.29 0
1832.93 0
1833.57 0
1834.21 0
1834.85 0
1835.49 0
1836.13 0
1836.77 0
1837.41 0
1838.05 0
1838.69 0
1839.33 0
1839.97 0
1840.61 0
1841.25 0
1841.89 0
1842.53 0
1843.17 0
1843.81 0
1844.45 0
1845.09 0
1845.73 0
1846.37 0
1847.01 0
1847.65 0
1848.29 0
1848.93 0
1849.57 0
1850.21 0
1850.85 0
1851.49 0
1852.13 0
1852.77 0
1853.41 0
1854.05 0
1854.69 0
1855.33 0
1855.97 0
1856.61 0
1857.25 0
1857.89 0
1858.53 0
1859.17 0
1859.81 0
1860.45 0
1861.09 0
1861.73 0
1862.37 0
1863.01 0
1863.65 0
1864.29 0
1864.93 0
1865.57 0
1866.21 0
1866.85 0
1867.49 0
1868.13 0
1868.77 0
1869.41 0
1870.05 0
1870.69 0
1871.33 0
1871.97 0
1872.61 0
1873.25 0
1873.89 0
1874.53 0
1875.17 0
1875.81 0
1876.45 0
1877.09 0
1877.73 0
1878.37 0
1879.01 0
1879.65 0
1880.29 0
1880.93 0
1881.57 0
1882.21 0
1882.85 0
1883.49 0
1884.13 0
1884.77 0
1885.41 0
1886.05 0
1886.69 0
1887.33 0
1887.97 0
1888.61 0
1889.25 0
1889.89 0
1890.53 0
1891.17 0
1891.81 0
1892.45 0
1893.09 0
1893.73 0
1894.37 0
1895.01 0
1895.65 0
1896.29 0
1896.93 0
1897.57 0
1898.21 0
1898.85 0
1899.49 0
1900.13 0
1900.77 0
1901.41 0
1902.05 0
1902.69 0
1903.33 0
1903.97 0
1904.61 0
1905.25 0
1905.89 0
1906.53 0
1907.17 0
1907.81 0
1908.45 0
1909.09 0
1909.73 0
1910.37 0
1911.01 0
1911.65 0
1912.29 0
1912.93 0
1913.57 0
1914.21 0
1914.85 0
1915.49 0
1916.12 0
1916.76 0
1917.4 0
1918.04 0
1918.68 0
1919.32 0
1919.96 0
1920.6 0
1921.24 0
1921.88 0
1922.52 0
1923.16 0
1923.8 0
1924.44 0
1925.08 0
1925.72 0
1926.36 0
1927 0
1927.64 0
1928.28 0
1928.92 0
1929.56 0
1930.2 0
1930.84 0
1931.48 0
1932.12 0
1932.76 0
1933.4 0
1934.04 0
1934.68 0
1935.32 0
1935.96 0
1936.6 0
1937.24 0
1937.88 0
1938.52 0
1939.16 0
1939.8 0
1940.44 0
1941.08 0
1941.72 0
1942.36 0
1943 0
1943.64 0
1944.28 0
1944.92 0
1945.56 0
1946.2 0
1946.84 0
1947.48 0
1948.12 0
1948.76 0
1949.4 0
1950.04 0
1950.68 0
1951.32 0
1951.96 0
1952.6 0
1953.24 0
1953.88 0
1954.52 0
1955.16 0
1955.8 0
1956.44 0
1957.08 0
1957.72 0
1958.36 0
1959 0
1959.64 0
1960.28 0
1960.92 0
1961.56 0
1962.2 0
1962.84 0
1963.48 0
1964.12 0
1964.76 0
1965.4 0
1966.04 0
1966.68 0
1967.32 0
1967.96 0
1968.6 0
1969.24 0
1969.88 0
1970.52 0
1971.16 0
1971.8 0
1972.44 0
1973.08 0
1973.72 0
1974.36 0
1975 0
1975.64 0
1976.28 0
1976.92 0
1977.56 0
1978.2 0
1978.84 0
1979.48 0
1980.12 0
1980.76 0
1981.4 0
1982.04 0
1982.68 0
1983.32 0
1983.96 0
1984.6 0
1985.24 0
1985.88 0
1986.52 0
1987.16 0
1987.8 0
1988.44 0
1989.08 0
1989.72 0
1990.36 0
1991 0
1991.64 0
1992.28 0
1992.92 0
1993.56 0
1994.2 0
1994.84 0
1995.48 0
1996.12 0
1996.76 0
1997.4 0
1998.04 0
1998.68 0
1999.32 0
1999.96 0
2000.6 0
2001.24 0
2001.88 0
2002.52 0
2003.16 0
2003.8 0
2004.44 0
2005.08 0
2005.72 0
2006.36 0
2007 0
2007.64 0
2008.28 0
2008.92 0
2009.56 0
2010.2 0
2010.84 0
2011.48 0
2012.12 0
2012.76 0
2013.4 0
2014.04 0
2014.68 0
2015.32 0
2015.96 0
2016.6 0
2017.24 0
2017.88 0
2018.52 0
2019.16 0
2019.8 0
2020.44 0
2021.08 0
2021.72 0
2022.36 0
2023 0
2023.64 0
2024.28 0
2024.92 0
2025.56 0
2026.2 0
2026.84 0
2027.48 0
2028.12 0
2028.76 0
2029.4 0
2030.04 0
2030.68 0
2031.32 0
2031.96 0
2032.6 0
2033.24 0
2033.88 0
2034.52 0
2035.16 0
2035.8 0
2036.44 0
2037.08 0
2037.72 0
2038.36 0
2039 0
2039.64 0
2040.28 0
2040.92 0
2041.56 0
2042.2 0
2042.84 0
2043.48 0
2044.12 0
2044.76 0
2045.4 0
2046.04 0
2046.68 0
2047.32 0
2047.96 0
2048.6 0
2049.24 0
2049.88 0
2050.52 0
2051.16 0
2051.8 0
2052.44 0
2053.08 0
2053.72 0
2054.36 0
2055 0
2055.64 0
2056.28 0
2056.92 0
2057.56 0
2058.2 0
2058.84 0
2059.48 0
2060.12 0
2060.76 0
2061.4 0
2062.04 0
2062.68 0
2063.32 0
2063.96 0
2064.6 0
2065.24 0
2065.88 0
2066.52 0
2067.16 0
2067.8 0
2068.44 0
2069.08 0
2069.72 0
2070.36 0
2071 0
2071.64 0
2072.28 0
2072.92 0
2073.56 0
2074.2 0
2074.84 0
2075.48 0
2076.12 0
2076.76 0
2077.4 0
2078.04 0
2078.68 0
2079.32 0
2079.96 0
2080.6 0
2081.24 0
2081.88 0
2082.52 0
2083.16 0
2083.8 0
2084.44 0
2085.08 0
2085.72 0
2086.36 0
2087 0
2087.64 0
2088.28 0
2088.92 0
2089.56 0
2090.2 0
2090.84 0
2091.48 0
2092.12 0
2092.76 0
2093.4 0
2094.04 0
2094.68 0
2095.32 0
2095.96 0
2096.6 0
2097.24 0
2097.88 0
2098.52 0
2099.16 0
2099.8 0
2100.44 0
2101.08 0
2101.72 0
2102.36 0
2103 0
2103.64 0
2104.28 0
2104.91 0
2105.55 0
2106.19 0
2106.83 0
2107.47 0
2108.11 0
2108.75 0
2109.39 0
2110.03 0
2110.67 0
2111.31 0
2111.95 0
2112.59 0
2113.23 0
2113.87 0
2114.51 0
2115.15 0
2115.79 0
2116.43 0
2117.07 0
2117.71 0
2118.35 0
2118.99 0
2119.63 0
2120.27 0
2120.91 0
2121.55 0
2122.19 0
2122.83 0
2123.47 0
2124.11 0
2124.75 0
2125.39 0
2126.03 0
2126.67 0
2127.31 0
2127.95 0
2128.59 0
2129.23 0
2129.87 0
2130.51 0
2131.15 0
2131.79 0
2132.43 0
2133.07 0
2133.71 0
2134.35 0
2134.99 0
2135.63 0
2136.27 0
2136.91 0
2137.55 0
2138.19 0
2138.83 0
2139.47 0
2140.11 0
2140.75 0
2141.39 0
2142.03 0
2142.67 0
2143.31 0
2143.95 0
2144.59 0
2145.23 0
2145.87 0
2146.51 0
2147.15 0
2147.79 0
2148.43 0
2149.07 0
2149.71 0
2150.35 0
2150.99 0
2151.63 0
2152.27 0
2152.91 0
2153.55 0
2154.19 0
2154.83 0
2155.47 0
2156.11 0
2156.75 0
2157.39 0
2158.03 0
2158.67 0
2159.31 0
2159.95 0
2160.59 0
2161.23 0
2161.87 0
2162.51 0
2163.15 0
2163.79 0
2164.43 0
2165.07 0
2165.71 0
2166.35 0
2166.99 0
2167.63 0
2168.27 0
2168.91 0
2169.55 0
2170.19 0
2170.83 0
2171.47 0
2172.11 0
2172.75 0
2173.39 0
2174.03 0
2174.67 0
2175.31 0
2175.95 0
2176.59 0
2177.23 0
2177.87 0
2178.51 0
2179.15 0
2179.79 0
2180.43 0
2181.07 0
2181.71 0
2182.35 0
2182.99 0
2183.63 0
2184.27 0
2184.91 0
2185.55 0
2186.19 0
2186.83 0
2187.47 0
2188.11 0
2188.75 0
2189.39 0
2190.03 0
2190.67 0
2191.31 0
2191.95 0
2192.59 0
2193.23 0
2193.87 0
2194.51 0
2195.15 0
2195.79 0
2196.43 0
2197.07 0
2197.71 0
2198.35 0
2198.99 0
2199.63 0
2200.27 0
2200.91 0
2201.55 0
2202.19 0
2202.83 0
2203.47 0
2204.11 0
2204.75 0
2205.39 0
2206.03 0
2206.67 0
2207.31 0
2207.95 0
2208.59 0
2209.23 0
2209.87 0
2210.51 0
2211.15 0
2211.79 0
2212.43 0
2213.07 0
2213.71 0
2214.35 0
2214.99 0
2215.63 0
2216.27 0
2216.91 0
2217.55 0
2218.19 0
2218.83 0
2219.47 0
2220.11 0
2220.75 0
2221.39 0
2222.03 0
2222.67 0
2223.31 0
2223.95 0
2224.59 0
2225.23 0
2225.87 0
2226.51 0
2227.15 0
2227.79 0
2228.43 0
2229.07 0
2229.71 0
2230.35 0
2230.99 0
2231.63 0
2232.27 0
2232.91 0
2233.55 0
2234.19 0
2234.83 0
2235.47 0
2236.11 0
2236.75 0
2237.39 0
2238.03 0
2238.67 0
2239.31 0
2239.95 0
2240.59 0
2241.23 0
2241.87 0
2242.51 0
2243.15 0
2243.79 0
2244.43 0
2245.07 0
2245.71 0
2246.35 0
2246.99 0
2247.63 0
2248.27 0
2248.91 0
2249.55 0
2250.19 0
2250.83 0
2251.47 0
2252.11 0
2252.75 0
2253.39 0
2254.03 0
2254.67 0
2255.31 0
2255.95 0
2256.59 0
2257.23 0
2257.87 0
2258.51 0
2259.15 0
2259.79 0
2260.43 0
2261.07 0
2261.71 0
2262.35 0
2262.99 0
2263.63 0
2264.27 0
2264.91 0
2265.55 0
2266.19 0
2266.83 0
2267.47 0
2268.11 0
2268.75 0
2269.39 0
2270.03 0
2270.67 0
2271.31 0
2271.95 0
2272.59 0
2273.23 0
2273.87 0
2274.51 0
2275.15 0
2275.79 0
2276.43 0
2277.07 0
2277.71 0
2278.35 0
2278.99 0
2279.63 0
2280.27 0
2280.91 0
2281.55 0
2282.19 0
2282.83 0
2283.47 0
2284.11 0
2284.75 0
2285.39 0
2286.03 0
2286.67 0
2287.31 0
2287.95 0
2288.59 0
2289.23 0
2289.87 0
2290.51 0
2291.15 0
2291.79 0
2292.43 0
2293.07 0
2293.7 0
2294.34 0
2294.98 0
2295.62 0
2296.26 0
2296.9 0
2297.54 0
2298.18 0
2298.82 0
2299.46 0
2300.1 0
2300.74 0
2301.38 0
2302.02 0
2302.66 0
2303.3 0
2303.94 0
2304.58 0
2305.22 0
2305.86 0
2306.5 0
2307.14 0
2307.78 0
2308.42 0
2309.06 0
2309.7 0
2310.34 0
2310.98 0
2311.62 0
2312.26 0
2312.9 0
2313.54 0
2314.18 0
2314.82 0
2315.46 0
2316.1 0
2316.74 0
2317.38 0
2318.02 0
2318.66 0
2319.3 0
2319.94 0
2320.58 0
2321.22 0
2321.86 0
2322.5 0
2323.14 0
2323.78 0
2324.42 0
2325.06 0
2325.7 0
2326.34 0
2326.98 0
2327.62 0
2328.26 0
2328.9 0
2329.54 0
2330.18 0
2330.82 0
2331.46 0
2332.1 0
2332.74 0
2333.38 0
2334.02 0
2334.66 0
2335.3 0
2335.94 0
2336.58 0
2337.22 0
2337.86 0
2338.5 0
2339.14 0
2339.78 0
2340.42 0
2341.06 0
2341.7 0
2342.34 0
2342.98 0
2343.62 0
2344.26 0
2344.9 0
2345.54 0
2346.18 0
2346.82 0
2347.46 0
2348.1 0
2348.74 0
2349.38 0
2350.02 0
2350.66 0
2351.3 0
2351.94 0
2352.58 0
2353.22 0
2353.86 0
2354.5 0
2355.14 0
2355.78 0
2356.42 0
2357.06 0
2357.7 0
2358.34 0
2358.98 0
2359.62 0
2360.26 0
2360.9 0
2361.54 0
2362.18 0
2362.82 0
2363.46 0
2364.1 0
2364.74 0
2365.38 0
2366.02 0
2366.66 0
2367.3 0
2367.94 0
2368.58 0
2369.22 0
2369.86 0
2370.5 0
2371.14 0
2371.78 0
2372.42 0
2373.06 0
2373.7 0
2374.34 0
2374.98 0
2375.62 0
2376.26 0
2376.9 0
2377.54 0
2378.18 0
2378.82 0
2379.46 0
2380.1 0
2380.74 0
2381.38 0
2382.02 0
2382.66 0
2383.3 0
2383.94 0
2384.58 0
2385.22 0
2385.86 0
2386.5 0
2387.14 0
2387.78 0
2388.42 0
2389.06 0
2389.7 0
2390.34 0
2390.98 0
2391.62 0
2392.26 0
2392.9 0
2393.54 0
2394.18 0
2394.82 0
2395.46 0
2396.1 0
2396.74 0
2397.38 0
2398.02 0
2398.66 0
2399.3 0
2399.94 0
2400.58 0
2401.22 0
2401.86 0
2402.5 0
2403.14 0
2403.78 0
2404.42 0
2405.06 0
2405.7 0
2406.34 0
2406.98 0
2407.62 0
2408.26 0
2408.9 0
2409.54 0
2410.18 0
2410.82 0
2411.46 0
2412.1 0
2412.74 0
2413.38 0
2414.02 0
2414.66 0
2415.3 0
2415.94 0
2416.58 0
2417.22 0
2417.86 0
2418.5 0
2419.14 0
2419.78 0
2420.42 0
2421.06 0
2421.7 0
2422.34 0
2422.98 0
2423.62 0
2424.26 0
2424.9 0
2425.54 0
2426.18 0
2426.82 0
2427.46 0
2428.1 0
2428.74 0
2429.38 0
2430.02 0
2430.66 0
2431.3 0
2431.94 0
2432.58 0
2433.22 0
2433.86 0
2434.5 0
2435.14 0
2435.78 0
2436.42 0
2437.06 0
2437.7 0
2438.34 0
2438.98 0
2439.62 0
2440.26 0
2440.9 0
2441.54 0
2442.18 0
2442.82 0
2443.46 0
2444.1 0
2444.74 0
2445.38 0
2446.02 0
2446.66 0
2447.3 0
2447.94 0
2448.58 0
2449.22 0
2449.86 0
2450.5 0
2451.14 0
2451.78 0
2452.42 0
2453.06 0
2453.7 0
2454.34 0
2454.98 0
2455.62 0
2456.26 0
2456.9 0
2457.54 0
2458.18 0
2458.82 0
2459.46 0
2460.1 0
2460.74 0
2461.38 0
2462.02 0
2462.66 0
2463.3 0
2463.94 0
2464.58 0
2465.22 0
2465.86 0
2466.5 0
2467.14 0
2467.78 0
2468.42 0
2469.06 0
2469.7 0
2470.34 0
2470.98 0
2471.62 0
2472.26 0
2472.9 0
2473.54 0
2474.18 0
2474.82 0
2475.46 0
2476.1 0
2476.74 0
2477.38 0
2478.02 0
2478.66 0
2479.3 0
2479.94 0
2480.58 0
2481.22 0
2481.86 0
2482.49 0
2483.13 0
2483.77 0
2484.41 0
2485.05 0
2485.69 0
2486.33 0
2486.97 0
2487.61 0
2488.25 0
2488.89 0
2489.53 0
2490.17 0
2490.81 0
2491.45 0
2492.09 0
2492.73 0
2493.37 0
2494.01 0
2494.65 0
2495.29 0
2495.93 0
2496.57 0
2497.21 0
2497.85 0
2498.49 0
2499.13 0
2499.77 0
2500.41 0
2501.05 0
2501.69 0
2502.33 0
2502.97 0
2503.61 0
2504.25 0
2504.89 0
2505.53 0
2506.17 0
2506.81 0
2507.45 0
2508.09 0
2508.73 0
2509.37 0
2510.01 0
2510.65 0
2511.29 0
2511.93 0
2512.57 0
2513.21 0
2513.85 0
2514.49 0
2515.13 0
2515.77 0
2516.41 0
2517.05 0
2517.69 0
2518.33 0
2518.97 0
2519.61 0
2520.25 0
2520.89 0
2521.53 0
2522.17 0
2522.81 0
2523.45 0
2524.09 0
2524.73 0
2525.37 0
2526.01 0
2526.65 0
2527.29 0
2527.93 0
2528.57 0
2529.21 0
2529.85 0
2530.49 0
2531.13 0
2531.77 0
2532.41 0
2533.05 0
2533.69 0
2534.33 0
2534.97 0
2535.61 0
2536.25 0
2536.89 0
2537.53 0
2538.17 0
2538.81 0
2539.45 0
2540.09 0
2540.73 0
2541.37 0
2542.01 0
2542.65 0
2543.29 0
2543.93 0
2544.57 0
2545.21 0
2545.85 0
2546.49 0
2547.13 0
2547.77 0
2548.41 0
2549.05 0
2549.69 0
2550.33 0
2550.97 0
2551.61 0
2552.25 0
2552.89 0
2553.53 0
2554.17 0
2554.81 0
2555.45 0
2556.09 0
2556.73 0
2557.37 0
2558.01 0
2558.65 0
2559.29 0
2559.93 0
2560.57 0
2561.21 0
2561.85 0
2562.49 0
2563.13 0
2563.77 0
2564.41 0
2565.05 0
2565.69 0
2566.33 0
2566.97 0
2567.61 0
2568.25 0
2568.89 0
2569.53 0
2570.17 0
2570.81 0
2571.45 0
2572.09 0
2572.73 0
2573.37 0
2574.01 0
2574.65 0
2575.29 0
2575.93 0
2576.57 0
2577.21 0
2577.85 0
2578.49 0
2579.13 0
2579.77 0
2580.41 0
2581.05 0
2581.69 0
2582.33 0
2582.97 0
2583.61 0
2584.25 0
2584.89 0
2585.53 0
2586.17 0
2586.81 0
2587.45 0
2588.09 0
2588.73 0
2589.37 0
2590.01 0
2590.65 0
2591.29 0
2591.93 0
2592.57 0
2593.21 0
2593.85 0
2594.49 0
2595.13 0
2595.77 0
2596.41 0
2597.05 0
2597.69 0
2598.33 0
2598.97 0
2599.61 0
2600.25 0
2600.89 0
2601.53 0
2602.17 0
2602.81 0
2603.45 0
2604.09 0
2604.73 0
2605.37 0
2606.01 0
2606.65 0
2607.29 0
2607.93 0
2608.57 0
2609.21 0
2609.85 0.0270663
2610.49 0.0653829
2611.13 0.155375
2611.77 0.329829
2612.41 0.605035
2613.05 0.948715
2613.69 1.26692
2614.33 1.43902
2614.97 1.38979
2615.61 1.14151
2616.25 0.798035
2616.89 0.475921
2617.53 0.243566
2618.17 0.108861
2618.81 0.044794
2619.45 0
2620.09 0
2620.73 0
2621.37 0
2622.01 0
2622.65 0
2623.29 0
2623.93 0
2624.57 0
2625.21 0
2625.85 0
2626.49 0
2627.13 0
2627.77 0
2628.41 0
2629.05 0
2629.69 0
2630.33 0
2630.97 0
2631.61 0
2632.25 0
2632.89 0
2633.53 0
2634.17 0
2634.81 0
2635.45 0
2636.09 0
2636.73 0
2637.37 0
2638.01 0
2638.65 0
2639.29 0
2639.93 0
2640.57 0
2641.21 0
2641.85 0
2642.49 0
2643.13 0
2643.77 0
2644.41 0
2645.05 0
2645.69 0
2646.33 0
2646.97 0
2647.61 0
2648.25 0
2648.89 0
2649.53 0
2650.17 0
2650.81 0
2651.45 0
2652.09 0
2652.73 0
2653.37 0
2654.01 0
2654.65 0
2655.29 0
2655.93 0
2656.57 0
2657.21 0
2657.85 0
2658.49 0
2659.13 0
2659.77 0
2660.41 0
2661.05 0
2661.69 0
2662.33 0
2662.97 0
2663.61 0
2664.25 0
2664.89 0
2665.53 0
2666.17 0
2666.81 0
2667.45 0
2668.09 0
2668.73 0
2669.37 0
2670.01 0
2670.65 0
2671.28 0
2671.92 0
2672.56 0
2673.2 0
2673.84 0
2674.48 0
2675.12 0
2675.76 0
2676.4 0
2677.04 0
2677.68 0
2678.32 0
2678.96 0
2679.6 0
2680.24 0
2680.88 0
2681.52 0
2682.16 0
2682.8 0
2683.44 0
2684.08 0
2684.72 0
2685.36 0
2686 0
2686.64 0
2687.28 0
2687.92 0
2688.56 0
2689.2 0
2689.84 0
2690.48 0
2691.12 0
2691.76 0
2692.4 0
2693.04 0
2693.68 0
2694.32 0
2694.96 0
2695.6 0
2696.24 0
2696.88 0
2697.52 0
2698.16 0
2698.8 0
2699.44 0
2700.08 0
2700.72 0
2701.36 0
2702 0
2702.64 0
2703.28 0
2703.92 0
2704.56 0
2705.2 0
2705.84 0
2706.48 0
2707.12 0
2707.76 0
2708.4 0
2709.04 0
2709.68 0
2710.32 0
2710.96 0
2711.6 0
2712.24 0
2712.88 0
2713.52 0
2714.16 0
2714.8 0
2715.44 0
2716.08 0
2716.72 0
2717.36 0
2718 0
2718.64 0
2719.28 0
2719.92 0
2720.56 0
2721.2 0
2721.84 0
2722.48 0
2723.12 0
2723.76 0
2724.4 0
2725.04 0
2725.68 0
2726.32 0
2726.96 0
2727.6 0
2728.24 0
2728.88 0
2729.52 0
2730.16 0
2730.8 0
2731.44 0
2732.08 0
2732.72 0
2733.36 0
2734 0
2734.64 0
2735.28 0
2735.92 0
2736.56 0
2737.2 0
2737.84 0
2738.48 0
2739.12 0
2739.76 0
2740.4 0
2741.04 0
2741.68 0
2742.32 0
2742.96 0
2743.6 0
2744.24 0
2744.88 0
2745.52 0
2746.16 0
2746.8 0
2747.44 0
2748.08 0
2748.72 0
2749.36 0
2750 0
2750.64 0
2751.28 0
2751.92 0
2752.56 0
2753.2 0
2753.84 0
2754.48 0
2755.12 0
2755.76 0
2756.4 0
2757.04 0
2757.68 0
2758.32 0
2758.96 0
2759.6 0
2760.24 0
2760.88 0
2761.52 0
2762.16 0
2762.8 0
2763.44 0
2764.08 0
2764.72 0
2765.36 0
2766 0
2766.64 0
2767.28 0
2767.92 0
2768.56 0
2769.2 0
2769.84 0
2770.48 0
2771.12 0
2771.76 0
2772.4 0
2773.04 0
2773.68 0
2774.32 0
2774.96 0
2775.6 0
2776.24 0
2776.88 0
2777.52 0
2778.16 0
2778.8 0
2779.44 0
2780.08 0
2780.72 0
2781.36 0
2782 0
2782.64 0
2783.28 0
2783.92 0
2784.56 0
2785.2 0
2785.84 0
2786.48 0
2787.12 0
2787.76 0
2788.4 0
2789.04 0
2789.68 0
2790.32 0
2790.96 0
2791.6 0
2792.24 0
2792.88 0
2793.52 0
2794.16 0
2794.8 0
2795.44 0
2796.08 0
2796.72 0
2797.36 0
2798 0
2798.64 0
2799.28 0
2799.92 0
2800.56 0
2801.2 0
2801.84 0
2802.48 0
2803.12 0
2803.76 0
2804.4 0
2805.04 0
2805.68 0
2806.32 0
2806.96 0
2807.6 0
2808.24 0
2808.88 0
2809.52 0
2810.16 0
2810.8 0
2811.44 0
2812.08 0
2812.72 0
2813.36 0
2814 0
2814.64 0
2815.28 0
2815.92 0
2816.56 0
2817.2 0
2817.84 0
2818.48 0
2819.12 0
2819.76 0
2820.4 0
2821.04 0
2821.68 0
2822.32 0
2822.96 0
2823.6 0
2824.24 0
2824.88 0
2825.52 0
2826.16 0
2826.8 0
2827.44 0
2828.08 0
2828.72 0
2829.36 0
2830 0
2830.64 0
2831.28 0
2831.92 0
2832.56 0
2833.2 0
2833.84 0
2834.48 0
2835.12 0
2835.76 0
2836.4 0
2837.04 0
2837.68 0
2838.32 0
2838.96 0
2839.6 0
2840.24 0
2840.88 0
2841.52 0
2842.16 0
2842.8 0
2843.44 0
2844.08 0
2844.72 0
2845.36 0
2846 0
2846.64 0
2847.28 0
2847.92 0
2848.56 0
2849.2 0
2849.84 0
2850.48 0
2851.12 0
2851.76 0
2852.4 0
2853.04 0
2853.68 0
2854.32 0
2854.96 0
2855.6 0
2856.24 0
2856.88 0
2857.52 0
2858.16 0
2858.8 0
2859.44 0
2860.08 0
2860.71 0
2861.35 0
2861.99 0
2862.63 0
2863.27 0
2863.91 0
2864.55 0
2865.19 0
2865.83 0
2866.47 0
2867.11 0
2867.75 0
2868.39 0
2869.03 0
2869.67 0
2870.31 0
2870.95 0
2871.59 0
2872.23 0
2872.87 0
2873.51 0
2874.15 0
2874.79 0
2875.43 0
2876.07 0
2876.71 0
2877.35 0
2877.99 0
2878.63 0
2879.27 0
2879.91 0
2880.55 0
2881.19 0
2881.83 0
2882.47 0
2883.11 0
2883.75 0
2884.39 0
2885.03 0
2885.67 0
2886.31 0
2886.95 0
2887.59 0
2888.23 0
2888.87 0
2889.51 0
2890.15 0
2890.79 0
2891.43 0
2892.07 0
2892.71 0
2893.35 0
2893.99 0
2894.63 0
2895.27 0
2895.91 0
2896.55 0
2897.19 0
2897.83 0
2898.47 0
2899.11 0
2899.75 0
2900.39 0
2901.03 0
2901.67 0
2902.31 0
2902.95 0
2903.59 0
2904.23 0
2904.87 0
2905.51 0
2906.15 0
2906.79 0
2907.43 0
2908.07 0
2908.71 0
2909.35 0
2909.99 0
2910.63 0
2911.27 0
2911.91 0
2912.55 0
2913.19 0
2913.83 0
2914.47 0
2915.11 0
2915.75 0
2916.39 0
2917.03 0
2917.67 0
2918.31 0
2918.95 0
2919.59 0
2920.23 0
2920.87 0
2921.51 0
2922.15 0
2922.79 0
2923.43 0
2924.07 0
2924.71 0
2925.35 0
2925.99 0
2926.63 0
2927.27 0
2927.91 0
2928.55 0
2929.19 0
2929.83 0
2930.47 0
2931.11 0
2931.75 0
2932.39 0
2933.03 0
2933.67 0
2934.31 0
2934.95 0
2935.59 0
2936.23 0
2936.87 0
2937.51 0
2938.15 0
2938.79 0
2939.43 0
2940.07 0
2940.71 0
2941.35 0
2941.99 0
2942.63 0
2943.27 0
2943.91 0
2944.55 0
2945.19 0
2945.83 0
2946.47 0
2947.11 0
2947.75 0
2948.39 0
2949.03 0
2949.67 0
2950.31 0
2950.95 0
2951.59 0
2952.23 0
2952.87 0
2953.51 0
2954.15 0
2954.79 0
2955.43 0
2956.07 0
2956.71 0
2957.35 0
2957.99 0
2958.63 0
2959.27 0
2959.91 0
2960.55 0
2961.19 0
2961.83 0
2962.47 0
2963.11 0
2963.75 0
2964.39 0
2965.03 0
2965.67 0
2966.31 0
2966.95 0
2967.59 0
2968.23 0
2968.87 0
2969.51 0
2970.15 0
2970.79 0
2971.43 0
2972.07 0
2972.71 0
2973.35 0
2973.99 0
2974.63 0
2975.27 0
2975.91 0
2976.55 0
2977.19 0
2977.83 0
2978.47 0
2979.11 0
2979.75 0
2980.39 0
2981.03 0
2981.67 0
2982.31 0
2982.95 0
2983.59 0
2984.23 0
2984.87 0
2985.51 0
2986.15 0
2986.79 0
2987.43 0
2988.07 0
2988.71 0
2989.35 0
2989.99 0
2990.63 0
2991.27 0
2991.91 0
2992.55 0
2993.19 0
2993.83 0
2994.47 0
2995.11 0
2995.75 0
2996.39 0
2997.03 0
2997.67 0
2998.31 0
2998.95 0
2999.59 0
3000.23 0
3000.87 0
3001.51 0
3002.15 0
3002.79 0
3003.43 0
3004.07 0
3004.71 0
3005.35 0
3005.99 0
3006.63 0
3007.27 0
3007.91 0
3008.55 0
3009.19 0
3009.83 0
3010.47 0
3011.11 0
3011.75 0
3012.39 0
3013.03 0
3013.67 0
3014.31 0
3014.95 0
3015.59 0
3016.23 0
3016.87 0
3017.51 0
3018.15 0
3018.79 0
3019.43 0
3020.07 0
3020.71 0
3021.35 0
3021.99 0
3022.63 0
3023.27 0
3023.91 0
3024.55 0
3025.19 0
3025.83 0
3026.47 0
3027.11 0
3027.75 0
3028.39 0
3029.03 0
3029.67 0
3030.31 0
3030.95 0
3031.59 0
3032.23 0
3032.87 0
3033.51 0
3034.15 0
3034.79 0
3035.43 0
3036.07 0
3036.71 0
3037.35 0
3037.99 0
3038.63 0
3039.27 0
3039.91 0
3040.55 0
3041.19 0
3041.83 0
3042.47 0
3043.11 0
3043.75 0
3044.39 0
3045.03 0
3045.67 0
3046.31 0
3046.95 0
3047.59 0
3048.23 0
3048.87 0
3049.5 0
3050.14 0
3050.78 0
3051.42 0
3052.06 0
3052.7 0
3053.34 0
3053.98 0
3054.62 0
3055.26 0
3055.9 0
3056.54 0
3057.18 0
3057.82 0
3058.46 0
3059.1 0
3059.74 0
3060.38 0
3061.02 0
3061.66 0
3062.3 0
3062.94 0
3063.58 0
3064.22 0
3064.86 0
3065.5 0
3066.14 0
3066.78 0
3067.42 0
3068.06 0
3068.7 0
3069.34 0
3069.98 0
3070.62 0
3071.26 0
3071.9 0
3072.54 0
3073.18 0
3073.82 0
3074.46 0
3075.1 0
3075.74 0
3076.38 0
3077.02 0
3077.66 0
3078.3 0
3078.94 0
3079.58 0
3080.22 0
3080.86 0
3081.5 0
3082.14 0
3082.78 0
3083.42 0
3084.06 0
3084.7 0
3085.34 0
3085.98 0
3086.62 0
3087.26 0
3087.9 0
3088.54 0
3089.18 0
3089.82 0
3090.46 0
3091.1 0
3091.74 0
3092.38 0
3093.02 0
3093.66 0
3094.3 0
3094.94 0
3095.58 0
3096.22 0
3096.86 0
3097.5 0
3098.14 0
3098.78 0
3099.42 0
3100.06 0
3100.7 0
3101.34 0
3101.98 0
3102.62 0
3103.26 0
3103.9 0
3104.54 0
3105.18 0
3105.82 0
3106.46 0
3107.1 0
3107.74 0
3108.38 0
3109.02 0
3109.66 0
3110.3 0
3110.94 0
3111.58 0
3112.22 0
3112.86 0
3113.5 0
3114.14 0
3114.78 0
3115.42 0
3116.06 0
3116.7 0
3117.34 0
3117.98 0
3118.62 0
3119.26 0
3119.9 0
3120.54 0
3121.18 0
3121.82 0
3122.46 0
3123.1 0
3123.74 0
3124.38 0
3125.02 0
3125.66 0
3126.3 0
3126.94 0
3127.58 0
3128.22 0
3128.86 0
3129.5 0
3130.14 0
3130.78 0
3131.42 0
3132.06 0
3132.7 0
3133.34 0
3133.98 0
3134.62 0
3135.26 0
3135.9 0
3136.54 0
3137.18 0
3137.82 0
3138.46 0
3139.1 0
3139.74 0
3140.38 0
3141.02 0
3141.66 0
3142.3 0
3142.94 0
3143.58 0
3144.22 0
3144.86 0
3145.5 0
3146.14 0
3146.78 0
3147.42 0
3148.06 0
3148.7 0
3149.34 0
3149.98 0
3150.62 0
3151.26 0
3151.9 0
3152.54 0
3153.18 0
3153.82 0
3154.46 0
3155.1 0
3155.74 0
3156.38 0
3157.02 0
3157.66 0
3158.3 0
3158.94 0
3159.58 0
3160.22 0
3160.86 0
3161.5 0
3162.14 0
3162.78 0
3163.42 0
3164.06 0
3164.7 0
3165.34 0
3165.98 0
3166.62 0
3167.26 0
3167.9 0
3168.54 0
3169.18 0
3169.82 0
3170.46 0
3171.1 0
3171.74 0
3172.38 0
3173.02 0
3173.66 0
3174.3 0
3174.94 0
3175.58 0
3176.22 0
3176.86 0
3177.5 0
3178.14 0
3178.78 0
3179.42 0
3180.06 0
3180.7 0
3181.34 0
3181.98 0
3182.62 0
3183.26 0
3183.9 0
3184.54 0
3185.18 0
3185.82 0
3186.46 0
3187.1 0
3187.74 0
3188.38 0
3189.02 0
3189.66 0
3190.3 0
3190.94 0
3191.58 0
3192.22 0
3192.86 0
3193.5 0
3194.14 0
3194.78 0
3195.42 0
3196.06 0
3196.7 0
3197.34 0
3197.98 0
3198.62 0
3199.26 0
3199.9 0
