0.599114 0
1.23913 0
1.87914 0
2.51916 0
3.15917 0
3.79919 0
4.4392 0
5.07922 0
5.71924 0
6.35925 0
6.99927 0
7.63928 0
8.2793 0
8.91931 0
9.55933 0
10.1993 0
10.8394 0
11.4794 0
12.1194 0
12.7594 0
13.3994 0
14.0394 0
14.6794 0
15.3195 0
15.9595 0
16.5995 0
17.2395 0
17.8795 0
18.5195 0
19.1596 0
19.7996 0
20.4396 0
21.0796 0
21.7196 0
22.3596 0
22.9996 0
23.6397 0
24.2797 0
24.9197 0
25.5597 0
26.1997 0
26.8397 0
27.4798 0
28.1198 0
28.7598 0
29.3998 0
30.0398 0
30.6798 0
31.3198 0
31.9599 0
32.5999 0
33.2399 0
33.8799 0
34.5199 0
35.1599 0
35.7999 0
36.44 0
37.08 0
37.72 0
38.36 0
39 0
39.64 0
40.2801 0
40.9201 0
41.5601 0
42.2001 0
42.8401 0
43.4801 0
44.1201 0
44.7602 0
45.4002 0
46.0402 0
46.6802 0
47.3202 0
47.9602 0
48.6003 0
49.2403 0
49.8803 0
50.5203 0
51.1603 0
51.8003 0
52.4403 0
53.0804 0
53.7204 0
54.3604 0
55.0004 0
55.6404 0
56.2804 0
56.9204 0
57.5605 0
58.2005 0
58.8405 0
59.4805 0
60.1205 0
60.7605 0
61.4006 0
62.0406 0
62.6806 0
63.3206 0
63.9606 0
64.6006 0
65.2406 0
65.8807 0
66.5207 0
67.1607 0
67.8007 0
68.4407 0
69.0807 0
69.7208 0
70.3608 0
71.0008 0
71.6408 0
72.2808 0
72.9208 0
73.5608 0
74.2009 0
74.8409 0
75.4809 0
76.1209 0
76.7609 0
77.4009 0
78.0409 0
78.681 0
79.321 0
79.961 0
80.601 0
81.241 0
81.881 0
82.5211 0
83.1611 0
83.8011 0
84.4411 0
85.0811 0
85.7211 0
86.3611 0
87.0012 0
87.6412 0
88.2812 0
88.9212 0
89.5612 0
90.2012 0
90.8413 0
91.4813 0
92.1213 0
92.7613 0
93.4013 0
94.0413 0
94.6813 0
95.3214 0
95.9614 0
96.6014 0
97.2414 0
97.8814 0
98.5214 0
99.1615 0
99.8015 0
100.441 0
101.081 0
101.722 0
102.362 0
103.002 0
103.642 0
104.282 0
104.922 0
105.562 0
106.202 0
106.842 0
107.482 0
108.122 0
108.762 0
109.402 0
110.042 0
110.682 0
111.322 0
111.962 0
112.602 0
113.242 0
113.882 0
114.522 0
115.162 0
115.802 0
116.442 0
117.082 0
117.722 0
118.362 0
119.002 0
119.642 0
120.282 0
120.922 0
121.562 0
122.202 0
122.842 0
123.482 0
124.122 0
124.762 0
125.402 0
126.042 0
126.682 0
127.322 0
127.962 0
128.602 0
129.242 0
129.882 0
130.522 0
131.162 0
131.802 0
132.442 0
133.082 0
133.722 0
134.362 0
135.002 0
135.642 0
136.282 0
136.922 0
137.562 0
138.202 0
138.842 0
139.482 0
140.122 0
140.762 0
141.402 0
142.042 0
142.682 0
143.322 0
143.963 0
144.603 0
145.243 0
145.883 0
146.523 0
147.163 0
147.803 0
148.443 0
149.083 0
149.723 0
150.363 0
151.003 0
151.643 0
152.283 0
152.923 0
153.563 0
154.203 0
154.843 0
155.483 0
156.123 0
156.763 0
157.403 0
158.043 0
158.683 0
159.323 0
159.963 0
160.603 0
161.243 0
161.883 0
162.523 0
163.163 0
163.803 0
164.443 0
165.083 0
165.723 0
166.363 0
167.003 0
167.643 0
168.283 0
168.923 0
169.563 0
170.203 0
170.843 0
171.483 0
172.123 0
172.763 0
173.403 0
174.043 0
174.683 0
175.323 0
175.963 0
176.603 0
177.243 0
177.883 0
178.523 0
179.163 0
179.803 0
180.443 0
181.083 0
181.723 0
182.363 0
183.003 0
183.643 0
184.283 0
184.923 0
185.563 0
186.204 0
186.844 0
187.484 0
188.124 0
188.764 0
189.404 0
190.044 0
190.684 0
191.324 0
191.964 0
192.604 0
193.244 0
193.884 0
194.524 0
195.164 0
195.804 0
196.444 0
197.084 0
197.724 0
198.364 0
199.004 0
199.644 0
200.284 0
200.924 0
201.564 0
202.204 0
202.844 0
203.484 0
204.124 0
204.764 0
205.404 0
206.044 0
206.684 0
207.324 0
207.964 0
208.604 0
209.244 0
209.884 0
210.524 0
211.164 0
211.804 0
212.444 0
213.084 0
213.724 0
214.364 0
215.004 0
215.644 0
216.284 0
216.924 0
217.564 0
218.204 0
218.844 0
219.484 0
220.124 0
220.764 0
221.404 0
222.044 0
222.684 0
223.324 0
223.964 0
224.604 0
225.244 0
225.884 0
226.524 0
227.164 0
227.805 0
228.445 0
229.085 0
229.725 0
230.365 0
231.005 0
231.645 0
232.285 0
232.925 0
233.565 0
234.205 0
234.845 0
235.485 0
236.125 0
236.765 0
237.405 0
238.045 0
238.685 0
239.325 0
239.965 0
240.605 0
241.245 0
241.885 0
242.525 0
243.165 0
243.805 0
244.445 0
245.085 0
245.725 0
246.365 0
247.005 0
247.645 0
248.285 0
248.925 0
249.565 0
250.205 0
250.845 0
251.485 0
252.125 0
252.765 0
253.405 0
254.045 0
254.685 0
255.325 0
255.965 0
256.605 0
257.245 0
257.885 0
258.525 0
259.165 0
259.805 0
260.445 0
261.085 0
261.725 0
262.365 0
263.005 0
263.645 0
264.285 0
264.925 0
265.565 0
266.205 0
266.845 0
267.485 0
268.125 0
268.765 0
269.405 0
270.046 0
270.686 0
271.326 0
271.966 0
272.606 0
273.246 0
273.886 0
274.526 0
275.166 0
275.806 0
276.446 0
277.086 0
277.726 0
278.366 0
279.006 0
279.646 0
280.286 0
280.926 0
281.566 0
282.206 0
282.846 0
283.486 0
284.126 0
284.766 0
285.406 0
286.046 0
286.686 0
287.326 0
287.966 0
288.606 0
289.246 0
289.886 0
290.526 0
291.166 0
291.806 0
292.446 0
293.086 0
293.726 0
294.366 0
295.006 0
295.646 0
296.286 0
296.926 0
297.566 0
298.206 0
298.846 0
299.486 0
300.126 0
300.766 0
301.406 0
302.046 0
302.686 0
303.326 0
303.966 0
304.606 0
305.246 0
305.886 0
306.526 0
307.166 0
307.806 0
308.446 0
309.086 0
309.726 0
310.366 0
311.006 0
311.646 0
312.287 0
312.927 0
313.567 0
314.207 0
314.847 0
315.487 0
316.127 0
316.767 0
317.407 0
318.047 0
318.687 0
319.327 0
319.967 0
320.607 0
321.247 0
321.887 0
322.527 0
323.167 0
323.807 0
324.447 0
325.087 0
325.727 0
326.367 0
327.007 0
327.647 0
328.287 0
328.927 0
329.567 0
330.207 0
330.847 0
331.487 0
332.127 0
332.767 0
333.407 0
334.047 0
334.687 0
335.327 0
335.967 0
336.607 0
337.247 0
337.887 0
338.527 0
339.167 0
339.807 0
340.447 0
341.087 0
341.727 0
342.367 0
343.007 0
343.647 0
344.287 0
344.927 0
345.567 0
346.207 0
346.847 0
347.487 0
348.127 0
348.767 0
349.407 0
350.047 0
350.687 0
351.327 0
351.967 0
352.607 0
353.247 0
353.887 0
354.528 0
355.168 0
355.808 0
356.448 0
357.088 0
357.728 0
358.368 0
359.008 0
359.648 0
360.288 0
360.928 0
361.568 0
362.208 0
362.848 0
363.488 0
364.128 0
364.768 0
365.408 0
366.048 0
366.688 0
367.328 0
367.968 0
368.608 0
369.248 0
369.888 0
370.528 0
371.168 0
371.808 0
372.448 0
373.088 0
373.728 0
374.368 0
375.008 0
375.648 0
376.288 0
376.928 0
377.568 0
378.208 0
378.848 0
379.488 0
380.128 0
380.768 0
381.408 0
382.048 0
382.688 0
383.328 0
383.968 0
384.608 0
385.248 0
385.888 0
386.528 0
387.168 0
387.808 0
388.448 0
389.088 0
389.728 0
390.368 0
391.008 0
391.648 0
392.288 0
392.928 0
393.568 0
394.208 0
394.848 0
395.488 0
396.128 0
396.769 0
397.409 0
398.049 0
398.689 0
399.329 0
399.969 0
400.609 0
401.249 0
401.889 0
402.529 0
403.169 0
403.809 0
404.449 0
405.089 0
405.729 0
406.369 0
407.009 0
407.649 0
408.289 0
408.929 0
409.569 0
410.209 0
410.849 0
411.489 0
412.129 0
412.769 0
413.409 0
414.049 0
414.689 0
415.329 0
415.969 0
416.609 0
417.249 0
417.889 0
418.529 0
419.169 0
419.809 0
420.449 0
421.089 0
421.729 0
422.369 0
423.009 0
423.649 0
424.289 0
424.929 0
425.569 0
426.209 0
426.849 0
427.489 0
428.129 0
428.769 0
429.409 0
430.049 0
430.689 0
431.329 0
431.969 0
432.609 0
433.249 0
433.889 0
434.529 0
435.169 0
435.809 0
436.449 0
437.089 0
437.729 0
438.369 0
439.01 0
439.65 0
440.29 0
440.93 0
441.57 0
442.21 0
442.85 0
443.49 0
444.13 0
444.77 0
445.41 0
446.05 0
446.69 0
447.33 0
447.97 0
448.61 0
449.25 0
449.89 0
450.53 0
451.17 0
451.81 0
452.45 0
453.09 0
453.73 0
454.37 0
455.01 0
455.65 0
456.29 0
456.93 0
457.57 0
458.21 0
458.85 0
459.49 0
460.13 0
460.77 0
461.41 0
462.05 0
462.69 0
463.33 0
463.97 0
464.61 0
465.25 0
465.89 0
466.53 0
467.17 0
467.81 0
468.45 0
469.09 0
469.73 0
470.37 0
471.01 0
471.65 0
472.29 0
472.93 0
473.57 0
474.21 0
474.85 0
475.49 0
476.13 0
476.77 0
477.41 0
478.05 0
478.69 0
479.33 0
479.97 0
480.61 0
481.251 0
481.891 0
482.531 0
483.171 0
483.811 0
484.451 0
485.091 0
485.731 0
486.371 0
487.011 0
487.651 0
488.291 0
488.931 0
489.571 0
490.211 0
490.851 0
491.491 0
492.131 0
492.771 0
493.411 0
494.051 0
494.691 0
495.331 0
495.971 0
496.611 0
497.251 0
497.891 0
498.531 0
499.171 0
499.811 0
500.451 0
501.091 0
501.731 0
502.371 0
503.011 0
503.651 0
504.291 0
504.931 0
505.571 0
506.211 0
506.851 0
507.491 0
508.131 0
508.771 0
509.411 0
510.051 0
510.691 0
511.331 0
511.971 0
512.611 0
513.251 0
513.891 0
514.531 0
515.171 0
515.811 0
516.451 0
517.091 0
517.731 0
518.371 0
519.011 0
519.651 0
520.291 0
520.931 0
521.571 0
522.211 0
522.851 0
523.492 0
524.132 0
524.772 0
525.412 0
526.052 0
526.692 0
527.332 0
527.972 0
528.612 0
529.252 0
529.892 0
530.532 0
531.172 0
531.812 0
532.452 0
533.092 0
533.732 0
534.372 0
535.012 0
535.652 0
536.292 0
536.932 0
537.572 0
538.212 0
538.852 0
539.492 0
540.132 0
540.772 0
541.412 0
542.052 0
542.692 0
543.332 0
543.972 0
544.612 0
545.252 0
545.892 0
546.532 0
547.172 0
547.812 0
548.452 0
549.092 0
549.732 0
550.372 0
551.012 0
551.652 0
552.292 0
552.932 0
553.572 0
554.212 0
554.852 0
555.492 0
556.132 0
556.772 0
557.412 0
558.052 0
558.692 0
559.332 0
559.972 0
560.612 0
561.252 0
561.892 0
562.532 0
563.172 0
563.812 0
564.452 0
565.092 0
565.733 0
566.373 0
567.013 0
567.653 0
568.293 0
568.933 0
569.573 0
570.213 0
570.853 0
571.493 0
572.133 0
572.773 0
573.413 0
574.053 0
574.693 0
575.333 0
575.973 0
576.613 0
577.253 0
577.893 0
578.533 0
579.173 0
579.813 0
580.453 0
581.093 0
581.733 0
582.373 0
583.013 0
583.653 0
584.293 0
584.933 0
585.573 0
586.213 0
586.853 0
587.493 0
588.133 0
588.773 0
589.413 0
590.053 0
590.693 0
591.333 0
591.973 0
592.613 0
593.253 0
593.893 0
594.533 0
595.173 0
595.813 0
596.453 0
597.093 0
597.733 0
598.373 0
599.013 0
599.653 0
600.293 0
600.933 0
601.573 0
602.213 0
602.853 0
603.493 0
604.133 0
604.773 0
605.413 0
606.053 0
606.693 0
607.333 0
607.974 0
608.614 0
609.254 0
609.894 0
610.534 0
611.174 0
611.814 0
612.454 0
613.094 0
613.734 0
614.374 0
615.014 0
615.654 0
616.294 0
616.934 0
617.574 0
618.214 0
618.854 0
619.494 0
620.134 0
620.774 0
621.414 0
622.054 0
622.694 0
623.334 0
623.974 0
624.614 0
625.254 0
625.894 0
626.534 0
627.174 0
627.814 0
628.454 0
629.094 0
629.734 0
630.374 0
631.014 0
631.654 0
632.294 0
632.934 0
633.574 0
634.214 0
634.854 0
635.494 0
636.134 0
636.774 0
637.414 0
638.054 0
638.694 0
639.334 0
639.974 0
640.614 0
641.254 0
641.894 0
642.534 0
643.174 0
643.814 0
644.454 0
645.094 0
645.734 0
646.374 0
647.014 0
647.654 0
648.294 0
648.934 0
649.574 0
650.215 0
650.855 0
651.495 0
652.135 0
652.775 0
653.415 0
654.055 0
654.695 0
655.335 0
655.975 0
656.615 0
657.255 0
657.895 0
658.535 0
659.175 0
659.815 0
660.455 0
661.095 0
661.735 2387.55
662.375 1864.88
663.015 979.97
663.655 346.915
664.295 83.1328
664.935 13.963
665.575 2.17644
666.215 0.779183
666.855 0.577718
667.495 0.50318
668.135 0.474993
668.775 0.467843
669.415 0.466655
670.055 0
670.695 0
671.335 0
671.975 0
672.615 0
673.255 0
673.895 0
674.535 0
675.175 0
675.815 0
676.455 0
677.095 0
677.735 0
678.375 0
679.015 0
679.655 0
680.295 0
680.935 0
681.575 0
682.215 0
682.855 0
683.495 0
684.135 0
684.775 0
685.415 0
686.055 0
686.695 0
687.335 0
687.975 0
688.615 0
689.255 0
689.895 0
690.535 0
691.175 0
691.816 0
692.456 0
693.096 0
693.736 0
694.376 0
695.016 0
695.656 0
696.296 0
696.936 0
697.576 0
698.216 0
698.856 0
699.496 0
700.136 0
700.776 0
701.416 0
702.056 0
702.696 0
703.336 0
703.976 0
704.616 0
705.256 0
705.896 0
706.536 0
707.176 0
707.816 0
708.456 0
709.096 0
709.736 0
710.376 0
711.016 0
711.656 0
712.296 0
712.936 0
713.576 0
714.216 0
714.856 0
715.496 0
716.136 0
716.776 0
717.416 0
718.056 0
718.696 0
719.336 0
719.976 0
720.616 0
721.256 0
721.896 0
722.536 0
723.176 0
723.816 0
724.456 0
725.096 0
725.736 0
726.376 0
727.016 0
727.656 0
728.296 0
728.936 0
729.576 0
730.216 0
730.856 0
731.496 0
732.136 0
732.776 0
733.416 0
734.057 0
734.697 0
735.337 0
735.977 0
736.617 0
737.257 0
737.897 0
738.537 0
739.177 0
739.817 0
740.457 0
741.097 0
741.737 0
742.377 0
743.017 0
743.657 0
744.297 0
744.937 0
745.577 0
746.217 0
746.857 0
747.497 0
748.137 0
748.777 0
749.417 0
750.057 0
750.697 0
751.337 0
751.977 0
752.617 0
753.257 0
753.897 0
754.537 0
755.177 0
755.817 0
756.457 0
757.097 0
757.737 0
758.377 0
759.017 0
759.657 0
760.297 0
760.937 0
761.577 0
762.217 0
762.857 0
763.497 0
764.137 0
764.777 0
765.417 0
766.057 0
766.697 0
767.337 0
767.977 0
768.617 0
769.257 0
769.897 0
770.537 0
771.177 0
771.817 0
772.457 0
773.097 0
773.737 0
774.377 0
775.017 0
775.657 0
776.298 0
776.938 0
777.578 0
778.218 0
778.858 0
779.498 0
780.138 0
780.778 0
781.418 0
782.058 0
782.698 0
783.338 0
783.978 0
784.618 0
785.258 0
785.898 0
786.538 0
787.178 0
787.818 0
788.458 0
789.098 0
789.738 0
790.378 0
791.018 0
791.658 0
792.298 0
792.938 0
793.578 0
794.218 0
794.858 0
795.498 0
796.138 0
796.778 0
797.418 0
798.058 0
798.698 0
799.338 0
799.978 0
800.618 0
801.258 0
801.898 0
802.538 0
803.178 0
803.818 0
804.458 0
805.098 0
805.738 0
806.378 0
807.018 0
807.658 0
808.298 0
808.938 0
809.578 0
810.218 0
810.858 0
811.498 0
812.138 0
812.778 0
813.418 0
814.058 0
814.698 0
815.338 0
815.978 0
816.618 0
817.258 0
817.898 0
818.539 0
819.179 0
819.819 0
820.459 0
821.099 0
821.739 0
822.379 0
823.019 0
823.659 0
824.299 0
824.939 0
825.579 0
826.219 0
826.859 0
827.499 0
828.139 0
828.779 0
829.419 0
830.059 0
830.699 0
831.339 0
831.979 0
832.619 0
833.259 0
833.899 0
834.539 0
835.179 0
835.819 0
836.459 0
837.099 0
837.739 0
838.379 0
839.019 0
839.659 0
840.299 0
840.939 0
841.579 0
842.219 0
842.859 0
843.499 0
844.139 0
844.779 0
845.419 0
846.059 0
846.699 0
847.339 0
847.979 0
848.619 0
849.259 0
849.899 0
850.539 0
851.179 0
851.819 0
852.459 0
853.099 0
853.739 0
854.379 0
855.019 0
855.659 0
856.299 0
856.939 0
857.579 0
858.219 0
858.859 0
859.499 0
860.139 0
860.78 0
861.42 0
862.06 0
862.7 0
863.34 0
863.98 0
864.62 0
865.26 0
865.9 0
866.54 0
867.18 0
867.82 0
868.46 0
869.1 0
869.74 0
870.38 0
871.02 0
871.66 0
872.3 0
872.94 0
873.58 0
874.22 0
874.86 0
875.5 0
876.14 0
876.78 0
877.42 0
878.06 0
878.7 0
879.34 0
879.98 0
880.62 0
881.26 0
881.9 0
882.54 0
883.18 0
883.82 0
884.46 0
885.1 0
885.74 0
886.38 0
887.02 0
887.66 0
888.3 0
888.94 0
889.58 0
890.22 0
890.86 0
891.5 0
892.14 0
892.78 0
893.42 0
894.06 0
894.7 0
895.34 0
895.98 0
896.62 0
897.26 0
897.9 0
898.54 0
899.18 0
899.82 0
900.46 0
901.1 0
901.74 0
902.38 0
903.021 0
903.661 0
904.301 0
904.941 0
905.581 0
906.221 0
906.861 0
907.501 0
908.141 0
908.781 0
909.421 0
910.061 0
910.701 0
911.341 0
911.981 0
912.621 0
913.261 0
913.901 0
914.541 0
915.181 0
915.821 0
916.461 0
917.101 0
917.741 0
918.381 0
919.021 0
919.661 0
920.301 0
920.941 0
921.581 0
922.221 0
922.861 0
923.501 0
924.141 0
924.781 0
925.421 0
926.061 0
926.701 0
927.341 0
927.981 0
928.621 0
929.261 0
929.901 0
930.541 0
931.181 0
931.821 0
932.461 0
933.101 0
933.741 0
934.381 0
935.021 0
935.661 0
936.301 0
936.941 0
937.581 0
938.221 0
938.861 0
939.501 0
940.141 0
940.781 0
941.421 0
942.061 0
942.701 0
943.341 0
943.981 0
944.621 0
945.262 0
945.902 0
946.542 0
947.182 0
947.822 0
948.462 0
949.102 0
949.742 0
950.382 0
951.022 0
951.662 0
952.302 0
952.942 0
953.582 0
954.222 0
954.862 0
955.502 0
956.142 0
956.782 0
957.422 0
958.062 0
958.702 0
959.342 0
959.982 0
960.622 0
961.262 0
961.902 0
962.542 0
963.182 0
963.822 0
964.462 0
965.102 0
965.742 0
966.382 0
967.022 0
967.662 0
968.302 0
968.942 0
969.582 0
970.222 0
970.862 0
971.502 0
972.142 0
972.782 0
973.422 0
974.062 0
974.702 0
975.342 0
975.982 0
976.622 0
977.262 0
977.902 0
978.542 0
979.182 0
979.822 0
980.462 0
981.102 0
981.742 0
982.382 0
983.022 0
983.662 0
984.302 0
984.942 0
985.582 0
986.222 0
986.862 0
987.503 0
988.143 0
988.783 0
989.423 0
990.063 0
990.703 0
991.343 0
991.983 0
992.623 0
993.263 0
993.903 0
994.543 0
995.183 0
995.823 0
996.463 0
997.103 0
997.743 0
998.383 0
999.023 0
999.663 0
1000.3 0
1000.94 0
1001.58 0
1002.22 0
1002.86 0
1003.5 0
1004.14 0
1004.78 0
1005.42 0
1006.06 0
1006.7 0
1007.34 0
1007.98 0
1008.62 0
1009.26 0
1009.9 0
1010.54 0
1011.18 0
1011.82 0
1012.46 0
1013.1 0
1013.74 0
1014.38 0
1015.02 0
1015.66 0
1016.3 0
1016.94 0
1017.58 0
1018.22 0
1018.86 0
1019.5 0
1020.14 0
1020.78 0
1021.42 0
1022.06 0
1022.7 0
1023.34 0
1023.98 0
1024.62 0
1025.26 0
1025.9 0
1026.54 0
1027.18 0
1027.82 0
1028.46 0
1029.1 0
1029.74 0
1030.38 0
1031.02 0
1031.66 0
1032.3 0
1032.94 0
1033.58 0
1034.22 0
1034.86 0
1035.5 0
1036.14 0
1036.78 0
1037.42 0
1038.06 0
1038.7 0
1039.34 0
1039.98 0
1040.62 0
1041.26 0
1041.9 0
1042.54 0
1043.18 0
1043.82 0
1044.46 0
1045.1 0
1045.74 0
1046.38 0
1047.02 0
1047.66 0
1048.3 0
1048.94 0
1049.58 0
1050.22 0
1050.86 0
1051.5 0
1052.14 0
1052.78 0
1053.42 0
1054.06 0
1054.7 0
1055.34 0
1055.98 0
1056.62 0
1057.26 0
1057.9 0
1058.54 0
1059.18 0
1059.82 0
1060.46 0
1061.1 0
1061.74 0
1062.38 0
1063.02 0
1063.66 0
1064.3 0
1064.94 0
1065.58 0
1066.22 0
1066.86 0
1067.5 0
1068.14 0
1068.78 0
1069.42 0
1070.06 0
1070.7 0
1071.34 0
1071.98 0
1072.62 0
1073.26 0
1073.9 0
1074.54 0
1075.18 0
1075.82 0
1076.46 0
1077.1 0
1077.74 0
1078.38 0
1079.02 0
1079.66 0
1080.3 0
1080.94 0
1081.58 0
1082.22 0
1082.86 0
1083.5 0
1084.14 0
1084.78 0
1085.42 0
1086.06 0
1086.7 0
1087.34 0
1087.98 0
1088.62 0
1089.26 0
1089.9 0
1090.54 0
1091.18 0
1091.82 0
1092.46 0
1093.11 0
1093.75 0
1094.39 0
1095.03 0
1095.67 0
1096.31 0
1096.95 0
1097.59 0
1098.23 0
1098.87 0
1099.51 0
1100.15 0
1100.79 0
1101.43 0
1102.07 0
1102.71 0
1103.35 0
1103.99 0
1104.63 0
1105.27 0
1105.91 0
1106.55 0
1107.19 0
1107.83 0
1108.47 0
1109.11 0
1109.75 0
1110.39 0
1111.03 0
1111.67 0
1112.31 0
1112.95 0
1113.59 0
1114.23 0
1114.87 0
1115.51 0
1116.15 0
1116.79 0
1117.43 0
1118.07 0
1118.71 0
1119.35 0
1119.99 0
1120.63 0
1121.27 0
1121.91 0
1122.55 0
1123.19 0
1123.83 0
1124.47 0
1125.11 0
1125.75 0
1126.39 0
1127.03 0
1127.67 0
1128.31 0
1128.95 0
1129.59 0
1130.23 0
1130.87 0
1131.51 0
1132.15 0
1132.79 0
1133.43 0
1134.07 0
1134.71 0
1135.35 0
1135.99 0
1136.63 0
1137.27 0
1137.91 0
1138.55 0
1139.19 0
1139.83 0
1140.47 0
1141.11 0
1141.75 0
1142.39 0
1143.03 0
1143.67 0
1144.31 0
1144.95 0
1145.59 0
1146.23 0
1146.87 0
1147.51 0
1148.15 0
1148.79 0
1149.43 0
1150.07 0
1150.71 0
1151.35 0
1151.99 0
1152.63 0
1153.27 0
1153.91 0
1154.55 0
1155.19 0
1155.83 0
1156.47 0
1157.11 0
1157.75 0
1158.39 0
1159.03 0
1159.67 0
1160.31 0
1160.95 0
1161.59 0
1162.23 0
1162.87 0
1163.51 0
1164.15 0
1164.79 0
1165.43 0
1166.07 0
1166.71 0
1167.35 0
1167.99 0
1168.63 0.192873
1169.27 0.200981
1169.91 0.23536
1170.55 0.344196
1171.19 0.597674
1171.83 1.01944
1172.47 1.48592
1173.11 1.74444
1173.75 1.62169
1174.39 1.20291
1175.03 0.740872
1175.67 0.420698
1176.31 0.264866
1176.95 0.209394
1177.59 0.194669
1178.23 0
1178.87 0
1179.51 0
1180.15 0
1180.79 0
1181.43 0
1182.07 0
1182.71 0
1183.35 0
1183.99 0
1184.63 0
1185.27 0
1185.91 0
1186.55 0
1187.19 0
1187.83 0
1188.47 0
1189.11 0
1189.75 0
1190.39 0
1191.03 0
1191.67 0
1192.31 0
1192.95 0
1193.59 0
1194.23 0
1194.87 0
1195.51 0
1196.15 0
1196.79 0
1197.43 0
1198.07 0
1198.71 0
1199.35 0
1199.99 0
1200.63 0
1201.27 0
1201.91 0
1202.55 0
1203.19 0
1203.83 0
1204.47 0
1205.11 0
1205.75 0
1206.39 0
1207.03 0
1207.67 0
1208.31 0
1208.95 0
1209.59 0
1210.23 0
1210.87 0
1211.51 0
1212.15 0
1212.79 0
1213.43 0
1214.07 0
1214.71 0
1215.35 0
1215.99 0
1216.63 0
1217.27 0
1217.91 0
1218.55 0
1219.19 0
1219.83 0
1220.47 0
1221.11 0
1221.75 0
1222.39 0
1223.03 0
1223.67 0
1224.31 0
1224.95 0
1225.59 0
1226.23 0
1226.87 0
1227.51 0
1228.15 0
1228.79 0
1229.43 0
1230.07 0
1230.71 0
1231.35 0
1231.99 0
1232.63 0
1233.27 0
1233.91 0
1234.55 0
1235.19 0
1235.83 0
1236.47 0
1237.11 0
1237.75 0
1238.39 0
1239.03 0
1239.67 0
1240.31 0
1240.95 0
1241.59 0
1242.23 0
1242.87 0
1243.51 0
1244.15 0
1244.79 0
1245.43 0
1246.07 0
1246.71 0
1247.35 0
1247.99 0
1248.63 0
1249.27 0
1249.91 0
1250.55 0
1251.19 0
1251.83 0
1252.47 0
1253.11 0
1253.75 0
1254.39 0
1255.03 0
1255.67 0
1256.31 0
1256.95 0
1257.59 0
1258.23 0
1258.87 0
1259.51 0
1260.15 0
1260.79 0
1261.43 0
1262.07 0
1262.71 0
1263.35 0
1263.99 0
1264.63 0
1265.27 0
1265.91 0
1266.55 0
1267.19 0
1267.83 0
1268.47 0
1269.11 0
1269.75 0
1270.39 0
1271.03 0
1271.67 0
1272.31 0
1272.95 0
1273.59 0
1274.23 0
1274.87 0
1275.51 0
1276.15 0
1276.79 0
1277.43 0
1278.07 0
1278.71 0
1279.35 0
1279.99 0
1280.63 0
1281.27 0
1281.91 0
1282.55 0
1283.19 0
1283.83 0
1284.47 0
1285.11 0
1285.75 0
1286.39 0
1287.03 0
1287.67 0
1288.31 0
1288.95 0
1289.59 0
1290.23 0
1290.87 0
1291.51 0
1292.15 0
1292.79 0
1293.43 0
1294.07 0
1294.71 0
1295.35 0
1295.99 0
1296.63 0
1297.27 0
1297.91 0
1298.55 0
1299.19 0
1299.83 0
1300.47 0
1301.11 0
1301.75 0
1302.39 0
1303.03 0
1303.67 0
1304.31 0
1304.95 0
1305.59 0
1306.23 0
1306.87 0
1307.51 0
1308.15 0
1308.79 0
1309.43 0
1310.07 0
1310.71 0
1311.35 0
1311.99 0
1312.63 0
1313.27 0
1313.91 0
1314.55 0
1315.19 0
1315.83 0
1316.47 0
1317.11 0
1317.75 0
1318.39 0
1319.03 0
1319.67 0
1320.31 0
1320.95 0
1321.59 0
1322.23 0
1322.87 0
1323.51 0
1324.15 0
1324.79 0
1325.43 0
1326.07 0
1326.71 0
1327.35 0
1327.99 0.188348
1328.63 0.199694
1329.27 0.239459
1329.91 0.34589
1330.55 0.559911
1331.19 0.872677
1331.83 1.17758
1332.47 1.31252
1333.11 1.19324
1333.75 0.894918
1334.39 0.578773
1335.03 0.357195
1335.67 0.244503
1336.31 0.201407
1336.95 0.188796
1337.59 0
1338.23 0
1338.87 0
1339.51 0
1340.15 0
1340.79 0
1341.43 0
1342.07 0
1342.71 0
1343.35 0
1343.99 0
1344.63 0
1345.27 0
1345.91 0
1346.55 0
1347.19 0
1347.83 0
1348.47 0
1349.11 0
1349.75 0
1350.39 0
1351.03 0
1351.67 0
1352.31 0
1352.95 0
1353.59 0
1354.23 0
1354.87 0
1355.51 0
1356.15 0
1356.79 0
1357.43 0
1358.07 0
1358.71 0
1359.35 0
1359.99 0
1360.63 0
1361.27 0
1361.91 0
1362.55 0
1363.19 0
1363.83 0
1364.47 0
1365.11 0
1365.75 0
1366.39 0
1367.03 0
1367.67 0
1368.31 0
1368.95 0
1369.59 0
1370.23 0
1370.87 0
1371.51 0
1372.15 0
1372.79 0
1373.43 0
1374.07 0
1374.71 0
1375.35 0
1375.99 0
1376.63 0
1377.27 0
1377.91 0
1378.55 0
1379.19 0
1379.83 0
1380.47 0
1381.11 0
1381.75 0
1382.39 0
1383.03 0
1383.67 0
1384.31 0
1384.95 0
1385.59 0
1386.23 0
1386.87 0
1387.51 0
1388.15 0
1388.79 0
1389.43 0
1390.07 0
1390.71 0
1391.35 0
1391.99 0
1392.63 0
1393.27 0
1393.91 0
1394.55 0
1395.19 0
1395.83 0
1396.47 0
1397.11 0
1397.75 0
1398.39 0
1399.03 0
1399.67 0
1400.31 0
1400.95 0
1401.59 0
1402.23 0
1402.87 0
1403.51 0
1404.15 0
1404.79 0
1405.43 0
1406.07 0
1406.71 0
1407.35 0
1407.99 0
1408.63 0
1409.27 0
1409.91 0
1410.55 0
1411.19 0
1411.83 0
1412.47 0
1413.11 0
1413.75 0
1414.39 0
1415.03 0
1415.67 0
1416.31 0
1416.95 0
1417.59 0
1418.23 0
1418.87 0
1419.51 0
1420.15 0
1420.79 0
1421.43 0
1422.07 0
1422.71 0
1423.35 0
1423.99 0
1424.63 0
1425.27 0
1425.91 0
1426.55 0
1427.19 0
1427.83 0
1428.47 0
1429.11 0
1429.75 0
1430.39 0
1431.03 0
1431.67 0
1432.31 0
1432.95 0
1433.59 0
1434.23 0
1434.87 0
1435.51 0
1436.15 0
1436.79 0
1437.43 0
1438.07 0
1438.71 0
1439.35 0
1439.99 0
1440.63 0
1441.27 0
1441.91 0
1442.55 0
1443.19 0
1443.83 0
1444.47 0
1445.11 0
1445.75 0
1446.39 0
1447.03 0
1447.67 0
1448.31 0
1448.95 0
1449.59 0
1450.23 0
1450.87 0
1451.51 0
1452.15 0
1452.79 0
1453.43 0
1454.07 0
1454.71 0
1455.35 0
1455.99 0.00737457
1456.63 0.035355
1457.27 0.135977
1457.91 0.418402
1458.55 1.02972
1459.19 2.02717
1459.83 3.19303
1460.47 4.02491
1461.11 4.06114
1461.75 3.28083
1462.39 2.12258
1463.03 1.10001
1463.67 0.456762
1464.31 0.152016
1464.95 0.0405778
1465.59 0.0087107
1466.23 0
1466.87 0
1467.51 0
1468.15 0
1468.79 0
1469.43 0
1470.07 0
1470.71 0
1471.35 0
1471.99 0
1472.63 0
1473.27 0
1473.91 0
1474.55 0
1475.19 0
1475.83 0
1476.47 0
1477.11 0
1477.75 0
1478.39 0
1479.03 0
1479.67 0
1480.31 0
1480.95 0
1481.59 0
1482.23 0
1482.87 0
1483.51 0
1484.15 0
1484.79 0
1485.43 0
1486.07 0
1486.71 0
1487.35 0
1487.99 0
1488.63 0
1489.27 0
1489.91 0
1490.55 0
1491.19 0
1491.83 0
1492.47 0
1493.11 0
1493.75 0
1494.39 0
1495.03 0
1495.67 0
1496.31 0
1496.95 0
1497.59 0
1498.23 0
1498.87 0
1499.51 0
1500.15 0
1500.79 0
1501.43 0
1502.07 0
1502.71 0
1503.35 0
1503.99 0
1504.63 0
1505.27 0
1505.91 0
1506.55 0
1507.19 0
1507.83 0
1508.47 0
1509.11 0
1509.75 0
1510.39 0
1511.03 0
1511.67 0
1512.31 0
1512.95 0
1513.59 0
1514.23 0
1514.88 0
1515.52 0
1516.16 0
1516.8 0
1517.44 0
1518.08 0
1518.72 0
1519.36 0
1520 0
1520.64 0
1521.28 0
1521.92 0
1522.56 0
1523.2 0
1523.84 0
1524.48 0
1525.12 0
1525.76 0
1526.4 0
1527.04 0
1527.68 0
1528.32 0
1528.96 0
1529.6 0
1530.24 0
1530.88 0
1531.52 0
1532.16 0
1532.8 0
1533.44 0
1534.08 0
1534.72 0
1535.36 0
1536 0
1536.64 0
1537.28 0
1537.92 0
1538.56 0
1539.2 0
1539.84 0
1540.48 0
1541.12 0
1541.76 0
1542.4 0
1543.04 0
1543.68 0
1544.32 0
1544.96 0
1545.6 0
1546.24 0
1546.88 0
1547.52 0
1548.16 0
1548.8 0
1549.44 0
1550.08 0
1550.72 0
1551.36 0
1552 0
1552.64 0
1553.28 0
1553.92 0
1554.56 0
1555.2 0
1555.84 0
1556.48 0
1557.12 0
1557.76 0
1558.4 0
1559.04 0
1559.68 0
1560.32 0
1560.96 0
1561.6 0
1562.24 0
1562.88 0
1563.52 0
1564.16 0
1564.8 0
1565.44 0
1566.08 0
1566.72 0
1567.36 0
1568 0
1568.64 0
1569.28 0
1569.92 0
1570.56 0
1571.2 0
1571.84 0
1572.48 0
1573.12 0
1573.76 0
1574.4 0
1575.04 0
1575.68 0
1576.32 0
1576.96 0
1577.6 0
1578.24 0
1578.88 0
1579.52 0
1580.16 0
1580.8 0
1581.44 0
1582.08 0
1582.72 0
1583.36 0
1584 0
1584.64 0
1585.28 0
1585.92 0
1586.56 0
1587.2 0
1587.84 0
1588.48 0
1589.12 0
1589.76 0
1590.4 0
1591.04 0
1591.68 0
1592.32 0
1592.96 0
1593.6 0
1594.24 0
1594.88 0
1595.52 0
1596.16 0
1596.8 0
1597.44 0
1598.08 0
1598.72 0
1599.36 0
1600 0
1600.64 0
1601.28 0
1601.92 0
1602.56 0
1603.2 0
1603.84 0
1604.48 0
1605.12 0
1605.76 0
1606.4 0
1607.04 0
1607.68 0
1608.32 0
1608.96 0
1609.6 0
1610.24 0
1610.88 0
1611.52 0
1612.16 0
1612.8 0
1613.44 0
1614.08 0
1614.72 0
1615.36 0
1616 0
1616.64 0
1617.28 0
1617.92 0
1618.56 0
1619.2 0
1619.84 0
1620.48 0
1621.12 0
1621.76 0
1622.4 0
1623.04 0
1623.68 0
1624.32 0
1624.96 0
1625.6 0
1626.24 0
1626.88 0
1627.52 0
1628.16 0
1628.8 0
1629.44 0
1630.08 0
1630.72 0
1631.36 0
1632 0
1632.64 0
1633.28 0
1633.92 0
1634.56 0
1635.2 0
1635.84 0
1636.48 0
1637.12 0
1637.76 0
1638.4 0
1639.04 0
1639.68 0
1640.32 0
1640.96 0
1641.6 0
1642.24 0
1642.88 0
1643.52 0
1644.16 0
1644.8 0
1645.44 0
1646.08 0
1646.72 0
1647.36 0
1648 0
1648.64 0
1649.28 0
1649.92 0
1650.56 0
1651.2 0
1651.84 0
1652.48 0
1653.12 0
1653.76 0
1654.4 0
1655.04 0
1655.68 0
1656.32 0
1656.96 0
1657.6 0
1658.24 0
1658.88 0
1659.52 0
1660.16 0
1660.8 0
1661.44 0
1662.08 0
1662.72 0
1663.36 0
1664 0
1664.64 0
1665.28 0
1665.92 0
1666.56 0
1667.2 0
1667.84 0
1668.48 0
1669.12 0
1669.76 0
1670.4 0
1671.04 0
1671.68 0
1672.32 0
1672.96 0
1673.6 0
1674.24 0
1674.88 0
1675.52 0
1676.16 0
1676.8 0
1677.44 0
1678.08 0
1678.72 0
1679.36 0
1680 0
1680.64 0
1681.28 0
1681.92 0
1682.56 0
1683.2 0
1683.84 0
1684.48 0
1685.12 0
1685.76 0
1686.4 0
1687.04 0
1687.68 0
1688.32 0
1688.96 0
1689.6 0
1690.24 0
1690.88 0
1691.52 0
1692.16 0
1692.8 0
1693.44 0
1694.08 0
1694.72 0
1695.36 0
1696 0
1696.64 0
1697.28 0
1697.92 0
1698.56 0
1699.2 0
1699.84 0
1700.48 0
1701.12 0
1701.76 0
1702.4 0
1703.04 0
1703.68 0
1704.32 0
1704.96 0
1705.6 0
1706.24 0
1706.88 0
1707.52 0
1708.16 0
1708.8 0
1709.44 0
1710.08 0
1710.72 0
1711.36 0
1712 0
1712.64 0
1713.28 0
1713.92 0
1714.56 0
1715.2 0
1715.84 0
1716.48 0
1717.12 0
1717.76 0
1718.4 0
1719.04 0
1719.68 0
1720.32 0
1720.96 0
1721.6 0
1722.24 0
1722.88 0
1723.52 0
1724.16 0
1724.8 0
1725.44 0
1726.08 0
1726.72 0
1727.36 0
1728 0
1728.64 0
1729.28 0
1729.92 0
1730.56 0
1731.2 0
1731.84 0
1732.48 0
1733.12 0
1733.76 0
1734.4 0
1735.04 0
1735.68 0
1736.32 0
1736.96 0
1737.6 0
1738.24 0
1738.88 0
1739.52 0
1740.16 0
1740.8 0
1741.44 0
1742.08 0
1742.72 0
1743.36 0
1744 0
1744.64 0
1745.28 0
1745.92 0
1746.56 0
1747.2 0
1747.84 0
1748.48 0
1749.12 0
1749.76 0
1750.4 0
1751.04 0
1751.68 0
1752.32 0
1752.96 0
1753.6 0
1754.24 0
1754.88 0
1755.52 0
1756.16 0
1756.8 0
1757.44 0
1758.08 0
1758.72 0
1759.36 0
1760 0.012879
1760.64 0.0446449
1761.28 0.127969
1761.92 0.303013
1762.56 0.592654
1763.2 0.957569
1763.84 1.2783
1764.48 1.41014
1765.12 1.28567
1765.76 0.968981
1766.4 0.603801
1767.04 0.311136
1767.68 0.132614
1768.32 0.0467726
1768.96 0.0136676
1769.6 0
1770.24 0
1770.88 0
1771.52 0
1772.16 0
1772.8 0
1773.44 0
1774.08 0
1774.72 0
1775.36 0
1776 0
1776.64 0
1777.28 0
1777.92 0
1778.56 0
1779.2 0
1779.84 0
1780.48 0
1781.12 0
1781.76 0
1782.4 0
1783.04 0
1783.68 0
1784.32 0
1784.96 0
1785.6 0
1786.24 0
1786.88 0
1787.52 0
1788.16 0
1788.8 0
1789.44 0
1790.08 0
1790.72 0
1791.36 0
1792 0
1792.64 0
1793.28 0
1793.92 0
1794.56 0
1795.2 0
1795.84 0
1796.48 0
1797.12 0
1797.76 0
1798.4 0
1799.04 0
1799.68 0
1800.32 0
1800.96 0
1801.6 0
1802.24 0
1802.88 0
1803.52 0
1804.16 0
1804.8 0
1805.44 0
1806.08 0
1806.72 0
1807.36 0
1808 0
1808.64 0
1809.28 0
1809.92 0
1810.56 0
1811.2 0
1811.84 0
1812.48 0
1813.12 0
1813.76 0
1814.4 0
1815.04 0
1815.68 0
1816.32 0
1816.96 0
1817.6 0
1818.24 0
1818.88 0
1819.52 0
1820.16 0
1820.8 0
1821.44 0
1822.08 0
1822.72 0
1823.36 0
1824 0
1824.64 0
1825.28 0
1825.92 0
1826.56 0
1827.2 0
1827.84 0
1828.48 0
1829.12 0
1829.76 0
1830.4 0
1831.04 0
1831.68 0
1832.32 0
1832.96 0
1833.6 0
1834.24 0
1834.88 0
1835.52 0
1836.16 0
1836.8 0
1837.44 0
1838.08 0
1838.72 0
1839.36 0
1840 0
1840.64 0
1841.28 0
1841.92 0
1842.56 0
1843.2 0
1843.84 0
1844.48 0
1845.12 0
1845.76 0
1846.4 0
1847.04 0
1847.68 0
1848.32 0
1848.96 0
1849.6 0
1850.24 0
1850.88 0
1851.52 0
1852.16 0
1852.8 0
1853.44 0
1854.08 0
1854.72 0
1855.36 0
1856 0
1856.64 0
1857.28 0
1857.92 0
1858.56 0
1859.2 0
1859.84 0
1860.48 0
1861.12 0
1861.76 0
1862.4 0
1863.04 0
1863.68 0
1864.32 0
1864.96 0
1865.6 0
1866.24 0
1866.88 0
1867.52 0
1868.16 0
1868.8 0
1869.44 0
1870.08 0
1870.72 0
1871.36 0
1872 0
1872.64 0
1873.28 0
1873.92 0
1874.56 0
1875.2 0
1875.84 0
1876.48 0
1877.12 0
1877.76 0
1878.4 0
1879.04 0
1879.68 0
1880.32 0
1880.96 0
1881.6 0
1882.24 0
1882.88 0
1883.52 0
1884.16 0
1884.8 0
1885.44 0
1886.08 0
1886.72 0
1887.36 0
1888 0
1888.64 0
1889.28 0
1889.92 0
1890.56 0
1891.2 0
1891.84 0
1892.48 0
1893.12 0
1893.76 0
1894.4 0
1895.04 0
1895.68 0
1896.32 0
1896.96 0
1897.6 0
1898.24 0
1898.88 0
1899.52 0
1900.16 0
1900.8 0
1901.44 0
1902.08 0
1902.72 0
1903.36 0
1904 0
1904.64 0
1905.28 0
1905.92 0
1906.56 0
1907.2 0
1907.84 0
1908.48 0
1909.12 0
1909.76 0
1910.4 0
1911.04 0
1911.68 0
1912.32 0
1912.96 0
1913.6 0
1914.24 0
1914.88 0
1915.52 0
1916.16 0
1916.8 0
1917.44 0
1918.08 0
1918.72 0
1919.36 0
1920 0
1920.64 0
1921.28 0
1921.92 0
1922.56 0
1923.2 0
1923.84 0
1924.48 0
1925.12 0
1925.76 0
1926.4 0
1927.04 0
1927.68 0
1928.32 0
1928.96 0
1929.6 0
1930.24 0
1930.88 0
1931.52 0
1932.16 0
1932.8 0
1933.44 0
1934.08 0
1934.72 0
1935.36 0
1936 0
1936.65 0
1937.29 0
1937.93 0
1938.57 0
1939.21 0
1939.85 0
1940.49 0
1941.13 0
1941.77 0
1942.41 0
1943.05 0
1943.69 0
1944.33 0
1944.97 0
1945.61 0
1946.25 0
1946.89 0
1947.53 0
1948.17 0
1948.81 0
1949.45 0
1950.09 0
1950.73 0
1951.37 0
1952.01 0
1952.65 0
1953.29 0
1953.93 0
1954.57 0
1955.21 0
1955.85 0
1956.49 0
1957.13 0
1957.77 0
1958.41 0
1959.05 0
1959.69 0
1960.33 0
1960.97 0
1961.61 0
1962.25 0
1962.89 0
1963.53 0
1964.17 0
1964.81 0
1965.45 0
1966.09 0
1966.73 0
1967.37 0
1968.01 0
1968.65 0
1969.29 0
1969.93 0
1970.57 0
1971.21 0
1971.85 0
1972.49 0
1973.13 0
1973.77 0
1974.41 0
1975.05 0
1975.69 0
1976.33 0
1976.97 0
1977.61 0
1978.25 0
1978.89 0
1979.53 0
1980.17 0
1980.81 0
1981.45 0
1982.09 0
1982.73 0
1983.37 0
1984.01 0
1984.65 0
1985.29 0
1985.93 0
1986.57 0
1987.21 0
1987.85 0
1988.49 0
1989.13 0
1989.77 0
1990.41 0
1991.05 0
1991.69 0
1992.33 0
1992.97 0
1993.61 0
1994.25 0
1994.89 0
1995.53 0
1996.17 0
1996.81 0
1997.45 0
1998.09 0
1998.73 0
1999.37 0
2000.01 0
2000.65 0
2001.29 0
2001.93 0
2002.57 0
2003.21 0
2003.85 0
2004.49 0
2005.13 0
2005.77 0
2006.41 0
2007.05 0
2007.69 0
2008.33 0
2008.97 0
2009.61 0
2010.25 0
2010.89 0
2011.53 0
2012.17 0
2012.81 0
2013.45 0
2014.09 0
2014.73 0
2015.37 0
2016.01 0
2016.65 0
2017.29 0
2017.93 0
2018.57 0
2019.21 0
2019.85 0
2020.49 0
2021.13 0
2021.77 0
2022.41 0
2023.05 0
2023.69 0
2024.33 0
2024.97 0
2025.61 0
2026.25 0
2026.89 0
2027.53 0
2028.17 0
2028.81 0
2029.45 0
2030.09 0
2030.73 0
2031.37 0
2032.01 0
2032.65 0
2033.29 0
2033.93 0
2034.57 0
2035.21 0
2035.85 0
2036.49 0
2037.13 0
2037.77 0
2038.41 0
2039.05 0
2039.69 0
2040.33 0
2040.97 0
2041.61 0
2042.25 0
2042.89 0
2043.53 0
2044.17 0
2044.81 0
2045.45 0
2046.09 0
2046.73 0
2047.37 0
2048.01 0
2048.65 0
2049.29 0
2049.93 0
2050.57 0
2051.21 0
2051.85 0
2052.49 0
2053.13 0
2053.77 0
2054.41 0
2055.05 0
2055.69 0
2056.33 0
2056.97 0
2057.61 0
2058.25 0
2058.89 0
2059.53 0
2060.17 0
2060.81 0
2061.45 0
2062.09 0
2062.73 0
2063.37 0
2064.01 0
2064.65 0
2065.29 0
2065.93 0
2066.57 0
2067.21 0
2067.85 0
2068.49 0
2069.13 0
2069.77 0
2070.41 0
2071.05 0
2071.69 0
2072.33 0
2072.97 0
2073.61 0
2074.25 0
2074.89 0
2075.53 0
2076.17 0
2076.81 0
2077.45 0
2078.09 0
2078.73 0
2079.37 0
2080.01 0
2080.65 0
2081.29 0
2081.93 0
2082.57 0
2083.21 0
2083.85 0
2084.49 0
2085.13 0
2085.77 0
2086.41 0
2087.05 0
2087.69 0
2088.33 0
2088.97 0
2089.61 0
2090.25 0
2090.89 0
2091.53 0
2092.17 0
2092.81 0
2093.45 0
2094.09 0
2094.73 0
2095.37 0
2096.01 0
2096.65 0
2097.29 0
2097.93 0
2098.57 0
2099.21 0
2099.85 0
2100.49 0
2101.13 0
2101.77 0
2102.41 0
2103.05 0
2103.69 0
2104.33 0
2104.97 0
2105.61 0
2106.25 0
2106.89 0
2107.53 0
2108.17 0
2108.81 0
2109.45 0
2110.09 0
2110.73 0
2111.37 0
2112.01 0
2112.65 0
2113.29 0
2113.93 0
2114.57 0
2115.21 0
2115.85 0
2116.49 0
2117.13 0
2117.77 0
2118.41 0
2119.05 0
2119.69 0
2120.33 0
2120.97 0
2121.61 0
2122.25 0
2122.89 0
2123.53 0
2124.17 0
2124.81 0
2125.45 0
2126.09 0
2126.73 0
2127.37 0
2128.01 0
2128.65 0
2129.29 0
2129.93 0
2130.57 0
2131.21 0
2131.85 0
2132.49 0
2133.13 0
2133.77 0
2134.41 0
2135.05 0
2135.69 0
2136.33 0
2136.97 0
2137.61 0
2138.25 0
2138.89 0
2139.53 0
2140.17 0
2140.81 0
2141.45 0
2142.09 0
2142.73 0
2143.37 0
2144.01 0
2144.65 0
2145.29 0
2145.93 0
2146.57 0
2147.21 0
2147.85 0
2148.49 0
2149.13 0
2149.77 0
2150.41 0
2151.05 0
2151.69 0
2152.33 0
2152.97 0
2153.61 0
2154.25 0
2154.89 0
2155.53 0
2156.17 0
2156.81 0
2157.45 0
2158.09 0
2158.73 0
2159.37 0
2160.01 0
2160.65 0
2161.29 0
2161.93 0
2162.57 0
2163.21 0
2163.85 0
2164.49 0
2165.13 0
2165.77 0
2166.41 0
2167.05 0
2167.69 0
2168.33 0
2168.97 0
2169.61 0
2170.25 0
2170.89 0
2171.53 0
2172.17 0
2172.81 0
2173.45 0
2174.09 0
2174.73 0
2175.37 0
2176.01 0
2176.65 0
2177.29 0
2177.93 0
2178.57 0
2179.21 0
2179.85 0
2180.49 0
2181.13 0
2181.77 0
2182.41 0
2183.05 0
2183.69 0
2184.33 0
2184.97 0
2185.61 0
2186.25 0
2186.89 0
2187.53 0
2188.17 0
2188.81 0
2189.45 0
2190.09 0
2190.73 0
2191.37 0
2192.01 0
2192.65 0
2193.29 0
2193.93 0
2194.57 0
2195.21 0
2195.85 0
2196.49 0
2197.13 0
2197.77 0
2198.41 0
2199.05 0
2199.69 0
2200.33 0
2200.97 0
2201.61 0
2202.25 0
2202.89 0
2203.53 0
2204.17 0
2204.81 0
2205.45 0
2206.09 0
2206.73 0
2207.37 0
2208.01 0
2208.65 0
2209.29 0
2209.93 0
2210.57 0
2211.21 0
2211.85 0
2212.49 0
2213.13 0
2213.77 0
2214.41 0
2215.05 0
2215.69 0
2216.33 0
2216.97 0
2217.61 0
2218.25 0
2218.89 0
2219.53 0
2220.17 0
2220.81 0
2221.45 0
2222.09 0
2222.73 0
2223.37 0
2224.01 0
2224.65 0
2225.29 0
2225.93 0
2226.57 0
2227.21 0
2227.85 0
2228.49 0
2229.13 0
2229.77 0
2230.41 0
2231.05 0
2231.69 0
2232.33 0
2232.97 0
2233.61 0
2234.25 0
2234.89 0
2235.53 0
2236.17 0
2236.81 0
2237.45 0
2238.09 0
2238.73 0
2239.37 0
2240.01 0
2240.65 0
2241.29 0
2241.93 0
2242.57 0
2243.21 0
2243.85 0
2244.49 0
2245.13 0
2245.77 0
2246.41 0
2247.05 0
2247.69 0
2248.33 0
2248.97 0
2249.61 0
2250.25 0
2250.89 0
2251.53 0
2252.17 0
2252.81 0
2253.45 0
2254.09 0
2254.73 0
2255.37 0
2256.01 0
2256.65 0
2257.29 0
2257.93 0
2258.57 0
2259.21 0
2259.85 0
2260.49 0
2261.13 0
2261.77 0
2262.41 0
2263.05 0
2263.69 0
2264.33 0
2264.97 0
2265.61 0
2266.25 0
2266.89 0
2267.53 0
2268.17 0
2268.81 0
2269.45 0
2270.09 0
2270.73 0
2271.37 0
2272.01 0
2272.65 0
2273.29 0
2273.93 0
2274.57 0
2275.21 0
2275.85 0
2276.49 0
2277.13 0
2277.77 0
2278.41 0
2279.05 0
2279.69 0
2280.33 0
2280.97 0
2281.61 0
2282.25 0
2282.89 0
2283.53 0
2284.17 0
2284.81 0
2285.45 0
2286.09 0
2286.73 0
2287.37 0
2288.01 0
2288.65 0
2289.29 0
2289.93 0
2290.57 0
2291.21 0
2291.85 0
2292.49 0
2293.13 0
2293.77 0
2294.41 0
2295.05 0
2295.69 0
2296.33 0
2296.97 0
2297.61 0
2298.25 0
2298.89 0
2299.53 0
2300.17 0
2300.81 0
2301.45 0
2302.09 0
2302.73 0
2303.37 0
2304.01 0
2304.65 0
2305.29 0
2305.93 0
2306.57 0
2307.21 0
2307.85 0
2308.49 0
2309.13 0
2309.77 0
2310.41 0
2311.05 0
2311.69 0
2312.33 0
2312.97 0
2313.61 0
2314.25 0
2314.89 0
2315.53 0
2316.17 0
2316.81 0
2317.45 0
2318.09 0
2318.73 0
2319.37 0
2320.01 0
2320.65 0
2321.29 0
2321.93 0
2322.57 0
2323.21 0
2323.85 0
2324.49 0
2325.13 0
2325.77 0
2326.41 0
2327.05 0
2327.69 0
2328.33 0
2328.97 0
2329.61 0
2330.25 0
2330.89 0
2331.53 0
2332.17 0
2332.81 0
2333.45 0
2334.09 0
2334.73 0
2335.37 0
2336.01 0
2336.65 0
2337.29 0
2337.93 0
2338.57 0
2339.21 0
2339.85 0
2340.49 0
2341.13 0
2341.77 0
2342.41 0
2343.05 0
2343.69 0
2344.33 0
2344.97 0
2345.61 0
2346.25 0
2346.89 0
2347.53 0
2348.17 0
2348.81 0
2349.45 0
2350.09 0
2350.73 0
2351.37 0
2352.01 0
2352.65 0
2353.29 0
2353.93 0
2354.57 0
2355.21 0
2355.85 0
2356.49 0
2357.13 0
2357.77 0
2358.42 0
2359.06 0
2359.7 0
2360.34 0
2360.98 0
2361.62 0
2362.26 0
2362.9 0
2363.54 0
2364.18 0
2364.82 0
2365.46 0
2366.1 0
2366.74 0
2367.38 0
2368.02 0
2368.66 0
2369.3 0
2369.94 0
2370.58 0
2371.22 0
2371.86 0
2372.5 0
2373.14 0
2373.78 0
2374.42 0
2375.06 0
2375.7 0
2376.34 0
2376.98 0
2377.62 0
2378.26 0
2378.9 0
2379.54 0
2380.18 0
2380.82 0
2381.46 0
2382.1 0
2382.74 0
2383.38 0
2384.02 0
2384.66 0
2385.3 0
2385.94 0
2386.58 0
2387.22 0
2387.86 0
2388.5 0
2389.14 0
2389.78 0
2390.42 0
2391.06 0
2391.7 0
2392.34 0
2392.98 0
2393.62 0
2394.26 0
2394.9 0
2395.54 0
2396.18 0
2396.82 0
2397.46 0
2398.1 0
2398.74 0
2399.38 0
2400.02 0
2400.66 0
2401.3 0
2401.94 0
2402.58 0
2403.22 0
2403.86 0
2404.5 0
2405.14 0
2405.78 0
2406.42 0
2407.06 0
2407.7 0
2408.34 0
2408.98 0
2409.62 0
2410.26 0
2410.9 0
2411.54 0
2412.18 0
2412.82 0
2413.46 0
2414.1 0
2414.74 0
2415.38 0
2416.02 0
2416.66 0
2417.3 0
2417.94 0
2418.58 0
2419.22 0
2419.86 0
2420.5 0
2421.14 0
2421.78 0
2422.42 0
2423.06 0
2423.7 0
2424.34 0
2424.98 0
2425.62 0
2426.26 0
2426.9 0
2427.54 0
2428.18 0
2428.82 0
2429.46 0
2430.1 0
2430.74 0
2431.38 0
2432.02 0
2432.66 0
2433.3 0
2433.94 0
2434.58 0
2435.22 0
2435.86 0
2436.5 0
2437.14 0
2437.78 0
2438.42 0
2439.06 0
2439.7 0
2440.34 0
2440.98 0
2441.62 0
2442.26 0
2442.9 0
2443.54 0
2444.18 0
2444.82 0
2445.46 0
2446.1 0
2446.74 0
2447.38 0
2448.02 0
2448.66 0
2449.3 0
2449.94 0
2450.58 0
2451.22 0
2451.86 0
2452.5 0
2453.14 0
2453.78 0
2454.42 0
2455.06 0
2455.7 0
2456.34 0
2456.98 0
2457.62 0
2458.26 0
2458.9 0
2459.54 0
2460.18 0
2460.82 0
2461.46 0
2462.1 0
2462.74 0
2463.38 0
2464.02 0
2464.66 0
2465.3 0
2465.94 0
2466.58 0
2467.22 0
2467.86 0
2468.5 0
2469.14 0
2469.78 0
2470.42 0
2471.06 0
2471.7 0
2472.34 0
2472.98 0
2473.62 0
2474.26 0
2474.9 0
2475.54 0
2476.18 0
2476.82 0
2477.46 0
2478.1 0
2478.74 0
2479.38 0
2480.02 0
2480.66 0
2481.3 0
2481.94 0
2482.58 0
2483.22 0
2483.86 0
2484.5 0
2485.14 0
2485.78 0
2486.42 0
2487.06 0
2487.7 0
2488.34 0
2488.98 0
2489.62 0
2490.26 0
2490.9 0
2491.54 0
2492.18 0
2492.82 0
2493.46 0
2494.1 0
2494.74 0
2495.38 0
2496.02 0
2496.66 0
2497.3 0
2497.94 0
2498.58 0
2499.22 0
2499.86 0
2500.5 0
2501.14 0
2501.78 0
2502.42 0
2503.06 0
2503.7 0
2504.34 0
2504.98 0
2505.62 0
2506.26 0
2506.9 0
2507.54 0
2508.18 0
2508.82 0
2509.46 0
2510.1 0
2510.74 0
2511.38 0
2512.02 0
2512.66 0
2513.3 0
2513.94 0
2514.58 0
2515.22 0
2515.86 0
2516.5 0
2517.14 0
2517.78 0
2518.42 0
2519.06 0
2519.7 0
2520.34 0
2520.98 0
2521.62 0
2522.26 0
2522.9 0
2523.54 0
2524.18 0
2524.82 0
2525.46 0
2526.1 0
2526.74 0
2527.38 0
2528.02 0
2528.66 0
2529.3 0
2529.94 0
2530.58 0
2531.22 0
2531.86 0
2532.5 0
2533.14 0
2533.78 0
2534.42 0
2535.06 0
2535.7 0
2536.34 0
2536.98 0
2537.62 0
2538.26 0
2538.9 0
2539.54 0
2540.18 0
2540.82 0
2541.46 0
2542.1 0
2542.74 0
2543.38 0
2544.02 0
2544.66 0
2545.3 0
2545.94 0
2546.58 0
2547.22 0
2547.86 0
2548.5 0
2549.14 0
2549.78 0
2550.42 0
2551.06 0
2551.7 0
2552.34 0
2552.98 0
2553.62 0
2554.26 0
2554.9 0
2555.54 0
2556.18 0
2556.82 0
2557.46 0
2558.1 0
2558.74 0
2559.38 0
2560.02 0
2560.66 0
2561.3 0
2561.94 0
2562.58 0
2563.22 0
2563.86 0
2564.5 0
2565.14 0
2565.78 0
2566.42 0
2567.06 0
2567.7 0
2568.34 0
2568.98 0
2569.62 0
2570.26 0
2570.9 0
2571.54 0
2572.18 0
2572.82 0
2573.46 0
2574.1 0
2574.74 0
2575.38 0
2576.02 0
2576.66 0
2577.3 0
2577.94 0
2578.58 0
2579.22 0
2579.86 0
2580.5 0
2581.14 0
2581.78 0
2582.42 0
2583.06 0
2583.7 0
2584.34 0
2584.98 0
2585.62 0
2586.26 0
2586.9 0
2587.54 0
2588.18 0
2588.82 0
2589.46 0
2590.1 0
2590.74 0
2591.38 0
2592.02 0
2592.66 0
2593.3 0
2593.94 0
2594.58 0
2595.22 0
2595.86 0
2596.5 0
2597.14 0
2597.78 0
2598.42 0
2599.06 0
2599.7 0
2600.34 0
2600.98 0
2601.62 0
2602.26 0
2602.9 0
2603.54 0
2604.18 0
2604.82 0
2605.46 0
2606.1 0
2606.74 0
2607.38 0
2608.02 0
2608.66 0
2609.3 0
2609.94 0.0450642
2610.58 0.078476
2611.22 0.143363
2611.86 0.250003
2612.5 0.396032
2613.14 0.557592
2613.78 0.69139
2614.42 0.75222
2615.06 0.717324
2615.7 0.599992
2616.34 0.441487
2616.98 0.287872
2617.62 0.169221
2618.26 0.093294
2618.9 0.0522815
2619.54 0
2620.18 0
2620.82 0
2621.46 0
2622.1 0
2622.74 0
2623.38 0
2624.02 0
2624.66 0
2625.3 0
2625.94 0
2626.58 0
2627.22 0
2627.86 0
2628.5 0
2629.14 0
2629.78 0
2630.42 0
2631.06 0
2631.7 0
2632.34 0
2632.98 0
2633.62 0
2634.26 0
2634.9 0
2635.54 0
2636.18 0
2636.82 0
2637.46 0
2638.1 0
2638.74 0
2639.38 0
2640.02 0
2640.66 0
2641.3 0
2641.94 0
2642.58 0
2643.22 0
2643.86 0
2644.5 0
2645.14 0
2645.78 0
2646.42 0
2647.06 0
2647.7 0
2648.34 0
2648.98 0
2649.62 0
2650.26 0
2650.9 0
2651.54 0
2652.18 0
2652.82 0
2653.46 0
2654.1 0
2654.74 0
2655.38 0
2656.02 0
2656.66 0
2657.3 0
2657.94 0
2658.58 0
2659.22 0
2659.86 0
2660.5 0
2661.14 0
2661.78 0
2662.42 0
2663.06 0
2663.7 0
2664.34 0
2664.98 0
2665.62 0
2666.26 0
2666.9 0
2667.54 0
2668.18 0
2668.82 0
2669.46 0
2670.1 0
2670.74 0
2671.38 0
2672.02 0
2672.66 0
2673.3 0
2673.94 0
2674.58 0
2675.22 0
2675.86 0
2676.5 0
2677.14 0
2677.78 0
2678.42 0
2679.06 0
2679.7 0
2680.34 0
2680.98 0
2681.62 0
2682.26 0
2682.9 0
2683.54 0
2684.18 0
2684.82 0
2685.46 0
2686.1 0
2686.74 0
2687.38 0
2688.02 0
2688.66 0
2689.3 0
2689.94 0
2690.58 0
2691.22 0
2691.86 0
2692.5 0
2693.14 0
2693.78 0
2694.42 0
2695.06 0
2695.7 0
2696.34 0
2696.98 0
2697.62 0
2698.26 0
2698.9 0
2699.54 0
2700.18 0
2700.82 0
2701.46 0
2702.1 0
2702.74 0
2703.38 0
2704.02 0
2704.66 0
2705.3 0
2705.94 0
2706.58 0
2707.22 0
2707.86 0
2708.5 0
2709.14 0
2709.78 0
2710.42 0
2711.06 0
2711.7 0
2712.34 0
2712.98 0
2713.62 0
2714.26 0
2714.9 0
2715.54 0
2716.18 0
2716.82 0
2717.46 0
2718.1 0
2718.74 0
2719.38 0
2720.02 0
2720.66 0
2721.3 0
2721.94 0
2722.58 0
2723.22 0
2723.86 0
2724.5 0
2725.14 0
2725.78 0
2726.42 0
2727.06 0
2727.7 0
2728.34 0
2728.98 0
2729.62 0
2730.26 0
2730.9 0
2731.54 0
2732.18 0
2732.82 0
2733.46 0
2734.1 0
2734.74 0
2735.38 0
2736.02 0
2736.66 0
2737.3 0
2737.94 0
2738.58 0
2739.22 0
2739.86 0
2740.5 0
2741.14 0
2741.78 0
2742.42 0
2743.06 0
2743.7 0
2744.34 0
2744.98 0
2745.62 0
2746.26 0
2746.9 0
2747.54 0
2748.18 0
2748.82 0
2749.46 0
2750.1 0
2750.74 0
2751.38 0
2752.02 0
2752.66 0
2753.3 0
2753.94 0
2754.58 0
2755.22 0
2755.86 0
2756.5 0
2757.14 0
2757.78 0
2758.42 0
2759.06 0
2759.7 0
2760.34 0
2760.98 0
2761.62 0
2762.26 0
2762.9 0
2763.54 0
2764.18 0
2764.82 0
2765.46 0
2766.1 0
2766.74 0
2767.38 0
2768.02 0
2768.66 0
2769.3 0
2769.94 0
2770.58 0
2771.22 0
2771.86 0
2772.5 0
2773.14 0
2773.78 0
2774.42 0
2775.06 0
2775.7 0
2776.34 0
2776.98 0
2777.62 0
2778.26 0
2778.9 0
2779.54 0
2780.19 0
2780.83 0
2781.47 0
2782.11 0
2782.75 0
2783.39 0
2784.03 0
2784.67 0
2785.31 0
2785.95 0
2786.59 0
2787.23 0
2787.87 0
2788.51 0
2789.15 0
2789.79 0
2790.43 0
2791.07 0
2791.71 0
2792.35 0
2792.99 0
2793.63 0
2794.27 0
2794.91 0
2795.55 0
2796.19 0
2796.83 0
2797.47 0
2798.11 0
2798.75 0
2799.39 0
2800.03 0
2800.67 0
2801.31 0
2801.95 0
2802.59 0
2803.23 0
2803.87 0
2804.51 0
2805.15 0
2805.79 0
2806.43 0
2807.07 0
2807.71 0
2808.35 0
2808.99 0
2809.63 0
2810.27 0
2810.91 0
2811.55 0
2812.19 0
2812.83 0
2813.47 0
2814.11 0
2814.75 0
2815.39 0
2816.03 0
2816.67 0
2817.31 0
2817.95 0
2818.59 0
2819.23 0
2819.87 0
2820.51 0
2821.15 0
2821.79 0
2822.43 0
2823.07 0
2823.71 0
2824.35 0
2824.99 0
2825.63 0
2826.27 0
2826.91 0
2827.55 0
2828.19 0
2828.83 0
2829.47 0
2830.11 0
2830.75 0
2831.39 0
2832.03 0
2832.67 0
2833.31 0
2833.95 0
2834.59 0
2835.23 0
2835.87 0
2836.51 0
2837.15 0
2837.79 0
2838.43 0
2839.07 0
2839.71 0
2840.35 0
2840.99 0
2841.63 0
2842.27 0
2842.91 0
2843.55 0
2844.19 0
2844.83 0
2845.47 0
2846.11 0
2846.75 0
2847.39 0
2848.03 0
2848.67 0
2849.31 0
2849.95 0
2850.59 0
2851.23 0
2851.87 0
2852.51 0
2853.15 0
2853.79 0
2854.43 0
2855.07 0
2855.71 0
2856.35 0
2856.99 0
2857.63 0
2858.27 0
2858.91 0
2859.55 0
2860.19 0
2860.83 0
2861.47 0
2862.11 0
2862.75 0
2863.39 0
2864.03 0
2864.67 0
2865.31 0
2865.95 0
2866.59 0
2867.23 0
2867.87 0
2868.51 0
2869.15 0
2869.79 0
2870.43 0
2871.07 0
2871.71 0
2872.35 0
2872.99 0
2873.63 0
2874.27 0
2874.91 0
2875.55 0
2876.19 0
2876.83 0
2877.47 0
2878.11 0
2878.75 0
2879.39 0
2880.03 0
2880.67 0
2881.31 0
2881.95 0
2882.59 0
2883.23 0
2883.87 0
2884.51 0
2885.15 0
2885.79 0
2886.43 0
2887.07 0
2887.71 0
2888.35 0
2888.99 0
2889.63 0
2890.27 0
2890.91 0
2891.55 0
2892.19 0
2892.83 0
2893.47 0
2894.11 0
2894.75 0
2895.39 0
2896.03 0
2896.67 0
2897.31 0
2897.95 0
2898.59 0
2899.23 0
2899.87 0
2900.51 0
2901.15 0
2901.79 0
2902.43 0
2903.07 0
2903.71 0
2904.35 0
2904.99 0
2905.63 0
2906.27 0
2906.91 0
2907.55 0
2908.19 0
2908.83 0
2909.47 0
2910.11 0
2910.75 0
2911.39 0
2912.03 0
2912.67 0
2913.31 0
2913.95 0
2914.59 0
2915.23 0
2915.87 0
2916.51 0
2917.15 0
2917.79 0
2918.43 0
2919.07 0
2919.71 0
2920.35 0
2920.99 0
2921.63 0
2922.27 0
2922.91 0
2923.55 0
2924.19 0
2924.83 0
2925.47 0
2926.11 0
2926.75 0
2927.39 0
2928.03 0
2928.67 0
2929.31 0
2929.95 0
2930.59 0
2931.23 0
2931.87 0
2932.51 0
2933.15 0
2933.79 0
2934.43 0
2935.07 0
2935.71 0
2936.35 0
2936.99 0
2937.63 0
2938.27 0
2938.91 0
2939.55 0
2940.19 0
2940.83 0
2941.47 0
2942.11 0
2942.75 0
2943.39 0
2944.03 0
2944.67 0
2945.31 0
2945.95 0
2946.59 0
2947.23 0
2947.87 0
2948.51 0
2949.15 0
2949.79 0
2950.43 0
2951.07 0
2951.71 0
2952.35 0
2952.99 0
2953.63 0
2954.27 0
2954.91 0
2955.55 0
2956.19 0
2956.83 0
2957.47 0
2958.11 0
2958.75 0
2959.39 0
2960.03 0
2960.67 0
2961.31 0
2961.95 0
2962.59 0
2963.23 0
2963.87 0
2964.51 0
2965.15 0
2965.79 0
2966.43 0
2967.07 0
2967.71 0
2968.35 0
2968.99 0
2969.63 0
2970.27 0
2970.91 0
2971.55 0
2972.19 0
2972.83 0
2973.47 0
2974.11 0
2974.75 0
2975.39 0
2976.03 0
2976.67 0
2977.31 0
2977.95 0
2978.59 0
2979.23 0
2979.87 0
2980.51 0
2981.15 0
2981.79 0
2982.43 0
2983.07 0
2983.71 0
2984.35 0
2984.99 0
2985.63 0
2986.27 0
2986.91 0
2987.55 0
2988.19 0
2988.83 0
2989.47 0
2990.11 0
2990.75 0
2991.39 0
2992.03 0
2992.67 0
2993.31 0
2993.95 0
2994.59 0
2995.23 0
2995.87 0
2996.51 0
2997.15 0
2997.79 0
2998.43 0
2999.07 0
2999.71 0
3000.35 0
3000.99 0
3001.63 0
3002.27 0
3002.91 0
3003.55 0
3004.19 0
3004.83 0
3005.47 0
3006.11 0
3006.75 0
3007.39 0
3008.03 0
3008.67 0
3009.31 0
3009.95 0
3010.59 0
3011.23 0
3011.87 0
3012.51 0
3013.15 0
3013.79 0
3014.43 0
3015.07 0
3015.71 0
3016.35 0
3016.99 0
3017.63 0
3018.27 0
3018.91 0
3019.55 0
3020.19 0
3020.83 0
3021.47 0
3022.11 0
3022.75 0
3023.39 0
3024.03 0
3024.67 0
3025.31 0
3025.95 0
3026.59 0
3027.23 0
3027.87 0
3028.51 0
3029.15 0
3029.79 0
3030.43 0
3031.07 0
3031.71 0
3032.35 0
3032.99 0
3033.63 0
3034.27 0
3034.91 0
3035.55 0
3036.19 0
3036.83 0
3037.47 0
3038.11 0
3038.75 0
3039.39 0
3040.03 0
3040.67 0
3041.31 0
3041.95 0
3042.59 0
3043.23 0
3043.87 0
3044.51 0
3045.15 0
3045.79 0
3046.43 0
3047.07 0
3047.71 0
3048.35 0
3048.99 0
3049.63 0
3050.27 0
3050.91 0
3051.55 0
3052.19 0
3052.83 0
3053.47 0
3054.11 0
3054.75 0
3055.39 0
3056.03 0
3056.67 0
3057.31 0
3057.95 0
3058.59 0
3059.23 0
3059.87 0
3060.51 0
3061.15 0
3061.79 0
3062.43 0
3063.07 0
3063.71 0
3064.35 0
3064.99 0
3065.63 0
3066.27 0
3066.91 0
3067.55 0
3068.19 0
3068.83 0
3069.47 0
3070.11 0
3070.75 0
3071.39 0
3072.03 0
3072.67 0
3073.31 0
3073.95 0
3074.59 0
3075.23 0
3075.87 0
3076.51 0
3077.15 0
3077.79 0
3078.43 0
3079.07 0
3079.71 0
3080.35 0
3080.99 0
3081.63 0
3082.27 0
3082.91 0
3083.55 0
3084.19 0
3084.83 0
3085.47 0
3086.11 0
3086.75 0
3087.39 0
3088.03 0
3088.67 0
3089.31 0
3089.95 0
3090.59 0
3091.23 0
3091.87 0
3092.51 0
3093.15 0
3093.79 0
3094.43 0
3095.07 0
3095.71 0
3096.35 0
3096.99 0
3097.63 0
3098.27 0
3098.91 0
3099.55 0
3100.19 0
3100.83 0
3101.47 0
3102.11 0
3102.75 0
3103.39 0
3104.03 0
3104.67 0
3105.31 0
3105.95 0
3106.59 0
3107.23 0
3107.87 0
3108.51 0
3109.15 0
3109.79 0
3110.43 0
3111.07 0
3111.71 0
3112.35 0
3112.99 0
3113.63 0
3114.27 0
3114.91 0
3115.55 0
3116.19 0
3116.83 0
3117.47 0
3118.11 0
3118.75 0
3119.39 0
3120.03 0
3120.67 0
3121.31 0
3121.95 0
3122.59 0
3123.23 0
3123.87 0
3124.51 0
3125.15 0
3125.79 0
3126.43 0
3127.07 0
3127.71 0
3128.35 0
3128.99 0
3129.63 0
3130.27 0
3130.91 0
3131.55 0
3132.19 0
3132.83 0
3133.47 0
3134.11 0
3134.75 0
3135.39 0
3136.03 0
3136.67 0
3137.31 0
3137.95 0
3138.59 0
3139.23 0
3139.87 0
3140.51 0
3141.15 0
3141.79 0
3142.43 0
3143.07 0
3143.71 0
3144.35 0
3144.99 0
3145.63 0
3146.27 0
3146.91 0
3147.55 0
3148.19 0
3148.83 0
3149.47 0
3150.11 0
3150.75 0
3151.39 0
3152.03 0
3152.67 0
3153.31 0
3153.95 0
3154.59 0
3155.23 0
3155.87 0
3156.51 0
3157.15 0
3157.79 0
3158.43 0
3159.07 0
3159.71 0
3160.35 0
3160.99 0
3161.63 0
3162.27 0
3162.91 0
3163.55 0
3164.19 0
3164.83 0
3165.47 0
3166.11 0
3166.75 0
3167.39 0
3168.03 0
3168.67 0
3169.31 0
3169.95 0
3170.59 0
3171.23 0
3171.87 0
3172.51 0
3173.15 0
3173.79 0
3174.43 0
3175.07 0
3175.71 0
3176.35 0
3176.99 0
3177.63 0
3178.27 0
3178.91 0
3179.55 0
3180.19 0
3180.83 0
3181.47 0
3182.11 0
3182.75 0
3183.39 0
3184.03 0
3184.67 0
3185.31 0
3185.95 0
3186.59 0
3187.23 0
3187.87 0
3188.51 0
3189.15 0
3189.79 0
3190.43 0
3191.07 0
3191.71 0
3192.35 0
3192.99 0
3193.63 0
3194.27 0
3194.91 0
3195.55 0
3196.19 0
3196.83 0
3197.47 0
3198.11 0
3198.75 0
3199.39 0
3200.03 0
