0.296184 0
0.936341 0
1.5765 0
2.21665 0
2.85681 0
3.49697 0
4.13712 0
4.77728 0
5.41744 0
6.05759 0
6.69775 0
7.33791 0
7.97806 0
8.61822 0
9.25838 0
9.89853 0
10.5387 0
11.1788 0
11.819 0
12.4592 0
13.0993 0
13.7395 0
14.3796 0
15.0198 0
15.6599 0
16.3001 0
16.9403 0
17.5804 0
18.2206 0
18.8607 0
19.5009 0
20.141 0
20.7812 0
21.4214 0
22.0615 0
22.7017 0
23.3418 0
23.982 0
24.6221 0
25.2623 0
25.9024 0
26.5426 0
27.1828 0
27.8229 0
28.4631 0
29.1032 0
29.7434 0
30.3835 0
31.0237 0
31.6639 0
32.304 0
32.9442 0
33.5843 0
34.2245 0
34.8646 0
35.5048 0
36.145 0
36.7851 0
37.4253 0
38.0654 0
38.7056 0
39.3457 0
39.9859 0
40.626 0
41.2662 0
41.9064 0
42.5465 0
43.1867 0
43.8268 0
44.467 0
45.1071 0
45.7473 0
46.3875 0
47.0276 0
47.6678 0
48.3079 0
48.9481 0
49.5882 0
50.2284 0
50.8686 0
51.5087 0
52.1489 0
52.789 0
53.4292 0
54.0693 0
54.7095 0
55.3497 0
55.9898 0
56.63 0
57.2701 0
57.9103 0
58.5504 0
59.1906 0
59.8307 0
60.4709 0
61.1111 0
61.7512 0
62.3914 0
63.0315 0
63.6717 0
64.3118 0
64.952 0
65.5922 0
66.2323 0
66.8725 0
67.5126 0
68.1528 0
68.7929 0
69.4331 0
70.0733 0
70.7134 0
71.3536 0
71.9937 0
72.6339 0
73.274 0
73.9142 0
74.5543 0
75.1945 0
75.8347 0
76.4748 0
77.115 0
77.7551 0
78.3953 0
79.0354 0
79.6756 0
80.3158 0
80.9559 0
81.5961 0
82.2362 0
82.8764 0
83.5165 0
84.1567 0
84.7969 0
85.437 0
86.0772 0
86.7173 0
87.3575 0
87.9976 0
88.6378 0
89.278 0
89.9181 0
90.5583 0
91.1984 0
91.8386 0
92.4787 0
93.1189 0
93.759 0
94.3992 0
95.0394 0
95.6795 0
96.3197 0
96.9598 0
97.6 0
98.2401 0
98.8803 0
99.5205 0
100.161 0
100.801 0
101.441 0
102.081 0
102.721 0
103.361 0
104.002 0
104.642 0
105.282 0
105.922 0
106.562 0
107.202 0
107.842 0
108.483 0
109.123 0
109.763 0
110.403 0
111.043 0
111.683 0
112.324 0
112.964 0
113.604 0
114.244 0
114.884 0
115.524 0
116.165 0
116.805 0
117.445 0
118.085 0
118.725 0
119.365 0
120.005 0
120.646 0
121.286 0
121.926 0
122.566 0
123.206 0
123.846 0
124.487 0
125.127 0
125.767 0
126.407 0
127.047 0
127.687 0
128.328 0
128.968 0
129.608 0
130.248 0
130.888 0
131.528 0
132.168 0
132.809 0
133.449 0
134.089 0
134.729 0
135.369 0
136.009 0
136.65 0
137.29 0
137.93 0
138.57 0
139.21 0
139.85 0
140.49 0
141.131 0
141.771 0
142.411 0
143.051 0
143.691 0
144.331 0
144.972 0
145.612 0
146.252 0
146.892 0
147.532 0
148.172 0
148.813 0
149.453 0
150.093 0
150.733 0
151.373 0
152.013 0
152.653 0
153.294 0
153.934 0
154.574 0
155.214 0
155.854 0
156.494 0
157.135 0
157.775 0
158.415 0
159.055 0
159.695 0
160.335 0
160.975 0
161.616 0
162.256 0
162.896 0
163.536 0
164.176 0
164.816 0
165.457 0
166.097 0
166.737 0
167.377 0
168.017 0
168.657 0
169.298 0
169.938 0
170.578 0
171.218 0
171.858 0
172.498 0
173.138 0
173.779 0
174.419 0
175.059 0
175.699 0
176.339 0
176.979 0
177.62 0
178.26 0
178.9 0
179.54 0
180.18 0
180.82 0
181.461 0
182.101 0
182.741 0
183.381 0
184.021 0
184.661 0
185.301 0
185.942 0
186.582 0
187.222 0
187.862 0
188.502 0
189.142 0
189.783 0
190.423 0
191.063 0
191.703 0
192.343 0
192.983 0
193.623 0
194.264 0
194.904 0
195.544 0
196.184 0
196.824 0
197.464 0
198.105 0
198.745 0
199.385 0
200.025 0
200.665 0
201.305 0
201.946 0
202.586 0
203.226 0
203.866 0
204.506 0
205.146 0
205.786 0
206.427 0
207.067 0
207.707 0
208.347 0
208.987 0
209.627 0
210.268 0
210.908 0
211.548 0
212.188 0
212.828 0
213.468 0
214.108 0
214.749 0
215.389 0
216.029 0
216.669 0
217.309 0
217.949 0
218.59 0
219.23 0
219.87 0
220.51 0
221.15 0
221.79 0
222.431 0
223.071 0
223.711 0
224.351 0
224.991 0
225.631 0
226.271 0
226.912 0
227.552 0
228.192 0
228.832 0
229.472 0
230.112 0
230.753 0
231.393 0
232.033 0
232.673 0
233.313 0
233.953 0
234.594 0
235.234 0
235.874 0
236.514 0
237.154 0
237.794 0
238.434 0
239.075 0
239.715 0
240.355 0
240.995 0
241.635 0
242.275 0
242.916 0
243.556 0
244.196 0
244.836 0
245.476 0
246.116 0
246.756 0
247.397 0
248.037 0
248.677 0
249.317 0
249.957 0
250.597 0
251.238 0
251.878 0
252.518 0
253.158 0
253.798 0
254.438 0
255.079 0
255.719 0
256.359 0
256.999 0
257.639 0
258.279 0
258.919 0
259.56 0
260.2 0
260.84 0
261.48 0
262.12 0
262.76 0
263.401 0
264.041 0
264.681 0
265.321 0
265.961 0
266.601 0
267.241 0
267.882 0
268.522 0
269.162 0
269.802 0
270.442 0
271.082 0
271.723 0
272.363 0
273.003 108.609
273.643 108.582
274.283 108.554
274.923 108.528
275.564 108.515
276.204 108.537
276.844 108.592
277.484 108.596
278.124 108.508
278.764 108.404
279.404 108.341
280.045 108.306
280.685 108.278
281.325 108.25
281.965 108.223
282.605 0
283.245 0
283.886 0
284.526 0
285.166 0
285.806 0
286.446 0
287.086 0
287.726 0
288.367 0
289.007 0
289.647 0
290.287 0
290.927 0
291.567 0
292.208 0
292.848 0
293.488 0
294.128 0
294.768 0
295.408 0
296.049 0
296.689 0
297.329 0
297.969 0
298.609 0
299.249 0
299.889 0
300.53 0
301.17 0
301.81 0
302.45 0
303.09 0
303.73 0
304.371 0
305.011 0
305.651 0
306.291 0
306.931 0
307.571 0
308.212 0
308.852 0
309.492 0
310.132 0
310.772 0
311.412 0
312.052 0
312.693 0
313.333 0
313.973 0
314.613 0
315.253 0
315.893 0
316.534 0
317.174 0
317.814 0
318.454 0
319.094 0
319.734 0
320.374 0
321.015 0
321.655 0
322.295 0
322.935 0
323.575 0
324.215 0
324.856 0
325.496 0
326.136 0
326.776 0
327.416 0
328.056 0
328.697 0
329.337 0
329.977 0
330.617 0
331.257 0
331.897 0
332.537 0
333.178 0
333.818 0
334.458 0
335.098 0
335.738 0
336.378 0
337.019 0
337.659 0
338.299 0
338.939 0
339.579 0
340.219 0
340.859 0
341.5 0
342.14 0
342.78 65.9765
343.42 65.1986
344.06 64.4194
344.7 63.6265
345.341 62.758
345.981 61.6925
346.621 60.483
347.261 59.5473
347.901 59.086
348.541 58.7176
349.182 58.1409
349.822 57.4129
350.462 56.6418
351.102 55.8644
351.742 55.0866
352.382 0
353.022 0
353.663 0
354.303 0
354.943 0
355.583 0
356.223 0
356.863 0
357.504 0
358.144 0
358.784 0
359.424 0
360.064 0
360.704 0
361.345 0
361.985 0
362.625 0
363.265 0
363.905 0
364.545 0
365.185 0
365.826 0
366.466 0
367.106 0
367.746 0
368.386 0
369.026 0
369.667 0
370.307 0
370.947 0
371.587 0
372.227 0
372.867 0
373.507 0
374.148 0
374.788 0
375.428 0
376.068 0
376.708 0
377.348 0
377.989 0
378.629 0
379.269 0
379.909 0
380.549 0
381.189 0
381.83 0
382.47 0
383.11 0
383.75 0
384.39 0
385.03 0
385.67 0
386.311 0
386.951 0
387.591 0
388.231 0
388.871 0
389.511 0
390.152 0
390.792 0
391.432 0
392.072 0
392.712 0
393.352 0
393.992 0
394.633 0
395.273 0
395.913 0
396.553 0
397.193 0
397.833 0
398.474 0
399.114 0
399.754 0
400.394 0
401.034 0
401.674 0
402.315 0
402.955 0
403.595 0
404.235 0
404.875 0
405.515 0
406.155 0
406.796 0
407.436 0
408.076 0
408.716 0
409.356 0
409.996 0
410.637 0
411.277 0
411.917 0
412.557 0
413.197 0
413.837 0
414.478 0
415.118 0
415.758 0
416.398 0
417.038 0
417.678 0
418.318 0
418.959 0
419.599 0
420.239 0
420.879 0
421.519 0
422.159 0
422.8 0
423.44 0
424.08 0
424.72 0
425.36 0
426 0
426.64 0
427.281 0
427.921 0
428.561 0
429.201 0
429.841 0
430.481 0
431.122 0
431.762 0
432.402 0
433.042 0
433.682 0
434.322 0
434.963 0
435.603 0
436.243 0
436.883 0
437.523 0
438.163 0
438.803 0
439.444 0
440.084 0
440.724 0
441.364 0
442.004 0
442.644 0
443.285 0
443.925 0
444.565 0
445.205 0
445.845 0
446.485 0
447.125 0
447.766 0
448.406 0
449.046 0
449.686 0
450.326 0
450.966 0
451.607 0
452.247 0
452.887 0
453.527 0
454.167 0
454.807 0
455.448 0
456.088 0
456.728 0
457.368 0
458.008 0
458.648 0
459.288 0
459.929 0
460.569 0
461.209 0
461.849 0
462.489 0
463.129 0
463.77 0
464.41 0
465.05 0
465.69 0
466.33 0
466.97 0
467.611 0
468.251 0
468.891 0
469.531 0
470.171 0
470.811 0
471.451 0
472.092 0
472.732 0
473.372 0
474.012 0
474.652 0
475.292 0
475.933 0
476.573 0
477.213 0
477.853 0
478.493 0
479.133 0
479.773 0
480.414 0
481.054 0
481.694 0
482.334 0
482.974 0
483.614 0
484.255 0
484.895 0
485.535 0
486.175 0
486.815 0
487.455 0
488.096 0
488.736 0
489.376 0
490.016 0
490.656 0
491.296 0
491.936 0
492.577 0
493.217 0
493.857 0
494.497 0
495.137 0
495.777 0
496.418 0
497.058 0
497.698 0
498.338 0
498.978 0
499.618 0
500.258 0
500.899 0
501.539 0
502.179 0
502.819 0
503.459 0
504.099 0
504.74 0
505.38 0
506.02 0
506.66 0
507.3 0
507.94 0
508.581 0
509.221 0
509.861 0
510.501 0
511.141 0
511.781 0
512.421 0
513.062 0
513.702 0
514.342 0
514.982 0
515.622 0
516.262 0
516.903 0
517.543 0
518.183 0
518.823 0
519.463 0
520.103 0
520.744 0
521.384 0
522.024 0
522.664 0
523.304 0
523.944 0
524.584 0
525.225 0
525.865 0
526.505 0
527.145 0
527.785 0
528.425 0
529.066 0
529.706 0
530.346 0
530.986 0
531.626 0
532.266 0
532.906 0
533.547 0
534.187 0
534.827 0
535.467 0
536.107 0
536.747 0
537.388 0
538.028 0
538.668 0
539.308 0
539.948 0
540.588 0
541.229 0
541.869 0
542.509 0
543.149 0
543.789 0
544.429 0
545.069 0
545.71 0
546.35 0
546.99 0
547.63 0
548.27 0
548.91 0
549.551 0
550.191 0
550.831 0
551.471 0
552.111 0
552.751 0
553.391 0
554.032 0
554.672 0
555.312 0
555.952 0
556.592 0
557.232 0
557.873 0
558.513 0
559.153 0
559.793 0
560.433 0
561.073 0
561.714 0
562.354 0
562.994 0
563.634 0
564.274 0
564.914 0
565.554 0
566.195 0
566.835 0
567.475 0
568.115 0
568.755 0
569.395 0
570.036 0
570.676 0
571.316 0
571.956 0
572.596 0
573.236 0
573.877 0
574.517 0
575.157 0
575.797 0
576.437 0
577.077 0
577.717 0
578.358 17.2297
578.998 17.2206
579.638 17.2124
580.278 17.2124
580.918 17.2554
581.558 17.4272
582.199 17.7812
582.839 18.132
583.479 18.1418
584.119 17.7906
584.759 17.4073
585.399 17.2012
586.039 17.1323
586.68 17.1121
587.32 17.1017
587.96 17.0925
588.6 0
589.24 0
589.88 0
590.521 0
591.161 0
591.801 0
592.441 0
593.081 0
593.721 0
594.362 0
595.002 0
595.642 0
596.282 0
596.922 0
597.562 0
598.202 0
598.843 0
599.483 0
600.123 0
600.763 0
601.403 0
602.043 0
602.684 0
603.324 0
603.964 0
604.604 16.6659
605.244 16.6772
605.884 16.6933
606.524 16.7463
607.165 16.9684
607.805 17.6267
608.445 18.7792
609.085 19.7311
609.725 19.5728
610.365 18.4847
611.006 17.4546
611.646 16.9598
612.286 16.8256
612.926 16.8108
613.566 16.8188
614.206 16.8295
614.847 0
615.487 0
616.127 0
616.767 0
617.407 0
618.047 0
618.687 0
619.328 0
619.968 0
620.608 0
621.248 0
621.888 0
622.528 0
623.169 0
623.809 0
624.449 0
625.089 0
625.729 0
626.369 0
627.009 0
627.65 0
628.29 0
628.93 0
629.57 0
630.21 0
630.85 0
631.491 0
632.131 0
632.771 0
633.411 0
634.051 0
634.691 0
635.332 0
635.972 0
636.612 0
637.252 0
637.892 0
638.532 0
639.172 0
639.813 0
640.453 0
641.093 0
641.733 0
642.373 0
643.013 0
643.654 0
644.294 0
644.934 0
645.574 0
646.214 0
646.854 0
647.495 0
648.135 0
648.775 0
649.415 0
650.055 0
650.695 0
651.335 0
651.976 0
652.616 0
653.256 0
653.896 0
654.536 0
655.176 0
655.817 0
656.457 0
657.097 0
657.737 0
658.377 0
659.017 0
659.657 0
660.298 0
660.938 0
661.578 0
662.218 0
662.858 0
663.498 0
664.139 0
664.779 0
665.419 0
666.059 0
666.699 0
667.339 0
667.98 0
668.62 0
669.26 0
669.9 0
670.54 0
671.18 0
671.82 0
672.461 0
673.101 0
673.741 0
674.381 0
675.021 0
675.661 0
676.302 0
676.942 0
677.582 0
678.222 0
678.862 0
679.502 0
680.142 0
680.783 0
681.423 0
682.063 0
682.703 0
683.343 0
683.983 0
684.624 0
685.264 0
685.904 0
686.544 0
687.184 0
687.824 0
688.465 0
689.105 0
689.745 0
690.385 0
691.025 0
691.665 0
692.305 0
692.946 0
693.586 0
694.226 0
694.866 0
695.506 0
696.146 0
696.787 0
697.427 0
698.067 0
698.707 0
699.347 0
699.987 0
700.628 0
701.268 0
701.908 0
702.548 0
703.188 0
703.828 0
704.468 0
705.109 0
705.749 0
706.389 0
707.029 0
707.669 0
708.309 0
708.95 0
709.59 0
710.23 0
710.87 0
711.51 0
712.15 0
712.79 0
713.431 0
714.071 0
714.711 0
715.351 0
715.991 0
716.631 0
717.272 0
717.912 0
718.552 0
719.192 0
719.832 0
720.472 0
721.113 0
721.753 0
722.393 0
723.033 0
723.673 0
724.313 0
724.953 0
725.594 0
726.234 0
726.874 0
727.514 0
728.154 0
728.794 0
729.435 0
730.075 0
730.715 0
731.355 0
731.995 0
732.635 0
733.275 0
733.916 0
734.556 0
735.196 0
735.836 0
736.476 0
737.116 0
737.757 0
738.397 0
739.037 0
739.677 0
740.317 0
740.957 0
741.598 0
742.238 0
742.878 0
743.518 0
744.158 0
744.798 0
745.438 0
746.079 0
746.719 0
747.359 0
747.999 0
748.639 0
749.279 0
749.92 0
750.56 0
751.2 0
751.84 0
752.48 0
753.12 0
753.761 0
754.401 0
755.041 0
755.681 0
756.321 0
756.961 0
757.601 0
758.242 20.9324
758.882 20.8519
759.522 20.7715
760.162 20.6914
760.802 20.6127
761.442 20.5376
762.083 20.4669
762.723 20.396
763.363 20.3169
764.003 20.2283
764.643 20.1361
765.283 20.0398
765.923 19.9119
766.564 19.6885
767.204 19.3262
767.844 18.9336
768.484 18.7547
769.124 18.8823
769.764 19.1274
770.405 19.2763
771.045 19.2919
771.685 19.2371
772.325 19.1612
772.965 19.0813
773.605 0
774.246 0
774.886 0
775.526 0
776.166 0
776.806 0
777.446 0
778.086 0
778.727 0
779.367 0
780.007 0
780.647 0
781.287 0
781.927 0
782.568 0
783.208 0
783.848 0
784.488 0
785.128 0
785.768 0
786.408 0
787.049 0
787.689 0
788.329 0
788.969 0
789.609 0
790.249 0
790.89 0
791.53 0
792.17 0
792.81 0
793.45 0
794.09 0
794.731 0
795.371 0
796.011 0
796.651 0
797.291 0
797.931 0
798.571 0
799.212 0
799.852 0
800.492 0
801.132 0
801.772 21.3693
802.412 21.4895
803.053 21.6045
803.693 21.6967
804.333 21.7269
804.973 21.6661
805.613 21.5785
806.253 21.6197
806.894 21.8629
807.534 22.1984
808.174 22.4811
808.814 22.6747
809.454 22.8166
810.094 22.9416
810.734 23.0631
811.375 0
812.015 0
812.655 0
813.295 0
813.935 0
814.575 0
815.216 0
815.856 0
816.496 0
817.136 0
817.776 0
818.416 0
819.056 0
819.697 0
820.337 0
820.977 0
821.617 0
822.257 0
822.897 0
823.538 24.4497
824.178 24.7751
824.818 25.1145
825.458 25.4598
826.098 25.7881
826.738 26.0853
827.379 26.3654
828.019 26.6513
828.659 26.9512
829.299 27.2599
829.939 27.5717
830.579 27.8843
831.219 0
831.86 0
832.5 0
833.14 0
833.78 0
834.42 0
835.06 0
835.701 0
836.341 0
836.981 0
837.621 0
838.261 0
838.901 0
839.541 0
840.182 0
840.822 0
841.462 0
842.102 0
842.742 0
843.382 0
844.023 0
844.663 0
845.303 0
845.943 0
846.583 0
847.223 0
847.864 0
848.504 0
849.144 0
849.784 0
850.424 0
851.064 0
851.704 0
852.345 0
852.985 0
853.625 0
854.265 0
854.905 0
855.545 0
856.186 24.2059
856.826 24.225
857.466 24.2761
858.106 24.4553
858.746 24.9537
859.386 25.8763
860.027 26.8696
860.667 27.2057
861.307 26.5967
861.947 25.5804
862.587 24.8206
863.227 24.4812
863.867 24.3892
864.508 24.3813
865.148 24.3917
865.788 0
866.428 0
867.068 0
867.708 0
868.349 0
868.989 0
869.629 0
870.269 0
870.909 0
871.549 0
872.189 0
872.83 0
873.47 0
874.11 0
874.75 0
875.39 0
876.03 0
876.671 0
877.311 0
877.951 0
878.591 0
879.231 0
879.871 0
880.512 0
881.152 0
881.792 0
882.432 0
883.072 0
883.712 0
884.352 0
884.993 0
885.633 0
886.273 0
886.913 0
887.553 0
888.193 0
888.834 0
889.474 0
890.114 0
890.754 0
891.394 0
892.034 0
892.674 0
893.315 0
893.955 0
894.595 0
895.235 0
895.875 0
896.515 0
897.156 0
897.796 0
898.436 0
899.076 0
899.716 0
900.356 0
900.997 0
901.637 0
902.277 0
902.917 0
903.557 0
904.197 0
904.837 0
905.478 0
906.118 0
906.758 0
907.398 0
908.038 0
908.678 0
909.319 0
909.959 0
910.599 0
911.239 0
911.879 0
912.519 0
913.159 0
913.8 0
914.44 0
915.08 0
915.72 0
916.36 0
917 0
917.641 0
918.281 0
918.921 0
919.561 0
920.201 0
920.841 0
921.482 0
922.122 0
922.762 0
923.402 0
924.042 0
924.682 0
925.322 0
925.963 0
926.603 0
927.243 0
927.883 0
928.523 0
929.163 34.5407
929.804 34.6038
930.444 34.6762
931.084 34.7963
931.724 35.0781
932.364 35.6991
933.004 36.6768
933.645 37.5799
934.285 37.7712
934.925 37.1394
935.565 36.2434
936.205 35.6302
936.845 35.392
937.485 35.3644
938.126 35.4079
938.766 35.467
939.406 0
940.046 0
940.686 0
941.326 0
941.967 0
942.607 0
943.247 0
943.887 0
944.527 0
945.167 0
945.807 0
946.448 0
947.088 0
947.728 0
948.368 0
949.008 0
949.648 0
950.289 0
950.929 0
951.569 0
952.209 0
952.849 0
953.489 0
954.13 0
954.77 0
955.41 0
956.05 0
956.69 0
957.33 0
957.97 0
958.611 0
959.251 0
959.891 0
960.531 0
961.171 0
961.811 0
962.452 0
963.092 0
963.732 0
964.372 0
965.012 0
965.652 0
966.292 0
966.933 0
967.573 0
968.213 0
968.853 0
969.493 0
970.133 0
970.774 0
971.414 0
972.054 0
972.694 0
973.334 0
973.974 0
974.615 0
975.255 0
975.895 0
976.535 0
977.175 0
977.815 0
978.455 0
979.096 0
979.736 0
980.376 0
981.016 0
981.656 0
982.296 0
982.937 0
983.577 0
984.217 0
984.857 0
985.497 0
986.137 0
986.778 0
987.418 0
988.058 0
988.698 0
989.338 0
989.978 0
990.618 0
991.259 0
991.899 0
992.539 0
993.179 0
993.819 0
994.459 0
995.1 0
995.74 0
996.38 0
997.02 0
997.66 0
998.3 0
998.94 0
999.581 0
1000.22 0
1000.86 0
1001.5 0
1002.14 0
1002.78 0
1003.42 0
1004.06 0
1004.7 0
1005.34 0
1005.98 0
1006.62 0
1007.26 0
1007.9 0
1008.54 0
1009.18 0
1009.82 0
1010.46 0
1011.1 0
1011.74 0
1012.38 0
1013.02 0
1013.66 0
1014.3 0
1014.94 0
1015.58 0
1016.22 0
1016.86 0
1017.51 0
1018.15 0
1018.79 0
1019.43 0
1020.07 0
1020.71 0
1021.35 0
1021.99 0
1022.63 0
1023.27 0
1023.91 0
1024.55 0
1025.19 0
1025.83 0
1026.47 0
1027.11 0
1027.75 0
1028.39 0
1029.03 0
1029.67 0
1030.31 0
1030.95 0
1031.59 0
1032.23 0
1032.87 0
1033.51 0
1034.15 0
1034.79 0
1035.43 0
1036.07 0
1036.71 0
1037.35 0
1037.99 0
1038.63 0
1039.27 0
1039.91 0
1040.55 0
1041.19 0
1041.83 0
1042.47 0
1043.11 0
1043.75 0
1044.39 0
1045.03 0
1045.67 0
1046.31 0
1046.95 0
1047.59 0
1048.23 0
1048.87 0
1049.51 0
1050.15 0
1050.79 0
1051.43 0
1052.07 0
1052.71 0
1053.35 0
1053.99 0
1054.63 0
1055.27 0
1055.91 0
1056.55 0
1057.19 0
1057.83 0
1058.48 0
1059.12 0
1059.76 0
1060.4 0
1061.04 0
1061.68 0
1062.32 0
1062.96 0
1063.6 0
1064.24 0
1064.88 0
1065.52 0
1066.16 0
1066.8 0
1067.44 0
1068.08 0
1068.72 0
1069.36 0
1070 0
1070.64 0
1071.28 0
1071.92 0
1072.56 0
1073.2 0
1073.84 0
1074.48 0
1075.12 0
1075.76 0
1076.4 0
1077.04 0
1077.68 0
1078.32 0
1078.96 0
1079.6 0
1080.24 0
1080.88 0
1081.52 0
1082.16 0
1082.8 0
1083.44 0
1084.08 0
1084.72 0
1085.36 0
1086 0
1086.64 0
1087.28 0
1087.92 0
1088.56 0
1089.2 0
1089.84 0
1090.48 0
1091.12 0
1091.76 0
1092.4 0
1093.04 0
1093.68 0
1094.32 0
1094.96 0
1095.6 0
1096.24 0
1096.88 0
1097.52 0
1098.16 0
1098.8 0
1099.45 0
1100.09 0
1100.73 0
1101.37 0
1102.01 0
1102.65 0
1103.29 0
1103.93 0
1104.57 0
1105.21 0
1105.85 0
1106.49 0
1107.13 0
1107.77 0
1108.41 0
1109.05 0
1109.69 0
1110.33 0
1110.97 0
1111.61 0
1112.25 0
1112.89 0
1113.53 0
1114.17 0
1114.81 0
1115.45 23.8498
1116.09 23.246
1116.73 22.6429
1117.37 22.0427
1118.01 21.4501
1118.65 20.8708
1119.29 20.3023
1119.93 19.7275
1120.57 19.1257
1121.21 18.4954
1121.85 17.8556
1122.49 17.2251
1123.13 16.6083
1123.77 15.9999
1124.41 15.395
1125.05 14.7908
1125.69 0
1126.33 0
1126.97 0
1127.61 0
1128.25 0
1128.89 0
1129.53 0
1130.17 0
1130.81 0
1131.45 0
1132.09 0
1132.73 0
1133.37 0
1134.01 0
1134.65 0
1135.29 0
1135.93 0
1136.57 0
1137.21 0
1137.85 0
1138.49 0
1139.13 0
1139.77 0
1140.42 0
1141.06 0
1141.7 0
1142.34 0
1142.98 0
1143.62 0
1144.26 0
1144.9 0
1145.54 0
1146.18 0
1146.82 0
1147.46 0
1148.1 0
1148.74 0
1149.38 0
1150.02 0
1150.66 13.8235
1151.3 13.6174
1151.94 13.4222
1152.58 13.2631
1153.22 13.1825
1153.86 13.202
1154.5 13.2528
1155.14 13.1798
1155.78 12.8817
1156.42 12.4266
1157.06 11.9726
1157.7 11.6131
1158.34 11.3408
1158.98 11.113
1159.62 10.9001
1160.26 0
1160.9 0
1161.54 0
1162.18 0
1162.82 0
1163.46 0
1164.1 0
1164.74 0
1165.38 0
1166.02 0
1166.66 0
1167.3 0
1167.94 0
1168.58 21.8693
1169.22 25.313
1169.86 47.501
1170.5 133.52
1171.14 366.024
1171.78 801.356
1172.42 1331.42
1173.06 1658.32
1173.7 1544.02
1174.34 1074.89
1174.98 561.246
1175.62 222.287
1176.26 69.768
1176.9 20.5218
1177.54 8.35611
1178.18 5.41742
1178.82 0
1179.46 0
1180.1 0
1180.74 0
1181.39 0
1182.03 0
1182.67 0
1183.31 0
1183.95 0
1184.59 0
1185.23 0
1185.87 0
1186.51 0
1187.15 0
1187.79 0
1188.43 0
1189.07 0
1189.71 0
1190.35 0
1190.99 0
1191.63 0
1192.27 0
1192.91 0
1193.55 0
1194.19 0
1194.83 0
1195.47 0
1196.11 0
1196.75 0
1197.39 0
1198.03 0
1198.67 0
1199.31 0
1199.95 0
1200.59 0
1201.23 0
1201.87 0
1202.51 0
1203.15 0
1203.79 0
1204.43 0
1205.07 0
1205.71 0
1206.35 0
1206.99 0
1207.63 0
1208.27 0
1208.91 0
1209.55 0
1210.19 0
1210.83 0
1211.47 0
1212.11 0
1212.75 0
1213.39 0
1214.03 0
1214.67 0
1215.31 0
1215.95 0
1216.59 0
1217.23 0
1217.87 0
1218.51 0
1219.15 0
1219.79 0
1220.43 0
1221.07 0
1221.71 0
1222.36 0
1223 0
1223.64 0
1224.28 0
1224.92 0
1225.56 0
1226.2 0
1226.84 0
1227.48 0
1228.12 0
1228.76 0
1229.4 0
1230.04 0
1230.68 0
1231.32 0
1231.96 0
1232.6 0
1233.24 4.2924
1233.88 4.14554
1234.52 4.00408
1235.16 3.88238
1235.8 3.81088
1236.44 3.82132
1237.08 3.89643
1237.72 3.934
1238.36 3.81117
1239 3.50944
1239.64 3.13544
1240.28 2.80729
1240.92 2.56349
1241.56 2.37936
1242.2 2.22141
1242.84 2.07134
1243.48 0
1244.12 0
1244.76 0
1245.4 0
1246.04 0
1246.68 0
1247.32 0
1247.96 0
1248.6 0
1249.24 0
1249.88 0
1250.52 0
1251.16 0
1251.8 0
1252.44 0
1253.08 0
1253.72 0
1254.36 0
1255 0
1255.64 0
1256.28 0
1256.92 0
1257.56 0
1258.2 0
1258.84 0
1259.48 0
1260.12 0
1260.76 0
1261.4 0
1262.04 0
1262.69 0
1263.33 0
1263.97 0
1264.61 0
1265.25 0
1265.89 0
1266.53 0
1267.17 0
1267.81 0
1268.45 0
1269.09 0
1269.73 0
1270.37 0
1271.01 0
1271.65 0
1272.29 0
1272.93 0
1273.57 0
1274.21 0
1274.85 0
1275.49 0
1276.13 2.2508
1276.77 2.22769
1277.41 2.2016
1278.05 2.16524
1278.69 2.10418
1279.33 2.00514
1279.97 1.87913
1280.61 1.77479
1281.25 1.74597
1281.89 1.79725
1282.53 1.87893
1283.17 1.9386
1283.81 1.95987
1284.45 1.95406
1285.09 1.93629
1285.73 1.91485
1286.37 0
1287.01 0
1287.65 0
1288.29 0
1288.93 0
1289.57 0
1290.21 0
1290.85 0
1291.49 0
1292.13 0
1292.77 0
1293.41 0
1294.05 0
1294.69 0
1295.33 0
1295.97 0
1296.61 0
1297.25 0
1297.89 0
1298.53 0
1299.17 0
1299.81 0
1300.45 0
1301.09 0
1301.73 0
1302.37 0
1303.01 0
1303.66 0
1304.3 0
1304.94 0
1305.58 0
1306.22 0
1306.86 0
1307.5 0
1308.14 0
1308.78 0
1309.42 0
1310.06 0
1310.7 0
1311.34 0
1311.98 0
1312.62 0
1313.26 0
1313.9 0
1314.54 0
1315.18 0
1315.82 0
1316.46 0
1317.1 0
1317.74 0
1318.38 0
1319.02 0
1319.66 0
1320.3 0
1320.94 0
1321.58 0
1322.22 0
1322.86 0
1323.5 0
1324.14 0
1324.78 0
1325.42 0
1326.06 0
1326.7 0
1327.34 0
1327.98 10.7954
1328.62 19.0943
1329.26 55.6467
1329.9 170.198
1330.54 430.316
1331.18 846.993
1331.82 1280.32
1332.46 1481.45
1333.1 1311.26
1333.74 888.007
1334.38 460.576
1335.02 183.462
1335.66 56.5994
1336.3 13.8757
1336.94 2.82608
1337.58 0
1338.22 0
1338.86 0
1339.5 0
1340.14 0
1340.78 0
1341.42 0
1342.06 0
1342.7 0
1343.34 0
1343.98 0
1344.63 0
1345.27 0
1345.91 0
1346.55 0
1347.19 0
1347.83 0
1348.47 0
1349.11 0
1349.75 0
1350.39 0
1351.03 0
1351.67 0
1352.31 0
1352.95 0
1353.59 0
1354.23 0
1354.87 0
1355.51 0
1356.15 0
1356.79 0
1357.43 0
1358.07 0
1358.71 0
1359.35 0
1359.99 0
1360.63 0
1361.27 0
1361.91 0
1362.55 0
1363.19 0
1363.83 0
1364.47 0
1365.11 0
1365.75 0
1366.39 0
1367.03 0
1367.67 0
1368.31 0
1368.95 0
1369.59 0
1370.23 0
1370.87 0
1371.51 0
1372.15 0
1372.79 0.46267
1373.43 0.464176
1374.07 0.471309
1374.71 0.49668
1375.35 0.563704
1375.99 0.69241
1376.63 0.863755
1377.27 1.00078
1377.91 1.01772
1378.55 0.902952
1379.19 0.731289
1379.83 0.588692
1380.47 0.508058
1381.11 0.475107
1381.75 0.465122
1382.39 0.462847
1383.03 0
1383.67 0
1384.31 0
1384.95 0
1385.6 0
1386.24 0
1386.88 0
1387.52 0
1388.16 0
1388.8 0
1389.44 0
1390.08 0
1390.72 0
1391.36 0
1392 0
1392.64 0
1393.28 0
1393.92 0
1394.56 0
1395.2 0
1395.84 0
1396.48 0
1397.12 0.323947
1397.76 0.325742
1398.4 0.332482
1399.04 0.351404
1399.68 0.39041
1400.32 0.447237
1400.96 0.499983
1401.6 0.517673
1402.24 0.488366
1402.88 0.431795
1403.52 0.380203
1404.16 0.355977
1404.8 0.376017
1405.44 0.472055
1406.08 0.685846
1406.72 1.01146
1407.36 1.3323
1408 1.46554
1408.64 1.32187
1409.28 0.997632
1409.92 0.675186
1410.56 0.465292
1411.2 0.367701
1411.84 0.334168
1412.48 0.325508
1413.12 0
1413.76 0
1414.4 0
1415.04 0
1415.68 0
1416.32 0
1416.96 0
1417.6 0
1418.24 0
1418.88 0
1419.52 0
1420.16 0
1420.8 0
1421.44 0
1422.08 0
1422.72 0
1423.36 0
1424 0
1424.64 0
1425.28 0
1425.92 0
1426.57 0
1427.21 0
1427.85 0
1428.49 0
1429.13 0
1429.77 0
1430.41 0
1431.05 0
1431.69 0
1432.33 0
1432.97 0
1433.61 0
1434.25 0
1434.89 0
1435.53 0
1436.17 0
1436.81 0
1437.45 0
1438.09 0
1438.73 0
1439.37 0
1440.01 0
1440.65 0
1441.29 0
1441.93 0
1442.57 0
1443.21 0
1443.85 0
1444.49 0
1445.13 0
1445.77 0
1446.41 0
1447.05 0
1447.69 0
1448.33 0
1448.97 0
1449.61 0
1450.25 0
1450.89 0
1451.53 0
1452.17 0
1452.81 0
1453.45 0
1454.09 0
1454.73 0
1455.37 0
1456.01 0.514642
1456.65 0.535238
1457.29 0.623593
1457.93 0.911068
1458.57 1.61189
1459.21 2.86267
1459.85 4.41346
1460.49 5.54351
1461.13 5.5557
1461.77 4.44281
1462.41 2.89413
1463.05 1.63446
1463.69 0.922839
1464.33 0.628188
1464.97 0.536597
1465.61 0.514948
1466.25 0
1466.89 0
1467.54 0
1468.18 0
1468.82 0
1469.46 0
1470.1 0
1470.74 0
1471.38 0
1472.02 0
1472.66 0
1473.3 0
1473.94 0
1474.58 0
1475.22 0
1475.86 0
1476.5 0
1477.14 0
1477.78 0
1478.42 0
1479.06 0
1479.7 0
1480.34 0
1480.98 0
1481.62 0
1482.26 0
1482.9 0
1483.54 0
1484.18 0
1484.82 0
1485.46 0
1486.1 0
1486.74 0
1487.38 0
1488.02 0
1488.66 0
1489.3 0
1489.94 0
1490.58 0
1491.22 0
1491.86 0
1492.5 0
1493.14 0
1493.78 0
1494.42 0
1495.06 0
1495.7 0
1496.34 0
1496.98 0
1497.62 0
1498.26 0
1498.9 0
1499.54 0
1500.18 0
1500.82 0
1501.46 0
1502.1 0
1502.74 0
1503.38 0
1504.02 0
1504.66 0.232949
1505.3 0.235683
1505.94 0.24581
1506.58 0.274304
1507.22 0.334266
1507.86 0.425706
1508.51 0.519039
1509.15 0.564667
1509.79 0.533579
1510.43 0.445917
1511.07 0.350797
1511.71 0.283733
1512.35 0.249766
1512.99 0.236933
1513.63 0.23325
1514.27 0
1514.91 0
1515.55 0
1516.19 0
1516.83 0
1517.47 0
1518.11 0
1518.75 0
1519.39 0
1520.03 0
1520.67 0
1521.31 0
1521.95 0
1522.59 0
1523.23 0
1523.87 0
1524.51 0
1525.15 0
1525.79 0
1526.43 0
1527.07 0
1527.71 0
1528.35 0
1528.99 0
1529.63 0
1530.27 0
1530.91 0
1531.55 0
1532.19 0
1532.83 0
1533.47 0
1534.11 0
1534.75 0
1535.39 0
1536.03 0
1536.67 0
1537.31 0
1537.95 0
1538.59 0
1539.23 0
1539.87 0
1540.51 0
1541.15 0
1541.79 0
1542.43 0
1543.07 0
1543.71 0
1544.35 0
1544.99 0
1545.63 0
1546.27 0
1546.91 0
1547.55 0
1548.19 0
1548.84 0
1549.48 0
1550.12 0
1550.76 0
1551.4 0
1552.04 0
1552.68 0
1553.32 0
1553.96 0
1554.6 0
1555.24 0
1555.88 0
1556.52 0
1557.16 0
1557.8 0
1558.44 0
1559.08 0
1559.72 0
1560.36 0
1561 0
1561.64 0
1562.28 0
1562.92 0
1563.56 0
1564.2 0
1564.84 0
1565.48 0
1566.12 0
1566.76 0
1567.4 0
1568.04 0
1568.68 0
1569.32 0
1569.96 0
1570.6 0
1571.24 0
1571.88 0
1572.52 0
1573.16 0
1573.8 0
1574.44 0
1575.08 0
1575.72 0
1576.36 0
1577 0
1577.64 0
1578.28 0
1578.92 0
1579.56 0
1580.2 0
1580.84 0
1581.48 0
1582.12 0
1582.76 0
1583.4 0
1584.04 0
1584.68 0
1585.32 0
1585.96 0
1586.6 0
1587.24 0
1587.88 0
1588.52 0
1589.16 0
1589.81 0
1590.45 0
1591.09 0
1591.73 0
1592.37 0
1593.01 0
1593.65 0
1594.29 0
1594.93 0
1595.57 0
1596.21 0
1596.85 0
1597.49 0
1598.13 0
1598.77 0
1599.41 0
1600.05 0
1600.69 0
1601.33 0
1601.97 0
1602.61 0
1603.25 0
1603.89 0
1604.53 0
1605.17 0
1605.81 0
1606.45 0
1607.09 0
1607.73 0
1608.37 0
1609.01 0
1609.65 0
1610.29 0
1610.93 0
1611.57 0
1612.21 0
1612.85 0
1613.49 0
1614.13 0
1614.77 0
1615.41 0
1616.05 0
1616.69 0
1617.33 0
1617.97 0
1618.61 0
1619.25 0
1619.89 0
1620.53 0
1621.17 0
1621.81 0
1622.45 0
1623.09 0
1623.73 0
1624.37 0
1625.01 0
1625.65 0
1626.29 0
1626.93 0
1627.57 0
1628.21 0
1628.85 0
1629.49 0
1630.13 0
1630.78 0
1631.42 0
1632.06 0
1632.7 0
1633.34 0
1633.98 0
1634.62 0
1635.26 0
1635.9 0
1636.54 0
1637.18 0
1637.82 0
1638.46 0
1639.1 0
1639.74 0
1640.38 0
1641.02 0
1641.66 0
1642.3 0
1642.94 0
1643.58 0
1644.22 0
1644.86 0
1645.5 0
1646.14 0
1646.78 0
1647.42 0
1648.06 0
1648.7 0
1649.34 0
1649.98 0
1650.62 0
1651.26 0
1651.9 0
1652.54 0
1653.18 0
1653.82 0
1654.46 0
1655.1 0
1655.74 0
1656.38 0.142942
1657.02 0.142901
1657.66 0.142745
1658.3 0.14228
1658.94 0.141214
1659.58 0.139381
1660.22 0.137118
1660.86 0.135373
1661.5 0.135122
1662.14 0.136518
1662.78 0.138745
1663.42 0.140763
1664.06 0.142045
1664.7 0.142653
1665.34 0.142873
1665.98 0.142935
1666.62 0
1667.26 0
1667.9 0
1668.54 0
1669.18 0
1669.82 0
1670.46 0
1671.1 0
1671.75 0
1672.39 0
1673.03 0
1673.67 0
1674.31 0
1674.95 0
1675.59 0
1676.23 0
1676.87 0
1677.51 0
1678.15 0
1678.79 0
1679.43 0
1680.07 0
1680.71 0
1681.35 0
1681.99 0
1682.63 0
1683.27 0
1683.91 0
1684.55 0
1685.19 0
1685.83 0
1686.47 0
1687.11 0
1687.75 0
1688.39 0
1689.03 0
1689.67 0
1690.31 0
1690.95 0
1691.59 0
1692.23 0
1692.87 0
1693.51 0
1694.15 0
1694.79 0
1695.43 0
1696.07 0
1696.71 0
1697.35 0
1697.99 0
1698.63 0
1699.27 0
1699.91 0
1700.55 0
1701.19 0
1701.83 0
1702.47 0
1703.11 0
1703.75 0
1704.39 0
1705.03 0
1705.67 0
1706.31 0
1706.95 0
1707.59 0
1708.23 0
1708.87 0
1709.51 0
1710.15 0
1710.79 0
1711.43 0
1712.07 0
1712.72 0
1713.36 0
1714 0
1714.64 0
1715.28 0
1715.92 0
1716.56 0
1717.2 0
1717.84 0
1718.48 0
1719.12 0
1719.76 0
1720.4 0
1721.04 0
1721.68 0
1722.32 0
1722.96 0
1723.6 0
1724.24 0
1724.88 0.211505
1725.52 0.214774
1726.16 0.226011
1726.8 0.256131
1727.44 0.318243
1728.08 0.414276
1728.72 0.519092
1729.36 0.584694
1730 0.57387
1730.64 0.493135
1731.28 0.386632
1731.92 0.298475
1732.56 0.245755
1733.2 0.221873
1733.84 0.213499
1734.48 0.211199
1735.12 0
1735.76 0
1736.4 0
1737.04 0
1737.68 0
1738.32 0
1738.96 0
1739.6 0
1740.24 0
1740.88 0
1741.52 0
1742.16 0
1742.8 0
1743.44 0
1744.08 0
1744.72 0
1745.36 0
1746 0
1746.64 0
1747.28 0
1747.92 0
1748.56 0
1749.2 0
1749.84 0
1750.48 0
1751.12 0
1751.76 0
1752.4 0
1753.04 0
1753.69 0
1754.33 0
1754.97 0
1755.61 0
1756.25 0
1756.89 0
1757.53 0
1758.17 0
1758.81 0
1759.45 0
1760.09 0.00783961
1760.73 0.0316256
1761.37 0.102758
1762.01 0.26824
1762.65 0.562345
1763.29 0.946832
1763.93 1.28056
1764.57 1.39141
1765.21 1.21483
1765.85 0.852446
1766.49 0.480827
1767.13 0.218064
1767.77 0.0795439
1768.41 0.0233602
1769.05 0.00554628
1769.69 0
1770.33 0
1770.97 0
1771.61 0
1772.25 0
1772.89 0
1773.53 0
1774.17 0
1774.81 0
1775.45 0
1776.09 0
1776.73 0
1777.37 0
1778.01 0
1778.65 0
1779.29 0
1779.93 0
1780.57 0
1781.21 0
1781.85 0
1782.49 0
1783.13 0
1783.77 0
1784.41 0
1785.05 0
1785.69 0
1786.33 0
1786.97 0
1787.61 0
1788.25 0
1788.89 0
1789.53 0
1790.17 0
1790.81 0
1791.45 0
1792.09 0
1792.73 0
1793.37 0
1794.01 0
1794.66 0
1795.3 0
1795.94 0
1796.58 0
1797.22 0
1797.86 0
1798.5 0
1799.14 0
1799.78 0
1800.42 0
1801.06 0
1801.7 0
1802.34 0
1802.98 0
1803.62 0
1804.26 0
1804.9 0
1805.54 0
1806.18 0
1806.82 0
1807.46 0
1808.1 0
1808.74 0
1809.38 0
1810.02 0
1810.66 0
1811.3 0
1811.94 0
1812.58 0
1813.22 0
1813.86 0
1814.5 0
1815.14 0
1815.78 0
1816.42 0
1817.06 0
1817.7 0
1818.34 0
1818.98 0
1819.62 0
1820.26 0
1820.9 0
1821.54 0
1822.18 0
1822.82 0
1823.46 0
1824.1 0
1824.74 0
1825.38 0
1826.02 0
1826.66 0
1827.3 0
1827.94 0
1828.58 0
1829.22 0
1829.86 0
1830.5 0
1831.14 0
1831.78 0
1832.42 0
1833.06 0
1833.7 0
1834.34 0
1834.99 0
1835.63 0
1836.27 0
1836.91 0
1837.55 0
1838.19 0
1838.83 0
1839.47 0
1840.11 0
1840.75 0
1841.39 0
1842.03 0
1842.67 0.103101
1843.31 0.106283
1843.95 0.116681
1844.59 0.14347
1845.23 0.197204
1845.87 0.279083
1846.51 0.368677
1847.15 0.427122
1847.79 0.42292
1848.43 0.358516
1849.07 0.268077
1849.71 0.189134
1850.35 0.13909
1850.99 0.11486
1851.63 0.105694
1852.27 0.102951
1852.91 0
1853.55 0
1854.19 0
1854.83 0
1855.47 0
1856.11 0
1856.75 0
1857.39 0
1858.03 0
1858.67 0
1859.31 0
1859.95 0
1860.59 0
1861.23 0
1861.87 0
1862.51 0
1863.15 0
1863.79 0
1864.43 0
1865.07 0
1865.71 0
1866.35 0
1866.99 0
1867.63 0
1868.27 0
1868.91 0
1869.55 0
1870.19 0
1870.83 0
1871.47 0
1872.11 0
1872.75 0
1873.39 0
1874.03 0
1874.67 0
1875.31 0
1875.96 0
1876.6 0
1877.24 0
1877.88 0
1878.52 0
1879.16 0
1879.8 0
1880.44 0
1881.08 0
1881.72 0
1882.36 0
1883 0
1883.64 0
1884.28 0
1884.92 0
1885.56 0
1886.2 0
1886.84 0
1887.48 0
1888.12 0
1888.76 0
1889.4 0
1890.04 0
1890.68 0
1891.32 0
1891.96 0
1892.6 0
1893.24 0
1893.88 0
1894.52 0
1895.16 0
1895.8 0
1896.44 0
1897.08 0
1897.72 0
1898.36 0
1899 0
1899.64 0
1900.28 0
1900.92 0
1901.56 0
1902.2 0
1902.84 0
1903.48 0
1904.12 0
1904.76 0
1905.4 0
1906.04 0
1906.68 0
1907.32 0
1907.96 0
1908.6 0
1909.24 0
1909.88 0
1910.52 0
1911.16 0
1911.8 0
1912.44 0
1913.08 0
1913.72 0
1914.36 0
1915 0
1915.64 0
1916.28 0
1916.93 0
1917.57 0
1918.21 0
1918.85 0
1919.49 0
1920.13 0
1920.77 0
1921.41 0
1922.05 0
1922.69 0
1923.33 0
1923.97 0
1924.61 0
1925.25 0
1925.89 0
1926.53 0
1927.17 0
1927.81 0
1928.45 0
1929.09 0
1929.73 0
1930.37 0
1931.01 0
1931.65 0
1932.29 0
1932.93 0
1933.57 0
1934.21 0
1934.85 0
1935.49 0
1936.13 0
1936.77 0
1937.41 0
1938.05 0
1938.69 0
1939.33 0
1939.97 0
1940.61 0
1941.25 0
1941.89 0
1942.53 0
1943.17 0
1943.81 0
1944.45 0
1945.09 0
1945.73 0
1946.37 0
1947.01 0
1947.65 0
1948.29 0
1948.93 0
1949.57 0
1950.21 0
1950.85 0
1951.49 0
1952.13 0
1952.77 0
1953.41 0
1954.05 0
1954.69 0
1955.33 0
1955.97 0
1956.61 0
1957.25 0
1957.9 0
1958.54 0
1959.18 0
1959.82 0
1960.46 0
1961.1 0
1961.74 0
1962.38 0
1963.02 0
1963.66 0
1964.3 0
1964.94 0
1965.58 0
1966.22 0
1966.86 0
1967.5 0
1968.14 0
1968.78 0
1969.42 0
1970.06 0
1970.7 0
1971.34 0
1971.98 0
1972.62 0
1973.26 0
1973.9 0
1974.54 0
1975.18 0
1975.82 0
1976.46 0
1977.1 0
1977.74 0
1978.38 0
1979.02 0
1979.66 0
1980.3 0
1980.94 0
1981.58 0
1982.22 0
1982.86 0
1983.5 0
1984.14 0
1984.78 0
1985.42 0
1986.06 0
1986.7 0
1987.34 0
1987.98 0
1988.62 0
1989.26 0
1989.9 0
1990.54 0
1991.18 0
1991.82 0
1992.46 0
1993.1 0
1993.74 0
1994.38 0
1995.02 0
1995.66 0
1996.3 0
1996.94 0
1997.58 0
1998.22 0
1998.87 0
1999.51 0
2000.15 0
2000.79 0
2001.43 0
2002.07 0
2002.71 0
2003.35 0
2003.99 0
2004.63 0
2005.27 0
2005.91 0
2006.55 0
2007.19 0
2007.83 0
2008.47 0
2009.11 0
2009.75 0
2010.39 0
2011.03 0
2011.67 0
2012.31 0
2012.95 0
2013.59 0
2014.23 0
2014.87 0
2015.51 0
2016.15 0
2016.79 0
2017.43 0
2018.07 0
2018.71 0
2019.35 0
2019.99 0
2020.63 0
2021.27 0
2021.91 0
2022.55 0
2023.19 0
2023.83 0
2024.47 0
2025.11 0
2025.75 0
2026.39 0
2027.03 0
2027.67 0
2028.31 0
2028.95 0
2029.59 0
2030.23 0
2030.87 0
2031.51 0
2032.15 0
2032.79 0
2033.43 0
2034.07 0
2034.71 0
2035.35 0
2035.99 0
2036.63 0
2037.27 0
2037.91 0
2038.55 0
2039.19 0
2039.84 0
2040.48 0
2041.12 0
2041.76 0
2042.4 0
2043.04 0
2043.68 0
2044.32 0
2044.96 0
2045.6 0
2046.24 0
2046.88 0
2047.52 0
2048.16 0
2048.8 0
2049.44 0
2050.08 0
2050.72 0
2051.36 0
2052 0
2052.64 0
2053.28 0
2053.92 0
2054.56 0
2055.2 0
2055.84 0
2056.48 0
2057.12 0
2057.76 0
2058.4 0
2059.04 0
2059.68 0
2060.32 0
2060.96 0
2061.6 0
2062.24 0
2062.88 0
2063.52 0
2064.16 0
2064.8 0
2065.44 0
2066.08 0
2066.72 0
2067.36 0
2068 0
2068.64 0
2069.28 0
2069.92 0
2070.56 0
2071.2 0
2071.84 0
2072.48 0
2073.12 0
2073.76 0
2074.4 0
2075.04 0
2075.68 0
2076.32 0
2076.96 0
2077.6 0
2078.24 0
2078.88 0
2079.52 0
2080.16 0
2080.81 0
2081.45 0
2082.09 0
2082.73 0
2083.37 0
2084.01 0
2084.65 0
2085.29 0
2085.93 0
2086.57 0
2087.21 0
2087.85 0
2088.49 0
2089.13 0
2089.77 0
2090.41 0
2091.05 0
2091.69 0
2092.33 0
2092.97 0
2093.61 0
2094.25 0
2094.89 0
2095.53 0
2096.17 0
2096.81 0
2097.45 0
2098.09 0
2098.73 0
2099.37 0
2100.01 0
2100.65 0
2101.29 0
2101.93 0
2102.57 0
2103.21 0
2103.85 0
2104.49 0
2105.13 0
2105.77 0
2106.41 0
2107.05 0
2107.69 0
2108.33 0
2108.97 0
2109.61 0
2110.25 0
2110.89 0
2111.53 0
2112.17 0
2112.81 0
2113.45 0
2114.09 0.0952582
2114.73 0.0970526
2115.37 0.101625
2116.01 0.110954
2116.65 0.125918
2117.29 0.144108
2117.93 0.159274
2118.57 0.16445
2119.21 0.156984
2119.85 0.140675
2120.49 0.122734
2121.14 0.108787
2121.78 0.100485
2122.42 0.0965774
2123.06 0.0950994
2123.7 0
2124.34 0
2124.98 0
2125.62 0
2126.26 0
2126.9 0
2127.54 0
2128.18 0
2128.82 0
2129.46 0
2130.1 0
2130.74 0
2131.38 0
2132.02 0
2132.66 0
2133.3 0
2133.94 0
2134.58 0
2135.22 0
2135.86 0
2136.5 0
2137.14 0
2137.78 0
2138.42 0
2139.06 0
2139.7 0
2140.34 0
2140.98 0
2141.62 0
2142.26 0
2142.9 0
2143.54 0
2144.18 0
2144.82 0
2145.46 0
2146.1 0
2146.74 0
2147.38 0
2148.02 0
2148.66 0
2149.3 0
2149.94 0
2150.58 0
2151.22 0
2151.86 0
2152.5 0
2153.14 0
2153.78 0.0967744
2154.42 0.0976981
2155.06 0.100312
2155.7 0.106289
2156.34 0.117188
2156.98 0.132668
2157.62 0.14889
2158.26 0.15941
2158.9 0.159143
2159.54 0.148232
2160.18 0.13193
2160.82 0.116616
2161.46 0.105956
2162.11 0.100162
2162.75 0.0976446
2163.39 0.0967593
2164.03 0
2164.67 0
2165.31 0
2165.95 0
2166.59 0
2167.23 0
2167.87 0
2168.51 0
2169.15 0
2169.79 0
2170.43 0
2171.07 0
2171.71 0
2172.35 0
2172.99 0
2173.63 0
2174.27 0
2174.91 0
2175.55 0
2176.19 0
2176.83 0
2177.47 0
2178.11 0
2178.75 0
2179.39 0
2180.03 0
2180.67 0
2181.31 0
2181.95 0
2182.59 0
2183.23 0
2183.87 0
2184.51 0
2185.15 0
2185.79 0
2186.43 0
2187.07 0
2187.71 0
2188.35 0
2188.99 0
2189.63 0
2190.27 0
2190.91 0
2191.55 0
2192.19 0
2192.83 0
2193.47 0
2194.11 0
2194.75 0
2195.39 0
2196.03 0
2196.67 0
2197.31 0
2197.95 0
2198.59 0
2199.23 0.0374888
2199.87 0.0422101
2200.51 0.055474
2201.15 0.0856851
2201.79 0.140796
2202.43 0.219485
2203.08 0.30303
2203.72 0.359177
2204.36 0.361352
2205 0.308492
2205.64 0.225868
2206.28 0.14604
2206.92 0.0889955
2207.56 0.0571358
2208.2 0.0428845
2208.84 0.0377121
2209.48 0
2210.12 0
2210.76 0
2211.4 0
2212.04 0
2212.68 0
2213.32 0
2213.96 0
2214.6 0
2215.24 0
2215.88 0
2216.52 0
2217.16 0
2217.8 0
2218.44 0
2219.08 0
2219.72 0
2220.36 0
2221 0
2221.64 0
2222.28 0
2222.92 0
2223.56 0
2224.2 0
2224.84 0
2225.48 0
2226.12 0
2226.76 0
2227.4 0
2228.04 0
2228.68 0
2229.32 0
2229.96 0
2230.6 0
2231.24 0
2231.88 0
2232.52 0
2233.16 0
2233.8 0
2234.44 0
2235.08 0
2235.72 0
2236.36 0
2237 0
2237.64 0
2238.28 0
2238.92 0
2239.56 0
2240.2 0
2240.84 0
2241.48 0
2242.12 0
2242.76 0
2243.4 0
2244.05 0
2244.69 0
2245.33 0
2245.97 0
2246.61 0
2247.25 0
2247.89 0
2248.53 0
2249.17 0
2249.81 0
2250.45 0
2251.09 0
2251.73 0
2252.37 0
2253.01 0
2253.65 0
2254.29 0
2254.93 0
2255.57 0
2256.21 0
2256.85 0
2257.49 0
2258.13 0
2258.77 0
2259.41 0
2260.05 0
2260.69 0
2261.33 0
2261.97 0
2262.61 0
2263.25 0
2263.89 0
2264.53 0
2265.17 0
2265.81 0
2266.45 0
2267.09 0
2267.73 0
2268.37 0
2269.01 0
2269.65 0
2270.29 0
2270.93 0
2271.57 0
2272.21 0
2272.85 0
2273.49 0
2274.13 0
2274.77 0
2275.41 0
2276.05 0
2276.69 0
2277.33 0
2277.97 0
2278.61 0
2279.25 0
2279.89 0
2280.53 0
2281.17 0
2281.81 0
2282.45 0
2283.09 0
2283.73 0
2284.37 0
2285.02 0
2285.66 0
2286.3 0
2286.94 0
2287.58 0
2288.22 0
2288.86 0
2289.5 0
2290.14 0
2290.78 0
2291.42 0
2292.06 0
2292.7 0
2293.34 0
2293.98 0
2294.62 0
2295.26 0
2295.9 0
2296.54 0
2297.18 0
2297.82 0
2298.46 0
2299.1 0
2299.74 0
2300.38 0
2301.02 0
2301.66 0
2302.3 0
2302.94 0
2303.58 0
2304.22 0
2304.86 0
2305.5 0
2306.14 0
2306.78 0
2307.42 0
2308.06 0
2308.7 0
2309.34 0
2309.98 0
2310.62 0
2311.26 0
2311.9 0
2312.54 0
2313.18 0
2313.82 0
2314.46 0
2315.1 0
2315.74 0
2316.38 0
2317.02 0
2317.66 0
2318.3 0
2318.94 0
2319.58 0
2320.22 0
2320.86 0
2321.5 0
2322.14 0
2322.78 0
2323.42 0
2324.06 0
2324.7 0
2325.34 0
2325.99 0
2326.63 0
2327.27 0
2327.91 0
2328.55 0
2329.19 0
2329.83 0
2330.47 0
2331.11 0
2331.75 0
2332.39 0
2333.03 0
2333.67 0
2334.31 0
2334.95 0
2335.59 0
2336.23 0
2336.87 0
2337.51 0
2338.15 0
2338.79 0
2339.43 0
2340.07 0
2340.71 0
2341.35 0
2341.99 0
2342.63 0
2343.27 0
2343.91 0
2344.55 0
2345.19 0
2345.83 0
2346.47 0
2347.11 0
2347.75 0
2348.39 0
2349.03 0
2349.67 0
2350.31 0
2350.95 0
2351.59 0
2352.23 0
2352.87 0
2353.51 0
2354.15 0
2354.79 0
2355.43 0
2356.07 0
2356.71 0
2357.35 0
2357.99 0
2358.63 0
2359.27 0
2359.91 0
2360.55 0
2361.19 0
2361.83 0
2362.47 0
2363.11 0
2363.75 0
2364.39 0
2365.03 0
2365.67 0
2366.31 0
2366.96 0
2367.6 0
2368.24 0
2368.88 0
2369.52 0
2370.16 0
2370.8 0
2371.44 0
2372.08 0
2372.72 0
2373.36 0
2374 0
2374.64 0
2375.28 0
2375.92 0
2376.56 0
2377.2 0
2377.84 0
2378.48 0
2379.12 0
2379.76 0
2380.4 0
2381.04 0
2381.68 0
2382.32 0
2382.96 0
2383.6 0
2384.24 0
2384.88 0
2385.52 0
2386.16 0
2386.8 0
2387.44 0
2388.08 0
2388.72 0
2389.36 0
2390 0
2390.64 0
2391.28 0
2391.92 0
2392.56 0
2393.2 0
2393.84 0
2394.48 0
2395.12 0
2395.76 0
2396.4 0
2397.04 0
2397.68 0
2398.32 0
2398.96 0
2399.6 0
2400.24 0
2400.88 0
2401.52 0
2402.16 0
2402.8 0
2403.44 0
2404.08 0
2404.72 0
2405.36 0
2406 0
2406.64 0
2407.29 0
2407.93 0
2408.57 0
2409.21 0
2409.85 0
2410.49 0
2411.13 0
2411.77 0
2412.41 0
2413.05 0
2413.69 0
2414.33 0
2414.97 0
2415.61 0
2416.25 0
2416.89 0
2417.53 0
2418.17 0
2418.81 0
2419.45 0
2420.09 0
2420.73 0
2421.37 0
2422.01 0
2422.65 0
2423.29 0
2423.93 0
2424.57 0
2425.21 0
2425.85 0
2426.49 0
2427.13 0
2427.77 0
2428.41 0
2429.05 0
2429.69 0
2430.33 0
2430.97 0
2431.61 0
2432.25 0
2432.89 0
2433.53 0
2434.17 0
2434.81 0
2435.45 0
2436.09 0
2436.73 0
2437.37 0
2438.01 0
2438.65 0
2439.29 0
2439.93 0
2440.57 0
2441.21 0
2441.85 0
2442.49 0
2443.13 0.115153
2443.77 0.115537
2444.41 0.116445
2445.05 0.118202
2445.69 0.120947
2446.33 0.1243
2446.97 0.127266
2447.61 0.128653
2448.26 0.127829
2448.9 0.125176
2449.54 0.121812
2450.18 0.118845
2450.82 0.116823
2451.46 0.115718
2452.1 0.115224
2452.74 0
2453.38 0
2454.02 0
2454.66 0
2455.3 0
2455.94 0
2456.58 0
2457.22 0
2457.86 0
2458.5 0
2459.14 0
2459.78 0
2460.42 0
2461.06 0
2461.7 0
2462.34 0
2462.98 0
2463.62 0
2464.26 0
2464.9 0
2465.54 0
2466.18 0
2466.82 0
2467.46 0
2468.1 0
2468.74 0
2469.38 0
2470.02 0
2470.66 0
2471.3 0
2471.94 0
2472.58 0
2473.22 0
2473.86 0
2474.5 0
2475.14 0
2475.78 0
2476.42 0
2477.06 0
2477.7 0
2478.34 0
2478.98 0
2479.62 0
2480.26 0
2480.9 0
2481.54 0
2482.18 0
2482.82 0
2483.46 0
2484.1 0
2484.74 0
2485.38 0
2486.02 0
2486.66 0
2487.3 0
2487.94 0
2488.58 0
2489.23 0
2489.87 0
2490.51 0
2491.15 0
2491.79 0
2492.43 0
2493.07 0
2493.71 0
2494.35 0
2494.99 0
2495.63 0
2496.27 0
2496.91 0
2497.55 0
2498.19 0
2498.83 0
2499.47 0
2500.11 0
2500.75 0
2501.39 0
2502.03 0
2502.67 0
2503.31 0
2503.95 0
2504.59 0
2505.23 0
2505.87 0
2506.51 0
2507.15 0
2507.79 0
2508.43 0
2509.07 0
2509.71 0
2510.35 0
2510.99 0
2511.63 0
2512.27 0
2512.91 0
2513.55 0
2514.19 0
2514.83 0
2515.47 0
2516.11 0
2516.75 0
2517.39 0
2518.03 0
2518.67 0
2519.31 0
2519.95 0
2520.59 0
2521.23 0
2521.87 0
2522.51 0
2523.15 0
2523.79 0
2524.43 0
2525.07 0
2525.71 0
2526.35 0
2526.99 0
2527.63 0
2528.27 0
2528.91 0
2529.55 0
2530.2 0
2530.84 0
2531.48 0
2532.12 0
2532.76 0
2533.4 0
2534.04 0
2534.68 0
2535.32 0
2535.96 0
2536.6 0
2537.24 0
2537.88 0
2538.52 0
2539.16 0
2539.8 0
2540.44 0
2541.08 0
2541.72 0
2542.36 0
2543 0
2543.64 0
2544.28 0
2544.92 0
2545.56 0
2546.2 0
2546.84 0
2547.48 0
2548.12 0
2548.76 0
2549.4 0
2550.04 0
2550.68 0
2551.32 0
2551.96 0
2552.6 0
2553.24 0
2553.88 0
2554.52 0
2555.16 0
2555.8 0
2556.44 0
2557.08 0
2557.72 0
2558.36 0
2559 0
2559.64 0
2560.28 0
2560.92 0
2561.56 0
2562.2 0
2562.84 0
2563.48 0
2564.12 0
2564.76 0
2565.4 0
2566.04 0
2566.68 0
2567.32 0
2567.96 0
2568.6 0
2569.24 0
2569.88 0
2570.52 0
2571.17 0
2571.81 0
2572.45 0
2573.09 0
2573.73 0
2574.37 0
2575.01 0
2575.65 0
2576.29 0
2576.93 0
2577.57 0
2578.21 0
2578.85 0
2579.49 0
2580.13 0
2580.77 0
2581.41 0
2582.05 0
2582.69 0
2583.33 0
2583.97 0
2584.61 0
2585.25 0
2585.89 0
2586.53 0
2587.17 0
2587.81 0
2588.45 0
2589.09 0
2589.73 0
2590.37 0
2591.01 0
2591.65 0
2592.29 0
2592.93 0
2593.57 0
2594.21 0
2594.85 0
2595.49 0
2596.13 0
2596.77 0
2597.41 0
2598.05 0
2598.69 0
2599.33 0
2599.97 0
2600.61 0
2601.25 0
2601.89 0
2602.53 0
2603.17 0
2603.81 0
2604.45 0
2605.09 0
2605.73 0
2606.37 0
2607.01 0
2607.65 0
2608.29 0
2608.93 0
2609.57 0.00953153
2610.21 0.0298474
2610.85 0.0804495
2611.49 0.185214
2612.14 0.363505
2612.78 0.607882
2613.42 0.866077
2614.06 1.05132
2614.7 1.08739
2615.34 0.958406
2615.98 0.719905
2616.62 0.460918
2617.26 0.251588
2617.9 0.117132
2618.54 0.0465733
2619.18 0.0158847
2619.82 0
2620.46 0
2621.1 0
2621.74 0
2622.38 0
2623.02 0
2623.66 0
2624.3 0
2624.94 0
2625.58 0
2626.22 0
2626.86 0
2627.5 0
2628.14 0
2628.78 0
2629.42 0
2630.06 0
2630.7 0
2631.34 0
2631.98 0
2632.62 0
2633.26 0
2633.9 0
2634.54 0
2635.18 0
2635.82 0
2636.46 0
2637.1 0
2637.74 0
2638.38 0
2639.02 0
2639.66 0
2640.3 0
2640.94 0
2641.58 0
2642.22 0
2642.86 0
2643.5 0
2644.14 0
2644.78 0
2645.42 0
2646.06 0
2646.7 0
2647.34 0
2647.98 0
2648.62 0
2649.26 0
2649.9 0
2650.54 0
2651.18 0
2651.82 0
2652.46 0
2653.11 0
2653.75 0
2654.39 0
2655.03 0
2655.67 0
2656.31 0
2656.95 0
2657.59 0
2658.23 0
2658.87 0
2659.51 0
2660.15 0
2660.79 0
2661.43 0
2662.07 0
2662.71 0
2663.35 0
2663.99 0
2664.63 0
2665.27 0
2665.91 0
2666.55 0
2667.19 0
2667.83 0
2668.47 0
2669.11 0
2669.75 0
2670.39 0
2671.03 0
2671.67 0
2672.31 0
2672.95 0
2673.59 0
2674.23 0
2674.87 0
2675.51 0
2676.15 0
2676.79 0
2677.43 0
2678.07 0
2678.71 0
2679.35 0
2679.99 0
2680.63 0
2681.27 0
2681.91 0
2682.55 0
2683.19 0
2683.83 0
2684.47 0
2685.11 0
2685.75 0
2686.39 0
2687.03 0
2687.67 0
2688.31 0
2688.95 0
2689.59 0
2690.23 0
2690.87 0
2691.51 0
2692.15 0
2692.79 0
2693.44 0
2694.08 0
2694.72 0
2695.36 0
2696 0
2696.64 0
2697.28 0
2697.92 0
2698.56 0
2699.2 0
2699.84 0
2700.48 0
2701.12 0
2701.76 0
2702.4 0
2703.04 0
2703.68 0
2704.32 0
2704.96 0
2705.6 0
2706.24 0
2706.88 0
2707.52 0
2708.16 0
2708.8 0
2709.44 0
2710.08 0
2710.72 0
2711.36 0
2712 0
2712.64 0
2713.28 0
2713.92 0
2714.56 0
2715.2 0
2715.84 0
2716.48 0
2717.12 0
2717.76 0
2718.4 0
2719.04 0
2719.68 0
2720.32 0
2720.96 0
2721.6 0
2722.24 0
2722.88 0
2723.52 0
2724.16 0
2724.8 0
2725.44 0
2726.08 0
2726.72 0
2727.36 0
2728 0
2728.64 0
2729.28 0
2729.92 0
2730.56 0
2731.2 0
2731.84 0
2732.48 0
2733.12 0
2733.76 0
2734.41 0
2735.05 0
2735.69 0
2736.33 0
2736.97 0
2737.61 0
2738.25 0
2738.89 0
2739.53 0
2740.17 0
2740.81 0
2741.45 0
2742.09 0
2742.73 0
2743.37 0
2744.01 0
2744.65 0
2745.29 0
2745.93 0
2746.57 0
2747.21 0
2747.85 0
2748.49 0
2749.13 0
2749.77 0
2750.41 0
2751.05 0
2751.69 0
2752.33 0
2752.97 0
2753.61 0
2754.25 0
2754.89 0
2755.53 0
2756.17 0
2756.81 0
2757.45 0
2758.09 0
2758.73 0
2759.37 0
2760.01 0
2760.65 0
2761.29 0
2761.93 0
2762.57 0
2763.21 0
2763.85 0
2764.49 0
2765.13 0
2765.77 0
2766.41 0
2767.05 0
2767.69 0
2768.33 0
2768.97 0
2769.61 0
2770.25 0
2770.89 0
2771.53 0
2772.17 0
2772.81 0
2773.45 0
2774.09 0
2774.73 0
2775.38 0
2776.02 0
2776.66 0
2777.3 0
2777.94 0
2778.58 0
2779.22 0
2779.86 0
2780.5 0
2781.14 0
2781.78 0
2782.42 0
2783.06 0
2783.7 0
2784.34 0
2784.98 0
2785.62 0
2786.26 0
2786.9 0
2787.54 0
2788.18 0
2788.82 0
2789.46 0
2790.1 0
2790.74 0
2791.38 0
2792.02 0
2792.66 0
2793.3 0
2793.94 0
2794.58 0
2795.22 0
2795.86 0
2796.5 0
2797.14 0
2797.78 0
2798.42 0
2799.06 0
2799.7 0
2800.34 0
2800.98 0
2801.62 0
2802.26 0
2802.9 0
2803.54 0
2804.18 0
2804.82 0
2805.46 0
2806.1 0
2806.74 0
2807.38 0
2808.02 0
2808.66 0
2809.3 0
2809.94 0
2810.58 0
2811.22 0
2811.86 0
2812.5 0
2813.14 0
2813.78 0
2814.42 0
2815.06 0
2815.7 0
2816.35 0
2816.99 0
2817.63 0
2818.27 0
2818.91 0
2819.55 0
2820.19 0
2820.83 0
2821.47 0
2822.11 0
2822.75 0
2823.39 0
2824.03 0
2824.67 0
2825.31 0
2825.95 0
2826.59 0
2827.23 0
2827.87 0
2828.51 0
2829.15 0
2829.79 0
2830.43 0
2831.07 0
2831.71 0
2832.35 0
2832.99 0
2833.63 0
2834.27 0
2834.91 0
2835.55 0
2836.19 0
2836.83 0
2837.47 0
2838.11 0
2838.75 0
2839.39 0
2840.03 0
2840.67 0
2841.31 0
2841.95 0
2842.59 0
2843.23 0
2843.87 0
2844.51 0
2845.15 0
2845.79 0
2846.43 0
2847.07 0
2847.71 0
2848.35 0
2848.99 0
2849.63 0
2850.27 0
2850.91 0
2851.55 0
2852.19 0
2852.83 0
2853.47 0
2854.11 0
2854.75 0
2855.39 0
2856.03 0
2856.67 0
2857.32 0
2857.96 0
2858.6 0
2859.24 0
2859.88 0
2860.52 0
2861.16 0
2861.8 0
2862.44 0
2863.08 0
2863.72 0
2864.36 0
2865 0
2865.64 0
2866.28 0
2866.92 0
2867.56 0
2868.2 0
2868.84 0
2869.48 0
2870.12 0
2870.76 0
2871.4 0
2872.04 0
2872.68 0
2873.32 0
2873.96 0
2874.6 0
2875.24 0
2875.88 0
2876.52 0
2877.16 0
2877.8 0
2878.44 0
2879.08 0
2879.72 0
2880.36 0
2881 0
2881.64 0
2882.28 0
2882.92 0
2883.56 0
2884.2 0
2884.84 0
2885.48 0
2886.12 0
2886.76 0
2887.4 0
2888.04 0
2888.68 0
2889.32 0
2889.96 0
2890.6 0
2891.24 0
2891.88 0
2892.52 0
2893.16 0
2893.8 0
2894.44 0
2895.08 0
2895.72 0
2896.36 0
2897 0
2897.64 0
2898.29 0
2898.93 0
2899.57 0
2900.21 0
2900.85 0
2901.49 0
2902.13 0
2902.77 0
2903.41 0
2904.05 0
2904.69 0
2905.33 0
2905.97 0
2906.61 0
2907.25 0
2907.89 0
2908.53 0
2909.17 0
2909.81 0
2910.45 0
2911.09 0
2911.73 0
2912.37 0
2913.01 0
2913.65 0
2914.29 0
2914.93 0
2915.57 0
2916.21 0
2916.85 0
2917.49 0
2918.13 0
2918.77 0
2919.41 0
2920.05 0
2920.69 0
2921.33 0
2921.97 0
2922.61 0
2923.25 0
2923.89 0
2924.53 0
2925.17 0
2925.81 0
2926.45 0
2927.09 0
2927.73 0
2928.37 0
2929.01 0
2929.65 0
2930.29 0
2930.93 0
2931.57 0
2932.21 0
2932.85 0
2933.49 0
2934.13 0
2934.77 0
2935.41 0
2936.05 0
2936.69 0
2937.33 0
2937.97 0
2938.61 0
2939.26 0
2939.9 0
2940.54 0
2941.18 0
2941.82 0
2942.46 0
2943.1 0
2943.74 0
2944.38 0
2945.02 0
2945.66 0
2946.3 0
2946.94 0
2947.58 0
2948.22 0
2948.86 0
2949.5 0
2950.14 0
2950.78 0
2951.42 0
2952.06 0
2952.7 0
2953.34 0
2953.98 0
2954.62 0
2955.26 0
2955.9 0
2956.54 0
2957.18 0
2957.82 0
2958.46 0
2959.1 0
2959.74 0
2960.38 0
2961.02 0
2961.66 0
2962.3 0
2962.94 0
2963.58 0
2964.22 0
2964.86 0
2965.5 0
2966.14 0
2966.78 0
2967.42 0
2968.06 0
2968.7 0
2969.34 0
2969.98 0
2970.62 0
2971.26 0
2971.9 0
2972.54 0
2973.18 0
2973.82 0
2974.46 0
2975.1 0
2975.74 0
2976.38 0
2977.02 0
2977.66 0
2978.3 0
2978.94 0
2979.59 0
2980.23 0
2980.87 0
2981.51 0
2982.15 0
2982.79 0
2983.43 0
2984.07 0
2984.71 0
2985.35 0
2985.99 0
2986.63 0
2987.27 0
2987.91 0
2988.55 0
2989.19 0
2989.83 0
2990.47 0
2991.11 0
2991.75 0
2992.39 0
2993.03 0
2993.67 0
2994.31 0
2994.95 0
2995.59 0
2996.23 0
2996.87 0
2997.51 0
2998.15 0
2998.79 0
2999.43 0
3000.07 0
3000.71 0
3001.35 0
3001.99 0
3002.63 0
3003.27 0
3003.91 0
3004.55 0
3005.19 0
3005.83 0
3006.47 0
3007.11 0
3007.75 0
3008.39 0
3009.03 0
3009.67 0
3010.31 0
3010.95 0
3011.59 0
3012.23 0
3012.87 0
3013.51 0
3014.15 0
3014.79 0
3015.43 0
3016.07 0
3016.71 0
3017.35 0
3017.99 0
3018.63 0
3019.27 0
3019.91 0
3020.56 0
3021.2 0
3021.84 0
3022.48 0
3023.12 0
3023.76 0
3024.4 0
3025.04 0
3025.68 0
3026.32 0
3026.96 0
3027.6 0
3028.24 0
3028.88 0
3029.52 0
3030.16 0
3030.8 0
3031.44 0
3032.08 0
3032.72 0
3033.36 0
3034 0
3034.64 0
3035.28 0
3035.92 0
3036.56 0
3037.2 0
3037.84 0
3038.48 0
3039.12 0
3039.76 0
3040.4 0
3041.04 0
3041.68 0
3042.32 0
3042.96 0
3043.6 0
3044.24 0
3044.88 0
3045.52 0
3046.16 0
3046.8 0
3047.44 0
3048.08 0
3048.72 0
3049.36 0
3050 0
3050.64 0
3051.28 0
3051.92 0
3052.56 0
3053.2 0
3053.84 0
3054.48 0
3055.12 0
3055.76 0
3056.4 0
3057.04 0
3057.68 0
3058.32 0
3058.96 0
3059.6 0
3060.24 0
3060.88 0
3061.53 0
3062.17 0
3062.81 0
3063.45 0
3064.09 0
3064.73 0
3065.37 0
3066.01 0
3066.65 0
3067.29 0
3067.93 0
3068.57 0
3069.21 0
3069.85 0
3070.49 0
3071.13 0
3071.77 0
3072.41 0
3073.05 0
3073.69 0
3074.33 0
3074.97 0
3075.61 0
3076.25 0
3076.89 0
3077.53 0
3078.17 0
3078.81 0
3079.45 0
3080.09 0
3080.73 0
3081.37 0
3082.01 0
3082.65 0
3083.29 0
3083.93 0
3084.57 0
3085.21 0
3085.85 0
3086.49 0
3087.13 0
3087.77 0
3088.41 0
3089.05 0
3089.69 0
3090.33 0
3090.97 0
3091.61 0
3092.25 0
3092.89 0
3093.53 0
3094.17 0
3094.81 0
3095.45 0
3096.09 0
3096.73 0
3097.37 0
3098.01 0
3098.65 0
3099.29 0
3099.93 0
3100.57 0
3101.21 0
3101.85 0
3102.5 0
3103.14 0
3103.78 0
3104.42 0
3105.06 0
3105.7 0
3106.34 0
3106.98 0
3107.62 0
3108.26 0
3108.9 0
3109.54 0
3110.18 0
3110.82 0
3111.46 0
3112.1 0
3112.74 0
3113.38 0
3114.02 0
3114.66 0
3115.3 0
3115.94 0
3116.58 0
3117.22 0
3117.86 0
3118.5 0
3119.14 0
3119.78 0
3120.42 0
3121.06 0
3121.7 0
3122.34 0
3122.98 0
3123.62 0
3124.26 0
3124.9 0
3125.54 0
3126.18 0
3126.82 0
3127.46 0
3128.1 0
3128.74 0
3129.38 0
3130.02 0
3130.66 0
3131.3 0
3131.94 0
3132.58 0
3133.22 0
3133.86 0
3134.5 0
3135.14 0
3135.78 0
3136.42 0
3137.06 0
3137.7 0
3138.34 0
3138.98 0
3139.62 0
3140.26 0
3140.9 0
3141.54 0
3142.18 0
3142.82 0
3143.47 0
3144.11 0
3144.75 0
3145.39 0
3146.03 0
3146.67 0
3147.31 0
3147.95 0
3148.59 0
3149.23 0
3149.87 0
3150.51 0
3151.15 0
3151.79 0
3152.43 0
3153.07 0
3153.71 0
3154.35 0
3154.99 0
3155.63 0
3156.27 0
3156.91 0
3157.55 0
3158.19 0
3158.83 0
3159.47 0
3160.11 0
3160.75 0
3161.39 0
3162.03 0
3162.67 0
3163.31 0
3163.95 0
3164.59 0
3165.23 0
3165.87 0
3166.51 0
3167.15 0
3167.79 0
3168.43 0
3169.07 0
3169.71 0
3170.35 0
3170.99 0
3171.63 0
3172.27 0
3172.91 0
3173.55 0
3174.19 0
3174.83 0
3175.47 0
3176.11 0
3176.75 0
3177.39 0
3178.03 0
3178.67 0
3179.31 0
3179.95 0
3180.59 0
3181.23 0
3181.87 0
3182.51 0
3183.15 0
3183.79 0
3184.44 0
3185.08 0
3185.72 0
3186.36 0
3187 0
3187.64 0
3188.28 0
3188.92 0
3189.56 0
3190.2 0
3190.84 0
3191.48 0
3192.12 0
3192.76 0
3193.4 0
3194.04 0
3194.68 0
3195.32 0
3195.96 0
3196.6 0
3197.24 0
3197.88 0
3198.52 0
3199.16 0
3199.8 0
3200.44 0
