0.624738 0
1.26469 0
1.90464 0
2.54459 0
3.18454 0
3.82449 0
4.46444 0
5.10439 0
5.74434 0
6.38429 0
7.02424 0
7.66419 0
8.30414 0
8.94409 0
9.58404 0
10.224 0
10.8639 0
11.5039 0
12.1438 0
12.7838 0
13.4237 0
14.0637 0
14.7036 0
15.3436 0
15.9835 0
16.6235 0
17.2634 0
17.9034 0
18.5433 0
19.1833 0
19.8232 0
20.4632 0
21.1031 0
21.7431 0
22.383 0
23.023 0
23.6629 0
24.3029 39.1284
24.9428 38.4077
25.5828 38.7384
26.2227 38.5561
26.8627 35.9514
27.5026 31.9264
28.1426 28.5992
28.7825 26.2925
29.4225 0
30.0624 0
30.7024 0
31.3423 0
31.9823 0
32.6222 0
33.2622 0
33.9021 0
34.5421 0
35.182 0
35.822 0
36.4619 0
37.1019 0
37.7418 0
38.3818 0
39.0217 0
39.6617 0
40.3016 0
40.9416 0
41.5815 0
42.2215 0
42.8614 0
43.5014 0
44.1413 0
44.7813 0
45.4212 0
46.0612 0
46.7011 0
47.3411 0
47.981 0
48.621 0
49.2609 0
49.9009 0
50.5409 0
51.1808 0
51.8208 0
52.4607 0
53.1007 0
53.7406 0
54.3806 0
55.0205 0
55.6605 0
56.3004 0
56.9404 0
57.5803 0
58.2203 0
58.8602 0
59.5002 0
60.1401 1148.34
60.7801 535.25
61.42 147.912
62.06 25.7148
62.6999 4.52937
63.3399 2.41773
63.9798 2.27108
64.6198 2.23911
65.2597 0
65.8997 0
66.5396 0
67.1796 0
67.8195 0
68.4595 0
69.0994 0
69.7394 0
70.3793 0
71.0193 0
71.6592 0
72.2992 0
72.9391 0
73.5791 0
74.219 0
74.859 0
75.4989 0
76.1389 0
76.7788 0
77.4188 0
78.0587 0
78.6987 0
79.3386 0
79.9786 0
80.6185 0
81.2585 0
81.8984 0
82.5384 0
83.1783 0
83.8183 0
84.4582 0
85.0982 0
85.7381 0
86.3781 0
87.018 0
87.658 0
88.2979 0
88.9379 0
89.5778 0
90.2178 0
90.8577 0
91.4977 0
92.1376 0
92.7776 0
93.4175 0
94.0575 0
94.6974 0
95.3374 0
95.9773 0
96.6173 0
97.2572 0
97.8972 0
98.5371 0
99.1771 0
99.817 0
100.457 0
101.097 0
101.737 0
102.377 0
103.017 0
103.657 0
104.297 0
104.937 0
105.577 0
106.217 0
106.856 0
107.496 0
108.136 0
108.776 0
109.416 0
110.056 0
110.696 0
111.336 0
111.976 0
112.616 0
113.256 0
113.896 0
114.536 0
115.176 0
115.816 0
116.456 0
117.096 0
117.736 0
118.376 0
119.016 0
119.655 0
120.295 0
120.935 0
121.575 0
122.215 0
122.855 0
123.495 0
124.135 0
124.775 0
125.415 0
126.055 0
126.695 0
127.335 0
127.975 0
128.615 0
129.255 0
129.895 0
130.535 0
131.175 0
131.815 0
132.454 0
133.094 0
133.734 0
134.374 0
135.014 0
135.654 0
136.294 0
136.934 0
137.574 0
138.214 0
138.854 0
139.494 0
140.134 0
140.774 0
141.414 0
142.054 0
142.694 0
143.334 0
143.974 0
144.614 0
145.253 0
145.893 0
146.533 0
147.173 0
147.813 0
148.453 0
149.093 0
149.733 0
150.373 0
151.013 0
151.653 0
152.293 0
152.933 0
153.573 0
154.213 0
154.853 0
155.493 0
156.133 0
156.773 0
157.413 0
158.052 0
158.692 0
159.332 0
159.972 0
160.612 0
161.252 0
161.892 0
162.532 0
163.172 0
163.812 0
164.452 0
165.092 0
165.732 0
166.372 0
167.012 0
167.652 0
168.292 0
168.932 0
169.572 0
170.212 0
170.851 0
171.491 0
172.131 0
172.771 0
173.411 0
174.051 0
174.691 0
175.331 0
175.971 0
176.611 0
177.251 0
177.891 0
178.531 0
179.171 0
179.811 0
180.451 0
181.091 0
181.731 0
182.371 0
183.011 0
183.65 0
184.29 0
184.93 0
185.57 0
186.21 0
186.85 0
187.49 0
188.13 0
188.77 0
189.41 0
190.05 0
190.69 0
191.33 0
191.97 0
192.61 0
193.25 0
193.89 0
194.53 0
195.17 0
195.81 0
196.449 0
197.089 0
197.729 0
198.369 0
199.009 0
199.649 0
200.289 0
200.929 0
201.569 0
202.209 0
202.849 0
203.489 0
204.129 0
204.769 0
205.409 0
206.049 0
206.689 0
207.329 0
207.969 0
208.609 0
209.248 0
209.888 0
210.528 0
211.168 0
211.808 0
212.448 0
213.088 0
213.728 0
214.368 0
215.008 0
215.648 0
216.288 0
216.928 0
217.568 0
218.208 0
218.848 0
219.488 0
220.128 0
220.768 0
221.408 0
222.047 0
222.687 0
223.327 0
223.967 0
224.607 0
225.247 0
225.887 0
226.527 0
227.167 0
227.807 0
228.447 0
229.087 0
229.727 0
230.367 0
231.007 0
231.647 0
232.287 0
232.927 0
233.567 0
234.207 0
234.846 0
235.486 0
236.126 0
236.766 0
237.406 5.62491
238.046 5.68951
238.686 5.75352
239.326 5.81259
239.966 5.84783
240.606 5.82178
241.246 5.73416
241.886 5.69487
242.526 5.81479
243.166 6.03217
243.806 6.21331
244.446 6.32398
245.086 6.39913
245.726 6.46521
246.366 6.52998
247.006 0
247.645 0
248.285 0
248.925 0
249.565 0
250.205 0
250.845 0
251.485 0
252.125 0
252.765 0
253.405 0
254.045 0
254.685 0
255.325 0
255.965 0
256.605 0
257.245 0
257.885 0
258.525 0
259.165 0
259.805 0
260.445 0
261.084 0
261.724 0
262.364 0
263.004 0
263.644 0
264.284 0
264.924 0
265.564 0
266.204 0
266.844 0
267.484 0
268.124 0
268.764 0
269.404 0
270.044 0
270.684 0
271.324 0
271.964 0
272.604 4.36034
273.244 4.28618
273.883 4.21283
274.523 4.14688
275.163 4.1209
275.803 4.21469
276.443 4.47129
277.083 4.70418
277.723 4.60995
278.363 4.21113
279.003 3.81919
279.643 3.59304
280.283 3.47727
280.923 3.39622
281.563 3.32131
282.203 3.24705
282.843 0
283.483 0
284.123 0
284.763 0
285.403 0
286.043 0
286.682 0
287.322 0
287.962 0
288.602 0
289.242 0
289.882 0
290.522 4.15524
291.162 4.10626
291.802 4.05978
292.442 4.03443
293.082 4.11443
293.722 4.484
294.362 5.19868
295.002 5.78208
295.642 5.59785
296.282 4.79503
296.922 4.06755
297.562 3.70991
298.202 3.57951
298.842 3.51738
299.481 3.46693
300.121 3.41768
300.761 0
301.401 0
302.041 0
302.681 0
303.321 0
303.961 0
304.601 0
305.241 0
305.881 0
306.521 0
307.161 0
307.801 0
308.441 0
309.081 0
309.721 0
310.361 0
311.001 0
311.641 0
312.28 0
312.92 0
313.56 0
314.2 0
314.84 0
315.48 0
316.12 0
316.76 0
317.4 0
318.04 0
318.68 0
319.32 0
319.96 0
320.6 0
321.24 0
321.88 0
322.52 0
323.16 0
323.8 0
324.44 0
325.079 0
325.719 0
326.359 0
326.999 0
327.639 0
328.279 0
328.919 0
329.559 0
330.199 0
330.839 0
331.479 0
332.119 0
332.759 0
333.399 0
334.039 0
334.679 0
335.319 0
335.959 0
336.599 0
337.239 0
337.878 0
338.518 0
339.158 0
339.798 0
340.438 0
341.078 0
341.718 0
342.358 0
342.998 0
343.638 0
344.278 0
344.918 0
345.558 0
346.198 0
346.838 0
347.478 3.34803
348.118 3.37288
348.758 3.42458
349.398 3.64897
350.038 4.5254
350.677 6.69952
351.317 9.67
351.957 11.0909
352.597 9.50035
353.237 6.57091
353.877 4.55309
354.517 3.79736
355.157 3.64135
355.797 3.63817
356.437 3.65805
357.077 0
357.717 0
358.357 0
358.997 0
359.637 0
360.277 0
360.917 0
361.557 0
362.197 0
362.837 0
363.476 0
364.116 0
364.756 0
365.396 0
366.036 0
366.676 0
367.316 0
367.956 0
368.596 0
369.236 0
369.876 0
370.516 0
371.156 0
371.796 0
372.436 0
373.076 0
373.716 0
374.356 0
374.996 0
375.636 0
376.275 0
376.915 0
377.555 0
378.195 0
378.835 0
379.475 0
380.115 0
380.755 0
381.395 0
382.035 0
382.675 0
383.315 0
383.955 0
384.595 0
385.235 0
385.875 0
386.515 0
387.155 0
387.795 0
388.435 0
389.074 0
389.714 0
390.354 0
390.994 0
391.634 0
392.274 0
392.914 0
393.554 0
394.194 0
394.834 0
395.474 0
396.114 0
396.754 0
397.394 0
398.034 0
398.674 0
399.314 0
399.954 0
400.594 0
401.234 0
401.873 0
402.513 0
403.153 0
403.793 0
404.433 0
405.073 0
405.713 0
406.353 0
406.993 0
407.633 0
408.273 0
408.913 0
409.553 0
410.193 0
410.833 0
411.473 0
412.113 0
412.753 0
413.393 0
414.033 0
414.672 0
415.312 0
415.952 0
416.592 0
417.232 0
417.872 0
418.512 0
419.152 0
419.792 0
420.432 0
421.072 0
421.712 0
422.352 0
422.992 0
423.632 0
424.272 0
424.912 0
425.552 0
426.192 0
426.832 0
427.471 0
428.111 0
428.751 0
429.391 0
430.031 0
430.671 0
431.311 0
431.951 0
432.591 0
433.231 0
433.871 0
434.511 0
435.151 0
435.791 0
436.431 0
437.071 0
437.711 0
438.351 0
438.991 0
439.631 0
440.27 0
440.91 0
441.55 0
442.19 0
442.83 0
443.47 0
444.11 0
444.75 0
445.39 0
446.03 0
446.67 0
447.31 0
447.95 0
448.59 0
449.23 0
449.87 0
450.51 0
451.15 0
451.79 0
452.43 0
453.07 0
453.709 0
454.349 0
454.989 0
455.629 0
456.269 0
456.909 0
457.549 0
458.189 0
458.829 0
459.469 0
460.109 0
460.749 0
461.389 0
462.029 0
462.669 0
463.309 0
463.949 0
464.589 0
465.229 0
465.869 0
466.508 0
467.148 0
467.788 0
468.428 0
469.068 0
469.708 0
470.348 0
470.988 0
471.628 0
472.268 0
472.908 0
473.548 0
474.188 0
474.828 0
475.468 0
476.108 0
476.748 0
477.388 0
478.028 0
478.668 0
479.307 0
479.947 0
480.587 0
481.227 0
481.867 0
482.507 0
483.147 0
483.787 0
484.427 0
485.067 0
485.707 0
486.347 0
486.987 0
487.627 0
488.267 0
488.907 0
489.547 0
490.187 0
490.827 0
491.467 0
492.106 0
492.746 0
493.386 0
494.026 0
494.666 0
495.306 0
495.946 0
496.586 0
497.226 0
497.866 0
498.506 0
499.146 0
499.786 0
500.426 0
501.066 0
501.706 0
502.346 0
502.986 0
503.626 0
504.266 0
504.905 0
505.545 0
506.185 0
506.825 0
507.465 0
508.105 0
508.745 0
509.385 0
510.025 0
510.665 0
511.305 0
511.945 0
512.585 0
513.225 0
513.865 0
514.505 0
515.145 0
515.785 0
516.425 0
517.065 0
517.704 0
518.344 0
518.984 0
519.624 0
520.264 0
520.904 0
521.544 0
522.184 0
522.824 0
523.464 0
524.104 0
524.744 0
525.384 0
526.024 0
526.664 0
527.304 0
527.944 0
528.584 0
529.224 0
529.864 0
530.503 0
531.143 0
531.783 0
532.423 0
533.063 0
533.703 0
534.343 0
534.983 0
535.623 0
536.263 0
536.903 0
537.543 0
538.183 0
538.823 0
539.463 0
540.103 0
540.743 0
541.383 0
542.023 0
542.663 0
543.302 0
543.942 0
544.582 0
545.222 0
545.862 0
546.502 0
547.142 0
547.782 0
548.422 0
549.062 0
549.702 0
550.342 0
550.982 0
551.622 0
552.262 0
552.902 0
553.542 0
554.182 0
554.822 0
555.462 0
556.101 0
556.741 0
557.381 0
558.021 0
558.661 0
559.301 0
559.941 0
560.581 0
561.221 0
561.861 0
562.501 0
563.141 0
563.781 0
564.421 0
565.061 0
565.701 0
566.341 0
566.981 0
567.621 0
568.261 0
568.9 0
569.54 0
570.18 0
570.82 0
571.46 0
572.1 0
572.74 0
573.38 0
574.02 0
574.66 0
575.3 0
575.94 0
576.58 0
577.22 0
577.86 0
578.5 1.51363
579.14 1.51407
579.78 1.51826
580.42 1.54442
581.06 1.65106
581.699 1.92802
582.339 2.35856
582.979 2.67918
583.619 2.60185
584.259 2.20155
584.899 1.80817
585.539 1.59907
586.179 1.5304
586.819 1.51584
587.459 1.5138
588.099 1.51361
588.739 0
589.379 0
590.019 0
590.659 0
591.299 0
591.939 0
592.579 0
593.219 0
593.859 0
594.498 0
595.138 0
595.778 0
596.418 0
597.058 0
597.698 0
598.338 0
598.978 0
599.618 0
600.258 0
600.898 0
601.538 0
602.178 0
602.818 0
603.458 0
604.098 0
604.738 1.05715
605.378 1.04214
606.018 1.05952
606.658 1.24852
607.297 2.00394
607.937 3.8169
608.577 6.35695
609.217 7.90539
609.857 7.02934
610.497 4.54167
611.137 2.35126
611.777 1.25639
612.417 0.902867
613.057 0.815824
613.697 0.787397
614.337 0
614.977 0
615.617 0
616.257 0
616.897 0
617.537 0
618.177 0
618.817 0
619.457 0
620.096 0
620.736 0
621.376 0
622.016 0
622.656 0
623.296 0
623.936 0
624.576 0
625.216 0
625.856 0
626.496 0
627.136 0
627.776 0
628.416 0
629.056 0
629.696 0
630.336 0
630.976 0
631.616 0
632.256 0
632.895 0
633.535 0
634.175 0
634.815 0
635.455 0
636.095 0
636.735 0
637.375 0
638.015 0
638.655 0
639.295 0
639.935 0
640.575 0
641.215 0
641.855 0
642.495 0
643.135 0
643.775 0
644.415 0
645.055 0
645.694 0
646.334 0
646.974 0
647.614 0
648.254 0
648.894 0
649.534 0
650.174 0
650.814 0
651.454 0
652.094 0
652.734 0
653.374 0
654.014 0
654.654 0
655.294 0
655.934 0
656.574 0
657.214 0.905739
657.854 0.935337
658.494 1.01097
659.133 1.29697
659.773 2.17855
660.413 3.98022
661.053 6.13262
661.693 7.07575
662.333 5.96335
662.973 3.82306
663.613 2.15178
664.253 1.3742
664.893 1.13561
665.533 1.10125
666.173 1.13935
666.813 1.1978
667.453 1.24734
668.093 1.28177
668.733 1.3076
669.373 1.33065
670.013 1.35313
670.653 0
671.293 0
671.932 0
672.572 0
673.212 0
673.852 0
674.492 0
675.132 0
675.772 0
676.412 0
677.052 0
677.692 0
678.332 0
678.972 0
679.612 0
680.252 0
680.892 0
681.532 0
682.172 0
682.812 0
683.452 0
684.092 0
684.731 0
685.371 0
686.011 0
686.651 0
687.291 0
687.931 0
688.571 0
689.211 0
689.851 0
690.491 0
691.131 0
691.771 0
692.411 0
693.051 0
693.691 0
694.331 0
694.971 0
695.611 0
696.251 0
696.891 0
697.53 0
698.17 0
698.81 0
699.45 0
700.09 0
700.73 0
701.37 0
702.01 0
702.65 0
703.29 0
703.93 0
704.57 0
705.21 0
705.85 0
706.49 0
707.13 0
707.77 0
708.41 0
709.05 0
709.69 0
710.329 0
710.969 0
711.609 0
712.249 0
712.889 0
713.529 0
714.169 0
714.809 0
715.449 0
716.089 0
716.729 0
717.369 0
718.009 0
718.649 0
719.289 0
719.929 0
720.569 0
721.209 0
721.849 0
722.489 0
723.128 0
723.768 0
724.408 0
725.048 0
725.688 0
726.328 0
726.968 0
727.608 0
728.248 0
728.888 0
729.528 0
730.168 0
730.808 0
731.448 0
732.088 0
732.728 0
733.368 0
734.008 0
734.648 0
735.288 0
735.927 0
736.567 0
737.207 0
737.847 0
738.487 0
739.127 0
739.767 0
740.407 0
741.047 0
741.687 0
742.327 0
742.967 0
743.607 0
744.247 0
744.887 0
745.527 0
746.167 0
746.807 0
747.447 0
748.087 0
748.726 0
749.366 0
750.006 0
750.646 0
751.286 0
751.926 0
752.566 0
753.206 0
753.846 0
754.486 0
755.126 0
755.766 0
756.406 0
757.046 0
757.686 0
758.326 0
758.966 0
759.606 0
760.246 0
760.886 0
761.525 0
762.165 0
762.805 0
763.445 0
764.085 0
764.725 0
765.365 0
766.005 0
766.645 0
767.285 0
767.925 0
768.565 0
769.205 0
769.845 0
770.485 0
771.125 0
771.765 0
772.405 0
773.045 0
773.685 0
774.324 0
774.964 0
775.604 0
776.244 0
776.884 0
777.524 0
778.164 0
778.804 0
779.444 0
780.084 0
780.724 0
781.364 0
782.004 0
782.644 0
783.284 0
783.924 0
784.564 0
785.204 0
785.844 0
786.484 0
787.123 0
787.763 0
788.403 0
789.043 0
789.683 0
790.323 0
790.963 0
791.603 0
792.243 0
792.883 0
793.523 0
794.163 0
794.803 0
795.443 0
796.083 0
796.723 0
797.363 0
798.003 0
798.643 0
799.283 0
799.922 0
800.562 0
801.202 0
801.842 0
802.482 0
803.122 0
803.762 0
804.402 0
805.042 0
805.682 0
806.322 0
806.962 0
807.602 0
808.242 0
808.882 0
809.522 0
810.162 0
810.802 0
811.442 0
812.082 0
812.721 0
813.361 0
814.001 0
814.641 0
815.281 0
815.921 0
816.561 0
817.201 0
817.841 0
818.481 0
819.121 0
819.761 0
820.401 0
821.041 0
821.681 0
822.321 0
822.961 0
823.601 0
824.241 0
824.881 0
825.52 0
826.16 0
826.8 0
827.44 0
828.08 0
828.72 0
829.36 0
830 0
830.64 0
831.28 0
831.92 0
832.56 0
833.2 0
833.84 0
834.48 0
835.12 0
835.76 0
836.4 0
837.04 0
837.68 0
838.319 0
838.959 0
839.599 0
840.239 0
840.879 0
841.519 0
842.159 0
842.799 0
843.439 0
844.079 0
844.719 0
845.359 0
845.999 0
846.639 0
847.279 0
847.919 0
848.559 0
849.199 0
849.839 0
850.479 0
851.119 0
851.758 0
852.398 0
853.038 0
853.678 0
854.318 0
854.958 0
855.598 0
856.238 0
856.878 0
857.518 0
858.158 0
858.798 0
859.438 0
860.078 0
860.718 0
861.358 0
861.998 0
862.638 0
863.278 0
863.918 0
864.557 0
865.197 0
865.837 0
866.477 0
867.117 0
867.757 0
868.397 0
869.037 0
869.677 0
870.317 0
870.957 0
871.597 0
872.237 0
872.877 0
873.517 0
874.157 0
874.797 0
875.437 0
876.077 0
876.717 0
877.356 0
877.996 0
878.636 0
879.276 0
879.916 0
880.556 0
881.196 0
881.836 0
882.476 0
883.116 0
883.756 0
884.396 0
885.036 0
885.676 0
886.316 0
886.956 0
887.596 0
888.236 0
888.876 0
889.516 0
890.155 0
890.795 0
891.435 0
892.075 0
892.715 0
893.355 0
893.995 0
894.635 0
895.275 0
895.915 0
896.555 0
897.195 0
897.835 0
898.475 0
899.115 0
899.755 0
900.395 0
901.035 0
901.675 0
902.315 0
902.954 0
903.594 0
904.234 0
904.874 0
905.514 0
906.154 0
906.794 0
907.434 0
908.074 0
908.714 0
909.354 0
909.994 0
910.634 0
911.274 0
911.914 0
912.554 0
913.194 0
913.834 0
914.474 0
915.114 0
915.753 0
916.393 0
917.033 0
917.673 0
918.313 0
918.953 0
919.593 0
920.233 0
920.873 0
921.513 0
922.153 0
922.793 0
923.433 0
924.073 0
924.713 0
925.353 0
925.993 0
926.633 0
927.273 0
927.913 0
928.552 0
929.192 0
929.832 0
930.472 0
931.112 0
931.752 0
932.392 0
933.032 0
933.672 0
934.312 0
934.952 0
935.592 0
936.232 0
936.872 0
937.512 0
938.152 0
938.792 0
939.432 0
940.072 0
940.712 0
941.351 0
941.991 0
942.631 0
943.271 0
943.911 0
944.551 0
945.191 0
945.831 0
946.471 0
947.111 0
947.751 0
948.391 0
949.031 0
949.671 0
950.311 0
950.951 0
951.591 0
952.231 0
952.871 0
953.511 0
954.15 0
954.79 0
955.43 0
956.07 0
956.71 0
957.35 0
957.99 0
958.63 0
959.27 0
959.91 0
960.55 0
961.19 0
961.83 0
962.47 0
963.11 0
963.75 0
964.39 0
965.03 0
965.67 0
966.31 0
966.949 0
967.589 0
968.229 0
968.869 0
969.509 0
970.149 0
970.789 0
971.429 0
972.069 0
972.709 0
973.349 0
973.989 0
974.629 0
975.269 0
975.909 0
976.549 0
977.189 0
977.829 0
978.469 0
979.109 0
979.748 0
980.388 0
981.028 0
981.668 0
982.308 0
982.948 0
983.588 0
984.228 0
984.868 0
985.508 0
986.148 0
986.788 0
987.428 0
988.068 0
988.708 0
989.348 0
989.988 0
990.628 0
991.268 0
991.908 0
992.547 0
993.187 0
993.827 0
994.467 0
995.107 0
995.747 0
996.387 0
997.027 0
997.667 0
998.307 0
998.947 0
999.587 0
1000.23 0
1000.87 0
1001.51 0
1002.15 0
1002.79 0
1003.43 0
1004.07 0
1004.71 0
1005.35 0
1005.99 0
1006.63 0
1007.27 0
1007.91 0
1008.55 0
1009.19 0
1009.83 0
1010.47 0
1011.11 0
1011.75 0
1012.39 0
1013.03 0
1013.67 0
1014.31 0
1014.95 0
1015.59 0
1016.23 0
1016.87 0
1017.51 0
1018.15 0
1018.79 0
1019.43 0
1020.07 0
1020.71 0
1021.35 0
1021.99 0
1022.63 0
1023.27 0
1023.91 0
1024.54 0
1025.18 0
1025.82 0
1026.46 0
1027.1 0
1027.74 0
1028.38 0
1029.02 0
1029.66 0
1030.3 0
1030.94 0
1031.58 0
1032.22 0
1032.86 0
1033.5 0
1034.14 0
1034.78 0
1035.42 0
1036.06 0
1036.7 0
1037.34 0
1037.98 0
1038.62 0
1039.26 0
1039.9 0
1040.54 0
1041.18 0
1041.82 0
1042.46 0
1043.1 0
1043.74 0
1044.38 0
1045.02 0
1045.66 0
1046.3 0
1046.94 0
1047.58 0
1048.22 0
1048.86 0
1049.5 0
1050.14 0
1050.78 0
1051.42 0
1052.06 0
1052.7 0
1053.34 0
1053.98 0
1054.62 0
1055.26 0
1055.9 0
1056.54 0
1057.18 0
1057.82 0
1058.46 0
1059.1 0
1059.74 0
1060.38 0
1061.02 0
1061.66 0
1062.3 0
1062.94 0
1063.58 0
1064.22 0
1064.86 0
1065.5 0
1066.14 0
1066.78 0
1067.42 0
1068.06 0
1068.7 0
1069.34 0
1069.98 0
1070.62 0
1071.26 0
1071.9 0
1072.54 0
1073.18 0
1073.82 0
1074.46 0
1075.1 0
1075.74 0
1076.38 0
1077.02 0
1077.66 0
1078.3 0
1078.94 0
1079.58 0
1080.22 0
1080.86 0
1081.5 0
1082.14 0
1082.78 0
1083.42 0
1084.06 0
1084.7 0
1085.34 0
1085.98 0
1086.62 0
1087.26 0
1087.9 0
1088.54 0
1089.18 0
1089.82 0
1090.46 0
1091.1 0
1091.74 0
1092.38 0
1093.02 0
1093.66 0
1094.3 0
1094.94 0
1095.58 0
1096.22 0
1096.86 0
1097.5 0
1098.14 0
1098.78 0
1099.42 0
1100.06 0
1100.7 0
1101.34 0
1101.98 0
1102.62 0
1103.26 0
1103.9 0
1104.54 0
1105.18 0
1105.82 0
1106.46 0
1107.1 0
1107.74 0
1108.38 0
1109.02 0
1109.66 0
1110.3 0
1110.94 0
1111.58 0
1112.22 0
1112.86 0
1113.5 0
1114.14 0
1114.78 0
1115.42 0
1116.06 0
1116.7 0
1117.34 0
1117.98 0
1118.62 0
1119.26 0
1119.9 0
1120.54 0
1121.18 0
1121.82 0
1122.46 0
1123.1 0
1123.74 0
1124.38 0
1125.02 0
1125.66 0
1126.3 0
1126.94 0
1127.58 0
1128.22 0
1128.86 0
1129.5 0
1130.14 0
1130.78 0
1131.42 0
1132.06 0
1132.7 0
1133.34 0
1133.98 0
1134.62 0
1135.26 0
1135.9 0
1136.54 0
1137.18 0
1137.82 0
1138.46 0
1139.1 0
1139.74 0
1140.38 0
1141.02 0
1141.66 0
1142.3 0
1142.94 0
1143.58 0
1144.22 0
1144.86 0
1145.5 0
1146.14 0
1146.78 0
1147.42 0
1148.06 0
1148.7 0
1149.34 0
1149.98 0
1150.62 0
1151.26 0
1151.9 0
1152.54 0
1153.17 0
1153.81 0
1154.45 0
1155.09 0
1155.73 0
1156.37 0
1157.01 0
1157.65 0
1158.29 0
1158.93 0
1159.57 0
1160.21 0
1160.85 0
1161.49 0
1162.13 0
1162.77 0
1163.41 0
1164.05 0
1164.69 0
1165.33 0
1165.97 0
1166.61 0
1167.25 0
1167.89 0
1168.53 0.450654
1169.17 0.454323
1169.81 0.47438
1170.45 0.553663
1171.09 0.777283
1171.73 1.21566
1172.37 1.77705
1173.01 2.15424
1173.65 2.07201
1174.29 1.59435
1174.93 1.04863
1175.57 0.682284
1176.21 0.516917
1176.85 0.464375
1177.49 0.452373
1178.13 0.45038
1178.77 0
1179.41 0
1180.05 0
1180.69 0
1181.33 0
1181.97 0
1182.61 0
1183.25 0
1183.89 0
1184.53 0
1185.17 0
1185.81 0
1186.45 0
1187.09 0
1187.73 0
1188.37 0
1189.01 0
1189.65 0
1190.29 0
1190.93 0
1191.57 0
1192.21 0
1192.85 0
1193.49 0
1194.13 0
1194.77 0
1195.41 0
1196.05 0
1196.69 0
1197.33 0
1197.97 0
1198.61 0
1199.25 0
1199.89 0
1200.53 0
1201.17 0
1201.81 0
1202.45 0
1203.09 0
1203.73 0
1204.37 0
1205.01 0
1205.65 0
1206.29 0
1206.93 0
1207.57 0
1208.21 0
1208.85 0
1209.49 0
1210.13 0
1210.77 0
1211.41 0
1212.05 0
1212.69 0
1213.33 0
1213.97 0
1214.61 0
1215.25 0
1215.89 0
1216.53 0
1217.17 0
1217.81 0
1218.45 0
1219.09 0
1219.73 0
1220.37 0
1221.01 0
1221.65 0
1222.29 0
1222.93 0
1223.57 0
1224.21 0
1224.85 0
1225.49 0
1226.13 0
1226.77 0
1227.41 0
1228.05 0
1228.69 0
1229.33 0
1229.97 0
1230.61 0
1231.25 0
1231.89 0
1232.53 0
1233.17 0
1233.81 0
1234.45 0
1235.09 0
1235.73 0
1236.37 0
1237.01 0
1237.65 0
1238.29 0
1238.93 0
1239.57 0
1240.21 0
1240.85 0
1241.49 0
1242.13 0
1242.77 0
1243.41 0
1244.05 0
1244.69 0
1245.33 0
1245.97 0
1246.61 0
1247.25 0
1247.89 0
1248.53 0
1249.17 0
1249.81 0
1250.45 0
1251.09 0
1251.73 0
1252.37 0
1253.01 0
1253.65 0
1254.29 0
1254.93 0
1255.57 0
1256.21 0
1256.85 0
1257.49 0
1258.13 0
1258.77 0
1259.41 0
1260.05 0
1260.69 0
1261.33 0
1261.97 0
1262.61 0
1263.25 0
1263.89 0
1264.53 0
1265.17 0
1265.81 0
1266.45 0
1267.09 0
1267.73 0
1268.37 0
1269.01 0
1269.65 0
1270.29 0
1270.93 0
1271.57 0
1272.21 0
1272.85 0
1273.49 0
1274.13 0
1274.77 0
1275.41 0
1276.05 0
1276.69 0
1277.33 0
1277.97 0
1278.61 0
1279.25 0
1279.89 0
1280.53 0
1281.17 0
1281.8 0
1282.44 0
1283.08 0
1283.72 0
1284.36 0
1285 0
1285.64 0
1286.28 0
1286.92 0
1287.56 0
1288.2 0
1288.84 0
1289.48 0
1290.12 0
1290.76 0
1291.4 0
1292.04 0
1292.68 0
1293.32 0
1293.96 0
1294.6 0
1295.24 0
1295.88 0
1296.52 0
1297.16 0
1297.8 0
1298.44 0
1299.08 0
1299.72 0
1300.36 0
1301 0
1301.64 0
1302.28 0
1302.92 0
1303.56 0
1304.2 0
1304.84 0
1305.48 0
1306.12 0
1306.76 0
1307.4 0
1308.04 0
1308.68 0
1309.32 0
1309.96 0
1310.6 0
1311.24 0
1311.88 0
1312.52 0
1313.16 0
1313.8 0
1314.44 0
1315.08 0
1315.72 0
1316.36 0
1317 0
1317.64 0
1318.28 0
1318.92 0
1319.56 0
1320.2 0
1320.84 0
1321.48 0
1322.12 0
1322.76 0
1323.4 0
1324.04 0
1324.68 0
1325.32 0
1325.96 0
1326.6 0
1327.24 0
1327.88 0.00204807
1328.52 0.0125681
1329.16 0.062207
1329.8 0.234283
1330.44 0.666176
1331.08 1.42855
1331.72 2.31013
1332.36 2.81753
1333 2.59223
1333.64 1.79945
1334.28 0.942693
1334.92 0.372834
1335.56 0.111417
1336.2 0.0252553
1336.84 0.00445282
1337.48 0
1338.12 0
1338.76 0
1339.4 0
1340.04 0
1340.68 0
1341.32 0
1341.96 0
1342.6 0
1343.24 0
1343.88 0
1344.52 0
1345.16 0
1345.8 0
1346.44 0
1347.08 0
1347.72 0
1348.36 0
1349 0
1349.64 0
1350.28 0
1350.92 0
1351.56 0
1352.2 0
1352.84 0
1353.48 0
1354.12 0
1354.76 0
1355.4 0
1356.04 0
1356.68 0
1357.32 0
1357.96 0
1358.6 0
1359.24 0
1359.88 0
1360.52 0
1361.16 0
1361.8 0
1362.44 0
1363.08 0
1363.72 0
1364.36 0
1365 0
1365.64 0
1366.28 0
1366.92 0
1367.56 0
1368.2 0
1368.84 0
1369.48 0
1370.12 0
1370.76 0
1371.4 0
1372.04 0
1372.68 0
1373.32 0
1373.96 0
1374.6 0
1375.24 0
1375.88 0
1376.52 0
1377.16 0
1377.8 0
1378.44 0
1379.08 0
1379.72 0
1380.36 0
1381 0
1381.64 0
1382.28 0
1382.92 0
1383.56 0
1384.2 0
1384.84 0
1385.48 0
1386.12 0
1386.76 0
1387.4 0
1388.04 0
1388.68 0
1389.32 0
1389.96 0
1390.6 0
1391.24 0
1391.88 0
1392.52 0
1393.16 0
1393.8 0
1394.44 0
1395.08 0
1395.72 0
1396.36 0
1397 0
1397.64 0
1398.28 0
1398.92 0
1399.56 0
1400.2 0
1400.84 0
1401.48 0
1402.12 0
1402.76 0
1403.4 0
1404.04 0
1404.68 0
1405.32 0
1405.96 0
1406.6 0
1407.24 0
1407.88 0
1408.52 0
1409.16 0
1409.79 0
1410.43 0
1411.07 0
1411.71 0
1412.35 0
1412.99 0
1413.63 0
1414.27 0
1414.91 0
1415.55 0
1416.19 0
1416.83 0
1417.47 0
1418.11 0
1418.75 0
1419.39 0
1420.03 0
1420.67 0
1421.31 0
1421.95 0
1422.59 0
1423.23 0
1423.87 0
1424.51 0
1425.15 0
1425.79 0
1426.43 0
1427.07 0
1427.71 0
1428.35 0
1428.99 0
1429.63 0
1430.27 0
1430.91 0
1431.55 0
1432.19 0
1432.83 0
1433.47 0
1434.11 0
1434.75 0
1435.39 0
1436.03 0
1436.67 0
1437.31 0
1437.95 0
1438.59 0
1439.23 0
1439.87 0
1440.51 0
1441.15 0
1441.79 0
1442.43 0
1443.07 0
1443.71 0
1444.35 0
1444.99 0
1445.63 0
1446.27 0
1446.91 0
1447.55 0
1448.19 0
1448.83 0
1449.47 0
1450.11 0
1450.75 0
1451.39 0
1452.03 0
1452.67 0
1453.31 0
1453.95 0
1454.59 0
1455.23 0
1455.87 0.295784
1456.51 0.314487
1457.15 0.409734
1457.79 0.772333
1458.43 1.7932
1459.07 3.87695
1459.71 6.83121
1460.35 9.40356
1460.99 9.99153
1461.63 8.182
1462.27 5.19721
1462.91 2.62331
1463.55 1.13941
1464.19 0.527914
1464.83 0.342665
1465.47 0.300808
1466.11 0
1466.75 0
1467.39 0
1468.03 0
1468.67 0
1469.31 0
1469.95 0
1470.59 0
1471.23 0
1471.87 0
1472.51 0
1473.15 0
1473.79 0
1474.43 0
1475.07 0
1475.71 0
1476.35 0
1476.99 0
1477.63 0
1478.27 0
1478.91 0
1479.55 0
1480.19 0
1480.83 0
1481.47 0
1482.11 0
1482.75 0
1483.39 0
1484.03 0
1484.67 0
1485.31 0
1485.95 0
1486.59 0
1487.23 0
1487.87 0
1488.51 0
1489.15 0
1489.79 0
1490.43 0
1491.07 0
1491.71 0
1492.35 0
1492.99 0
1493.63 0
1494.27 0
1494.91 0
1495.55 0
1496.19 0
1496.83 0
1497.47 0
1498.11 0
1498.75 0
1499.39 0
1500.03 0
1500.67 0
1501.31 0
1501.95 0
1502.59 0
1503.23 0
1503.87 0
1504.51 0
1505.15 0
1505.79 0
1506.43 0
1507.07 0
1507.71 0
1508.35 0
1508.99 0
1509.63 0
1510.27 0
1510.91 0
1511.55 0
1512.19 0
1512.83 0
1513.47 0
1514.11 0
1514.75 0
1515.39 0
1516.03 0
1516.67 0
1517.31 0
1517.95 0
1518.59 0
1519.23 0
1519.87 0
1520.51 0
1521.15 0
1521.79 0
1522.43 0
1523.07 0
1523.71 0
1524.35 0
1524.99 0
1525.63 0
1526.27 0
1526.91 0
1527.55 0
1528.19 0
1528.83 0
1529.47 0
1530.11 0
1530.75 0
1531.39 0
1532.03 0
1532.67 0
1533.31 0
1533.95 0
1534.59 0
1535.23 0
1535.87 0
1536.51 0
1537.15 0
1537.79 0
1538.42 0
1539.06 0
1539.7 0
1540.34 0
1540.98 0
1541.62 0
1542.26 0
1542.9 0
1543.54 0
1544.18 0
1544.82 0
1545.46 0
1546.1 0
1546.74 0
1547.38 0
1548.02 0
1548.66 0
1549.3 0
1549.94 0
1550.58 0
1551.22 0
1551.86 0
1552.5 0
1553.14 0
1553.78 0
1554.42 0
1555.06 0
1555.7 0
1556.34 0
1556.98 0
1557.62 0
1558.26 0
1558.9 0
1559.54 0
1560.18 0
1560.82 0
1561.46 0
1562.1 0
1562.74 0
1563.38 0
1564.02 0
1564.66 0
1565.3 0
1565.94 0
1566.58 0
1567.22 0
1567.86 0
1568.5 0
1569.14 0
1569.78 0
1570.42 0
1571.06 0
1571.7 0
1572.34 0
1572.98 0
1573.62 0
1574.26 0
1574.9 0
1575.54 0
1576.18 0
1576.82 0
1577.46 0
1578.1 0
1578.74 0
1579.38 0
1580.02 0
1580.66 0
1581.3 0
1581.94 0
1582.58 0
1583.22 0
1583.86 0
1584.5 0
1585.14 0
1585.78 0
1586.42 0
1587.06 0
1587.7 0
1588.34 0
1588.98 0
1589.62 0
1590.26 0
1590.9 0
1591.54 0
1592.18 0
1592.82 0
1593.46 0
1594.1 0
1594.74 0
1595.38 0
1596.02 0
1596.66 0
1597.3 0
1597.94 0
1598.58 0
1599.22 0
1599.86 0
1600.5 0
1601.14 0
1601.78 0
1602.42 0
1603.06 0
1603.7 0
1604.34 0
1604.98 0
1605.62 0
1606.26 0
1606.9 0
1607.54 0
1608.18 0
1608.82 0
1609.46 0
1610.1 0
1610.74 0
1611.38 0
1612.02 0
1612.66 0
1613.3 0
1613.94 0
1614.58 0
1615.22 0
1615.86 0
1616.5 0
1617.14 0
1617.78 0
1618.42 0
1619.06 0
1619.7 0
1620.34 0
1620.98 0
1621.62 0
1622.26 0
1622.9 0
1623.54 0
1624.18 0
1624.82 0
1625.46 0
1626.1 0
1626.74 0
1627.38 0
1628.02 0
1628.66 0
1629.3 0
1629.94 0
1630.58 0
1631.22 0
1631.86 0
1632.5 0
1633.14 0
1633.78 0
1634.42 0
1635.06 0
1635.7 0
1636.34 0
1636.98 0
1637.62 0
1638.26 0
1638.9 0
1639.54 0
1640.18 0
1640.82 0
1641.46 0
1642.1 0
1642.74 0
1643.38 0
1644.02 0
1644.66 0
1645.3 0
1645.94 0
1646.58 0
1647.22 0
1647.86 0
1648.5 0
1649.14 0
1649.78 0
1650.42 0
1651.06 0
1651.7 0
1652.34 0
1652.98 0
1653.62 0
1654.26 0
1654.9 0
1655.54 0
1656.18 0
1656.82 0
1657.46 0
1658.1 0
1658.74 0
1659.38 0
1660.02 0
1660.66 0
1661.3 0
1661.94 0
1662.58 0
1663.22 0
1663.86 0
1664.5 0
1665.14 0
1665.78 0
1666.42 0
1667.05 0
1667.69 0
1668.33 0
1668.97 0
1669.61 0
1670.25 0
1670.89 0
1671.53 0
1672.17 0
1672.81 0
1673.45 0
1674.09 0
1674.73 0
1675.37 0
1676.01 0
1676.65 0
1677.29 0
1677.93 0
1678.57 0
1679.21 0
1679.85 0
1680.49 0
1681.13 0
1681.77 0
1682.41 0
1683.05 0
1683.69 0
1684.33 0
1684.97 0
1685.61 0
1686.25 0
1686.89 0
1687.53 0
1688.17 0
1688.81 0
1689.45 0
1690.09 0
1690.73 0
1691.37 0
1692.01 0
1692.65 0
1693.29 0
1693.93 0
1694.57 0
1695.21 0
1695.85 0
1696.49 0
1697.13 0
1697.77 0
1698.41 0
1699.05 0
1699.69 0
1700.33 0
1700.97 0
1701.61 0
1702.25 0
1702.89 0
1703.53 0
1704.17 0
1704.81 0
1705.45 0
1706.09 0
1706.73 0
1707.37 0
1708.01 0
1708.65 0
1709.29 0
1709.93 0
1710.57 0
1711.21 0
1711.85 0
1712.49 0
1713.13 0
1713.77 0
1714.41 0
1715.05 0
1715.69 0
1716.33 0
1716.97 0
1717.61 0
1718.25 0
1718.89 0
1719.53 0
1720.17 0
1720.81 0
1721.45 0
1722.09 0
1722.73 0
1723.37 0
1724.01 0
1724.65 0
1725.29 0
1725.93 0
1726.57 0
1727.21 0
1727.85 0
1728.49 0
1729.13 0
1729.77 0
1730.41 0
1731.05 0
1731.69 0
1732.33 0
1732.97 0
1733.61 0
1734.25 0
1734.89 0
1735.53 0
1736.17 0
1736.81 0
1737.45 0
1738.09 0
1738.73 0
1739.37 0
1740.01 0
1740.65 0
1741.29 0
1741.93 0
1742.57 0
1743.21 0
1743.85 0
1744.49 0
1745.13 0
1745.77 0
1746.41 0
1747.05 0
1747.69 0
1748.33 0
1748.97 0
1749.61 0
1750.25 0
1750.89 0
1751.53 0
1752.17 0
1752.81 0
1753.45 0
1754.09 0
1754.73 0
1755.37 0
1756.01 0
1756.65 0
1757.29 0
1757.93 0
1758.57 0
1759.21 0
1759.85 0
1760.49 0
1761.13 0
1761.77 0
1762.41 0
1763.05 0
1763.69 0
1764.33 0
1764.97 0
1765.61 0
1766.25 0
1766.89 0
1767.53 0
1768.17 0
1768.81 0
1769.45 0
1770.09 0
1770.73 0
1771.37 0
1772.01 0
1772.65 0
1773.29 0
1773.93 0
1774.57 0
1775.21 0
1775.85 0
1776.49 0
1777.13 0
1777.77 0
1778.41 0
1779.05 0
1779.69 0
1780.33 0
1780.97 0
1781.61 0
1782.25 0
1782.89 0
1783.53 0
1784.17 0
1784.81 0
1785.45 0
1786.09 0
1786.73 0
1787.37 0
1788.01 0
1788.65 0
1789.29 0
1789.93 0
1790.57 0
1791.21 0
1791.85 0
1792.49 0
1793.13 0
1793.77 0
1794.41 0
1795.04 0
1795.68 0
1796.32 0
1796.96 0
1797.6 0
1798.24 0
1798.88 0
1799.52 0
1800.16 0
1800.8 0
1801.44 0
1802.08 0
1802.72 0
1803.36 0
1804 0
1804.64 0
1805.28 0
1805.92 0
1806.56 0
1807.2 0
1807.84 0
1808.48 0
1809.12 0
1809.76 0
1810.4 0
1811.04 0
1811.68 0
1812.32 0
1812.96 0
1813.6 0
1814.24 0
1814.88 0
1815.52 0
1816.16 0
1816.8 0
1817.44 0
1818.08 0
1818.72 0
1819.36 0
1820 0
1820.64 0
1821.28 0
1821.92 0
1822.56 0
1823.2 0
1823.84 0
1824.48 0
1825.12 0
1825.76 0
1826.4 0
1827.04 0
1827.68 0
1828.32 0
1828.96 0
1829.6 0
1830.24 0
1830.88 0
1831.52 0
1832.16 0
1832.8 0
1833.44 0
1834.08 0
1834.72 0
1835.36 0
1836 0
1836.64 0
1837.28 0
1837.92 0
1838.56 0
1839.2 0
1839.84 0
1840.48 0
1841.12 0
1841.76 0
1842.4 0
1843.04 0
1843.68 0
1844.32 0
1844.96 0
1845.6 0
1846.24 0
1846.88 0
1847.52 0
1848.16 0
1848.8 0
1849.44 0
1850.08 0
1850.72 0
1851.36 0
1852 0
1852.64 0
1853.28 0
1853.92 0
1854.56 0
1855.2 0
1855.84 0
1856.48 0
1857.12 0
1857.76 0
1858.4 0
1859.04 0
1859.68 0
1860.32 0
1860.96 0
1861.6 0
1862.24 0
1862.88 0
1863.52 0
1864.16 0
1864.8 0
1865.44 0
1866.08 0
1866.72 0
1867.36 0
1868 0
1868.64 0
1869.28 0
1869.92 0
1870.56 0
1871.2 0
1871.84 0
1872.48 0
1873.12 0
1873.76 0
1874.4 0
1875.04 0
1875.68 0
1876.32 0
1876.96 0
1877.6 0
1878.24 0
1878.88 0
1879.52 0
1880.16 0
1880.8 0
1881.44 0
1882.08 0
1882.72 0
1883.36 0
1884 0
1884.64 0
1885.28 0
1885.92 0
1886.56 0
1887.2 0
1887.84 0
1888.48 0
1889.12 0
1889.76 0
1890.4 0
1891.04 0
1891.68 0
1892.32 0
1892.96 0
1893.6 0
1894.24 0
1894.88 0
1895.52 0
1896.16 0
1896.8 0
1897.44 0
1898.08 0
1898.72 0
1899.36 0
1900 0
1900.64 0
1901.28 0
1901.92 0
1902.56 0
1903.2 0
1903.84 0
1904.48 0
1905.12 0
1905.76 0
1906.4 0
1907.04 0
1907.68 0
1908.32 0
1908.96 0
1909.6 0
1910.24 0
1910.88 0
1911.52 0
1912.16 0
1912.8 0
1913.44 0
1914.08 0
1914.72 0
1915.36 0
1916 0
1916.64 0
1917.28 0
1917.92 0
1918.56 0
1919.2 0
1919.84 0
1920.48 0
1921.12 0
1921.76 0
1922.4 0
1923.04 0
1923.67 0
1924.31 0
1924.95 0
1925.59 0
1926.23 0
1926.87 0
1927.51 0
1928.15 0
1928.79 0
1929.43 0
1930.07 0
1930.71 0
1931.35 0
1931.99 0
1932.63 0
1933.27 0
1933.91 0
1934.55 0
1935.19 0
1935.83 0
1936.47 0
1937.11 0
1937.75 0
1938.39 0
1939.03 0
1939.67 0
1940.31 0
1940.95 0
1941.59 0
1942.23 0
1942.87 0
1943.51 0
1944.15 0
1944.79 0
1945.43 0
1946.07 0
1946.71 0
1947.35 0
1947.99 0
1948.63 0
1949.27 0
1949.91 0
1950.55 0
1951.19 0
1951.83 0
1952.47 0
1953.11 0
1953.75 0
1954.39 0
1955.03 0
1955.67 0
1956.31 0
1956.95 0
1957.59 0
1958.23 0
1958.87 0
1959.51 0
1960.15 0
1960.79 0
1961.43 0
1962.07 0
1962.71 0
1963.35 0
1963.99 0
1964.63 0
1965.27 0
1965.91 0
1966.55 0
1967.19 0
1967.83 0
1968.47 0
1969.11 0
1969.75 0
1970.39 0
1971.03 0
1971.67 0
1972.31 0
1972.95 0
1973.59 0
1974.23 0
1974.87 0
1975.51 0
1976.15 0
1976.79 0
1977.43 0
1978.07 0
1978.71 0
1979.35 0
1979.99 0
1980.63 0
1981.27 0
1981.91 0
1982.55 0
1983.19 0
1983.83 0
1984.47 0
1985.11 0
1985.75 0
1986.39 0
1987.03 0
1987.67 0
1988.31 0
1988.95 0
1989.59 0
1990.23 0
1990.87 0
1991.51 0
1992.15 0
1992.79 0
1993.43 0
1994.07 0
1994.71 0
1995.35 0
1995.99 0
1996.63 0
1997.27 0
1997.91 0
1998.55 0
1999.19 0
1999.83 0
2000.47 0
2001.11 0
2001.75 0
2002.39 0
2003.03 0
2003.67 0
2004.31 0
2004.95 0
2005.59 0
2006.23 0
2006.87 0
2007.51 0
2008.15 0
2008.79 0
2009.43 0
2010.07 0
2010.71 0
2011.35 0
2011.99 0
2012.63 0
2013.27 0
2013.91 0
2014.55 0
2015.19 0
2015.83 0
2016.47 0
2017.11 0
2017.75 0
2018.39 0
2019.03 0
2019.67 0
2020.31 0
2020.95 0
2021.59 0
2022.23 0
2022.87 0
2023.51 0
2024.15 0
2024.79 0
2025.43 0
2026.07 0
2026.71 0
2027.35 0
2027.99 0
2028.63 0
2029.27 0
2029.91 0
2030.55 0
2031.19 0
2031.83 0
2032.47 0
2033.11 0
2033.75 0
2034.39 0
2035.03 0
2035.67 0
2036.31 0
2036.95 0
2037.59 0
2038.23 0
2038.87 0
2039.51 0
2040.15 0
2040.79 0
2041.43 0
2042.07 0
2042.71 0
2043.35 0
2043.99 0
2044.63 0
2045.27 0
2045.91 0
2046.55 0
2047.19 0
2047.83 0
2048.47 0
2049.11 0
2049.75 0
2050.39 0
2051.03 0
2051.67 0
2052.3 0
2052.94 0
2053.58 0
2054.22 0
2054.86 0
2055.5 0
2056.14 0
2056.78 0
2057.42 0
2058.06 0
2058.7 0
2059.34 0
2059.98 0
2060.62 0
2061.26 0
2061.9 0
2062.54 0
2063.18 0
2063.82 0
2064.46 0
2065.1 0
2065.74 0
2066.38 0
2067.02 0
2067.66 0
2068.3 0
2068.94 0
2069.58 0
2070.22 0
2070.86 0
2071.5 0
2072.14 0
2072.78 0
2073.42 0
2074.06 0
2074.7 0
2075.34 0
2075.98 0
2076.62 0
2077.26 0
2077.9 0
2078.54 0
2079.18 0
2079.82 0
2080.46 0
2081.1 0
2081.74 0
2082.38 0
2083.02 0
2083.66 0
2084.3 0
2084.94 0
2085.58 0
2086.22 0
2086.86 0
2087.5 0
2088.14 0
2088.78 0
2089.42 0
2090.06 0
2090.7 0
2091.34 0
2091.98 0
2092.62 0
2093.26 0
2093.9 0
2094.54 0
2095.18 0
2095.82 0
2096.46 0
2097.1 0
2097.74 0
2098.38 0
2099.02 0
2099.66 0
2100.3 0
2100.94 0
2101.58 0
2102.22 0
2102.86 0
2103.5 0
2104.14 0
2104.78 0
2105.42 0
2106.06 0
2106.7 0
2107.34 0
2107.98 0
2108.62 0
2109.26 0
2109.9 0
2110.54 0
2111.18 0
2111.82 0
2112.46 0
2113.1 0
2113.74 0
2114.38 0
2115.02 0
2115.66 0
2116.3 0
2116.94 0
2117.58 0
2118.22 0
2118.86 0
2119.5 0
2120.14 0
2120.78 0
2121.42 0
2122.06 0
2122.7 0
2123.34 0
2123.98 0
2124.62 0
2125.26 0
2125.9 0
2126.54 0
2127.18 0
2127.82 0
2128.46 0
2129.1 0
2129.74 0
2130.38 0
2131.02 0
2131.66 0
2132.3 0
2132.94 0
2133.58 0
2134.22 0
2134.86 0
2135.5 0
2136.14 0
2136.78 0
2137.42 0
2138.06 0
2138.7 0
2139.34 0
2139.98 0
2140.62 0
2141.26 0
2141.9 0
2142.54 0
2143.18 0
2143.82 0
2144.46 0
2145.1 0
2145.74 0
2146.38 0
2147.02 0
2147.66 0
2148.3 0
2148.94 0
2149.58 0
2150.22 0
2150.86 0
2151.5 0
2152.14 0
2152.78 0
2153.42 0
2154.06 0
2154.7 0
2155.34 0
2155.98 0
2156.62 0
2157.26 0
2157.9 0
2158.54 0
2159.18 0
2159.82 0
2160.46 0
2161.1 0
2161.74 0
2162.38 0
2163.02 0
2163.66 0
2164.3 0
2164.94 0
2165.58 0
2166.22 0
2166.86 0
2167.5 0
2168.14 0
2168.78 0
2169.42 0
2170.06 0
2170.7 0
2171.34 0
2171.98 0
2172.62 0
2173.26 0
2173.9 0
2174.54 0
2175.18 0
2175.82 0
2176.46 0
2177.1 0
2177.74 0
2178.38 0
2179.02 0
2179.66 0
2180.29 0
2180.93 0
2181.57 0
2182.21 0
2182.85 0
2183.49 0
2184.13 0
2184.77 0
2185.41 0
2186.05 0
2186.69 0
2187.33 0
2187.97 0
2188.61 0
2189.25 0
2189.89 0
2190.53 0
2191.17 0
2191.81 0
2192.45 0
2193.09 0
2193.73 0
2194.37 0
2195.01 0
2195.65 0
2196.29 0
2196.93 0
2197.57 0
2198.21 0
2198.85 0
2199.49 0
2200.13 0
2200.77 0
2201.41 0
2202.05 0
2202.69 0
2203.33 0
2203.97 0
2204.61 0
2205.25 0
2205.89 0
2206.53 0
2207.17 0
2207.81 0
2208.45 0
2209.09 0
2209.73 0
2210.37 0
2211.01 0
2211.65 0
2212.29 0
2212.93 0
2213.57 0
2214.21 0
2214.85 0
2215.49 0
2216.13 0
2216.77 0
2217.41 0
2218.05 0
2218.69 0
2219.33 0
2219.97 0
2220.61 0
2221.25 0
2221.89 0
2222.53 0
2223.17 0
2223.81 0
2224.45 0
2225.09 0
2225.73 0
2226.37 0
2227.01 0
2227.65 0
2228.29 0
2228.93 0
2229.57 0
2230.21 0
2230.85 0
2231.49 0
2232.13 0
2232.77 0
2233.41 0
2234.05 0
2234.69 0
2235.33 0
2235.97 0
2236.61 0
2237.25 0
2237.89 0
2238.53 0
2239.17 0
2239.81 0
2240.45 0
2241.09 0
2241.73 0
2242.37 0
2243.01 0
2243.65 0
2244.29 0
2244.93 0
2245.57 0
2246.21 0
2246.85 0
2247.49 0
2248.13 0
2248.77 0
2249.41 0
2250.05 0
2250.69 0
2251.33 0
2251.97 0
2252.61 0
2253.25 0
2253.89 0
2254.53 0
2255.17 0
2255.81 0
2256.45 0
2257.09 0
2257.73 0
2258.37 0
2259.01 0
2259.65 0
2260.29 0
2260.93 0
2261.57 0
2262.21 0
2262.85 0
2263.49 0
2264.13 0
2264.77 0
2265.41 0
2266.05 0
2266.69 0
2267.33 0
2267.97 0
2268.61 0
2269.25 0
2269.89 0
2270.53 0
2271.17 0
2271.81 0
2272.45 0
2273.09 0
2273.73 0
2274.37 0
2275.01 0
2275.65 0
2276.29 0
2276.93 0
2277.57 0
2278.21 0
2278.85 0
2279.49 0
2280.13 0
2280.77 0
2281.41 0
2282.05 0
2282.69 0
2283.33 0
2283.97 0
2284.61 0
2285.25 0
2285.89 0
2286.53 0
2287.17 0
2287.81 0
2288.45 0
2289.09 0
2289.73 0
2290.37 0
2291.01 0
2291.65 0
2292.29 0
2292.93 0
2293.57 0
2294.21 0
2294.85 0
2295.49 0
2296.13 0
2296.77 0
2297.41 0
2298.05 0
2298.69 0
2299.33 0
2299.97 0
2300.61 0
2301.25 0
2301.89 0
2302.53 0
2303.17 0
2303.81 0
2304.45 0
2305.09 0
2305.73 0
2306.37 0
2307.01 0
2307.65 0
2308.29 0
2308.92 0
2309.56 0
2310.2 0
2310.84 0
2311.48 0
2312.12 0
2312.76 0
2313.4 0
2314.04 0
2314.68 0
2315.32 0
2315.96 0
2316.6 0
2317.24 0
2317.88 0
2318.52 0
2319.16 0
2319.8 0
2320.44 0
2321.08 0
2321.72 0
2322.36 0
2323 0
2323.64 0
2324.28 0
2324.92 0
2325.56 0
2326.2 0
2326.84 0
2327.48 0
2328.12 0
2328.76 0
2329.4 0
2330.04 0
2330.68 0
2331.32 0
2331.96 0
2332.6 0
2333.24 0
2333.88 0
2334.52 0
2335.16 0
2335.8 0
2336.44 0
2337.08 0
2337.72 0
2338.36 0
2339 0
2339.64 0
2340.28 0
2340.92 0
2341.56 0
2342.2 0
2342.84 0
2343.48 0
2344.12 0
2344.76 0
2345.4 0
2346.04 0
2346.68 0
2347.32 0
2347.96 0
2348.6 0
2349.24 0
2349.88 0
2350.52 0
2351.16 0
2351.8 0
2352.44 0
2353.08 0
2353.72 0
2354.36 0
2355 0
2355.64 0
2356.28 0
2356.92 0
2357.56 0
2358.2 0
2358.84 0
2359.48 0
2360.12 0
2360.76 0
2361.4 0
2362.04 0
2362.68 0
2363.32 0
2363.96 0
2364.6 0
2365.24 0
2365.88 0
2366.52 0
2367.16 0
2367.8 0
2368.44 0
2369.08 0
2369.72 0
2370.36 0
2371 0
2371.64 0
2372.28 0
2372.92 0
2373.56 0
2374.2 0
2374.84 0
2375.48 0
2376.12 0
2376.76 0
2377.4 0
2378.04 0
2378.68 0
2379.32 0
2379.96 0
2380.6 0
2381.24 0
2381.88 0
2382.52 0
2383.16 0
2383.8 0
2384.44 0
2385.08 0
2385.72 0
2386.36 0
2387 0
2387.64 0
2388.28 0
2388.92 0
2389.56 0
2390.2 0
2390.84 0
2391.48 0
2392.12 0
2392.76 0
2393.4 0
2394.04 0
2394.68 0
2395.32 0
2395.96 0
2396.6 0
2397.24 0
2397.88 0
2398.52 0
2399.16 0
2399.8 0
2400.44 0
2401.08 0
2401.72 0
2402.36 0
2403 0
2403.64 0
2404.28 0
2404.92 0
2405.56 0
2406.2 0
2406.84 0
2407.48 0
2408.12 0
2408.76 0
2409.4 0
2410.04 0
2410.68 0
2411.32 0
2411.96 0
2412.6 0
2413.24 0
2413.88 0
2414.52 0
2415.16 0
2415.8 0
2416.44 0
2417.08 0
2417.72 0
2418.36 0
2419 0
2419.64 0
2420.28 0
2420.92 0
2421.56 0
2422.2 0
2422.84 0
2423.48 0
2424.12 0
2424.76 0
2425.4 0
2426.04 0
2426.68 0
2427.32 0
2427.96 0
2428.6 0
2429.24 0
2429.88 0
2430.52 0
2431.16 0
2431.8 0
2432.44 0
2433.08 0
2433.72 0
2434.36 0
2435 0
2435.64 0
2436.28 0
2436.92 0
2437.55 0
2438.19 0
2438.83 0
2439.47 0
2440.11 0
2440.75 0
2441.39 0
2442.03 0
2442.67 0
2443.31 0
2443.95 0
2444.59 0
2445.23 0
2445.87 0
2446.51 0
2447.15 0
2447.79 0
2448.43 0
2449.07 0
2449.71 0
2450.35 0
2450.99 0
2451.63 0
2452.27 0
2452.91 0
2453.55 0
2454.19 0
2454.83 0
2455.47 0
2456.11 0
2456.75 0
2457.39 0
2458.03 0
2458.67 0
2459.31 0
2459.95 0
2460.59 0
2461.23 0
2461.87 0
2462.51 0
2463.15 0
2463.79 0
2464.43 0
2465.07 0
2465.71 0
2466.35 0
2466.99 0
2467.63 0
2468.27 0
2468.91 0
2469.55 0
2470.19 0
2470.83 0
2471.47 0
2472.11 0
2472.75 0
2473.39 0
2474.03 0
2474.67 0
2475.31 0
2475.95 0
2476.59 0
2477.23 0
2477.87 0
2478.51 0
2479.15 0
2479.79 0
2480.43 0
2481.07 0
2481.71 0
2482.35 0
2482.99 0
2483.63 0
2484.27 0
2484.91 0
2485.55 0
2486.19 0
2486.83 0
2487.47 0
2488.11 0
2488.75 0
2489.39 0
2490.03 0
2490.67 0
2491.31 0
2491.95 0
2492.59 0
2493.23 0
2493.87 0
2494.51 0
2495.15 0
2495.79 0
2496.43 0
2497.07 0
2497.71 0
2498.35 0
2498.99 0
2499.63 0
2500.27 0
2500.91 0
2501.55 0
2502.19 0
2502.83 0
2503.47 0
2504.11 0
2504.75 0
2505.39 0
2506.03 0
2506.67 0
2507.31 0
2507.95 0
2508.59 0
2509.23 0
2509.87 0
2510.51 0
2511.15 0
2511.79 0
2512.43 0
2513.07 0
2513.71 0
2514.35 0
2514.99 0
2515.63 0
2516.27 0
2516.91 0
2517.55 0
2518.19 0
2518.83 0
2519.47 0
2520.11 0
2520.75 0
2521.39 0
2522.03 0
2522.67 0
2523.31 0
2523.95 0
2524.59 0
2525.23 0
2525.87 0
2526.51 0
2527.15 0
2527.79 0
2528.43 0
2529.07 0
2529.71 0
2530.35 0
2530.99 0
2531.63 0
2532.27 0
2532.91 0
2533.55 0
2534.19 0
2534.83 0
2535.47 0
2536.11 0
2536.75 0
2537.39 0
2538.03 0
2538.67 0
2539.31 0
2539.95 0
2540.59 0
2541.23 0
2541.87 0
2542.51 0
2543.15 0
2543.79 0
2544.43 0
2545.07 0
2545.71 0
2546.35 0
2546.99 0
2547.63 0
2548.27 0
2548.91 0
2549.55 0
2550.19 0
2550.83 0
2551.47 0
2552.11 0
2552.75 0
2553.39 0
2554.03 0
2554.67 0
2555.31 0
2555.95 0
2556.59 0
2557.23 0
2557.87 0
2558.51 0
2559.15 0
2559.79 0
2560.43 0
2561.07 0
2561.71 0
2562.35 0
2562.99 0
2563.63 0
2564.27 0
2564.91 0
2565.54 0
2566.18 0
2566.82 0
2567.46 0
2568.1 0
2568.74 0
2569.38 0
2570.02 0
2570.66 0
2571.3 0
2571.94 0
2572.58 0
2573.22 0
2573.86 0
2574.5 0
2575.14 0
2575.78 0
2576.42 0
2577.06 0
2577.7 0
2578.34 0
2578.98 0
2579.62 0
2580.26 0
2580.9 0
2581.54 0
2582.18 0
2582.82 0
2583.46 0
2584.1 0
2584.74 0
2585.38 0
2586.02 0
2586.66 0
2587.3 0
2587.94 0
2588.58 0
2589.22 0
2589.86 0
2590.5 0
2591.14 0
2591.78 0
2592.42 0
2593.06 0
2593.7 0
2594.34 0
2594.98 0
2595.62 0
2596.26 0
2596.9 0
2597.54 0
2598.18 0
2598.82 0
2599.46 0
2600.1 0
2600.74 0
2601.38 0
2602.02 0
2602.66 0
2603.3 0
2603.94 0
2604.58 0
2605.22 0
2605.86 0
2606.5 0
2607.14 0
2607.78 0
2608.42 0
2609.06 0
2609.7 0.00863087
2610.34 0.0328644
2610.98 0.103766
2611.62 0.270773
2612.26 0.583572
2612.9 1.03868
2613.54 1.52683
2614.18 1.85372
2614.82 1.85903
2615.46 1.54012
2616.1 1.05412
2616.74 0.596136
2617.38 0.278598
2618.02 0.107623
2618.66 0.034393
2619.3 0.00912216
2619.94 0
2620.58 0
2621.22 0
2621.86 0
2622.5 0
2623.14 0
2623.78 0
2624.42 0
2625.06 0
2625.7 0
2626.34 0
2626.98 0
2627.62 0
2628.26 0
2628.9 0
2629.54 0
2630.18 0
2630.82 0
2631.46 0
2632.1 0
2632.74 0
2633.38 0
2634.02 0
2634.66 0
2635.3 0
2635.94 0
2636.58 0
2637.22 0
2637.86 0
2638.5 0
2639.14 0
2639.78 0
2640.42 0
2641.06 0
2641.7 0
2642.34 0
2642.98 0
2643.62 0
2644.26 0
2644.9 0
2645.54 0
2646.18 0
2646.82 0
2647.46 0
2648.1 0
2648.74 0
2649.38 0
2650.02 0
2650.66 0
2651.3 0
2651.94 0
2652.58 0
2653.22 0
2653.86 0
2654.5 0
2655.14 0
2655.78 0
2656.42 0
2657.06 0
2657.7 0
2658.34 0
2658.98 0
2659.62 0
2660.26 0
2660.9 0
2661.54 0
2662.18 0
2662.82 0
2663.46 0
2664.1 0
2664.74 0
2665.38 0
2666.02 0
2666.66 0
2667.3 0
2667.94 0
2668.58 0
2669.22 0
2669.86 0
2670.5 0
2671.14 0
2671.78 0
2672.42 0
2673.06 0
2673.7 0
2674.34 0
2674.98 0
2675.62 0
2676.26 0
2676.9 0
2677.54 0
2678.18 0
2678.82 0
2679.46 0
2680.1 0
2680.74 0
2681.38 0
2682.02 0
2682.66 0
2683.3 0
2683.94 0
2684.58 0
2685.22 0
2685.86 0
2686.5 0
2687.14 0
2687.78 0
2688.42 0
2689.06 0
2689.7 0
2690.34 0
2690.98 0
2691.62 0
2692.26 0
2692.9 0
2693.54 0
2694.17 0
2694.81 0
2695.45 0
2696.09 0
2696.73 0
2697.37 0
2698.01 0
2698.65 0
2699.29 0
2699.93 0
2700.57 0
2701.21 0
2701.85 0
2702.49 0
2703.13 0
2703.77 0
2704.41 0
2705.05 0
2705.69 0
2706.33 0
2706.97 0
2707.61 0
2708.25 0
2708.89 0
2709.53 0
2710.17 0
2710.81 0
2711.45 0
2712.09 0
2712.73 0
2713.37 0
2714.01 0
2714.65 0
2715.29 0
2715.93 0
2716.57 0
2717.21 0
2717.85 0
2718.49 0
2719.13 0
2719.77 0
2720.41 0
2721.05 0
2721.69 0
2722.33 0
2722.97 0
2723.61 0
2724.25 0
2724.89 0
2725.53 0
2726.17 0
2726.81 0
2727.45 0
2728.09 0
2728.73 0
2729.37 0
2730.01 0
2730.65 0
2731.29 0
2731.93 0
2732.57 0
2733.21 0
2733.85 0
2734.49 0
2735.13 0
2735.77 0
2736.41 0
2737.05 0
2737.69 0
2738.33 0
2738.97 0
2739.61 0
2740.25 0
2740.89 0
2741.53 0
2742.17 0
2742.81 0
2743.45 0
2744.09 0
2744.73 0
2745.37 0
2746.01 0
2746.65 0
2747.29 0
2747.93 0
2748.57 0
2749.21 0
2749.85 0
2750.49 0
2751.13 0
2751.77 0
2752.41 0
2753.05 0
2753.69 0
2754.33 0
2754.97 0
2755.61 0
2756.25 0
2756.89 0
2757.53 0
2758.17 0
2758.81 0
2759.45 0
2760.09 0
2760.73 0
2761.37 0
2762.01 0
2762.65 0
2763.29 0
2763.93 0
2764.57 0
2765.21 0
2765.85 0
2766.49 0
2767.13 0
2767.77 0
2768.41 0
2769.05 0
2769.69 0
2770.33 0
2770.97 0
2771.61 0
2772.25 0
2772.89 0
2773.53 0
2774.17 0
2774.81 0
2775.45 0
2776.09 0
2776.73 0
2777.37 0
2778.01 0
2778.65 0
2779.29 0
2779.93 0
2780.57 0
2781.21 0
2781.85 0
2782.49 0
2783.13 0
2783.77 0
2784.41 0
2785.05 0
2785.69 0
2786.33 0
2786.97 0
2787.61 0
2788.25 0
2788.89 0
2789.53 0
2790.17 0
2790.81 0
2791.45 0
2792.09 0
2792.73 0
2793.37 0
2794.01 0
2794.65 0
2795.29 0
2795.93 0
2796.57 0
2797.21 0
2797.85 0
2798.49 0
2799.13 0
2799.77 0
2800.41 0
2801.05 0
2801.69 0
2802.33 0
2802.97 0
2803.61 0
2804.25 0
2804.89 0
2805.53 0
2806.17 0
2806.81 0
2807.45 0
2808.09 0
2808.73 0
2809.37 0
2810.01 0
2810.65 0
2811.29 0
2811.93 0
2812.57 0
2813.21 0
2813.85 0
2814.49 0
2815.13 0
2815.77 0
2816.41 0
2817.05 0
2817.69 0
2818.33 0
2818.97 0
2819.61 0
2820.25 0
2820.89 0
2821.53 0
2822.16 0
2822.8 0
2823.44 0
2824.08 0
2824.72 0
2825.36 0
2826 0
2826.64 0
2827.28 0
2827.92 0
2828.56 0
2829.2 0
2829.84 0
2830.48 0
2831.12 0
2831.76 0
2832.4 0
2833.04 0
2833.68 0
2834.32 0
2834.96 0
2835.6 0
2836.24 0
2836.88 0
2837.52 0
2838.16 0
2838.8 0
2839.44 0
2840.08 0
2840.72 0
2841.36 0
2842 0
2842.64 0
2843.28 0
2843.92 0
2844.56 0
2845.2 0
2845.84 0
2846.48 0
2847.12 0
2847.76 0
2848.4 0
2849.04 0
2849.68 0
2850.32 0
2850.96 0
2851.6 0
2852.24 0
2852.88 0
2853.52 0
2854.16 0
2854.8 0
2855.44 0
2856.08 0
2856.72 0
2857.36 0
2858 0
2858.64 0
2859.28 0
2859.92 0
2860.56 0
2861.2 0
2861.84 0
2862.48 0
2863.12 0
2863.76 0
2864.4 0
2865.04 0
2865.68 0
2866.32 0
2866.96 0
2867.6 0
2868.24 0
2868.88 0
2869.52 0
2870.16 0
2870.8 0
2871.44 0
2872.08 0
2872.72 0
2873.36 0
2874 0
2874.64 0
2875.28 0
2875.92 0
2876.56 0
2877.2 0
2877.84 0
2878.48 0
2879.12 0
2879.76 0
2880.4 0
2881.04 0
2881.68 0
2882.32 0
2882.96 0
2883.6 0
2884.24 0
2884.88 0
2885.52 0
2886.16 0
2886.8 0
2887.44 0
2888.08 0
2888.72 0
2889.36 0
2890 0
2890.64 0
2891.28 0
2891.92 0
2892.56 0
2893.2 0
2893.84 0
2894.48 0
2895.12 0
2895.76 0
2896.4 0
2897.04 0
2897.68 0
2898.32 0
2898.96 0
2899.6 0
2900.24 0
2900.88 0
2901.52 0
2902.16 0
2902.8 0
2903.44 0
2904.08 0
2904.72 0
2905.36 0
2906 0
2906.64 0
2907.28 0
2907.92 0
2908.56 0
2909.2 0
2909.84 0
2910.48 0
2911.12 0
2911.76 0
2912.4 0
2913.04 0
2913.68 0
2914.32 0
2914.96 0
2915.6 0
2916.24 0
2916.88 0
2917.52 0
2918.16 0
2918.8 0
2919.44 0
2920.08 0
2920.72 0
2921.36 0
2922 0
2922.64 0
2923.28 0
2923.92 0
2924.56 0
2925.2 0
2925.84 0
2926.48 0
2927.12 0
2927.76 0
2928.4 0
2929.04 0
2929.68 0
2930.32 0
2930.96 0
2931.6 0
2932.24 0
2932.88 0
2933.52 0
2934.16 0
2934.8 0
2935.44 0
2936.08 0
2936.72 0
2937.36 0
2938 0
2938.64 0
2939.28 0
2939.92 0
2940.56 0
2941.2 0
2941.84 0
2942.48 0
2943.12 0
2943.76 0
2944.4 0
2945.04 0
2945.68 0
2946.32 0
2946.96 0
2947.6 0
2948.24 0
2948.88 0
2949.52 0
2950.16 0
2950.79 0
2951.43 0
2952.07 0
2952.71 0
2953.35 0
2953.99 0
2954.63 0
2955.27 0
2955.91 0
2956.55 0
2957.19 0
2957.83 0
2958.47 0
2959.11 0
2959.75 0
2960.39 0
2961.03 0
2961.67 0
2962.31 0
2962.95 0
2963.59 0
2964.23 0
2964.87 0
2965.51 0
2966.15 0
2966.79 0
2967.43 0
2968.07 0
2968.71 0
2969.35 0
2969.99 0
2970.63 0
2971.27 0
2971.91 0
2972.55 0
2973.19 0
2973.83 0
2974.47 0
2975.11 0
2975.75 0
2976.39 0
2977.03 0
2977.67 0
2978.31 0
2978.95 0
2979.59 0
2980.23 0
2980.87 0
2981.51 0
2982.15 0
2982.79 0
2983.43 0
2984.07 0
2984.71 0
2985.35 0
2985.99 0
2986.63 0
2987.27 0
2987.91 0
2988.55 0
2989.19 0
2989.83 0
2990.47 0
2991.11 0
2991.75 0
2992.39 0
2993.03 0
2993.67 0
2994.31 0
2994.95 0
2995.59 0
2996.23 0
2996.87 0
2997.51 0
2998.15 0
2998.79 0
2999.43 0
3000.07 0
3000.71 0
3001.35 0
3001.99 0
3002.63 0
3003.27 0
3003.91 0
3004.55 0
3005.19 0
3005.83 0
3006.47 0
3007.11 0
3007.75 0
3008.39 0
3009.03 0
3009.67 0
3010.31 0
3010.95 0
3011.59 0
3012.23 0
3012.87 0
3013.51 0
3014.15 0
3014.79 0
3015.43 0
3016.07 0
3016.71 0
3017.35 0
3017.99 0
3018.63 0
3019.27 0
3019.91 0
3020.55 0
3021.19 0
3021.83 0
3022.47 0
3023.11 0
3023.75 0
3024.39 0
3025.03 0
3025.67 0
3026.31 0
3026.95 0
3027.59 0
3028.23 0
3028.87 0
3029.51 0
3030.15 0
3030.79 0
3031.43 0
3032.07 0
3032.71 0
3033.35 0
3033.99 0
3034.63 0
3035.27 0
3035.91 0
3036.55 0
3037.19 0
3037.83 0
3038.47 0
3039.11 0
3039.75 0
3040.39 0
3041.03 0
3041.67 0
3042.31 0
3042.95 0
3043.59 0
3044.23 0
3044.87 0
3045.51 0
3046.15 0
3046.79 0
3047.43 0
3048.07 0
3048.71 0
3049.35 0
3049.99 0
3050.63 0
3051.27 0
3051.91 0
3052.55 0
3053.19 0
3053.83 0
3054.47 0
3055.11 0
3055.75 0
3056.39 0
3057.03 0
3057.67 0
3058.31 0
3058.95 0
3059.59 0
3060.23 0
3060.87 0
3061.51 0
3062.15 0
3062.79 0
3063.43 0
3064.07 0
3064.71 0
3065.35 0
3065.99 0
3066.63 0
3067.27 0
3067.91 0
3068.55 0
3069.19 0
3069.83 0
3070.47 0
3071.11 0
3071.75 0
3072.39 0
3073.03 0
3073.67 0
3074.31 0
3074.95 0
3075.59 0
3076.23 0
3076.87 0
3077.51 0
3078.15 0
3078.79 0
3079.42 0
3080.06 0
3080.7 0
3081.34 0
3081.98 0
3082.62 0
3083.26 0
3083.9 0
3084.54 0
3085.18 0
3085.82 0
3086.46 0
3087.1 0
3087.74 0
3088.38 0
3089.02 0
3089.66 0
3090.3 0
3090.94 0
3091.58 0
3092.22 0
3092.86 0
3093.5 0
3094.14 0
3094.78 0
3095.42 0
3096.06 0
3096.7 0
3097.34 0
3097.98 0
3098.62 0
3099.26 0
3099.9 0
3100.54 0
3101.18 0
3101.82 0
3102.46 0
3103.1 0
3103.74 0
3104.38 0
3105.02 0
3105.66 0
3106.3 0
3106.94 0
3107.58 0
3108.22 0
3108.86 0
3109.5 0
3110.14 0
3110.78 0
3111.42 0
3112.06 0
3112.7 0
3113.34 0
3113.98 0
3114.62 0
3115.26 0
3115.9 0
3116.54 0
3117.18 0
3117.82 0
3118.46 0
3119.1 0
3119.74 0
3120.38 0
3121.02 0
3121.66 0
3122.3 0
3122.94 0
3123.58 0
3124.22 0
3124.86 0
3125.5 0
3126.14 0
3126.78 0
3127.42 0
3128.06 0
3128.7 0
3129.34 0
3129.98 0
3130.62 0
3131.26 0
3131.9 0
3132.54 0
3133.18 0
3133.82 0
3134.46 0
3135.1 0
3135.74 0
3136.38 0
3137.02 0
3137.66 0
3138.3 0
3138.94 0
3139.58 0
3140.22 0
3140.86 0
3141.5 0
3142.14 0
3142.78 0
3143.42 0
3144.06 0
3144.7 0
3145.34 0
3145.98 0
3146.62 0
3147.26 0
3147.9 0
3148.54 0
3149.18 0
3149.82 0
3150.46 0
3151.1 0
3151.74 0
3152.38 0
3153.02 0
3153.66 0
3154.3 0
3154.94 0
3155.58 0
3156.22 0
3156.86 0
3157.5 0
3158.14 0
3158.78 0
3159.42 0
3160.06 0
3160.7 0
3161.34 0
3161.98 0
3162.62 0
3163.26 0
3163.9 0
3164.54 0
3165.18 0
3165.82 0
3166.46 0
3167.1 0
3167.74 0
3168.38 0
3169.02 0
3169.66 0
3170.3 0
3170.94 0
3171.58 0
3172.22 0
3172.86 0
3173.5 0
3174.14 0
3174.78 0
3175.42 0
3176.06 0
3176.7 0
3177.34 0
3177.98 0
3178.62 0
3179.26 0
3179.9 0
3180.54 0
3181.18 0
3181.82 0
3182.46 0
3183.1 0
3183.74 0
3184.38 0
3185.02 0
3185.66 0
3186.3 0
3186.94 0
3187.58 0
3188.22 0
3188.86 0
3189.5 0
3190.14 0
3190.78 0
3191.42 0
3192.06 0
3192.7 0
3193.34 0
3193.98 0
3194.62 0
3195.26 0
3195.9 0
3196.54 0
3197.18 0
3197.82 0
3198.46 0
3199.1 0
3199.74 0
