0.372562 0
1.01237 0
1.65219 0
2.292 0
2.93181 0
3.57162 0
4.21144 0
4.85125 0
5.49107 0
6.13088 0
6.77069 0
7.41051 0
8.05033 0
8.69014 0
9.32996 0
9.96978 0
10.6096 0
11.2494 0
11.8892 0
12.529 0
13.1689 0
13.8087 0
14.4485 0
15.0883 0
15.7281 0
16.368 0
17.0078 0
17.6476 0
18.2874 0
18.9273 0
19.5671 0
20.2069 0
20.8467 0
21.4866 0
22.1264 0
22.7662 0
23.406 0
24.0459 0
24.6857 0
25.3255 0
25.9653 0
26.6052 0
27.245 0
27.8848 0
28.5246 0
29.1645 0
29.8043 0
30.4441 0
31.084 0
31.7238 0
32.3636 0
33.0035 0
33.6433 0
34.2831 0
34.923 0
35.5628 0
36.2026 0
36.8425 0
37.4823 0
38.1221 0
38.762 0
39.4018 0
40.0416 0
40.6815 0
41.3213 0
41.9611 193.607
42.601 192.386
43.2408 191.299
43.8807 192.109
44.5205 207.061
45.1603 273.674
45.8002 412.07
46.44 515.432
47.0799 454.064
47.7197 306.285
48.3595 213.069
48.9994 184.684
49.6392 179.28
50.2791 177.965
50.9189 179.445
51.5587 193.389
52.1986 235.603
52.8384 289.793
53.4783 296.182
54.1181 244.824
54.758 194.114
55.3978 172.592
56.0377 167.142
56.6775 165.444
57.3173 164.19
57.9572 162.963
58.597 0
59.2369 0
59.8767 0
60.5166 0
61.1564 0
61.7963 0
62.4361 0
63.076 0
63.7158 0
64.3557 0
64.9955 0
65.6354 0
66.2752 0
66.9151 0
67.5549 0
68.1948 0
68.8347 0
69.4745 0
70.1144 0
70.7542 0
71.3941 0
72.0339 0
72.6738 0
73.3136 0
73.9535 0
74.5933 0
75.2332 0
75.8731 0
76.5129 0
77.1528 0
77.7926 0
78.4325 0
79.0724 0
79.7122 0
80.3521 0
80.9919 0
81.6318 0
82.2717 0
82.9115 0
83.5514 0
84.1912 0
84.8311 0
85.471 0
86.1108 0
86.7507 0
87.3906 0
88.0304 0
88.6703 0
89.3102 0
89.95 0
90.5899 0
91.2298 0
91.8696 0
92.5095 0
93.1494 0
93.7892 0
94.4291 0
95.069 0
95.7088 0
96.3487 0
96.9886 0
97.6285 0
98.2683 0
98.9082 0
99.5481 0
100.188 0
100.828 0
101.468 0
102.108 0
102.747 0
103.387 0
104.027 0
104.667 0
105.307 0
105.947 0
106.587 0
107.227 0
107.866 0
108.506 0
109.146 0
109.786 0
110.426 0
111.066 0
111.706 0
112.346 0
112.985 0
113.625 0
114.265 0
114.905 0
115.545 0
116.185 0
116.825 0
117.465 0
118.105 0
118.744 0
119.384 0
120.024 0
120.664 0
121.304 0
121.944 0
122.584 0
123.224 0
123.863 0
124.503 0
125.143 0
125.783 0
126.423 0
127.063 0
127.703 0
128.343 0
128.983 0
129.622 0
130.262 0
130.902 0
131.542 0
132.182 0
132.822 0
133.462 0
134.102 0
134.742 0
135.381 0
136.021 0
136.661 0
137.301 0
137.941 0
138.581 0
139.221 0
139.861 0
140.501 0
141.141 0
141.78 0
142.42 0
143.06 0
143.7 0
144.34 0
144.98 0
145.62 0
146.26 0
146.9 0
147.54 0
148.179 0
148.819 0
149.459 0
150.099 0
150.739 0
151.379 0
152.019 0
152.659 0
153.299 0
153.939 0
154.578 0
155.218 0
155.858 0
156.498 0
157.138 0
157.778 0
158.418 0
159.058 0
159.698 0
160.338 0
160.978 0
161.617 0
162.257 0
162.897 0
163.537 0
164.177 0
164.817 0
165.457 0
166.097 0
166.737 0
167.377 0
168.017 0
168.656 0
169.296 0
169.936 0
170.576 0
171.216 0
171.856 0
172.496 0
173.136 0
173.776 0
174.416 0
175.056 0
175.695 0
176.335 0
176.975 0
177.615 0
178.255 0
178.895 0
179.535 0
180.175 0
180.815 0
181.455 331.536
182.095 330.032
182.735 328.683
183.374 329.21
184.014 342.49
184.654 401.767
185.294 534.211
185.934 664.092
186.574 650.746
187.214 508.664
187.854 381.944
188.494 328.351
189.134 315.045
189.774 312.006
190.414 310.379
191.054 308.862
191.693 0
192.333 0
192.973 0
193.613 0
194.253 0
194.893 0
195.533 0
196.173 0
196.813 0
197.453 0
198.093 0
198.733 0
199.373 0
200.013 0
200.652 0
201.292 0
201.932 0
202.572 0
203.212 0
203.852 0
204.492 0
205.132 0
205.772 0
206.412 0
207.052 0
207.692 0
208.332 0
208.972 0
209.612 0
210.251 0
210.891 0
211.531 0
212.171 0
212.811 0
213.451 0
214.091 0
214.731 0
215.371 0
216.011 0
216.651 0
217.291 0
217.931 0
218.571 0
219.211 0
219.851 0
220.49 0
221.13 0
221.77 0
222.41 0
223.05 0
223.69 0
224.33 0
224.97 0
225.61 0
226.25 0
226.89 0
227.53 0
228.17 0
228.81 0
229.45 0
230.09 0
230.73 0
231.369 0
232.009 0
232.649 0
233.289 0
233.929 0
234.569 0
235.209 0
235.849 0
236.489 0
237.129 206.484
237.769 204.784
238.409 203.309
239.049 204.509
239.689 223.953
240.329 311.576
240.969 519.147
241.609 752.768
242.249 780.378
242.889 567.885
243.529 336.695
244.168 222.801
244.808 191.06
245.448 184.684
246.088 182.541
246.728 180.805
247.368 0
248.008 0
248.648 0
249.288 0
249.928 0
250.568 0
251.208 0
251.848 0
252.488 0
253.128 0
253.768 0
254.408 163.814
255.048 162.901
255.688 162.087
256.328 162.062
256.968 165.63
257.608 177.549
258.248 195.729
258.888 204.189
259.527 192.338
260.167 172.405
260.807 159.483
261.447 154.558
262.087 152.869
262.727 151.861
263.367 150.936
264.007 0
264.647 0
265.287 0
265.927 0
266.567 0
267.207 0
267.847 0
268.487 0
269.127 0
269.767 0
270.407 138.606
271.047 138.349
271.687 138.179
272.327 138.661
272.967 141.885
273.607 150.923
274.247 163.415
274.887 168.151
275.527 159.129
276.167 145.079
276.807 135.681
277.447 132.331
278.086 132.612
278.726 133.855
279.366 134.532
280.006 134.575
280.646 134.368
281.286 134.111
281.926 133.847
282.566 0
283.206 0
283.846 0
284.486 0
285.126 0
285.766 0
286.406 0
287.046 0
287.686 0
288.326 0
288.966 0
289.606 0
290.246 114.77
290.886 114.635
291.526 114.92
292.166 120.107
292.806 159.008
293.446 328.599
294.086 750.005
294.726 1283.1
295.366 1447.46
296.006 1058.19
296.646 529.027
297.286 226.831
297.926 132.257
298.566 114.78
299.206 112.705
299.846 112.418
300.486 0
301.126 0
301.766 0
302.406 0
303.046 0
303.686 0
304.326 0
304.966 0
305.606 0
306.246 0
306.886 0
307.526 0
308.165 0
308.805 0
309.445 0
310.085 0
310.725 0
311.365 0
312.005 0
312.645 0
313.285 0
313.925 0
314.565 0
315.205 0
315.845 0
316.485 0
317.125 0
317.765 0
318.405 0
319.045 0
319.685 0
320.325 0
320.965 0
321.605 0
322.245 0
322.885 0
323.525 0
324.165 0
324.805 0
325.445 0
326.085 0
326.725 0
327.365 0
328.005 0
328.645 0
329.285 0
329.925 0
330.565 0
331.205 0
331.845 0
332.485 0
333.125 0
333.765 0
334.405 0
335.045 0
335.685 0
336.325 0
336.965 0
337.605 0
338.245 0
338.885 0
339.525 0
340.165 0
340.805 0
341.445 0
342.085 0
342.725 0
343.365 0
344.005 0
344.645 0
345.285 0
345.925 0
346.565 0
347.205 79.469
347.845 78.6604
348.485 80.4833
349.125 105.008
349.765 245.369
350.405 712.781
351.045 1588.31
351.685 2344.87
352.325 2227.47
352.965 1365.05
353.605 561.712
354.245 187.045
354.885 85.5511
355.525 68.185
356.165 65.5345
356.805 64.4282
357.445 0
358.085 0
358.725 0
359.365 0
360.005 0
360.645 0
361.285 0
361.925 0
362.566 0
363.206 0
363.846 0
364.486 0
365.126 0
365.766 0
366.406 0
367.046 0
367.686 0
368.326 0
368.966 0
369.606 0
370.246 0
370.886 0
371.526 0
372.166 0
372.806 0
373.446 0
374.086 0
374.726 0
375.366 0
376.006 0
376.646 0
377.286 0
377.926 0
378.566 0
379.206 0
379.846 0
380.486 0
381.126 0
381.766 0
382.406 56.1469
383.046 55.8881
383.686 55.6978
384.326 55.9295
384.966 57.6729
385.606 62.2303
386.246 68.4121
386.886 72.3948
387.526 74.0078
388.166 76.8026
388.806 78.4506
389.446 73.3022
390.086 63.7213
390.726 56.4225
391.366 53.2547
392.006 52.2759
392.646 51.9019
393.287 51.6257
393.927 0
394.567 0
395.207 0
395.847 0
396.487 0
397.127 0
397.767 0
398.407 0
399.047 0
399.687 0
400.327 0
400.967 0
401.607 0
402.247 0
402.887 0
403.527 0
404.167 0
404.807 0
405.447 0
406.087 0
406.727 0
407.367 0
408.007 0
408.647 0
409.287 0
409.927 0
410.567 0
411.207 0
411.847 0
412.487 0
413.128 0
413.768 0
414.408 0
415.048 0
415.688 0
416.328 0
416.968 0
417.608 0
418.248 0
418.888 0
419.528 0
420.168 0
420.808 0
421.448 0
422.088 0
422.728 0
423.368 0
424.008 0
424.648 0
425.288 0
425.928 0
426.568 0
427.208 0
427.848 0
428.488 0
429.129 0
429.769 0
430.409 0
431.049 0
431.689 0
432.329 0
432.969 0
433.609 0
434.249 0
434.889 0
435.529 0
436.169 0
436.809 0
437.449 0
438.089 0
438.729 0
439.369 0
440.009 0
440.649 0
441.289 0
441.929 0
442.57 0
443.21 0
443.85 0
444.49 0
445.13 0
445.77 0
446.41 0
447.05 0
447.69 0
448.33 0
448.97 0
449.61 0
450.25 31.7977
450.89 31.6664
451.53 31.5921
452.17 31.8816
452.81 33.5587
453.45 38.1184
454.091 44.821
454.731 48.6743
455.371 45.6866
456.011 38.7796
456.651 33.3665
457.291 30.9754
457.931 30.2575
458.571 30.0532
459.211 30.1179
459.851 31.0074
460.491 33.946
461.131 39.173
461.771 43.4958
462.411 42.701
463.051 37.4758
463.691 32.3499
464.331 29.694
464.971 28.8
465.612 28.5208
466.252 28.3666
466.892 28.228
467.532 0
468.172 0
468.812 0
469.452 0
470.092 0
470.732 0
471.372 0
472.012 0
472.652 0
473.292 0
473.932 0
474.572 0
475.213 0
475.853 28.0554
476.493 27.7736
477.133 27.5436
477.773 27.6421
478.413 28.9988
479.053 33.0165
479.693 39.1632
480.333 42.9386
480.973 40.3662
481.613 33.7712
482.253 28.2837
482.893 25.6587
483.533 24.7545
484.173 24.5405
484.814 25.2091
485.454 28.1208
486.094 34.1597
486.734 40.3799
487.374 41.0876
488.014 35.2699
488.654 28.1189
489.294 23.7762
489.934 22.0833
490.574 21.4925
491.214 21.1633
491.854 20.8722
492.494 0
493.134 0
493.775 0
494.415 0
495.055 0
495.695 0
496.335 0
496.975 0
497.615 0
498.255 0
498.895 0
499.535 0
500.175 0
500.815 0
501.455 0
502.095 0
502.736 0
503.376 0
504.016 0
504.656 0
505.296 0
505.936 0
506.576 0
507.216 0
507.856 0
508.496 0
509.136 0
509.776 0
510.417 0
511.057 0
511.697 0
512.337 0
512.977 0
513.617 0
514.257 0
514.897 0
515.537 0
516.177 0
516.817 0
517.457 0
518.098 0
518.738 0
519.378 0
520.018 0
520.658 0
521.298 0
521.938 0
522.578 0
523.218 0
523.858 0
524.498 0
525.138 0
525.779 0
526.419 0
527.059 0
527.699 0
528.339 0
528.979 0
529.619 0
530.259 0
530.899 0
531.539 0
532.179 0
532.819 0
533.46 0
534.1 0
534.74 0
535.38 0
536.02 0
536.66 0
537.3 0
537.94 0
538.58 0
539.22 0
539.86 0
540.501 0
541.141 0
541.781 0
542.421 0
543.061 0
543.701 0
544.341 0
544.981 0
545.621 0
546.261 0
546.902 0
547.542 0
548.182 0
548.822 0
549.462 0
550.102 0
550.742 0
551.382 0
552.022 0
552.662 0
553.303 0
553.943 0
554.583 0
555.223 0
555.863 0
556.503 0
557.143 0
557.783 0
558.423 0
559.063 0
559.703 0
560.344 0
560.984 0
561.624 0
562.264 0
562.904 0
563.544 0
564.184 0
564.824 0
565.464 0
566.105 0
566.745 0
567.385 0
568.025 0
568.665 0
569.305 0
569.945 0
570.585 0
571.225 0
571.865 0
572.506 0
573.146 0
573.786 0
574.426 0
575.066 0
575.706 18.5616
576.346 18.5272
576.986 18.5796
577.626 19.067
578.267 20.8815
578.907 24.8749
579.547 29.7856
580.187 31.8196
580.827 28.8564
581.467 23.3012
582.107 18.6068
582.747 16.0058
583.387 15.3328
584.028 15.9671
584.668 16.9334
585.308 17.5421
585.948 17.7469
586.588 17.7618
587.228 17.7252
587.868 17.6799
588.508 0
589.148 0
589.789 0
590.429 0
591.069 0
591.709 0
592.349 0
592.989 0
593.629 0
594.269 0
594.909 0
595.55 0
596.19 0
596.83 0
597.47 0
598.11 0
598.75 0
599.39 0
600.03 0
600.67 0
601.311 0
601.951 0
602.591 0
603.231 0
603.871 0
604.511 22.2716
605.151 22.183
605.791 26.4216
606.432 57.9722
607.072 198.39
607.712 595.234
608.352 1277.8
608.992 1883.72
609.632 1891.84
610.272 1294.32
610.912 607.225
611.552 201.46
612.193 54.994
612.833 20.6108
613.473 14.8784
614.113 13.7856
614.753 0
615.393 0
616.033 0
616.673 0
617.314 0
617.954 0
618.594 0
619.234 0
619.874 0
620.514 0
621.154 0
621.794 0
622.435 0
623.075 0
623.715 0
624.355 0
624.995 0
625.635 0
626.275 0
626.915 0
627.556 0
628.196 0
628.836 0
629.476 0
630.116 0
630.756 0
631.396 0
632.036 0
632.677 0
633.317 0
633.957 0
634.597 0
635.237 0
635.877 0
636.517 0
637.158 0
637.798 0
638.438 0
639.078 0
639.718 0
640.358 0
640.998 0
641.638 0
642.279 0
642.919 0
643.559 0
644.199 0
644.839 0
645.479 0
646.119 0
646.76 0
647.4 0
648.04 0
648.68 0
649.32 0
649.96 0
650.6 0
651.24 0
651.881 0
652.521 0
653.161 0
653.801 0
654.441 0
655.081 0
655.721 0
656.362 0
657.002 13.6171
657.642 13.562
658.282 13.5269
658.922 13.5984
659.562 14.029
660.202 15.1586
660.843 16.8442
661.483 18.0327
662.123 17.9165
662.763 18.0792
663.403 23.1611
664.043 37.9382
664.683 59.5048
665.324 73.2193
665.964 66.566
666.604 45.6455
667.244 26.5251
667.884 16.6336
668.524 13.3722
669.164 12.6282
669.804 12.472
670.445 12.4046
671.085 0
671.725 0
672.365 0
673.005 0
673.645 0
674.285 0
674.926 0
675.566 0
676.206 0
676.846 0
677.486 0
678.126 0
678.767 0
679.407 0
680.047 0
680.687 0
681.327 0
681.967 0
682.607 0
683.248 0
683.888 0
684.528 0
685.168 0
685.808 0
686.448 0
687.088 0
687.729 0
688.369 0
689.009 0
689.649 0
690.289 0
690.929 0
691.569 0
692.21 0
692.85 0
693.49 0
694.13 0
694.77 0
695.41 0
696.051 0
696.691 0
697.331 0
697.971 0
698.611 15.1331
699.251 15.0548
699.891 15.1078
700.532 15.7621
701.172 18.1419
701.812 23.2821
702.452 29.7115
703.092 32.8634
703.732 29.8235
704.373 23.2501
705.013 17.7725
705.653 15.0563
706.293 14.1394
706.933 13.8704
707.573 13.7475
708.213 0
708.854 0
709.494 0
710.134 0
710.774 0
711.414 0
712.054 0
712.695 0
713.335 0
713.975 0
714.615 0
715.255 11.9881
715.895 12.0659
716.535 12.2204
717.176 12.7489
717.816 14.4341
718.456 18.1839
719.096 23.3254
719.736 26.6172
720.376 25.2551
721.017 20.5403
721.657 16.1041
722.297 13.7588
722.937 13.0014
723.577 12.8808
724.217 12.9184
724.858 12.9816
725.498 0
726.138 0
726.778 0
727.418 0
728.058 0
728.699 0
729.339 0
729.979 0
730.619 0
731.259 0
731.899 0
732.54 0
733.18 0
733.82 0
734.46 0
735.1 0
735.74 0
736.381 0
737.021 0
737.661 0
738.301 0
738.941 0
739.581 0
740.222 0
740.862 0
741.502 0
742.142 0
742.782 0
743.422 0
744.063 0
744.703 0
745.343 0
745.983 0
746.623 0
747.263 0
747.904 0
748.544 0
749.184 0
749.824 0
750.464 0
751.104 0
751.745 0
752.385 0
753.025 0
753.665 0
754.305 0
754.945 0
755.586 0
756.226 0
756.866 0
757.506 0
758.146 12.7083
758.786 12.7647
759.427 12.8179
760.067 12.8514
760.707 12.8089
761.347 12.5834
761.987 12.1257
762.627 11.6465
763.268 11.5498
763.908 11.9996
764.548 12.9149
765.188 15.2946
765.828 24.1547
766.469 50.4458
767.109 102.063
767.749 162.03
768.389 188.073
769.029 157.404
769.669 96.7887
770.31 47.466
770.95 23.4303
771.59 15.8176
772.23 14.2278
772.87 14.0422
773.51 0
774.151 0
774.791 0
775.431 0
776.071 0
776.711 0
777.352 0
777.992 0
778.632 0
779.272 0
779.912 0
780.552 0
781.193 13.0303
781.833 12.9619
782.473 13.0174
783.113 13.7064
783.753 16.5163
784.394 23.6622
785.034 35.0681
785.674 44.9351
786.314 45.5046
786.954 36.2325
787.594 24.4705
788.235 16.5661
788.875 13.1576
789.515 12.1229
790.155 11.8502
790.795 11.7384
791.436 0
792.076 0
792.716 0
793.356 0
793.996 0
794.636 0
795.277 0
795.917 0
796.557 0
797.197 0
797.837 0
798.478 0
799.118 0
799.758 0
800.398 0
801.038 0
801.678 13.7618
802.319 13.55
802.959 13.7321
803.599 15.5458
804.239 21.6629
804.879 34.1747
805.52 49.2709
806.16 56.5447
806.8 49.5249
807.44 34.0323
808.08 20.6048
808.721 13.5456
809.361 10.9772
810.001 10.172
810.641 9.807
811.281 0
811.921 0
812.562 0
813.202 0
813.842 0
814.482 0
815.122 0
815.763 0
816.403 0
817.043 0
817.683 0
818.323 0
818.964 0
819.604 0
820.244 0
820.884 0
821.524 0
822.165 0
822.805 0
823.445 0
824.085 0
824.725 0
825.365 0
826.006 0
826.646 0
827.286 0
827.926 0
828.566 0
829.207 0
829.847 0
830.487 0
831.127 0
831.767 0
832.408 0
833.048 0
833.688 0
834.328 11.5325
834.968 11.5807
835.609 11.7399
836.249 12.4193
836.889 14.6931
837.529 19.9105
838.169 27.5147
838.81 33.2903
839.45 32.6416
840.09 26.1635
840.73 18.8574
841.37 14.3073
842.011 12.5
842.651 12.0329
843.291 11.9704
843.931 11.9888
844.571 0
845.212 0
845.852 0
846.492 0
847.132 0
847.772 0
848.413 0
849.053 0
849.693 0
850.333 0
850.973 0
851.614 0
852.254 0
852.894 0
853.534 0
854.174 0
854.815 0
855.455 0
856.095 13.0764
856.735 13.084
857.375 13.0879
858.016 13.0778
858.656 13.0337
859.296 12.9429
859.936 12.8385
860.576 12.7973
861.217 12.8609
861.857 12.9828
862.497 13.0875
863.137 13.1454
863.777 13.1706
864.418 13.1828
865.058 13.1917
865.698 0
866.338 0
866.978 0
867.619 0
868.259 0
868.899 0
869.539 0
870.179 0
870.82 0
871.46 0
872.1 0
872.74 0
873.38 0
874.021 0
874.661 0
875.301 0
875.941 0
876.582 0
877.222 0
877.862 0
878.502 0
879.142 0
879.783 0
880.423 0
881.063 0
881.703 0
882.343 0
882.984 0
883.624 0
884.264 0
884.904 0
885.544 0
886.185 0
886.825 0
887.465 0
888.105 0
888.745 0
889.386 0
890.026 0
890.666 0
891.306 0
891.947 0
892.587 0
893.227 0
893.867 0
894.507 0
895.148 0
895.788 0
896.428 0
897.068 0
897.708 0
898.349 0
898.989 0
899.629 0
900.269 0
900.91 0
901.55 0
902.19 0
902.83 0
903.47 0
904.111 0
904.751 0
905.391 0
906.031 0
906.671 0
907.312 0
907.952 0
908.592 0
909.232 0
909.873 0
910.513 0
911.153 0
911.793 0
912.433 0
913.074 0
913.714 0
914.354 0
914.994 0
915.634 0
916.275 0
916.915 0
917.555 0
918.195 0
918.836 0
919.476 0
920.116 0
920.756 0
921.396 0
922.037 0
922.677 0
923.317 0
923.957 0
924.598 0
925.238 0
925.878 0
926.518 0
927.158 0
927.799 0
928.439 0
929.079 14.5449
929.719 14.5511
930.36 14.8582
931 16.652
931.64 23.3934
932.28 40.5797
932.92 69.3923
933.561 97.711
934.201 105.446
934.841 86.1719
935.481 55.166
936.122 30.9871
936.762 19.0811
937.402 15.097
938.042 14.1445
938.682 13.9553
939.323 0
939.963 0
940.603 0
941.243 0
941.884 0
942.524 0
943.164 0
943.804 0
944.444 0
945.085 0
945.725 0
946.365 0
947.005 0
947.646 0
948.286 0
948.926 0
949.566 0
950.206 0
950.847 0
951.487 0
952.127 0
952.767 0
953.408 0
954.048 0
954.688 0
955.328 0
955.969 0
956.609 0
957.249 0
957.889 0
958.529 0
959.17 11.9951
959.81 11.9911
960.45 12.0258
961.09 12.2389
961.731 13.0078
962.371 14.8663
963.011 17.8046
963.651 20.4722
964.291 20.9393
964.932 18.8152
965.572 15.7328
966.212 13.4296
966.852 12.323
967.493 11.9551
968.133 11.8631
968.773 11.8394
969.413 0
970.054 0
970.694 0
971.334 0
971.974 0
972.614 0
973.255 0
973.895 0
974.535 0
975.175 0
975.816 0
976.456 0
977.096 0
977.736 0
978.377 0
979.017 0
979.657 0
980.297 0
980.938 0
981.578 0
982.218 0
982.858 0
983.498 0
984.139 0
984.779 0
985.419 0
986.059 0
986.7 0
987.34 0
987.98 0
988.62 0
989.261 0
989.901 0
990.541 0
991.181 0
991.822 0
992.462 0
993.102 0
993.742 0
994.382 0
995.023 0
995.663 0
996.303 0
996.943 0
997.584 0
998.224 0
998.864 0
999.504 0
1000.14 0
1000.78 0
1001.43 0
1002.07 0
1002.71 0
1003.35 0
1003.99 0
1004.63 0
1005.27 0
1005.91 0
1006.55 0
1007.19 0
1007.83 0
1008.47 0
1009.11 0
1009.75 0
1010.39 0
1011.03 0
1011.67 0
1012.31 0
1012.95 0
1013.59 0
1014.23 0
1014.87 0
1015.51 0
1016.15 0
1016.79 0
1017.43 0
1018.07 0
1018.71 0
1019.35 0
1019.99 0
1020.63 0
1021.27 0
1021.91 0
1022.55 0
1023.19 0
1023.83 0
1024.47 0
1025.11 0
1025.75 0
1026.39 0
1027.03 0
1027.67 0
1028.32 0
1028.96 0
1029.6 0
1030.24 0
1030.88 0
1031.52 0
1032.16 0
1032.8 0
1033.44 0
1034.08 0
1034.72 0
1035.36 0
1036 0
1036.64 0
1037.28 0
1037.92 0
1038.56 0
1039.2 0
1039.84 0
1040.48 0
1041.12 0
1041.76 0
1042.4 0
1043.04 0
1043.68 0
1044.32 0
1044.96 0
1045.6 0
1046.24 0
1046.88 0
1047.52 8.63458
1048.16 8.63819
1048.8 8.81868
1049.44 9.57216
1050.08 11.5351
1050.72 14.9172
1051.36 18.4719
1052 19.8611
1052.64 17.9685
1053.28 14.2267
1053.93 10.9298
1054.57 9.08782
1055.21 8.3668
1055.85 8.14508
1056.49 8.07018
1057.13 0
1057.77 0
1058.41 0
1059.05 0
1059.69 0
1060.33 0
1060.97 0
1061.61 0
1062.25 0
1062.89 0
1063.53 0
1064.17 0
1064.81 0
1065.45 8.47638
1066.09 8.4328
1066.73 8.49126
1067.37 8.89079
1068.01 10.041
1068.65 12.1395
1069.29 14.4883
1069.93 15.5823
1070.57 14.5287
1071.21 12.0927
1071.85 9.79263
1072.49 8.42076
1073.13 7.83422
1073.77 7.62064
1074.41 7.5232
1075.05 0
1075.69 0
1076.33 0
1076.97 0
1077.61 0
1078.25 0
1078.89 0
1079.54 0
1080.18 0
1080.82 0
1081.46 0
1082.1 0
1082.74 0
1083.38 0
1084.02 0
1084.66 0
1085.3 0
1085.94 0
1086.58 0
1087.22 0
1087.86 0
1088.5 0
1089.14 0
1089.78 0
1090.42 0
1091.06 0
1091.7 0
1092.34 0
1092.98 0
1093.62 0
1094.26 0
1094.9 0
1095.54 0
1096.18 0
1096.82 0
1097.46 0
1098.1 0
1098.74 0
1099.38 0
1100.02 0
1100.66 0
1101.3 0
1101.94 0
1102.58 0
1103.22 0
1103.86 0
1104.51 0
1105.15 0
1105.79 0
1106.43 0
1107.07 0
1107.71 0
1108.35 0
1108.99 0
1109.63 0
1110.27 0
1110.91 0
1111.55 0
1112.19 0
1112.83 0
1113.47 0
1114.11 0
1114.75 0
1115.39 9.86468
1116.03 10.2661
1116.67 13.0407
1117.31 25.4093
1117.95 64.3804
1118.59 150.48
1119.23 278.198
1119.87 389.34
1120.51 407.809
1121.15 319.36
1121.79 188.283
1122.43 85.8739
1123.07 33.4276
1123.71 14.6693
1124.35 9.82458
1124.99 8.86831
1125.63 0
1126.27 0
1126.91 0
1127.55 0
1128.19 0
1128.84 9.10196
1129.48 9.04983
1130.12 9.02828
1130.76 9.12376
1131.4 9.5251
1132.04 10.4301
1132.68 11.7176
1133.32 12.7266
1133.96 12.7106
1134.6 11.6376
1135.24 10.2267
1135.88 9.16768
1136.52 8.6177
1137.16 8.3898
1137.8 8.28927
1138.44 8.22311
1139.08 0
1139.72 0
1140.36 0
1141 0
1141.64 0
1142.28 0
1142.92 0
1143.56 0
1144.2 0
1144.84 0
1145.48 0
1146.12 0
1146.76 0
1147.4 0
1148.04 0
1148.68 0
1149.32 0
1149.96 0
1150.6 6.02881
1151.24 6.29826
1151.88 7.09384
1152.52 9.63876
1153.17 16.0885
1153.81 27.7317
1154.45 41.4348
1155.09 49.3906
1155.73 45.8774
1156.37 33.6695
1157.01 20.8219
1157.65 12.6297
1158.29 9.12124
1158.93 8.12568
1159.57 8.00933
1160.21 8.10664
1160.85 0
1161.49 0
1162.13 0
1162.77 0
1163.41 0
1164.05 0
1164.69 0
1165.33 0
1165.97 0
1166.61 0
1167.25 0
1167.89 0
1168.53 8.10498
1169.17 8.0215
1169.81 7.98553
1170.45 8.11381
1171.09 8.62737
1171.73 9.69471
1172.37 11.0613
1173.01 11.938
1173.65 11.6316
1174.29 10.3031
1174.93 8.78067
1175.57 7.70761
1176.21 7.15852
1176.86 6.91406
1177.5 6.78354
1178.14 6.68252
1178.78 0
1179.42 0
1180.06 0
1180.7 0
1181.34 0
1181.98 0
1182.62 0
1183.26 0
1183.9 0
1184.54 0
1185.18 0
1185.82 0
1186.46 0
1187.1 0
1187.74 0
1188.38 0
1189.02 0
1189.66 0
1190.3 0
1190.94 0
1191.58 0
1192.22 0
1192.86 0
1193.5 0
1194.14 0
1194.78 0
1195.42 0
1196.06 0
1196.7 0
1197.34 0
1197.98 0
1198.62 0
1199.26 0
1199.9 0
1200.55 0
1201.19 0
1201.83 0
1202.47 0
1203.11 7.25441
1203.75 7.26013
1204.39 7.42678
1205.03 8.10004
1205.67 9.8458
1206.31 12.9319
1206.95 16.4345
1207.59 18.3053
1208.23 17.1663
1208.87 13.8356
1209.51 10.3987
1210.15 8.18628
1210.79 7.1904
1211.43 6.85076
1212.07 6.74414
1212.71 0
1213.35 0
1213.99 0
1214.63 0
1215.27 0
1215.91 0
1216.55 0
1217.19 0
1217.83 0
1218.47 0
1219.11 0
1219.75 0
1220.39 0
1221.03 0
1221.67 0
1222.31 0
1222.95 0
1223.6 0
1224.24 0
1224.88 0
1225.52 0
1226.16 0
1226.8 0
1227.44 0
1228.08 0
1228.72 0
1229.36 0
1230 0
1230.64 0
1231.28 0
1231.92 0
1232.56 0
1233.2 8.27859
1233.84 8.37697
1234.48 9.45523
1235.12 14.1989
1235.76 28.4765
1236.4 58.7977
1237.04 102.645
1237.68 140.601
1238.32 147.769
1238.96 118.795
1239.6 73.8903
1240.24 37.1006
1240.88 17.0826
1241.52 9.33501
1242.16 7.09302
1242.8 6.53919
1243.44 0
1244.08 0
1244.72 0
1245.36 0
1246 0
1246.65 0
1247.29 0
1247.93 0
1248.57 0
1249.21 0
1249.85 0
1250.49 0
1251.13 0
1251.77 0
1252.41 0
1253.05 0
1253.69 0
1254.33 0
1254.97 0
1255.61 0
1256.25 0
1256.89 0
1257.53 0
1258.17 0
1258.81 0
1259.45 0
1260.09 0
1260.73 0
1261.37 0
1262.01 0
1262.65 0
1263.29 0
1263.93 0
1264.57 0
1265.21 0
1265.85 0
1266.49 0
1267.13 0
1267.77 0
1268.41 0
1269.05 0
1269.7 0
1270.34 0
1270.98 0
1271.62 0
1272.26 0
1272.9 0
1273.54 0
1274.18 0
1274.82 0
1275.46 0
1276.1 6.54935
1276.74 6.59455
1277.38 6.91397
1278.02 8.20543
1278.66 11.8952
1279.3 19.3919
1279.94 29.7758
1280.58 38.279
1281.22 39.3227
1281.86 32.1387
1282.5 21.6198
1283.14 13.1823
1283.78 8.6366
1284.42 6.88465
1285.06 6.38065
1285.7 6.26069
1286.34 0
1286.98 0
1287.62 0
1288.26 0
1288.9 0
1289.54 0
1290.18 0
1290.82 0
1291.46 0
1292.11 0
1292.75 0
1293.39 0
1294.03 0
1294.67 0
1295.31 0
1295.95 0
1296.59 0
1297.23 0
1297.87 0
1298.51 0
1299.15 0
1299.79 0
1300.43 0
1301.07 0
1301.71 0
1302.35 0
1302.99 0
1303.63 0
1304.27 0
1304.91 0
1305.55 0
1306.19 0
1306.83 0
1307.47 0
1308.11 0
1308.75 0
1309.39 0
1310.03 0
1310.67 0
1311.31 0
1311.95 0
1312.59 0
1313.23 0
1313.87 0
1314.52 0
1315.16 0
1315.8 0
1316.44 0
1317.08 0
1317.72 0
1318.36 0
1319 0
1319.64 0
1320.28 0
1320.92 0
1321.56 0
1322.2 0
1322.84 0
1323.48 0
1324.12 0
1324.76 0
1325.4 0
1326.04 0
1326.68 0
1327.32 0
1327.96 6.40829
1328.6 6.45667
1329.24 6.52683
1329.88 6.65882
1330.52 6.90951
1331.16 7.29266
1331.8 7.69727
1332.44 7.91549
1333.08 7.8246
1333.72 7.51827
1334.36 7.20494
1335 7.01624
1335.64 6.9531
1336.28 6.96011
1336.93 6.99335
1337.57 0
1338.21 0
1338.85 0
1339.49 0
1340.13 0
1340.77 0
1341.41 0
1342.05 0
1342.69 0
1343.33 0
1343.97 0
1344.61 0
1345.25 0
1345.89 0
1346.53 0
1347.17 0
1347.81 0
1348.45 0
1349.09 0
1349.73 0
1350.37 0
1351.01 0
1351.65 0
1352.29 0
1352.93 0
1353.57 0
1354.21 0
1354.85 0
1355.49 0
1356.13 0
1356.77 0
1357.41 0
1358.05 0
1358.7 0
1359.34 0
1359.98 0
1360.62 0
1361.26 0
1361.9 0
1362.54 0
1363.18 0
1363.82 0
1364.46 0
1365.1 0
1365.74 0
1366.38 0
1367.02 0
1367.66 0
1368.3 0
1368.94 0
1369.58 0
1370.22 0
1370.86 0
1371.5 0
1372.14 0
1372.78 7.33923
1373.42 7.46068
1374.06 8.36702
1374.7 11.898
1375.34 21.5962
1375.98 40.6895
1376.62 66.5897
1377.26 87.6484
1377.9 90.4905
1378.54 73.076
1379.18 46.8895
1379.82 25.2107
1380.47 13.046
1381.11 8.1491
1381.75 6.86321
1382.39 7.31865
1383.03 9.44899
1383.67 13.6903
1384.31 19.3032
1384.95 23.6412
1385.59 23.8798
1386.23 19.798
1386.87 14.0139
1387.51 9.34221
1388.15 6.7436
1388.79 5.6672
1389.43 5.29565
1390.07 5.15163
1390.71 0
1391.35 0
1391.99 0
1392.63 0
1393.27 0
1393.91 0
1394.55 0
1395.19 0
1395.83 0
1396.47 0
1397.11 6.22416
1397.75 6.43286
1398.39 7.35835
1399.03 10.1026
1399.67 15.9279
1400.31 24.5801
1400.95 32.7166
1401.59 35.4728
1402.23 30.9239
1402.88 22.1323
1403.52 14.0007
1404.16 9.3345
1404.8 8.67817
1405.44 12.647
1406.08 22.715
1406.72 38.4936
1407.36 54.2585
1408 60.869
1408.64 53.7827
1409.28 37.809
1409.92 22.0508
1410.56 11.9223
1411.2 7.28287
1411.84 5.70146
1412.48 5.27493
1413.12 0
1413.76 0
1414.4 0
1415.04 0
1415.68 0
1416.32 0
1416.96 0
1417.6 0
1418.24 0
1418.88 0
1419.52 0
1420.16 0
1420.8 0
1421.44 0
1422.08 0
1422.72 0
1423.36 0
1424 0
1424.65 0
1425.29 0
1425.93 0
1426.57 0
1427.21 0
1427.85 0
1428.49 0
1429.13 0
1429.77 0
1430.41 0
1431.05 0
1431.69 0
1432.33 0
1432.97 0
1433.61 0
1434.25 0
1434.89 0
1435.53 0
1436.17 0
1436.81 0
1437.45 0
1438.09 0
1438.73 0
1439.37 0
1440.01 0
1440.65 0
1441.29 0
1441.93 0
1442.57 0
1443.21 0
1443.85 0
1444.49 0
1445.13 0
1445.77 0
1446.42 0
1447.06 0
1447.7 0
1448.34 0
1448.98 0
1449.62 0
1450.26 0
1450.9 0
1451.54 0
1452.18 0
1452.82 0
1453.46 0
1454.1 0
1454.74 0
1455.38 0
1456.02 6.78189
1456.66 6.85231
1457.3 7.02055
1457.94 7.48616
1458.58 8.58669
1459.22 10.5524
1459.86 13.005
1460.5 14.8036
1461.14 14.8387
1461.78 13.1163
1462.42 10.7502
1463.06 8.87551
1463.7 7.86375
1464.34 7.48381
1464.98 7.39985
1465.62 7.41351
1466.26 0
1466.9 0
1467.55 0
1468.19 0
1468.83 0
1469.47 0
1470.11 0
1470.75 0
1471.39 0
1472.03 0
1472.67 0
1473.31 0
1473.95 0
1474.59 0
1475.23 0
1475.87 0
1476.51 0
1477.15 0
1477.79 0
1478.43 0
1479.07 0
1479.71 0
1480.35 0
1480.99 0
1481.63 0
1482.27 0
1482.91 0
1483.55 0
1484.19 0
1484.83 0
1485.47 0
1486.11 0
1486.75 0
1487.39 0
1488.03 0
1488.67 0
1489.32 0
1489.96 0
1490.6 0
1491.24 0
1491.88 0
1492.52 0
1493.16 0
1493.8 0
1494.44 0
1495.08 0
1495.72 0
1496.36 0
1497 0
1497.64 0
1498.28 0
1498.92 0
1499.56 0
1500.2 0
1500.84 0
1501.48 0
1502.12 0
1502.76 0
1503.4 0
1504.04 0
1504.68 6.11709
1505.32 6.56104
1505.96 7.96306
1506.6 11.8225
1507.24 19.9966
1507.88 32.5618
1508.52 45.3997
1509.16 51.5408
1509.8 47.0326
1510.44 34.94
1511.09 22.2041
1511.73 13.5483
1512.37 9.38602
1513.01 7.95235
1513.65 7.64014
1514.29 0
1514.93 0
1515.57 0
1516.21 0
1516.85 0
1517.49 0
1518.13 0
1518.77 0
1519.41 0
1520.05 0
1520.69 0
1521.33 0
1521.97 0
1522.61 0
1523.25 0
1523.89 0
1524.53 0
1525.17 0
1525.81 0
1526.45 0
1527.09 0
1527.73 0
1528.37 0
1529.01 0
1529.65 0
1530.29 0
1530.93 0
1531.57 0
1532.22 0
1532.86 0
1533.5 0
1534.14 4.50781
1534.78 4.68161
1535.42 5.1277
1536.06 6.2135
1536.7 8.30953
1537.34 11.2566
1537.98 13.9482
1538.62 14.8833
1539.26 13.5164
1539.9 10.8679
1540.54 8.62895
1541.18 7.90868
1541.82 8.77851
1542.46 10.4402
1543.1 11.6571
1543.74 11.518
1544.38 10.1062
1545.02 8.30127
1545.66 6.92238
1546.3 6.20473
1546.94 5.95826
1547.58 5.93137
1548.22 5.97744
1548.86 0
1549.5 0
1550.14 0
1550.78 0
1551.42 0
1552.06 0
1552.7 0
1553.34 0
1553.99 0
1554.63 0
1555.27 0
1555.91 0
1556.55 0
1557.19 0
1557.83 0
1558.47 0
1559.11 0
1559.75 0
1560.39 0
1561.03 0
1561.67 0
1562.31 0
1562.95 0
1563.59 0
1564.23 0
1564.87 0
1565.51 0
1566.15 0
1566.79 0
1567.43 0
1568.07 0
1568.71 0
1569.35 0
1569.99 0
1570.63 0
1571.27 0
1571.91 0
1572.55 0
1573.19 0
1573.83 0
1574.47 0
1575.11 0
1575.76 0
1576.4 0
1577.04 0
1577.68 0
1578.32 4.81447
1578.96 4.84236
1579.6 5.0196
1580.24 5.63961
1580.88 7.197
1581.52 10.0535
1582.16 13.733
1582.8 16.6282
1583.44 17.0085
1584.08 14.6149
1584.72 10.9211
1585.36 7.71656
1586 5.79243
1586.64 4.9386
1587.28 4.645
1587.92 4.55794
1588.56 0
1589.2 0
1589.84 4.549
1590.48 4.54313
1591.12 4.60466
1591.76 4.86674
1592.4 5.55608
1593.04 6.84432
1593.68 8.52605
1594.32 9.87398
1594.96 10.0918
1595.6 9.0753
1596.24 7.60839
1596.89 6.75839
1597.53 7.13972
1598.17 8.55878
1598.81 10.0812
1599.45 10.5936
1600.09 9.65397
1600.73 7.8159
1601.37 6.02893
1602.01 4.8521
1602.65 4.27937
1603.29 4.05842
1603.93 3.97929
1604.57 0
1605.21 0
1605.85 0
1606.49 0
1607.13 0
1607.77 0
1608.41 0
1609.05 0
1609.69 0
1610.33 0
1610.97 0
1611.61 0
1612.25 0
1612.89 0
1613.53 0
1614.17 0
1614.81 0
1615.45 0
1616.09 0
1616.73 0
1617.37 0
1618.01 0
1618.66 0
1619.3 0
1619.94 0
1620.58 0
1621.22 0
1621.86 0
1622.5 0
1623.14 0
1623.78 0
1624.42 0
1625.06 0
1625.7 0
1626.34 0
1626.98 0
1627.62 0
1628.26 0
1628.9 0
1629.54 0
1630.18 0
1630.82 0
1631.46 0
1632.1 0
1632.74 0
1633.38 0
1634.02 0
1634.66 0
1635.3 0
1635.94 0
1636.58 0
1637.22 0
1637.86 0
1638.5 0
1639.14 0
1639.78 0
1640.43 0
1641.07 0
1641.71 0
1642.35 0
1642.99 0
1643.63 0
1644.27 0
1644.91 0
1645.55 0
1646.19 0
1646.83 0
1647.47 0
1648.11 0
1648.75 0
1649.39 0
1650.03 0
1650.67 0
1651.31 0
1651.95 0
1652.59 0
1653.23 0
1653.87 0
1654.51 0
1655.15 0
1655.79 0
1656.43 3.42853
1657.07 3.45465
1657.71 3.73191
1658.35 4.70785
1658.99 7.07376
1659.63 11.2345
1660.27 16.3603
1660.91 20.1519
1661.55 20.3468
1662.2 16.7863
1662.84 11.5706
1663.48 7.10363
1664.12 4.40987
1664.76 3.18616
1665.4 2.73754
1666.04 2.57953
1666.68 0
1667.32 0
1667.96 0
1668.6 0
1669.24 0
1669.88 0
1670.52 0
1671.16 0
1671.8 0
1672.44 0
1673.08 0
1673.72 0
1674.36 0
1675 0
1675.64 0
1676.28 0
1676.92 0
1677.56 0
1678.2 0
1678.84 0
1679.48 2.13369
1680.12 2.16848
1680.76 2.30993
1681.4 2.70226
1682.04 3.50281
1682.68 4.68644
1683.32 5.85901
1683.97 6.40292
1684.61 5.97653
1685.25 4.8425
1685.89 3.61222
1686.53 2.73134
1687.17 2.27144
1687.81 2.08753
1688.45 2.02719
1689.09 0
1689.73 0
1690.37 0
1691.01 0
1691.65 0
1692.29 0
1692.93 0
1693.57 0
1694.21 0
1694.85 0
1695.49 0
1696.13 0
1696.77 0
1697.41 0
1698.05 0
1698.69 0
1699.33 0
1699.97 0
1700.61 0
1701.25 0
1701.89 0
1702.53 0
1703.17 0
1703.81 0
1704.45 0
1705.09 0
1705.74 0
1706.38 0
1707.02 0
1707.66 0
1708.3 0
1708.94 0
1709.58 0
1710.22 0
1710.86 0
1711.5 0
1712.14 0
1712.78 0
1713.42 0
1714.06 0
1714.7 0
1715.34 0
1715.98 0
1716.62 0
1717.26 0
1717.9 0
1718.54 0
1719.18 0
1719.82 0
1720.46 0
1721.1 0
1721.74 0
1722.38 0
1723.02 0
1723.66 0
1724.3 0
1724.94 2.89953
1725.58 3.1935
1726.22 4.55979
1726.86 8.55371
1727.5 17.0823
1728.15 30.3898
1728.79 44.669
1729.43 52.8781
1730.07 50.0229
1730.71 37.814
1731.35 23.0077
1731.99 11.5351
1732.63 5.10137
1733.27 2.34403
1733.91 1.37995
1734.55 1.05097
1735.19 0
1735.83 0
1736.47 0
1737.11 0
1737.75 0
1738.39 0
1739.03 0
1739.67 0
1740.31 0
1740.95 0
1741.59 0
1742.23 0
1742.87 0
1743.51 0
1744.15 0
1744.79 0
1745.43 0
1746.07 0
1746.71 0
1747.35 0
1747.99 0
1748.63 0
1749.27 0
1749.92 0
1750.56 0
1751.2 0
1751.84 0
1752.48 0
1753.12 0
1753.76 0
1754.4 0
1755.04 0
1755.68 0
1756.32 0
1756.96 0
1757.6 0
1758.24 0
1758.88 0
1759.52 5.1442
1760.16 6.10989
1760.8 10.4137
1761.44 24.1
1762.08 56.9698
1762.72 116.156
1763.36 193
1764 256.951
1764.64 272.729
1765.28 230.563
1765.92 155.502
1766.56 84.1922
1767.2 37.3334
1767.84 14.482
1768.48 5.92564
1769.12 3.37081
1769.76 0
1770.4 0
1771.04 0
1771.68 0
1772.33 0
1772.97 0
1773.61 0
1774.25 0
1774.89 0
1775.53 0
1776.17 0
1776.81 0
1777.45 0
1778.09 0
1778.73 0
1779.37 0
1780.01 0
1780.65 0
1781.29 0
1781.93 0
1782.57 0
1783.21 0
1783.85 0
1784.49 0
1785.13 0
1785.77 0
1786.41 0
1787.05 0
1787.69 0
1788.33 0
1788.97 0
1789.61 0
1790.25 0
1790.89 0
1791.53 0
1792.17 0
1792.81 0
1793.45 0
1794.09 0
1794.74 0
1795.38 0
1796.02 0
1796.66 0
1797.3 0
1797.94 0
1798.58 0
1799.22 0
1799.86 0
1800.5 0
1801.14 0
1801.78 0
1802.42 0
1803.06 0
1803.7 0
1804.34 0
1804.98 0
1805.62 0
1806.26 0
1806.9 0
1807.54 0
1808.18 0
1808.82 0
1809.46 0
1810.1 0
1810.74 0
1811.38 0
1812.02 0
1812.66 0
1813.3 0
1813.94 0
1814.58 0
1815.22 0
1815.86 0
1816.5 0
1817.14 0
1817.79 0
1818.43 0
1819.07 0
1819.71 0
1820.35 0
1820.99 0
1821.63 0
1822.27 0
1822.91 0
1823.55 0
1824.19 0
1824.83 0
1825.47 0
1826.11 0
1826.75 0
1827.39 0
1828.03 0
1828.67 0
1829.31 0
1829.95 0
1830.59 0
1831.23 0
1831.87 0
1832.51 0
1833.15 0
1833.79 1.99712
1834.43 2.04672
1835.07 2.2197
1835.71 2.66891
1836.35 3.5514
1836.99 4.83163
1837.63 6.10375
1838.27 6.73534
1838.91 6.35283
1839.55 5.18353
1840.2 3.84328
1840.84 2.82995
1841.48 2.26988
1842.12 2.04364
1842.76 2.03007
1843.4 2.29764
1844.04 3.28596
1844.68 5.93375
1845.32 11.345
1845.96 19.5916
1846.6 28.3811
1847.24 33.5686
1847.88 32.1594
1848.52 25.002
1849.16 15.9915
1849.8 8.76314
1850.44 4.56142
1851.08 2.71043
1851.72 2.07817
1852.36 1.90707
1853 0
1853.64 0
1854.28 0
1854.92 0
1855.56 0
1856.2 0
1856.84 0
1857.48 0
1858.12 0
1858.76 0
1859.4 0
1860.04 0
1860.68 0
1861.32 0
1861.96 0
1862.6 0
1863.24 0
1863.89 0
1864.53 0
1865.17 0
1865.81 0
1866.45 0
1867.09 0
1867.73 0
1868.37 1.09826
1869.01 1.16067
1869.65 1.30947
1870.29 1.67067
1870.93 2.40822
1871.57 3.5741
1872.21 4.90397
1872.85 5.82539
1873.49 5.8388
1874.13 4.95369
1874.77 3.67935
1875.41 2.5819
1876.05 1.91395
1876.69 1.61748
1877.33 1.52884
1877.97 1.52427
1878.61 0
1879.25 0
1879.89 0
1880.53 0
1881.17 0
1881.81 0
1882.45 0
1883.09 0
1883.73 0
1884.37 0
1885.01 0
1885.65 0
1886.29 0
1886.94 0
1887.58 0
1888.22 0
1888.86 0
1889.5 0
1890.14 0
1890.78 0
1891.42 0
1892.06 0
1892.7 0
1893.34 0
1893.98 0
1894.62 0
1895.26 0
1895.9 0
1896.54 0
1897.18 0
1897.82 0
1898.46 0
1899.1 0
1899.74 0
1900.38 0
1901.02 0
1901.66 0
1902.3 0
1902.94 0
1903.58 0
1904.22 0
1904.86 0
1905.5 0
1906.14 0
1906.78 0
1907.42 0
1908.06 0
1908.7 0
1909.34 0
1909.98 0
1910.63 0
1911.27 0
1911.91 0
1912.55 0
1913.19 0
1913.83 0
1914.47 0
1915.11 0
1915.75 0
1916.39 0
1917.03 0
1917.67 0
1918.31 0
1918.95 0
1919.59 0
1920.23 0
1920.87 0
1921.51 0
1922.15 0
1922.79 0
1923.43 0
1924.07 0
1924.71 0
1925.35 0
1925.99 0
1926.63 0
1927.27 0
1927.91 0
1928.55 0
1929.19 0
1929.83 0
1930.47 0
1931.11 0
1931.75 0
1932.39 0
1933.03 0
1933.67 0
1934.31 0
1934.96 0
1935.6 0
1936.24 0
1936.88 0
1937.52 0
1938.16 0
1938.8 0
1939.44 0
1940.08 0
1940.72 0
1941.36 0
1942 0
1942.64 0
1943.28 0
1943.92 0
1944.56 0
1945.2 0
1945.84 0
1946.48 0
1947.12 0
1947.76 0
1948.4 0
1949.04 0
1949.68 0
1950.32 0
1950.96 0
1951.6 0
1952.24 0
1952.88 0
1953.52 0
1954.16 0
1954.8 0
1955.44 0
1956.08 0
1956.72 0
1957.36 0
1958 0
1958.64 0
1959.29 0
1959.93 0
1960.57 0
1961.21 0
1961.85 0
1962.49 0
1963.13 0
1963.77 0
1964.41 0
1965.05 0
1965.69 0
1966.33 0
1966.97 0
1967.61 0
1968.25 0
1968.89 0
1969.53 0
1970.17 0
1970.81 0
1971.45 0
1972.09 0
1972.73 0
1973.37 0
1974.01 0
1974.65 0
1975.29 0
1975.93 0
1976.57 0
1977.21 0
1977.85 0
1978.49 0
1979.13 0
1979.77 0
1980.41 0
1981.05 0
1981.69 0
1982.33 0
1982.97 0
1983.62 0
1984.26 0
1984.9 0
1985.54 0
1986.18 0
1986.82 0
1987.46 0
1988.1 0
1988.74 0
1989.38 0
1990.02 0
1990.66 0
1991.3 0
1991.94 0
1992.58 0
1993.22 0
1993.86 0
1994.5 0
1995.14 0
1995.78 0
1996.42 0
1997.06 0
1997.7 0
1998.34 0
1998.98 0
1999.62 0
2000.26 0
2000.9 0
2001.54 0
2002.18 0
2002.82 0
2003.46 0
2004.1 0
2004.74 0
2005.38 0
2006.02 0
2006.66 0
2007.3 0
2007.94 0
2008.58 0
2009.23 0
2009.87 0
2010.51 0
2011.15 0
2011.79 0
2012.43 0
2013.07 0
2013.71 0
2014.35 0
2014.99 0
2015.63 0
2016.27 0
2016.91 0
2017.55 0
2018.19 0
2018.83 0
2019.47 0
2020.11 0
2020.75 0
2021.39 0
2022.03 0
2022.67 0
2023.31 0
2023.95 0
2024.59 0
2025.23 0
2025.87 0
2026.51 0
2027.15 0
2027.79 0
2028.43 0
2029.07 0
2029.71 0
2030.35 0
2030.99 0
2031.63 0
2032.27 0
2032.91 0
2033.55 0
2034.19 0
2034.84 0
2035.48 0
2036.12 0
2036.76 0
2037.4 0
2038.04 0
2038.68 0
2039.32 0
2039.96 0
2040.6 0
2041.24 0
2041.88 0
2042.52 0
2043.16 0
2043.8 0
2044.44 0
2045.08 0
2045.72 0
2046.36 0
2047 0
2047.64 0
2048.28 0
2048.92 0
2049.56 0
2050.2 0
2050.84 0
2051.48 0
2052.12 0
2052.76 0
2053.4 0
2054.04 0
2054.68 0
2055.32 0
2055.96 0
2056.6 0
2057.24 0
2057.88 0
2058.52 0
2059.16 0
2059.8 0
2060.44 0
2061.09 0
2061.73 0
2062.37 0
2063.01 0
2063.65 0
2064.29 0
2064.93 0
2065.57 0
2066.21 0
2066.85 0
2067.49 0
2068.13 0
2068.77 0
2069.41 0
2070.05 0
2070.69 0
2071.33 0
2071.97 0
2072.61 0
2073.25 0
2073.89 0
2074.53 0
2075.17 0
2075.81 0
2076.45 0
2077.09 0
2077.73 0
2078.37 0
2079.01 0
2079.65 0
2080.29 0
2080.93 0
2081.57 0
2082.21 0
2082.85 0
2083.49 0
2084.13 0
2084.77 0
2085.41 0
2086.05 0
2086.69 0
2087.33 0
2087.98 0
2088.62 0
2089.26 0
2089.9 0
2090.54 0
2091.18 0
2091.82 0
2092.46 0
2093.1 0
2093.74 0
2094.38 0
2095.02 0
2095.66 0
2096.3 0
2096.94 0
2097.58 0
2098.22 0
2098.86 0
2099.5 0
2100.14 0
2100.78 0
2101.42 0
2102.06 0
2102.7 0
2103.34 0
2103.98 0
2104.62 0
2105.26 0
2105.9 0
2106.54 0
2107.18 0
2107.82 0
2108.46 0
2109.1 0
2109.74 0
2110.38 0
2111.02 0
2111.66 0
2112.3 0
2112.94 0
2113.58 1.91832
2114.22 1.93525
2114.86 2.22854
2115.51 3.17478
2116.15 5.26045
2116.79 8.67677
2117.43 12.7457
2118.07 15.8486
2118.71 16.3604
2119.35 13.9421
2119.99 9.83382
2120.63 5.81522
2121.27 2.98252
2121.91 1.43205
2122.55 0.729442
2123.19 0.430241
2123.83 0
2124.47 0
2125.11 0
2125.75 0
2126.39 0
2127.03 0
2127.67 0
2128.31 0
2128.95 0
2129.59 0
2130.23 0
2130.87 0
2131.51 0
2132.15 0
2132.79 0
2133.43 0
2134.07 0
2134.71 0
2135.35 0
2135.99 0
2136.63 0
2137.27 0
2137.91 0
2138.55 0
2139.19 0
2139.83 0
2140.47 0
2141.11 0
2141.75 0
2142.39 0
2143.03 0
2143.67 0
2144.32 0
2144.96 0
2145.6 0
2146.24 0
2146.88 0
2147.52 0
2148.16 0
2148.8 0
2149.44 0
2150.08 0
2150.72 0
2151.36 0
2152 0
2152.64 0
2153.28 0
2153.92 0
2154.56 0
2155.2 0
2155.84 0
2156.48 0
2157.12 0
2157.76 0
2158.4 0
2159.04 0
2159.68 0
2160.32 0
2160.96 0
2161.6 0
2162.24 0
2162.88 0
2163.52 0
2164.16 0
2164.8 0
2165.44 0
2166.08 0
2166.72 0
2167.36 0
2168 0
2168.64 0
2169.28 0
2169.92 0
2170.56 0
2171.2 0
2171.84 0
2172.48 0
2173.12 0
2173.77 0
2174.41 0
2175.05 0
2175.69 0
2176.33 0
2176.97 0
2177.61 0
2178.25 0
2178.89 0
2179.53 0
2180.17 0
2180.81 0
2181.45 0
2182.09 0
2182.73 0
2183.37 0
2184.01 0
2184.65 0
2185.29 0
2185.93 0
2186.57 0
2187.21 0
2187.85 0
2188.49 0
2189.13 0
2189.77 0
2190.41 0
2191.05 0
2191.69 0
2192.33 0
2192.97 0
2193.61 0
2194.25 0
2194.89 0
2195.53 0
2196.17 0
2196.81 0
2197.45 0
2198.09 0
2198.73 0
2199.37 2.26648
2200.01 3.138
2200.65 5.90492
2201.29 12.5636
2201.93 24.9904
2202.57 42.6506
2203.21 60.6266
2203.86 71.0679
2204.5 68.4812
2205.14 54.2259
2205.78 35.3532
2206.42 19.0968
2207.06 8.70114
2207.7 3.51997
2208.34 1.4384
2208.98 0.72297
2209.62 0
2210.26 0
2210.9 0
2211.54 0
2212.18 0
2212.82 0
2213.46 0
2214.1 0
2214.74 0
2215.38 0
2216.02 0
2216.66 0
2217.3 0
2217.94 0
2218.58 0
2219.22 0
2219.86 0
2220.5 0
2221.14 0
2221.78 0
2222.42 0
2223.06 0
2223.7 0
2224.34 0
2224.98 0
2225.62 0
2226.26 0
2226.9 0
2227.54 0
2228.18 0
2228.82 0
2229.46 0
2230.1 0
2230.74 0
2231.38 0
2232.02 0
2232.66 0
2233.3 0
2233.94 0
2234.58 0
2235.22 0
2235.87 0
2236.51 0
2237.15 0
2237.79 0
2238.43 0
2239.07 0
2239.71 0
2240.35 0
2240.99 0
2241.63 0
2242.27 0
2242.91 0
2243.55 0
2244.19 0
2244.83 0
2245.47 0
2246.11 0
2246.75 0
2247.39 0
2248.03 0
2248.67 0
2249.31 0
2249.95 0
2250.59 0
2251.23 0
2251.87 0
2252.51 0
2253.15 0
2253.79 0
2254.43 0
2255.07 0
2255.71 0
2256.35 0
2256.99 0
2257.63 0
2258.27 0
2258.91 0
2259.55 0
2260.19 0
2260.83 0
2261.47 0
2262.11 0
2262.75 0
2263.39 0
2264.03 0
2264.67 0
2265.31 0
2265.95 0
2266.59 0
2267.23 0
2267.87 0
2268.51 0
2269.16 0
2269.8 0
2270.44 0
2271.08 0
2271.72 0
2272.36 0
2273 0
2273.64 0
2274.28 0
2274.92 0
2275.56 0
2276.2 0
2276.84 0
2277.48 0
2278.12 0
2278.76 0
2279.4 0
2280.04 0
2280.68 0
2281.32 0
2281.96 0
2282.6 0
2283.24 0
2283.88 0
2284.52 0
2285.16 0
2285.8 0
2286.44 0
2287.08 0
2287.72 0
2288.36 0
2289 0.395476
2289.64 0.468803
2290.28 0.65817
2290.92 1.04753
2291.56 1.6731
2292.2 2.42832
2292.84 3.0435
2293.48 3.22685
2294.12 2.88198
2294.76 2.18739
2295.4 1.45144
2296.04 0.898454
2296.68 0.580878
2297.32 0.437167
2297.96 0.385125
2298.6 0
2299.24 0
2299.88 0
2300.52 0
2301.16 0
2301.8 0
2302.44 0
2303.08 0
2303.72 0
2304.37 0
2305.01 0
2305.65 0
2306.29 0
2306.93 0
2307.57 0
2308.21 0
2308.85 0
2309.49 0
2310.13 0
2310.77 0
2311.41 0
2312.05 0
2312.69 0
2313.33 0
2313.97 0
2314.61 0
2315.25 0
2315.89 0
2316.53 0
2317.17 0
2317.81 0
2318.45 0
2319.09 0
2319.73 0
2320.37 0
2321.01 0
2321.65 0
2322.29 0
2322.93 0
2323.57 0
2324.21 0
2324.85 0
2325.49 0
2326.13 0
2326.77 0
2327.41 0
2328.05 0
2328.69 0
2329.33 0
2329.97 0
2330.61 0
2331.25 0
2331.89 0
2332.53 0
2333.17 0
2333.81 0
2334.45 0
2335.09 0
2335.73 0
2336.37 0
2337.01 0
2337.65 0
2338.29 0
2338.93 0
2339.57 0
2340.21 0
2340.85 0
2341.49 0
2342.14 0
2342.78 0
2343.42 0
2344.06 0
2344.7 0
2345.34 0
2345.98 0
2346.62 0
2347.26 0
2347.9 0
2348.54 0
2349.18 0
2349.82 0
2350.46 0
2351.1 0
2351.74 0
2352.38 0
2353.02 0
2353.66 0
2354.3 0
2354.94 0
2355.58 0
2356.22 0
2356.86 0
2357.5 0
2358.14 0
2358.78 0
2359.42 0
2360.06 0
2360.7 0
2361.34 0
2361.98 0
2362.62 0
2363.26 0
2363.9 0
2364.54 0
2365.18 0
2365.82 0
2366.46 0
2367.1 0
2367.74 0
2368.38 0
2369.02 0
2369.66 0
2370.3 0
2370.94 0
2371.58 0
2372.22 0
2372.86 0
2373.5 0
2374.14 0
2374.78 0
2375.42 0
2376.06 0
2376.7 0
2377.34 0
2377.98 0
2378.62 0
2379.26 0
2379.9 0
2380.54 0
2381.18 0
2381.82 0
2382.46 0
2383.11 0
2383.75 0
2384.39 0
2385.03 0
2385.67 0
2386.31 0
2386.95 0
2387.59 0
2388.23 0
2388.87 0
2389.51 0
2390.15 0
2390.79 0
2391.43 0
2392.07 0
2392.71 0
2393.35 0
2393.99 0
2394.63 0
2395.27 0
2395.91 0
2396.55 0
2397.19 0
2397.83 0
2398.47 0
2399.11 0
2399.75 0
2400.39 0
2401.03 0
2401.67 0
2402.31 0
2402.95 0
2403.59 0
2404.23 0
2404.87 0
2405.51 0
2406.15 0
2406.79 0
2407.43 0
2408.07 0
2408.71 0
2409.35 0
2409.99 0
2410.63 0
2411.27 0
2411.91 0
2412.55 0
2413.19 0
2413.83 0
2414.47 0
2415.11 0
2415.75 0
2416.39 0
2417.03 0
2417.67 0
2418.31 0
2418.95 0
2419.59 0
2420.23 0
2420.87 0
2421.51 0
2422.15 0
2422.79 0
2423.43 0
2424.07 0
2424.71 0
2425.35 0
2425.99 0
2426.63 0
2427.27 0
2427.92 0
2428.56 0
2429.2 0
2429.84 0
2430.48 0
2431.12 0
2431.76 0
2432.4 0
2433.04 0
2433.68 0
2434.32 0
2434.96 0
2435.6 0
2436.24 0
2436.88 0
2437.52 0
2438.16 0
2438.8 0
2439.44 0
2440.08 0
2440.72 0
2441.36 0
2442 0
2442.64 0
2443.28 0.627172
2443.92 1.15848
2444.56 2.48446
2445.2 5.14357
2445.84 9.35251
2446.48 14.4194
2447.12 18.6202
2447.76 20.0554
2448.4 18.002
2449.04 13.4867
2449.68 8.47815
2450.32 4.53983
2450.96 2.16065
2451.6 1.02036
2452.24 0.579718
2452.88 0
2453.52 0
2454.16 0
2454.8 0
2455.44 0
2456.08 0
2456.72 0
2457.36 0
2458 0
2458.64 0
2459.28 0
2459.92 0
2460.56 0
2461.2 0
2461.84 0
2462.48 0
2463.12 0
2463.76 0
2464.4 0
2465.04 0
2465.68 0
2466.32 0
2466.96 0
2467.6 0
2468.24 0
2468.88 0
2469.52 0
2470.16 0
2470.8 0
2471.44 0
2472.08 0
2472.72 0
2473.36 0
2474 0
2474.64 0
2475.28 0
2475.92 0
2476.56 0
2477.2 0
2477.84 0
2478.48 0
2479.12 0
2479.77 0
2480.41 0
2481.05 0
2481.69 0
2482.33 0
2482.97 0
2483.61 0
2484.25 0
2484.89 0
2485.53 0
2486.17 0
2486.81 0
2487.45 0
2488.09 0
2488.73 0
2489.37 0
2490.01 0
2490.65 0
2491.29 0
2491.93 0
2492.57 0
2493.21 0
2493.85 0
2494.49 0
2495.13 0
2495.77 0
2496.41 0
2497.05 0
2497.69 0
2498.33 0
2498.97 0
2499.61 0
2500.25 0
2500.89 0
2501.53 0
2502.17 0
2502.81 0
2503.45 0
2504.09 0
2504.73 0
2505.37 0
2506.01 0
2506.65 0
2507.29 0
2507.93 0
2508.57 0
2509.21 0
2509.85 0
2510.49 0
2511.13 0
2511.77 0
2512.41 0
2513.05 0
2513.69 0
2514.33 0
2514.97 0
2515.61 0
2516.25 0
2516.89 0
2517.53 0
2518.17 0
2518.81 0
2519.45 0
2520.09 0
2520.73 0
2521.37 0
2522.01 0
2522.65 0
2523.29 0
2523.93 0
2524.57 0
2525.21 0
2525.85 0
2526.49 0
2527.13 0
2527.77 0
2528.41 0
2529.05 0
2529.69 0
2530.33 0
2530.97 0
2531.61 0
2532.25 0
2532.89 0
2533.53 0
2534.17 0
2534.81 0
2535.45 0
2536.09 0
2536.73 0
2537.37 0
2538.01 0
2538.65 0
2539.29 0
2539.93 0
2540.57 0
2541.21 0
2541.85 0
2542.5 0
2543.14 0
2543.78 0
2544.42 0
2545.06 0
2545.7 0
2546.34 0
2546.98 0
2547.62 0
2548.26 0
2548.9 0
2549.54 0
2550.18 0
2550.82 0
2551.46 0
2552.1 0
2552.74 0
2553.38 0
2554.02 0
2554.66 0
2555.3 0
2555.94 0
2556.58 0
2557.22 0
2557.86 0
2558.5 0
2559.14 0
2559.78 0
2560.42 0
2561.06 0
2561.7 0
2562.34 0
2562.98 0
2563.62 0
2564.26 0
2564.9 0
2565.54 0
2566.18 0
2566.82 0
2567.46 0
2568.1 0
2568.74 0
2569.38 0
2570.02 0
2570.66 0
2571.3 0
2571.94 0
2572.58 0
2573.22 0
2573.86 0
2574.5 0
2575.14 0
2575.78 0
2576.42 0
2577.06 0
2577.7 0
2578.34 0
2578.98 0
2579.62 0
2580.26 0
2580.9 0
2581.54 0
2582.18 0
2582.82 0
2583.46 0
2584.1 0
2584.74 0
2585.38 0
2586.02 0
2586.66 0
2587.3 0
2587.94 0
2588.58 0
2589.22 0
2589.86 0
2590.5 0
2591.14 0
2591.78 0
2592.42 0
2593.06 0
2593.7 0
2594.34 0
2594.98 0
2595.62 0
2596.26 0
2596.9 0
2597.54 0
2598.18 0
2598.82 0
2599.46 0
2600.1 0
2600.74 0
2601.38 0
2602.02 0
2602.66 0
2603.3 0
2603.94 0
2604.58 0
2605.22 0
2605.86 0
2606.5 0
2607.14 0
2607.78 0
2608.42 0
2609.06 0
2609.7 0.20658
2610.34 0.229037
2610.98 0.289357
2611.62 0.421503
2612.26 0.654707
2612.9 0.978554
2613.54 1.31432
2614.18 1.53427
2614.82 1.53699
2615.46 1.32125
2616.1 0.986883
2616.74 0.661848
2617.38 0.426264
2618.02 0.291908
2618.66 0.230153
2619.3 0.206981
2619.94 0
2620.58 0
2621.22 0
2621.86 0
2622.5 0
2623.14 0
2623.78 0
2624.42 0
2625.06 0
2625.7 0
2626.34 0
2626.98 0
2627.62 0
2628.26 0
2628.9 0
2629.54 0
2630.18 0
2630.82 0
2631.46 0
2632.1 0
2632.74 0
2633.38 0
2634.03 0
2634.67 0
2635.31 0
2635.95 0
2636.59 0
2637.23 0
2637.87 0
2638.51 0
2639.15 0
2639.79 0
2640.43 0
2641.07 0
2641.71 0
2642.35 0
2642.99 0
2643.63 0
2644.27 0
2644.91 0
2645.55 0
2646.19 0
2646.83 0
2647.47 0
2648.11 0
2648.75 0
2649.39 0
2650.03 0
2650.67 0
2651.31 0
2651.95 0
2652.59 0
2653.23 0
2653.87 0
2654.51 0
2655.15 0
2655.79 0
2656.43 0
2657.07 0
2657.71 0
2658.35 0
2658.99 0
2659.63 0
2660.27 0
2660.91 0
2661.55 0
2662.19 0
2662.83 0
2663.47 0
2664.11 0
2664.75 0
2665.39 0
2666.03 0
2666.67 0
2667.31 0
2667.95 0
2668.59 0
2669.23 0
2669.87 0
2670.51 0
2671.15 0
2671.79 0
2672.43 0
2673.07 0
2673.71 0
2674.35 0
2674.99 0
2675.63 0
2676.27 0
2676.91 0
2677.55 0
2678.19 0
2678.83 0
2679.47 0
2680.11 0
2680.75 0
2681.39 0
2682.03 0
2682.67 0
2683.31 0
2683.95 0
2684.59 0
2685.23 0
2685.87 0
2686.51 0
2687.15 0
2687.79 0
2688.43 0
2689.07 0
2689.71 0
2690.35 0
2690.99 0
2691.63 0
2692.27 0
2692.91 0
2693.55 0
2694.19 0
2694.83 0
2695.47 0
2696.11 0
2696.75 0
2697.39 0
2698.03 0
2698.67 0
2699.31 0
2699.95 0
2700.59 0
2701.23 0
2701.87 0
2702.51 0
2703.15 0
2703.79 0
2704.43 0
2705.07 0
2705.71 0
2706.35 0
2706.99 0
2707.63 0
2708.27 0
2708.91 0
2709.55 0
2710.19 0
2710.83 0
2711.47 0
2712.11 0
2712.75 0
2713.39 0
2714.03 0
2714.67 0
2715.31 0
2715.95 0
2716.59 0
2717.23 0
2717.87 0
2718.51 0
2719.15 0
2719.79 0
2720.43 0
2721.07 0
2721.71 0
2722.35 0
2722.99 0
2723.63 0
2724.27 0
2724.91 0
2725.55 0
2726.19 0
2726.83 0
2727.47 0
2728.11 0
2728.75 0
2729.39 0
2730.03 0
2730.67 0
2731.31 0
2731.95 0
2732.59 0
2733.23 0
2733.87 0
2734.51 0
2735.15 0
2735.79 0
2736.43 0
2737.07 0
2737.71 0
2738.35 0
2738.99 0
2739.63 0
2740.27 0
2740.91 0
2741.55 0
2742.19 0
2742.83 0
2743.47 0
2744.11 0
2744.75 0
2745.39 0
2746.03 0
2746.67 0
2747.31 0
2747.95 0
2748.59 0
2749.23 0
2749.87 0
2750.51 0
2751.15 0
2751.79 0
2752.43 0
2753.07 0
2753.71 0
2754.35 0
2754.99 0
2755.63 0
2756.27 0
2756.91 0
2757.55 0
2758.19 0
2758.83 0
2759.47 0
2760.11 0
2760.75 0
2761.39 0
2762.03 0
2762.67 0
2763.31 0
2763.95 0
2764.59 0
2765.23 0
2765.87 0
2766.51 0
2767.15 0
2767.79 0
2768.43 0
2769.07 0
2769.71 0
2770.35 0
2770.99 0
2771.63 0
2772.27 0
2772.91 0
2773.55 0
2774.19 0
2774.83 0
2775.47 0
2776.11 0
2776.75 0
2777.39 0
2778.03 0
2778.67 0
2779.31 0
2779.95 0
2780.59 0
2781.23 0
2781.87 0
2782.51 0
2783.15 0
2783.79 0
2784.43 0
2785.07 0
2785.71 0
2786.35 0
2786.99 0
2787.63 0
2788.27 0
2788.91 0
2789.55 0
2790.19 0
2790.83 0
2791.47 0
2792.11 0
2792.75 0
2793.39 0
2794.03 0
2794.67 0
2795.31 0
2795.95 0
2796.59 0
2797.23 0
2797.87 0
2798.51 0
2799.15 0
2799.79 0
2800.43 0
2801.07 0
2801.71 0
2802.35 0
2802.99 0
2803.63 0
2804.27 0
2804.91 0
2805.55 0
2806.19 0
2806.83 0
2807.47 0
2808.11 0
2808.75 0
2809.39 0
2810.03 0
2810.67 0
2811.31 0
2811.95 0
2812.59 0
2813.23 0
2813.87 0
2814.51 0
2815.15 0
2815.79 0
2816.43 0
2817.07 0
2817.71 0
2818.35 0
2818.99 0
2819.63 0
2820.27 0
2820.91 0
2821.55 0
2822.19 0
2822.83 0
2823.47 0
2824.11 0
2824.75 0
2825.39 0
2826.03 0
2826.67 0
2827.31 0
2827.95 0
2828.59 0
2829.23 0
2829.87 0
2830.51 0
2831.15 0
2831.79 0
2832.43 0
2833.07 0
2833.71 0
2834.35 0
2834.99 0
2835.63 0
2836.27 0
2836.91 0
2837.55 0
2838.19 0
2838.83 0
2839.47 0
2840.11 0
2840.74 0
2841.38 0
2842.02 0
2842.66 0
2843.3 0
2843.94 0
2844.58 0
2845.22 0
2845.86 0
2846.5 0
2847.14 0
2847.78 0
2848.42 0
2849.06 0
2849.7 0
2850.34 0
2850.98 0
2851.62 0
2852.26 0
2852.9 0
2853.54 0
2854.18 0
2854.82 0
2855.46 0
2856.1 0
2856.74 0
2857.38 0
2858.02 0
2858.66 0
2859.3 0
2859.94 0
2860.58 0
2861.22 0
2861.86 0
2862.5 0
2863.14 0
2863.78 0
2864.42 0
2865.06 0
2865.7 0
2866.34 0
2866.98 0
2867.62 0
2868.26 0
2868.9 0
2869.54 0
2870.18 0
2870.82 0
2871.46 0
2872.1 0
2872.74 0
2873.38 0
2874.02 0
2874.66 0
2875.3 0
2875.94 0
2876.58 0
2877.22 0
2877.86 0
2878.5 0
2879.14 0
2879.78 0
2880.42 0
2881.06 0
2881.7 0
2882.34 0
2882.98 0
2883.62 0
2884.26 0
2884.9 0
2885.54 0
2886.18 0
2886.82 0
2887.46 0
2888.1 0
2888.74 0
2889.38 0
2890.02 0
2890.66 0
2891.3 0
2891.94 0
2892.58 0
2893.22 0
2893.86 0
2894.5 0
2895.14 0
2895.78 0
2896.42 0
2897.06 0
2897.7 0
2898.34 0
2898.98 0
2899.62 0
2900.26 0
2900.9 0
2901.54 0
2902.18 0
2902.82 0
2903.46 0
2904.1 0
2904.74 0
2905.38 0
2906.02 0
2906.66 0
2907.3 0
2907.94 0
2908.58 0
2909.22 0
2909.86 0
2910.5 0
2911.14 0
2911.78 0
2912.42 0
2913.06 0
2913.7 0
2914.34 0
2914.98 0
2915.62 0
2916.26 0
2916.9 0
2917.54 0
2918.18 0
2918.82 0
2919.46 0
2920.1 0
2920.74 0
2921.38 0
2922.02 0
2922.66 0
2923.3 0
2923.94 0
2924.58 0
2925.21 0
2925.85 0
2926.49 0
2927.13 0
2927.77 0
2928.41 0
2929.05 0
2929.69 0
2930.33 0
2930.97 0
2931.61 0
2932.25 0
2932.89 0
2933.53 0
2934.17 0
2934.81 0
2935.45 0
2936.09 0
2936.73 0
2937.37 0
2938.01 0
2938.65 0
2939.29 0
2939.93 0
2940.57 0
2941.21 0
2941.85 0
2942.49 0
2943.13 0
2943.77 0
2944.41 0
2945.05 0
2945.69 0
2946.33 0
2946.97 0
2947.61 0
2948.25 0
2948.89 0
2949.53 0
2950.17 0
2950.81 0
2951.45 0
2952.09 0
2952.73 0
2953.37 0
2954.01 0
2954.65 0
2955.29 0
2955.93 0
2956.57 0
2957.21 0
2957.85 0
2958.49 0
2959.13 0
2959.77 0
2960.41 0
2961.05 0
2961.69 0
2962.33 0
2962.97 0
2963.61 0
2964.25 0
2964.89 0
2965.53 0
2966.17 0
2966.81 0
2967.45 0
2968.09 0
2968.73 0
2969.37 0
2970.01 0
2970.65 0
2971.29 0
2971.93 0
2972.57 0
2973.21 0
2973.85 0
2974.49 0
2975.13 0
2975.77 0
2976.41 0
2977.05 0
2977.69 0
2978.33 0
2978.97 0
2979.61 0
2980.25 0
2980.88 0
2981.52 0
2982.16 0
2982.8 0
2983.44 0
2984.08 0
2984.72 0
2985.36 0
2986 0
2986.64 0
2987.28 0
2987.92 0
2988.56 0
2989.2 0
2989.84 0
2990.48 0
2991.12 0
2991.76 0
2992.4 0
2993.04 0
2993.68 0
2994.32 0
2994.96 0
2995.6 0
2996.24 0
2996.88 0
2997.52 0
2998.16 0
2998.8 0
2999.44 0
3000.08 0
3000.72 0
3001.36 0
3002 0
3002.64 0
3003.28 0
3003.92 0
3004.56 0
3005.2 0
3005.84 0
3006.48 0
3007.12 0
3007.76 0
3008.4 0
3009.04 0
3009.68 0
3010.32 0
3010.96 0
3011.6 0
3012.24 0
3012.88 0
3013.52 0
3014.16 0
3014.8 0
3015.44 0
3016.08 0
3016.72 0
3017.36 0
3018 0
3018.64 0
3019.28 0
3019.92 0
3020.56 0
3021.2 0
3021.84 0
3022.48 0
3023.12 0
3023.76 0
3024.4 0
3025.03 0
3025.67 0
3026.31 0
3026.95 0
3027.59 0
3028.23 0
3028.87 0
3029.51 0
3030.15 0
3030.79 0
3031.43 0
3032.07 0
3032.71 0
3033.35 0
3033.99 0
3034.63 0
3035.27 0
3035.91 0
3036.55 0
3037.19 0
3037.83 0
3038.47 0
3039.11 0
3039.75 0
3040.39 0
3041.03 0
3041.67 0
3042.31 0
3042.95 0
3043.59 0
3044.23 0
3044.87 0
3045.51 0
3046.15 0
3046.79 0
3047.43 0
3048.07 0
3048.71 0
3049.35 0
3049.99 0
3050.63 0
3051.27 0
3051.91 0
3052.55 0
3053.19 0
3053.83 0
3054.47 0
3055.11 0
3055.75 0
3056.39 0
3057.03 0
3057.67 0
3058.31 0
3058.95 0
3059.59 0
3060.23 0
3060.87 0
3061.51 0
3062.14 0
3062.78 0
3063.42 0
3064.06 0
3064.7 0
3065.34 0
3065.98 0
3066.62 0
3067.26 0
3067.9 0
3068.54 0
3069.18 0
3069.82 0
3070.46 0
3071.1 0
3071.74 0
3072.38 0
3073.02 0
3073.66 0
3074.3 0
3074.94 0
3075.58 0
3076.22 0
3076.86 0
3077.5 0
3078.14 0
3078.78 0
3079.42 0
3080.06 0
3080.7 0
3081.34 0
3081.98 0
3082.62 0
3083.26 0
3083.9 0
3084.54 0
3085.18 0
3085.82 0
3086.46 0
3087.1 0
3087.74 0
3088.38 0
3089.02 0
3089.66 0
3090.3 0
3090.94 0
3091.58 0
3092.22 0
3092.86 0
3093.5 0
3094.14 0
3094.78 0
3095.41 0
3096.05 0
3096.69 0
3097.33 0
3097.97 0
3098.61 0
3099.25 0
3099.89 0
3100.53 0
3101.17 0
3101.81 0
3102.45 0
3103.09 0
3103.73 0
3104.37 0
3105.01 0
3105.65 0
3106.29 0
3106.93 0
3107.57 0
3108.21 0
3108.85 0
3109.49 0
3110.13 0
3110.77 0
3111.41 0
3112.05 0
3112.69 0
3113.33 0
3113.97 0
3114.61 0
3115.25 0
3115.89 0
3116.53 0
3117.17 0
3117.81 0
3118.45 0
3119.09 0
3119.73 0
3120.37 0
3121.01 0
3121.65 0
3122.29 0
3122.93 0
3123.57 0
3124.21 0
3124.85 0
3125.48 0
3126.12 0
3126.76 0
3127.4 0
3128.04 0
3128.68 0
3129.32 0
3129.96 0
3130.6 0
3131.24 0
3131.88 0
3132.52 0
3133.16 0
3133.8 0
3134.44 0
3135.08 0
3135.72 0
3136.36 0
3137 0
3137.64 0
3138.28 0
3138.92 0
3139.56 0
3140.2 0
3140.84 0
3141.48 0
3142.12 0
3142.76 0
3143.4 0
3144.04 0
3144.68 0
3145.32 0
3145.96 0
3146.6 0
3147.24 0
3147.88 0
3148.52 0
3149.16 0
3149.8 0
3150.44 0
3151.08 0
3151.72 0
3152.36 0
3153 0
3153.63 0
3154.27 0
3154.91 0
3155.55 0
3156.19 0
3156.83 0
3157.47 0
3158.11 0
3158.75 0
3159.39 0
3160.03 0
3160.67 0
3161.31 0
3161.95 0
3162.59 0
3163.23 0
3163.87 0
3164.51 0
3165.15 0
3165.79 0
3166.43 0
3167.07 0
3167.71 0
3168.35 0
3168.99 0
3169.63 0
3170.27 0
3170.91 0
3171.55 0
3172.19 0
3172.83 0
3173.47 0
3174.11 0
3174.75 0
3175.39 0
3176.03 0
3176.67 0
3177.31 0
3177.95 0
3178.59 0
3179.22 0
3179.86 0
3180.5 0
3181.14 0
3181.78 0
3182.42 0
3183.06 0
3183.7 0
3184.34 0
3184.98 0
3185.62 0
3186.26 0
3186.9 0
3187.54 0
3188.18 0
3188.82 0
3189.46 0
3190.1 0
3190.74 0
3191.38 0
3192.02 0
3192.66 0
3193.3 0
3193.94 0
3194.58 0
3195.22 0
3195.86 0
3196.5 0
3197.14 0
3197.78 0
3198.42 0
3199.06 0
3199.7 0
3200.34 0
